000 (220832.000.000) 07/31 06:49:20 Job submitted from host: <131.225.189.232:9618?addrs=131.225.189.232-9618&noUDP&sock=8982_aaf4_3>
...
001 (220832.000.000) 07/31 06:49:41 Job executing on host: <131.225.205.184:3858?addrs=131.225.205.184-3858>
...
006 (220832.000.000) 07/31 06:49:50 Image size of job updated: 2
	3  -  MemoryUsage of job (MB)
	2424  -  ResidentSetSize of job (KB)
...
006 (220832.000.000) 07/31 06:50:51 Image size of job updated: 447524
	70  -  MemoryUsage of job (MB)
	71348  -  ResidentSetSize of job (KB)
...
005 (220832.000.000) 07/31 06:51:01 Job terminated.
	(1) Normal termination (return value 90)
		Usr 0 00:00:00, Sys 0 00:00:23  -  Run Remote Usage
		Usr 0 00:00:00, Sys 0 00:00:00  -  Run Local Usage
		Usr 0 00:00:00, Sys 0 00:00:23  -  Total Remote Usage
		Usr 0 00:00:00, Sys 0 00:00:00  -  Total Local Usage
	9114  -  Run Bytes Sent By Job
	8930  -  Run Bytes Received By Job
	9114  -  Total Bytes Sent By Job
	8930  -  Total Bytes Received By Job
	Partitionable Resources :    Usage  Request Allocated
	   Cpus                 :                 1         1
	   Disk (KB)            :  6753290 10000000  17140862
	   Memory (MB)          :       70     2100      2100
...
000 (221394.000.000) 07/31 07:07:47 Job submitted from host: <131.225.189.232:9618?addrs=131.225.189.232-9618&noUDP&sock=8982_aaf4_3>
...
001 (221394.000.000) 07/31 07:08:21 Job executing on host: <131.225.191.75:41644?addrs=131.225.191.75-41644>
...
006 (221394.000.000) 07/31 07:08:30 Image size of job updated: 2
	3  -  MemoryUsage of job (MB)
	2424  -  ResidentSetSize of job (KB)
...
006 (221394.000.000) 07/31 07:09:32 Image size of job updated: 447524
	71  -  MemoryUsage of job (MB)
	72344  -  ResidentSetSize of job (KB)
...
005 (221394.000.000) 07/31 07:10:28 Job terminated.
	(1) Normal termination (return value 90)
		Usr 0 00:00:00, Sys 0 00:00:22  -  Run Remote Usage
		Usr 0 00:00:00, Sys 0 00:00:00  -  Run Local Usage
		Usr 0 00:00:00, Sys 0 00:00:22  -  Total Remote Usage
		Usr 0 00:00:00, Sys 0 00:00:00  -  Total Local Usage
	12105  -  Run Bytes Sent By Job
	8930  -  Run Bytes Received By Job
	12105  -  Total Bytes Sent By Job
	8930  -  Total Bytes Received By Job
	Partitionable Resources :    Usage  Request Allocated
	   Cpus                 :                 1         1
	   Disk (KB)            :  4239465 10000000  15764490
	   Memory (MB)          :       71     2100      2100
...
000 (221949.000.000) 07/31 07:12:28 Job submitted from host: <131.225.189.232:9618?addrs=131.225.189.232-9618&noUDP&sock=8982_aaf4_3>
...
001 (221949.000.000) 07/31 07:13:25 Job executing on host: <131.225.207.166:17202?addrs=131.225.207.166-17202>
...
006 (221949.000.000) 07/31 07:13:34 Image size of job updated: 447524
	51  -  MemoryUsage of job (MB)
	51264  -  ResidentSetSize of job (KB)
...
006 (221949.000.000) 07/31 07:14:35 Image size of job updated: 447524
	69  -  MemoryUsage of job (MB)
	70280  -  ResidentSetSize of job (KB)
...
006 (221949.000.000) 07/31 07:15:37 Image size of job updated: 447524
	69  -  MemoryUsage of job (MB)
	70316  -  ResidentSetSize of job (KB)
...
006 (221949.000.000) 07/31 07:18:37 Image size of job updated: 775088
	482  -  MemoryUsage of job (MB)
	493156  -  ResidentSetSize of job (KB)
...
005 (221949.000.000) 07/31 07:18:51 Job terminated.
	(1) Normal termination (return value 65)
		Usr 0 00:00:13, Sys 0 00:00:19  -  Run Remote Usage
		Usr 0 00:00:00, Sys 0 00:00:00  -  Run Local Usage
		Usr 0 00:00:13, Sys 0 00:00:19  -  Total Remote Usage
		Usr 0 00:00:00, Sys 0 00:00:00  -  Total Local Usage
	22753  -  Run Bytes Sent By Job
	8930  -  Run Bytes Received By Job
	22753  -  Total Bytes Sent By Job
	8930  -  Total Bytes Received By Job
	Partitionable Resources :    Usage  Request Allocated
	   Cpus                 :                 1         1
	   Disk (KB)            :  7522544 10000000  10037424
	   Memory (MB)          :      482     2100      2100
...
000 (222511.000.000) 07/31 08:32:51 Job submitted from host: <131.225.189.232:9618?addrs=131.225.189.232-9618&noUDP&sock=8982_aaf4_3>
...
001 (222511.000.000) 07/31 08:33:52 Job executing on host: <131.225.205.195:58304?addrs=131.225.205.195-58304>
...
006 (222511.000.000) 07/31 08:34:01 Image size of job updated: 447524
	71  -  MemoryUsage of job (MB)
	72340  -  ResidentSetSize of job (KB)
...
006 (222511.000.000) 07/31 08:36:03 Image size of job updated: 457492
	232  -  MemoryUsage of job (MB)
	237304  -  ResidentSetSize of job (KB)
...
006 (222511.000.000) 07/31 08:36:21 Image size of job updated: 774328
	232  -  MemoryUsage of job (MB)
	237304  -  ResidentSetSize of job (KB)
...
005 (222511.000.000) 07/31 08:36:22 Job terminated.
	(1) Normal termination (return value 65)
		Usr 0 00:00:16, Sys 0 00:00:23  -  Run Remote Usage
		Usr 0 00:00:00, Sys 0 00:00:00  -  Run Local Usage
		Usr 0 00:00:16, Sys 0 00:00:23  -  Total Remote Usage
		Usr 0 00:00:00, Sys 0 00:00:00  -  Total Local Usage
	13483  -  Run Bytes Sent By Job
	8930  -  Run Bytes Received By Job
	13483  -  Total Bytes Sent By Job
	8930  -  Total Bytes Received By Job
	Partitionable Resources :    Usage  Request Allocated
	   Cpus                 :                 1         1
	   Disk (KB)            :  7525402 10000000  17108060
	   Memory (MB)          :      232     2100      2100
...
000 (223066.000.000) 07/31 08:49:57 Job submitted from host: <131.225.189.232:9618?addrs=131.225.189.232-9618&noUDP&sock=8982_aaf4_3>
...
001 (223066.000.000) 07/31 08:50:58 Job executing on host: <131.225.190.15:35961?addrs=131.225.190.15-35961>
...
006 (223066.000.000) 07/31 08:51:07 Image size of job updated: 447524
	71  -  MemoryUsage of job (MB)
	72344  -  ResidentSetSize of job (KB)
...
006 (223066.000.000) 07/31 08:53:54 Image size of job updated: 775088
	71  -  MemoryUsage of job (MB)
	72344  -  ResidentSetSize of job (KB)
...
005 (223066.000.000) 07/31 08:53:55 Job terminated.
	(1) Normal termination (return value 65)
		Usr 0 00:00:15, Sys 0 00:00:22  -  Run Remote Usage
		Usr 0 00:00:00, Sys 0 00:00:00  -  Run Local Usage
		Usr 0 00:00:15, Sys 0 00:00:22  -  Total Remote Usage
		Usr 0 00:00:00, Sys 0 00:00:00  -  Total Local Usage
	15921  -  Run Bytes Sent By Job
	44439  -  Run Bytes Received By Job
	15921  -  Total Bytes Sent By Job
	44439  -  Total Bytes Received By Job
	Partitionable Resources :    Usage  Request Allocated
	   Cpus                 :                 1         1
	   Disk (KB)            :  6420655 10000000  15966770
	   Memory (MB)          :       71     2100      2100
...
000 (223621.000.000) 07/31 09:06:25 Job submitted from host: <131.225.189.232:9618?addrs=131.225.189.232-9618&noUDP&sock=8982_aaf4_3>
...
