000 (220509.000.000) 07/31 06:48:11 Job submitted from host: <131.225.189.232:9618?addrs=131.225.189.232-9618&noUDP&sock=8982_aaf4_3>
...
001 (220509.000.000) 07/31 06:48:27 Job executing on host: <131.225.204.115:58366?addrs=131.225.204.115-58366>
...
006 (220509.000.000) 07/31 06:48:36 Image size of job updated: 132824
	10  -  MemoryUsage of job (MB)
	9852  -  ResidentSetSize of job (KB)
...
006 (220509.000.000) 07/31 06:49:37 Image size of job updated: 447524
	71  -  MemoryUsage of job (MB)
	72352  -  ResidentSetSize of job (KB)
...
005 (220509.000.000) 07/31 06:51:31 Job terminated.
	(1) Normal termination (return value 90)
		Usr 0 00:00:01, Sys 0 00:00:19  -  Run Remote Usage
		Usr 0 00:00:00, Sys 0 00:00:00  -  Run Local Usage
		Usr 0 00:00:01, Sys 0 00:00:19  -  Total Remote Usage
		Usr 0 00:00:00, Sys 0 00:00:00  -  Total Local Usage
	17993  -  Run Bytes Sent By Job
	8930  -  Run Bytes Received By Job
	17993  -  Total Bytes Sent By Job
	8930  -  Total Bytes Received By Job
	Partitionable Resources :    Usage  Request Allocated
	   Cpus                 :                 1         1
	   Disk (KB)            :  5540879 10000000  10305228
	   Memory (MB)          :       71     2100      2100
...
000 (221071.000.000) 07/31 07:06:50 Job submitted from host: <131.225.189.232:9618?addrs=131.225.189.232-9618&noUDP&sock=8982_aaf4_3>
...
001 (221071.000.000) 07/31 07:07:08 Job executing on host: <131.225.207.59:6775?addrs=131.225.207.59-6775>
...
006 (221071.000.000) 07/31 07:07:17 Image size of job updated: 447524
	71  -  MemoryUsage of job (MB)
	72348  -  ResidentSetSize of job (KB)
...
005 (221071.000.000) 07/31 07:11:05 Job terminated.
	(1) Normal termination (return value 90)
		Usr 0 00:00:02, Sys 0 00:00:14  -  Run Remote Usage
		Usr 0 00:00:00, Sys 0 00:00:00  -  Run Local Usage
		Usr 0 00:00:02, Sys 0 00:00:14  -  Total Remote Usage
		Usr 0 00:00:00, Sys 0 00:00:00  -  Total Local Usage
	16450  -  Run Bytes Sent By Job
	8930  -  Run Bytes Received By Job
	16450  -  Total Bytes Sent By Job
	8930  -  Total Bytes Received By Job
	Partitionable Resources :    Usage  Request Allocated
	   Cpus                 :                 1         1
	   Disk (KB)            :  5681262 10000000  10690227
	   Memory (MB)          :       71     2100      2100
...
000 (221626.000.000) 07/31 07:11:32 Job submitted from host: <131.225.189.232:9618?addrs=131.225.189.232-9618&noUDP&sock=8982_aaf4_3>
...
001 (221626.000.000) 07/31 07:11:45 Job executing on host: <131.225.207.37:52953?addrs=131.225.207.37-52953>
...
006 (221626.000.000) 07/31 07:11:53 Image size of job updated: 2
	3  -  MemoryUsage of job (MB)
	2424  -  ResidentSetSize of job (KB)
...
006 (221626.000.000) 07/31 07:12:53 Image size of job updated: 447524
	71  -  MemoryUsage of job (MB)
	72340  -  ResidentSetSize of job (KB)
...
006 (221626.000.000) 07/31 07:16:54 Image size of job updated: 475684
	246  -  MemoryUsage of job (MB)
	251076  -  ResidentSetSize of job (KB)
...
006 (221626.000.000) 07/31 07:17:13 Image size of job updated: 765360
	246  -  MemoryUsage of job (MB)
	251076  -  ResidentSetSize of job (KB)
...
005 (221626.000.000) 07/31 07:17:14 Job terminated.
	(1) Normal termination (return value 65)
		Usr 0 00:00:11, Sys 0 00:00:19  -  Run Remote Usage
		Usr 0 00:00:00, Sys 0 00:00:00  -  Run Local Usage
		Usr 0 00:00:11, Sys 0 00:00:19  -  Total Remote Usage
		Usr 0 00:00:00, Sys 0 00:00:00  -  Total Local Usage
	28893  -  Run Bytes Sent By Job
	8930  -  Run Bytes Received By Job
	28893  -  Total Bytes Sent By Job
	8930  -  Total Bytes Received By Job
	Partitionable Resources :    Usage  Request Allocated
	   Cpus                 :                 1         1
	   Disk (KB)            :  6501560 10000000  10462410
	   Memory (MB)          :      246     2100      2100
...
