000 (220823.000.000) 07/31 06:49:18 Job submitted from host: <131.225.189.232:9618?addrs=131.225.189.232-9618&noUDP&sock=8982_aaf4_3>
...
001 (220823.000.000) 07/31 06:49:41 Job executing on host: <131.225.204.66:53648?addrs=131.225.204.66-53648>
...
006 (220823.000.000) 07/31 06:49:50 Image size of job updated: 447536
	13  -  MemoryUsage of job (MB)
	12956  -  ResidentSetSize of job (KB)
...
006 (220823.000.000) 07/31 06:50:51 Image size of job updated: 447536
	71  -  MemoryUsage of job (MB)
	72348  -  ResidentSetSize of job (KB)
...
005 (220823.000.000) 07/31 06:55:22 Job terminated.
	(1) Normal termination (return value 90)
		Usr 0 00:00:01, Sys 0 00:00:22  -  Run Remote Usage
		Usr 0 00:00:00, Sys 0 00:00:00  -  Run Local Usage
		Usr 0 00:00:01, Sys 0 00:00:22  -  Total Remote Usage
		Usr 0 00:00:00, Sys 0 00:00:00  -  Total Local Usage
	23746  -  Run Bytes Sent By Job
	8930  -  Run Bytes Received By Job
	23746  -  Total Bytes Sent By Job
	8930  -  Total Bytes Received By Job
	Partitionable Resources :    Usage  Request Allocated
	   Cpus                 :                 1         1
	   Disk (KB)            :  4606999 10000000  10258089
	   Memory (MB)          :       71     2100      2100
...
000 (221385.000.000) 07/31 07:07:45 Job submitted from host: <131.225.189.232:9618?addrs=131.225.189.232-9618&noUDP&sock=8982_aaf4_3>
...
001 (221385.000.000) 07/31 07:08:20 Job executing on host: <131.225.191.77:32337?addrs=131.225.191.77-32337>
...
006 (221385.000.000) 07/31 07:08:29 Image size of job updated: 2
	3  -  MemoryUsage of job (MB)
	2436  -  ResidentSetSize of job (KB)
...
006 (221385.000.000) 07/31 07:09:30 Image size of job updated: 447524
	69  -  MemoryUsage of job (MB)
	70196  -  ResidentSetSize of job (KB)
...
006 (221385.000.000) 07/31 07:10:31 Image size of job updated: 447524
	69  -  MemoryUsage of job (MB)
	70320  -  ResidentSetSize of job (KB)
...
000 (221940.000.000) 07/31 07:12:26 Job submitted from host: <131.225.189.232:9618?addrs=131.225.189.232-9618&noUDP&sock=8982_aaf4_3>
...
005 (221385.000.000) 07/31 07:12:42 Job terminated.
	(1) Normal termination (return value 90)
		Usr 0 00:00:01, Sys 0 00:00:29  -  Run Remote Usage
		Usr 0 00:00:00, Sys 0 00:00:00  -  Run Local Usage
		Usr 0 00:00:01, Sys 0 00:00:29  -  Total Remote Usage
		Usr 0 00:00:00, Sys 0 00:00:00  -  Total Local Usage
	17277  -  Run Bytes Sent By Job
	8930  -  Run Bytes Received By Job
	17277  -  Total Bytes Sent By Job
	8930  -  Total Bytes Received By Job
	Partitionable Resources :    Usage  Request Allocated
	   Cpus                 :                 1         1
	   Disk (KB)            :  4993135 10000000  15206412
	   Memory (MB)          :       69     2100      2100
...
001 (221940.000.000) 07/31 07:13:20 Job executing on host: <131.225.204.41:44778?addrs=131.225.204.41-44778>
...
006 (221940.000.000) 07/31 07:13:29 Image size of job updated: 2
	3  -  MemoryUsage of job (MB)
	2424  -  ResidentSetSize of job (KB)
...
006 (221940.000.000) 07/31 07:14:31 Image size of job updated: 447524
	71  -  MemoryUsage of job (MB)
	72348  -  ResidentSetSize of job (KB)
...
006 (221940.000.000) 07/31 07:18:08 Image size of job updated: 772784
	71  -  MemoryUsage of job (MB)
	72348  -  ResidentSetSize of job (KB)
...
005 (221940.000.000) 07/31 07:18:09 Job terminated.
	(1) Normal termination (return value 65)
		Usr 0 00:00:11, Sys 0 00:00:17  -  Run Remote Usage
		Usr 0 00:00:00, Sys 0 00:00:00  -  Run Local Usage
		Usr 0 00:00:11, Sys 0 00:00:17  -  Total Remote Usage
		Usr 0 00:00:00, Sys 0 00:00:00  -  Total Local Usage
	25145  -  Run Bytes Sent By Job
	8930  -  Run Bytes Received By Job
	25145  -  Total Bytes Sent By Job
	8930  -  Total Bytes Received By Job
	Partitionable Resources :    Usage  Request Allocated
	   Cpus                 :                 1         1
	   Disk (KB)            :  5893670 10000000  10514673
	   Memory (MB)          :       71     2100      2100
...
000 (222502.000.000) 07/31 08:32:51 Job submitted from host: <131.225.189.232:9618?addrs=131.225.189.232-9618&noUDP&sock=8982_aaf4_3>
...
001 (222502.000.000) 07/31 08:33:50 Job executing on host: <131.225.191.80:57423?addrs=131.225.191.80-57423>
...
006 (222502.000.000) 07/31 08:33:58 Image size of job updated: 447524
	71  -  MemoryUsage of job (MB)
	72348  -  ResidentSetSize of job (KB)
...
006 (222502.000.000) 07/31 08:35:31 Image size of job updated: 772784
	71  -  MemoryUsage of job (MB)
	72348  -  ResidentSetSize of job (KB)
...
005 (222502.000.000) 07/31 08:35:31 Job terminated.
	(1) Normal termination (return value 65)
		Usr 0 00:00:14, Sys 0 00:00:17  -  Run Remote Usage
		Usr 0 00:00:00, Sys 0 00:00:00  -  Run Local Usage
		Usr 0 00:00:14, Sys 0 00:00:17  -  Total Remote Usage
		Usr 0 00:00:00, Sys 0 00:00:00  -  Total Local Usage
	9483  -  Run Bytes Sent By Job
	8930  -  Run Bytes Received By Job
	9483  -  Total Bytes Sent By Job
	8930  -  Total Bytes Received By Job
	Partitionable Resources :    Usage  Request Allocated
	   Cpus                 :                 1         1
	   Disk (KB)            :  6310952 10000000  15664714
	   Memory (MB)          :       71     2100      2100
...
000 (223057.000.000) 07/31 08:49:56 Job submitted from host: <131.225.189.232:9618?addrs=131.225.189.232-9618&noUDP&sock=8982_aaf4_3>
...
001 (223057.000.000) 07/31 08:50:58 Job executing on host: <131.225.205.185:8593?addrs=131.225.205.185-8593>
...
006 (223057.000.000) 07/31 08:51:06 Image size of job updated: 2
	3  -  MemoryUsage of job (MB)
	2424  -  ResidentSetSize of job (KB)
...
006 (223057.000.000) 07/31 08:52:06 Image size of job updated: 447524
	70  -  MemoryUsage of job (MB)
	71360  -  ResidentSetSize of job (KB)
...
006 (223057.000.000) 07/31 08:52:55 Image size of job updated: 591128
	70  -  MemoryUsage of job (MB)
	71360  -  ResidentSetSize of job (KB)
...
005 (223057.000.000) 07/31 08:52:57 Job terminated.
	(1) Normal termination (return value 65)
		Usr 0 00:00:08, Sys 0 00:00:18  -  Run Remote Usage
		Usr 0 00:00:00, Sys 0 00:00:00  -  Run Local Usage
		Usr 0 00:00:08, Sys 0 00:00:18  -  Total Remote Usage
		Usr 0 00:00:00, Sys 0 00:00:00  -  Total Local Usage
	9826  -  Run Bytes Sent By Job
	44439  -  Run Bytes Received By Job
	9826  -  Total Bytes Sent By Job
	44439  -  Total Bytes Received By Job
	Partitionable Resources :    Usage  Request Allocated
	   Cpus                 :                 1         1
	   Disk (KB)            :  5732522 10000000  17148994
	   Memory (MB)          :       70     2100      2100
...
000 (223612.000.000) 07/31 09:06:25 Job submitted from host: <131.225.189.232:9618?addrs=131.225.189.232-9618&noUDP&sock=8982_aaf4_3>
...
