000 (220701.000.000) 07/31 06:48:51 Job submitted from host: <131.225.189.232:9618?addrs=131.225.189.232-9618&noUDP&sock=8982_aaf4_3>
...
001 (220701.000.000) 07/31 06:49:13 Job executing on host: <131.225.204.104:14817?addrs=131.225.204.104-14817>
...
006 (220701.000.000) 07/31 06:49:22 Image size of job updated: 447524
	70  -  MemoryUsage of job (MB)
	71352  -  ResidentSetSize of job (KB)
...
005 (220701.000.000) 07/31 06:51:38 Job terminated.
	(1) Normal termination (return value 90)
		Usr 0 00:00:00, Sys 0 00:00:10  -  Run Remote Usage
		Usr 0 00:00:00, Sys 0 00:00:00  -  Run Local Usage
		Usr 0 00:00:00, Sys 0 00:00:10  -  Total Remote Usage
		Usr 0 00:00:00, Sys 0 00:00:00  -  Total Local Usage
	14333  -  Run Bytes Sent By Job
	8930  -  Run Bytes Received By Job
	14333  -  Total Bytes Sent By Job
	8930  -  Total Bytes Received By Job
	Partitionable Resources :    Usage  Request Allocated
	   Cpus                 :                 1         1
	   Disk (KB)            :  3476495 10000000  10381533
	   Memory (MB)          :       70     2100      2100
...
000 (221263.000.000) 07/31 07:07:23 Job submitted from host: <131.225.189.232:9618?addrs=131.225.189.232-9618&noUDP&sock=8982_aaf4_3>
...
001 (221263.000.000) 07/31 07:07:56 Job executing on host: <131.225.207.57:53683?addrs=131.225.207.57-53683>
...
006 (221263.000.000) 07/31 07:08:05 Image size of job updated: 2
	3  -  MemoryUsage of job (MB)
	2424  -  ResidentSetSize of job (KB)
...
006 (221263.000.000) 07/31 07:09:06 Image size of job updated: 447524
	69  -  MemoryUsage of job (MB)
	70288  -  ResidentSetSize of job (KB)
...
005 (221263.000.000) 07/31 07:10:48 Job terminated.
	(1) Normal termination (return value 90)
		Usr 0 00:00:01, Sys 0 00:00:11  -  Run Remote Usage
		Usr 0 00:00:00, Sys 0 00:00:00  -  Run Local Usage
		Usr 0 00:00:01, Sys 0 00:00:11  -  Total Remote Usage
		Usr 0 00:00:00, Sys 0 00:00:00  -  Total Local Usage
	16626  -  Run Bytes Sent By Job
	8930  -  Run Bytes Received By Job
	16626  -  Total Bytes Sent By Job
	8930  -  Total Bytes Received By Job
	Partitionable Resources :    Usage  Request Allocated
	   Cpus                 :                 1         1
	   Disk (KB)            :  2846830 10000000  10493853
	   Memory (MB)          :       69     2100      2100
...
000 (221818.000.000) 07/31 07:12:05 Job submitted from host: <131.225.189.232:9618?addrs=131.225.189.232-9618&noUDP&sock=8982_aaf4_3>
...
001 (221818.000.000) 07/31 07:12:11 Job executing on host: <131.225.204.46:13066?addrs=131.225.204.46-13066>
...
006 (221818.000.000) 07/31 07:12:19 Image size of job updated: 40612
	4  -  MemoryUsage of job (MB)
	3644  -  ResidentSetSize of job (KB)
...
006 (221818.000.000) 07/31 07:13:19 Image size of job updated: 447524
	71  -  MemoryUsage of job (MB)
	72352  -  ResidentSetSize of job (KB)
...
006 (221818.000.000) 07/31 07:17:05 Image size of job updated: 665004
	383  -  MemoryUsage of job (MB)
	391544  -  ResidentSetSize of job (KB)
...
005 (221818.000.000) 07/31 07:17:05 Job terminated.
	(1) Normal termination (return value 65)
		Usr 0 00:00:08, Sys 0 00:00:14  -  Run Remote Usage
		Usr 0 00:00:00, Sys 0 00:00:00  -  Run Local Usage
		Usr 0 00:00:08, Sys 0 00:00:14  -  Total Remote Usage
		Usr 0 00:00:00, Sys 0 00:00:00  -  Total Local Usage
	18764  -  Run Bytes Sent By Job
	8930  -  Run Bytes Received By Job
	18764  -  Total Bytes Sent By Job
	8930  -  Total Bytes Received By Job
	Partitionable Resources :    Usage  Request Allocated
	   Cpus                 :                 1         1
	   Disk (KB)            :  3808108 10000000  10395555
	   Memory (MB)          :      383     2100      2100
...
