000 (220986.000.000) 07/31 06:49:52 Job submitted from host: <131.225.189.232:9618?addrs=131.225.189.232-9618&noUDP&sock=8982_aaf4_3>
...
001 (220986.000.000) 07/31 06:50:56 Job executing on host: <131.225.205.158:33719?addrs=131.225.205.158-33719>
...
006 (220986.000.000) 07/31 06:51:05 Image size of job updated: 68556
	8  -  MemoryUsage of job (MB)
	7344  -  ResidentSetSize of job (KB)
...
006 (220986.000.000) 07/31 06:52:06 Image size of job updated: 447524
	69  -  MemoryUsage of job (MB)
	70312  -  ResidentSetSize of job (KB)
...
006 (220986.000.000) 07/31 06:53:06 Image size of job updated: 447524
	69  -  MemoryUsage of job (MB)
	70408  -  ResidentSetSize of job (KB)
...
006 (220986.000.000) 07/31 06:54:06 Image size of job updated: 447524
	69  -  MemoryUsage of job (MB)
	70416  -  ResidentSetSize of job (KB)
...
005 (220986.000.000) 07/31 06:54:31 Job terminated.
	(1) Normal termination (return value 90)
		Usr 0 00:00:01, Sys 0 00:00:26  -  Run Remote Usage
		Usr 0 00:00:00, Sys 0 00:00:00  -  Run Local Usage
		Usr 0 00:00:01, Sys 0 00:00:26  -  Total Remote Usage
		Usr 0 00:00:00, Sys 0 00:00:00  -  Total Local Usage
	20034  -  Run Bytes Sent By Job
	8930  -  Run Bytes Received By Job
	20034  -  Total Bytes Sent By Job
	8930  -  Total Bytes Received By Job
	Partitionable Resources :    Usage  Request Allocated
	   Cpus                 :                 1         1
	   Disk (KB)            :  6016020 10000000  17082242
	   Memory (MB)          :       69     2100      2100
...
000 (221548.000.000) 07/31 07:08:14 Job submitted from host: <131.225.189.232:9618?addrs=131.225.189.232-9618&noUDP&sock=8982_aaf4_3>
...
001 (221548.000.000) 07/31 07:09:20 Job executing on host: <131.225.206.162:10328?addrs=131.225.206.162-10328>
...
006 (221548.000.000) 07/31 07:09:28 Image size of job updated: 447524
	71  -  MemoryUsage of job (MB)
	72448  -  ResidentSetSize of job (KB)
...
005 (221548.000.000) 07/31 07:11:02 Job terminated.
	(1) Normal termination (return value 90)
		Usr 0 00:00:02, Sys 0 00:00:13  -  Run Remote Usage
		Usr 0 00:00:00, Sys 0 00:00:00  -  Run Local Usage
		Usr 0 00:00:02, Sys 0 00:00:13  -  Total Remote Usage
		Usr 0 00:00:00, Sys 0 00:00:00  -  Total Local Usage
	8931  -  Run Bytes Sent By Job
	8930  -  Run Bytes Received By Job
	8931  -  Total Bytes Sent By Job
	8930  -  Total Bytes Received By Job
	Partitionable Resources :    Usage  Request Allocated
	   Cpus                 :                 1         1
	   Disk (KB)            :  5992553 10000000  11696624
	   Memory (MB)          :       71     2100      2100
...
000 (222103.000.000) 07/31 07:12:53 Job submitted from host: <131.225.189.232:9618?addrs=131.225.189.232-9618&noUDP&sock=8982_aaf4_3>
...
001 (222103.000.000) 07/31 07:14:37 Job executing on host: <131.225.207.72:54845?addrs=131.225.207.72-54845>
...
006 (222103.000.000) 07/31 07:14:45 Image size of job updated: 2
	3  -  MemoryUsage of job (MB)
	2424  -  ResidentSetSize of job (KB)
...
006 (222103.000.000) 07/31 07:15:45 Image size of job updated: 447524
	70  -  MemoryUsage of job (MB)
	71356  -  ResidentSetSize of job (KB)
...
006 (222103.000.000) 07/31 07:17:31 Image size of job updated: 693688
	70  -  MemoryUsage of job (MB)
	71356  -  ResidentSetSize of job (KB)
...
005 (222103.000.000) 07/31 07:17:32 Job terminated.
	(1) Normal termination (return value 65)
		Usr 0 00:00:10, Sys 0 00:00:13  -  Run Remote Usage
		Usr 0 00:00:00, Sys 0 00:00:00  -  Run Local Usage
		Usr 0 00:00:10, Sys 0 00:00:13  -  Total Remote Usage
		Usr 0 00:00:00, Sys 0 00:00:00  -  Total Local Usage
	14804  -  Run Bytes Sent By Job
	8930  -  Run Bytes Received By Job
	14804  -  Total Bytes Sent By Job
	8930  -  Total Bytes Received By Job
	Partitionable Resources :    Usage  Request Allocated
	   Cpus                 :                 1         1
	   Disk (KB)            :  5500445 10000000  10394565
	   Memory (MB)          :       70     2100      2100
...
000 (222665.000.000) 07/31 08:33:03 Job submitted from host: <131.225.189.232:9618?addrs=131.225.189.232-9618&noUDP&sock=8982_aaf4_3>
...
001 (222665.000.000) 07/31 08:35:03 Job executing on host: <131.225.206.171:9309?addrs=131.225.206.171-9309>
...
006 (222665.000.000) 07/31 08:35:12 Image size of job updated: 2
	3  -  MemoryUsage of job (MB)
	2420  -  ResidentSetSize of job (KB)
...
006 (222665.000.000) 07/31 08:36:13 Image size of job updated: 447524
	70  -  MemoryUsage of job (MB)
	71352  -  ResidentSetSize of job (KB)
...
006 (222665.000.000) 07/31 08:38:20 Image size of job updated: 447524
	165  -  MemoryUsage of job (MB)
	168012  -  ResidentSetSize of job (KB)
...
006 (222665.000.000) 07/31 08:38:35 Image size of job updated: 767664
	165  -  MemoryUsage of job (MB)
	168012  -  ResidentSetSize of job (KB)
...
005 (222665.000.000) 07/31 08:38:36 Job terminated.
	(1) Normal termination (return value 65)
		Usr 0 00:00:11, Sys 0 00:00:17  -  Run Remote Usage
		Usr 0 00:00:00, Sys 0 00:00:00  -  Run Local Usage
		Usr 0 00:00:11, Sys 0 00:00:17  -  Total Remote Usage
		Usr 0 00:00:00, Sys 0 00:00:00  -  Total Local Usage
	18327  -  Run Bytes Sent By Job
	8930  -  Run Bytes Received By Job
	18327  -  Total Bytes Sent By Job
	8930  -  Total Bytes Received By Job
	Partitionable Resources :    Usage  Request Allocated
	   Cpus                 :                 1         1
	   Disk (KB)            :  6666526 10000000  11979816
	   Memory (MB)          :      165     2100      2100
...
