000 (220590.000.000) 07/31 06:48:28 Job submitted from host: <131.225.189.232:9618?addrs=131.225.189.232-9618&noUDP&sock=8982_aaf4_3>
...
001 (220590.000.000) 07/31 06:48:51 Job executing on host: <131.225.204.107:46513?addrs=131.225.204.107-46513>
...
006 (220590.000.000) 07/31 06:49:00 Image size of job updated: 447524
	71  -  MemoryUsage of job (MB)
	72348  -  ResidentSetSize of job (KB)
...
005 (220590.000.000) 07/31 06:50:32 Job terminated.
	(1) Normal termination (return value 90)
		Usr 0 00:00:00, Sys 0 00:00:16  -  Run Remote Usage
		Usr 0 00:00:00, Sys 0 00:00:00  -  Run Local Usage
		Usr 0 00:00:00, Sys 0 00:00:16  -  Total Remote Usage
		Usr 0 00:00:00, Sys 0 00:00:00  -  Total Local Usage
	10971  -  Run Bytes Sent By Job
	8930  -  Run Bytes Received By Job
	10971  -  Total Bytes Sent By Job
	8930  -  Total Bytes Received By Job
	Partitionable Resources :    Usage  Request Allocated
	   Cpus                 :                 1         1
	   Disk (KB)            :  4688906 10000000  10196046
	   Memory (MB)          :       71     2100      2100
...
000 (221152.000.000) 07/31 07:07:04 Job submitted from host: <131.225.189.232:9618?addrs=131.225.189.232-9618&noUDP&sock=8982_aaf4_3>
...
001 (221152.000.000) 07/31 07:07:34 Job executing on host: <131.225.206.201:15028?addrs=131.225.206.201-15028>
...
006 (221152.000.000) 07/31 07:07:43 Image size of job updated: 2
	3  -  MemoryUsage of job (MB)
	2424  -  ResidentSetSize of job (KB)
...
006 (221152.000.000) 07/31 07:08:44 Image size of job updated: 447524
	71  -  MemoryUsage of job (MB)
	72348  -  ResidentSetSize of job (KB)
...
000 (221707.000.000) 07/31 07:11:46 Job submitted from host: <131.225.189.232:9618?addrs=131.225.189.232-9618&noUDP&sock=8982_aaf4_3>
...
001 (221707.000.000) 07/31 07:12:05 Job executing on host: <131.225.206.42:17214?addrs=131.225.206.42-17214>
...
006 (221707.000.000) 07/31 07:12:14 Image size of job updated: 447528
	21  -  MemoryUsage of job (MB)
	21148  -  ResidentSetSize of job (KB)
...
006 (221707.000.000) 07/31 07:13:15 Image size of job updated: 447528
	71  -  MemoryUsage of job (MB)
	72348  -  ResidentSetSize of job (KB)
...
005 (221152.000.000) 07/31 07:13:29 Job terminated.
	(1) Normal termination (return value 90)
		Usr 0 00:00:02, Sys 0 00:00:25  -  Run Remote Usage
		Usr 0 00:00:00, Sys 0 00:00:00  -  Run Local Usage
		Usr 0 00:00:02, Sys 0 00:00:25  -  Total Remote Usage
		Usr 0 00:00:00, Sys 0 00:00:00  -  Total Local Usage
	30730  -  Run Bytes Sent By Job
	8930  -  Run Bytes Received By Job
	30730  -  Total Bytes Sent By Job
	8930  -  Total Bytes Received By Job
	Partitionable Resources :    Usage  Request Allocated
	   Cpus                 :                 1         1
	   Disk (KB)            :  5877884 10000000  11640760
	   Memory (MB)          :       71     2100      2100
...
006 (221707.000.000) 07/31 07:18:18 Image size of job updated: 494564
	264  -  MemoryUsage of job (MB)
	270272  -  ResidentSetSize of job (KB)
...
005 (221707.000.000) 07/31 07:18:22 Job terminated.
	(1) Normal termination (return value 65)
		Usr 0 00:00:05, Sys 0 00:00:15  -  Run Remote Usage
		Usr 0 00:00:00, Sys 0 00:00:00  -  Run Local Usage
		Usr 0 00:00:05, Sys 0 00:00:15  -  Total Remote Usage
		Usr 0 00:00:00, Sys 0 00:00:00  -  Total Local Usage
	29476  -  Run Bytes Sent By Job
	8930  -  Run Bytes Received By Job
	29476  -  Total Bytes Sent By Job
	8930  -  Total Bytes Received By Job
	Partitionable Resources :    Usage  Request Allocated
	   Cpus                 :                 1         1
	   Disk (KB)            :  6480523 10000000  10422390
	   Memory (MB)          :      264     2100      2100
...
000 (222269.000.000) 07/31 08:32:33 Job submitted from host: <131.225.189.232:9618?addrs=131.225.189.232-9618&noUDP&sock=8982_aaf4_3>
...
001 (222269.000.000) 07/31 08:32:57 Job executing on host: <131.225.207.167:1759?addrs=131.225.207.167-1759>
...
006 (222269.000.000) 07/31 08:33:06 Image size of job updated: 447524
	71  -  MemoryUsage of job (MB)
	72352  -  ResidentSetSize of job (KB)
...
006 (222269.000.000) 07/31 08:37:00 Image size of job updated: 595736
	71  -  MemoryUsage of job (MB)
	72352  -  ResidentSetSize of job (KB)
...
005 (222269.000.000) 07/31 08:37:00 Job terminated.
	(1) Normal termination (return value 65)
		Usr 0 00:00:08, Sys 0 00:00:17  -  Run Remote Usage
		Usr 0 00:00:00, Sys 0 00:00:00  -  Run Local Usage
		Usr 0 00:00:08, Sys 0 00:00:17  -  Total Remote Usage
		Usr 0 00:00:00, Sys 0 00:00:00  -  Total Local Usage
	17026  -  Run Bytes Sent By Job
	8930  -  Run Bytes Received By Job
	17026  -  Total Bytes Sent By Job
	8930  -  Total Bytes Received By Job
	Partitionable Resources :    Usage  Request Allocated
	   Cpus                 :                 1         1
	   Disk (KB)            :  6483377 10000000  10585329
	   Memory (MB)          :       71     2100      2100
...
000 (222824.000.000) 07/31 08:49:44 Job submitted from host: <131.225.189.232:9618?addrs=131.225.189.232-9618&noUDP&sock=8982_aaf4_3>
...
001 (222824.000.000) 07/31 08:50:09 Job executing on host: <131.225.206.185:46507?addrs=131.225.206.185-46507>
...
006 (222824.000.000) 07/31 08:50:18 Image size of job updated: 2
	3  -  MemoryUsage of job (MB)
	2424  -  ResidentSetSize of job (KB)
...
006 (222824.000.000) 07/31 08:51:19 Image size of job updated: 447524
	69  -  MemoryUsage of job (MB)
	70320  -  ResidentSetSize of job (KB)
...
006 (222824.000.000) 07/31 08:53:18 Image size of job updated: 770228
	69  -  MemoryUsage of job (MB)
	70320  -  ResidentSetSize of job (KB)
...
005 (222824.000.000) 07/31 08:53:18 Job terminated.
	(1) Normal termination (return value 65)
		Usr 0 00:00:12, Sys 0 00:00:20  -  Run Remote Usage
		Usr 0 00:00:00, Sys 0 00:00:00  -  Run Local Usage
		Usr 0 00:00:12, Sys 0 00:00:20  -  Total Remote Usage
		Usr 0 00:00:00, Sys 0 00:00:00  -  Total Local Usage
	16391  -  Run Bytes Sent By Job
	44439  -  Run Bytes Received By Job
	16391  -  Total Bytes Sent By Job
	44439  -  Total Bytes Received By Job
	Partitionable Resources :    Usage  Request Allocated
	   Cpus                 :                 1         1
	   Disk (KB)            :  5142702 10000000  10646775
	   Memory (MB)          :       69     2100      2100
...
000 (223379.000.000) 07/31 09:06:15 Job submitted from host: <131.225.189.232:9618?addrs=131.225.189.232-9618&noUDP&sock=8982_aaf4_3>
...
