000 (220864.000.000) 07/31 06:49:26 Job submitted from host: <131.225.189.232:9618?addrs=131.225.189.232-9618&noUDP&sock=8982_aaf4_3>
...
001 (220864.000.000) 07/31 06:49:48 Job executing on host: <131.225.191.253:34683?addrs=131.225.191.253-34683>
...
006 (220864.000.000) 07/31 06:49:57 Image size of job updated: 447536
	46  -  MemoryUsage of job (MB)
	46960  -  ResidentSetSize of job (KB)
...
006 (220864.000.000) 07/31 06:50:59 Image size of job updated: 447536
	69  -  MemoryUsage of job (MB)
	70400  -  ResidentSetSize of job (KB)
...
006 (220864.000.000) 07/31 06:51:59 Image size of job updated: 447536
	69  -  MemoryUsage of job (MB)
	70408  -  ResidentSetSize of job (KB)
...
005 (220864.000.000) 07/31 06:53:19 Job terminated.
	(1) Normal termination (return value 90)
		Usr 0 00:00:03, Sys 0 00:00:33  -  Run Remote Usage
		Usr 0 00:00:00, Sys 0 00:00:00  -  Run Local Usage
		Usr 0 00:00:03, Sys 0 00:00:33  -  Total Remote Usage
		Usr 0 00:00:00, Sys 0 00:00:00  -  Total Local Usage
	20454  -  Run Bytes Sent By Job
	8930  -  Run Bytes Received By Job
	20454  -  Total Bytes Sent By Job
	8930  -  Total Bytes Received By Job
	Partitionable Resources :    Usage  Request Allocated
	   Cpus                 :                 1         1
	   Disk (KB)            :  6360085 10000000  15883124
	   Memory (MB)          :       69     2100      2100
...
000 (221426.000.000) 07/31 07:07:52 Job submitted from host: <131.225.189.232:9618?addrs=131.225.189.232-9618&noUDP&sock=8982_aaf4_3>
...
001 (221426.000.000) 07/31 07:08:29 Job executing on host: <131.225.205.163:4274?addrs=131.225.205.163-4274>
...
006 (221426.000.000) 07/31 07:08:37 Image size of job updated: 2
	3  -  MemoryUsage of job (MB)
	2424  -  ResidentSetSize of job (KB)
...
006 (221426.000.000) 07/31 07:09:37 Image size of job updated: 447524
	70  -  MemoryUsage of job (MB)
	71356  -  ResidentSetSize of job (KB)
...
005 (221426.000.000) 07/31 07:09:44 Job terminated.
	(1) Normal termination (return value 90)
		Usr 0 00:00:00, Sys 0 00:00:15  -  Run Remote Usage
		Usr 0 00:00:00, Sys 0 00:00:00  -  Run Local Usage
		Usr 0 00:00:00, Sys 0 00:00:15  -  Total Remote Usage
		Usr 0 00:00:00, Sys 0 00:00:00  -  Total Local Usage
	8660  -  Run Bytes Sent By Job
	8930  -  Run Bytes Received By Job
	8660  -  Total Bytes Sent By Job
	8930  -  Total Bytes Received By Job
	Partitionable Resources :    Usage  Request Allocated
	   Cpus                 :                 1         1
	   Disk (KB)            :  6401681 10000000  17174170
	   Memory (MB)          :       70     2100      2100
...
000 (221981.000.000) 07/31 07:12:33 Job submitted from host: <131.225.189.232:9618?addrs=131.225.189.232-9618&noUDP&sock=8982_aaf4_3>
...
001 (221981.000.000) 07/31 07:13:47 Job executing on host: <131.225.204.65:16439?addrs=131.225.204.65-16439>
...
006 (221981.000.000) 07/31 07:14:03 Image size of job updated: 447524
	71  -  MemoryUsage of job (MB)
	72344  -  ResidentSetSize of job (KB)
...
006 (221981.000.000) 07/31 07:15:07 Image size of job updated: 447524
	86  -  MemoryUsage of job (MB)
	87532  -  ResidentSetSize of job (KB)
...
006 (221981.000.000) 07/31 07:15:36 Image size of job updated: 772788
	86  -  MemoryUsage of job (MB)
	87532  -  ResidentSetSize of job (KB)
...
005 (221981.000.000) 07/31 07:15:37 Job terminated.
	(1) Normal termination (return value 65)
		Usr 0 00:00:10, Sys 0 00:00:17  -  Run Remote Usage
		Usr 0 00:00:00, Sys 0 00:00:00  -  Run Local Usage
		Usr 0 00:00:10, Sys 0 00:00:17  -  Total Remote Usage
		Usr 0 00:00:00, Sys 0 00:00:00  -  Total Local Usage
	9506  -  Run Bytes Sent By Job
	8930  -  Run Bytes Received By Job
	9506  -  Total Bytes Sent By Job
	8930  -  Total Bytes Received By Job
	Partitionable Resources :    Usage  Request Allocated
	   Cpus                 :                 1         1
	   Disk (KB)            :  6781991 10000000  10486305
	   Memory (MB)          :       86     2100      2100
...
000 (222543.000.000) 07/31 08:32:53 Job submitted from host: <131.225.189.232:9618?addrs=131.225.189.232-9618&noUDP&sock=8982_aaf4_3>
...
001 (222543.000.000) 07/31 08:33:48 Job executing on host: <131.225.206.42:17214?addrs=131.225.206.42-17214>
...
006 (222543.000.000) 07/31 08:33:57 Image size of job updated: 2
	3  -  MemoryUsage of job (MB)
	2420  -  ResidentSetSize of job (KB)
...
006 (222543.000.000) 07/31 08:34:58 Image size of job updated: 447524
	69  -  MemoryUsage of job (MB)
	70320  -  ResidentSetSize of job (KB)
...
006 (222543.000.000) 07/31 08:37:43 Image size of job updated: 700596
	69  -  MemoryUsage of job (MB)
	70320  -  ResidentSetSize of job (KB)
...
005 (222543.000.000) 07/31 08:37:44 Job terminated.
	(1) Normal termination (return value 65)
		Usr 0 00:00:08, Sys 0 00:00:18  -  Run Remote Usage
		Usr 0 00:00:00, Sys 0 00:00:00  -  Run Local Usage
		Usr 0 00:00:08, Sys 0 00:00:18  -  Total Remote Usage
		Usr 0 00:00:00, Sys 0 00:00:00  -  Total Local Usage
	18337  -  Run Bytes Sent By Job
	8930  -  Run Bytes Received By Job
	18337  -  Total Bytes Sent By Job
	8930  -  Total Bytes Received By Job
	Partitionable Resources :    Usage  Request Allocated
	   Cpus                 :                 1         1
	   Disk (KB)            :  6273064 10000000  10584024
	   Memory (MB)          :       69     2100      2100
...
000 (223098.000.000) 07/31 08:49:58 Job submitted from host: <131.225.189.232:9618?addrs=131.225.189.232-9618&noUDP&sock=8982_aaf4_3>
...
001 (223098.000.000) 07/31 08:51:06 Job executing on host: <131.225.205.158:33719?addrs=131.225.205.158-33719>
...
006 (223098.000.000) 07/31 08:51:15 Image size of job updated: 2
	3  -  MemoryUsage of job (MB)
	2424  -  ResidentSetSize of job (KB)
...
006 (223098.000.000) 07/31 08:52:16 Image size of job updated: 447524
	69  -  MemoryUsage of job (MB)
	70324  -  ResidentSetSize of job (KB)
...
006 (223098.000.000) 07/31 08:54:18 Image size of job updated: 760500
	405  -  MemoryUsage of job (MB)
	413876  -  ResidentSetSize of job (KB)
...
005 (223098.000.000) 07/31 08:54:27 Job terminated.
	(1) Normal termination (return value 65)
		Usr 0 00:00:15, Sys 0 00:00:20  -  Run Remote Usage
		Usr 0 00:00:00, Sys 0 00:00:00  -  Run Local Usage
		Usr 0 00:00:15, Sys 0 00:00:20  -  Total Remote Usage
		Usr 0 00:00:00, Sys 0 00:00:00  -  Total Local Usage
	17022  -  Run Bytes Sent By Job
	44439  -  Run Bytes Received By Job
	17022  -  Total Bytes Sent By Job
	44439  -  Total Bytes Received By Job
	Partitionable Resources :    Usage  Request Allocated
	   Cpus                 :                 1         1
	   Disk (KB)            :  6784705 10000000  17166216
	   Memory (MB)          :      405     2100      2100
...
000 (223653.000.000) 07/31 09:06:26 Job submitted from host: <131.225.189.232:9618?addrs=131.225.189.232-9618&noUDP&sock=8982_aaf4_3>
...
