000 (220498.000.000) 07/31 06:48:09 Job submitted from host: <131.225.189.232:9618?addrs=131.225.189.232-9618&noUDP&sock=8982_aaf4_3>
...
001 (220498.000.000) 07/31 06:48:25 Job executing on host: <131.225.207.97:13418?addrs=131.225.207.97-13418>
...
006 (220498.000.000) 07/31 06:48:34 Image size of job updated: 2
	3  -  MemoryUsage of job (MB)
	2420  -  ResidentSetSize of job (KB)
...
006 (220498.000.000) 07/31 06:49:35 Image size of job updated: 447524
	71  -  MemoryUsage of job (MB)
	72348  -  ResidentSetSize of job (KB)
...
005 (220498.000.000) 07/31 06:51:44 Job terminated.
	(1) Normal termination (return value 90)
		Usr 0 00:00:01, Sys 0 00:00:17  -  Run Remote Usage
		Usr 0 00:00:00, Sys 0 00:00:00  -  Run Local Usage
		Usr 0 00:00:01, Sys 0 00:00:17  -  Total Remote Usage
		Usr 0 00:00:00, Sys 0 00:00:00  -  Total Local Usage
	17426  -  Run Bytes Sent By Job
	8930  -  Run Bytes Received By Job
	17426  -  Total Bytes Sent By Job
	8930  -  Total Bytes Received By Job
	Partitionable Resources :    Usage  Request Allocated
	   Cpus                 :                 1         1
	   Disk (KB)            :  6360083 10000000  10126992
	   Memory (MB)          :       71     2100      2100
...
000 (221060.000.000) 07/31 07:06:48 Job submitted from host: <131.225.189.232:9618?addrs=131.225.189.232-9618&noUDP&sock=8982_aaf4_3>
...
001 (221060.000.000) 07/31 07:07:05 Job executing on host: <131.225.206.94:64699?addrs=131.225.206.94-64699>
...
006 (221060.000.000) 07/31 07:07:14 Image size of job updated: 2
	3  -  MemoryUsage of job (MB)
	2424  -  ResidentSetSize of job (KB)
...
006 (221060.000.000) 07/31 07:08:15 Image size of job updated: 447524
	71  -  MemoryUsage of job (MB)
	72348  -  ResidentSetSize of job (KB)
...
005 (221060.000.000) 07/31 07:08:48 Job terminated.
	(1) Normal termination (return value 90)
		Usr 0 00:00:00, Sys 0 00:00:16  -  Run Remote Usage
		Usr 0 00:00:00, Sys 0 00:00:00  -  Run Local Usage
		Usr 0 00:00:00, Sys 0 00:00:16  -  Total Remote Usage
		Usr 0 00:00:00, Sys 0 00:00:00  -  Total Local Usage
	10618  -  Run Bytes Sent By Job
	8930  -  Run Bytes Received By Job
	10618  -  Total Bytes Sent By Job
	8930  -  Total Bytes Received By Job
	Partitionable Resources :    Usage  Request Allocated
	   Cpus                 :                 1         1
	   Disk (KB)            :  5320809 10000000  10344189
	   Memory (MB)          :       71     2100      2100
...
000 (221615.000.000) 07/31 07:11:30 Job submitted from host: <131.225.189.232:9618?addrs=131.225.189.232-9618&noUDP&sock=8982_aaf4_3>
...
001 (221615.000.000) 07/31 07:11:39 Job executing on host: <131.225.207.97:13418?addrs=131.225.207.97-13418>
...
006 (221615.000.000) 07/31 07:11:47 Image size of job updated: 102480
	3  -  MemoryUsage of job (MB)
	2472  -  ResidentSetSize of job (KB)
...
006 (221615.000.000) 07/31 07:12:47 Image size of job updated: 447524
	70  -  MemoryUsage of job (MB)
	71216  -  ResidentSetSize of job (KB)
...
006 (221615.000.000) 07/31 07:13:48 Image size of job updated: 447524
	70  -  MemoryUsage of job (MB)
	71356  -  ResidentSetSize of job (KB)
...
006 (221615.000.000) 07/31 07:15:14 Image size of job updated: 752564
	70  -  MemoryUsage of job (MB)
	71356  -  ResidentSetSize of job (KB)
...
005 (221615.000.000) 07/31 07:15:14 Job terminated.
	(1) Normal termination (return value 65)
		Usr 0 00:00:11, Sys 0 00:00:18  -  Run Remote Usage
		Usr 0 00:00:00, Sys 0 00:00:00  -  Run Local Usage
		Usr 0 00:00:11, Sys 0 00:00:18  -  Total Remote Usage
		Usr 0 00:00:00, Sys 0 00:00:00  -  Total Local Usage
	19888  -  Run Bytes Sent By Job
	8930  -  Run Bytes Received By Job
	19888  -  Total Bytes Sent By Job
	8930  -  Total Bytes Received By Job
	Partitionable Resources :    Usage  Request Allocated
	   Cpus                 :                 1         1
	   Disk (KB)            :  6319650 10000000  10120920
	   Memory (MB)          :       70     2100      2100
...
