000 (220918.000.000) 07/31 06:49:37 Job submitted from host: <131.225.189.232:9618?addrs=131.225.189.232-9618&noUDP&sock=8982_aaf4_3>
...
001 (220918.000.000) 07/31 06:50:16 Job executing on host: <131.225.190.41:60689?addrs=131.225.190.41-60689>
...
006 (220918.000.000) 07/31 06:50:25 Image size of job updated: 2
	3  -  MemoryUsage of job (MB)
	2428  -  ResidentSetSize of job (KB)
...
006 (220918.000.000) 07/31 06:51:26 Image size of job updated: 447524
	71  -  MemoryUsage of job (MB)
	72352  -  ResidentSetSize of job (KB)
...
005 (220918.000.000) 07/31 06:51:58 Job terminated.
	(1) Normal termination (return value 90)
		Usr 0 00:00:00, Sys 0 00:00:17  -  Run Remote Usage
		Usr 0 00:00:00, Sys 0 00:00:00  -  Run Local Usage
		Usr 0 00:00:00, Sys 0 00:00:17  -  Total Remote Usage
		Usr 0 00:00:00, Sys 0 00:00:00  -  Total Local Usage
	11143  -  Run Bytes Sent By Job
	8930  -  Run Bytes Received By Job
	11143  -  Total Bytes Sent By Job
	8930  -  Total Bytes Received By Job
	Partitionable Resources :    Usage  Request Allocated
	   Cpus                 :                 1         1
	   Disk (KB)            :  4361227 10000000  14806830
	   Memory (MB)          :       71     2100      2100
...
000 (221480.000.000) 07/31 07:08:02 Job submitted from host: <131.225.189.232:9618?addrs=131.225.189.232-9618&noUDP&sock=8982_aaf4_3>
...
001 (221480.000.000) 07/31 07:08:37 Job executing on host: <131.225.190.29:47208?addrs=131.225.190.29-47208>
...
006 (221480.000.000) 07/31 07:08:46 Image size of job updated: 2
	3  -  MemoryUsage of job (MB)
	2424  -  ResidentSetSize of job (KB)
...
006 (221480.000.000) 07/31 07:09:47 Image size of job updated: 447524
	72  -  MemoryUsage of job (MB)
	73392  -  ResidentSetSize of job (KB)
...
005 (221480.000.000) 07/31 07:11:39 Job terminated.
	(1) Normal termination (return value 90)
		Usr 0 00:00:01, Sys 0 00:00:25  -  Run Remote Usage
		Usr 0 00:00:00, Sys 0 00:00:00  -  Run Local Usage
		Usr 0 00:00:01, Sys 0 00:00:25  -  Total Remote Usage
		Usr 0 00:00:00, Sys 0 00:00:00  -  Total Local Usage
	16323  -  Run Bytes Sent By Job
	8930  -  Run Bytes Received By Job
	16323  -  Total Bytes Sent By Job
	8930  -  Total Bytes Received By Job
	Partitionable Resources :    Usage  Request Allocated
	   Cpus                 :                 1         1
	   Disk (KB)            :  5206127 10000000  15846568
	   Memory (MB)          :       72     2100      2100
...
000 (222035.000.000) 07/31 07:12:42 Job submitted from host: <131.225.189.232:9618?addrs=131.225.189.232-9618&noUDP&sock=8982_aaf4_3>
...
001 (222035.000.000) 07/31 07:14:08 Job executing on host: <131.225.204.90:53903?addrs=131.225.204.90-53903>
...
006 (222035.000.000) 07/31 07:14:16 Image size of job updated: 2
	3  -  MemoryUsage of job (MB)
	2424  -  ResidentSetSize of job (KB)
...
006 (222035.000.000) 07/31 07:15:16 Image size of job updated: 447524
	70  -  MemoryUsage of job (MB)
	71356  -  ResidentSetSize of job (KB)
...
006 (222035.000.000) 07/31 07:18:18 Image size of job updated: 672932
	386  -  MemoryUsage of job (MB)
	394308  -  ResidentSetSize of job (KB)
...
005 (222035.000.000) 07/31 07:18:26 Job terminated.
	(1) Normal termination (return value 65)
		Usr 0 00:00:08, Sys 0 00:00:20  -  Run Remote Usage
		Usr 0 00:00:00, Sys 0 00:00:00  -  Run Local Usage
		Usr 0 00:00:08, Sys 0 00:00:20  -  Total Remote Usage
		Usr 0 00:00:00, Sys 0 00:00:00  -  Total Local Usage
	22296  -  Run Bytes Sent By Job
	8930  -  Run Bytes Received By Job
	22296  -  Total Bytes Sent By Job
	8930  -  Total Bytes Received By Job
	Partitionable Resources :    Usage  Request Allocated
	   Cpus                 :                 1         1
	   Disk (KB)            :  6657256 10000000  10258071
	   Memory (MB)          :      386     2100      2100
...
000 (222597.000.000) 07/31 08:32:56 Job submitted from host: <131.225.189.232:9618?addrs=131.225.189.232-9618&noUDP&sock=8982_aaf4_3>
...
001 (222597.000.000) 07/31 08:34:05 Job executing on host: <131.225.205.172:20375?addrs=131.225.205.172-20375>
...
006 (222597.000.000) 07/31 08:34:14 Image size of job updated: 2
	3  -  MemoryUsage of job (MB)
	2428  -  ResidentSetSize of job (KB)
...
006 (222597.000.000) 07/31 08:35:15 Image size of job updated: 447524
	70  -  MemoryUsage of job (MB)
	71352  -  ResidentSetSize of job (KB)
...
006 (222597.000.000) 07/31 08:36:16 Image size of job updated: 447524
	134  -  MemoryUsage of job (MB)
	136284  -  ResidentSetSize of job (KB)
...
006 (222597.000.000) 07/31 08:37:03 Image size of job updated: 772784
	134  -  MemoryUsage of job (MB)
	136284  -  ResidentSetSize of job (KB)
...
005 (222597.000.000) 07/31 08:37:04 Job terminated.
	(1) Normal termination (return value 65)
		Usr 0 00:00:17, Sys 0 00:00:22  -  Run Remote Usage
		Usr 0 00:00:00, Sys 0 00:00:00  -  Run Local Usage
		Usr 0 00:00:17, Sys 0 00:00:22  -  Total Remote Usage
		Usr 0 00:00:00, Sys 0 00:00:00  -  Total Local Usage
	13381  -  Run Bytes Sent By Job
	8930  -  Run Bytes Received By Job
	13381  -  Total Bytes Sent By Job
	8930  -  Total Bytes Received By Job
	Partitionable Resources :    Usage  Request Allocated
	   Cpus                 :                 1         1
	   Disk (KB)            :  6660115 10000000  17041500
	   Memory (MB)          :      134     2100      2100
...
