000 (220914.000.000) 07/31 06:49:37 Job submitted from host: <131.225.189.232:9618?addrs=131.225.189.232-9618&noUDP&sock=8982_aaf4_3>
...
001 (220914.000.000) 07/31 06:50:13 Job executing on host: <131.225.205.156:39974?addrs=131.225.205.156-39974>
...
006 (220914.000.000) 07/31 06:50:22 Image size of job updated: 14176
	2  -  MemoryUsage of job (MB)
	1600  -  ResidentSetSize of job (KB)
...
006 (220914.000.000) 07/31 06:51:23 Image size of job updated: 447524
	70  -  MemoryUsage of job (MB)
	71136  -  ResidentSetSize of job (KB)
...
005 (220914.000.000) 07/31 06:55:07 Job terminated.
	(1) Normal termination (return value 90)
		Usr 0 00:00:01, Sys 0 00:00:26  -  Run Remote Usage
		Usr 0 00:00:00, Sys 0 00:00:00  -  Run Local Usage
		Usr 0 00:00:01, Sys 0 00:00:26  -  Total Remote Usage
		Usr 0 00:00:00, Sys 0 00:00:00  -  Total Local Usage
	22028  -  Run Bytes Sent By Job
	8930  -  Run Bytes Received By Job
	22028  -  Total Bytes Sent By Job
	8930  -  Total Bytes Received By Job
	Partitionable Resources :    Usage  Request Allocated
	   Cpus                 :                 1         1
	   Disk (KB)            :  5508117 10000000  17163320
	   Memory (MB)          :       70     2100      2100
...
000 (221476.000.000) 07/31 07:08:01 Job submitted from host: <131.225.189.232:9618?addrs=131.225.189.232-9618&noUDP&sock=8982_aaf4_3>
...
001 (221476.000.000) 07/31 07:08:36 Job executing on host: <131.225.205.162:52068?addrs=131.225.205.162-52068>
...
006 (221476.000.000) 07/31 07:08:45 Image size of job updated: 447532
	69  -  MemoryUsage of job (MB)
	70124  -  ResidentSetSize of job (KB)
...
006 (221476.000.000) 07/31 07:09:46 Image size of job updated: 447532
	69  -  MemoryUsage of job (MB)
	70400  -  ResidentSetSize of job (KB)
...
005 (221476.000.000) 07/31 07:11:49 Job terminated.
	(1) Normal termination (return value 90)
		Usr 0 00:00:01, Sys 0 00:00:21  -  Run Remote Usage
		Usr 0 00:00:00, Sys 0 00:00:00  -  Run Local Usage
		Usr 0 00:00:01, Sys 0 00:00:21  -  Total Remote Usage
		Usr 0 00:00:00, Sys 0 00:00:00  -  Total Local Usage
	17162  -  Run Bytes Sent By Job
	8930  -  Run Bytes Received By Job
	17162  -  Total Bytes Sent By Job
	8930  -  Total Bytes Received By Job
	Partitionable Resources :    Usage  Request Allocated
	   Cpus                 :                 1         1
	   Disk (KB)            :  5025903 10000000  17090210
	   Memory (MB)          :       69     2100      2100
...
000 (222031.000.000) 07/31 07:12:42 Job submitted from host: <131.225.189.232:9618?addrs=131.225.189.232-9618&noUDP&sock=8982_aaf4_3>
...
001 (222031.000.000) 07/31 07:14:07 Job executing on host: <131.225.206.242:5865?addrs=131.225.206.242-5865>
...
006 (222031.000.000) 07/31 07:14:16 Image size of job updated: 447524
	71  -  MemoryUsage of job (MB)
	72340  -  ResidentSetSize of job (KB)
...
006 (222031.000.000) 07/31 07:16:18 Image size of job updated: 674476
	392  -  MemoryUsage of job (MB)
	400880  -  ResidentSetSize of job (KB)
...
005 (222031.000.000) 07/31 07:16:23 Job terminated.
	(1) Normal termination (return value 65)
		Usr 0 00:00:08, Sys 0 00:00:15  -  Run Remote Usage
		Usr 0 00:00:00, Sys 0 00:00:00  -  Run Local Usage
		Usr 0 00:00:08, Sys 0 00:00:15  -  Total Remote Usage
		Usr 0 00:00:00, Sys 0 00:00:00  -  Total Local Usage
	9528  -  Run Bytes Sent By Job
	8930  -  Run Bytes Received By Job
	9528  -  Total Bytes Sent By Job
	8930  -  Total Bytes Received By Job
	Partitionable Resources :    Usage  Request Allocated
	   Cpus                 :                 1         1
	   Disk (KB)            :  6602036 10000000  11713076
	   Memory (MB)          :      392     2100      2100
...
