000 (220946.000.000) 07/31 06:49:43 Job submitted from host: <131.225.189.232:9618?addrs=131.225.189.232-9618&noUDP&sock=8982_aaf4_3>
...
001 (220946.000.000) 07/31 06:50:37 Job executing on host: <131.225.204.78:15307?addrs=131.225.204.78-15307>
...
006 (220946.000.000) 07/31 06:50:45 Image size of job updated: 2
	3  -  MemoryUsage of job (MB)
	2424  -  ResidentSetSize of job (KB)
...
006 (220946.000.000) 07/31 06:51:45 Image size of job updated: 447524
	71  -  MemoryUsage of job (MB)
	72348  -  ResidentSetSize of job (KB)
...
005 (220946.000.000) 07/31 06:52:25 Job terminated.
	(1) Normal termination (return value 90)
		Usr 0 00:00:00, Sys 0 00:00:15  -  Run Remote Usage
		Usr 0 00:00:00, Sys 0 00:00:00  -  Run Local Usage
		Usr 0 00:00:00, Sys 0 00:00:15  -  Total Remote Usage
		Usr 0 00:00:00, Sys 0 00:00:00  -  Total Local Usage
	8848  -  Run Bytes Sent By Job
	8930  -  Run Bytes Received By Job
	8848  -  Total Bytes Sent By Job
	8930  -  Total Bytes Received By Job
	Partitionable Resources :    Usage  Request Allocated
	   Cpus                 :                 1         1
	   Disk (KB)            :  4213768 10000000  10129557
	   Memory (MB)          :       71     2100      2100
...
000 (221508.000.000) 07/31 07:08:07 Job submitted from host: <131.225.189.232:9618?addrs=131.225.189.232-9618&noUDP&sock=8982_aaf4_3>
...
001 (221508.000.000) 07/31 07:08:42 Job executing on host: <131.225.190.31:64999?addrs=131.225.190.31-64999>
...
006 (221508.000.000) 07/31 07:08:51 Image size of job updated: 2
	3  -  MemoryUsage of job (MB)
	2428  -  ResidentSetSize of job (KB)
...
006 (221508.000.000) 07/31 07:09:52 Image size of job updated: 447524
	70  -  MemoryUsage of job (MB)
	71352  -  ResidentSetSize of job (KB)
...
000 (222063.000.000) 07/31 07:12:47 Job submitted from host: <131.225.189.232:9618?addrs=131.225.189.232-9618&noUDP&sock=8982_aaf4_3>
...
001 (222063.000.000) 07/31 07:14:16 Job executing on host: <131.225.206.162:10328?addrs=131.225.206.162-10328>
...
006 (222063.000.000) 07/31 07:14:24 Image size of job updated: 2
	3  -  MemoryUsage of job (MB)
	2428  -  ResidentSetSize of job (KB)
...
005 (221508.000.000) 07/31 07:14:26 Job terminated.
	(1) Normal termination (return value 90)
		Usr 0 00:00:01, Sys 0 00:00:31  -  Run Remote Usage
		Usr 0 00:00:00, Sys 0 00:00:00  -  Run Local Usage
		Usr 0 00:00:01, Sys 0 00:00:31  -  Total Remote Usage
		Usr 0 00:00:00, Sys 0 00:00:00  -  Total Local Usage
	25139  -  Run Bytes Sent By Job
	8930  -  Run Bytes Received By Job
	25139  -  Total Bytes Sent By Job
	8930  -  Total Bytes Received By Job
	Partitionable Resources :    Usage  Request Allocated
	   Cpus                 :                 1         1
	   Disk (KB)            :  6467705 10000000  15418354
	   Memory (MB)          :       70     2100      2100
...
006 (222063.000.000) 07/31 07:15:24 Image size of job updated: 447524
	71  -  MemoryUsage of job (MB)
	72348  -  ResidentSetSize of job (KB)
...
006 (222063.000.000) 07/31 07:16:24 Image size of job updated: 447524
	100  -  MemoryUsage of job (MB)
	101864  -  ResidentSetSize of job (KB)
...
006 (222063.000.000) 07/31 07:16:37 Image size of job updated: 695724
	100  -  MemoryUsage of job (MB)
	101864  -  ResidentSetSize of job (KB)
...
005 (222063.000.000) 07/31 07:16:37 Job terminated.
	(1) Normal termination (return value 65)
		Usr 0 00:00:09, Sys 0 00:00:12  -  Run Remote Usage
		Usr 0 00:00:00, Sys 0 00:00:00  -  Run Local Usage
		Usr 0 00:00:09, Sys 0 00:00:12  -  Total Remote Usage
		Usr 0 00:00:00, Sys 0 00:00:00  -  Total Local Usage
	10566  -  Run Bytes Sent By Job
	8930  -  Run Bytes Received By Job
	10566  -  Total Bytes Sent By Job
	8930  -  Total Bytes Received By Job
	Partitionable Resources :    Usage  Request Allocated
	   Cpus                 :                 1         1
	   Disk (KB)            :  6728703 10000000  11695188
	   Memory (MB)          :      100     2100      2100
...
000 (222625.000.000) 07/31 08:32:58 Job submitted from host: <131.225.189.232:9618?addrs=131.225.189.232-9618&noUDP&sock=8982_aaf4_3>
...
001 (222625.000.000) 07/31 08:34:12 Job executing on host: <131.225.191.74:54794?addrs=131.225.191.74-54794>
...
006 (222625.000.000) 07/31 08:34:21 Image size of job updated: 2
	3  -  MemoryUsage of job (MB)
	2424  -  ResidentSetSize of job (KB)
...
006 (222625.000.000) 07/31 08:35:22 Image size of job updated: 447524
	72  -  MemoryUsage of job (MB)
	73396  -  ResidentSetSize of job (KB)
...
006 (222625.000.000) 07/31 08:37:13 Image size of job updated: 732080
	72  -  MemoryUsage of job (MB)
	73396  -  ResidentSetSize of job (KB)
...
005 (222625.000.000) 07/31 08:37:14 Job terminated.
	(1) Normal termination (return value 65)
		Usr 0 00:00:12, Sys 0 00:00:23  -  Run Remote Usage
		Usr 0 00:00:00, Sys 0 00:00:00  -  Run Local Usage
		Usr 0 00:00:12, Sys 0 00:00:23  -  Total Remote Usage
		Usr 0 00:00:00, Sys 0 00:00:00  -  Total Local Usage
	15758  -  Run Bytes Sent By Job
	8930  -  Run Bytes Received By Job
	15758  -  Total Bytes Sent By Job
	8930  -  Total Bytes Received By Job
	Partitionable Resources :    Usage  Request Allocated
	   Cpus                 :                 1         1
	   Disk (KB)            :  5601617 10000000  15993482
	   Memory (MB)          :       72     2100      2100
...
