000 (220513.000.000) 07/31 06:48:12 Job submitted from host: <131.225.189.232:9618?addrs=131.225.189.232-9618&noUDP&sock=8982_aaf4_3>
...
001 (220513.000.000) 07/31 06:48:28 Job executing on host: <131.225.207.161:39856?addrs=131.225.207.161-39856>
...
006 (220513.000.000) 07/31 06:48:37 Image size of job updated: 2
	3  -  MemoryUsage of job (MB)
	2428  -  ResidentSetSize of job (KB)
...
006 (220513.000.000) 07/31 06:49:41 Image size of job updated: 447524
	71  -  MemoryUsage of job (MB)
	72348  -  ResidentSetSize of job (KB)
...
005 (220513.000.000) 07/31 06:50:43 Job terminated.
	(1) Normal termination (return value 90)
		Usr 0 00:00:00, Sys 0 00:00:14  -  Run Remote Usage
		Usr 0 00:00:00, Sys 0 00:00:00  -  Run Local Usage
		Usr 0 00:00:00, Sys 0 00:00:14  -  Total Remote Usage
		Usr 0 00:00:00, Sys 0 00:00:00  -  Total Local Usage
	9375  -  Run Bytes Sent By Job
	8930  -  Run Bytes Received By Job
	9375  -  Total Bytes Sent By Job
	8930  -  Total Bytes Received By Job
	Partitionable Resources :    Usage  Request Allocated
	   Cpus                 :                 1         1
	   Disk (KB)            :  5348926 10000000  10113945
	   Memory (MB)          :       71     2100      2100
...
000 (221075.000.000) 07/31 07:06:51 Job submitted from host: <131.225.189.232:9618?addrs=131.225.189.232-9618&noUDP&sock=8982_aaf4_3>
...
001 (221075.000.000) 07/31 07:07:10 Job executing on host: <131.225.207.143:60999?addrs=131.225.207.143-60999>
...
006 (221075.000.000) 07/31 07:07:19 Image size of job updated: 447524
	71  -  MemoryUsage of job (MB)
	72344  -  ResidentSetSize of job (KB)
...
005 (221075.000.000) 07/31 07:08:45 Job terminated.
	(1) Normal termination (return value 90)
		Usr 0 00:00:00, Sys 0 00:00:17  -  Run Remote Usage
		Usr 0 00:00:00, Sys 0 00:00:00  -  Run Local Usage
		Usr 0 00:00:00, Sys 0 00:00:17  -  Total Remote Usage
		Usr 0 00:00:00, Sys 0 00:00:00  -  Total Local Usage
	9454  -  Run Bytes Sent By Job
	8930  -  Run Bytes Received By Job
	9454  -  Total Bytes Sent By Job
	8930  -  Total Bytes Received By Job
	Partitionable Resources :    Usage  Request Allocated
	   Cpus                 :                 1         1
	   Disk (KB)            :  5369961 10000000  10453986
	   Memory (MB)          :       71     2100      2100
...
000 (221630.000.000) 07/31 07:11:33 Job submitted from host: <131.225.189.232:9618?addrs=131.225.189.232-9618&noUDP&sock=8982_aaf4_3>
...
001 (221630.000.000) 07/31 07:11:51 Job executing on host: <131.225.204.58:49953?addrs=131.225.204.58-49953>
...
006 (221630.000.000) 07/31 07:12:00 Image size of job updated: 2
	3  -  MemoryUsage of job (MB)
	2420  -  ResidentSetSize of job (KB)
...
006 (221630.000.000) 07/31 07:13:01 Image size of job updated: 447524
	71  -  MemoryUsage of job (MB)
	72352  -  ResidentSetSize of job (KB)
...
006 (221630.000.000) 07/31 07:17:08 Image size of job updated: 447524
	165  -  MemoryUsage of job (MB)
	168416  -  ResidentSetSize of job (KB)
...
006 (221630.000.000) 07/31 07:17:23 Image size of job updated: 493960
	165  -  MemoryUsage of job (MB)
	168416  -  ResidentSetSize of job (KB)
...
005 (221630.000.000) 07/31 07:17:24 Job terminated.
	(1) Normal termination (return value 65)
		Usr 0 00:00:05, Sys 0 00:00:15  -  Run Remote Usage
		Usr 0 00:00:00, Sys 0 00:00:00  -  Run Local Usage
		Usr 0 00:00:05, Sys 0 00:00:15  -  Total Remote Usage
		Usr 0 00:00:00, Sys 0 00:00:00  -  Total Local Usage
	28062  -  Run Bytes Sent By Job
	8930  -  Run Bytes Received By Job
	28062  -  Total Bytes Sent By Job
	8930  -  Total Bytes Received By Job
	Partitionable Resources :    Usage  Request Allocated
	   Cpus                 :                 1         1
	   Disk (KB)            :  6324881 10000000  13195232
	   Memory (MB)          :      165     2100      2100
...
