000 (220717.000.000) 07/31 06:48:55 Job submitted from host: <131.225.189.232:9618?addrs=131.225.189.232-9618&noUDP&sock=8982_aaf4_3>
...
001 (220717.000.000) 07/31 06:49:16 Job executing on host: <131.225.204.71:34466?addrs=131.225.204.71-34466>
...
006 (220717.000.000) 07/31 06:49:25 Image size of job updated: 447524
	71  -  MemoryUsage of job (MB)
	72348  -  ResidentSetSize of job (KB)
...
005 (220717.000.000) 07/31 06:51:26 Job terminated.
	(1) Normal termination (return value 90)
		Usr 0 00:00:00, Sys 0 00:00:10  -  Run Remote Usage
		Usr 0 00:00:00, Sys 0 00:00:00  -  Run Local Usage
		Usr 0 00:00:00, Sys 0 00:00:10  -  Total Remote Usage
		Usr 0 00:00:00, Sys 0 00:00:00  -  Total Local Usage
	13313  -  Run Bytes Sent By Job
	8930  -  Run Bytes Received By Job
	13313  -  Total Bytes Sent By Job
	8930  -  Total Bytes Received By Job
	Partitionable Resources :    Usage  Request Allocated
	   Cpus                 :                 1         1
	   Disk (KB)            :  1772554 10000000  10390461
	   Memory (MB)          :       71     2100      2100
...
000 (221279.000.000) 07/31 07:07:26 Job submitted from host: <131.225.189.232:9618?addrs=131.225.189.232-9618&noUDP&sock=8982_aaf4_3>
...
001 (221279.000.000) 07/31 07:07:59 Job executing on host: <131.225.206.171:9309?addrs=131.225.206.171-9309>
...
006 (221279.000.000) 07/31 07:08:08 Image size of job updated: 447524
	71  -  MemoryUsage of job (MB)
	72340  -  ResidentSetSize of job (KB)
...
005 (221279.000.000) 07/31 07:11:27 Job terminated.
	(1) Normal termination (return value 90)
		Usr 0 00:00:01, Sys 0 00:00:10  -  Run Remote Usage
		Usr 0 00:00:00, Sys 0 00:00:00  -  Run Local Usage
		Usr 0 00:00:01, Sys 0 00:00:10  -  Total Remote Usage
		Usr 0 00:00:00, Sys 0 00:00:00  -  Total Local Usage
	16415  -  Run Bytes Sent By Job
	8930  -  Run Bytes Received By Job
	16415  -  Total Bytes Sent By Job
	8930  -  Total Bytes Received By Job
	Partitionable Resources :    Usage  Request Allocated
	   Cpus                 :                 1         1
	   Disk (KB)            :  2879600 10000000  11996320
	   Memory (MB)          :       71     2100      2100
...
000 (221834.000.000) 07/31 07:12:08 Job submitted from host: <131.225.189.232:9618?addrs=131.225.189.232-9618&noUDP&sock=8982_aaf4_3>
...
001 (221834.000.000) 07/31 07:12:33 Job executing on host: <131.225.191.154:54360?addrs=131.225.191.154-54360>
...
006 (221834.000.000) 07/31 07:12:42 Image size of job updated: 447524
	71  -  MemoryUsage of job (MB)
	72344  -  ResidentSetSize of job (KB)
...
006 (221834.000.000) 07/31 07:13:43 Image size of job updated: 447524
	165  -  MemoryUsage of job (MB)
	168040  -  ResidentSetSize of job (KB)
...
006 (221834.000.000) 07/31 07:14:24 Image size of job updated: 670132
	165  -  MemoryUsage of job (MB)
	168040  -  ResidentSetSize of job (KB)
...
005 (221834.000.000) 07/31 07:14:24 Job terminated.
	(1) Normal termination (return value 65)
		Usr 0 00:00:08, Sys 0 00:00:08  -  Run Remote Usage
		Usr 0 00:00:00, Sys 0 00:00:00  -  Run Local Usage
		Usr 0 00:00:08, Sys 0 00:00:08  -  Total Remote Usage
		Usr 0 00:00:00, Sys 0 00:00:00  -  Total Local Usage
	7721  -  Run Bytes Sent By Job
	8930  -  Run Bytes Received By Job
	7721  -  Total Bytes Sent By Job
	8930  -  Total Bytes Received By Job
	Partitionable Resources :    Usage  Request Allocated
	   Cpus                 :                 1         1
	   Disk (KB)            :  3146485 10000000  11436020
	   Memory (MB)          :      165     2100      2100
...
