000 (220778.000.000) 07/31 06:49:08 Job submitted from host: <131.225.189.232:9618?addrs=131.225.189.232-9618&noUDP&sock=8982_aaf4_3>
...
001 (220778.000.000) 07/31 06:49:30 Job executing on host: <131.225.204.29:17298?addrs=131.225.204.29-17298>
...
006 (220778.000.000) 07/31 06:49:39 Image size of job updated: 447524
	71  -  MemoryUsage of job (MB)
	72344  -  ResidentSetSize of job (KB)
...
005 (220778.000.000) 07/31 06:51:58 Job terminated.
	(1) Normal termination (return value 90)
		Usr 0 00:00:00, Sys 0 00:00:18  -  Run Remote Usage
		Usr 0 00:00:00, Sys 0 00:00:00  -  Run Local Usage
		Usr 0 00:00:00, Sys 0 00:00:18  -  Total Remote Usage
		Usr 0 00:00:00, Sys 0 00:00:00  -  Total Local Usage
	10563  -  Run Bytes Sent By Job
	8930  -  Run Bytes Received By Job
	10563  -  Total Bytes Sent By Job
	8930  -  Total Bytes Received By Job
	Partitionable Resources :    Usage  Request Allocated
	   Cpus                 :                 1         1
	   Disk (KB)            :  4574218 10000000  10562370
	   Memory (MB)          :       71     2100      2100
...
000 (221340.000.000) 07/31 07:07:37 Job submitted from host: <131.225.189.232:9618?addrs=131.225.189.232-9618&noUDP&sock=8982_aaf4_3>
...
001 (221340.000.000) 07/31 07:08:11 Job executing on host: <131.225.204.37:14425?addrs=131.225.204.37-14425>
...
006 (221340.000.000) 07/31 07:08:20 Image size of job updated: 447524
	71  -  MemoryUsage of job (MB)
	72416  -  ResidentSetSize of job (KB)
...
005 (221340.000.000) 07/31 07:10:10 Job terminated.
	(1) Normal termination (return value 90)
		Usr 0 00:00:01, Sys 0 00:00:20  -  Run Remote Usage
		Usr 0 00:00:00, Sys 0 00:00:00  -  Run Local Usage
		Usr 0 00:00:01, Sys 0 00:00:20  -  Total Remote Usage
		Usr 0 00:00:00, Sys 0 00:00:00  -  Total Local Usage
	12024  -  Run Bytes Sent By Job
	8930  -  Run Bytes Received By Job
	12024  -  Total Bytes Sent By Job
	8930  -  Total Bytes Received By Job
	Partitionable Resources :    Usage  Request Allocated
	   Cpus                 :                 1         1
	   Disk (KB)            :  4075625 10000000  10431558
	   Memory (MB)          :       71     2100      2100
...
000 (221895.000.000) 07/31 07:12:19 Job submitted from host: <131.225.189.232:9618?addrs=131.225.189.232-9618&noUDP&sock=8982_aaf4_3>
...
001 (221895.000.000) 07/31 07:12:58 Job executing on host: <131.225.191.77:32337?addrs=131.225.191.77-32337>
...
006 (221895.000.000) 07/31 07:13:07 Image size of job updated: 28348
	4  -  MemoryUsage of job (MB)
	3236  -  ResidentSetSize of job (KB)
...
006 (221895.000.000) 07/31 07:14:09 Image size of job updated: 447524
	69  -  MemoryUsage of job (MB)
	70536  -  ResidentSetSize of job (KB)
...
006 (221895.000.000) 07/31 07:17:09 Image size of job updated: 627364
	353  -  MemoryUsage of job (MB)
	360924  -  ResidentSetSize of job (KB)
...
006 (221895.000.000) 07/31 07:17:45 Image size of job updated: 772788
	353  -  MemoryUsage of job (MB)
	360924  -  ResidentSetSize of job (KB)
...
005 (221895.000.000) 07/31 07:17:46 Job terminated.
	(1) Normal termination (return value 65)
		Usr 0 00:00:16, Sys 0 00:00:27  -  Run Remote Usage
		Usr 0 00:00:00, Sys 0 00:00:00  -  Run Local Usage
		Usr 0 00:00:16, Sys 0 00:00:27  -  Total Remote Usage
		Usr 0 00:00:00, Sys 0 00:00:00  -  Total Local Usage
	17726  -  Run Bytes Sent By Job
	8930  -  Run Bytes Received By Job
	17726  -  Total Bytes Sent By Job
	8930  -  Total Bytes Received By Job
	Partitionable Resources :    Usage  Request Allocated
	   Cpus                 :                 1         1
	   Disk (KB)            :  6727183 10000000  15206412
	   Memory (MB)          :      353     2100      2100
...
000 (222457.000.000) 07/31 08:32:48 Job submitted from host: <131.225.189.232:9618?addrs=131.225.189.232-9618&noUDP&sock=8982_aaf4_3>
...
001 (222457.000.000) 07/31 08:33:38 Job executing on host: <131.225.204.96:9238?addrs=131.225.204.96-9238>
...
006 (222457.000.000) 07/31 08:33:46 Image size of job updated: 2
	3  -  MemoryUsage of job (MB)
	2416  -  ResidentSetSize of job (KB)
...
006 (222457.000.000) 07/31 08:34:46 Image size of job updated: 447524
	69  -  MemoryUsage of job (MB)
	70316  -  ResidentSetSize of job (KB)
...
006 (222457.000.000) 07/31 08:37:52 Image size of job updated: 447524
	102  -  MemoryUsage of job (MB)
	103788  -  ResidentSetSize of job (KB)
...
006 (222457.000.000) 07/31 08:38:15 Image size of job updated: 647076
	102  -  MemoryUsage of job (MB)
	103788  -  ResidentSetSize of job (KB)
...
005 (222457.000.000) 07/31 08:38:16 Job terminated.
	(1) Normal termination (return value 65)
		Usr 0 00:00:08, Sys 0 00:00:20  -  Run Remote Usage
		Usr 0 00:00:00, Sys 0 00:00:00  -  Run Local Usage
		Usr 0 00:00:08, Sys 0 00:00:20  -  Total Remote Usage
		Usr 0 00:00:00, Sys 0 00:00:00  -  Total Local Usage
	21544  -  Run Bytes Sent By Job
	8930  -  Run Bytes Received By Job
	21544  -  Total Bytes Sent By Job
	8930  -  Total Bytes Received By Job
	Partitionable Resources :    Usage  Request Allocated
	   Cpus                 :                 1         1
	   Disk (KB)            :  6730052 10000000  10303731
	   Memory (MB)          :      102     2100      2100
...
