000 (220670.000.000) 07/31 06:48:45 Job submitted from host: <131.225.189.232:9618?addrs=131.225.189.232-9618&noUDP&sock=8982_aaf4_3>
...
001 (220670.000.000) 07/31 06:49:08 Job executing on host: <131.225.206.41:8370?addrs=131.225.206.41-8370>
...
006 (220670.000.000) 07/31 06:49:17 Image size of job updated: 447524
	71  -  MemoryUsage of job (MB)
	72340  -  ResidentSetSize of job (KB)
...
005 (220670.000.000) 07/31 06:53:16 Job terminated.
	(1) Normal termination (return value 90)
		Usr 0 00:00:02, Sys 0 00:00:23  -  Run Remote Usage
		Usr 0 00:00:00, Sys 0 00:00:00  -  Run Local Usage
		Usr 0 00:00:02, Sys 0 00:00:23  -  Total Remote Usage
		Usr 0 00:00:00, Sys 0 00:00:00  -  Total Local Usage
	23447  -  Run Bytes Sent By Job
	8930  -  Run Bytes Received By Job
	23447  -  Total Bytes Sent By Job
	8930  -  Total Bytes Received By Job
	Partitionable Resources :    Usage  Request Allocated
	   Cpus                 :                 1         1
	   Disk (KB)            :  4705300 10000000  10228503
	   Memory (MB)          :       71     2100      2100
...
000 (221232.000.000) 07/31 07:07:18 Job submitted from host: <131.225.189.232:9618?addrs=131.225.189.232-9618&noUDP&sock=8982_aaf4_3>
...
001 (221232.000.000) 07/31 07:07:54 Job executing on host: <131.225.191.155:28550?addrs=131.225.191.155-28550>
...
006 (221232.000.000) 07/31 07:08:03 Image size of job updated: 447524
	71  -  MemoryUsage of job (MB)
	72344  -  ResidentSetSize of job (KB)
...
005 (221232.000.000) 07/31 07:10:02 Job terminated.
	(1) Normal termination (return value 90)
		Usr 0 00:00:01, Sys 0 00:00:16  -  Run Remote Usage
		Usr 0 00:00:00, Sys 0 00:00:00  -  Run Local Usage
		Usr 0 00:00:01, Sys 0 00:00:16  -  Total Remote Usage
		Usr 0 00:00:00, Sys 0 00:00:00  -  Total Local Usage
	11686  -  Run Bytes Sent By Job
	8930  -  Run Bytes Received By Job
	11686  -  Total Bytes Sent By Job
	8930  -  Total Bytes Received By Job
	Partitionable Resources :    Usage  Request Allocated
	   Cpus                 :                 1         1
	   Disk (KB)            :  3616871 10000000  12287720
	   Memory (MB)          :       71     2100      2100
...
000 (221787.000.000) 07/31 07:12:00 Job submitted from host: <131.225.189.232:9618?addrs=131.225.189.232-9618&noUDP&sock=8982_aaf4_3>
...
001 (221787.000.000) 07/31 07:12:20 Job executing on host: <131.225.206.19:25695?addrs=131.225.206.19-25695>
...
006 (221787.000.000) 07/31 07:12:31 Image size of job updated: 447528
	13  -  MemoryUsage of job (MB)
	12956  -  ResidentSetSize of job (KB)
...
006 (221787.000.000) 07/31 07:13:30 Image size of job updated: 447528
	69  -  MemoryUsage of job (MB)
	70324  -  ResidentSetSize of job (KB)
...
006 (221787.000.000) 07/31 07:19:17 Image size of job updated: 769968
	69  -  MemoryUsage of job (MB)
	70324  -  ResidentSetSize of job (KB)
...
005 (221787.000.000) 07/31 07:19:18 Job terminated.
	(1) Normal termination (return value 65)
		Usr 0 00:00:12, Sys 0 00:00:20  -  Run Remote Usage
		Usr 0 00:00:00, Sys 0 00:00:00  -  Run Local Usage
		Usr 0 00:00:12, Sys 0 00:00:20  -  Total Remote Usage
		Usr 0 00:00:00, Sys 0 00:00:00  -  Total Local Usage
	28153  -  Run Bytes Sent By Job
	8930  -  Run Bytes Received By Job
	28153  -  Total Bytes Sent By Job
	8930  -  Total Bytes Received By Job
	Partitionable Resources :    Usage  Request Allocated
	   Cpus                 :                 1         1
	   Disk (KB)            :  6180083 10000000  13173344
	   Memory (MB)          :       69     2100      2100
...
000 (222349.000.000) 07/31 08:32:40 Job submitted from host: <131.225.189.232:9618?addrs=131.225.189.232-9618&noUDP&sock=8982_aaf4_3>
...
001 (222349.000.000) 07/31 08:33:14 Job executing on host: <131.225.191.160:10545?addrs=131.225.191.160-10545>
...
006 (222349.000.000) 07/31 08:33:23 Image size of job updated: 381924
	15  -  MemoryUsage of job (MB)
	14940  -  ResidentSetSize of job (KB)
...
006 (222349.000.000) 07/31 08:34:24 Image size of job updated: 447524
	71  -  MemoryUsage of job (MB)
	72468  -  ResidentSetSize of job (KB)
...
006 (222349.000.000) 07/31 08:36:16 Image size of job updated: 644272
	71  -  MemoryUsage of job (MB)
	72468  -  ResidentSetSize of job (KB)
...
005 (222349.000.000) 07/31 08:36:17 Job terminated.
	(1) Normal termination (return value 65)
		Usr 0 00:00:08, Sys 0 00:00:22  -  Run Remote Usage
		Usr 0 00:00:00, Sys 0 00:00:00  -  Run Local Usage
		Usr 0 00:00:08, Sys 0 00:00:22  -  Total Remote Usage
		Usr 0 00:00:00, Sys 0 00:00:00  -  Total Local Usage
	14359  -  Run Bytes Sent By Job
	8930  -  Run Bytes Received By Job
	14359  -  Total Bytes Sent By Job
	8930  -  Total Bytes Received By Job
	Partitionable Resources :    Usage  Request Allocated
	   Cpus                 :                 1         1
	   Disk (KB)            :  6142289 10000000  11965276
	   Memory (MB)          :       71     2100      2100
...
000 (222904.000.000) 07/31 08:49:50 Job submitted from host: <131.225.189.232:9618?addrs=131.225.189.232-9618&noUDP&sock=8982_aaf4_3>
...
001 (222904.000.000) 07/31 08:50:26 Job executing on host: <131.225.204.42:52392?addrs=131.225.204.42-52392>
...
006 (222904.000.000) 07/31 08:50:34 Image size of job updated: 447524
	23  -  MemoryUsage of job (MB)
	23204  -  ResidentSetSize of job (KB)
...
006 (222904.000.000) 07/31 08:51:34 Image size of job updated: 447524
	71  -  MemoryUsage of job (MB)
	72344  -  ResidentSetSize of job (KB)
...
006 (222904.000.000) 07/31 08:53:36 Image size of job updated: 447524
	82  -  MemoryUsage of job (MB)
	82956  -  ResidentSetSize of job (KB)
...
006 (222904.000.000) 07/31 08:54:11 Image size of job updated: 631976
	82  -  MemoryUsage of job (MB)
	82956  -  ResidentSetSize of job (KB)
...
005 (222904.000.000) 07/31 08:54:12 Job terminated.
	(1) Normal termination (return value 65)
		Usr 0 00:00:08, Sys 0 00:00:17  -  Run Remote Usage
		Usr 0 00:00:00, Sys 0 00:00:00  -  Run Local Usage
		Usr 0 00:00:08, Sys 0 00:00:17  -  Total Remote Usage
		Usr 0 00:00:00, Sys 0 00:00:00  -  Total Local Usage
	16105  -  Run Bytes Sent By Job
	44439  -  Run Bytes Received By Job
	16105  -  Total Bytes Sent By Job
	44439  -  Total Bytes Received By Job
	Partitionable Resources :    Usage  Request Allocated
	   Cpus                 :                 1         1
	   Disk (KB)            :  6182777 10000000  12705872
	   Memory (MB)          :       82     2100      2100
...
000 (223459.000.000) 07/31 09:06:18 Job submitted from host: <131.225.189.232:9618?addrs=131.225.189.232-9618&noUDP&sock=8982_aaf4_3>
...
