000 (220591.000.000) 07/31 06:48:29 Job submitted from host: <131.225.189.232:9618?addrs=131.225.189.232-9618&noUDP&sock=8982_aaf4_3>
...
001 (220591.000.000) 07/31 06:48:51 Job executing on host: <131.225.207.159:28646?addrs=131.225.207.159-28646>
...
006 (220591.000.000) 07/31 06:49:00 Image size of job updated: 447524
	71  -  MemoryUsage of job (MB)
	72348  -  ResidentSetSize of job (KB)
...
005 (220591.000.000) 07/31 06:53:23 Job terminated.
	(1) Normal termination (return value 90)
		Usr 0 00:00:02, Sys 0 00:00:18  -  Run Remote Usage
		Usr 0 00:00:00, Sys 0 00:00:00  -  Run Local Usage
		Usr 0 00:00:02, Sys 0 00:00:18  -  Total Remote Usage
		Usr 0 00:00:00, Sys 0 00:00:00  -  Total Local Usage
	24769  -  Run Bytes Sent By Job
	8930  -  Run Bytes Received By Job
	24769  -  Total Bytes Sent By Job
	8930  -  Total Bytes Received By Job
	Partitionable Resources :    Usage  Request Allocated
	   Cpus                 :                 1         1
	   Disk (KB)            :  5770265 10000000  10479636
	   Memory (MB)          :       71     2100      2100
...
000 (221153.000.000) 07/31 07:07:04 Job submitted from host: <131.225.189.232:9618?addrs=131.225.189.232-9618&noUDP&sock=8982_aaf4_3>
...
001 (221153.000.000) 07/31 07:07:35 Job executing on host: <131.225.191.131:51883?addrs=131.225.191.131-51883>
...
006 (221153.000.000) 07/31 07:07:43 Image size of job updated: 2
	3  -  MemoryUsage of job (MB)
	2420  -  ResidentSetSize of job (KB)
...
006 (221153.000.000) 07/31 07:08:43 Image size of job updated: 447524
	71  -  MemoryUsage of job (MB)
	72344  -  ResidentSetSize of job (KB)
...
005 (221153.000.000) 07/31 07:10:51 Job terminated.
	(1) Normal termination (return value 90)
		Usr 0 00:00:00, Sys 0 00:00:16  -  Run Remote Usage
		Usr 0 00:00:00, Sys 0 00:00:00  -  Run Local Usage
		Usr 0 00:00:00, Sys 0 00:00:16  -  Total Remote Usage
		Usr 0 00:00:00, Sys 0 00:00:00  -  Total Local Usage
	12187  -  Run Bytes Sent By Job
	8930  -  Run Bytes Received By Job
	12187  -  Total Bytes Sent By Job
	8930  -  Total Bytes Received By Job
	Partitionable Resources :    Usage  Request Allocated
	   Cpus                 :                 1         1
	   Disk (KB)            :  6247845 10000000  11468352
	   Memory (MB)          :       71     2100      2100
...
000 (221708.000.000) 07/31 07:11:47 Job submitted from host: <131.225.189.232:9618?addrs=131.225.189.232-9618&noUDP&sock=8982_aaf4_3>
...
001 (221708.000.000) 07/31 07:12:11 Job executing on host: <131.225.204.33:65431?addrs=131.225.204.33-65431>
...
006 (221708.000.000) 07/31 07:12:20 Image size of job updated: 2
	3  -  MemoryUsage of job (MB)
	2424  -  ResidentSetSize of job (KB)
...
006 (221708.000.000) 07/31 07:13:21 Image size of job updated: 447524
	71  -  MemoryUsage of job (MB)
	72344  -  ResidentSetSize of job (KB)
...
006 (221708.000.000) 07/31 07:19:17 Image size of job updated: 769976
	71  -  MemoryUsage of job (MB)
	72344  -  ResidentSetSize of job (KB)
...
005 (221708.000.000) 07/31 07:19:18 Job terminated.
	(1) Normal termination (return value 65)
		Usr 0 00:00:11, Sys 0 00:00:19  -  Run Remote Usage
		Usr 0 00:00:00, Sys 0 00:00:00  -  Run Local Usage
		Usr 0 00:00:11, Sys 0 00:00:19  -  Total Remote Usage
		Usr 0 00:00:00, Sys 0 00:00:00  -  Total Local Usage
	26387  -  Run Bytes Sent By Job
	8930  -  Run Bytes Received By Job
	26387  -  Total Bytes Sent By Job
	8930  -  Total Bytes Received By Job
	Partitionable Resources :    Usage  Request Allocated
	   Cpus                 :                 1         1
	   Disk (KB)            :  5352999 10000000  10211349
	   Memory (MB)          :       71     2100      2100
...
000 (222270.000.000) 07/31 08:32:34 Job submitted from host: <131.225.189.232:9618?addrs=131.225.189.232-9618&noUDP&sock=8982_aaf4_3>
...
001 (222270.000.000) 07/31 08:32:57 Job executing on host: <131.225.206.54:56224?addrs=131.225.206.54-56224>
...
006 (222270.000.000) 07/31 08:33:05 Image size of job updated: 2
	3  -  MemoryUsage of job (MB)
	2424  -  ResidentSetSize of job (KB)
...
006 (222270.000.000) 07/31 08:34:05 Image size of job updated: 447524
	69  -  MemoryUsage of job (MB)
	70288  -  ResidentSetSize of job (KB)
...
006 (222270.000.000) 07/31 08:37:08 Image size of job updated: 769968
	477  -  MemoryUsage of job (MB)
	487796  -  ResidentSetSize of job (KB)
...
005 (222270.000.000) 07/31 08:37:11 Job terminated.
	(1) Normal termination (return value 65)
		Usr 0 00:00:14, Sys 0 00:00:16  -  Run Remote Usage
		Usr 0 00:00:00, Sys 0 00:00:00  -  Run Local Usage
		Usr 0 00:00:14, Sys 0 00:00:16  -  Total Remote Usage
		Usr 0 00:00:00, Sys 0 00:00:00  -  Total Local Usage
	21013  -  Run Bytes Sent By Job
	8930  -  Run Bytes Received By Job
	21013  -  Total Bytes Sent By Job
	8930  -  Total Bytes Received By Job
	Partitionable Resources :    Usage  Request Allocated
	   Cpus                 :                 1         1
	   Disk (KB)            :  6250128 10000000  10390860
	   Memory (MB)          :      477     2100      2100
...
000 (222825.000.000) 07/31 08:49:44 Job submitted from host: <131.225.189.232:9618?addrs=131.225.189.232-9618&noUDP&sock=8982_aaf4_3>
...
001 (222825.000.000) 07/31 08:50:09 Job executing on host: <131.225.204.46:13066?addrs=131.225.204.46-13066>
...
006 (222825.000.000) 07/31 08:50:18 Image size of job updated: 447524
	71  -  MemoryUsage of job (MB)
	72348  -  ResidentSetSize of job (KB)
...
006 (222825.000.000) 07/31 08:53:04 Image size of job updated: 702128
	71  -  MemoryUsage of job (MB)
	72348  -  ResidentSetSize of job (KB)
...
005 (222825.000.000) 07/31 08:53:04 Job terminated.
	(1) Normal termination (return value 65)
		Usr 0 00:00:09, Sys 0 00:00:17  -  Run Remote Usage
		Usr 0 00:00:00, Sys 0 00:00:00  -  Run Local Usage
		Usr 0 00:00:09, Sys 0 00:00:17  -  Total Remote Usage
		Usr 0 00:00:00, Sys 0 00:00:00  -  Total Local Usage
	16754  -  Run Bytes Sent By Job
	44439  -  Run Bytes Received By Job
	16754  -  Total Bytes Sent By Job
	44439  -  Total Bytes Received By Job
	Partitionable Resources :    Usage  Request Allocated
	   Cpus                 :                 1         1
	   Disk (KB)            :  5421230 10000000  10366221
	   Memory (MB)          :       71     2100      2100
...
000 (223380.000.000) 07/31 09:06:15 Job submitted from host: <131.225.189.232:9618?addrs=131.225.189.232-9618&noUDP&sock=8982_aaf4_3>
...
