000 (220855.000.000) 07/31 06:49:24 Job submitted from host: <131.225.189.232:9618?addrs=131.225.189.232-9618&noUDP&sock=8982_aaf4_3>
...
001 (220855.000.000) 07/31 06:49:45 Job executing on host: <131.225.190.44:17345?addrs=131.225.190.44-17345>
...
006 (220855.000.000) 07/31 06:49:54 Image size of job updated: 447524
	71  -  MemoryUsage of job (MB)
	72344  -  ResidentSetSize of job (KB)
...
005 (220855.000.000) 07/31 06:51:48 Job terminated.
	(1) Normal termination (return value 90)
		Usr 0 00:00:01, Sys 0 00:00:21  -  Run Remote Usage
		Usr 0 00:00:00, Sys 0 00:00:00  -  Run Local Usage
		Usr 0 00:00:01, Sys 0 00:00:21  -  Total Remote Usage
		Usr 0 00:00:00, Sys 0 00:00:00  -  Total Local Usage
	12465  -  Run Bytes Sent By Job
	8930  -  Run Bytes Received By Job
	12465  -  Total Bytes Sent By Job
	8930  -  Total Bytes Received By Job
	Partitionable Resources :    Usage  Request Allocated
	   Cpus                 :                 1         1
	   Disk (KB)            :  3673099 10000000  15954998
	   Memory (MB)          :       71     2100      2100
...
000 (221417.000.000) 07/31 07:07:51 Job submitted from host: <131.225.189.232:9618?addrs=131.225.189.232-9618&noUDP&sock=8982_aaf4_3>
...
001 (221417.000.000) 07/31 07:08:26 Job executing on host: <131.225.191.226:14321?addrs=131.225.191.226-14321>
...
006 (221417.000.000) 07/31 07:08:36 Image size of job updated: 447524
	71  -  MemoryUsage of job (MB)
	72348  -  ResidentSetSize of job (KB)
...
000 (221972.000.000) 07/31 07:12:32 Job submitted from host: <131.225.189.232:9618?addrs=131.225.189.232-9618&noUDP&sock=8982_aaf4_3>
...
005 (221417.000.000) 07/31 07:12:49 Job terminated.
	(1) Normal termination (return value 90)
		Usr 0 00:00:01, Sys 0 00:00:21  -  Run Remote Usage
		Usr 0 00:00:00, Sys 0 00:00:00  -  Run Local Usage
		Usr 0 00:00:01, Sys 0 00:00:21  -  Total Remote Usage
		Usr 0 00:00:00, Sys 0 00:00:00  -  Total Local Usage
	18581  -  Run Bytes Sent By Job
	8930  -  Run Bytes Received By Job
	18581  -  Total Bytes Sent By Job
	8930  -  Total Bytes Received By Job
	Partitionable Resources :    Usage  Request Allocated
	   Cpus                 :                 1         1
	   Disk (KB)            :  4534383 10000000  15676982
	   Memory (MB)          :       71     2100      2100
...
001 (221972.000.000) 07/31 07:13:38 Job executing on host: <131.225.207.57:53683?addrs=131.225.207.57-53683>
...
006 (221972.000.000) 07/31 07:13:46 Image size of job updated: 2
	3  -  MemoryUsage of job (MB)
	2424  -  ResidentSetSize of job (KB)
...
006 (221972.000.000) 07/31 07:14:46 Image size of job updated: 447524
	71  -  MemoryUsage of job (MB)
	72348  -  ResidentSetSize of job (KB)
...
006 (221972.000.000) 07/31 07:17:48 Image size of job updated: 447524
	165  -  MemoryUsage of job (MB)
	168080  -  ResidentSetSize of job (KB)
...
006 (221972.000.000) 07/31 07:18:19 Image size of job updated: 772788
	165  -  MemoryUsage of job (MB)
	168080  -  ResidentSetSize of job (KB)
...
005 (221972.000.000) 07/31 07:18:20 Job terminated.
	(1) Normal termination (return value 65)
		Usr 0 00:00:12, Sys 0 00:00:17  -  Run Remote Usage
		Usr 0 00:00:00, Sys 0 00:00:00  -  Run Local Usage
		Usr 0 00:00:12, Sys 0 00:00:17  -  Total Remote Usage
		Usr 0 00:00:00, Sys 0 00:00:00  -  Total Local Usage
	15137  -  Run Bytes Sent By Job
	8930  -  Run Bytes Received By Job
	15137  -  Total Bytes Sent By Job
	8930  -  Total Bytes Received By Job
	Partitionable Resources :    Usage  Request Allocated
	   Cpus                 :                 1         1
	   Disk (KB)            :  6618578 10000000  10342176
	   Memory (MB)          :      165     2100      2100
...
000 (222534.000.000) 07/31 08:32:52 Job submitted from host: <131.225.189.232:9618?addrs=131.225.189.232-9618&noUDP&sock=8982_aaf4_3>
...
001 (222534.000.000) 07/31 08:33:58 Job executing on host: <131.225.205.166:50235?addrs=131.225.205.166-50235>
...
006 (222534.000.000) 07/31 08:34:06 Image size of job updated: 2
	3  -  MemoryUsage of job (MB)
	2420  -  ResidentSetSize of job (KB)
...
006 (222534.000.000) 07/31 08:35:06 Image size of job updated: 447524
	70  -  MemoryUsage of job (MB)
	71448  -  ResidentSetSize of job (KB)
...
006 (222534.000.000) 07/31 08:35:54 Image size of job updated: 493964
	70  -  MemoryUsage of job (MB)
	71448  -  ResidentSetSize of job (KB)
...
005 (222534.000.000) 07/31 08:35:55 Job terminated.
	(1) Normal termination (return value 65)
		Usr 0 00:00:05, Sys 0 00:00:13  -  Run Remote Usage
		Usr 0 00:00:00, Sys 0 00:00:00  -  Run Local Usage
		Usr 0 00:00:05, Sys 0 00:00:13  -  Total Remote Usage
		Usr 0 00:00:00, Sys 0 00:00:00  -  Total Local Usage
	9321  -  Run Bytes Sent By Job
	8930  -  Run Bytes Received By Job
	9321  -  Total Bytes Sent By Job
	8930  -  Total Bytes Received By Job
	Partitionable Resources :    Usage  Request Allocated
	   Cpus                 :                 1         1
	   Disk (KB)            :  6519116 10000000  17129027
	   Memory (MB)          :       70     2100      2100
...
000 (223089.000.000) 07/31 08:49:57 Job submitted from host: <131.225.189.232:9618?addrs=131.225.189.232-9618&noUDP&sock=8982_aaf4_3>
...
001 (223089.000.000) 07/31 08:51:04 Job executing on host: <131.225.205.175:49102?addrs=131.225.205.175-49102>
...
006 (223089.000.000) 07/31 08:51:12 Image size of job updated: 2
	3  -  MemoryUsage of job (MB)
	2424  -  ResidentSetSize of job (KB)
...
006 (223089.000.000) 07/31 08:52:12 Image size of job updated: 447524
	70  -  MemoryUsage of job (MB)
	71356  -  ResidentSetSize of job (KB)
...
006 (223089.000.000) 07/31 08:53:13 Image size of job updated: 551824
	273  -  MemoryUsage of job (MB)
	278824  -  ResidentSetSize of job (KB)
...
005 (223089.000.000) 07/31 08:53:18 Job terminated.
	(1) Normal termination (return value 65)
		Usr 0 00:00:06, Sys 0 00:00:17  -  Run Remote Usage
		Usr 0 00:00:00, Sys 0 00:00:00  -  Run Local Usage
		Usr 0 00:00:06, Sys 0 00:00:17  -  Total Remote Usage
		Usr 0 00:00:00, Sys 0 00:00:00  -  Total Local Usage
	10179  -  Run Bytes Sent By Job
	44439  -  Run Bytes Received By Job
	10179  -  Total Bytes Sent By Job
	44439  -  Total Bytes Received By Job
	Partitionable Resources :    Usage  Request Allocated
	   Cpus                 :                 1         1
	   Disk (KB)            :  6621279 10000000  17170288
	   Memory (MB)          :      273     2100      2100
...
000 (223644.000.000) 07/31 09:06:26 Job submitted from host: <131.225.189.232:9618?addrs=131.225.189.232-9618&noUDP&sock=8982_aaf4_3>
...
