000 (221030.000.000) 07/31 06:50:02 Job submitted from host: <131.225.189.232:9618?addrs=131.225.189.232-9618&noUDP&sock=8982_aaf4_3>
...
001 (221030.000.000) 07/31 06:52:18 Job executing on host: <131.225.206.170:61881?addrs=131.225.206.170-61881>
...
006 (221030.000.000) 07/31 06:52:27 Image size of job updated: 447524
	71  -  MemoryUsage of job (MB)
	72344  -  ResidentSetSize of job (KB)
...
005 (221030.000.000) 07/31 06:53:44 Job terminated.
	(1) Normal termination (return value 90)
		Usr 0 00:00:00, Sys 0 00:00:16  -  Run Remote Usage
		Usr 0 00:00:00, Sys 0 00:00:00  -  Run Local Usage
		Usr 0 00:00:00, Sys 0 00:00:16  -  Total Remote Usage
		Usr 0 00:00:00, Sys 0 00:00:00  -  Total Local Usage
	8652  -  Run Bytes Sent By Job
	8930  -  Run Bytes Received By Job
	8652  -  Total Bytes Sent By Job
	8930  -  Total Bytes Received By Job
	Partitionable Resources :    Usage  Request Allocated
	   Cpus                 :                 1         1
	   Disk (KB)            :  6376458 10000000  11253408
	   Memory (MB)          :       71     2100      2100
...
000 (221592.000.000) 07/31 07:08:21 Job submitted from host: <131.225.189.232:9618?addrs=131.225.189.232-9618&noUDP&sock=8982_aaf4_3>
...
001 (221592.000.000) 07/31 07:09:36 Job executing on host: <131.225.207.97:13418?addrs=131.225.207.97-13418>
...
006 (221592.000.000) 07/31 07:09:44 Image size of job updated: 447524
	71  -  MemoryUsage of job (MB)
	72344  -  ResidentSetSize of job (KB)
...
005 (221592.000.000) 07/31 07:11:37 Job terminated.
	(1) Normal termination (return value 90)
		Usr 0 00:00:00, Sys 0 00:00:14  -  Run Remote Usage
		Usr 0 00:00:00, Sys 0 00:00:00  -  Run Local Usage
		Usr 0 00:00:00, Sys 0 00:00:14  -  Total Remote Usage
		Usr 0 00:00:00, Sys 0 00:00:00  -  Total Local Usage
	9026  -  Run Bytes Sent By Job
	8930  -  Run Bytes Received By Job
	9026  -  Total Bytes Sent By Job
	8930  -  Total Bytes Received By Job
	Partitionable Resources :    Usage  Request Allocated
	   Cpus                 :                 1         1
	   Disk (KB)            :  3812063 10000000  10120920
	   Memory (MB)          :       71     2100      2100
...
000 (222147.000.000) 07/31 07:13:01 Job submitted from host: <131.225.189.232:9618?addrs=131.225.189.232-9618&noUDP&sock=8982_aaf4_3>
...
001 (222147.000.000) 07/31 07:14:53 Job executing on host: <131.225.205.170:50631?addrs=131.225.205.170-50631>
...
006 (222147.000.000) 07/31 07:15:02 Image size of job updated: 447524
	70  -  MemoryUsage of job (MB)
	71360  -  ResidentSetSize of job (KB)
...
006 (222147.000.000) 07/31 07:16:43 Image size of job updated: 598300
	70  -  MemoryUsage of job (MB)
	71360  -  ResidentSetSize of job (KB)
...
005 (222147.000.000) 07/31 07:16:44 Job terminated.
	(1) Normal termination (return value 65)
		Usr 0 00:00:08, Sys 0 00:00:16  -  Run Remote Usage
		Usr 0 00:00:00, Sys 0 00:00:00  -  Run Local Usage
		Usr 0 00:00:08, Sys 0 00:00:16  -  Total Remote Usage
		Usr 0 00:00:00, Sys 0 00:00:00  -  Total Local Usage
	9613  -  Run Bytes Sent By Job
	8930  -  Run Bytes Received By Job
	9613  -  Total Bytes Sent By Job
	8930  -  Total Bytes Received By Job
	Partitionable Resources :    Usage  Request Allocated
	   Cpus                 :                 1         1
	   Disk (KB)            :  6073880 10000000  17136162
	   Memory (MB)          :       70     2100      2100
...
000 (222709.000.000) 07/31 08:33:05 Job submitted from host: <131.225.189.232:9618?addrs=131.225.189.232-9618&noUDP&sock=8982_aaf4_3>
...
001 (222709.000.000) 07/31 08:35:24 Job executing on host: <131.225.204.94:53127?addrs=131.225.204.94-53127>
...
006 (222709.000.000) 07/31 08:35:33 Image size of job updated: 82580
	22  -  MemoryUsage of job (MB)
	21516  -  ResidentSetSize of job (KB)
...
006 (222709.000.000) 07/31 08:36:34 Image size of job updated: 447524
	71  -  MemoryUsage of job (MB)
	72348  -  ResidentSetSize of job (KB)
...
006 (222709.000.000) 07/31 08:37:39 Image size of job updated: 447524
	165  -  MemoryUsage of job (MB)
	168048  -  ResidentSetSize of job (KB)
...
006 (222709.000.000) 07/31 08:38:30 Image size of job updated: 719280
	165  -  MemoryUsage of job (MB)
	168048  -  ResidentSetSize of job (KB)
...
005 (222709.000.000) 07/31 08:38:31 Job terminated.
	(1) Normal termination (return value 65)
		Usr 0 00:00:09, Sys 0 00:00:17  -  Run Remote Usage
		Usr 0 00:00:00, Sys 0 00:00:00  -  Run Local Usage
		Usr 0 00:00:09, Sys 0 00:00:17  -  Total Remote Usage
		Usr 0 00:00:00, Sys 0 00:00:00  -  Total Local Usage
	11881  -  Run Bytes Sent By Job
	8930  -  Run Bytes Received By Job
	11881  -  Total Bytes Sent By Job
	8930  -  Total Bytes Received By Job
	Partitionable Resources :    Usage  Request Allocated
	   Cpus                 :                 1         1
	   Disk (KB)            :  6625966 10000000  10356960
	   Memory (MB)          :      165     2100      2100
...
000 (223264.000.000) 07/31 08:50:07 Job submitted from host: <131.225.189.232:9618?addrs=131.225.189.232-9618&noUDP&sock=8982_aaf4_3>
...
001 (223264.000.000) 07/31 08:52:05 Job executing on host: <131.225.206.180:5016?addrs=131.225.206.180-5016>
...
006 (223264.000.000) 07/31 08:52:13 Image size of job updated: 2
	3  -  MemoryUsage of job (MB)
	2424  -  ResidentSetSize of job (KB)
...
006 (223264.000.000) 07/31 08:53:13 Image size of job updated: 447524
	70  -  MemoryUsage of job (MB)
	71356  -  ResidentSetSize of job (KB)
...
006 (223264.000.000) 07/31 08:54:19 Image size of job updated: 772788
	478  -  MemoryUsage of job (MB)
	488880  -  ResidentSetSize of job (KB)
...
005 (223264.000.000) 07/31 08:54:26 Job terminated.
	(1) Normal termination (return value 65)
		Usr 0 00:00:12, Sys 0 00:00:14  -  Run Remote Usage
		Usr 0 00:00:00, Sys 0 00:00:00  -  Run Local Usage
		Usr 0 00:00:12, Sys 0 00:00:14  -  Total Remote Usage
		Usr 0 00:00:00, Sys 0 00:00:00  -  Total Local Usage
	10716  -  Run Bytes Sent By Job
	44439  -  Run Bytes Received By Job
	10716  -  Total Bytes Sent By Job
	44439  -  Total Bytes Received By Job
	Partitionable Resources :    Usage  Request Allocated
	   Cpus                 :                 1         1
	   Disk (KB)            :  6625803 10000000  10241898
	   Memory (MB)          :      478     2100      2100
...
000 (223819.000.000) 07/31 09:06:34 Job submitted from host: <131.225.189.232:9618?addrs=131.225.189.232-9618&noUDP&sock=8982_aaf4_3>
...
