000 (220675.000.000) 07/31 06:48:46 Job submitted from host: <131.225.189.232:9618?addrs=131.225.189.232-9618&noUDP&sock=8982_aaf4_3>
...
001 (220675.000.000) 07/31 06:49:08 Job executing on host: <131.225.206.194:9227?addrs=131.225.206.194-9227>
...
006 (220675.000.000) 07/31 06:49:17 Image size of job updated: 2
	3  -  MemoryUsage of job (MB)
	2420  -  ResidentSetSize of job (KB)
...
006 (220675.000.000) 07/31 06:50:18 Image size of job updated: 447524
	71  -  MemoryUsage of job (MB)
	72352  -  ResidentSetSize of job (KB)
...
005 (220675.000.000) 07/31 06:53:22 Job terminated.
	(1) Normal termination (return value 90)
		Usr 0 00:00:01, Sys 0 00:00:17  -  Run Remote Usage
		Usr 0 00:00:00, Sys 0 00:00:00  -  Run Local Usage
		Usr 0 00:00:01, Sys 0 00:00:17  -  Total Remote Usage
		Usr 0 00:00:00, Sys 0 00:00:00  -  Total Local Usage
	14859  -  Run Bytes Sent By Job
	8930  -  Run Bytes Received By Job
	14859  -  Total Bytes Sent By Job
	8930  -  Total Bytes Received By Job
	Partitionable Resources :    Usage  Request Allocated
	   Cpus                 :                 1         1
	   Disk (KB)            :  6358649 10000000  11919544
	   Memory (MB)          :       71     2100      2100
...
000 (221237.000.000) 07/31 07:07:19 Job submitted from host: <131.225.189.232:9618?addrs=131.225.189.232-9618&noUDP&sock=8982_aaf4_3>
...
001 (221237.000.000) 07/31 07:07:50 Job executing on host: <131.225.204.42:52392?addrs=131.225.204.42-52392>
...
006 (221237.000.000) 07/31 07:07:59 Image size of job updated: 2
	3  -  MemoryUsage of job (MB)
	2424  -  ResidentSetSize of job (KB)
...
006 (221237.000.000) 07/31 07:09:00 Image size of job updated: 447524
	71  -  MemoryUsage of job (MB)
	72352  -  ResidentSetSize of job (KB)
...
005 (221237.000.000) 07/31 07:09:32 Job terminated.
	(1) Normal termination (return value 90)
		Usr 0 00:00:00, Sys 0 00:00:12  -  Run Remote Usage
		Usr 0 00:00:00, Sys 0 00:00:00  -  Run Local Usage
		Usr 0 00:00:00, Sys 0 00:00:12  -  Total Remote Usage
		Usr 0 00:00:00, Sys 0 00:00:00  -  Total Local Usage
	8019  -  Run Bytes Sent By Job
	8930  -  Run Bytes Received By Job
	8019  -  Total Bytes Sent By Job
	8930  -  Total Bytes Received By Job
	Partitionable Resources :    Usage  Request Allocated
	   Cpus                 :                 1         1
	   Disk (KB)            :  4747367 10000000  10427037
	   Memory (MB)          :       71     2100      2100
...
000 (221792.000.000) 07/31 07:12:00 Job submitted from host: <131.225.189.232:9618?addrs=131.225.189.232-9618&noUDP&sock=8982_aaf4_3>
...
001 (221792.000.000) 07/31 07:12:21 Job executing on host: <131.225.207.164:23946?addrs=131.225.207.164-23946>
...
006 (221792.000.000) 07/31 07:12:30 Image size of job updated: 447524
	71  -  MemoryUsage of job (MB)
	72352  -  ResidentSetSize of job (KB)
...
006 (221792.000.000) 07/31 07:14:33 Image size of job updated: 447524
	143  -  MemoryUsage of job (MB)
	146292  -  ResidentSetSize of job (KB)
...
006 (221792.000.000) 07/31 07:15:14 Image size of job updated: 737716
	143  -  MemoryUsage of job (MB)
	146292  -  ResidentSetSize of job (KB)
...
005 (221792.000.000) 07/31 07:15:14 Job terminated.
	(1) Normal termination (return value 65)
		Usr 0 00:00:10, Sys 0 00:00:16  -  Run Remote Usage
		Usr 0 00:00:00, Sys 0 00:00:00  -  Run Local Usage
		Usr 0 00:00:10, Sys 0 00:00:16  -  Total Remote Usage
		Usr 0 00:00:00, Sys 0 00:00:00  -  Total Local Usage
	11724  -  Run Bytes Sent By Job
	8930  -  Run Bytes Received By Job
	11724  -  Total Bytes Sent By Job
	8930  -  Total Bytes Received By Job
	Partitionable Resources :    Usage  Request Allocated
	   Cpus                 :                 1         1
	   Disk (KB)            :  6367364 10000000  10408485
	   Memory (MB)          :      143     2100      2100
...
000 (222354.000.000) 07/31 08:32:40 Job submitted from host: <131.225.189.232:9618?addrs=131.225.189.232-9618&noUDP&sock=8982_aaf4_3>
...
001 (222354.000.000) 07/31 08:33:14 Job executing on host: <131.225.204.94:53127?addrs=131.225.204.94-53127>
...
006 (222354.000.000) 07/31 08:33:23 Image size of job updated: 2
	3  -  MemoryUsage of job (MB)
	2424  -  ResidentSetSize of job (KB)
...
006 (222354.000.000) 07/31 08:34:24 Image size of job updated: 447524
	71  -  MemoryUsage of job (MB)
	72344  -  ResidentSetSize of job (KB)
...
006 (222354.000.000) 07/31 08:38:25 Image size of job updated: 718508
	400  -  MemoryUsage of job (MB)
	408732  -  ResidentSetSize of job (KB)
...
005 (222354.000.000) 07/31 08:38:31 Job terminated.
	(1) Normal termination (return value 65)
		Usr 0 00:00:10, Sys 0 00:00:23  -  Run Remote Usage
		Usr 0 00:00:00, Sys 0 00:00:00  -  Run Local Usage
		Usr 0 00:00:10, Sys 0 00:00:23  -  Total Remote Usage
		Usr 0 00:00:00, Sys 0 00:00:00  -  Total Local Usage
	25337  -  Run Bytes Sent By Job
	8930  -  Run Bytes Received By Job
	25337  -  Total Bytes Sent By Job
	8930  -  Total Bytes Received By Job
	Partitionable Resources :    Usage  Request Allocated
	   Cpus                 :                 1         1
	   Disk (KB)            :  6370245 10000000  10356885
	   Memory (MB)          :      400     2100      2100
...
