000 (220768.000.000) 07/31 06:49:06 Job submitted from host: <131.225.189.232:9618?addrs=131.225.189.232-9618&noUDP&sock=8982_aaf4_3>
...
001 (220768.000.000) 07/31 06:49:11 Job executing on host: <131.225.204.55:64382?addrs=131.225.204.55-64382>
...
006 (220768.000.000) 07/31 06:49:20 Image size of job updated: 447524
	71  -  MemoryUsage of job (MB)
	72352  -  ResidentSetSize of job (KB)
...
005 (220768.000.000) 07/31 06:53:34 Job terminated.
	(1) Normal termination (return value 90)
		Usr 0 00:00:01, Sys 0 00:00:21  -  Run Remote Usage
		Usr 0 00:00:00, Sys 0 00:00:00  -  Run Local Usage
		Usr 0 00:00:01, Sys 0 00:00:21  -  Total Remote Usage
		Usr 0 00:00:00, Sys 0 00:00:00  -  Total Local Usage
	24422  -  Run Bytes Sent By Job
	8930  -  Run Bytes Received By Job
	24422  -  Total Bytes Sent By Job
	8930  -  Total Bytes Received By Job
	Partitionable Resources :    Usage  Request Allocated
	   Cpus                 :                 1         1
	   Disk (KB)            :  6245401 10000000  10298826
	   Memory (MB)          :       71     2100      2100
...
000 (221330.000.000) 07/31 07:07:36 Job submitted from host: <131.225.189.232:9618?addrs=131.225.189.232-9618&noUDP&sock=8982_aaf4_3>
...
001 (221330.000.000) 07/31 07:08:09 Job executing on host: <131.225.206.208:5672?addrs=131.225.206.208-5672>
...
006 (221330.000.000) 07/31 07:08:18 Image size of job updated: 447524
	71  -  MemoryUsage of job (MB)
	72352  -  ResidentSetSize of job (KB)
...
005 (221330.000.000) 07/31 07:10:04 Job terminated.
	(1) Normal termination (return value 90)
		Usr 0 00:00:00, Sys 0 00:00:18  -  Run Remote Usage
		Usr 0 00:00:00, Sys 0 00:00:00  -  Run Local Usage
		Usr 0 00:00:00, Sys 0 00:00:18  -  Total Remote Usage
		Usr 0 00:00:00, Sys 0 00:00:00  -  Total Local Usage
	12073  -  Run Bytes Sent By Job
	8930  -  Run Bytes Received By Job
	12073  -  Total Bytes Sent By Job
	8930  -  Total Bytes Received By Job
	Partitionable Resources :    Usage  Request Allocated
	   Cpus                 :                 1         1
	   Disk (KB)            :  3449125 10000000  11742236
	   Memory (MB)          :       71     2100      2100
...
000 (221885.000.000) 07/31 07:12:17 Job submitted from host: <131.225.189.232:9618?addrs=131.225.189.232-9618&noUDP&sock=8982_aaf4_3>
...
001 (221885.000.000) 07/31 07:12:35 Job executing on host: <131.225.205.180:30887?addrs=131.225.205.180-30887>
...
006 (221885.000.000) 07/31 07:12:43 Image size of job updated: 28936
	4  -  MemoryUsage of job (MB)
	3720  -  ResidentSetSize of job (KB)
...
006 (221885.000.000) 07/31 07:13:43 Image size of job updated: 447524
	69  -  MemoryUsage of job (MB)
	70400  -  ResidentSetSize of job (KB)
...
006 (221885.000.000) 07/31 07:14:43 Image size of job updated: 447524
	165  -  MemoryUsage of job (MB)
	168064  -  ResidentSetSize of job (KB)
...
006 (221885.000.000) 07/31 07:15:43 Image size of job updated: 772788
	165  -  MemoryUsage of job (MB)
	168064  -  ResidentSetSize of job (KB)
...
005 (221885.000.000) 07/31 07:16:07 Job terminated.
	(1) Normal termination (return value 65)
		Usr 0 00:00:16, Sys 0 00:00:20  -  Run Remote Usage
		Usr 0 00:00:00, Sys 0 00:00:00  -  Run Local Usage
		Usr 0 00:00:16, Sys 0 00:00:20  -  Total Remote Usage
		Usr 0 00:00:00, Sys 0 00:00:00  -  Total Local Usage
	12240  -  Run Bytes Sent By Job
	8930  -  Run Bytes Received By Job
	12240  -  Total Bytes Sent By Job
	8930  -  Total Bytes Received By Job
	Partitionable Resources :    Usage  Request Allocated
	   Cpus                 :                 1         1
	   Disk (KB)            :  6631971 10000000  17102830
	   Memory (MB)          :      165     2100      2100
...
