000 (220562.000.000) 07/31 06:48:22 Job submitted from host: <131.225.189.232:9618?addrs=131.225.189.232-9618&noUDP&sock=8982_aaf4_3>
...
001 (220562.000.000) 07/31 06:48:45 Job executing on host: <131.225.207.118:63186?addrs=131.225.207.118-63186>
...
006 (220562.000.000) 07/31 06:48:54 Image size of job updated: 447528
	15  -  MemoryUsage of job (MB)
	14868  -  ResidentSetSize of job (KB)
...
006 (220562.000.000) 07/31 06:49:55 Image size of job updated: 447528
	69  -  MemoryUsage of job (MB)
	70396  -  ResidentSetSize of job (KB)
...
005 (220562.000.000) 07/31 06:52:40 Job terminated.
	(1) Normal termination (return value 90)
		Usr 0 00:00:01, Sys 0 00:00:18  -  Run Remote Usage
		Usr 0 00:00:00, Sys 0 00:00:00  -  Run Local Usage
		Usr 0 00:00:01, Sys 0 00:00:18  -  Total Remote Usage
		Usr 0 00:00:00, Sys 0 00:00:00  -  Total Local Usage
	21814  -  Run Bytes Sent By Job
	8930  -  Run Bytes Received By Job
	21814  -  Total Bytes Sent By Job
	8930  -  Total Bytes Received By Job
	Partitionable Resources :    Usage  Request Allocated
	   Cpus                 :                 1         1
	   Disk (KB)            :  5147668 10000000  10278348
	   Memory (MB)          :       69     2100      2100
...
000 (221124.000.000) 07/31 07:06:59 Job submitted from host: <131.225.189.232:9618?addrs=131.225.189.232-9618&noUDP&sock=8982_aaf4_3>
...
001 (221124.000.000) 07/31 07:07:18 Job executing on host: <131.225.206.18:10358?addrs=131.225.206.18-10358>
...
006 (221124.000.000) 07/31 07:07:27 Image size of job updated: 447524
	71  -  MemoryUsage of job (MB)
	72344  -  ResidentSetSize of job (KB)
...
005 (221124.000.000) 07/31 07:08:42 Job terminated.
	(1) Normal termination (return value 90)
		Usr 0 00:00:01, Sys 0 00:00:20  -  Run Remote Usage
		Usr 0 00:00:00, Sys 0 00:00:00  -  Run Local Usage
		Usr 0 00:00:01, Sys 0 00:00:20  -  Total Remote Usage
		Usr 0 00:00:00, Sys 0 00:00:00  -  Total Local Usage
	9458  -  Run Bytes Sent By Job
	8930  -  Run Bytes Received By Job
	9458  -  Total Bytes Sent By Job
	8930  -  Total Bytes Received By Job
	Partitionable Resources :    Usage  Request Allocated
	   Cpus                 :                 1         1
	   Disk (KB)            :  5075049 10000000  10315848
	   Memory (MB)          :       71     2100      2100
...
000 (221679.000.000) 07/31 07:11:41 Job submitted from host: <131.225.189.232:9618?addrs=131.225.189.232-9618&noUDP&sock=8982_aaf4_3>
...
001 (221679.000.000) 07/31 07:11:55 Job executing on host: <131.225.206.13:36512?addrs=131.225.206.13-36512>
...
006 (221679.000.000) 07/31 07:12:04 Image size of job updated: 447528
	9  -  MemoryUsage of job (MB)
	8864  -  ResidentSetSize of job (KB)
...
006 (221679.000.000) 07/31 07:13:05 Image size of job updated: 447528
	71  -  MemoryUsage of job (MB)
	72352  -  ResidentSetSize of job (KB)
...
006 (221679.000.000) 07/31 07:17:45 Image size of job updated: 690868
	71  -  MemoryUsage of job (MB)
	72352  -  ResidentSetSize of job (KB)
...
005 (221679.000.000) 07/31 07:17:46 Job terminated.
	(1) Normal termination (return value 65)
		Usr 0 00:00:09, Sys 0 00:00:19  -  Run Remote Usage
		Usr 0 00:00:00, Sys 0 00:00:00  -  Run Local Usage
		Usr 0 00:00:09, Sys 0 00:00:19  -  Total Remote Usage
		Usr 0 00:00:00, Sys 0 00:00:00  -  Total Local Usage
	29549  -  Run Bytes Sent By Job
	8930  -  Run Bytes Received By Job
	29549  -  Total Bytes Sent By Job
	8930  -  Total Bytes Received By Job
	Partitionable Resources :    Usage  Request Allocated
	   Cpus                 :                 1         1
	   Disk (KB)            :  5729834 10000000  13273216
	   Memory (MB)          :       71     2100      2100
...
000 (222241.000.000) 07/31 08:32:32 Job submitted from host: <131.225.189.232:9618?addrs=131.225.189.232-9618&noUDP&sock=8982_aaf4_3>
...
001 (222241.000.000) 07/31 08:32:52 Job executing on host: <131.225.207.162:57873?addrs=131.225.207.162-57873>
...
006 (222241.000.000) 07/31 08:33:01 Image size of job updated: 447524
	71  -  MemoryUsage of job (MB)
	72348  -  ResidentSetSize of job (KB)
...
006 (222241.000.000) 07/31 08:35:03 Image size of job updated: 769968
	479  -  MemoryUsage of job (MB)
	489512  -  ResidentSetSize of job (KB)
...
005 (222241.000.000) 07/31 08:35:03 Job terminated.
	(1) Normal termination (return value 65)
		Usr 0 00:00:11, Sys 0 00:00:16  -  Run Remote Usage
		Usr 0 00:00:00, Sys 0 00:00:00  -  Run Local Usage
		Usr 0 00:00:11, Sys 0 00:00:16  -  Total Remote Usage
		Usr 0 00:00:00, Sys 0 00:00:00  -  Total Local Usage
	10440  -  Run Bytes Sent By Job
	8930  -  Run Bytes Received By Job
	10440  -  Total Bytes Sent By Job
	8930  -  Total Bytes Received By Job
	Partitionable Resources :    Usage  Request Allocated
	   Cpus                 :                 1         1
	   Disk (KB)            :  4602187 10000000  10356507
	   Memory (MB)          :      479     2100      2100
...
000 (222796.000.000) 07/31 08:49:43 Job submitted from host: <131.225.189.232:9618?addrs=131.225.189.232-9618&noUDP&sock=8982_aaf4_3>
...
001 (222796.000.000) 07/31 08:50:03 Job executing on host: <131.225.206.5:45131?addrs=131.225.206.5-45131>
...
006 (222796.000.000) 07/31 08:50:12 Image size of job updated: 447524
	66  -  MemoryUsage of job (MB)
	67064  -  ResidentSetSize of job (KB)
...
006 (222796.000.000) 07/31 08:51:13 Image size of job updated: 447524
	71  -  MemoryUsage of job (MB)
	72344  -  ResidentSetSize of job (KB)
...
006 (222796.000.000) 07/31 08:55:14 Image size of job updated: 494568
	211  -  MemoryUsage of job (MB)
	215524  -  ResidentSetSize of job (KB)
...
006 (222796.000.000) 07/31 08:55:26 Image size of job updated: 769972
	211  -  MemoryUsage of job (MB)
	215524  -  ResidentSetSize of job (KB)
...
005 (222796.000.000) 07/31 08:55:27 Job terminated.
	(1) Normal termination (return value 65)
		Usr 0 00:00:13, Sys 0 00:00:24  -  Run Remote Usage
		Usr 0 00:00:00, Sys 0 00:00:00  -  Run Local Usage
		Usr 0 00:00:13, Sys 0 00:00:24  -  Total Remote Usage
		Usr 0 00:00:00, Sys 0 00:00:00  -  Total Local Usage
	26135  -  Run Bytes Sent By Job
	44439  -  Run Bytes Received By Job
	26135  -  Total Bytes Sent By Job
	44439  -  Total Bytes Received By Job
	Partitionable Resources :    Usage  Request Allocated
	   Cpus                 :                 1         1
	   Disk (KB)            :  6158906 10000000  10376313
	   Memory (MB)          :      211     2100      2100
...
000 (223351.000.000) 07/31 09:06:13 Job submitted from host: <131.225.189.232:9618?addrs=131.225.189.232-9618&noUDP&sock=8982_aaf4_3>
...
