000 (220739.000.000) 07/31 06:48:59 Job submitted from host: <131.225.189.232:9618?addrs=131.225.189.232-9618&noUDP&sock=8982_aaf4_3>
...
001 (220739.000.000) 07/31 06:49:20 Job executing on host: <131.225.204.29:17298?addrs=131.225.204.29-17298>
...
006 (220739.000.000) 07/31 06:49:29 Image size of job updated: 447524
	71  -  MemoryUsage of job (MB)
	72348  -  ResidentSetSize of job (KB)
...
005 (220739.000.000) 07/31 06:50:44 Job terminated.
	(1) Normal termination (return value 90)
		Usr 0 00:00:00, Sys 0 00:00:08  -  Run Remote Usage
		Usr 0 00:00:00, Sys 0 00:00:00  -  Run Local Usage
		Usr 0 00:00:00, Sys 0 00:00:08  -  Total Remote Usage
		Usr 0 00:00:00, Sys 0 00:00:00  -  Total Local Usage
	9535  -  Run Bytes Sent By Job
	8930  -  Run Bytes Received By Job
	9535  -  Total Bytes Sent By Job
	8930  -  Total Bytes Received By Job
	Partitionable Resources :    Usage  Request Allocated
	   Cpus                 :                 1         1
	   Disk (KB)            :  2526218 10000000  10562574
	   Memory (MB)          :       71     2100      2100
...
000 (221301.000.000) 07/31 07:07:30 Job submitted from host: <131.225.189.232:9618?addrs=131.225.189.232-9618&noUDP&sock=8982_aaf4_3>
...
001 (221301.000.000) 07/31 07:08:04 Job executing on host: <131.225.207.49:46758?addrs=131.225.207.49-46758>
...
006 (221301.000.000) 07/31 07:08:13 Image size of job updated: 2
	3  -  MemoryUsage of job (MB)
	2424  -  ResidentSetSize of job (KB)
...
006 (221301.000.000) 07/31 07:09:14 Image size of job updated: 447524
	69  -  MemoryUsage of job (MB)
	70476  -  ResidentSetSize of job (KB)
...
005 (221301.000.000) 07/31 07:10:29 Job terminated.
	(1) Normal termination (return value 90)
		Usr 0 00:00:00, Sys 0 00:00:10  -  Run Remote Usage
		Usr 0 00:00:00, Sys 0 00:00:00  -  Run Local Usage
		Usr 0 00:00:00, Sys 0 00:00:10  -  Total Remote Usage
		Usr 0 00:00:00, Sys 0 00:00:00  -  Total Local Usage
	13695  -  Run Bytes Sent By Job
	8930  -  Run Bytes Received By Job
	13695  -  Total Bytes Sent By Job
	8930  -  Total Bytes Received By Job
	Partitionable Resources :    Usage  Request Allocated
	   Cpus                 :                 1         1
	   Disk (KB)            :  2895981 10000000  10459455
	   Memory (MB)          :       69     2100      2100
...
000 (221856.000.000) 07/31 07:12:12 Job submitted from host: <131.225.189.232:9618?addrs=131.225.189.232-9618&noUDP&sock=8982_aaf4_3>
...
001 (221856.000.000) 07/31 07:12:30 Job executing on host: <131.225.191.254:45639?addrs=131.225.191.254-45639>
...
006 (221856.000.000) 07/31 07:12:39 Image size of job updated: 2
	3  -  MemoryUsage of job (MB)
	2428  -  ResidentSetSize of job (KB)
...
006 (221856.000.000) 07/31 07:13:40 Image size of job updated: 447524
	70  -  MemoryUsage of job (MB)
	71352  -  ResidentSetSize of job (KB)
...
006 (221856.000.000) 07/31 07:13:56 Image size of job updated: 494568
	70  -  MemoryUsage of job (MB)
	71352  -  ResidentSetSize of job (KB)
...
005 (221856.000.000) 07/31 07:13:57 Job terminated.
	(1) Normal termination (return value 65)
		Usr 0 00:00:05, Sys 0 00:00:09  -  Run Remote Usage
		Usr 0 00:00:00, Sys 0 00:00:00  -  Run Local Usage
		Usr 0 00:00:05, Sys 0 00:00:09  -  Total Remote Usage
		Usr 0 00:00:00, Sys 0 00:00:00  -  Total Local Usage
	8072  -  Run Bytes Sent By Job
	8930  -  Run Bytes Received By Job
	8072  -  Total Bytes Sent By Job
	8930  -  Total Bytes Received By Job
	Partitionable Resources :    Usage  Request Allocated
	   Cpus                 :                 1         1
	   Disk (KB)            :  3100121 10000000  15889524
	   Memory (MB)          :       70     2100      2100
...
