000 (220625.000.000) 07/31 06:48:36 Job submitted from host: <131.225.189.232:9618?addrs=131.225.189.232-9618&noUDP&sock=8982_aaf4_3>
...
001 (220625.000.000) 07/31 06:48:59 Job executing on host: <131.225.204.107:46513?addrs=131.225.204.107-46513>
...
006 (220625.000.000) 07/31 06:49:08 Image size of job updated: 447524
	71  -  MemoryUsage of job (MB)
	72348  -  ResidentSetSize of job (KB)
...
005 (220625.000.000) 07/31 06:56:58 Job terminated.
	(1) Normal termination (return value 90)
		Usr 0 00:00:02, Sys 0 00:00:24  -  Run Remote Usage
		Usr 0 00:00:00, Sys 0 00:00:00  -  Run Local Usage
		Usr 0 00:00:02, Sys 0 00:00:24  -  Total Remote Usage
		Usr 0 00:00:00, Sys 0 00:00:00  -  Total Local Usage
	27675  -  Run Bytes Sent By Job
	8930  -  Run Bytes Received By Job
	27675  -  Total Bytes Sent By Job
	8930  -  Total Bytes Received By Job
	Partitionable Resources :    Usage  Request Allocated
	   Cpus                 :                 1         1
	   Disk (KB)            :  4869147 10000000  10195413
	   Memory (MB)          :       71     2100      2100
...
000 (221187.000.000) 07/31 07:07:10 Job submitted from host: <131.225.189.232:9618?addrs=131.225.189.232-9618&noUDP&sock=8982_aaf4_3>
...
001 (221187.000.000) 07/31 07:07:41 Job executing on host: <131.225.204.69:34261?addrs=131.225.204.69-34261>
...
006 (221187.000.000) 07/31 07:07:50 Image size of job updated: 381924
	17  -  MemoryUsage of job (MB)
	16992  -  ResidentSetSize of job (KB)
...
006 (221187.000.000) 07/31 07:08:51 Image size of job updated: 447524
	69  -  MemoryUsage of job (MB)
	70300  -  ResidentSetSize of job (KB)
...
005 (221187.000.000) 07/31 07:09:26 Job terminated.
	(1) Normal termination (return value 90)
		Usr 0 00:00:00, Sys 0 00:00:16  -  Run Remote Usage
		Usr 0 00:00:00, Sys 0 00:00:00  -  Run Local Usage
		Usr 0 00:00:00, Sys 0 00:00:16  -  Total Remote Usage
		Usr 0 00:00:00, Sys 0 00:00:00  -  Total Local Usage
	9737  -  Run Bytes Sent By Job
	8930  -  Run Bytes Received By Job
	9737  -  Total Bytes Sent By Job
	8930  -  Total Bytes Received By Job
	Partitionable Resources :    Usage  Request Allocated
	   Cpus                 :                 1         1
	   Disk (KB)            :  5337193 10000000  10379559
	   Memory (MB)          :       69     2100      2100
...
000 (221742.000.000) 07/31 07:11:52 Job submitted from host: <131.225.189.232:9618?addrs=131.225.189.232-9618&noUDP&sock=8982_aaf4_3>
...
001 (221742.000.000) 07/31 07:12:11 Job executing on host: <131.225.206.179:1923?addrs=131.225.206.179-1923>
...
006 (221742.000.000) 07/31 07:12:20 Image size of job updated: 447536
	15  -  MemoryUsage of job (MB)
	15000  -  ResidentSetSize of job (KB)
...
006 (221742.000.000) 07/31 07:13:21 Image size of job updated: 447536
	69  -  MemoryUsage of job (MB)
	70400  -  ResidentSetSize of job (KB)
...
006 (221742.000.000) 07/31 07:18:54 Image size of job updated: 568740
	69  -  MemoryUsage of job (MB)
	70400  -  ResidentSetSize of job (KB)
...
005 (221742.000.000) 07/31 07:18:55 Job terminated.
	(1) Normal termination (return value 65)
		Usr 0 00:00:07, Sys 0 00:00:21  -  Run Remote Usage
		Usr 0 00:00:00, Sys 0 00:00:00  -  Run Local Usage
		Usr 0 00:00:07, Sys 0 00:00:21  -  Total Remote Usage
		Usr 0 00:00:00, Sys 0 00:00:00  -  Total Local Usage
	30612  -  Run Bytes Sent By Job
	8930  -  Run Bytes Received By Job
	30612  -  Total Bytes Sent By Job
	8930  -  Total Bytes Received By Job
	Partitionable Resources :    Usage  Request Allocated
	   Cpus                 :                 1         1
	   Disk (KB)            :  6319661 10000000  10173660
	   Memory (MB)          :       69     2100      2100
...
000 (222304.000.000) 07/31 08:32:36 Job submitted from host: <131.225.189.232:9618?addrs=131.225.189.232-9618&noUDP&sock=8982_aaf4_3>
...
001 (222304.000.000) 07/31 08:33:05 Job executing on host: <131.225.204.98:42544?addrs=131.225.204.98-42544>
...
006 (222304.000.000) 07/31 08:33:14 Image size of job updated: 447524
	71  -  MemoryUsage of job (MB)
	72348  -  ResidentSetSize of job (KB)
...
006 (222304.000.000) 07/31 08:36:16 Image size of job updated: 769968
	71  -  MemoryUsage of job (MB)
	72348  -  ResidentSetSize of job (KB)
...
005 (222304.000.000) 07/31 08:36:17 Job terminated.
	(1) Normal termination (return value 65)
		Usr 0 00:00:13, Sys 0 00:00:17  -  Run Remote Usage
		Usr 0 00:00:00, Sys 0 00:00:00  -  Run Local Usage
		Usr 0 00:00:13, Sys 0 00:00:17  -  Total Remote Usage
		Usr 0 00:00:00, Sys 0 00:00:00  -  Total Local Usage
	15789  -  Run Bytes Sent By Job
	8930  -  Run Bytes Received By Job
	15789  -  Total Bytes Sent By Job
	8930  -  Total Bytes Received By Job
	Partitionable Resources :    Usage  Request Allocated
	   Cpus                 :                 1         1
	   Disk (KB)            :  5978448 10000000  10566534
	   Memory (MB)          :       71     2100      2100
...
000 (222859.000.000) 07/31 08:49:46 Job submitted from host: <131.225.189.232:9618?addrs=131.225.189.232-9618&noUDP&sock=8982_aaf4_3>
...
001 (222859.000.000) 07/31 08:50:16 Job executing on host: <131.225.206.101:25995?addrs=131.225.206.101-25995>
...
006 (222859.000.000) 07/31 08:50:25 Image size of job updated: 447524
	69  -  MemoryUsage of job (MB)
	70284  -  ResidentSetSize of job (KB)
...
006 (222859.000.000) 07/31 08:51:26 Image size of job updated: 447524
	69  -  MemoryUsage of job (MB)
	70404  -  ResidentSetSize of job (KB)
...
006 (222859.000.000) 07/31 08:52:27 Image size of job updated: 447524
	69  -  MemoryUsage of job (MB)
	70412  -  ResidentSetSize of job (KB)
...
006 (222859.000.000) 07/31 08:58:00 Image size of job updated: 769972
	69  -  MemoryUsage of job (MB)
	70412  -  ResidentSetSize of job (KB)
...
005 (222859.000.000) 07/31 08:58:01 Job terminated.
	(1) Normal termination (return value 65)
		Usr 0 00:00:12, Sys 0 00:00:18  -  Run Remote Usage
		Usr 0 00:00:00, Sys 0 00:00:00  -  Run Local Usage
		Usr 0 00:00:12, Sys 0 00:00:18  -  Total Remote Usage
		Usr 0 00:00:00, Sys 0 00:00:00  -  Total Local Usage
	24735  -  Run Bytes Sent By Job
	44439  -  Run Bytes Received By Job
	24735  -  Total Bytes Sent By Job
	44439  -  Total Bytes Received By Job
	Partitionable Resources :    Usage  Request Allocated
	   Cpus                 :                 1         1
	   Disk (KB)            :  4962486 10000000  10487106
	   Memory (MB)          :       69     2100      2100
...
000 (223414.000.000) 07/31 09:06:16 Job submitted from host: <131.225.189.232:9618?addrs=131.225.189.232-9618&noUDP&sock=8982_aaf4_3>
...
