000 (220812.000.000) 07/31 06:49:15 Job submitted from host: <131.225.189.232:9618?addrs=131.225.189.232-9618&noUDP&sock=8982_aaf4_3>
...
001 (220812.000.000) 07/31 06:49:37 Job executing on host: <131.225.189.73:27200?addrs=131.225.189.73-27200>
...
006 (220812.000.000) 07/31 06:49:46 Image size of job updated: 447524
	71  -  MemoryUsage of job (MB)
	72348  -  ResidentSetSize of job (KB)
...
005 (220812.000.000) 07/31 06:51:29 Job terminated.
	(1) Normal termination (return value 90)
		Usr 0 00:00:01, Sys 0 00:00:23  -  Run Remote Usage
		Usr 0 00:00:00, Sys 0 00:00:00  -  Run Local Usage
		Usr 0 00:00:01, Sys 0 00:00:23  -  Total Remote Usage
		Usr 0 00:00:00, Sys 0 00:00:00  -  Total Local Usage
	11597  -  Run Bytes Sent By Job
	8930  -  Run Bytes Received By Job
	11597  -  Total Bytes Sent By Job
	8930  -  Total Bytes Received By Job
	Partitionable Resources :    Usage  Request Allocated
	   Cpus                 :                 1         1
	   Disk (KB)            :  4175827 10000000  15573652
	   Memory (MB)          :       71     2100      2100
...
000 (221374.000.000) 07/31 07:07:43 Job submitted from host: <131.225.189.232:9618?addrs=131.225.189.232-9618&noUDP&sock=8982_aaf4_3>
...
001 (221374.000.000) 07/31 07:08:18 Job executing on host: <131.225.206.41:8370?addrs=131.225.206.41-8370>
...
006 (221374.000.000) 07/31 07:08:27 Image size of job updated: 447536
	27  -  MemoryUsage of job (MB)
	27292  -  ResidentSetSize of job (KB)
...
006 (221374.000.000) 07/31 07:09:28 Image size of job updated: 447536
	70  -  MemoryUsage of job (MB)
	71356  -  ResidentSetSize of job (KB)
...
000 (221929.000.000) 07/31 07:12:24 Job submitted from host: <131.225.189.232:9618?addrs=131.225.189.232-9618&noUDP&sock=8982_aaf4_3>
...
005 (221374.000.000) 07/31 07:12:46 Job terminated.
	(1) Normal termination (return value 90)
		Usr 0 00:00:01, Sys 0 00:00:22  -  Run Remote Usage
		Usr 0 00:00:00, Sys 0 00:00:00  -  Run Local Usage
		Usr 0 00:00:01, Sys 0 00:00:22  -  Total Remote Usage
		Usr 0 00:00:00, Sys 0 00:00:00  -  Total Local Usage
	24946  -  Run Bytes Sent By Job
	8930  -  Run Bytes Received By Job
	24946  -  Total Bytes Sent By Job
	8930  -  Total Bytes Received By Job
	Partitionable Resources :    Usage  Request Allocated
	   Cpus                 :                 1         1
	   Disk (KB)            :  6238328 10000000  10266045
	   Memory (MB)          :       70     2100      2100
...
001 (221929.000.000) 07/31 07:13:11 Job executing on host: <131.225.204.66:53648?addrs=131.225.204.66-53648>
...
006 (221929.000.000) 07/31 07:13:19 Image size of job updated: 447524
	71  -  MemoryUsage of job (MB)
	72340  -  ResidentSetSize of job (KB)
...
006 (221929.000.000) 07/31 07:15:19 Image size of job updated: 670380
	387  -  MemoryUsage of job (MB)
	395988  -  ResidentSetSize of job (KB)
...
005 (221929.000.000) 07/31 07:15:26 Job terminated.
	(1) Normal termination (return value 65)
		Usr 0 00:00:07, Sys 0 00:00:18  -  Run Remote Usage
		Usr 0 00:00:00, Sys 0 00:00:00  -  Run Local Usage
		Usr 0 00:00:07, Sys 0 00:00:18  -  Total Remote Usage
		Usr 0 00:00:00, Sys 0 00:00:00  -  Total Local Usage
	9946  -  Run Bytes Sent By Job
	8930  -  Run Bytes Received By Job
	9946  -  Total Bytes Sent By Job
	8930  -  Total Bytes Received By Job
	Partitionable Resources :    Usage  Request Allocated
	   Cpus                 :                 1         1
	   Disk (KB)            :  6496373 10000000  13246260
	   Memory (MB)          :      387     2100      2100
...
000 (222491.000.000) 07/31 08:32:50 Job submitted from host: <131.225.189.232:9618?addrs=131.225.189.232-9618&noUDP&sock=8982_aaf4_3>
...
001 (222491.000.000) 07/31 08:33:43 Job executing on host: <131.225.191.153:31312?addrs=131.225.191.153-31312>
...
006 (222491.000.000) 07/31 08:33:52 Image size of job updated: 447524
	71  -  MemoryUsage of job (MB)
	72352  -  ResidentSetSize of job (KB)
...
006 (222491.000.000) 07/31 08:37:57 Image size of job updated: 770740
	471  -  MemoryUsage of job (MB)
	481652  -  ResidentSetSize of job (KB)
...
005 (222491.000.000) 07/31 08:38:44 Job terminated.
	(1) Normal termination (return value 65)
		Usr 0 00:00:12, Sys 0 00:00:22  -  Run Remote Usage
		Usr 0 00:00:00, Sys 0 00:00:00  -  Run Local Usage
		Usr 0 00:00:12, Sys 0 00:00:22  -  Total Remote Usage
		Usr 0 00:00:00, Sys 0 00:00:00  -  Total Local Usage
	18923  -  Run Bytes Sent By Job
	8930  -  Run Bytes Received By Job
	18923  -  Total Bytes Sent By Job
	8930  -  Total Bytes Received By Job
	Partitionable Resources :    Usage  Request Allocated
	   Cpus                 :                 1         1
	   Disk (KB)            :  6499249 10000000  11826784
	   Memory (MB)          :      471     2100      2100
...
