000 (220991.000.000) 07/31 06:49:54 Job submitted from host: <131.225.189.232:9618?addrs=131.225.189.232-9618&noUDP&sock=8982_aaf4_3>
...
001 (220991.000.000) 07/31 06:50:59 Job executing on host: <131.225.206.18:10358?addrs=131.225.206.18-10358>
...
006 (220991.000.000) 07/31 06:51:07 Image size of job updated: 2
	3  -  MemoryUsage of job (MB)
	2432  -  ResidentSetSize of job (KB)
...
006 (220991.000.000) 07/31 06:52:07 Image size of job updated: 447524
	71  -  MemoryUsage of job (MB)
	72344  -  ResidentSetSize of job (KB)
...
005 (220991.000.000) 07/31 06:55:52 Job terminated.
	(1) Normal termination (return value 90)
		Usr 0 00:00:02, Sys 0 00:00:25  -  Run Remote Usage
		Usr 0 00:00:00, Sys 0 00:00:00  -  Run Local Usage
		Usr 0 00:00:02, Sys 0 00:00:25  -  Total Remote Usage
		Usr 0 00:00:00, Sys 0 00:00:00  -  Total Local Usage
	26345  -  Run Bytes Sent By Job
	8930  -  Run Bytes Received By Job
	26345  -  Total Bytes Sent By Job
	8930  -  Total Bytes Received By Job
	Partitionable Resources :    Usage  Request Allocated
	   Cpus                 :                 1         1
	   Disk (KB)            :  4836377 10000000  10324710
	   Memory (MB)          :       71     2100      2100
...
000 (221553.000.000) 07/31 07:08:15 Job submitted from host: <131.225.189.232:9618?addrs=131.225.189.232-9618&noUDP&sock=8982_aaf4_3>
...
001 (221553.000.000) 07/31 07:09:23 Job executing on host: <131.225.206.226:52361?addrs=131.225.206.226-52361>
...
006 (221553.000.000) 07/31 07:09:31 Image size of job updated: 2
	3  -  MemoryUsage of job (MB)
	2420  -  ResidentSetSize of job (KB)
...
006 (221553.000.000) 07/31 07:10:31 Image size of job updated: 447524
	71  -  MemoryUsage of job (MB)
	72344  -  ResidentSetSize of job (KB)
...
000 (222108.000.000) 07/31 07:12:54 Job submitted from host: <131.225.189.232:9618?addrs=131.225.189.232-9618&noUDP&sock=8982_aaf4_3>
...
005 (221553.000.000) 07/31 07:14:10 Job terminated.
	(1) Normal termination (return value 90)
		Usr 0 00:00:02, Sys 0 00:00:21  -  Run Remote Usage
		Usr 0 00:00:00, Sys 0 00:00:00  -  Run Local Usage
		Usr 0 00:00:02, Sys 0 00:00:21  -  Total Remote Usage
		Usr 0 00:00:00, Sys 0 00:00:00  -  Total Local Usage
	26429  -  Run Bytes Sent By Job
	8930  -  Run Bytes Received By Job
	26429  -  Total Bytes Sent By Job
	8930  -  Total Bytes Received By Job
	Partitionable Resources :    Usage  Request Allocated
	   Cpus                 :                 1         1
	   Disk (KB)            :  5779576 10000000  11380156
	   Memory (MB)          :       71     2100      2100
...
001 (222108.000.000) 07/31 07:14:38 Job executing on host: <131.225.206.206:31171?addrs=131.225.206.206-31171>
...
006 (222108.000.000) 07/31 07:14:46 Image size of job updated: 447524
	71  -  MemoryUsage of job (MB)
	72348  -  ResidentSetSize of job (KB)
...
006 (222108.000.000) 07/31 07:16:46 Image size of job updated: 493968
	204  -  MemoryUsage of job (MB)
	208852  -  ResidentSetSize of job (KB)
...
006 (222108.000.000) 07/31 07:17:05 Image size of job updated: 751544
	204  -  MemoryUsage of job (MB)
	208852  -  ResidentSetSize of job (KB)
...
005 (222108.000.000) 07/31 07:17:06 Job terminated.
	(1) Normal termination (return value 65)
		Usr 0 00:00:10, Sys 0 00:00:16  -  Run Remote Usage
		Usr 0 00:00:00, Sys 0 00:00:00  -  Run Local Usage
		Usr 0 00:00:10, Sys 0 00:00:16  -  Total Remote Usage
		Usr 0 00:00:00, Sys 0 00:00:00  -  Total Local Usage
	9865  -  Run Bytes Sent By Job
	8930  -  Run Bytes Received By Job
	9865  -  Total Bytes Sent By Job
	8930  -  Total Bytes Received By Job
	Partitionable Resources :    Usage  Request Allocated
	   Cpus                 :                 1         1
	   Disk (KB)            :  6626800 10000000  12152588
	   Memory (MB)          :      204     2100      2100
...
000 (222670.000.000) 07/31 08:33:03 Job submitted from host: <131.225.189.232:9618?addrs=131.225.189.232-9618&noUDP&sock=8982_aaf4_3>
...
001 (222670.000.000) 07/31 08:35:05 Job executing on host: <131.225.204.83:38868?addrs=131.225.204.83-38868>
...
006 (222670.000.000) 07/31 08:35:13 Image size of job updated: 447524
	70  -  MemoryUsage of job (MB)
	70988  -  ResidentSetSize of job (KB)
...
006 (222670.000.000) 07/31 08:36:13 Image size of job updated: 447524
	70  -  MemoryUsage of job (MB)
	70996  -  ResidentSetSize of job (KB)
...
006 (222670.000.000) 07/31 08:38:38 Image size of job updated: 740272
	70  -  MemoryUsage of job (MB)
	70996  -  ResidentSetSize of job (KB)
...
005 (222670.000.000) 07/31 08:38:39 Job terminated.
	(1) Normal termination (return value 65)
		Usr 0 00:00:12, Sys 0 00:00:15  -  Run Remote Usage
		Usr 0 00:00:00, Sys 0 00:00:00  -  Run Local Usage
		Usr 0 00:00:12, Sys 0 00:00:15  -  Total Remote Usage
		Usr 0 00:00:00, Sys 0 00:00:00  -  Total Local Usage
	19117  -  Run Bytes Sent By Job
	8930  -  Run Bytes Received By Job
	19117  -  Total Bytes Sent By Job
	8930  -  Total Bytes Received By Job
	Partitionable Resources :    Usage  Request Allocated
	   Cpus                 :                 1         1
	   Disk (KB)            :  6629677 10000000  10071993
	   Memory (MB)          :       70     2100      2100
...
