000 (220758.000.000) 07/31 06:49:04 Job submitted from host: <131.225.189.232:9618?addrs=131.225.189.232-9618&noUDP&sock=8982_aaf4_3>
...
001 (220758.000.000) 07/31 06:49:24 Job executing on host: <131.225.204.36:9074?addrs=131.225.204.36-9074>
...
006 (220758.000.000) 07/31 06:49:33 Image size of job updated: 447524
	71  -  MemoryUsage of job (MB)
	72404  -  ResidentSetSize of job (KB)
...
005 (220758.000.000) 07/31 06:55:14 Job terminated.
	(1) Normal termination (return value 90)
		Usr 0 00:00:02, Sys 0 00:00:15  -  Run Remote Usage
		Usr 0 00:00:00, Sys 0 00:00:00  -  Run Local Usage
		Usr 0 00:00:02, Sys 0 00:00:15  -  Total Remote Usage
		Usr 0 00:00:00, Sys 0 00:00:00  -  Total Local Usage
	30470  -  Run Bytes Sent By Job
	8930  -  Run Bytes Received By Job
	30470  -  Total Bytes Sent By Job
	8930  -  Total Bytes Received By Job
	Partitionable Resources :    Usage  Request Allocated
	   Cpus                 :                 1         1
	   Disk (KB)            :  5655581 10000000  10343571
	   Memory (MB)          :       71     2100      2100
...
000 (221320.000.000) 07/31 07:07:34 Job submitted from host: <131.225.189.232:9618?addrs=131.225.189.232-9618&noUDP&sock=8982_aaf4_3>
...
001 (221320.000.000) 07/31 07:08:07 Job executing on host: <131.225.204.111:64921?addrs=131.225.204.111-64921>
...
006 (221320.000.000) 07/31 07:08:16 Image size of job updated: 2
	3  -  MemoryUsage of job (MB)
	2424  -  ResidentSetSize of job (KB)
...
006 (221320.000.000) 07/31 07:09:18 Image size of job updated: 447524
	71  -  MemoryUsage of job (MB)
	72348  -  ResidentSetSize of job (KB)
...
000 (221875.000.000) 07/31 07:12:15 Job submitted from host: <131.225.189.232:9618?addrs=131.225.189.232-9618&noUDP&sock=8982_aaf4_3>
...
001 (221875.000.000) 07/31 07:12:33 Job executing on host: <131.225.205.181:33762?addrs=131.225.205.181-33762>
...
006 (221875.000.000) 07/31 07:12:42 Image size of job updated: 447524
	71  -  MemoryUsage of job (MB)
	72352  -  ResidentSetSize of job (KB)
...
006 (221875.000.000) 07/31 07:14:45 Image size of job updated: 686516
	402  -  MemoryUsage of job (MB)
	411000  -  ResidentSetSize of job (KB)
...
005 (221875.000.000) 07/31 07:14:51 Job terminated.
	(1) Normal termination (return value 65)
		Usr 0 00:00:11, Sys 0 00:00:20  -  Run Remote Usage
		Usr 0 00:00:00, Sys 0 00:00:00  -  Run Local Usage
		Usr 0 00:00:11, Sys 0 00:00:20  -  Total Remote Usage
		Usr 0 00:00:00, Sys 0 00:00:00  -  Total Local Usage
	11334  -  Run Bytes Sent By Job
	8930  -  Run Bytes Received By Job
	11334  -  Total Bytes Sent By Job
	8930  -  Total Bytes Received By Job
	Partitionable Resources :    Usage  Request Allocated
	   Cpus                 :                 1         1
	   Disk (KB)            :  6418306 10000000  17106113
	   Memory (MB)          :      402     2100      2100
...
005 (221320.000.000) 07/31 07:16:18 Job terminated.
	(1) Normal termination (return value 90)
		Usr 0 00:00:02, Sys 0 00:00:28  -  Run Remote Usage
		Usr 0 00:00:00, Sys 0 00:00:00  -  Run Local Usage
		Usr 0 00:00:02, Sys 0 00:00:28  -  Total Remote Usage
		Usr 0 00:00:00, Sys 0 00:00:00  -  Total Local Usage
	33963  -  Run Bytes Sent By Job
	8930  -  Run Bytes Received By Job
	33963  -  Total Bytes Sent By Job
	8930  -  Total Bytes Received By Job
	Partitionable Resources :    Usage  Request Allocated
	   Cpus                 :                 1         1
	   Disk (KB)            :  5451902 10000000  10479189
	   Memory (MB)          :       71     2100      2100
...
