000 (220503.000.000) 07/31 06:48:10 Job submitted from host: <131.225.189.232:9618?addrs=131.225.189.232-9618&noUDP&sock=8982_aaf4_3>
...
001 (220503.000.000) 07/31 06:48:26 Job executing on host: <131.225.206.94:64699?addrs=131.225.206.94-64699>
...
006 (220503.000.000) 07/31 06:48:35 Image size of job updated: 447524
	71  -  MemoryUsage of job (MB)
	72348  -  ResidentSetSize of job (KB)
...
005 (220503.000.000) 07/31 06:50:07 Job terminated.
	(1) Normal termination (return value 90)
		Usr 0 00:00:00, Sys 0 00:00:16  -  Run Remote Usage
		Usr 0 00:00:00, Sys 0 00:00:00  -  Run Local Usage
		Usr 0 00:00:00, Sys 0 00:00:16  -  Total Remote Usage
		Usr 0 00:00:00, Sys 0 00:00:00  -  Total Local Usage
	11053  -  Run Bytes Sent By Job
	8930  -  Run Bytes Received By Job
	11053  -  Total Bytes Sent By Job
	8930  -  Total Bytes Received By Job
	Partitionable Resources :    Usage  Request Allocated
	   Cpus                 :                 1         1
	   Disk (KB)            :  4623370 10000000  10353396
	   Memory (MB)          :       71     2100      2100
...
000 (221065.000.000) 07/31 07:06:49 Job submitted from host: <131.225.189.232:9618?addrs=131.225.189.232-9618&noUDP&sock=8982_aaf4_3>
...
001 (221065.000.000) 07/31 07:07:07 Job executing on host: <131.225.207.179:14180?addrs=131.225.207.179-14180>
...
006 (221065.000.000) 07/31 07:07:16 Image size of job updated: 447524
	16  -  MemoryUsage of job (MB)
	16224  -  ResidentSetSize of job (KB)
...
005 (221065.000.000) 07/31 07:08:33 Job terminated.
	(1) Normal termination (return value 90)
		Usr 0 00:00:00, Sys 0 00:00:17  -  Run Remote Usage
		Usr 0 00:00:00, Sys 0 00:00:00  -  Run Local Usage
		Usr 0 00:00:00, Sys 0 00:00:17  -  Total Remote Usage
		Usr 0 00:00:00, Sys 0 00:00:00  -  Total Local Usage
	7861  -  Run Bytes Sent By Job
	8930  -  Run Bytes Received By Job
	7861  -  Total Bytes Sent By Job
	8930  -  Total Bytes Received By Job
	Partitionable Resources :    Usage  Request Allocated
	   Cpus                 :                 1         1
	   Disk (KB)            :  6224351 10000000  10168548
	   Memory (MB)          :       16     2100      2100
...
000 (221620.000.000) 07/31 07:11:31 Job submitted from host: <131.225.189.232:9618?addrs=131.225.189.232-9618&noUDP&sock=8982_aaf4_3>
...
001 (221620.000.000) 07/31 07:11:42 Job executing on host: <131.225.190.29:47208?addrs=131.225.190.29-47208>
...
006 (221620.000.000) 07/31 07:11:50 Image size of job updated: 447524
	71  -  MemoryUsage of job (MB)
	72348  -  ResidentSetSize of job (KB)
...
006 (221620.000.000) 07/31 07:13:51 Image size of job updated: 447524
	165  -  MemoryUsage of job (MB)
	168056  -  ResidentSetSize of job (KB)
...
006 (221620.000.000) 07/31 07:14:16 Image size of job updated: 768940
	165  -  MemoryUsage of job (MB)
	168056  -  ResidentSetSize of job (KB)
...
005 (221620.000.000) 07/31 07:14:16 Job terminated.
	(1) Normal termination (return value 65)
		Usr 0 00:00:15, Sys 0 00:00:22  -  Run Remote Usage
		Usr 0 00:00:00, Sys 0 00:00:00  -  Run Local Usage
		Usr 0 00:00:15, Sys 0 00:00:22  -  Total Remote Usage
		Usr 0 00:00:00, Sys 0 00:00:00  -  Total Local Usage
	13220  -  Run Bytes Sent By Job
	8930  -  Run Bytes Received By Job
	13220  -  Total Bytes Sent By Job
	8930  -  Total Bytes Received By Job
	Partitionable Resources :    Usage  Request Allocated
	   Cpus                 :                 1         1
	   Disk (KB)            :  6223768 10000000  15846654
	   Memory (MB)          :      165     2100      2100
...
000 (222182.000.000) 07/31 08:32:28 Job submitted from host: <131.225.189.232:9618?addrs=131.225.189.232-9618&noUDP&sock=8982_aaf4_3>
...
001 (222182.000.000) 07/31 08:32:41 Job executing on host: <131.225.207.161:39856?addrs=131.225.207.161-39856>
...
006 (222182.000.000) 07/31 08:32:49 Image size of job updated: 2
	3  -  MemoryUsage of job (MB)
	2424  -  ResidentSetSize of job (KB)
...
006 (222182.000.000) 07/31 08:33:49 Image size of job updated: 447524
	71  -  MemoryUsage of job (MB)
	72408  -  ResidentSetSize of job (KB)
...
005 (222182.000.000) 07/31 08:35:43 Job terminated.
	(1) Normal termination (return value 65)
		Usr 0 00:00:02, Sys 0 00:00:17  -  Run Remote Usage
		Usr 0 00:00:00, Sys 0 00:00:00  -  Run Local Usage
		Usr 0 00:00:02, Sys 0 00:00:17  -  Total Remote Usage
		Usr 0 00:00:00, Sys 0 00:00:00  -  Total Local Usage
	16229  -  Run Bytes Sent By Job
	8930  -  Run Bytes Received By Job
	16229  -  Total Bytes Sent By Job
	8930  -  Total Bytes Received By Job
	Partitionable Resources :    Usage  Request Allocated
	   Cpus                 :                 1         1
	   Disk (KB)            :  5470544 10000000  10115421
	   Memory (MB)          :       71     2100      2100
...
000 (222737.000.000) 07/31 08:49:38 Job submitted from host: <131.225.189.232:9618?addrs=131.225.189.232-9618&noUDP&sock=8982_aaf4_3>
...
001 (222737.000.000) 07/31 08:49:52 Job executing on host: <131.225.206.227:4317?addrs=131.225.206.227-4317>
...
006 (222737.000.000) 07/31 08:50:00 Image size of job updated: 2
	3  -  MemoryUsage of job (MB)
	2424  -  ResidentSetSize of job (KB)
...
006 (222737.000.000) 07/31 08:51:00 Image size of job updated: 447524
	70  -  MemoryUsage of job (MB)
	71356  -  ResidentSetSize of job (KB)
...
006 (222737.000.000) 07/31 08:52:01 Image size of job updated: 715444
	431  -  MemoryUsage of job (MB)
	441240  -  ResidentSetSize of job (KB)
...
005 (222737.000.000) 07/31 08:52:08 Job terminated.
	(1) Normal termination (return value 65)
		Usr 0 00:00:10, Sys 0 00:00:13  -  Run Remote Usage
		Usr 0 00:00:00, Sys 0 00:00:00  -  Run Local Usage
		Usr 0 00:00:10, Sys 0 00:00:13  -  Total Remote Usage
		Usr 0 00:00:00, Sys 0 00:00:00  -  Total Local Usage
	9132  -  Run Bytes Sent By Job
	44439  -  Run Bytes Received By Job
	9132  -  Total Bytes Sent By Job
	44439  -  Total Bytes Received By Job
	Partitionable Resources :    Usage  Request Allocated
	   Cpus                 :                 1         1
	   Disk (KB)            :  6226468 10000000  11750576
	   Memory (MB)          :      431     2100      2100
...
000 (223292.000.000) 07/31 09:06:09 Job submitted from host: <131.225.189.232:9618?addrs=131.225.189.232-9618&noUDP&sock=8982_aaf4_3>
...
001 (223292.000.000) 07/31 09:08:50 Job executing on host: <131.225.205.159:25851?addrs=131.225.205.159-25851>
...
006 (223292.000.000) 07/31 09:08:59 Image size of job updated: 447532
	41  -  MemoryUsage of job (MB)
	41344  -  ResidentSetSize of job (KB)
...
006 (223292.000.000) 07/31 09:10:00 Image size of job updated: 447532
	69  -  MemoryUsage of job (MB)
	70412  -  ResidentSetSize of job (KB)
...
