000 (220813.000.000) 07/31 06:49:16 Job submitted from host: <131.225.189.232:9618?addrs=131.225.189.232-9618&noUDP&sock=8982_aaf4_3>
...
001 (220813.000.000) 07/31 06:49:37 Job executing on host: <131.225.190.29:47208?addrs=131.225.190.29-47208>
...
006 (220813.000.000) 07/31 06:49:46 Image size of job updated: 447524
	70  -  MemoryUsage of job (MB)
	71360  -  ResidentSetSize of job (KB)
...
005 (220813.000.000) 07/31 06:52:18 Job terminated.
	(1) Normal termination (return value 90)
		Usr 0 00:00:03, Sys 0 00:00:30  -  Run Remote Usage
		Usr 0 00:00:00, Sys 0 00:00:00  -  Run Local Usage
		Usr 0 00:00:03, Sys 0 00:00:30  -  Total Remote Usage
		Usr 0 00:00:00, Sys 0 00:00:00  -  Total Local Usage
	16212  -  Run Bytes Sent By Job
	8930  -  Run Bytes Received By Job
	16212  -  Total Bytes Sent By Job
	8930  -  Total Bytes Received By Job
	Partitionable Resources :    Usage  Request Allocated
	   Cpus                 :                 1         1
	   Disk (KB)            :  5606416 10000000  15860372
	   Memory (MB)          :       70     2100      2100
...
000 (221375.000.000) 07/31 07:07:43 Job submitted from host: <131.225.189.232:9618?addrs=131.225.189.232-9618&noUDP&sock=8982_aaf4_3>
...
001 (221375.000.000) 07/31 07:08:18 Job executing on host: <131.225.206.154:8489?addrs=131.225.206.154-8489>
...
006 (221375.000.000) 07/31 07:08:27 Image size of job updated: 447524
	71  -  MemoryUsage of job (MB)
	72352  -  ResidentSetSize of job (KB)
...
000 (221930.000.000) 07/31 07:12:25 Job submitted from host: <131.225.189.232:9618?addrs=131.225.189.232-9618&noUDP&sock=8982_aaf4_3>
...
005 (221375.000.000) 07/31 07:12:56 Job terminated.
	(1) Normal termination (return value 90)
		Usr 0 00:00:01, Sys 0 00:00:24  -  Run Remote Usage
		Usr 0 00:00:00, Sys 0 00:00:00  -  Run Local Usage
		Usr 0 00:00:01, Sys 0 00:00:24  -  Total Remote Usage
		Usr 0 00:00:00, Sys 0 00:00:00  -  Total Local Usage
	16620  -  Run Bytes Sent By Job
	8930  -  Run Bytes Received By Job
	16620  -  Total Bytes Sent By Job
	8930  -  Total Bytes Received By Job
	Partitionable Resources :    Usage  Request Allocated
	   Cpus                 :                 1         1
	   Disk (KB)            :  5294395 10000000  10412688
	   Memory (MB)          :       71     2100      2100
...
001 (221930.000.000) 07/31 07:13:11 Job executing on host: <131.225.204.33:65431?addrs=131.225.204.33-65431>
...
006 (221930.000.000) 07/31 07:13:20 Image size of job updated: 2
	3  -  MemoryUsage of job (MB)
	2424  -  ResidentSetSize of job (KB)
...
006 (221930.000.000) 07/31 07:14:21 Image size of job updated: 447524
	71  -  MemoryUsage of job (MB)
	72344  -  ResidentSetSize of job (KB)
...
006 (221930.000.000) 07/31 07:16:22 Image size of job updated: 447524
	165  -  MemoryUsage of job (MB)
	168104  -  ResidentSetSize of job (KB)
...
006 (221930.000.000) 07/31 07:16:48 Image size of job updated: 772792
	165  -  MemoryUsage of job (MB)
	168104  -  ResidentSetSize of job (KB)
...
005 (221930.000.000) 07/31 07:16:49 Job terminated.
	(1) Normal termination (return value 65)
		Usr 0 00:00:11, Sys 0 00:00:20  -  Run Remote Usage
		Usr 0 00:00:00, Sys 0 00:00:00  -  Run Local Usage
		Usr 0 00:00:11, Sys 0 00:00:20  -  Total Remote Usage
		Usr 0 00:00:00, Sys 0 00:00:00  -  Total Local Usage
	14472  -  Run Bytes Sent By Job
	8930  -  Run Bytes Received By Job
	14472  -  Total Bytes Sent By Job
	8930  -  Total Bytes Received By Job
	Partitionable Resources :    Usage  Request Allocated
	   Cpus                 :                 1         1
	   Disk (KB)            :  6747381 10000000  10365855
	   Memory (MB)          :      165     2100      2100
...
000 (222492.000.000) 07/31 08:32:50 Job submitted from host: <131.225.189.232:9618?addrs=131.225.189.232-9618&noUDP&sock=8982_aaf4_3>
...
001 (222492.000.000) 07/31 08:33:43 Job executing on host: <131.225.204.86:61374?addrs=131.225.204.86-61374>
...
006 (222492.000.000) 07/31 08:33:52 Image size of job updated: 2
	3  -  MemoryUsage of job (MB)
	2424  -  ResidentSetSize of job (KB)
...
006 (222492.000.000) 07/31 08:34:53 Image size of job updated: 447524
	69  -  MemoryUsage of job (MB)
	70320  -  ResidentSetSize of job (KB)
...
006 (222492.000.000) 07/31 08:38:00 Image size of job updated: 773040
	478  -  MemoryUsage of job (MB)
	488896  -  ResidentSetSize of job (KB)
...
005 (222492.000.000) 07/31 08:38:05 Job terminated.
	(1) Normal termination (return value 65)
		Usr 0 00:00:11, Sys 0 00:00:21  -  Run Remote Usage
		Usr 0 00:00:00, Sys 0 00:00:00  -  Run Local Usage
		Usr 0 00:00:11, Sys 0 00:00:21  -  Total Remote Usage
		Usr 0 00:00:00, Sys 0 00:00:00  -  Total Local Usage
	22177  -  Run Bytes Sent By Job
	8930  -  Run Bytes Received By Job
	22177  -  Total Bytes Sent By Job
	8930  -  Total Bytes Received By Job
	Partitionable Resources :    Usage  Request Allocated
	   Cpus                 :                 1         1
	   Disk (KB)            :  6750257 10000000  10216596
	   Memory (MB)          :      478     2100      2100
...
000 (223047.000.000) 07/31 08:49:56 Job submitted from host: <131.225.189.232:9618?addrs=131.225.189.232-9618&noUDP&sock=8982_aaf4_3>
...
001 (223047.000.000) 07/31 08:50:54 Job executing on host: <131.225.206.161:35541?addrs=131.225.206.161-35541>
...
006 (223047.000.000) 07/31 08:51:03 Image size of job updated: 2
	3  -  MemoryUsage of job (MB)
	2424  -  ResidentSetSize of job (KB)
...
006 (223047.000.000) 07/31 08:52:04 Image size of job updated: 447524
	69  -  MemoryUsage of job (MB)
	70324  -  ResidentSetSize of job (KB)
...
006 (223047.000.000) 07/31 08:53:30 Image size of job updated: 677044
	69  -  MemoryUsage of job (MB)
	70324  -  ResidentSetSize of job (KB)
...
005 (223047.000.000) 07/31 08:53:31 Job terminated.
	(1) Normal termination (return value 65)
		Usr 0 00:00:09, Sys 0 00:00:16  -  Run Remote Usage
		Usr 0 00:00:00, Sys 0 00:00:00  -  Run Local Usage
		Usr 0 00:00:09, Sys 0 00:00:16  -  Total Remote Usage
		Usr 0 00:00:00, Sys 0 00:00:00  -  Total Local Usage
	12483  -  Run Bytes Sent By Job
	44439  -  Run Bytes Received By Job
	12483  -  Total Bytes Sent By Job
	44439  -  Total Bytes Received By Job
	Partitionable Resources :    Usage  Request Allocated
	   Cpus                 :                 1         1
	   Disk (KB)            :  6650028 10000000  12321768
	   Memory (MB)          :       69     2100      2100
...
000 (223602.000.000) 07/31 09:06:24 Job submitted from host: <131.225.189.232:9618?addrs=131.225.189.232-9618&noUDP&sock=8982_aaf4_3>
...
