000 (220501.000.000) 07/31 06:48:10 Job submitted from host: <131.225.189.232:9618?addrs=131.225.189.232-9618&noUDP&sock=8982_aaf4_3>
...
001 (220501.000.000) 07/31 06:48:26 Job executing on host: <131.225.206.48:7420?addrs=131.225.206.48-7420>
...
006 (220501.000.000) 07/31 06:48:35 Image size of job updated: 76872
	15  -  MemoryUsage of job (MB)
	15332  -  ResidentSetSize of job (KB)
...
006 (220501.000.000) 07/31 06:49:36 Image size of job updated: 447524
	70  -  MemoryUsage of job (MB)
	71352  -  ResidentSetSize of job (KB)
...
005 (220501.000.000) 07/31 06:52:24 Job terminated.
	(1) Normal termination (return value 90)
		Usr 0 00:00:02, Sys 0 00:00:14  -  Run Remote Usage
		Usr 0 00:00:00, Sys 0 00:00:00  -  Run Local Usage
		Usr 0 00:00:02, Sys 0 00:00:14  -  Total Remote Usage
		Usr 0 00:00:00, Sys 0 00:00:00  -  Total Local Usage
	21068  -  Run Bytes Sent By Job
	8930  -  Run Bytes Received By Job
	21068  -  Total Bytes Sent By Job
	8930  -  Total Bytes Received By Job
	Partitionable Resources :    Usage  Request Allocated
	   Cpus                 :                 1         1
	   Disk (KB)            :  5573651 10000000  10259478
	   Memory (MB)          :       70     2100      2100
...
000 (221063.000.000) 07/31 07:06:49 Job submitted from host: <131.225.189.232:9618?addrs=131.225.189.232-9618&noUDP&sock=8982_aaf4_3>
...
001 (221063.000.000) 07/31 07:07:06 Job executing on host: <131.225.204.101:56622?addrs=131.225.204.101-56622>
...
006 (221063.000.000) 07/31 07:07:15 Image size of job updated: 447524
	71  -  MemoryUsage of job (MB)
	72348  -  ResidentSetSize of job (KB)
...
005 (221063.000.000) 07/31 07:09:10 Job terminated.
	(1) Normal termination (return value 90)
		Usr 0 00:00:01, Sys 0 00:00:12  -  Run Remote Usage
		Usr 0 00:00:00, Sys 0 00:00:00  -  Run Local Usage
		Usr 0 00:00:01, Sys 0 00:00:12  -  Total Remote Usage
		Usr 0 00:00:00, Sys 0 00:00:00  -  Total Local Usage
	10878  -  Run Bytes Sent By Job
	8930  -  Run Bytes Received By Job
	10878  -  Total Bytes Sent By Job
	8930  -  Total Bytes Received By Job
	Partitionable Resources :    Usage  Request Allocated
	   Cpus                 :                 1         1
	   Disk (KB)            :  3338343 10000000  10203636
	   Memory (MB)          :       71     2100      2100
...
000 (221618.000.000) 07/31 07:11:31 Job submitted from host: <131.225.189.232:9618?addrs=131.225.189.232-9618&noUDP&sock=8982_aaf4_3>
...
001 (221618.000.000) 07/31 07:11:39 Job executing on host: <131.225.206.218:37050?addrs=131.225.206.218-37050>
...
006 (221618.000.000) 07/31 07:11:48 Image size of job updated: 447524
	71  -  MemoryUsage of job (MB)
	72344  -  ResidentSetSize of job (KB)
...
006 (221618.000.000) 07/31 07:15:44 Image size of job updated: 644272
	71  -  MemoryUsage of job (MB)
	72344  -  ResidentSetSize of job (KB)
...
005 (221618.000.000) 07/31 07:15:44 Job terminated.
	(1) Normal termination (return value 65)
		Usr 0 00:00:08, Sys 0 00:00:19  -  Run Remote Usage
		Usr 0 00:00:00, Sys 0 00:00:00  -  Run Local Usage
		Usr 0 00:00:08, Sys 0 00:00:19  -  Total Remote Usage
		Usr 0 00:00:00, Sys 0 00:00:00  -  Total Local Usage
	13317  -  Run Bytes Sent By Job
	8930  -  Run Bytes Received By Job
	13317  -  Total Bytes Sent By Job
	8930  -  Total Bytes Received By Job
	Partitionable Resources :    Usage  Request Allocated
	   Cpus                 :                 1         1
	   Disk (KB)            :  6369075 10000000  11402392
	   Memory (MB)          :       71     2100      2100
...
000 (222180.000.000) 07/31 08:32:28 Job submitted from host: <131.225.189.232:9618?addrs=131.225.189.232-9618&noUDP&sock=8982_aaf4_3>
...
001 (222180.000.000) 07/31 08:32:41 Job executing on host: <131.225.206.242:5865?addrs=131.225.206.242-5865>
...
006 (222180.000.000) 07/31 08:32:50 Image size of job updated: 447524
	53  -  MemoryUsage of job (MB)
	53924  -  ResidentSetSize of job (KB)
...
006 (222180.000.000) 07/31 08:33:51 Image size of job updated: 447524
	70  -  MemoryUsage of job (MB)
	71256  -  ResidentSetSize of job (KB)
...
006 (222180.000.000) 07/31 08:36:42 Image size of job updated: 769964
	70  -  MemoryUsage of job (MB)
	71256  -  ResidentSetSize of job (KB)
...
005 (222180.000.000) 07/31 08:36:43 Job terminated.
	(1) Normal termination (return value 65)
		Usr 0 00:00:12, Sys 0 00:00:16  -  Run Remote Usage
		Usr 0 00:00:00, Sys 0 00:00:00  -  Run Local Usage
		Usr 0 00:00:12, Sys 0 00:00:16  -  Total Remote Usage
		Usr 0 00:00:00, Sys 0 00:00:00  -  Total Local Usage
	11042  -  Run Bytes Sent By Job
	8930  -  Run Bytes Received By Job
	11042  -  Total Bytes Sent By Job
	8930  -  Total Bytes Received By Job
	Partitionable Resources :    Usage  Request Allocated
	   Cpus                 :                 1         1
	   Disk (KB)            :  6371941 10000000  11185836
	   Memory (MB)          :       70     2100      2100
...
