000 (220518.000.000) 07/31 06:48:13 Job submitted from host: <131.225.189.232:9618?addrs=131.225.189.232-9618&noUDP&sock=8982_aaf4_3>
...
001 (220518.000.000) 07/31 06:48:29 Job executing on host: <131.225.206.230:48074?addrs=131.225.206.230-48074>
...
006 (220518.000.000) 07/31 06:48:38 Image size of job updated: 2
	3  -  MemoryUsage of job (MB)
	2420  -  ResidentSetSize of job (KB)
...
006 (220518.000.000) 07/31 06:49:39 Image size of job updated: 447524
	71  -  MemoryUsage of job (MB)
	72344  -  ResidentSetSize of job (KB)
...
005 (220518.000.000) 07/31 06:50:53 Job terminated.
	(1) Normal termination (return value 90)
		Usr 0 00:00:01, Sys 0 00:00:17  -  Run Remote Usage
		Usr 0 00:00:00, Sys 0 00:00:00  -  Run Local Usage
		Usr 0 00:00:01, Sys 0 00:00:17  -  Total Remote Usage
		Usr 0 00:00:00, Sys 0 00:00:00  -  Total Local Usage
	14420  -  Run Bytes Sent By Job
	8930  -  Run Bytes Received By Job
	14420  -  Total Bytes Sent By Job
	8930  -  Total Bytes Received By Job
	Partitionable Resources :    Usage  Request Allocated
	   Cpus                 :                 1         1
	   Disk (KB)            :  6130703 10000000  11986536
	   Memory (MB)          :       71     2100      2100
...
000 (221080.000.000) 07/31 07:06:52 Job submitted from host: <131.225.189.232:9618?addrs=131.225.189.232-9618&noUDP&sock=8982_aaf4_3>
...
001 (221080.000.000) 07/31 07:07:10 Job executing on host: <131.225.206.162:10328?addrs=131.225.206.162-10328>
...
006 (221080.000.000) 07/31 07:07:19 Image size of job updated: 447524
	38  -  MemoryUsage of job (MB)
	38612  -  ResidentSetSize of job (KB)
...
006 (221080.000.000) 07/31 07:08:20 Image size of job updated: 447524
	71  -  MemoryUsage of job (MB)
	72352  -  ResidentSetSize of job (KB)
...
005 (221080.000.000) 07/31 07:09:18 Job terminated.
	(1) Normal termination (return value 90)
		Usr 0 00:00:01, Sys 0 00:00:12  -  Run Remote Usage
		Usr 0 00:00:00, Sys 0 00:00:00  -  Run Local Usage
		Usr 0 00:00:01, Sys 0 00:00:12  -  Total Remote Usage
		Usr 0 00:00:00, Sys 0 00:00:00  -  Total Local Usage
	9552  -  Run Bytes Sent By Job
	8930  -  Run Bytes Received By Job
	9552  -  Total Bytes Sent By Job
	8930  -  Total Bytes Received By Job
	Partitionable Resources :    Usage  Request Allocated
	   Cpus                 :                 1         1
	   Disk (KB)            :  3862631 10000000  11696624
	   Memory (MB)          :       71     2100      2100
...
000 (221635.000.000) 07/31 07:11:34 Job submitted from host: <131.225.189.232:9618?addrs=131.225.189.232-9618&noUDP&sock=8982_aaf4_3>
...
001 (221635.000.000) 07/31 07:11:44 Job executing on host: <131.225.206.18:10358?addrs=131.225.206.18-10358>
...
006 (221635.000.000) 07/31 07:11:53 Image size of job updated: 2
	3  -  MemoryUsage of job (MB)
	2424  -  ResidentSetSize of job (KB)
...
006 (221635.000.000) 07/31 07:12:54 Image size of job updated: 447524
	71  -  MemoryUsage of job (MB)
	72340  -  ResidentSetSize of job (KB)
...
006 (221635.000.000) 07/31 07:13:45 Image size of job updated: 769712
	71  -  MemoryUsage of job (MB)
	72340  -  ResidentSetSize of job (KB)
...
005 (221635.000.000) 07/31 07:13:45 Job terminated.
	(1) Normal termination (return value 65)
		Usr 0 00:00:11, Sys 0 00:00:19  -  Run Remote Usage
		Usr 0 00:00:00, Sys 0 00:00:00  -  Run Local Usage
		Usr 0 00:00:11, Sys 0 00:00:19  -  Total Remote Usage
		Usr 0 00:00:00, Sys 0 00:00:00  -  Total Local Usage
	9767  -  Run Bytes Sent By Job
	8930  -  Run Bytes Received By Job
	9767  -  Total Bytes Sent By Job
	8930  -  Total Bytes Received By Job
	Partitionable Resources :    Usage  Request Allocated
	   Cpus                 :                 1         1
	   Disk (KB)            :  5942808 10000000  10012287
	   Memory (MB)          :       71     2100      2100
...
000 (222197.000.000) 07/31 08:32:29 Job submitted from host: <131.225.189.232:9618?addrs=131.225.189.232-9618&noUDP&sock=8982_aaf4_3>
...
001 (222197.000.000) 07/31 08:33:07 Job executing on host: <131.225.206.119:54524?addrs=131.225.206.119-54524>
...
006 (222197.000.000) 07/31 08:33:16 Image size of job updated: 447524
	70  -  MemoryUsage of job (MB)
	71144  -  ResidentSetSize of job (KB)
...
006 (222197.000.000) 07/31 08:36:23 Image size of job updated: 447524
	135  -  MemoryUsage of job (MB)
	137860  -  ResidentSetSize of job (KB)
...
006 (222197.000.000) 07/31 08:36:43 Image size of job updated: 769968
	135  -  MemoryUsage of job (MB)
	137860  -  ResidentSetSize of job (KB)
...
005 (222197.000.000) 07/31 08:36:43 Job terminated.
	(1) Normal termination (return value 65)
		Usr 0 00:00:13, Sys 0 00:00:15  -  Run Remote Usage
		Usr 0 00:00:00, Sys 0 00:00:00  -  Run Local Usage
		Usr 0 00:00:13, Sys 0 00:00:15  -  Total Remote Usage
		Usr 0 00:00:00, Sys 0 00:00:00  -  Total Local Usage
	11350  -  Run Bytes Sent By Job
	8930  -  Run Bytes Received By Job
	11350  -  Total Bytes Sent By Job
	8930  -  Total Bytes Received By Job
	Partitionable Resources :    Usage  Request Allocated
	   Cpus                 :                 1         1
	   Disk (KB)            :  6392040 10000000  10211976
	   Memory (MB)          :      135     2100      2100
...
000 (222752.000.000) 07/31 08:49:39 Job submitted from host: <131.225.189.232:9618?addrs=131.225.189.232-9618&noUDP&sock=8982_aaf4_3>
...
001 (222752.000.000) 07/31 08:49:55 Job executing on host: <131.225.206.180:5016?addrs=131.225.206.180-5016>
...
006 (222752.000.000) 07/31 08:50:03 Image size of job updated: 447524
	71  -  MemoryUsage of job (MB)
	72348  -  ResidentSetSize of job (KB)
...
006 (222752.000.000) 07/31 08:52:03 Image size of job updated: 502304
	71  -  MemoryUsage of job (MB)
	72348  -  ResidentSetSize of job (KB)
...
005 (222752.000.000) 07/31 08:52:03 Job terminated.
	(1) Normal termination (return value 65)
		Usr 0 00:00:05, Sys 0 00:00:14  -  Run Remote Usage
		Usr 0 00:00:00, Sys 0 00:00:00  -  Run Local Usage
		Usr 0 00:00:05, Sys 0 00:00:14  -  Total Remote Usage
		Usr 0 00:00:00, Sys 0 00:00:00  -  Total Local Usage
	10889  -  Run Bytes Sent By Job
	44439  -  Run Bytes Received By Job
	10889  -  Total Bytes Sent By Job
	44439  -  Total Bytes Received By Job
	Partitionable Resources :    Usage  Request Allocated
	   Cpus                 :                 1         1
	   Disk (KB)            :  4782249 10000000  10241898
	   Memory (MB)          :       71     2100      2100
...
000 (223307.000.000) 07/31 09:06:10 Job submitted from host: <131.225.189.232:9618?addrs=131.225.189.232-9618&noUDP&sock=8982_aaf4_3>
...
001 (223307.000.000) 07/31 09:09:34 Job executing on host: <131.225.204.58:49953?addrs=131.225.204.58-49953>
...
006 (223307.000.000) 07/31 09:09:43 Image size of job updated: 2
	3  -  MemoryUsage of job (MB)
	2420  -  ResidentSetSize of job (KB)
...
006 (223307.000.000) 07/31 09:10:44 Image size of job updated: 447532
	71  -  MemoryUsage of job (MB)
	72348  -  ResidentSetSize of job (KB)
...
