000 (220685.000.000) 07/31 06:48:48 Job submitted from host: <131.225.189.232:9618?addrs=131.225.189.232-9618&noUDP&sock=8982_aaf4_3>
...
001 (220685.000.000) 07/31 06:49:10 Job executing on host: <131.225.207.91:5502?addrs=131.225.207.91-5502>
...
006 (220685.000.000) 07/31 06:49:19 Image size of job updated: 447528
	13  -  MemoryUsage of job (MB)
	12952  -  ResidentSetSize of job (KB)
...
006 (220685.000.000) 07/31 06:50:20 Image size of job updated: 447528
	71  -  MemoryUsage of job (MB)
	72344  -  ResidentSetSize of job (KB)
...
005 (220685.000.000) 07/31 06:52:57 Job terminated.
	(1) Normal termination (return value 90)
		Usr 0 00:00:01, Sys 0 00:00:17  -  Run Remote Usage
		Usr 0 00:00:00, Sys 0 00:00:00  -  Run Local Usage
		Usr 0 00:00:01, Sys 0 00:00:17  -  Total Remote Usage
		Usr 0 00:00:00, Sys 0 00:00:00  -  Total Local Usage
	21772  -  Run Bytes Sent By Job
	8930  -  Run Bytes Received By Job
	21772  -  Total Bytes Sent By Job
	8930  -  Total Bytes Received By Job
	Partitionable Resources :    Usage  Request Allocated
	   Cpus                 :                 1         1
	   Disk (KB)            :  5229588 10000000  10385640
	   Memory (MB)          :       71     2100      2100
...
000 (221247.000.000) 07/31 07:07:21 Job submitted from host: <131.225.189.232:9618?addrs=131.225.189.232-9618&noUDP&sock=8982_aaf4_3>
...
001 (221247.000.000) 07/31 07:07:53 Job executing on host: <131.225.206.43:59052?addrs=131.225.206.43-59052>
...
006 (221247.000.000) 07/31 07:08:02 Image size of job updated: 447524
	57  -  MemoryUsage of job (MB)
	58192  -  ResidentSetSize of job (KB)
...
006 (221247.000.000) 07/31 07:09:03 Image size of job updated: 447524
	70  -  MemoryUsage of job (MB)
	71352  -  ResidentSetSize of job (KB)
...
000 (221802.000.000) 07/31 07:12:02 Job submitted from host: <131.225.189.232:9618?addrs=131.225.189.232-9618&noUDP&sock=8982_aaf4_3>
...
001 (221802.000.000) 07/31 07:12:29 Job executing on host: <131.225.191.74:54794?addrs=131.225.191.74-54794>
...
006 (221802.000.000) 07/31 07:12:37 Image size of job updated: 2
	3  -  MemoryUsage of job (MB)
	2428  -  ResidentSetSize of job (KB)
...
006 (221802.000.000) 07/31 07:13:37 Image size of job updated: 447524
	70  -  MemoryUsage of job (MB)
	71352  -  ResidentSetSize of job (KB)
...
005 (221247.000.000) 07/31 07:13:51 Job terminated.
	(1) Normal termination (return value 90)
		Usr 0 00:00:01, Sys 0 00:00:18  -  Run Remote Usage
		Usr 0 00:00:00, Sys 0 00:00:00  -  Run Local Usage
		Usr 0 00:00:01, Sys 0 00:00:18  -  Total Remote Usage
		Usr 0 00:00:00, Sys 0 00:00:00  -  Total Local Usage
	31331  -  Run Bytes Sent By Job
	8930  -  Run Bytes Received By Job
	31331  -  Total Bytes Sent By Job
	8930  -  Total Bytes Received By Job
	Partitionable Resources :    Usage  Request Allocated
	   Cpus                 :                 1         1
	   Disk (KB)            :  5451900 10000000  10388694
	   Memory (MB)          :       70     2100      2100
...
006 (221802.000.000) 07/31 07:14:37 Image size of job updated: 447524
	164  -  MemoryUsage of job (MB)
	167352  -  ResidentSetSize of job (KB)
...
006 (221802.000.000) 07/31 07:14:58 Image size of job updated: 769968
	164  -  MemoryUsage of job (MB)
	167352  -  ResidentSetSize of job (KB)
...
005 (221802.000.000) 07/31 07:14:58 Job terminated.
	(1) Normal termination (return value 65)
		Usr 0 00:00:14, Sys 0 00:00:16  -  Run Remote Usage
		Usr 0 00:00:00, Sys 0 00:00:00  -  Run Local Usage
		Usr 0 00:00:14, Sys 0 00:00:16  -  Total Remote Usage
		Usr 0 00:00:00, Sys 0 00:00:00  -  Total Local Usage
	13018  -  Run Bytes Sent By Job
	8930  -  Run Bytes Received By Job
	13018  -  Total Bytes Sent By Job
	8930  -  Total Bytes Received By Job
	Partitionable Resources :    Usage  Request Allocated
	   Cpus                 :                 1         1
	   Disk (KB)            :  6092296 10000000  15632352
	   Memory (MB)          :      164     2100      2100
...
