000 (220962.000.000) 07/31 06:49:47 Job submitted from host: <131.225.189.232:9618?addrs=131.225.189.232-9618&noUDP&sock=8982_aaf4_3>
...
001 (220962.000.000) 07/31 06:50:44 Job executing on host: <131.225.207.116:5782?addrs=131.225.207.116-5782>
...
006 (220962.000.000) 07/31 06:50:54 Image size of job updated: 2
	3  -  MemoryUsage of job (MB)
	2424  -  ResidentSetSize of job (KB)
...
006 (220962.000.000) 07/31 06:51:55 Image size of job updated: 447524
	71  -  MemoryUsage of job (MB)
	72348  -  ResidentSetSize of job (KB)
...
005 (220962.000.000) 07/31 06:52:16 Job terminated.
	(1) Normal termination (return value 90)
		Usr 0 00:00:00, Sys 0 00:00:18  -  Run Remote Usage
		Usr 0 00:00:00, Sys 0 00:00:00  -  Run Local Usage
		Usr 0 00:00:00, Sys 0 00:00:18  -  Total Remote Usage
		Usr 0 00:00:00, Sys 0 00:00:00  -  Total Local Usage
	9647  -  Run Bytes Sent By Job
	8930  -  Run Bytes Received By Job
	9647  -  Total Bytes Sent By Job
	8930  -  Total Bytes Received By Job
	Partitionable Resources :    Usage  Request Allocated
	   Cpus                 :                 1         1
	   Disk (KB)            :  5805974 10000000  10233417
	   Memory (MB)          :       71     2100      2100
...
000 (221524.000.000) 07/31 07:08:09 Job submitted from host: <131.225.189.232:9618?addrs=131.225.189.232-9618&noUDP&sock=8982_aaf4_3>
...
001 (221524.000.000) 07/31 07:08:56 Job executing on host: <131.225.204.40:55706?addrs=131.225.204.40-55706>
...
006 (221524.000.000) 07/31 07:09:35 Image size of job updated: 341536
	6  -  MemoryUsage of job (MB)
	5432  -  ResidentSetSize of job (KB)
...
006 (221524.000.000) 07/31 07:10:40 Image size of job updated: 447524
	6  -  MemoryUsage of job (MB)
	5432  -  ResidentSetSize of job (KB)
...
005 (221524.000.000) 07/31 07:10:41 Job terminated.
	(1) Normal termination (return value 90)
		Usr 0 00:00:00, Sys 0 00:00:14  -  Run Remote Usage
		Usr 0 00:00:00, Sys 0 00:00:00  -  Run Local Usage
		Usr 0 00:00:00, Sys 0 00:00:14  -  Total Remote Usage
		Usr 0 00:00:00, Sys 0 00:00:00  -  Total Local Usage
	7967  -  Run Bytes Sent By Job
	8930  -  Run Bytes Received By Job
	7967  -  Total Bytes Sent By Job
	8930  -  Total Bytes Received By Job
	Partitionable Resources :    Usage  Request Allocated
	   Cpus                 :                 1         1
	   Disk (KB)            :       28 10000000  10227681
	   Memory (MB)          :        6     2100      2100
...
000 (222079.000.000) 07/31 07:12:49 Job submitted from host: <131.225.189.232:9618?addrs=131.225.189.232-9618&noUDP&sock=8982_aaf4_3>
...
001 (222079.000.000) 07/31 07:14:19 Job executing on host: <131.225.207.118:63186?addrs=131.225.207.118-63186>
...
006 (222079.000.000) 07/31 07:14:27 Image size of job updated: 447524
	44  -  MemoryUsage of job (MB)
	44084  -  ResidentSetSize of job (KB)
...
006 (222079.000.000) 07/31 07:15:27 Image size of job updated: 447524
	71  -  MemoryUsage of job (MB)
	72348  -  ResidentSetSize of job (KB)
...
006 (222079.000.000) 07/31 07:17:29 Image size of job updated: 447524
	165  -  MemoryUsage of job (MB)
	168576  -  ResidentSetSize of job (KB)
...
006 (222079.000.000) 07/31 07:18:28 Image size of job updated: 724916
	363  -  MemoryUsage of job (MB)
	370932  -  ResidentSetSize of job (KB)
...
005 (222079.000.000) 07/31 07:19:04 Job terminated.
	(1) Normal termination (return value 65)
		Usr 0 00:00:10, Sys 0 00:00:18  -  Run Remote Usage
		Usr 0 00:00:00, Sys 0 00:00:00  -  Run Local Usage
		Usr 0 00:00:10, Sys 0 00:00:18  -  Total Remote Usage
		Usr 0 00:00:00, Sys 0 00:00:00  -  Total Local Usage
	15519  -  Run Bytes Sent By Job
	8930  -  Run Bytes Received By Job
	15519  -  Total Bytes Sent By Job
	8930  -  Total Bytes Received By Job
	Partitionable Resources :    Usage  Request Allocated
	   Cpus                 :                 1         1
	   Disk (KB)            :  6582104 10000000  12547084
	   Memory (MB)          :      363     2100      2100
...
000 (222641.000.000) 07/31 08:33:01 Job submitted from host: <131.225.189.232:9618?addrs=131.225.189.232-9618&noUDP&sock=8982_aaf4_3>
...
001 (222641.000.000) 07/31 08:34:15 Job executing on host: <131.225.205.179:41504?addrs=131.225.205.179-41504>
...
006 (222641.000.000) 07/31 08:34:24 Image size of job updated: 2
	3  -  MemoryUsage of job (MB)
	2432  -  ResidentSetSize of job (KB)
...
006 (222641.000.000) 07/31 08:35:26 Image size of job updated: 447524
	70  -  MemoryUsage of job (MB)
	71348  -  ResidentSetSize of job (KB)
...
006 (222641.000.000) 07/31 08:36:26 Image size of job updated: 447524
	164  -  MemoryUsage of job (MB)
	167896  -  ResidentSetSize of job (KB)
...
006 (222641.000.000) 07/31 08:36:42 Image size of job updated: 670636
	164  -  MemoryUsage of job (MB)
	167896  -  ResidentSetSize of job (KB)
...
005 (222641.000.000) 07/31 08:36:44 Job terminated.
	(1) Normal termination (return value 65)
		Usr 0 00:00:10, Sys 0 00:00:21  -  Run Remote Usage
		Usr 0 00:00:00, Sys 0 00:00:00  -  Run Local Usage
		Usr 0 00:00:10, Sys 0 00:00:21  -  Total Remote Usage
		Usr 0 00:00:00, Sys 0 00:00:00  -  Total Local Usage
	12401  -  Run Bytes Sent By Job
	8930  -  Run Bytes Received By Job
	12401  -  Total Bytes Sent By Job
	8930  -  Total Bytes Received By Job
	Partitionable Resources :    Usage  Request Allocated
	   Cpus                 :                 1         1
	   Disk (KB)            :  6584968 10000000  17163246
	   Memory (MB)          :      164     2100      2100
...
