000 (220829.000.000) 07/31 06:49:19 Job submitted from host: <131.225.189.232:9618?addrs=131.225.189.232-9618&noUDP&sock=8982_aaf4_3>
...
001 (220829.000.000) 07/31 06:49:40 Job executing on host: <131.225.205.172:20375?addrs=131.225.205.172-20375>
...
006 (220829.000.000) 07/31 06:49:49 Image size of job updated: 447524
	71  -  MemoryUsage of job (MB)
	72344  -  ResidentSetSize of job (KB)
...
005 (220829.000.000) 07/31 06:51:32 Job terminated.
	(1) Normal termination (return value 90)
		Usr 0 00:00:00, Sys 0 00:00:21  -  Run Remote Usage
		Usr 0 00:00:00, Sys 0 00:00:00  -  Run Local Usage
		Usr 0 00:00:00, Sys 0 00:00:21  -  Total Remote Usage
		Usr 0 00:00:00, Sys 0 00:00:00  -  Total Local Usage
	12034  -  Run Bytes Sent By Job
	8930  -  Run Bytes Received By Job
	12034  -  Total Bytes Sent By Job
	8930  -  Total Bytes Received By Job
	Partitionable Resources :    Usage  Request Allocated
	   Cpus                 :                 1         1
	   Disk (KB)            :  4262922 10000000  17003276
	   Memory (MB)          :       71     2100      2100
...
000 (221391.000.000) 07/31 07:07:46 Job submitted from host: <131.225.189.232:9618?addrs=131.225.189.232-9618&noUDP&sock=8982_aaf4_3>
...
001 (221391.000.000) 07/31 07:08:21 Job executing on host: <131.225.190.19:40273?addrs=131.225.190.19-40273>
...
006 (221391.000.000) 07/31 07:08:30 Image size of job updated: 68556
	8  -  MemoryUsage of job (MB)
	7376  -  ResidentSetSize of job (KB)
...
006 (221391.000.000) 07/31 07:09:36 Image size of job updated: 447524
	69  -  MemoryUsage of job (MB)
	70292  -  ResidentSetSize of job (KB)
...
000 (221946.000.000) 07/31 07:12:27 Job submitted from host: <131.225.189.232:9618?addrs=131.225.189.232-9618&noUDP&sock=8982_aaf4_3>
...
001 (221946.000.000) 07/31 07:13:22 Job executing on host: <131.225.207.66:14919?addrs=131.225.207.66-14919>
...
006 (221946.000.000) 07/31 07:13:30 Image size of job updated: 2
	3  -  MemoryUsage of job (MB)
	2424  -  ResidentSetSize of job (KB)
...
005 (221391.000.000) 07/31 07:14:13 Job terminated.
	(1) Normal termination (return value 90)
		Usr 0 00:00:01, Sys 0 00:00:23  -  Run Remote Usage
		Usr 0 00:00:00, Sys 0 00:00:00  -  Run Local Usage
		Usr 0 00:00:01, Sys 0 00:00:23  -  Total Remote Usage
		Usr 0 00:00:00, Sys 0 00:00:00  -  Total Local Usage
	17437  -  Run Bytes Sent By Job
	8930  -  Run Bytes Received By Job
	17437  -  Total Bytes Sent By Job
	8930  -  Total Bytes Received By Job
	Partitionable Resources :    Usage  Request Allocated
	   Cpus                 :                 1         1
	   Disk (KB)            :  5206127 10000000  15933408
	   Memory (MB)          :       69     2100      2100
...
006 (221946.000.000) 07/31 07:14:30 Image size of job updated: 447524
	71  -  MemoryUsage of job (MB)
	72348  -  ResidentSetSize of job (KB)
...
006 (221946.000.000) 07/31 07:17:11 Image size of job updated: 772780
	71  -  MemoryUsage of job (MB)
	72348  -  ResidentSetSize of job (KB)
...
005 (221946.000.000) 07/31 07:17:11 Job terminated.
	(1) Normal termination (return value 65)
		Usr 0 00:00:13, Sys 0 00:00:13  -  Run Remote Usage
		Usr 0 00:00:00, Sys 0 00:00:00  -  Run Local Usage
		Usr 0 00:00:13, Sys 0 00:00:13  -  Total Remote Usage
		Usr 0 00:00:00, Sys 0 00:00:00  -  Total Local Usage
	17352  -  Run Bytes Sent By Job
	8930  -  Run Bytes Received By Job
	17352  -  Total Bytes Sent By Job
	8930  -  Total Bytes Received By Job
	Partitionable Resources :    Usage  Request Allocated
	   Cpus                 :                 1         1
	   Disk (KB)            :  5713439 10000000  13183504
	   Memory (MB)          :       71     2100      2100
...
000 (222508.000.000) 07/31 08:32:51 Job submitted from host: <131.225.189.232:9618?addrs=131.225.189.232-9618&noUDP&sock=8982_aaf4_3>
...
001 (222508.000.000) 07/31 08:33:50 Job executing on host: <131.225.191.78:22712?addrs=131.225.191.78-22712>
...
006 (222508.000.000) 07/31 08:33:59 Image size of job updated: 447524
	71  -  MemoryUsage of job (MB)
	72344  -  ResidentSetSize of job (KB)
...
006 (222508.000.000) 07/31 08:36:00 Image size of job updated: 447524
	164  -  MemoryUsage of job (MB)
	167600  -  ResidentSetSize of job (KB)
...
006 (222508.000.000) 07/31 08:36:55 Image size of job updated: 691892
	164  -  MemoryUsage of job (MB)
	167600  -  ResidentSetSize of job (KB)
...
005 (222508.000.000) 07/31 08:36:56 Job terminated.
	(1) Normal termination (return value 65)
		Usr 0 00:00:10, Sys 0 00:00:24  -  Run Remote Usage
		Usr 0 00:00:00, Sys 0 00:00:00  -  Run Local Usage
		Usr 0 00:00:10, Sys 0 00:00:24  -  Total Remote Usage
		Usr 0 00:00:00, Sys 0 00:00:00  -  Total Local Usage
	12773  -  Run Bytes Sent By Job
	8930  -  Run Bytes Received By Job
	12773  -  Total Bytes Sent By Job
	8930  -  Total Bytes Received By Job
	Partitionable Resources :    Usage  Request Allocated
	   Cpus                 :                 1         1
	   Disk (KB)            :  6739145 10000000  16119234
	   Memory (MB)          :      164     2100      2100
...
000 (223063.000.000) 07/31 08:49:56 Job submitted from host: <131.225.189.232:9618?addrs=131.225.189.232-9618&noUDP&sock=8982_aaf4_3>
...
001 (223063.000.000) 07/31 08:50:58 Job executing on host: <131.225.191.76:5321?addrs=131.225.191.76-5321>
...
006 (223063.000.000) 07/31 08:51:07 Image size of job updated: 447524
	71  -  MemoryUsage of job (MB)
	72348  -  ResidentSetSize of job (KB)
...
006 (223063.000.000) 07/31 08:53:09 Image size of job updated: 672684
	390  -  MemoryUsage of job (MB)
	398692  -  ResidentSetSize of job (KB)
...
005 (223063.000.000) 07/31 08:53:19 Job terminated.
	(1) Normal termination (return value 65)
		Usr 0 00:00:12, Sys 0 00:00:25  -  Run Remote Usage
		Usr 0 00:00:00, Sys 0 00:00:00  -  Run Local Usage
		Usr 0 00:00:12, Sys 0 00:00:25  -  Total Remote Usage
		Usr 0 00:00:00, Sys 0 00:00:00  -  Total Local Usage
	12495  -  Run Bytes Sent By Job
	44439  -  Run Bytes Received By Job
	12495  -  Total Bytes Sent By Job
	44439  -  Total Bytes Received By Job
	Partitionable Resources :    Usage  Request Allocated
	   Cpus                 :                 1         1
	   Disk (KB)            :  6738982 10000000  16063500
	   Memory (MB)          :      390     2100      2100
...
000 (223618.000.000) 07/31 09:06:25 Job submitted from host: <131.225.189.232:9618?addrs=131.225.189.232-9618&noUDP&sock=8982_aaf4_3>
...
