000 (220979.000.000) 07/31 06:49:51 Job submitted from host: <131.225.189.232:9618?addrs=131.225.189.232-9618&noUDP&sock=8982_aaf4_3>
...
001 (220979.000.000) 07/31 06:50:57 Job executing on host: <131.225.206.222:59732?addrs=131.225.206.222-59732>
...
006 (220979.000.000) 07/31 06:51:06 Image size of job updated: 2
	3  -  MemoryUsage of job (MB)
	2420  -  ResidentSetSize of job (KB)
...
006 (220979.000.000) 07/31 06:52:07 Image size of job updated: 447524
	70  -  MemoryUsage of job (MB)
	71352  -  ResidentSetSize of job (KB)
...
005 (220979.000.000) 07/31 06:54:16 Job terminated.
	(1) Normal termination (return value 90)
		Usr 0 00:00:00, Sys 0 00:00:19  -  Run Remote Usage
		Usr 0 00:00:00, Sys 0 00:00:00  -  Run Local Usage
		Usr 0 00:00:00, Sys 0 00:00:19  -  Total Remote Usage
		Usr 0 00:00:00, Sys 0 00:00:00  -  Total Local Usage
	10170  -  Run Bytes Sent By Job
	8930  -  Run Bytes Received By Job
	10170  -  Total Bytes Sent By Job
	8930  -  Total Bytes Received By Job
	Partitionable Resources :    Usage  Request Allocated
	   Cpus                 :                 1         1
	   Disk (KB)            :  5451602 10000000  11911552
	   Memory (MB)          :       70     2100      2100
...
000 (221541.000.000) 07/31 07:08:13 Job submitted from host: <131.225.189.232:9618?addrs=131.225.189.232-9618&noUDP&sock=8982_aaf4_3>
...
001 (221541.000.000) 07/31 07:09:15 Job executing on host: <131.225.191.137:30135?addrs=131.225.191.137-30135>
...
006 (221541.000.000) 07/31 07:09:24 Image size of job updated: 2
	3  -  MemoryUsage of job (MB)
	2424  -  ResidentSetSize of job (KB)
...
006 (221541.000.000) 07/31 07:10:25 Image size of job updated: 447524
	71  -  MemoryUsage of job (MB)
	72348  -  ResidentSetSize of job (KB)
...
005 (221541.000.000) 07/31 07:11:33 Job terminated.
	(1) Normal termination (return value 90)
		Usr 0 00:00:00, Sys 0 00:00:19  -  Run Remote Usage
		Usr 0 00:00:00, Sys 0 00:00:00  -  Run Local Usage
		Usr 0 00:00:00, Sys 0 00:00:19  -  Total Remote Usage
		Usr 0 00:00:00, Sys 0 00:00:00  -  Total Local Usage
	12560  -  Run Bytes Sent By Job
	8930  -  Run Bytes Received By Job
	12560  -  Total Bytes Sent By Job
	8930  -  Total Bytes Received By Job
	Partitionable Resources :    Usage  Request Allocated
	   Cpus                 :                 1         1
	   Disk (KB)            :  6598857 10000000  11802392
	   Memory (MB)          :       71     2100      2100
...
000 (222096.000.000) 07/31 07:12:52 Job submitted from host: <131.225.189.232:9618?addrs=131.225.189.232-9618&noUDP&sock=8982_aaf4_3>
...
001 (222096.000.000) 07/31 07:14:31 Job executing on host: <131.225.206.17:46936?addrs=131.225.206.17-46936>
...
006 (222096.000.000) 07/31 07:14:39 Image size of job updated: 2
	3  -  MemoryUsage of job (MB)
	2424  -  ResidentSetSize of job (KB)
...
006 (222096.000.000) 07/31 07:15:39 Image size of job updated: 447524
	71  -  MemoryUsage of job (MB)
	72340  -  ResidentSetSize of job (KB)
...
006 (222096.000.000) 07/31 07:16:34 Image size of job updated: 772788
	71  -  MemoryUsage of job (MB)
	72340  -  ResidentSetSize of job (KB)
...
005 (222096.000.000) 07/31 07:16:34 Job terminated.
	(1) Normal termination (return value 65)
		Usr 0 00:00:11, Sys 0 00:00:19  -  Run Remote Usage
		Usr 0 00:00:00, Sys 0 00:00:00  -  Run Local Usage
		Usr 0 00:00:11, Sys 0 00:00:19  -  Total Remote Usage
		Usr 0 00:00:00, Sys 0 00:00:00  -  Total Local Usage
	10470  -  Run Bytes Sent By Job
	8930  -  Run Bytes Received By Job
	10470  -  Total Bytes Sent By Job
	8930  -  Total Bytes Received By Job
	Partitionable Resources :    Usage  Request Allocated
	   Cpus                 :                 1         1
	   Disk (KB)            :  5221912 10000000  10161000
	   Memory (MB)          :       71     2100      2100
...
000 (222658.000.000) 07/31 08:33:02 Job submitted from host: <131.225.189.232:9618?addrs=131.225.189.232-9618&noUDP&sock=8982_aaf4_3>
...
001 (222658.000.000) 07/31 08:34:59 Job executing on host: <131.225.206.229:10955?addrs=131.225.206.229-10955>
...
006 (222658.000.000) 07/31 08:35:07 Image size of job updated: 2
	3  -  MemoryUsage of job (MB)
	2424  -  ResidentSetSize of job (KB)
...
006 (222658.000.000) 07/31 08:36:07 Image size of job updated: 447524
	70  -  MemoryUsage of job (MB)
	71356  -  ResidentSetSize of job (KB)
...
006 (222658.000.000) 07/31 08:37:07 Image size of job updated: 493964
	262  -  MemoryUsage of job (MB)
	267804  -  ResidentSetSize of job (KB)
...
005 (222658.000.000) 07/31 08:37:12 Job terminated.
	(1) Normal termination (return value 65)
		Usr 0 00:00:03, Sys 0 00:00:16  -  Run Remote Usage
		Usr 0 00:00:00, Sys 0 00:00:00  -  Run Local Usage
		Usr 0 00:00:03, Sys 0 00:00:16  -  Total Remote Usage
		Usr 0 00:00:00, Sys 0 00:00:00  -  Total Local Usage
	9847  -  Run Bytes Sent By Job
	8930  -  Run Bytes Received By Job
	9847  -  Total Bytes Sent By Job
	8930  -  Total Bytes Received By Job
	Partitionable Resources :    Usage  Request Allocated
	   Cpus                 :                 1         1
	   Disk (KB)            :  6612085 10000000  11982720
	   Memory (MB)          :      262     2100      2100
...
000 (223213.000.000) 07/31 08:50:04 Job submitted from host: <131.225.189.232:9618?addrs=131.225.189.232-9618&noUDP&sock=8982_aaf4_3>
...
001 (223213.000.000) 07/31 08:51:26 Job executing on host: <131.225.205.157:55276?addrs=131.225.205.157-55276>
...
006 (223213.000.000) 07/31 08:51:35 Image size of job updated: 447524
	71  -  MemoryUsage of job (MB)
	72356  -  ResidentSetSize of job (KB)
...
006 (223213.000.000) 07/31 08:55:37 Image size of job updated: 756148
	434  -  MemoryUsage of job (MB)
	443744  -  ResidentSetSize of job (KB)
...
005 (223213.000.000) 07/31 08:55:42 Job terminated.
	(1) Normal termination (return value 65)
		Usr 0 00:00:17, Sys 0 00:00:32  -  Run Remote Usage
		Usr 0 00:00:00, Sys 0 00:00:00  -  Run Local Usage
		Usr 0 00:00:17, Sys 0 00:00:32  -  Total Remote Usage
		Usr 0 00:00:00, Sys 0 00:00:00  -  Total Local Usage
	21964  -  Run Bytes Sent By Job
	44439  -  Run Bytes Received By Job
	21964  -  Total Bytes Sent By Job
	44439  -  Total Bytes Received By Job
	Partitionable Resources :    Usage  Request Allocated
	   Cpus                 :                 1         1
	   Disk (KB)            :  6611935 10000000  17203210
	   Memory (MB)          :      434     2100      2100
...
000 (223768.000.000) 07/31 09:06:32 Job submitted from host: <131.225.189.232:9618?addrs=131.225.189.232-9618&noUDP&sock=8982_aaf4_3>
...
