000 (220896.000.000) 07/31 06:49:33 Job submitted from host: <131.225.189.232:9618?addrs=131.225.189.232-9618&noUDP&sock=8982_aaf4_3>
...
001 (220896.000.000) 07/31 06:49:53 Job executing on host: <131.225.205.176:16183?addrs=131.225.205.176-16183>
...
006 (220896.000.000) 07/31 06:50:03 Image size of job updated: 2
	3  -  MemoryUsage of job (MB)
	2424  -  ResidentSetSize of job (KB)
...
006 (220896.000.000) 07/31 06:51:04 Image size of job updated: 447524
	70  -  MemoryUsage of job (MB)
	71360  -  ResidentSetSize of job (KB)
...
005 (220896.000.000) 07/31 06:55:35 Job terminated.
	(1) Normal termination (return value 90)
		Usr 0 00:00:01, Sys 0 00:00:27  -  Run Remote Usage
		Usr 0 00:00:00, Sys 0 00:00:00  -  Run Local Usage
		Usr 0 00:00:01, Sys 0 00:00:27  -  Total Remote Usage
		Usr 0 00:00:00, Sys 0 00:00:00  -  Total Local Usage
	24943  -  Run Bytes Sent By Job
	8930  -  Run Bytes Received By Job
	24943  -  Total Bytes Sent By Job
	8930  -  Total Bytes Received By Job
	Partitionable Resources :    Usage  Request Allocated
	   Cpus                 :                 1         1
	   Disk (KB)            :  6458394 10000000  17043375
	   Memory (MB)          :       70     2100      2100
...
000 (221458.000.000) 07/31 07:07:58 Job submitted from host: <131.225.189.232:9618?addrs=131.225.189.232-9618&noUDP&sock=8982_aaf4_3>
...
001 (221458.000.000) 07/31 07:08:34 Job executing on host: <131.225.190.29:47208?addrs=131.225.190.29-47208>
...
006 (221458.000.000) 07/31 07:08:44 Image size of job updated: 447524
	26  -  MemoryUsage of job (MB)
	25772  -  ResidentSetSize of job (KB)
...
006 (221458.000.000) 07/31 07:09:44 Image size of job updated: 447524
	69  -  MemoryUsage of job (MB)
	70404  -  ResidentSetSize of job (KB)
...
005 (221458.000.000) 07/31 07:11:39 Job terminated.
	(1) Normal termination (return value 90)
		Usr 0 00:00:01, Sys 0 00:00:24  -  Run Remote Usage
		Usr 0 00:00:00, Sys 0 00:00:00  -  Run Local Usage
		Usr 0 00:00:01, Sys 0 00:00:24  -  Total Remote Usage
		Usr 0 00:00:00, Sys 0 00:00:00  -  Total Local Usage
	16963  -  Run Bytes Sent By Job
	8930  -  Run Bytes Received By Job
	16963  -  Total Bytes Sent By Job
	8930  -  Total Bytes Received By Job
	Partitionable Resources :    Usage  Request Allocated
	   Cpus                 :                 1         1
	   Disk (KB)            :  4501615 10000000  15846654
	   Memory (MB)          :       69     2100      2100
...
000 (222013.000.000) 07/31 07:12:38 Job submitted from host: <131.225.189.232:9618?addrs=131.225.189.232-9618&noUDP&sock=8982_aaf4_3>
...
001 (222013.000.000) 07/31 07:13:57 Job executing on host: <131.225.206.222:59732?addrs=131.225.206.222-59732>
...
006 (222013.000.000) 07/31 07:14:06 Image size of job updated: 2
	3  -  MemoryUsage of job (MB)
	2420  -  ResidentSetSize of job (KB)
...
006 (222013.000.000) 07/31 07:15:06 Image size of job updated: 447524
	71  -  MemoryUsage of job (MB)
	72344  -  ResidentSetSize of job (KB)
...
006 (222013.000.000) 07/31 07:19:06 Image size of job updated: 447524
	164  -  MemoryUsage of job (MB)
	167896  -  ResidentSetSize of job (KB)
...
006 (222013.000.000) 07/31 07:19:10 Image size of job updated: 772012
	164  -  MemoryUsage of job (MB)
	167896  -  ResidentSetSize of job (KB)
...
005 (222013.000.000) 07/31 07:19:11 Job terminated.
	(1) Normal termination (return value 65)
		Usr 0 00:00:12, Sys 0 00:00:22  -  Run Remote Usage
		Usr 0 00:00:00, Sys 0 00:00:00  -  Run Local Usage
		Usr 0 00:00:12, Sys 0 00:00:22  -  Total Remote Usage
		Usr 0 00:00:00, Sys 0 00:00:00  -  Total Local Usage
	26810  -  Run Bytes Sent By Job
	8930  -  Run Bytes Received By Job
	26810  -  Total Bytes Sent By Job
	8930  -  Total Bytes Received By Job
	Partitionable Resources :    Usage  Request Allocated
	   Cpus                 :                 1         1
	   Disk (KB)            :  6542684 10000000  11898400
	   Memory (MB)          :      164     2100      2100
...
