000 (220599.000.000) 07/31 06:48:30 Job submitted from host: <131.225.189.232:9618?addrs=131.225.189.232-9618&noUDP&sock=8982_aaf4_3>
...
001 (220599.000.000) 07/31 06:48:53 Job executing on host: <131.225.207.192:2298?addrs=131.225.207.192-2298>
...
006 (220599.000.000) 07/31 06:49:02 Image size of job updated: 447524
	73  -  MemoryUsage of job (MB)
	74380  -  ResidentSetSize of job (KB)
...
005 (220599.000.000) 07/31 06:52:47 Job terminated.
	(1) Normal termination (return value 90)
		Usr 0 00:00:01, Sys 0 00:00:18  -  Run Remote Usage
		Usr 0 00:00:00, Sys 0 00:00:00  -  Run Local Usage
		Usr 0 00:00:01, Sys 0 00:00:18  -  Total Remote Usage
		Usr 0 00:00:00, Sys 0 00:00:00  -  Total Local Usage
	21772  -  Run Bytes Sent By Job
	8930  -  Run Bytes Received By Job
	21772  -  Total Bytes Sent By Job
	8930  -  Total Bytes Received By Job
	Partitionable Resources :    Usage  Request Allocated
	   Cpus                 :                 1         1
	   Disk (KB)            :  5049364 10000000  10479246
	   Memory (MB)          :       73     2100      2100
...
000 (221161.000.000) 07/31 07:07:05 Job submitted from host: <131.225.189.232:9618?addrs=131.225.189.232-9618&noUDP&sock=8982_aaf4_3>
...
001 (221161.000.000) 07/31 07:07:36 Job executing on host: <131.225.206.17:46936?addrs=131.225.206.17-46936>
...
006 (221161.000.000) 07/31 07:07:45 Image size of job updated: 2
	3  -  MemoryUsage of job (MB)
	2420  -  ResidentSetSize of job (KB)
...
006 (221161.000.000) 07/31 07:08:46 Image size of job updated: 447524
	69  -  MemoryUsage of job (MB)
	70292  -  ResidentSetSize of job (KB)
...
005 (221161.000.000) 07/31 07:09:29 Job terminated.
	(1) Normal termination (return value 90)
		Usr 0 00:00:00, Sys 0 00:00:15  -  Run Remote Usage
		Usr 0 00:00:00, Sys 0 00:00:00  -  Run Local Usage
		Usr 0 00:00:00, Sys 0 00:00:15  -  Total Remote Usage
		Usr 0 00:00:00, Sys 0 00:00:00  -  Total Local Usage
	11586  -  Run Bytes Sent By Job
	8930  -  Run Bytes Received By Job
	11586  -  Total Bytes Sent By Job
	8930  -  Total Bytes Received By Job
	Partitionable Resources :    Usage  Request Allocated
	   Cpus                 :                 1         1
	   Disk (KB)            :  4157581 10000000  10161612
	   Memory (MB)          :       69     2100      2100
...
000 (221716.000.000) 07/31 07:11:48 Job submitted from host: <131.225.189.232:9618?addrs=131.225.189.232-9618&noUDP&sock=8982_aaf4_3>
...
001 (221716.000.000) 07/31 07:12:06 Job executing on host: <131.225.204.74:25033?addrs=131.225.204.74-25033>
...
006 (221716.000.000) 07/31 07:12:14 Image size of job updated: 2
	3  -  MemoryUsage of job (MB)
	2420  -  ResidentSetSize of job (KB)
...
006 (221716.000.000) 07/31 07:13:14 Image size of job updated: 447524
	71  -  MemoryUsage of job (MB)
	72348  -  ResidentSetSize of job (KB)
...
006 (221716.000.000) 07/31 07:18:07 Image size of job updated: 720816
	71  -  MemoryUsage of job (MB)
	72348  -  ResidentSetSize of job (KB)
...
005 (221716.000.000) 07/31 07:18:08 Job terminated.
	(1) Normal termination (return value 65)
		Usr 0 00:00:10, Sys 0 00:00:21  -  Run Remote Usage
		Usr 0 00:00:00, Sys 0 00:00:00  -  Run Local Usage
		Usr 0 00:00:10, Sys 0 00:00:21  -  Total Remote Usage
		Usr 0 00:00:00, Sys 0 00:00:00  -  Total Local Usage
	26923  -  Run Bytes Sent By Job
	8930  -  Run Bytes Received By Job
	26923  -  Total Bytes Sent By Job
	8930  -  Total Bytes Received By Job
	Partitionable Resources :    Usage  Request Allocated
	   Cpus                 :                 1         1
	   Disk (KB)            :  6045222 10000000  10470798
	   Memory (MB)          :       71     2100      2100
...
000 (222278.000.000) 07/31 08:32:34 Job submitted from host: <131.225.189.232:9618?addrs=131.225.189.232-9618&noUDP&sock=8982_aaf4_3>
...
001 (222278.000.000) 07/31 08:33:01 Job executing on host: <131.225.207.105:28619?addrs=131.225.207.105-28619>
...
006 (222278.000.000) 07/31 08:33:10 Image size of job updated: 2
	3  -  MemoryUsage of job (MB)
	2424  -  ResidentSetSize of job (KB)
...
006 (222278.000.000) 07/31 08:34:11 Image size of job updated: 447524
	70  -  MemoryUsage of job (MB)
	71216  -  ResidentSetSize of job (KB)
...
006 (222278.000.000) 07/31 08:35:12 Image size of job updated: 447524
	70  -  MemoryUsage of job (MB)
	71356  -  ResidentSetSize of job (KB)
...
006 (222278.000.000) 07/31 08:35:51 Image size of job updated: 700080
	70  -  MemoryUsage of job (MB)
	71356  -  ResidentSetSize of job (KB)
...
005 (222278.000.000) 07/31 08:35:51 Job terminated.
	(1) Normal termination (return value 65)
		Usr 0 00:00:09, Sys 0 00:00:14  -  Run Remote Usage
		Usr 0 00:00:00, Sys 0 00:00:00  -  Run Local Usage
		Usr 0 00:00:09, Sys 0 00:00:14  -  Total Remote Usage
		Usr 0 00:00:00, Sys 0 00:00:00  -  Total Local Usage
	11338  -  Run Bytes Sent By Job
	8930  -  Run Bytes Received By Job
	11338  -  Total Bytes Sent By Job
	8930  -  Total Bytes Received By Job
	Partitionable Resources :    Usage  Request Allocated
	   Cpus                 :                 1         1
	   Disk (KB)            :  6048074 10000000  10359816
	   Memory (MB)          :       70     2100      2100
...
000 (222833.000.000) 07/31 08:49:45 Job submitted from host: <131.225.189.232:9618?addrs=131.225.189.232-9618&noUDP&sock=8982_aaf4_3>
...
001 (222833.000.000) 07/31 08:50:13 Job executing on host: <131.225.207.152:47169?addrs=131.225.207.152-47169>
...
006 (222833.000.000) 07/31 08:50:22 Image size of job updated: 2
	3  -  MemoryUsage of job (MB)
	2424  -  ResidentSetSize of job (KB)
...
006 (222833.000.000) 07/31 08:51:23 Image size of job updated: 447524
	70  -  MemoryUsage of job (MB)
	71352  -  ResidentSetSize of job (KB)
...
006 (222833.000.000) 07/31 08:53:22 Image size of job updated: 624036
	70  -  MemoryUsage of job (MB)
	71352  -  ResidentSetSize of job (KB)
...
005 (222833.000.000) 07/31 08:53:23 Job terminated.
	(1) Normal termination (return value 65)
		Usr 0 00:00:07, Sys 0 00:00:16  -  Run Remote Usage
		Usr 0 00:00:00, Sys 0 00:00:00  -  Run Local Usage
		Usr 0 00:00:07, Sys 0 00:00:16  -  Total Remote Usage
		Usr 0 00:00:00, Sys 0 00:00:00  -  Total Local Usage
	17614  -  Run Bytes Sent By Job
	44439  -  Run Bytes Received By Job
	17614  -  Total Bytes Sent By Job
	44439  -  Total Bytes Received By Job
	Partitionable Resources :    Usage  Request Allocated
	   Cpus                 :                 1         1
	   Disk (KB)            :  4978863 10000000  10335456
	   Memory (MB)          :       70     2100      2100
...
000 (223388.000.000) 07/31 09:06:15 Job submitted from host: <131.225.189.232:9618?addrs=131.225.189.232-9618&noUDP&sock=8982_aaf4_3>
...
