000 (220734.000.000) 07/31 06:48:58 Job submitted from host: <131.225.189.232:9618?addrs=131.225.189.232-9618&noUDP&sock=8982_aaf4_3>
...
001 (220734.000.000) 07/31 06:49:19 Job executing on host: <131.225.207.141:2601?addrs=131.225.207.141-2601>
...
006 (220734.000.000) 07/31 06:49:28 Image size of job updated: 447524
	71  -  MemoryUsage of job (MB)
	72348  -  ResidentSetSize of job (KB)
...
005 (220734.000.000) 07/31 06:53:46 Job terminated.
	(1) Normal termination (return value 90)
		Usr 0 00:00:01, Sys 0 00:00:18  -  Run Remote Usage
		Usr 0 00:00:00, Sys 0 00:00:00  -  Run Local Usage
		Usr 0 00:00:01, Sys 0 00:00:18  -  Total Remote Usage
		Usr 0 00:00:00, Sys 0 00:00:00  -  Total Local Usage
	24333  -  Run Bytes Sent By Job
	8930  -  Run Bytes Received By Job
	24333  -  Total Bytes Sent By Job
	8930  -  Total Bytes Received By Job
	Partitionable Resources :    Usage  Request Allocated
	   Cpus                 :                 1         1
	   Disk (KB)            :  5983256 10000000  10298049
	   Memory (MB)          :       71     2100      2100
...
000 (221296.000.000) 07/31 07:07:29 Job submitted from host: <131.225.189.232:9618?addrs=131.225.189.232-9618&noUDP&sock=8982_aaf4_3>
...
001 (221296.000.000) 07/31 07:08:02 Job executing on host: <131.225.207.189:33214?addrs=131.225.207.189-33214>
...
006 (221296.000.000) 07/31 07:08:11 Image size of job updated: 2
	3  -  MemoryUsage of job (MB)
	2424  -  ResidentSetSize of job (KB)
...
006 (221296.000.000) 07/31 07:09:14 Image size of job updated: 447524
	69  -  MemoryUsage of job (MB)
	70292  -  ResidentSetSize of job (KB)
...
006 (221296.000.000) 07/31 07:10:13 Image size of job updated: 447524
	69  -  MemoryUsage of job (MB)
	70320  -  ResidentSetSize of job (KB)
...
005 (221296.000.000) 07/31 07:12:00 Job terminated.
	(1) Normal termination (return value 90)
		Usr 0 00:00:01, Sys 0 00:00:23  -  Run Remote Usage
		Usr 0 00:00:00, Sys 0 00:00:00  -  Run Local Usage
		Usr 0 00:00:01, Sys 0 00:00:23  -  Total Remote Usage
		Usr 0 00:00:00, Sys 0 00:00:00  -  Total Local Usage
	22388  -  Run Bytes Sent By Job
	8930  -  Run Bytes Received By Job
	22388  -  Total Bytes Sent By Job
	8930  -  Total Bytes Received By Job
	Partitionable Resources :    Usage  Request Allocated
	   Cpus                 :                 1         1
	   Disk (KB)            :  5009523 10000000  13292044
	   Memory (MB)          :       69     2100      2100
...
000 (221851.000.000) 07/31 07:12:11 Job submitted from host: <131.225.189.232:9618?addrs=131.225.189.232-9618&noUDP&sock=8982_aaf4_3>
...
001 (221851.000.000) 07/31 07:12:29 Job executing on host: <131.225.206.221:33496?addrs=131.225.206.221-33496>
...
006 (221851.000.000) 07/31 07:12:38 Image size of job updated: 2
	3  -  MemoryUsage of job (MB)
	2420  -  ResidentSetSize of job (KB)
...
006 (221851.000.000) 07/31 07:13:39 Image size of job updated: 447524
	71  -  MemoryUsage of job (MB)
	72348  -  ResidentSetSize of job (KB)
...
006 (221851.000.000) 07/31 07:18:42 Image size of job updated: 447524
	165  -  MemoryUsage of job (MB)
	168232  -  ResidentSetSize of job (KB)
...
006 (221851.000.000) 07/31 07:19:01 Image size of job updated: 523000
	165  -  MemoryUsage of job (MB)
	168232  -  ResidentSetSize of job (KB)
...
005 (221851.000.000) 07/31 07:19:02 Job terminated.
	(1) Normal termination (return value 65)
		Usr 0 00:00:06, Sys 0 00:00:35  -  Run Remote Usage
		Usr 0 00:00:00, Sys 0 00:00:00  -  Run Local Usage
		Usr 0 00:00:06, Sys 0 00:00:35  -  Total Remote Usage
		Usr 0 00:00:00, Sys 0 00:00:00  -  Total Local Usage
	30436  -  Run Bytes Sent By Job
	8930  -  Run Bytes Received By Job
	30436  -  Total Bytes Sent By Job
	8930  -  Total Bytes Received By Job
	Partitionable Resources :    Usage  Request Allocated
	   Cpus                 :                 1         1
	   Disk (KB)            :  6339454 10000000  10712312
	   Memory (MB)          :      165     2100      2100
...
000 (222413.000.000) 07/31 08:32:45 Job submitted from host: <131.225.189.232:9618?addrs=131.225.189.232-9618&noUDP&sock=8982_aaf4_3>
...
001 (222413.000.000) 07/31 08:33:27 Job executing on host: <131.225.207.189:33214?addrs=131.225.207.189-33214>
...
006 (222413.000.000) 07/31 08:33:36 Image size of job updated: 2
	3  -  MemoryUsage of job (MB)
	2420  -  ResidentSetSize of job (KB)
...
006 (222413.000.000) 07/31 08:34:37 Image size of job updated: 447524
	70  -  MemoryUsage of job (MB)
	71356  -  ResidentSetSize of job (KB)
...
006 (222413.000.000) 07/31 08:37:38 Image size of job updated: 669864
	385  -  MemoryUsage of job (MB)
	393472  -  ResidentSetSize of job (KB)
...
005 (222413.000.000) 07/31 08:37:39 Job terminated.
	(1) Normal termination (return value 65)
		Usr 0 00:00:08, Sys 0 00:00:21  -  Run Remote Usage
		Usr 0 00:00:00, Sys 0 00:00:00  -  Run Local Usage
		Usr 0 00:00:08, Sys 0 00:00:21  -  Total Remote Usage
		Usr 0 00:00:00, Sys 0 00:00:00  -  Total Local Usage
	21866  -  Run Bytes Sent By Job
	8930  -  Run Bytes Received By Job
	21866  -  Total Bytes Sent By Job
	8930  -  Total Bytes Received By Job
	Partitionable Resources :    Usage  Request Allocated
	   Cpus                 :                 1         1
	   Disk (KB)            :  5093718 10000000  10440582
	   Memory (MB)          :      385     2100      2100
...
000 (222968.000.000) 07/31 08:49:52 Job submitted from host: <131.225.189.232:9618?addrs=131.225.189.232-9618&noUDP&sock=8982_aaf4_3>
...
001 (222968.000.000) 07/31 08:50:39 Job executing on host: <131.225.207.95:35935?addrs=131.225.207.95-35935>
...
006 (222968.000.000) 07/31 08:50:47 Image size of job updated: 381924
	15  -  MemoryUsage of job (MB)
	14936  -  ResidentSetSize of job (KB)
...
006 (222968.000.000) 07/31 08:51:47 Image size of job updated: 447524
	69  -  MemoryUsage of job (MB)
	70316  -  ResidentSetSize of job (KB)
...
006 (222968.000.000) 07/31 08:53:33 Image size of job updated: 770224
	69  -  MemoryUsage of job (MB)
	70316  -  ResidentSetSize of job (KB)
...
005 (222968.000.000) 07/31 08:53:33 Job terminated.
	(1) Normal termination (return value 65)
		Usr 0 00:00:14, Sys 0 00:00:18  -  Run Remote Usage
		Usr 0 00:00:00, Sys 0 00:00:00  -  Run Local Usage
		Usr 0 00:00:14, Sys 0 00:00:18  -  Total Remote Usage
		Usr 0 00:00:00, Sys 0 00:00:00  -  Total Local Usage
	14879  -  Run Bytes Sent By Job
	44439  -  Run Bytes Received By Job
	14879  -  Total Bytes Sent By Job
	44439  -  Total Bytes Received By Job
	Partitionable Resources :    Usage  Request Allocated
	   Cpus                 :                 1         1
	   Disk (KB)            :  5765294 10000000  10373328
	   Memory (MB)          :       69     2100      2100
...
000 (223523.000.000) 07/31 09:06:21 Job submitted from host: <131.225.189.232:9618?addrs=131.225.189.232-9618&noUDP&sock=8982_aaf4_3>
...
