000 (220800.000.000) 07/31 06:49:13 Job submitted from host: <131.225.189.232:9618?addrs=131.225.189.232-9618&noUDP&sock=8982_aaf4_3>
...
001 (220800.000.000) 07/31 06:49:33 Job executing on host: <131.225.204.36:9074?addrs=131.225.204.36-9074>
...
006 (220800.000.000) 07/31 06:49:42 Image size of job updated: 2
	3  -  MemoryUsage of job (MB)
	2424  -  ResidentSetSize of job (KB)
...
006 (220800.000.000) 07/31 06:50:43 Image size of job updated: 447524
	70  -  MemoryUsage of job (MB)
	71372  -  ResidentSetSize of job (KB)
...
005 (220800.000.000) 07/31 06:51:34 Job terminated.
	(1) Normal termination (return value 90)
		Usr 0 00:00:01, Sys 0 00:00:19  -  Run Remote Usage
		Usr 0 00:00:00, Sys 0 00:00:00  -  Run Local Usage
		Usr 0 00:00:01, Sys 0 00:00:19  -  Total Remote Usage
		Usr 0 00:00:00, Sys 0 00:00:00  -  Total Local Usage
	12743  -  Run Bytes Sent By Job
	8930  -  Run Bytes Received By Job
	12743  -  Total Bytes Sent By Job
	8930  -  Total Bytes Received By Job
	Partitionable Resources :    Usage  Request Allocated
	   Cpus                 :                 1         1
	   Disk (KB)            :  3394570 10000000  10342584
	   Memory (MB)          :       70     2100      2100
...
000 (221362.000.000) 07/31 07:07:41 Job submitted from host: <131.225.189.232:9618?addrs=131.225.189.232-9618&noUDP&sock=8982_aaf4_3>
...
001 (221362.000.000) 07/31 07:08:15 Job executing on host: <131.225.207.174:4725?addrs=131.225.207.174-4725>
...
006 (221362.000.000) 07/31 07:08:24 Image size of job updated: 2
	3  -  MemoryUsage of job (MB)
	2420  -  ResidentSetSize of job (KB)
...
006 (221362.000.000) 07/31 07:09:25 Image size of job updated: 447524
	69  -  MemoryUsage of job (MB)
	70400  -  ResidentSetSize of job (KB)
...
006 (221362.000.000) 07/31 07:10:26 Image size of job updated: 447524
	69  -  MemoryUsage of job (MB)
	70408  -  ResidentSetSize of job (KB)
...
005 (221362.000.000) 07/31 07:12:18 Job terminated.
	(1) Normal termination (return value 90)
		Usr 0 00:00:01, Sys 0 00:00:19  -  Run Remote Usage
		Usr 0 00:00:00, Sys 0 00:00:00  -  Run Local Usage
		Usr 0 00:00:01, Sys 0 00:00:19  -  Total Remote Usage
		Usr 0 00:00:00, Sys 0 00:00:00  -  Total Local Usage
	13268  -  Run Bytes Sent By Job
	8930  -  Run Bytes Received By Job
	13268  -  Total Bytes Sent By Job
	8930  -  Total Bytes Received By Job
	Partitionable Resources :    Usage  Request Allocated
	   Cpus                 :                 1         1
	   Disk (KB)            :  6359158 10000000  10467579
	   Memory (MB)          :       69     2100      2100
...
000 (221917.000.000) 07/31 07:12:22 Job submitted from host: <131.225.189.232:9618?addrs=131.225.189.232-9618&noUDP&sock=8982_aaf4_3>
...
001 (221917.000.000) 07/31 07:12:55 Job executing on host: <131.225.204.123:52965?addrs=131.225.204.123-52965>
...
006 (221917.000.000) 07/31 07:13:19 Image size of job updated: 447536
	71  -  MemoryUsage of job (MB)
	72360  -  ResidentSetSize of job (KB)
...
006 (221917.000.000) 07/31 07:19:08 Image size of job updated: 447536
	141  -  MemoryUsage of job (MB)
	144116  -  ResidentSetSize of job (KB)
...
006 (221917.000.000) 07/31 07:19:35 Image size of job updated: 647088
	141  -  MemoryUsage of job (MB)
	144116  -  ResidentSetSize of job (KB)
...
005 (221917.000.000) 07/31 07:19:36 Job terminated.
	(1) Normal termination (return value 65)
		Usr 0 00:00:08, Sys 0 00:00:18  -  Run Remote Usage
		Usr 0 00:00:00, Sys 0 00:00:00  -  Run Local Usage
		Usr 0 00:00:08, Sys 0 00:00:18  -  Total Remote Usage
		Usr 0 00:00:00, Sys 0 00:00:00  -  Total Local Usage
	22297  -  Run Bytes Sent By Job
	8930  -  Run Bytes Received By Job
	22297  -  Total Bytes Sent By Job
	8930  -  Total Bytes Received By Job
	Partitionable Resources :    Usage  Request Allocated
	   Cpus                 :                 1         1
	   Disk (KB)            :  6550793 10000000  10300122
	   Memory (MB)          :      141     2100      2100
...
