000 (220988.000.000) 07/31 06:49:53 Job submitted from host: <131.225.189.232:9618?addrs=131.225.189.232-9618&noUDP&sock=8982_aaf4_3>
...
001 (220988.000.000) 07/31 06:50:58 Job executing on host: <131.225.205.158:33719?addrs=131.225.205.158-33719>
...
006 (220988.000.000) 07/31 06:51:06 Image size of job updated: 2
	3  -  MemoryUsage of job (MB)
	2424  -  ResidentSetSize of job (KB)
...
006 (220988.000.000) 07/31 06:52:06 Image size of job updated: 447524
	70  -  MemoryUsage of job (MB)
	71024  -  ResidentSetSize of job (KB)
...
006 (220988.000.000) 07/31 06:53:06 Image size of job updated: 447524
	70  -  MemoryUsage of job (MB)
	71136  -  ResidentSetSize of job (KB)
...
005 (220988.000.000) 07/31 06:55:39 Job terminated.
	(1) Normal termination (return value 90)
		Usr 0 00:00:01, Sys 0 00:00:26  -  Run Remote Usage
		Usr 0 00:00:00, Sys 0 00:00:00  -  Run Local Usage
		Usr 0 00:00:01, Sys 0 00:00:26  -  Total Remote Usage
		Usr 0 00:00:00, Sys 0 00:00:00  -  Total Local Usage
	22567  -  Run Bytes Sent By Job
	8930  -  Run Bytes Received By Job
	22567  -  Total Bytes Sent By Job
	8930  -  Total Bytes Received By Job
	Partitionable Resources :    Usage  Request Allocated
	   Cpus                 :                 1         1
	   Disk (KB)            :  5180437 10000000  17082242
	   Memory (MB)          :       70     2100      2100
...
000 (221550.000.000) 07/31 07:08:14 Job submitted from host: <131.225.189.232:9618?addrs=131.225.189.232-9618&noUDP&sock=8982_aaf4_3>
...
001 (221550.000.000) 07/31 07:09:21 Job executing on host: <131.225.206.51:32535?addrs=131.225.206.51-32535>
...
006 (221550.000.000) 07/31 07:09:29 Image size of job updated: 447524
	71  -  MemoryUsage of job (MB)
	72352  -  ResidentSetSize of job (KB)
...
005 (221550.000.000) 07/31 07:11:18 Job terminated.
	(1) Normal termination (return value 90)
		Usr 0 00:00:01, Sys 0 00:00:17  -  Run Remote Usage
		Usr 0 00:00:00, Sys 0 00:00:00  -  Run Local Usage
		Usr 0 00:00:01, Sys 0 00:00:17  -  Total Remote Usage
		Usr 0 00:00:00, Sys 0 00:00:00  -  Total Local Usage
	11067  -  Run Bytes Sent By Job
	8930  -  Run Bytes Received By Job
	11067  -  Total Bytes Sent By Job
	8930  -  Total Bytes Received By Job
	Partitionable Resources :    Usage  Request Allocated
	   Cpus                 :                 1         1
	   Disk (KB)            :  4272233 10000000  10486431
	   Memory (MB)          :       71     2100      2100
...
000 (222105.000.000) 07/31 07:12:54 Job submitted from host: <131.225.189.232:9618?addrs=131.225.189.232-9618&noUDP&sock=8982_aaf4_3>
...
001 (222105.000.000) 07/31 07:14:42 Job executing on host: <131.225.205.186:5315?addrs=131.225.205.186-5315>
...
006 (222105.000.000) 07/31 07:14:53 Image size of job updated: 447524
	70  -  MemoryUsage of job (MB)
	71356  -  ResidentSetSize of job (KB)
...
006 (222105.000.000) 07/31 07:16:51 Image size of job updated: 618056
	342  -  MemoryUsage of job (MB)
	349880  -  ResidentSetSize of job (KB)
...
005 (222105.000.000) 07/31 07:16:58 Job terminated.
	(1) Normal termination (return value 65)
		Usr 0 00:00:09, Sys 0 00:00:21  -  Run Remote Usage
		Usr 0 00:00:00, Sys 0 00:00:00  -  Run Local Usage
		Usr 0 00:00:09, Sys 0 00:00:21  -  Total Remote Usage
		Usr 0 00:00:00, Sys 0 00:00:00  -  Total Local Usage
	9873  -  Run Bytes Sent By Job
	8930  -  Run Bytes Received By Job
	9873  -  Total Bytes Sent By Job
	8930  -  Total Bytes Received By Job
	Partitionable Resources :    Usage  Request Allocated
	   Cpus                 :                 1         1
	   Disk (KB)            :  6751839 10000000  17053269
	   Memory (MB)          :      342     2100      2100
...
000 (222667.000.000) 07/31 08:33:03 Job submitted from host: <131.225.189.232:9618?addrs=131.225.189.232-9618&noUDP&sock=8982_aaf4_3>
...
001 (222667.000.000) 07/31 08:35:04 Job executing on host: <131.225.207.66:14919?addrs=131.225.207.66-14919>
...
006 (222667.000.000) 07/31 08:35:12 Image size of job updated: 447524
	71  -  MemoryUsage of job (MB)
	72344  -  ResidentSetSize of job (KB)
...
006 (222667.000.000) 07/31 08:38:33 Image size of job updated: 721076
	71  -  MemoryUsage of job (MB)
	72344  -  ResidentSetSize of job (KB)
...
005 (222667.000.000) 07/31 08:38:34 Job terminated.
	(1) Normal termination (return value 65)
		Usr 0 00:00:10, Sys 0 00:00:17  -  Run Remote Usage
		Usr 0 00:00:00, Sys 0 00:00:00  -  Run Local Usage
		Usr 0 00:00:10, Sys 0 00:00:17  -  Total Remote Usage
		Usr 0 00:00:00, Sys 0 00:00:00  -  Total Local Usage
	18930  -  Run Bytes Sent By Job
	8930  -  Run Bytes Received By Job
	18930  -  Total Bytes Sent By Job
	8930  -  Total Bytes Received By Job
	Partitionable Resources :    Usage  Request Allocated
	   Cpus                 :                 1         1
	   Disk (KB)            :  6551893 10000000  10151868
	   Memory (MB)          :       71     2100      2100
...
000 (223222.000.000) 07/31 08:50:05 Job submitted from host: <131.225.189.232:9618?addrs=131.225.189.232-9618&noUDP&sock=8982_aaf4_3>
...
001 (223222.000.000) 07/31 08:51:30 Job executing on host: <131.225.207.179:14180?addrs=131.225.207.179-14180>
...
006 (223222.000.000) 07/31 08:51:39 Image size of job updated: 2
	3  -  MemoryUsage of job (MB)
	2428  -  ResidentSetSize of job (KB)
...
006 (223222.000.000) 07/31 08:52:41 Image size of job updated: 447524
	71  -  MemoryUsage of job (MB)
	72348  -  ResidentSetSize of job (KB)
...
006 (223222.000.000) 07/31 08:53:40 Image size of job updated: 582564
	71  -  MemoryUsage of job (MB)
	72348  -  ResidentSetSize of job (KB)
...
005 (223222.000.000) 07/31 08:53:41 Job terminated.
	(1) Normal termination (return value 65)
		Usr 0 00:00:05, Sys 0 00:00:18  -  Run Remote Usage
		Usr 0 00:00:00, Sys 0 00:00:00  -  Run Local Usage
		Usr 0 00:00:05, Sys 0 00:00:18  -  Total Remote Usage
		Usr 0 00:00:00, Sys 0 00:00:00  -  Total Local Usage
	10532  -  Run Bytes Sent By Job
	44439  -  Run Bytes Received By Job
	10532  -  Total Bytes Sent By Job
	44439  -  Total Bytes Received By Job
	Partitionable Resources :    Usage  Request Allocated
	   Cpus                 :                 1         1
	   Disk (KB)            :  4847785 10000000  10124802
	   Memory (MB)          :       71     2100      2100
...
000 (223777.000.000) 07/31 09:06:32 Job submitted from host: <131.225.189.232:9618?addrs=131.225.189.232-9618&noUDP&sock=8982_aaf4_3>
...
