000 (220602.000.000) 07/31 06:48:31 Job submitted from host: <131.225.189.232:9618?addrs=131.225.189.232-9618&noUDP&sock=8982_aaf4_3>
...
001 (220602.000.000) 07/31 06:48:53 Job executing on host: <131.225.206.180:5016?addrs=131.225.206.180-5016>
...
006 (220602.000.000) 07/31 06:49:02 Image size of job updated: 381924
	21  -  MemoryUsage of job (MB)
	21084  -  ResidentSetSize of job (KB)
...
006 (220602.000.000) 07/31 06:50:03 Image size of job updated: 447524
	70  -  MemoryUsage of job (MB)
	71356  -  ResidentSetSize of job (KB)
...
005 (220602.000.000) 07/31 06:51:43 Job terminated.
	(1) Normal termination (return value 90)
		Usr 0 00:00:01, Sys 0 00:00:19  -  Run Remote Usage
		Usr 0 00:00:00, Sys 0 00:00:00  -  Run Local Usage
		Usr 0 00:00:01, Sys 0 00:00:19  -  Total Remote Usage
		Usr 0 00:00:00, Sys 0 00:00:00  -  Total Local Usage
	12813  -  Run Bytes Sent By Job
	8930  -  Run Bytes Received By Job
	12813  -  Total Bytes Sent By Job
	8930  -  Total Bytes Received By Job
	Partitionable Resources :    Usage  Request Allocated
	   Cpus                 :                 1         1
	   Disk (KB)            :  6392549 10000000  10274538
	   Memory (MB)          :       70     2100      2100
...
000 (221164.000.000) 07/31 07:07:06 Job submitted from host: <131.225.189.232:9618?addrs=131.225.189.232-9618&noUDP&sock=8982_aaf4_3>
...
001 (221164.000.000) 07/31 07:07:37 Job executing on host: <131.225.191.151:10822?addrs=131.225.191.151-10822>
...
006 (221164.000.000) 07/31 07:07:46 Image size of job updated: 2
	3  -  MemoryUsage of job (MB)
	2420  -  ResidentSetSize of job (KB)
...
006 (221164.000.000) 07/31 07:08:47 Image size of job updated: 447524
	69  -  MemoryUsage of job (MB)
	70284  -  ResidentSetSize of job (KB)
...
006 (221164.000.000) 07/31 07:09:48 Image size of job updated: 447524
	69  -  MemoryUsage of job (MB)
	70304  -  ResidentSetSize of job (KB)
...
006 (221164.000.000) 07/31 07:10:48 Image size of job updated: 447524
	69  -  MemoryUsage of job (MB)
	70312  -  ResidentSetSize of job (KB)
...
000 (221719.000.000) 07/31 07:11:48 Job submitted from host: <131.225.189.232:9618?addrs=131.225.189.232-9618&noUDP&sock=8982_aaf4_3>
...
001 (221719.000.000) 07/31 07:12:06 Job executing on host: <131.225.206.111:11920?addrs=131.225.206.111-11920>
...
006 (221719.000.000) 07/31 07:12:15 Image size of job updated: 447536
	69  -  MemoryUsage of job (MB)
	70288  -  ResidentSetSize of job (KB)
...
006 (221719.000.000) 07/31 07:13:16 Image size of job updated: 447536
	69  -  MemoryUsage of job (MB)
	70416  -  ResidentSetSize of job (KB)
...
005 (221164.000.000) 07/31 07:13:45 Job terminated.
	(1) Normal termination (return value 90)
		Usr 0 00:00:02, Sys 0 00:00:22  -  Run Remote Usage
		Usr 0 00:00:00, Sys 0 00:00:00  -  Run Local Usage
		Usr 0 00:00:02, Sys 0 00:00:22  -  Total Remote Usage
		Usr 0 00:00:00, Sys 0 00:00:00  -  Total Local Usage
	31698  -  Run Bytes Sent By Job
	8930  -  Run Bytes Received By Job
	31698  -  Total Bytes Sent By Job
	8930  -  Total Bytes Received By Job
	Partitionable Resources :    Usage  Request Allocated
	   Cpus                 :                 1         1
	   Disk (KB)            :  5615740 10000000  11932508
	   Memory (MB)          :       69     2100      2100
...
006 (221719.000.000) 07/31 07:15:18 Image size of job updated: 447536
	165  -  MemoryUsage of job (MB)
	168064  -  ResidentSetSize of job (KB)
...
006 (221719.000.000) 07/31 07:15:42 Image size of job updated: 678572
	165  -  MemoryUsage of job (MB)
	168064  -  ResidentSetSize of job (KB)
...
005 (221719.000.000) 07/31 07:15:42 Job terminated.
	(1) Normal termination (return value 65)
		Usr 0 00:00:09, Sys 0 00:00:17  -  Run Remote Usage
		Usr 0 00:00:00, Sys 0 00:00:00  -  Run Local Usage
		Usr 0 00:00:09, Sys 0 00:00:17  -  Total Remote Usage
		Usr 0 00:00:00, Sys 0 00:00:00  -  Total Local Usage
	16140  -  Run Bytes Sent By Job
	8930  -  Run Bytes Received By Job
	16140  -  Total Bytes Sent By Job
	8930  -  Total Bytes Received By Job
	Partitionable Resources :    Usage  Request Allocated
	   Cpus                 :                 1         1
	   Disk (KB)            :  6401271 10000000  10271466
	   Memory (MB)          :      165     2100      2100
...
000 (222281.000.000) 07/31 08:32:34 Job submitted from host: <131.225.189.232:9618?addrs=131.225.189.232-9618&noUDP&sock=8982_aaf4_3>
...
001 (222281.000.000) 07/31 08:33:01 Job executing on host: <131.225.206.236:59687?addrs=131.225.206.236-59687>
...
006 (222281.000.000) 07/31 08:33:10 Image size of job updated: 447524
	71  -  MemoryUsage of job (MB)
	72348  -  ResidentSetSize of job (KB)
...
005 (222281.000.000) 07/31 08:35:08 Job terminated.
	(1) Normal termination (return value 65)
		Usr 0 00:00:02, Sys 0 00:00:11  -  Run Remote Usage
		Usr 0 00:00:00, Sys 0 00:00:00  -  Run Local Usage
		Usr 0 00:00:02, Sys 0 00:00:11  -  Total Remote Usage
		Usr 0 00:00:00, Sys 0 00:00:00  -  Total Local Usage
	12409  -  Run Bytes Sent By Job
	8930  -  Run Bytes Received By Job
	12409  -  Total Bytes Sent By Job
	8930  -  Total Bytes Received By Job
	Partitionable Resources :    Usage  Request Allocated
	   Cpus                 :                 1         1
	   Disk (KB)            :  4569419 10000000  12195164
	   Memory (MB)          :       71     2100      2100
...
