000 (220519.000.000) 07/31 06:48:13 Job submitted from host: <131.225.189.232:9618?addrs=131.225.189.232-9618&noUDP&sock=8982_aaf4_3>
...
001 (220519.000.000) 07/31 06:48:29 Job executing on host: <131.225.204.44:36218?addrs=131.225.204.44-36218>
...
006 (220519.000.000) 07/31 06:48:38 Image size of job updated: 447524
	71  -  MemoryUsage of job (MB)
	72348  -  ResidentSetSize of job (KB)
...
005 (220519.000.000) 07/31 06:50:40 Job terminated.
	(1) Normal termination (return value 90)
		Usr 0 00:00:01, Sys 0 00:00:17  -  Run Remote Usage
		Usr 0 00:00:00, Sys 0 00:00:00  -  Run Local Usage
		Usr 0 00:00:01, Sys 0 00:00:17  -  Total Remote Usage
		Usr 0 00:00:00, Sys 0 00:00:00  -  Total Local Usage
	12924  -  Run Bytes Sent By Job
	8930  -  Run Bytes Received By Job
	12924  -  Total Bytes Sent By Job
	8930  -  Total Bytes Received By Job
	Partitionable Resources :    Usage  Request Allocated
	   Cpus                 :                 1         1
	   Disk (KB)            :  4869130 10000000  13321592
	   Memory (MB)          :       71     2100      2100
...
000 (221081.000.000) 07/31 07:06:52 Job submitted from host: <131.225.189.232:9618?addrs=131.225.189.232-9618&noUDP&sock=8982_aaf4_3>
...
001 (221081.000.000) 07/31 07:07:09 Job executing on host: <131.225.206.5:45131?addrs=131.225.206.5-45131>
...
006 (221081.000.000) 07/31 07:07:18 Image size of job updated: 447524
	52  -  MemoryUsage of job (MB)
	52424  -  ResidentSetSize of job (KB)
...
006 (221081.000.000) 07/31 07:08:19 Image size of job updated: 447524
	71  -  MemoryUsage of job (MB)
	72344  -  ResidentSetSize of job (KB)
...
005 (221081.000.000) 07/31 07:09:04 Job terminated.
	(1) Normal termination (return value 90)
		Usr 0 00:00:00, Sys 0 00:00:14  -  Run Remote Usage
		Usr 0 00:00:00, Sys 0 00:00:00  -  Run Local Usage
		Usr 0 00:00:00, Sys 0 00:00:14  -  Total Remote Usage
		Usr 0 00:00:00, Sys 0 00:00:00  -  Total Local Usage
	9113  -  Run Bytes Sent By Job
	8930  -  Run Bytes Received By Job
	9113  -  Total Bytes Sent By Job
	8930  -  Total Bytes Received By Job
	Partitionable Resources :    Usage  Request Allocated
	   Cpus                 :                 1         1
	   Disk (KB)            :  5615721 10000000  12704844
	   Memory (MB)          :       71     2100      2100
...
000 (221636.000.000) 07/31 07:11:34 Job submitted from host: <131.225.189.232:9618?addrs=131.225.189.232-9618&noUDP&sock=8982_aaf4_3>
...
001 (221636.000.000) 07/31 07:11:44 Job executing on host: <131.225.206.60:62136?addrs=131.225.206.60-62136>
...
006 (221636.000.000) 07/31 07:11:53 Image size of job updated: 447524
	56  -  MemoryUsage of job (MB)
	56696  -  ResidentSetSize of job (KB)
...
006 (221636.000.000) 07/31 07:12:54 Image size of job updated: 447524
	71  -  MemoryUsage of job (MB)
	72348  -  ResidentSetSize of job (KB)
...
006 (221636.000.000) 07/31 07:16:57 Image size of job updated: 447524
	88  -  MemoryUsage of job (MB)
	89208  -  ResidentSetSize of job (KB)
...
006 (221636.000.000) 07/31 07:17:14 Image size of job updated: 700080
	88  -  MemoryUsage of job (MB)
	89208  -  ResidentSetSize of job (KB)
...
005 (221636.000.000) 07/31 07:17:15 Job terminated.
	(1) Normal termination (return value 65)
		Usr 0 00:00:11, Sys 0 00:00:28  -  Run Remote Usage
		Usr 0 00:00:00, Sys 0 00:00:00  -  Run Local Usage
		Usr 0 00:00:11, Sys 0 00:00:28  -  Total Remote Usage
		Usr 0 00:00:00, Sys 0 00:00:00  -  Total Local Usage
	27990  -  Run Bytes Sent By Job
	8930  -  Run Bytes Received By Job
	27990  -  Total Bytes Sent By Job
	8930  -  Total Bytes Received By Job
	Partitionable Resources :    Usage  Request Allocated
	   Cpus                 :                 1         1
	   Disk (KB)            :  6298636 10000000  10043307
	   Memory (MB)          :       88     2100      2100
...
000 (222198.000.000) 07/31 08:32:29 Job submitted from host: <131.225.189.232:9618?addrs=131.225.189.232-9618&noUDP&sock=8982_aaf4_3>
...
001 (222198.000.000) 07/31 08:33:19 Job executing on host: <131.225.206.232:23648?addrs=131.225.206.232-23648>
...
006 (222198.000.000) 07/31 08:33:28 Image size of job updated: 102476
	14  -  MemoryUsage of job (MB)
	13600  -  ResidentSetSize of job (KB)
...
006 (222198.000.000) 07/31 08:34:33 Image size of job updated: 447524
	71  -  MemoryUsage of job (MB)
	72348  -  ResidentSetSize of job (KB)
...
006 (222198.000.000) 07/31 08:44:45 Image size of job updated: 717232
	71  -  MemoryUsage of job (MB)
	72348  -  ResidentSetSize of job (KB)
...
005 (222198.000.000) 07/31 08:44:47 Job terminated.
	(1) Normal termination (return value 65)
		Usr 0 00:00:11, Sys 0 00:00:16  -  Run Remote Usage
		Usr 0 00:00:00, Sys 0 00:00:00  -  Run Local Usage
		Usr 0 00:00:11, Sys 0 00:00:16  -  Total Remote Usage
		Usr 0 00:00:00, Sys 0 00:00:00  -  Total Local Usage
	29848  -  Run Bytes Sent By Job
	8930  -  Run Bytes Received By Job
	29848  -  Total Bytes Sent By Job
	8930  -  Total Bytes Received By Job
	Partitionable Resources :    Usage  Request Allocated
	   Cpus                 :                 1         1
	   Disk (KB)            :  6301504 10000000  11931200
	   Memory (MB)          :       71     2100      2100
...
000 (222753.000.000) 07/31 08:49:39 Job submitted from host: <131.225.189.232:9618?addrs=131.225.189.232-9618&noUDP&sock=8982_aaf4_3>
...
001 (222753.000.000) 07/31 08:49:55 Job executing on host: <131.225.204.90:53903?addrs=131.225.204.90-53903>
...
006 (222753.000.000) 07/31 08:50:03 Image size of job updated: 447524
	71  -  MemoryUsage of job (MB)
	72348  -  ResidentSetSize of job (KB)
...
006 (222753.000.000) 07/31 08:52:26 Image size of job updated: 769968
	71  -  MemoryUsage of job (MB)
	72348  -  ResidentSetSize of job (KB)
...
005 (222753.000.000) 07/31 08:52:27 Job terminated.
	(1) Normal termination (return value 65)
		Usr 0 00:00:13, Sys 0 00:00:20  -  Run Remote Usage
		Usr 0 00:00:00, Sys 0 00:00:00  -  Run Local Usage
		Usr 0 00:00:13, Sys 0 00:00:20  -  Total Remote Usage
		Usr 0 00:00:00, Sys 0 00:00:00  -  Total Local Usage
	13290  -  Run Bytes Sent By Job
	44439  -  Run Bytes Received By Job
	13290  -  Total Bytes Sent By Job
	44439  -  Total Bytes Received By Job
	Partitionable Resources :    Usage  Request Allocated
	   Cpus                 :                 1         1
	   Disk (KB)            :  6301327 10000000  10352253
	   Memory (MB)          :       71     2100      2100
...
000 (223308.000.000) 07/31 09:06:10 Job submitted from host: <131.225.189.232:9618?addrs=131.225.189.232-9618&noUDP&sock=8982_aaf4_3>
...
001 (223308.000.000) 07/31 09:09:33 Job executing on host: <131.225.191.138:60659?addrs=131.225.191.138-60659>
...
006 (223308.000.000) 07/31 09:09:42 Image size of job updated: 447532
	71  -  MemoryUsage of job (MB)
	72348  -  ResidentSetSize of job (KB)
...
