000 (220663.000.000) 07/31 06:48:44 Job submitted from host: <131.225.189.232:9618?addrs=131.225.189.232-9618&noUDP&sock=8982_aaf4_3>
...
001 (220663.000.000) 07/31 06:49:05 Job executing on host: <131.225.204.31:49055?addrs=131.225.204.31-49055>
...
006 (220663.000.000) 07/31 06:49:14 Image size of job updated: 381924
	25  -  MemoryUsage of job (MB)
	25172  -  ResidentSetSize of job (KB)
...
006 (220663.000.000) 07/31 06:50:15 Image size of job updated: 447524
	69  -  MemoryUsage of job (MB)
	70284  -  ResidentSetSize of job (KB)
...
005 (220663.000.000) 07/31 06:54:59 Job terminated.
	(1) Normal termination (return value 90)
		Usr 0 00:00:02, Sys 0 00:00:25  -  Run Remote Usage
		Usr 0 00:00:00, Sys 0 00:00:00  -  Run Local Usage
		Usr 0 00:00:02, Sys 0 00:00:25  -  Total Remote Usage
		Usr 0 00:00:00, Sys 0 00:00:00  -  Total Local Usage
	30958  -  Run Bytes Sent By Job
	8930  -  Run Bytes Received By Job
	30958  -  Total Bytes Sent By Job
	8930  -  Total Bytes Received By Job
	Partitionable Resources :    Usage  Request Allocated
	   Cpus                 :                 1         1
	   Disk (KB)            :  5540893 10000000  10339479
	   Memory (MB)          :       69     2100      2100
...
000 (221225.000.000) 07/31 07:07:17 Job submitted from host: <131.225.189.232:9618?addrs=131.225.189.232-9618&noUDP&sock=8982_aaf4_3>
...
001 (221225.000.000) 07/31 07:07:48 Job executing on host: <131.225.206.136:54233?addrs=131.225.206.136-54233>
...
006 (221225.000.000) 07/31 07:07:57 Image size of job updated: 2
	3  -  MemoryUsage of job (MB)
	2424  -  ResidentSetSize of job (KB)
...
006 (221225.000.000) 07/31 07:08:58 Image size of job updated: 447524
	70  -  MemoryUsage of job (MB)
	71356  -  ResidentSetSize of job (KB)
...
000 (221780.000.000) 07/31 07:11:58 Job submitted from host: <131.225.189.232:9618?addrs=131.225.189.232-9618&noUDP&sock=8982_aaf4_3>
...
001 (221780.000.000) 07/31 07:12:19 Job executing on host: <131.225.207.135:42542?addrs=131.225.207.135-42542>
...
006 (221780.000.000) 07/31 07:12:28 Image size of job updated: 447524
	71  -  MemoryUsage of job (MB)
	72344  -  ResidentSetSize of job (KB)
...
005 (221225.000.000) 07/31 07:14:10 Job terminated.
	(1) Normal termination (return value 90)
		Usr 0 00:00:02, Sys 0 00:00:21  -  Run Remote Usage
		Usr 0 00:00:00, Sys 0 00:00:00  -  Run Local Usage
		Usr 0 00:00:02, Sys 0 00:00:21  -  Total Remote Usage
		Usr 0 00:00:00, Sys 0 00:00:00  -  Total Local Usage
	33280  -  Run Bytes Sent By Job
	8930  -  Run Bytes Received By Job
	33280  -  Total Bytes Sent By Job
	8930  -  Total Bytes Received By Job
	Partitionable Resources :    Usage  Request Allocated
	   Cpus                 :                 1         1
	   Disk (KB)            :  6451329 10000000  10402842
	   Memory (MB)          :       70     2100      2100
...
006 (221780.000.000) 07/31 07:14:15 Image size of job updated: 769972
	71  -  MemoryUsage of job (MB)
	72344  -  ResidentSetSize of job (KB)
...
005 (221780.000.000) 07/31 07:14:15 Job terminated.
	(1) Normal termination (return value 65)
		Usr 0 00:00:11, Sys 0 00:00:16  -  Run Remote Usage
		Usr 0 00:00:00, Sys 0 00:00:00  -  Run Local Usage
		Usr 0 00:00:11, Sys 0 00:00:16  -  Total Remote Usage
		Usr 0 00:00:00, Sys 0 00:00:00  -  Total Local Usage
	9512  -  Run Bytes Sent By Job
	8930  -  Run Bytes Received By Job
	9512  -  Total Bytes Sent By Job
	8930  -  Total Bytes Received By Job
	Partitionable Resources :    Usage  Request Allocated
	   Cpus                 :                 1         1
	   Disk (KB)            :  6319640 10000000  10277394
	   Memory (MB)          :       71     2100      2100
...
