000 (220783.000.000) 07/31 06:49:09 Job submitted from host: <131.225.189.232:9618?addrs=131.225.189.232-9618&noUDP&sock=8982_aaf4_3>
...
001 (220783.000.000) 07/31 06:49:32 Job executing on host: <131.225.204.84:7575?addrs=131.225.204.84-7575>
...
006 (220783.000.000) 07/31 06:49:41 Image size of job updated: 2
	3  -  MemoryUsage of job (MB)
	2420  -  ResidentSetSize of job (KB)
...
006 (220783.000.000) 07/31 06:50:42 Image size of job updated: 447524
	71  -  MemoryUsage of job (MB)
	72344  -  ResidentSetSize of job (KB)
...
005 (220783.000.000) 07/31 06:52:36 Job terminated.
	(1) Normal termination (return value 90)
		Usr 0 00:00:01, Sys 0 00:00:19  -  Run Remote Usage
		Usr 0 00:00:00, Sys 0 00:00:00  -  Run Local Usage
		Usr 0 00:00:01, Sys 0 00:00:19  -  Total Remote Usage
		Usr 0 00:00:00, Sys 0 00:00:00  -  Total Local Usage
	13445  -  Run Bytes Sent By Job
	8930  -  Run Bytes Received By Job
	13445  -  Total Bytes Sent By Job
	8930  -  Total Bytes Received By Job
	Partitionable Resources :    Usage  Request Allocated
	   Cpus                 :                 1         1
	   Disk (KB)            :  6673940 10000000  10526418
	   Memory (MB)          :       71     2100      2100
...
000 (221345.000.000) 07/31 07:07:38 Job submitted from host: <131.225.189.232:9618?addrs=131.225.189.232-9618&noUDP&sock=8982_aaf4_3>
...
001 (221345.000.000) 07/31 07:08:12 Job executing on host: <131.225.206.154:8489?addrs=131.225.206.154-8489>
...
006 (221345.000.000) 07/31 07:08:21 Image size of job updated: 447524
	71  -  MemoryUsage of job (MB)
	72344  -  ResidentSetSize of job (KB)
...
000 (221900.000.000) 07/31 07:12:19 Job submitted from host: <131.225.189.232:9618?addrs=131.225.189.232-9618&noUDP&sock=8982_aaf4_3>
...
005 (221345.000.000) 07/31 07:12:52 Job terminated.
	(1) Normal termination (return value 90)
		Usr 0 00:00:01, Sys 0 00:00:19  -  Run Remote Usage
		Usr 0 00:00:00, Sys 0 00:00:00  -  Run Local Usage
		Usr 0 00:00:01, Sys 0 00:00:19  -  Total Remote Usage
		Usr 0 00:00:00, Sys 0 00:00:00  -  Total Local Usage
	17437  -  Run Bytes Sent By Job
	8930  -  Run Bytes Received By Job
	17437  -  Total Bytes Sent By Job
	8930  -  Total Bytes Received By Job
	Partitionable Resources :    Usage  Request Allocated
	   Cpus                 :                 1         1
	   Disk (KB)            :  5091439 10000000  10413360
	   Memory (MB)          :       71     2100      2100
...
001 (221900.000.000) 07/31 07:12:57 Job executing on host: <131.225.207.66:14919?addrs=131.225.207.66-14919>
...
006 (221900.000.000) 07/31 07:13:06 Image size of job updated: 447524
	71  -  MemoryUsage of job (MB)
	72348  -  ResidentSetSize of job (KB)
...
006 (221900.000.000) 07/31 07:15:08 Image size of job updated: 772780
	481  -  MemoryUsage of job (MB)
	491624  -  ResidentSetSize of job (KB)
...
005 (221900.000.000) 07/31 07:15:12 Job terminated.
	(1) Normal termination (return value 65)
		Usr 0 00:00:11, Sys 0 00:00:15  -  Run Remote Usage
		Usr 0 00:00:00, Sys 0 00:00:00  -  Run Local Usage
		Usr 0 00:00:11, Sys 0 00:00:15  -  Total Remote Usage
		Usr 0 00:00:00, Sys 0 00:00:00  -  Total Local Usage
	10830  -  Run Bytes Sent By Job
	8930  -  Run Bytes Received By Job
	10830  -  Total Bytes Sent By Job
	8930  -  Total Bytes Received By Job
	Partitionable Resources :    Usage  Request Allocated
	   Cpus                 :                 1         1
	   Disk (KB)            :  6682656 10000000  10134057
	   Memory (MB)          :      481     2100      2100
...
