000 (220754.000.000) 07/31 06:49:03 Job submitted from host: <131.225.189.232:9618?addrs=131.225.189.232-9618&noUDP&sock=8982_aaf4_3>
...
001 (220754.000.000) 07/31 06:49:24 Job executing on host: <131.225.204.30:36122?addrs=131.225.204.30-36122>
...
006 (220754.000.000) 07/31 06:49:33 Image size of job updated: 447524
	71  -  MemoryUsage of job (MB)
	72348  -  ResidentSetSize of job (KB)
...
005 (220754.000.000) 07/31 06:54:31 Job terminated.
	(1) Normal termination (return value 90)
		Usr 0 00:00:02, Sys 0 00:00:17  -  Run Remote Usage
		Usr 0 00:00:00, Sys 0 00:00:00  -  Run Local Usage
		Usr 0 00:00:02, Sys 0 00:00:17  -  Total Remote Usage
		Usr 0 00:00:00, Sys 0 00:00:00  -  Total Local Usage
	28760  -  Run Bytes Sent By Job
	8930  -  Run Bytes Received By Job
	28760  -  Total Bytes Sent By Job
	8930  -  Total Bytes Received By Job
	Partitionable Resources :    Usage  Request Allocated
	   Cpus                 :                 1         1
	   Disk (KB)            :  4978414 10000000  10360617
	   Memory (MB)          :       71     2100      2100
...
000 (221316.000.000) 07/31 07:07:33 Job submitted from host: <131.225.189.232:9618?addrs=131.225.189.232-9618&noUDP&sock=8982_aaf4_3>
...
001 (221316.000.000) 07/31 07:08:07 Job executing on host: <131.225.206.165:16738?addrs=131.225.206.165-16738>
...
006 (221316.000.000) 07/31 07:08:16 Image size of job updated: 111056
	2  -  MemoryUsage of job (MB)
	1812  -  ResidentSetSize of job (KB)
...
006 (221316.000.000) 07/31 07:09:17 Image size of job updated: 447524
	71  -  MemoryUsage of job (MB)
	72348  -  ResidentSetSize of job (KB)
...
000 (221871.000.000) 07/31 07:12:15 Job submitted from host: <131.225.189.232:9618?addrs=131.225.189.232-9618&noUDP&sock=8982_aaf4_3>
...
001 (221871.000.000) 07/31 07:12:32 Job executing on host: <131.225.205.164:13355?addrs=131.225.205.164-13355>
...
006 (221871.000.000) 07/31 07:12:41 Image size of job updated: 447524
	70  -  MemoryUsage of job (MB)
	71276  -  ResidentSetSize of job (KB)
...
005 (221316.000.000) 07/31 07:14:23 Job terminated.
	(1) Normal termination (return value 90)
		Usr 0 00:00:01, Sys 0 00:00:22  -  Run Remote Usage
		Usr 0 00:00:00, Sys 0 00:00:00  -  Run Local Usage
		Usr 0 00:00:01, Sys 0 00:00:22  -  Total Remote Usage
		Usr 0 00:00:00, Sys 0 00:00:00  -  Total Local Usage
	32462  -  Run Bytes Sent By Job
	8930  -  Run Bytes Received By Job
	32462  -  Total Bytes Sent By Job
	8930  -  Total Bytes Received By Job
	Partitionable Resources :    Usage  Request Allocated
	   Cpus                 :                 1         1
	   Disk (KB)            :  5959809 10000000  11329956
	   Memory (MB)          :       71     2100      2100
...
006 (221871.000.000) 07/31 07:14:43 Image size of job updated: 769968
	476  -  MemoryUsage of job (MB)
	487324  -  ResidentSetSize of job (KB)
...
005 (221871.000.000) 07/31 07:14:47 Job terminated.
	(1) Normal termination (return value 65)
		Usr 0 00:00:16, Sys 0 00:00:12  -  Run Remote Usage
		Usr 0 00:00:00, Sys 0 00:00:00  -  Run Local Usage
		Usr 0 00:00:16, Sys 0 00:00:12  -  Total Remote Usage
		Usr 0 00:00:00, Sys 0 00:00:00  -  Total Local Usage
	8803  -  Run Bytes Sent By Job
	8930  -  Run Bytes Received By Job
	8803  -  Total Bytes Sent By Job
	8930  -  Total Bytes Received By Job
	Partitionable Resources :    Usage  Request Allocated
	   Cpus                 :                 1         1
	   Disk (KB)            :  5986882 10000000  17016464
	   Memory (MB)          :      476     2100      2100
...
000 (222433.000.000) 07/31 08:32:46 Job submitted from host: <131.225.189.232:9618?addrs=131.225.189.232-9618&noUDP&sock=8982_aaf4_3>
...
001 (222433.000.000) 07/31 08:33:31 Job executing on host: <131.225.204.61:23766?addrs=131.225.204.61-23766>
...
006 (222433.000.000) 07/31 08:33:40 Image size of job updated: 2
	3  -  MemoryUsage of job (MB)
	2424  -  ResidentSetSize of job (KB)
...
006 (222433.000.000) 07/31 08:34:41 Image size of job updated: 447524
	69  -  MemoryUsage of job (MB)
	70320  -  ResidentSetSize of job (KB)
...
006 (222433.000.000) 07/31 08:37:01 Image size of job updated: 669352
	385  -  MemoryUsage of job (MB)
	393448  -  ResidentSetSize of job (KB)
...
005 (222433.000.000) 07/31 08:37:17 Job terminated.
	(1) Normal termination (return value 65)
		Usr 0 00:00:08, Sys 0 00:00:18  -  Run Remote Usage
		Usr 0 00:00:00, Sys 0 00:00:00  -  Run Local Usage
		Usr 0 00:00:08, Sys 0 00:00:18  -  Total Remote Usage
		Usr 0 00:00:00, Sys 0 00:00:00  -  Total Local Usage
	17838  -  Run Bytes Sent By Job
	8930  -  Run Bytes Received By Job
	17838  -  Total Bytes Sent By Job
	8930  -  Total Bytes Received By Job
	Partitionable Resources :    Usage  Request Allocated
	   Cpus                 :                 1         1
	   Disk (KB)            :  5989757 10000000  10314039
	   Memory (MB)          :      385     2100      2100
...
