000 (220777.000.000) 07/31 06:49:08 Job submitted from host: <131.225.189.232:9618?addrs=131.225.189.232-9618&noUDP&sock=8982_aaf4_3>
...
001 (220777.000.000) 07/31 06:49:30 Job executing on host: <131.225.204.41:44778?addrs=131.225.204.41-44778>
...
006 (220777.000.000) 07/31 06:49:38 Image size of job updated: 447528
	23  -  MemoryUsage of job (MB)
	23192  -  ResidentSetSize of job (KB)
...
006 (220777.000.000) 07/31 06:50:38 Image size of job updated: 447528
	69  -  MemoryUsage of job (MB)
	70408  -  ResidentSetSize of job (KB)
...
005 (220777.000.000) 07/31 06:51:07 Job terminated.
	(1) Normal termination (return value 90)
		Usr 0 00:00:00, Sys 0 00:00:16  -  Run Remote Usage
		Usr 0 00:00:00, Sys 0 00:00:00  -  Run Local Usage
		Usr 0 00:00:00, Sys 0 00:00:16  -  Total Remote Usage
		Usr 0 00:00:00, Sys 0 00:00:00  -  Total Local Usage
	10524  -  Run Bytes Sent By Job
	8930  -  Run Bytes Received By Job
	10524  -  Total Bytes Sent By Job
	8930  -  Total Bytes Received By Job
	Partitionable Resources :    Usage  Request Allocated
	   Cpus                 :                 1         1
	   Disk (KB)            :  4803594 10000000  10519326
	   Memory (MB)          :       69     2100      2100
...
000 (221339.000.000) 07/31 07:07:37 Job submitted from host: <131.225.189.232:9618?addrs=131.225.189.232-9618&noUDP&sock=8982_aaf4_3>
...
001 (221339.000.000) 07/31 07:08:11 Job executing on host: <131.225.204.29:17298?addrs=131.225.204.29-17298>
...
006 (221339.000.000) 07/31 07:08:20 Image size of job updated: 447528
	20  -  MemoryUsage of job (MB)
	19904  -  ResidentSetSize of job (KB)
...
006 (221339.000.000) 07/31 07:09:21 Image size of job updated: 447528
	69  -  MemoryUsage of job (MB)
	70408  -  ResidentSetSize of job (KB)
...
000 (221894.000.000) 07/31 07:12:18 Job submitted from host: <131.225.189.232:9618?addrs=131.225.189.232-9618&noUDP&sock=8982_aaf4_3>
...
001 (221894.000.000) 07/31 07:12:42 Job executing on host: <131.225.207.159:28646?addrs=131.225.207.159-28646>
...
006 (221894.000.000) 07/31 07:12:50 Image size of job updated: 102476
	3  -  MemoryUsage of job (MB)
	2464  -  ResidentSetSize of job (KB)
...
006 (221894.000.000) 07/31 07:13:50 Image size of job updated: 447524
	69  -  MemoryUsage of job (MB)
	70360  -  ResidentSetSize of job (KB)
...
005 (221339.000.000) 07/31 07:14:03 Job terminated.
	(1) Normal termination (return value 90)
		Usr 0 00:00:01, Sys 0 00:00:24  -  Run Remote Usage
		Usr 0 00:00:00, Sys 0 00:00:00  -  Run Local Usage
		Usr 0 00:00:01, Sys 0 00:00:24  -  Total Remote Usage
		Usr 0 00:00:00, Sys 0 00:00:00  -  Total Local Usage
	30868  -  Run Bytes Sent By Job
	8930  -  Run Bytes Received By Job
	30868  -  Total Bytes Sent By Job
	8930  -  Total Bytes Received By Job
	Partitionable Resources :    Usage  Request Allocated
	   Cpus                 :                 1         1
	   Disk (KB)            :  5845116 10000000  10556646
	   Memory (MB)          :       69     2100      2100
...
006 (221894.000.000) 07/31 07:16:51 Image size of job updated: 772788
	482  -  MemoryUsage of job (MB)
	493196  -  ResidentSetSize of job (KB)
...
005 (221894.000.000) 07/31 07:16:56 Job terminated.
	(1) Normal termination (return value 65)
		Usr 0 00:00:12, Sys 0 00:00:19  -  Run Remote Usage
		Usr 0 00:00:00, Sys 0 00:00:00  -  Run Local Usage
		Usr 0 00:00:12, Sys 0 00:00:19  -  Total Remote Usage
		Usr 0 00:00:00, Sys 0 00:00:00  -  Total Local Usage
	21807  -  Run Bytes Sent By Job
	8930  -  Run Bytes Received By Job
	21807  -  Total Bytes Sent By Job
	8930  -  Total Bytes Received By Job
	Partitionable Resources :    Usage  Request Allocated
	   Cpus                 :                 1         1
	   Disk (KB)            :  6717825 10000000  10473735
	   Memory (MB)          :      482     2100      2100
...
