000 (220606.000.000) 07/31 06:48:32 Job submitted from host: <131.225.189.232:9618?addrs=131.225.189.232-9618&noUDP&sock=8982_aaf4_3>
...
001 (220606.000.000) 07/31 06:48:54 Job executing on host: <131.225.191.151:10822?addrs=131.225.191.151-10822>
...
006 (220606.000.000) 07/31 06:49:03 Image size of job updated: 447524
	71  -  MemoryUsage of job (MB)
	72348  -  ResidentSetSize of job (KB)
...
005 (220606.000.000) 07/31 06:51:00 Job terminated.
	(1) Normal termination (return value 90)
		Usr 0 00:00:00, Sys 0 00:00:16  -  Run Remote Usage
		Usr 0 00:00:00, Sys 0 00:00:00  -  Run Local Usage
		Usr 0 00:00:00, Sys 0 00:00:16  -  Total Remote Usage
		Usr 0 00:00:00, Sys 0 00:00:00  -  Total Local Usage
	9470  -  Run Bytes Sent By Job
	8930  -  Run Bytes Received By Job
	9470  -  Total Bytes Sent By Job
	8930  -  Total Bytes Received By Job
	Partitionable Resources :    Usage  Request Allocated
	   Cpus                 :                 1         1
	   Disk (KB)            :  3820552 10000000  11946128
	   Memory (MB)          :       71     2100      2100
...
000 (221168.000.000) 07/31 07:07:07 Job submitted from host: <131.225.189.232:9618?addrs=131.225.189.232-9618&noUDP&sock=8982_aaf4_3>
...
001 (221168.000.000) 07/31 07:07:38 Job executing on host: <131.225.206.228:30712?addrs=131.225.206.228-30712>
...
006 (221168.000.000) 07/31 07:07:47 Image size of job updated: 2
	3  -  MemoryUsage of job (MB)
	2424  -  ResidentSetSize of job (KB)
...
006 (221168.000.000) 07/31 07:08:48 Image size of job updated: 447524
	69  -  MemoryUsage of job (MB)
	70288  -  ResidentSetSize of job (KB)
...
005 (221168.000.000) 07/31 07:09:07 Job terminated.
	(1) Normal termination (return value 90)
		Usr 0 00:00:00, Sys 0 00:00:15  -  Run Remote Usage
		Usr 0 00:00:00, Sys 0 00:00:00  -  Run Local Usage
		Usr 0 00:00:00, Sys 0 00:00:15  -  Total Remote Usage
		Usr 0 00:00:00, Sys 0 00:00:00  -  Total Local Usage
	9562  -  Run Bytes Sent By Job
	8930  -  Run Bytes Received By Job
	9562  -  Total Bytes Sent By Job
	8930  -  Total Bytes Received By Job
	Partitionable Resources :    Usage  Request Allocated
	   Cpus                 :                 1         1
	   Disk (KB)            :  5304425 10000000  11795552
	   Memory (MB)          :       69     2100      2100
...
000 (221723.000.000) 07/31 07:11:49 Job submitted from host: <131.225.189.232:9618?addrs=131.225.189.232-9618&noUDP&sock=8982_aaf4_3>
...
001 (221723.000.000) 07/31 07:12:07 Job executing on host: <131.225.207.181:3598?addrs=131.225.207.181-3598>
...
006 (221723.000.000) 07/31 07:12:16 Image size of job updated: 447536
	71  -  MemoryUsage of job (MB)
	72344  -  ResidentSetSize of job (KB)
...
006 (221723.000.000) 07/31 07:15:18 Image size of job updated: 458848
	208  -  MemoryUsage of job (MB)
	212404  -  ResidentSetSize of job (KB)
...
006 (221723.000.000) 07/31 07:15:54 Image size of job updated: 770228
	208  -  MemoryUsage of job (MB)
	212404  -  ResidentSetSize of job (KB)
...
005 (221723.000.000) 07/31 07:15:55 Job terminated.
	(1) Normal termination (return value 65)
		Usr 0 00:00:12, Sys 0 00:00:19  -  Run Remote Usage
		Usr 0 00:00:00, Sys 0 00:00:00  -  Run Local Usage
		Usr 0 00:00:12, Sys 0 00:00:19  -  Total Remote Usage
		Usr 0 00:00:00, Sys 0 00:00:00  -  Total Local Usage
	15433  -  Run Bytes Sent By Job
	8930  -  Run Bytes Received By Job
	15433  -  Total Bytes Sent By Job
	8930  -  Total Bytes Received By Job
	Partitionable Resources :    Usage  Request Allocated
	   Cpus                 :                 1         1
	   Disk (KB)            :  6331240 10000000  10276437
	   Memory (MB)          :      208     2100      2100
...
000 (222285.000.000) 07/31 08:32:34 Job submitted from host: <131.225.189.232:9618?addrs=131.225.189.232-9618&noUDP&sock=8982_aaf4_3>
...
001 (222285.000.000) 07/31 08:33:00 Job executing on host: <131.225.204.124:51529?addrs=131.225.204.124-51529>
...
006 (222285.000.000) 07/31 08:33:09 Image size of job updated: 447524
	71  -  MemoryUsage of job (MB)
	72344  -  ResidentSetSize of job (KB)
...
006 (222285.000.000) 07/31 08:35:22 Image size of job updated: 733364
	71  -  MemoryUsage of job (MB)
	72344  -  ResidentSetSize of job (KB)
...
005 (222285.000.000) 07/31 08:35:23 Job terminated.
	(1) Normal termination (return value 65)
		Usr 0 00:00:09, Sys 0 00:00:15  -  Run Remote Usage
		Usr 0 00:00:00, Sys 0 00:00:00  -  Run Local Usage
		Usr 0 00:00:09, Sys 0 00:00:15  -  Total Remote Usage
		Usr 0 00:00:00, Sys 0 00:00:00  -  Total Local Usage
	11624  -  Run Bytes Sent By Job
	8930  -  Run Bytes Received By Job
	11624  -  Total Bytes Sent By Job
	8930  -  Total Bytes Received By Job
	Partitionable Resources :    Usage  Request Allocated
	   Cpus                 :                 1         1
	   Disk (KB)            :  6334103 10000000  10514184
	   Memory (MB)          :       71     2100      2100
...
