000 (220488.000.000) 07/31 06:48:07 Job submitted from host: <131.225.189.232:9618?addrs=131.225.189.232-9618&noUDP&sock=8982_aaf4_3>
...
001 (220488.000.000) 07/31 06:48:23 Job executing on host: <131.225.207.106:53270?addrs=131.225.207.106-53270>
...
006 (220488.000.000) 07/31 06:48:32 Image size of job updated: 447524
	71  -  MemoryUsage of job (MB)
	72352  -  ResidentSetSize of job (KB)
...
005 (220488.000.000) 07/31 06:50:30 Job terminated.
	(1) Normal termination (return value 90)
		Usr 0 00:00:00, Sys 0 00:00:19  -  Run Remote Usage
		Usr 0 00:00:00, Sys 0 00:00:00  -  Run Local Usage
		Usr 0 00:00:00, Sys 0 00:00:19  -  Total Remote Usage
		Usr 0 00:00:00, Sys 0 00:00:00  -  Total Local Usage
	9631  -  Run Bytes Sent By Job
	8930  -  Run Bytes Received By Job
	9631  -  Total Bytes Sent By Job
	8930  -  Total Bytes Received By Job
	Partitionable Resources :    Usage  Request Allocated
	   Cpus                 :                 1         1
	   Disk (KB)            :  4967434 10000000  10125138
	   Memory (MB)          :       71     2100      2100
...
000 (221050.000.000) 07/31 07:06:47 Job submitted from host: <131.225.189.232:9618?addrs=131.225.189.232-9618&noUDP&sock=8982_aaf4_3>
...
001 (221050.000.000) 07/31 07:07:06 Job executing on host: <131.225.206.226:52361?addrs=131.225.206.226-52361>
...
006 (221050.000.000) 07/31 07:07:15 Image size of job updated: 2
	3  -  MemoryUsage of job (MB)
	2424  -  ResidentSetSize of job (KB)
...
006 (221050.000.000) 07/31 07:08:16 Image size of job updated: 447524
	71  -  MemoryUsage of job (MB)
	72344  -  ResidentSetSize of job (KB)
...
005 (221050.000.000) 07/31 07:09:08 Job terminated.
	(1) Normal termination (return value 90)
		Usr 0 00:00:00, Sys 0 00:00:17  -  Run Remote Usage
		Usr 0 00:00:00, Sys 0 00:00:00  -  Run Local Usage
		Usr 0 00:00:00, Sys 0 00:00:17  -  Total Remote Usage
		Usr 0 00:00:00, Sys 0 00:00:00  -  Total Local Usage
	10880  -  Run Bytes Sent By Job
	8930  -  Run Bytes Received By Job
	10880  -  Total Bytes Sent By Job
	8930  -  Total Bytes Received By Job
	Partitionable Resources :    Usage  Request Allocated
	   Cpus                 :                 1         1
	   Disk (KB)            :  4108392 10000000  11637644
	   Memory (MB)          :       71     2100      2100
...
000 (221605.000.000) 07/31 07:11:29 Job submitted from host: <131.225.189.232:9618?addrs=131.225.189.232-9618&noUDP&sock=8982_aaf4_3>
...
001 (221605.000.000) 07/31 07:11:32 Job executing on host: <131.225.204.82:42014?addrs=131.225.204.82-42014>
...
006 (221605.000.000) 07/31 07:11:41 Image size of job updated: 447524
	71  -  MemoryUsage of job (MB)
	72348  -  ResidentSetSize of job (KB)
...
006 (221605.000.000) 07/31 07:13:43 Image size of job updated: 772016
	481  -  MemoryUsage of job (MB)
	491584  -  ResidentSetSize of job (KB)
...
005 (221605.000.000) 07/31 07:13:59 Job terminated.
	(1) Normal termination (return value 65)
		Usr 0 00:00:10, Sys 0 00:00:16  -  Run Remote Usage
		Usr 0 00:00:00, Sys 0 00:00:00  -  Run Local Usage
		Usr 0 00:00:10, Sys 0 00:00:16  -  Total Remote Usage
		Usr 0 00:00:00, Sys 0 00:00:00  -  Total Local Usage
	11970  -  Run Bytes Sent By Job
	8930  -  Run Bytes Received By Job
	11970  -  Total Bytes Sent By Job
	8930  -  Total Bytes Received By Job
	Partitionable Resources :    Usage  Request Allocated
	   Cpus                 :                 1         1
	   Disk (KB)            :  6343086 10000000  10403736
	   Memory (MB)          :      481     2100      2100
...
000 (222167.000.000) 07/31 08:32:27 Job submitted from host: <131.225.189.232:9618?addrs=131.225.189.232-9618&noUDP&sock=8982_aaf4_3>
...
001 (222167.000.000) 07/31 08:32:38 Job executing on host: <131.225.204.77:57293?addrs=131.225.204.77-57293>
...
006 (222167.000.000) 07/31 08:32:47 Image size of job updated: 81676
	20  -  MemoryUsage of job (MB)
	20088  -  ResidentSetSize of job (KB)
...
006 (222167.000.000) 07/31 08:33:48 Image size of job updated: 447524
	71  -  MemoryUsage of job (MB)
	72340  -  ResidentSetSize of job (KB)
...
006 (222167.000.000) 07/31 08:35:25 Image size of job updated: 493968
	71  -  MemoryUsage of job (MB)
	72340  -  ResidentSetSize of job (KB)
...
005 (222167.000.000) 07/31 08:35:25 Job terminated.
	(1) Normal termination (return value 65)
		Usr 0 00:00:04, Sys 0 00:00:18  -  Run Remote Usage
		Usr 0 00:00:00, Sys 0 00:00:00  -  Run Local Usage
		Usr 0 00:00:04, Sys 0 00:00:18  -  Total Remote Usage
		Usr 0 00:00:00, Sys 0 00:00:00  -  Total Local Usage
	10888  -  Run Bytes Sent By Job
	8930  -  Run Bytes Received By Job
	10888  -  Total Bytes Sent By Job
	8930  -  Total Bytes Received By Job
	Partitionable Resources :    Usage  Request Allocated
	   Cpus                 :                 1         1
	   Disk (KB)            :  6345952 10000000  10111002
	   Memory (MB)          :       71     2100      2100
...
000 (222722.000.000) 07/31 08:49:38 Job submitted from host: <131.225.189.232:9618?addrs=131.225.189.232-9618&noUDP&sock=8982_aaf4_3>
...
001 (222722.000.000) 07/31 08:49:49 Job executing on host: <131.225.206.60:62136?addrs=131.225.206.60-62136>
...
006 (222722.000.000) 07/31 08:49:58 Image size of job updated: 447524
	71  -  MemoryUsage of job (MB)
	72344  -  ResidentSetSize of job (KB)
...
006 (222722.000.000) 07/31 08:52:00 Image size of job updated: 721592
	433  -  MemoryUsage of job (MB)
	443200  -  ResidentSetSize of job (KB)
...
005 (222722.000.000) 07/31 08:52:02 Job terminated.
	(1) Normal termination (return value 65)
		Usr 0 00:00:10, Sys 0 00:00:20  -  Run Remote Usage
		Usr 0 00:00:00, Sys 0 00:00:00  -  Run Local Usage
		Usr 0 00:00:10, Sys 0 00:00:20  -  Total Remote Usage
		Usr 0 00:00:00, Sys 0 00:00:00  -  Total Local Usage
	13190  -  Run Bytes Sent By Job
	44439  -  Run Bytes Received By Job
	13190  -  Total Bytes Sent By Job
	44439  -  Total Bytes Received By Job
	Partitionable Resources :    Usage  Request Allocated
	   Cpus                 :                 1         1
	   Disk (KB)            :  6345793 10000000  10106544
	   Memory (MB)          :      433     2100      2100
...
000 (223277.000.000) 07/31 09:06:09 Job submitted from host: <131.225.189.232:9618?addrs=131.225.189.232-9618&noUDP&sock=8982_aaf4_3>
...
001 (223277.000.000) 07/31 09:06:37 Job executing on host: <131.225.207.58:29869?addrs=131.225.207.58-29869>
...
006 (223277.000.000) 07/31 09:06:46 Image size of job updated: 447532
	71  -  MemoryUsage of job (MB)
	72352  -  ResidentSetSize of job (KB)
...
006 (223277.000.000) 07/31 09:08:47 Image size of job updated: 539132
	259  -  MemoryUsage of job (MB)
	264768  -  ResidentSetSize of job (KB)
...
006 (223277.000.000) 07/31 09:09:48 Image size of job updated: 981200
	639  -  MemoryUsage of job (MB)
	654156  -  ResidentSetSize of job (KB)
...
006 (223277.000.000) 07/31 09:10:49 Image size of job updated: 981200
	641  -  MemoryUsage of job (MB)
	655528  -  ResidentSetSize of job (KB)
...
