000 (220868.000.000) 07/31 06:49:27 Job submitted from host: <131.225.189.232:9618?addrs=131.225.189.232-9618&noUDP&sock=8982_aaf4_3>
...
001 (220868.000.000) 07/31 06:49:49 Job executing on host: <131.225.205.173:10262?addrs=131.225.205.173-10262>
...
006 (220868.000.000) 07/31 06:49:59 Image size of job updated: 447524
	71  -  MemoryUsage of job (MB)
	72344  -  ResidentSetSize of job (KB)
...
005 (220868.000.000) 07/31 06:52:25 Job terminated.
	(1) Normal termination (return value 90)
		Usr 0 00:00:00, Sys 0 00:00:21  -  Run Remote Usage
		Usr 0 00:00:00, Sys 0 00:00:00  -  Run Local Usage
		Usr 0 00:00:00, Sys 0 00:00:21  -  Total Remote Usage
		Usr 0 00:00:00, Sys 0 00:00:00  -  Total Local Usage
	12736  -  Run Bytes Sent By Job
	8930  -  Run Bytes Received By Job
	12736  -  Total Bytes Sent By Job
	8930  -  Total Bytes Received By Job
	Partitionable Resources :    Usage  Request Allocated
	   Cpus                 :                 1         1
	   Disk (KB)            :  3689482 10000000  17113756
	   Memory (MB)          :       71     2100      2100
...
000 (221430.000.000) 07/31 07:07:53 Job submitted from host: <131.225.189.232:9618?addrs=131.225.189.232-9618&noUDP&sock=8982_aaf4_3>
...
001 (221430.000.000) 07/31 07:08:29 Job executing on host: <131.225.205.164:13355?addrs=131.225.205.164-13355>
...
006 (221430.000.000) 07/31 07:08:38 Image size of job updated: 447524
	71  -  MemoryUsage of job (MB)
	72348  -  ResidentSetSize of job (KB)
...
005 (221430.000.000) 07/31 07:09:59 Job terminated.
	(1) Normal termination (return value 90)
		Usr 0 00:00:00, Sys 0 00:00:18  -  Run Remote Usage
		Usr 0 00:00:00, Sys 0 00:00:00  -  Run Local Usage
		Usr 0 00:00:00, Sys 0 00:00:18  -  Total Remote Usage
		Usr 0 00:00:00, Sys 0 00:00:00  -  Total Local Usage
	9530  -  Run Bytes Sent By Job
	8930  -  Run Bytes Received By Job
	9530  -  Total Bytes Sent By Job
	8930  -  Total Bytes Received By Job
	Partitionable Resources :    Usage  Request Allocated
	   Cpus                 :                 1         1
	   Disk (KB)            :  5499405 10000000  17017460
	   Memory (MB)          :       71     2100      2100
...
000 (221985.000.000) 07/31 07:12:34 Job submitted from host: <131.225.189.232:9618?addrs=131.225.189.232-9618&noUDP&sock=8982_aaf4_3>
...
001 (221985.000.000) 07/31 07:13:48 Job executing on host: <131.225.207.159:28646?addrs=131.225.207.159-28646>
...
006 (221985.000.000) 07/31 07:13:58 Image size of job updated: 447524
	71  -  MemoryUsage of job (MB)
	72444  -  ResidentSetSize of job (KB)
...
006 (221985.000.000) 07/31 07:15:58 Image size of job updated: 640940
	363  -  MemoryUsage of job (MB)
	370964  -  ResidentSetSize of job (KB)
...
006 (221985.000.000) 07/31 07:16:15 Image size of job updated: 772788
	363  -  MemoryUsage of job (MB)
	370964  -  ResidentSetSize of job (KB)
...
005 (221985.000.000) 07/31 07:16:15 Job terminated.
	(1) Normal termination (return value 65)
		Usr 0 00:00:12, Sys 0 00:00:19  -  Run Remote Usage
		Usr 0 00:00:00, Sys 0 00:00:00  -  Run Local Usage
		Usr 0 00:00:12, Sys 0 00:00:19  -  Total Remote Usage
		Usr 0 00:00:00, Sys 0 00:00:00  -  Total Local Usage
	11195  -  Run Bytes Sent By Job
	8930  -  Run Bytes Received By Job
	11195  -  Total Bytes Sent By Job
	8930  -  Total Bytes Received By Job
	Partitionable Resources :    Usage  Request Allocated
	   Cpus                 :                 1         1
	   Disk (KB)            :  6662313 10000000  10453713
	   Memory (MB)          :      363     2100      2100
...
000 (222547.000.000) 07/31 08:32:53 Job submitted from host: <131.225.189.232:9618?addrs=131.225.189.232-9618&noUDP&sock=8982_aaf4_3>
...
001 (222547.000.000) 07/31 08:34:00 Job executing on host: <131.225.207.192:2298?addrs=131.225.207.192-2298>
...
006 (222547.000.000) 07/31 08:34:08 Image size of job updated: 2
	3  -  MemoryUsage of job (MB)
	2428  -  ResidentSetSize of job (KB)
...
006 (222547.000.000) 07/31 08:35:15 Image size of job updated: 447524
	70  -  MemoryUsage of job (MB)
	71316  -  ResidentSetSize of job (KB)
...
006 (222547.000.000) 07/31 08:39:22 Image size of job updated: 772784
	70  -  MemoryUsage of job (MB)
	71316  -  ResidentSetSize of job (KB)
...
005 (222547.000.000) 07/31 08:39:24 Job terminated.
	(1) Normal termination (return value 65)
		Usr 0 00:00:12, Sys 0 00:00:22  -  Run Remote Usage
		Usr 0 00:00:00, Sys 0 00:00:00  -  Run Local Usage
		Usr 0 00:00:12, Sys 0 00:00:22  -  Total Remote Usage
		Usr 0 00:00:00, Sys 0 00:00:00  -  Total Local Usage
	19790  -  Run Bytes Sent By Job
	8930  -  Run Bytes Received By Job
	19790  -  Total Bytes Sent By Job
	8930  -  Total Bytes Received By Job
	Partitionable Resources :    Usage  Request Allocated
	   Cpus                 :                 1         1
	   Disk (KB)            :  6665188 10000000  10010025
	   Memory (MB)          :       70     2100      2100
...
000 (223102.000.000) 07/31 08:49:58 Job submitted from host: <131.225.189.232:9618?addrs=131.225.189.232-9618&noUDP&sock=8982_aaf4_3>
...
001 (223102.000.000) 07/31 08:51:06 Job executing on host: <131.225.205.194:16276?addrs=131.225.205.194-16276>
...
006 (223102.000.000) 07/31 08:51:15 Image size of job updated: 447524
	71  -  MemoryUsage of job (MB)
	72348  -  ResidentSetSize of job (KB)
...
006 (223102.000.000) 07/31 08:54:18 Image size of job updated: 767924
	415  -  MemoryUsage of job (MB)
	424888  -  ResidentSetSize of job (KB)
...
006 (223102.000.000) 07/31 08:54:32 Image size of job updated: 774836
	415  -  MemoryUsage of job (MB)
	424888  -  ResidentSetSize of job (KB)
...
005 (223102.000.000) 07/31 08:54:33 Job terminated.
	(1) Normal termination (return value 65)
		Usr 0 00:00:19, Sys 0 00:00:22  -  Run Remote Usage
		Usr 0 00:00:00, Sys 0 00:00:00  -  Run Local Usage
		Usr 0 00:00:19, Sys 0 00:00:22  -  Total Remote Usage
		Usr 0 00:00:00, Sys 0 00:00:00  -  Total Local Usage
	17278  -  Run Bytes Sent By Job
	44439  -  Run Bytes Received By Job
	17278  -  Total Bytes Sent By Job
	44439  -  Total Bytes Received By Job
	Partitionable Resources :    Usage  Request Allocated
	   Cpus                 :                 1         1
	   Disk (KB)            :  6665025 10000000  17192156
	   Memory (MB)          :      415     2100      2100
...
000 (223657.000.000) 07/31 09:06:26 Job submitted from host: <131.225.189.232:9618?addrs=131.225.189.232-9618&noUDP&sock=8982_aaf4_3>
...
