000 (220699.000.000) 07/31 06:48:51 Job submitted from host: <131.225.189.232:9618?addrs=131.225.189.232-9618&noUDP&sock=8982_aaf4_3>
...
001 (220699.000.000) 07/31 06:49:12 Job executing on host: <131.225.206.160:29187?addrs=131.225.206.160-29187>
...
006 (220699.000.000) 07/31 06:49:21 Image size of job updated: 447524
	71  -  MemoryUsage of job (MB)
	72352  -  ResidentSetSize of job (KB)
...
005 (220699.000.000) 07/31 06:51:08 Job terminated.
	(1) Normal termination (return value 90)
		Usr 0 00:00:00, Sys 0 00:00:08  -  Run Remote Usage
		Usr 0 00:00:00, Sys 0 00:00:00  -  Run Local Usage
		Usr 0 00:00:00, Sys 0 00:00:08  -  Total Remote Usage
		Usr 0 00:00:00, Sys 0 00:00:00  -  Total Local Usage
	12281  -  Run Bytes Sent By Job
	8930  -  Run Bytes Received By Job
	12281  -  Total Bytes Sent By Job
	8930  -  Total Bytes Received By Job
	Partitionable Resources :    Usage  Request Allocated
	   Cpus                 :                 1         1
	   Disk (KB)            :  2100234 10000000  12023716
	   Memory (MB)          :       71     2100      2100
...
000 (221261.000.000) 07/31 07:07:23 Job submitted from host: <131.225.189.232:9618?addrs=131.225.189.232-9618&noUDP&sock=8982_aaf4_3>
...
001 (221261.000.000) 07/31 07:08:03 Job executing on host: <131.225.206.194:9227?addrs=131.225.206.194-9227>
...
006 (221261.000.000) 07/31 07:08:12 Image size of job updated: 447524
	29  -  MemoryUsage of job (MB)
	28960  -  ResidentSetSize of job (KB)
...
006 (221261.000.000) 07/31 07:09:13 Image size of job updated: 447524
	69  -  MemoryUsage of job (MB)
	70324  -  ResidentSetSize of job (KB)
...
005 (221261.000.000) 07/31 07:12:01 Job terminated.
	(1) Normal termination (return value 90)
		Usr 0 00:00:01, Sys 0 00:00:10  -  Run Remote Usage
		Usr 0 00:00:00, Sys 0 00:00:00  -  Run Local Usage
		Usr 0 00:00:01, Sys 0 00:00:10  -  Total Remote Usage
		Usr 0 00:00:00, Sys 0 00:00:00  -  Total Local Usage
	16820  -  Run Bytes Sent By Job
	8930  -  Run Bytes Received By Job
	16820  -  Total Bytes Sent By Job
	8930  -  Total Bytes Received By Job
	Partitionable Resources :    Usage  Request Allocated
	   Cpus                 :                 1         1
	   Disk (KB)            :  2338926 10000000  11912564
	   Memory (MB)          :       69     2100      2100
...
000 (221816.000.000) 07/31 07:12:05 Job submitted from host: <131.225.189.232:9618?addrs=131.225.189.232-9618&noUDP&sock=8982_aaf4_3>
...
001 (221816.000.000) 07/31 07:12:08 Job executing on host: <131.225.191.223:52551?addrs=131.225.191.223-52551>
...
006 (221816.000.000) 07/31 07:12:17 Image size of job updated: 447524
	12  -  MemoryUsage of job (MB)
	11468  -  ResidentSetSize of job (KB)
...
006 (221816.000.000) 07/31 07:13:17 Image size of job updated: 447524
	69  -  MemoryUsage of job (MB)
	70288  -  ResidentSetSize of job (KB)
...
006 (221816.000.000) 07/31 07:14:16 Image size of job updated: 669104
	69  -  MemoryUsage of job (MB)
	70288  -  ResidentSetSize of job (KB)
...
005 (221816.000.000) 07/31 07:14:17 Job terminated.
	(1) Normal termination (return value 65)
		Usr 0 00:00:11, Sys 0 00:00:12  -  Run Remote Usage
		Usr 0 00:00:00, Sys 0 00:00:00  -  Run Local Usage
		Usr 0 00:00:11, Sys 0 00:00:12  -  Total Remote Usage
		Usr 0 00:00:00, Sys 0 00:00:00  -  Total Local Usage
	8888  -  Run Bytes Sent By Job
	8930  -  Run Bytes Received By Job
	8888  -  Total Bytes Sent By Job
	8930  -  Total Bytes Received By Job
	Partitionable Resources :    Usage  Request Allocated
	   Cpus                 :                 1         1
	   Disk (KB)            :  3105746 10000000  16012802
	   Memory (MB)          :       69     2100      2100
...
000 (222378.000.000) 07/31 08:32:41 Job submitted from host: <131.225.189.232:9618?addrs=131.225.189.232-9618&noUDP&sock=8982_aaf4_3>
...
001 (222378.000.000) 07/31 08:33:20 Job executing on host: <131.225.204.119:6589?addrs=131.225.204.119-6589>
...
006 (222378.000.000) 07/31 08:33:29 Image size of job updated: 447524
	71  -  MemoryUsage of job (MB)
	72352  -  ResidentSetSize of job (KB)
...
006 (222378.000.000) 07/31 08:34:30 Image size of job updated: 447524
	165  -  MemoryUsage of job (MB)
	167992  -  ResidentSetSize of job (KB)
...
006 (222378.000.000) 07/31 08:35:22 Image size of job updated: 751540
	165  -  MemoryUsage of job (MB)
	167992  -  ResidentSetSize of job (KB)
...
005 (222378.000.000) 07/31 08:35:23 Job terminated.
	(1) Normal termination (return value 65)
		Usr 0 00:00:11, Sys 0 00:00:08  -  Run Remote Usage
		Usr 0 00:00:00, Sys 0 00:00:00  -  Run Local Usage
		Usr 0 00:00:11, Sys 0 00:00:08  -  Total Remote Usage
		Usr 0 00:00:00, Sys 0 00:00:00  -  Total Local Usage
	7188  -  Run Bytes Sent By Job
	8930  -  Run Bytes Received By Job
	7188  -  Total Bytes Sent By Job
	8930  -  Total Bytes Received By Job
	Partitionable Resources :    Usage  Request Allocated
	   Cpus                 :                 1         1
	   Disk (KB)            :  3108612 10000000  10427826
	   Memory (MB)          :      165     2100      2100
...
000 (222933.000.000) 07/31 08:49:51 Job submitted from host: <131.225.189.232:9618?addrs=131.225.189.232-9618&noUDP&sock=8982_aaf4_3>
...
001 (222933.000.000) 07/31 08:50:31 Job executing on host: <131.225.204.101:56622?addrs=131.225.204.101-56622>
...
006 (222933.000.000) 07/31 08:50:39 Image size of job updated: 447524
	69  -  MemoryUsage of job (MB)
	70280  -  ResidentSetSize of job (KB)
...
006 (222933.000.000) 07/31 08:51:39 Image size of job updated: 447524
	69  -  MemoryUsage of job (MB)
	70400  -  ResidentSetSize of job (KB)
...
006 (222933.000.000) 07/31 08:53:05 Image size of job updated: 527864
	69  -  MemoryUsage of job (MB)
	70400  -  ResidentSetSize of job (KB)
...
005 (222933.000.000) 07/31 08:53:05 Job terminated.
	(1) Normal termination (return value 65)
		Usr 0 00:00:05, Sys 0 00:00:07  -  Run Remote Usage
		Usr 0 00:00:00, Sys 0 00:00:00  -  Run Local Usage
		Usr 0 00:00:05, Sys 0 00:00:07  -  Total Remote Usage
		Usr 0 00:00:00, Sys 0 00:00:00  -  Total Local Usage
	14563  -  Run Bytes Sent By Job
	44439  -  Run Bytes Received By Job
	14563  -  Total Bytes Sent By Job
	44439  -  Total Bytes Received By Job
	Partitionable Resources :    Usage  Request Allocated
	   Cpus                 :                 1         1
	   Disk (KB)            :  3087859 10000000  10387914
	   Memory (MB)          :       69     2100      2100
...
000 (223488.000.000) 07/31 09:06:19 Job submitted from host: <131.225.189.232:9618?addrs=131.225.189.232-9618&noUDP&sock=8982_aaf4_3>
...
