000 (220781.000.000) 07/31 06:49:09 Job submitted from host: <131.225.189.232:9618?addrs=131.225.189.232-9618&noUDP&sock=8982_aaf4_3>
...
001 (220781.000.000) 07/31 06:49:31 Job executing on host: <131.225.191.132:2310?addrs=131.225.191.132-2310>
...
006 (220781.000.000) 07/31 06:49:40 Image size of job updated: 447524
	55  -  MemoryUsage of job (MB)
	56120  -  ResidentSetSize of job (KB)
...
006 (220781.000.000) 07/31 06:50:41 Image size of job updated: 447524
	69  -  MemoryUsage of job (MB)
	70412  -  ResidentSetSize of job (KB)
...
005 (220781.000.000) 07/31 06:55:28 Job terminated.
	(1) Normal termination (return value 90)
		Usr 0 00:00:02, Sys 0 00:00:24  -  Run Remote Usage
		Usr 0 00:00:00, Sys 0 00:00:00  -  Run Local Usage
		Usr 0 00:00:02, Sys 0 00:00:24  -  Total Remote Usage
		Usr 0 00:00:00, Sys 0 00:00:00  -  Total Local Usage
	31515  -  Run Bytes Sent By Job
	8930  -  Run Bytes Received By Job
	31515  -  Total Bytes Sent By Job
	8930  -  Total Bytes Received By Job
	Partitionable Resources :    Usage  Request Allocated
	   Cpus                 :                 1         1
	   Disk (KB)            :  5917725 10000000  11835916
	   Memory (MB)          :       69     2100      2100
...
000 (221343.000.000) 07/31 07:07:38 Job submitted from host: <131.225.189.232:9618?addrs=131.225.189.232-9618&noUDP&sock=8982_aaf4_3>
...
001 (221343.000.000) 07/31 07:08:12 Job executing on host: <131.225.204.46:13066?addrs=131.225.204.46-13066>
...
006 (221343.000.000) 07/31 07:08:21 Image size of job updated: 447528
	13  -  MemoryUsage of job (MB)
	12952  -  ResidentSetSize of job (KB)
...
006 (221343.000.000) 07/31 07:09:23 Image size of job updated: 447528
	71  -  MemoryUsage of job (MB)
	72344  -  ResidentSetSize of job (KB)
...
005 (221343.000.000) 07/31 07:10:09 Job terminated.
	(1) Normal termination (return value 90)
		Usr 0 00:00:01, Sys 0 00:00:20  -  Run Remote Usage
		Usr 0 00:00:00, Sys 0 00:00:00  -  Run Local Usage
		Usr 0 00:00:01, Sys 0 00:00:20  -  Total Remote Usage
		Usr 0 00:00:00, Sys 0 00:00:00  -  Total Local Usage
	12467  -  Run Bytes Sent By Job
	8930  -  Run Bytes Received By Job
	12467  -  Total Bytes Sent By Job
	8930  -  Total Bytes Received By Job
	Partitionable Resources :    Usage  Request Allocated
	   Cpus                 :                 1         1
	   Disk (KB)            :  4419689 10000000  10391112
	   Memory (MB)          :       71     2100      2100
...
000 (221898.000.000) 07/31 07:12:19 Job submitted from host: <131.225.189.232:9618?addrs=131.225.189.232-9618&noUDP&sock=8982_aaf4_3>
...
001 (221898.000.000) 07/31 07:15:55 Job executing on host: <131.225.204.24:47840?addrs=131.225.204.24-47840>
...
006 (221898.000.000) 07/31 07:16:04 Image size of job updated: 82320
	21  -  MemoryUsage of job (MB)
	21424  -  ResidentSetSize of job (KB)
...
006 (221898.000.000) 07/31 07:17:05 Image size of job updated: 447524
	71  -  MemoryUsage of job (MB)
	72340  -  ResidentSetSize of job (KB)
...
006 (221898.000.000) 07/31 07:24:21 Image size of job updated: 447524
	189  -  MemoryUsage of job (MB)
	193388  -  ResidentSetSize of job (KB)
...
006 (221898.000.000) 07/31 07:24:45 Image size of job updated: 720048
	189  -  MemoryUsage of job (MB)
	193388  -  ResidentSetSize of job (KB)
...
005 (221898.000.000) 07/31 07:24:46 Job terminated.
	(1) Normal termination (return value 65)
		Usr 0 00:00:09, Sys 0 00:00:19  -  Run Remote Usage
		Usr 0 00:00:00, Sys 0 00:00:00  -  Run Local Usage
		Usr 0 00:00:09, Sys 0 00:00:19  -  Total Remote Usage
		Usr 0 00:00:00, Sys 0 00:00:00  -  Total Local Usage
	25517  -  Run Bytes Sent By Job
	8930  -  Run Bytes Received By Job
	25517  -  Total Bytes Sent By Job
	8930  -  Total Bytes Received By Job
	Partitionable Resources :    Usage  Request Allocated
	   Cpus                 :                 1         1
	   Disk (KB)            :  7470264 10000000  12919916
	   Memory (MB)          :      189     2100      2100
...
000 (222460.000.000) 07/31 08:32:48 Job submitted from host: <131.225.189.232:9618?addrs=131.225.189.232-9618&noUDP&sock=8982_aaf4_3>
...
001 (222460.000.000) 07/31 08:33:38 Job executing on host: <131.225.206.165:16738?addrs=131.225.206.165-16738>
...
006 (222460.000.000) 07/31 08:33:48 Image size of job updated: 447524
	54  -  MemoryUsage of job (MB)
	54528  -  ResidentSetSize of job (KB)
...
006 (222460.000.000) 07/31 08:34:48 Image size of job updated: 447524
	69  -  MemoryUsage of job (MB)
	70320  -  ResidentSetSize of job (KB)
...
006 (222460.000.000) 07/31 08:35:48 Image size of job updated: 447524
	69  -  MemoryUsage of job (MB)
	70332  -  ResidentSetSize of job (KB)
...
006 (222460.000.000) 07/31 08:38:16 Image size of job updated: 778416
	69  -  MemoryUsage of job (MB)
	70332  -  ResidentSetSize of job (KB)
...
005 (222460.000.000) 07/31 08:38:17 Job terminated.
	(1) Normal termination (return value 65)
		Usr 0 00:00:15, Sys 0 00:00:15  -  Run Remote Usage
		Usr 0 00:00:00, Sys 0 00:00:00  -  Run Local Usage
		Usr 0 00:00:15, Sys 0 00:00:15  -  Total Remote Usage
		Usr 0 00:00:00, Sys 0 00:00:00  -  Total Local Usage
	24508  -  Run Bytes Sent By Job
	8930  -  Run Bytes Received By Job
	24508  -  Total Bytes Sent By Job
	8930  -  Total Bytes Received By Job
	Partitionable Resources :    Usage  Request Allocated
	   Cpus                 :                 1         1
	   Disk (KB)            :  7436634 10000000  11898548
	   Memory (MB)          :       69     2100      2100
...
