000 (220924.000.000) 07/31 06:49:39 Job submitted from host: <131.225.189.232:9618?addrs=131.225.189.232-9618&noUDP&sock=8982_aaf4_3>
...
001 (220924.000.000) 07/31 06:50:25 Job executing on host: <131.225.207.37:52953?addrs=131.225.207.37-52953>
...
006 (220924.000.000) 07/31 06:50:34 Image size of job updated: 2
	3  -  MemoryUsage of job (MB)
	2424  -  ResidentSetSize of job (KB)
...
006 (220924.000.000) 07/31 06:51:35 Image size of job updated: 447524
	70  -  MemoryUsage of job (MB)
	71352  -  ResidentSetSize of job (KB)
...
005 (220924.000.000) 07/31 06:51:59 Job terminated.
	(1) Normal termination (return value 90)
		Usr 0 00:00:00, Sys 0 00:00:14  -  Run Remote Usage
		Usr 0 00:00:00, Sys 0 00:00:00  -  Run Local Usage
		Usr 0 00:00:00, Sys 0 00:00:14  -  Total Remote Usage
		Usr 0 00:00:00, Sys 0 00:00:00  -  Total Local Usage
	9727  -  Run Bytes Sent By Job
	8930  -  Run Bytes Received By Job
	9727  -  Total Bytes Sent By Job
	8930  -  Total Bytes Received By Job
	Partitionable Resources :    Usage  Request Allocated
	   Cpus                 :                 1         1
	   Disk (KB)            :  5508106 10000000  10467384
	   Memory (MB)          :       70     2100      2100
...
000 (221486.000.000) 07/31 07:08:03 Job submitted from host: <131.225.189.232:9618?addrs=131.225.189.232-9618&noUDP&sock=8982_aaf4_3>
...
001 (221486.000.000) 07/31 07:08:38 Job executing on host: <131.225.205.162:52068?addrs=131.225.205.162-52068>
...
006 (221486.000.000) 07/31 07:08:47 Image size of job updated: 250836
	7  -  MemoryUsage of job (MB)
	6688  -  ResidentSetSize of job (KB)
...
006 (221486.000.000) 07/31 07:09:48 Image size of job updated: 447524
	69  -  MemoryUsage of job (MB)
	70408  -  ResidentSetSize of job (KB)
...
005 (221486.000.000) 07/31 07:11:55 Job terminated.
	(1) Normal termination (return value 90)
		Usr 0 00:00:02, Sys 0 00:00:25  -  Run Remote Usage
		Usr 0 00:00:00, Sys 0 00:00:00  -  Run Local Usage
		Usr 0 00:00:02, Sys 0 00:00:25  -  Total Remote Usage
		Usr 0 00:00:00, Sys 0 00:00:00  -  Total Local Usage
	17771  -  Run Bytes Sent By Job
	8930  -  Run Bytes Received By Job
	17771  -  Total Bytes Sent By Job
	8930  -  Total Bytes Received By Job
	Partitionable Resources :    Usage  Request Allocated
	   Cpus                 :                 1         1
	   Disk (KB)            :  4583535 10000000  17090037
	   Memory (MB)          :       69     2100      2100
...
000 (222041.000.000) 07/31 07:12:43 Job submitted from host: <131.225.189.232:9618?addrs=131.225.189.232-9618&noUDP&sock=8982_aaf4_3>
...
001 (222041.000.000) 07/31 07:14:12 Job executing on host: <131.225.206.226:52361?addrs=131.225.206.226-52361>
...
006 (222041.000.000) 07/31 07:14:20 Image size of job updated: 447524
	71  -  MemoryUsage of job (MB)
	72348  -  ResidentSetSize of job (KB)
...
006 (222041.000.000) 07/31 07:16:21 Image size of job updated: 763316
	476  -  MemoryUsage of job (MB)
	486516  -  ResidentSetSize of job (KB)
...
005 (222041.000.000) 07/31 07:16:23 Job terminated.
	(1) Normal termination (return value 65)
		Usr 0 00:00:11, Sys 0 00:00:16  -  Run Remote Usage
		Usr 0 00:00:00, Sys 0 00:00:00  -  Run Local Usage
		Usr 0 00:00:11, Sys 0 00:00:16  -  Total Remote Usage
		Usr 0 00:00:00, Sys 0 00:00:00  -  Total Local Usage
	10127  -  Run Bytes Sent By Job
	8930  -  Run Bytes Received By Job
	10127  -  Total Bytes Sent By Job
	8930  -  Total Bytes Received By Job
	Partitionable Resources :    Usage  Request Allocated
	   Cpus                 :                 1         1
	   Disk (KB)            :  6600773 10000000  11380156
	   Memory (MB)          :      476     2100      2100
...
000 (222603.000.000) 07/31 08:32:57 Job submitted from host: <131.225.189.232:9618?addrs=131.225.189.232-9618&noUDP&sock=8982_aaf4_3>
...
001 (222603.000.000) 07/31 08:34:07 Job executing on host: <131.225.205.195:58304?addrs=131.225.205.195-58304>
...
006 (222603.000.000) 07/31 08:34:17 Image size of job updated: 447524
	71  -  MemoryUsage of job (MB)
	72344  -  ResidentSetSize of job (KB)
...
006 (222603.000.000) 07/31 08:36:44 Image size of job updated: 770740
	71  -  MemoryUsage of job (MB)
	72344  -  ResidentSetSize of job (KB)
...
005 (222603.000.000) 07/31 08:36:45 Job terminated.
	(1) Normal termination (return value 65)
		Usr 0 00:00:17, Sys 0 00:00:21  -  Run Remote Usage
		Usr 0 00:00:00, Sys 0 00:00:00  -  Run Local Usage
		Usr 0 00:00:17, Sys 0 00:00:21  -  Total Remote Usage
		Usr 0 00:00:00, Sys 0 00:00:00  -  Total Local Usage
	13557  -  Run Bytes Sent By Job
	8930  -  Run Bytes Received By Job
	13557  -  Total Bytes Sent By Job
	8930  -  Total Bytes Received By Job
	Partitionable Resources :    Usage  Request Allocated
	   Cpus                 :                 1         1
	   Disk (KB)            :  6603644 10000000  17107558
	   Memory (MB)          :       71     2100      2100
...
000 (223158.000.000) 07/31 08:50:01 Job submitted from host: <131.225.189.232:9618?addrs=131.225.189.232-9618&noUDP&sock=8982_aaf4_3>
...
001 (223158.000.000) 07/31 08:51:17 Job executing on host: <131.225.191.77:32337?addrs=131.225.191.77-32337>
...
006 (223158.000.000) 07/31 08:51:26 Image size of job updated: 68556
	8  -  MemoryUsage of job (MB)
	7360  -  ResidentSetSize of job (KB)
...
006 (223158.000.000) 07/31 08:52:28 Image size of job updated: 447524
	69  -  MemoryUsage of job (MB)
	70312  -  ResidentSetSize of job (KB)
...
006 (223158.000.000) 07/31 08:54:38 Image size of job updated: 770740
	395  -  MemoryUsage of job (MB)
	404156  -  ResidentSetSize of job (KB)
...
005 (223158.000.000) 07/31 08:54:51 Job terminated.
	(1) Normal termination (return value 65)
		Usr 0 00:00:16, Sys 0 00:00:21  -  Run Remote Usage
		Usr 0 00:00:00, Sys 0 00:00:00  -  Run Local Usage
		Usr 0 00:00:16, Sys 0 00:00:21  -  Total Remote Usage
		Usr 0 00:00:00, Sys 0 00:00:00  -  Total Local Usage
	16031  -  Run Bytes Sent By Job
	44439  -  Run Bytes Received By Job
	16031  -  Total Bytes Sent By Job
	44439  -  Total Bytes Received By Job
	Partitionable Resources :    Usage  Request Allocated
	   Cpus                 :                 1         1
	   Disk (KB)            :  6603485 10000000  15961744
	   Memory (MB)          :      395     2100      2100
...
000 (223713.000.000) 07/31 09:06:29 Job submitted from host: <131.225.189.232:9618?addrs=131.225.189.232-9618&noUDP&sock=8982_aaf4_3>
...
