000 (220642.000.000) 07/31 06:48:39 Job submitted from host: <131.225.189.232:9618?addrs=131.225.189.232-9618&noUDP&sock=8982_aaf4_3>
...
001 (220642.000.000) 07/31 06:49:01 Job executing on host: <131.225.207.189:33214?addrs=131.225.207.189-33214>
...
006 (220642.000.000) 07/31 06:49:10 Image size of job updated: 447524
	71  -  MemoryUsage of job (MB)
	72348  -  ResidentSetSize of job (KB)
...
005 (220642.000.000) 07/31 06:53:54 Job terminated.
	(1) Normal termination (return value 90)
		Usr 0 00:00:02, Sys 0 00:00:22  -  Run Remote Usage
		Usr 0 00:00:00, Sys 0 00:00:00  -  Run Local Usage
		Usr 0 00:00:02, Sys 0 00:00:22  -  Total Remote Usage
		Usr 0 00:00:00, Sys 0 00:00:00  -  Total Local Usage
	26601  -  Run Bytes Sent By Job
	8930  -  Run Bytes Received By Job
	26601  -  Total Bytes Sent By Job
	8930  -  Total Bytes Received By Job
	Partitionable Resources :    Usage  Request Allocated
	   Cpus                 :                 1         1
	   Disk (KB)            :  4803608 10000000  13305580
	   Memory (MB)          :       71     2100      2100
...
000 (221204.000.000) 07/31 07:07:14 Job submitted from host: <131.225.189.232:9618?addrs=131.225.189.232-9618&noUDP&sock=8982_aaf4_3>
...
001 (221204.000.000) 07/31 07:07:44 Job executing on host: <131.225.204.96:9238?addrs=131.225.204.96-9238>
...
006 (221204.000.000) 07/31 07:07:53 Image size of job updated: 2
	3  -  MemoryUsage of job (MB)
	2416  -  ResidentSetSize of job (KB)
...
006 (221204.000.000) 07/31 07:08:54 Image size of job updated: 447524
	70  -  MemoryUsage of job (MB)
	71348  -  ResidentSetSize of job (KB)
...
005 (221204.000.000) 07/31 07:09:30 Job terminated.
	(1) Normal termination (return value 90)
		Usr 0 00:00:00, Sys 0 00:00:15  -  Run Remote Usage
		Usr 0 00:00:00, Sys 0 00:00:00  -  Run Local Usage
		Usr 0 00:00:00, Sys 0 00:00:15  -  Total Remote Usage
		Usr 0 00:00:00, Sys 0 00:00:00  -  Total Local Usage
	9645  -  Run Bytes Sent By Job
	8930  -  Run Bytes Received By Job
	9645  -  Total Bytes Sent By Job
	8930  -  Total Bytes Received By Job
	Partitionable Resources :    Usage  Request Allocated
	   Cpus                 :                 1         1
	   Disk (KB)            :  5566569 10000000  10191582
	   Memory (MB)          :       70     2100      2100
...
000 (221759.000.000) 07/31 07:11:55 Job submitted from host: <131.225.189.232:9618?addrs=131.225.189.232-9618&noUDP&sock=8982_aaf4_3>
...
001 (221759.000.000) 07/31 07:12:14 Job executing on host: <131.225.204.118:52953?addrs=131.225.204.118-52953>
...
006 (221759.000.000) 07/31 07:12:22 Image size of job updated: 447532
	15  -  MemoryUsage of job (MB)
	15004  -  ResidentSetSize of job (KB)
...
006 (221759.000.000) 07/31 07:13:22 Image size of job updated: 447532
	69  -  MemoryUsage of job (MB)
	70448  -  ResidentSetSize of job (KB)
...
006 (221759.000.000) 07/31 07:18:46 Image size of job updated: 489356
	69  -  MemoryUsage of job (MB)
	70448  -  ResidentSetSize of job (KB)
...
005 (221759.000.000) 07/31 07:18:47 Job terminated.
	(1) Normal termination (return value 65)
		Usr 0 00:00:04, Sys 0 00:00:19  -  Run Remote Usage
		Usr 0 00:00:00, Sys 0 00:00:00  -  Run Local Usage
		Usr 0 00:00:04, Sys 0 00:00:19  -  Total Remote Usage
		Usr 0 00:00:00, Sys 0 00:00:00  -  Total Local Usage
	30730  -  Run Bytes Sent By Job
	8930  -  Run Bytes Received By Job
	30730  -  Total Bytes Sent By Job
	8930  -  Total Bytes Received By Job
	Partitionable Resources :    Usage  Request Allocated
	   Cpus                 :                 1         1
	   Disk (KB)            :  6368813 10000000  10189536
	   Memory (MB)          :       69     2100      2100
...
000 (222321.000.000) 07/31 08:32:38 Job submitted from host: <131.225.189.232:9618?addrs=131.225.189.232-9618&noUDP&sock=8982_aaf4_3>
...
001 (222321.000.000) 07/31 08:33:09 Job executing on host: <131.225.207.153:11574?addrs=131.225.207.153-11574>
...
006 (222321.000.000) 07/31 08:33:17 Image size of job updated: 381924
	15  -  MemoryUsage of job (MB)
	14940  -  ResidentSetSize of job (KB)
...
006 (222321.000.000) 07/31 08:34:17 Image size of job updated: 447524
	69  -  MemoryUsage of job (MB)
	70568  -  ResidentSetSize of job (KB)
...
006 (222321.000.000) 07/31 08:38:20 Image size of job updated: 769968
	481  -  MemoryUsage of job (MB)
	491684  -  ResidentSetSize of job (KB)
...
005 (222321.000.000) 07/31 08:38:26 Job terminated.
	(1) Normal termination (return value 65)
		Usr 0 00:00:12, Sys 0 00:00:20  -  Run Remote Usage
		Usr 0 00:00:00, Sys 0 00:00:00  -  Run Local Usage
		Usr 0 00:00:12, Sys 0 00:00:20  -  Total Remote Usage
		Usr 0 00:00:00, Sys 0 00:00:00  -  Total Local Usage
	22529  -  Run Bytes Sent By Job
	8930  -  Run Bytes Received By Job
	22529  -  Total Bytes Sent By Job
	8930  -  Total Bytes Received By Job
	Partitionable Resources :    Usage  Request Allocated
	   Cpus                 :                 1         1
	   Disk (KB)            :  6430555 10000000  10264590
	   Memory (MB)          :      481     2100      2100
...
000 (222876.000.000) 07/31 08:49:48 Job submitted from host: <131.225.189.232:9618?addrs=131.225.189.232-9618&noUDP&sock=8982_aaf4_3>
...
001 (222876.000.000) 07/31 08:50:20 Job executing on host: <131.225.207.40:56990?addrs=131.225.207.40-56990>
...
006 (222876.000.000) 07/31 08:50:28 Image size of job updated: 447532
	23  -  MemoryUsage of job (MB)
	23188  -  ResidentSetSize of job (KB)
...
006 (222876.000.000) 07/31 08:51:36 Image size of job updated: 447532
	69  -  MemoryUsage of job (MB)
	70440  -  ResidentSetSize of job (KB)
...
006 (222876.000.000) 07/31 08:52:47 Image size of job updated: 447532
	134  -  MemoryUsage of job (MB)
	136388  -  ResidentSetSize of job (KB)
...
006 (222876.000.000) 07/31 08:53:19 Image size of job updated: 769968
	134  -  MemoryUsage of job (MB)
	136388  -  ResidentSetSize of job (KB)
...
005 (222876.000.000) 07/31 08:53:20 Job terminated.
	(1) Normal termination (return value 65)
		Usr 0 00:00:11, Sys 0 00:00:18  -  Run Remote Usage
		Usr 0 00:00:00, Sys 0 00:00:00  -  Run Local Usage
		Usr 0 00:00:11, Sys 0 00:00:18  -  Total Remote Usage
		Usr 0 00:00:00, Sys 0 00:00:00  -  Total Local Usage
	13590  -  Run Bytes Sent By Job
	44439  -  Run Bytes Received By Job
	13590  -  Total Bytes Sent By Job
	44439  -  Total Bytes Received By Job
	Partitionable Resources :    Usage  Request Allocated
	   Cpus                 :                 1         1
	   Disk (KB)            :  6430383 10000000  10239240
	   Memory (MB)          :      134     2100      2100
...
000 (223431.000.000) 07/31 09:06:17 Job submitted from host: <131.225.189.232:9618?addrs=131.225.189.232-9618&noUDP&sock=8982_aaf4_3>
...
