000 (220856.000.000) 07/31 06:49:24 Job submitted from host: <131.225.189.232:9618?addrs=131.225.189.232-9618&noUDP&sock=8982_aaf4_3>
...
001 (220856.000.000) 07/31 06:49:45 Job executing on host: <131.225.189.73:27200?addrs=131.225.189.73-27200>
...
006 (220856.000.000) 07/31 06:49:54 Image size of job updated: 447524
	71  -  MemoryUsage of job (MB)
	72344  -  ResidentSetSize of job (KB)
...
005 (220856.000.000) 07/31 06:52:05 Job terminated.
	(1) Normal termination (return value 90)
		Usr 0 00:00:01, Sys 0 00:00:26  -  Run Remote Usage
		Usr 0 00:00:00, Sys 0 00:00:00  -  Run Local Usage
		Usr 0 00:00:01, Sys 0 00:00:26  -  Total Remote Usage
		Usr 0 00:00:00, Sys 0 00:00:00  -  Total Local Usage
	12617  -  Run Bytes Sent By Job
	8930  -  Run Bytes Received By Job
	12617  -  Total Bytes Sent By Job
	8930  -  Total Bytes Received By Job
	Partitionable Resources :    Usage  Request Allocated
	   Cpus                 :                 1         1
	   Disk (KB)            :  6635837 10000000  15571892
	   Memory (MB)          :       71     2100      2100
...
000 (221418.000.000) 07/31 07:07:51 Job submitted from host: <131.225.189.232:9618?addrs=131.225.189.232-9618&noUDP&sock=8982_aaf4_3>
...
001 (221418.000.000) 07/31 07:08:23 Job executing on host: <131.225.204.36:9074?addrs=131.225.204.36-9074>
...
006 (221418.000.000) 07/31 07:08:32 Image size of job updated: 2
	3  -  MemoryUsage of job (MB)
	2416  -  ResidentSetSize of job (KB)
...
006 (221418.000.000) 07/31 07:09:33 Image size of job updated: 447524
	71  -  MemoryUsage of job (MB)
	72348  -  ResidentSetSize of job (KB)
...
005 (221418.000.000) 07/31 07:10:54 Job terminated.
	(1) Normal termination (return value 90)
		Usr 0 00:00:00, Sys 0 00:00:16  -  Run Remote Usage
		Usr 0 00:00:00, Sys 0 00:00:00  -  Run Local Usage
		Usr 0 00:00:00, Sys 0 00:00:16  -  Total Remote Usage
		Usr 0 00:00:00, Sys 0 00:00:00  -  Total Local Usage
	12114  -  Run Bytes Sent By Job
	8930  -  Run Bytes Received By Job
	12114  -  Total Bytes Sent By Job
	8930  -  Total Bytes Received By Job
	Partitionable Resources :    Usage  Request Allocated
	   Cpus                 :                 1         1
	   Disk (KB)            :  3862633 10000000  10337772
	   Memory (MB)          :       71     2100      2100
...
000 (221973.000.000) 07/31 07:12:32 Job submitted from host: <131.225.189.232:9618?addrs=131.225.189.232-9618&noUDP&sock=8982_aaf4_3>
...
001 (221973.000.000) 07/31 07:13:38 Job executing on host: <131.225.204.106:26356?addrs=131.225.204.106-26356>
...
006 (221973.000.000) 07/31 07:13:48 Image size of job updated: 2
	3  -  MemoryUsage of job (MB)
	2428  -  ResidentSetSize of job (KB)
...
006 (221973.000.000) 07/31 07:14:48 Image size of job updated: 447524
	69  -  MemoryUsage of job (MB)
	70440  -  ResidentSetSize of job (KB)
...
006 (221973.000.000) 07/31 07:15:48 Image size of job updated: 447524
	165  -  MemoryUsage of job (MB)
	168168  -  ResidentSetSize of job (KB)
...
006 (221973.000.000) 07/31 07:15:59 Image size of job updated: 741044
	165  -  MemoryUsage of job (MB)
	168168  -  ResidentSetSize of job (KB)
...
005 (221973.000.000) 07/31 07:16:00 Job terminated.
	(1) Normal termination (return value 65)
		Usr 0 00:00:10, Sys 0 00:00:20  -  Run Remote Usage
		Usr 0 00:00:00, Sys 0 00:00:00  -  Run Local Usage
		Usr 0 00:00:10, Sys 0 00:00:20  -  Total Remote Usage
		Usr 0 00:00:00, Sys 0 00:00:00  -  Total Local Usage
	12606  -  Run Bytes Sent By Job
	8930  -  Run Bytes Received By Job
	12606  -  Total Bytes Sent By Job
	8930  -  Total Bytes Received By Job
	Partitionable Resources :    Usage  Request Allocated
	   Cpus                 :                 1         1
	   Disk (KB)            :  6644556 10000000  10268445
	   Memory (MB)          :      165     2100      2100
...
000 (222535.000.000) 07/31 08:32:53 Job submitted from host: <131.225.189.232:9618?addrs=131.225.189.232-9618&noUDP&sock=8982_aaf4_3>
...
001 (222535.000.000) 07/31 08:33:58 Job executing on host: <131.225.205.170:50631?addrs=131.225.205.170-50631>
...
006 (222535.000.000) 07/31 08:34:07 Image size of job updated: 2
	3  -  MemoryUsage of job (MB)
	2420  -  ResidentSetSize of job (KB)
...
006 (222535.000.000) 07/31 08:35:08 Image size of job updated: 447524
	70  -  MemoryUsage of job (MB)
	71352  -  ResidentSetSize of job (KB)
...
006 (222535.000.000) 07/31 08:36:09 Image size of job updated: 672432
	389  -  MemoryUsage of job (MB)
	397572  -  ResidentSetSize of job (KB)
...
005 (222535.000.000) 07/31 08:36:15 Job terminated.
	(1) Normal termination (return value 65)
		Usr 0 00:00:10, Sys 0 00:00:16  -  Run Remote Usage
		Usr 0 00:00:00, Sys 0 00:00:00  -  Run Local Usage
		Usr 0 00:00:10, Sys 0 00:00:16  -  Total Remote Usage
		Usr 0 00:00:00, Sys 0 00:00:00  -  Total Local Usage
	11350  -  Run Bytes Sent By Job
	8930  -  Run Bytes Received By Job
	11350  -  Total Bytes Sent By Job
	8930  -  Total Bytes Received By Job
	Partitionable Resources :    Usage  Request Allocated
	   Cpus                 :                 1         1
	   Disk (KB)            :  6647422 10000000  17166127
	   Memory (MB)          :      389     2100      2100
...
000 (223090.000.000) 07/31 08:49:57 Job submitted from host: <131.225.189.232:9618?addrs=131.225.189.232-9618&noUDP&sock=8982_aaf4_3>
...
001 (223090.000.000) 07/31 08:51:04 Job executing on host: <131.225.205.164:13355?addrs=131.225.205.164-13355>
...
006 (223090.000.000) 07/31 08:51:12 Image size of job updated: 2
	3  -  MemoryUsage of job (MB)
	2424  -  ResidentSetSize of job (KB)
...
006 (223090.000.000) 07/31 08:52:12 Image size of job updated: 447524
	70  -  MemoryUsage of job (MB)
	71356  -  ResidentSetSize of job (KB)
...
006 (223090.000.000) 07/31 08:53:13 Image size of job updated: 447524
	165  -  MemoryUsage of job (MB)
	168064  -  ResidentSetSize of job (KB)
...
006 (223090.000.000) 07/31 08:53:43 Image size of job updated: 684724
	165  -  MemoryUsage of job (MB)
	168064  -  ResidentSetSize of job (KB)
...
005 (223090.000.000) 07/31 08:53:44 Job terminated.
	(1) Normal termination (return value 65)
		Usr 0 00:00:11, Sys 0 00:00:17  -  Run Remote Usage
		Usr 0 00:00:00, Sys 0 00:00:00  -  Run Local Usage
		Usr 0 00:00:11, Sys 0 00:00:17  -  Total Remote Usage
		Usr 0 00:00:00, Sys 0 00:00:00  -  Total Local Usage
	12661  -  Run Bytes Sent By Job
	44439  -  Run Bytes Received By Job
	12661  -  Total Bytes Sent By Job
	44439  -  Total Bytes Received By Job
	Partitionable Resources :    Usage  Request Allocated
	   Cpus                 :                 1         1
	   Disk (KB)            :  6647261 10000000  17175610
	   Memory (MB)          :      165     2100      2100
...
000 (223645.000.000) 07/31 09:06:26 Job submitted from host: <131.225.189.232:9618?addrs=131.225.189.232-9618&noUDP&sock=8982_aaf4_3>
...
