000 (220525.000.000) 07/31 06:48:15 Job submitted from host: <131.225.189.232:9618?addrs=131.225.189.232-9618&noUDP&sock=8982_aaf4_3>
...
001 (220525.000.000) 07/31 06:48:30 Job executing on host: <131.225.207.102:53438?addrs=131.225.207.102-53438>
...
006 (220525.000.000) 07/31 06:48:39 Image size of job updated: 381924
	29  -  MemoryUsage of job (MB)
	29268  -  ResidentSetSize of job (KB)
...
006 (220525.000.000) 07/31 06:49:41 Image size of job updated: 447524
	70  -  MemoryUsage of job (MB)
	71348  -  ResidentSetSize of job (KB)
...
005 (220525.000.000) 07/31 06:51:30 Job terminated.
	(1) Normal termination (return value 90)
		Usr 0 00:00:01, Sys 0 00:00:20  -  Run Remote Usage
		Usr 0 00:00:00, Sys 0 00:00:00  -  Run Local Usage
		Usr 0 00:00:01, Sys 0 00:00:20  -  Total Remote Usage
		Usr 0 00:00:00, Sys 0 00:00:00  -  Total Local Usage
	17439  -  Run Bytes Sent By Job
	8930  -  Run Bytes Received By Job
	17439  -  Total Bytes Sent By Job
	8930  -  Total Bytes Received By Job
	Partitionable Resources :    Usage  Request Allocated
	   Cpus                 :                 1         1
	   Disk (KB)            :  5032975 10000000  10322163
	   Memory (MB)          :       70     2100      2100
...
000 (221087.000.000) 07/31 07:06:53 Job submitted from host: <131.225.189.232:9618?addrs=131.225.189.232-9618&noUDP&sock=8982_aaf4_3>
...
001 (221087.000.000) 07/31 07:07:11 Job executing on host: <131.225.191.134:57505?addrs=131.225.191.134-57505>
...
006 (221087.000.000) 07/31 07:07:20 Image size of job updated: 381924
	15  -  MemoryUsage of job (MB)
	14940  -  ResidentSetSize of job (KB)
...
006 (221087.000.000) 07/31 07:08:21 Image size of job updated: 447524
	71  -  MemoryUsage of job (MB)
	72348  -  ResidentSetSize of job (KB)
...
005 (221087.000.000) 07/31 07:10:57 Job terminated.
	(1) Normal termination (return value 90)
		Usr 0 00:00:01, Sys 0 00:00:16  -  Run Remote Usage
		Usr 0 00:00:00, Sys 0 00:00:00  -  Run Local Usage
		Usr 0 00:00:01, Sys 0 00:00:16  -  Total Remote Usage
		Usr 0 00:00:00, Sys 0 00:00:00  -  Total Local Usage
	21440  -  Run Bytes Sent By Job
	8930  -  Run Bytes Received By Job
	21440  -  Total Bytes Sent By Job
	8930  -  Total Bytes Received By Job
	Partitionable Resources :    Usage  Request Allocated
	   Cpus                 :                 1         1
	   Disk (KB)            :  5599347 10000000  12160788
	   Memory (MB)          :       71     2100      2100
...
000 (221642.000.000) 07/31 07:11:35 Job submitted from host: <131.225.189.232:9618?addrs=131.225.189.232-9618&noUDP&sock=8982_aaf4_3>
...
001 (221642.000.000) 07/31 07:11:51 Job executing on host: <131.225.207.54:28276?addrs=131.225.207.54-28276>
...
006 (221642.000.000) 07/31 07:12:00 Image size of job updated: 447524
	28  -  MemoryUsage of job (MB)
	28456  -  ResidentSetSize of job (KB)
...
006 (221642.000.000) 07/31 07:13:01 Image size of job updated: 447524
	70  -  MemoryUsage of job (MB)
	71348  -  ResidentSetSize of job (KB)
...
006 (221642.000.000) 07/31 07:15:32 Image size of job updated: 769972
	70  -  MemoryUsage of job (MB)
	71348  -  ResidentSetSize of job (KB)
...
005 (221642.000.000) 07/31 07:15:33 Job terminated.
	(1) Normal termination (return value 65)
		Usr 0 00:00:12, Sys 0 00:00:16  -  Run Remote Usage
		Usr 0 00:00:00, Sys 0 00:00:00  -  Run Local Usage
		Usr 0 00:00:12, Sys 0 00:00:16  -  Total Remote Usage
		Usr 0 00:00:00, Sys 0 00:00:00  -  Total Local Usage
	19238  -  Run Bytes Sent By Job
	8930  -  Run Bytes Received By Job
	19238  -  Total Bytes Sent By Job
	8930  -  Total Bytes Received By Job
	Partitionable Resources :    Usage  Request Allocated
	   Cpus                 :                 1         1
	   Disk (KB)            :  6109560 10000000  10142043
	   Memory (MB)          :       70     2100      2100
...
000 (222204.000.000) 07/31 08:32:30 Job submitted from host: <131.225.189.232:9618?addrs=131.225.189.232-9618&noUDP&sock=8982_aaf4_3>
...
001 (222204.000.000) 07/31 08:32:45 Job executing on host: <131.225.206.94:64699?addrs=131.225.206.94-64699>
...
006 (222204.000.000) 07/31 08:32:54 Image size of job updated: 447524
	70  -  MemoryUsage of job (MB)
	71360  -  ResidentSetSize of job (KB)
...
006 (222204.000.000) 07/31 08:36:57 Image size of job updated: 466400
	239  -  MemoryUsage of job (MB)
	244692  -  ResidentSetSize of job (KB)
...
006 (222204.000.000) 07/31 08:37:57 Image size of job updated: 769972
	239  -  MemoryUsage of job (MB)
	244692  -  ResidentSetSize of job (KB)
...
005 (222204.000.000) 07/31 08:38:20 Job terminated.
	(1) Normal termination (return value 65)
		Usr 0 00:00:13, Sys 0 00:00:23  -  Run Remote Usage
		Usr 0 00:00:00, Sys 0 00:00:00  -  Run Local Usage
		Usr 0 00:00:13, Sys 0 00:00:23  -  Total Remote Usage
		Usr 0 00:00:00, Sys 0 00:00:00  -  Total Local Usage
	21365  -  Run Bytes Sent By Job
	8930  -  Run Bytes Received By Job
	21365  -  Total Bytes Sent By Job
	8930  -  Total Bytes Received By Job
	Partitionable Resources :    Usage  Request Allocated
	   Cpus                 :                 1         1
	   Disk (KB)            :  6112431 10000000  10247316
	   Memory (MB)          :      239     2100      2100
...
000 (222759.000.000) 07/31 08:49:40 Job submitted from host: <131.225.189.232:9618?addrs=131.225.189.232-9618&noUDP&sock=8982_aaf4_3>
...
001 (222759.000.000) 07/31 08:49:56 Job executing on host: <131.225.206.129:8155?addrs=131.225.206.129-8155>
...
006 (222759.000.000) 07/31 08:50:04 Image size of job updated: 447524
	71  -  MemoryUsage of job (MB)
	72344  -  ResidentSetSize of job (KB)
...
006 (222759.000.000) 07/31 08:52:30 Image size of job updated: 769968
	71  -  MemoryUsage of job (MB)
	72344  -  ResidentSetSize of job (KB)
...
005 (222759.000.000) 07/31 08:52:30 Job terminated.
	(1) Normal termination (return value 65)
		Usr 0 00:00:13, Sys 0 00:00:19  -  Run Remote Usage
		Usr 0 00:00:00, Sys 0 00:00:00  -  Run Local Usage
		Usr 0 00:00:13, Sys 0 00:00:19  -  Total Remote Usage
		Usr 0 00:00:00, Sys 0 00:00:00  -  Total Local Usage
	13906  -  Run Bytes Sent By Job
	44439  -  Run Bytes Received By Job
	13906  -  Total Bytes Sent By Job
	44439  -  Total Bytes Received By Job
	Partitionable Resources :    Usage  Request Allocated
	   Cpus                 :                 1         1
	   Disk (KB)            :  6112261 10000000  10442673
	   Memory (MB)          :       71     2100      2100
...
000 (223314.000.000) 07/31 09:06:10 Job submitted from host: <131.225.189.232:9618?addrs=131.225.189.232-9618&noUDP&sock=8982_aaf4_3>
...
001 (223314.000.000) 07/31 09:10:17 Job executing on host: <131.225.205.195:58304?addrs=131.225.205.195-58304>
...
006 (223314.000.000) 07/31 09:10:25 Image size of job updated: 80472
	20  -  MemoryUsage of job (MB)
	19640  -  ResidentSetSize of job (KB)
...
