000 (220528.000.000) 07/31 06:48:15 Job submitted from host: <131.225.189.232:9618?addrs=131.225.189.232-9618&noUDP&sock=8982_aaf4_3>
...
001 (220528.000.000) 07/31 06:48:31 Job executing on host: <131.225.191.137:30135?addrs=131.225.191.137-30135>
...
006 (220528.000.000) 07/31 06:48:40 Image size of job updated: 447524
	71  -  MemoryUsage of job (MB)
	72340  -  ResidentSetSize of job (KB)
...
005 (220528.000.000) 07/31 06:50:17 Job terminated.
	(1) Normal termination (return value 90)
		Usr 0 00:00:00, Sys 0 00:00:16  -  Run Remote Usage
		Usr 0 00:00:00, Sys 0 00:00:00  -  Run Local Usage
		Usr 0 00:00:00, Sys 0 00:00:16  -  Total Remote Usage
		Usr 0 00:00:00, Sys 0 00:00:00  -  Total Local Usage
	9457  -  Run Bytes Sent By Job
	8930  -  Run Bytes Received By Job
	9457  -  Total Bytes Sent By Job
	8930  -  Total Bytes Received By Job
	Partitionable Resources :    Usage  Request Allocated
	   Cpus                 :                 1         1
	   Disk (KB)            :  5934090 10000000  11812472
	   Memory (MB)          :       71     2100      2100
...
000 (221090.000.000) 07/31 07:06:53 Job submitted from host: <131.225.189.232:9618?addrs=131.225.189.232-9618&noUDP&sock=8982_aaf4_3>
...
001 (221090.000.000) 07/31 07:07:13 Job executing on host: <131.225.204.38:65133?addrs=131.225.204.38-65133>
...
006 (221090.000.000) 07/31 07:07:22 Image size of job updated: 447524
	71  -  MemoryUsage of job (MB)
	72344  -  ResidentSetSize of job (KB)
...
005 (221090.000.000) 07/31 07:09:52 Job terminated.
	(1) Normal termination (return value 90)
		Usr 0 00:00:01, Sys 0 00:00:21  -  Run Remote Usage
		Usr 0 00:00:00, Sys 0 00:00:00  -  Run Local Usage
		Usr 0 00:00:01, Sys 0 00:00:21  -  Total Remote Usage
		Usr 0 00:00:00, Sys 0 00:00:00  -  Total Local Usage
	15232  -  Run Bytes Sent By Job
	8930  -  Run Bytes Received By Job
	15232  -  Total Bytes Sent By Job
	8930  -  Total Bytes Received By Job
	Partitionable Resources :    Usage  Request Allocated
	   Cpus                 :                 1         1
	   Disk (KB)            :  5910638 10000000  10112163
	   Memory (MB)          :       71     2100      2100
...
000 (221645.000.000) 07/31 07:11:35 Job submitted from host: <131.225.189.232:9618?addrs=131.225.189.232-9618&noUDP&sock=8982_aaf4_3>
...
001 (221645.000.000) 07/31 07:11:46 Job executing on host: <131.225.204.32:15857?addrs=131.225.204.32-15857>
...
006 (221645.000.000) 07/31 07:11:55 Image size of job updated: 2
	3  -  MemoryUsage of job (MB)
	2424  -  ResidentSetSize of job (KB)
...
006 (221645.000.000) 07/31 07:12:56 Image size of job updated: 447524
	71  -  MemoryUsage of job (MB)
	72344  -  ResidentSetSize of job (KB)
...
006 (221645.000.000) 07/31 07:16:58 Image size of job updated: 469676
	241  -  MemoryUsage of job (MB)
	246540  -  ResidentSetSize of job (KB)
...
006 (221645.000.000) 07/31 07:17:13 Image size of job updated: 770228
	241  -  MemoryUsage of job (MB)
	246540  -  ResidentSetSize of job (KB)
...
005 (221645.000.000) 07/31 07:17:13 Job terminated.
	(1) Normal termination (return value 65)
		Usr 0 00:00:13, Sys 0 00:00:21  -  Run Remote Usage
		Usr 0 00:00:00, Sys 0 00:00:00  -  Run Local Usage
		Usr 0 00:00:13, Sys 0 00:00:21  -  Total Remote Usage
		Usr 0 00:00:00, Sys 0 00:00:00  -  Total Local Usage
	29331  -  Run Bytes Sent By Job
	8930  -  Run Bytes Received By Job
	29331  -  Total Bytes Sent By Job
	8930  -  Total Bytes Received By Job
	Partitionable Resources :    Usage  Request Allocated
	   Cpus                 :                 1         1
	   Disk (KB)            :  6461092 10000000  10206696
	   Memory (MB)          :      241     2100      2100
...
000 (222207.000.000) 07/31 08:32:30 Job submitted from host: <131.225.189.232:9618?addrs=131.225.189.232-9618&noUDP&sock=8982_aaf4_3>
...
001 (222207.000.000) 07/31 08:32:45 Job executing on host: <131.225.191.190:24316?addrs=131.225.191.190-24316>
...
006 (222207.000.000) 07/31 08:32:54 Image size of job updated: 447524
	53  -  MemoryUsage of job (MB)
	53796  -  ResidentSetSize of job (KB)
...
006 (222207.000.000) 07/31 08:33:56 Image size of job updated: 447524
	70  -  MemoryUsage of job (MB)
	71356  -  ResidentSetSize of job (KB)
...
006 (222207.000.000) 07/31 08:35:56 Image size of job updated: 564132
	287  -  MemoryUsage of job (MB)
	293580  -  ResidentSetSize of job (KB)
...
005 (222207.000.000) 07/31 08:35:58 Job terminated.
	(1) Normal termination (return value 65)
		Usr 0 00:00:06, Sys 0 00:00:22  -  Run Remote Usage
		Usr 0 00:00:00, Sys 0 00:00:00  -  Run Local Usage
		Usr 0 00:00:06, Sys 0 00:00:22  -  Total Remote Usage
		Usr 0 00:00:00, Sys 0 00:00:00  -  Total Local Usage
	15697  -  Run Bytes Sent By Job
	8930  -  Run Bytes Received By Job
	15697  -  Total Bytes Sent By Job
	8930  -  Total Bytes Received By Job
	Partitionable Resources :    Usage  Request Allocated
	   Cpus                 :                 1         1
	   Disk (KB)            :  5470545 10000000  11638528
	   Memory (MB)          :      287     2100      2100
...
