000 (220937.000.000) 07/31 06:49:41 Job submitted from host: <131.225.189.232:9618?addrs=131.225.189.232-9618&noUDP&sock=8982_aaf4_3>
...
001 (220937.000.000) 07/31 06:50:33 Job executing on host: <131.225.204.107:46513?addrs=131.225.204.107-46513>
...
006 (220937.000.000) 07/31 06:50:42 Image size of job updated: 447524
	71  -  MemoryUsage of job (MB)
	72348  -  ResidentSetSize of job (KB)
...
005 (220937.000.000) 07/31 06:52:16 Job terminated.
	(1) Normal termination (return value 90)
		Usr 0 00:00:00, Sys 0 00:00:16  -  Run Remote Usage
		Usr 0 00:00:00, Sys 0 00:00:00  -  Run Local Usage
		Usr 0 00:00:00, Sys 0 00:00:16  -  Total Remote Usage
		Usr 0 00:00:00, Sys 0 00:00:00  -  Total Local Usage
	9365  -  Run Bytes Sent By Job
	8930  -  Run Bytes Received By Job
	9365  -  Total Bytes Sent By Job
	8930  -  Total Bytes Received By Job
	Partitionable Resources :    Usage  Request Allocated
	   Cpus                 :                 1         1
	   Disk (KB)            :  5409802 10000000  10196046
	   Memory (MB)          :       71     2100      2100
...
000 (221499.000.000) 07/31 07:08:05 Job submitted from host: <131.225.189.232:9618?addrs=131.225.189.232-9618&noUDP&sock=8982_aaf4_3>
...
001 (221499.000.000) 07/31 07:08:39 Job executing on host: <131.225.207.179:14180?addrs=131.225.207.179-14180>
...
006 (221499.000.000) 07/31 07:08:48 Image size of job updated: 381924
	15  -  MemoryUsage of job (MB)
	14940  -  ResidentSetSize of job (KB)
...
006 (221499.000.000) 07/31 07:09:49 Image size of job updated: 447524
	71  -  MemoryUsage of job (MB)
	72372  -  ResidentSetSize of job (KB)
...
000 (222054.000.000) 07/31 07:12:45 Job submitted from host: <131.225.189.232:9618?addrs=131.225.189.232-9618&noUDP&sock=8982_aaf4_3>
...
005 (221499.000.000) 07/31 07:12:53 Job terminated.
	(1) Normal termination (return value 90)
		Usr 0 00:00:01, Sys 0 00:00:22  -  Run Remote Usage
		Usr 0 00:00:00, Sys 0 00:00:00  -  Run Local Usage
		Usr 0 00:00:01, Sys 0 00:00:22  -  Total Remote Usage
		Usr 0 00:00:00, Sys 0 00:00:00  -  Total Local Usage
	22336  -  Run Bytes Sent By Job
	8930  -  Run Bytes Received By Job
	22336  -  Total Bytes Sent By Job
	8930  -  Total Bytes Received By Job
	Partitionable Resources :    Usage  Request Allocated
	   Cpus                 :                 1         1
	   Disk (KB)            :  6631408 10000000  10168548
	   Memory (MB)          :       71     2100      2100
...
001 (222054.000.000) 07/31 07:14:16 Job executing on host: <131.225.205.191:62187?addrs=131.225.205.191-62187>
...
006 (222054.000.000) 07/31 07:14:24 Image size of job updated: 40612
	4  -  MemoryUsage of job (MB)
	3656  -  ResidentSetSize of job (KB)
...
006 (222054.000.000) 07/31 07:15:24 Image size of job updated: 447524
	70  -  MemoryUsage of job (MB)
	71140  -  ResidentSetSize of job (KB)
...
006 (222054.000.000) 07/31 07:19:28 Image size of job updated: 772792
	70  -  MemoryUsage of job (MB)
	71140  -  ResidentSetSize of job (KB)
...
005 (222054.000.000) 07/31 07:20:06 Job terminated.
	(1) Normal termination (return value 65)
		Usr 0 00:00:19, Sys 0 00:00:33  -  Run Remote Usage
		Usr 0 00:00:00, Sys 0 00:00:00  -  Run Local Usage
		Usr 0 00:00:19, Sys 0 00:00:33  -  Total Remote Usage
		Usr 0 00:00:00, Sys 0 00:00:00  -  Total Local Usage
	22881  -  Run Bytes Sent By Job
	8930  -  Run Bytes Received By Job
	22881  -  Total Bytes Sent By Job
	8930  -  Total Bytes Received By Job
	Partitionable Resources :    Usage  Request Allocated
	   Cpus                 :                 1         1
	   Disk (KB)            :  6630816 10000000  17089393
	   Memory (MB)          :       70     2100      2100
...
