000 (220696.000.000) 07/31 06:48:50 Job submitted from host: <131.225.189.232:9618?addrs=131.225.189.232-9618&noUDP&sock=8982_aaf4_3>
...
001 (220696.000.000) 07/31 06:49:11 Job executing on host: <131.225.207.37:52953?addrs=131.225.207.37-52953>
...
006 (220696.000.000) 07/31 06:49:20 Image size of job updated: 2
	3  -  MemoryUsage of job (MB)
	2424  -  ResidentSetSize of job (KB)
...
006 (220696.000.000) 07/31 06:50:18 Image size of job updated: 447524
	3  -  MemoryUsage of job (MB)
	2424  -  ResidentSetSize of job (KB)
...
005 (220696.000.000) 07/31 06:50:20 Job terminated.
	(1) Normal termination (return value 90)
		Usr 0 00:00:00, Sys 0 00:00:12  -  Run Remote Usage
		Usr 0 00:00:00, Sys 0 00:00:00  -  Run Local Usage
		Usr 0 00:00:00, Sys 0 00:00:12  -  Total Remote Usage
		Usr 0 00:00:00, Sys 0 00:00:00  -  Total Local Usage
	7943  -  Run Bytes Sent By Job
	8930  -  Run Bytes Received By Job
	7943  -  Total Bytes Sent By Job
	8930  -  Total Bytes Received By Job
	Partitionable Resources :    Usage  Request Allocated
	   Cpus                 :                 1         1
	   Disk (KB)            :   805893 10000000  10467384
	   Memory (MB)          :        3     2100      2100
...
000 (221258.000.000) 07/31 07:07:23 Job submitted from host: <131.225.189.232:9618?addrs=131.225.189.232-9618&noUDP&sock=8982_aaf4_3>
...
001 (221258.000.000) 07/31 07:07:55 Job executing on host: <131.225.206.228:30712?addrs=131.225.206.228-30712>
...
006 (221258.000.000) 07/31 07:08:04 Image size of job updated: 2
	3  -  MemoryUsage of job (MB)
	2420  -  ResidentSetSize of job (KB)
...
006 (221258.000.000) 07/31 07:09:05 Image size of job updated: 447524
	71  -  MemoryUsage of job (MB)
	72352  -  ResidentSetSize of job (KB)
...
005 (221258.000.000) 07/31 07:10:50 Job terminated.
	(1) Normal termination (return value 90)
		Usr 0 00:00:01, Sys 0 00:00:21  -  Run Remote Usage
		Usr 0 00:00:00, Sys 0 00:00:00  -  Run Local Usage
		Usr 0 00:00:01, Sys 0 00:00:21  -  Total Remote Usage
		Usr 0 00:00:00, Sys 0 00:00:00  -  Total Local Usage
	14767  -  Run Bytes Sent By Job
	8930  -  Run Bytes Received By Job
	14767  -  Total Bytes Sent By Job
	8930  -  Total Bytes Received By Job
	Partitionable Resources :    Usage  Request Allocated
	   Cpus                 :                 1         1
	   Disk (KB)            :  4305005 10000000  11794564
	   Memory (MB)          :       71     2100      2100
...
000 (221813.000.000) 07/31 07:12:04 Job submitted from host: <131.225.189.232:9618?addrs=131.225.189.232-9618&noUDP&sock=8982_aaf4_3>
...
001 (221813.000.000) 07/31 07:12:25 Job executing on host: <131.225.191.223:52551?addrs=131.225.191.223-52551>
...
006 (221813.000.000) 07/31 07:12:34 Image size of job updated: 2
	3  -  MemoryUsage of job (MB)
	2420  -  ResidentSetSize of job (KB)
...
006 (221813.000.000) 07/31 07:13:36 Image size of job updated: 447524
	69  -  MemoryUsage of job (MB)
	70440  -  ResidentSetSize of job (KB)
...
006 (221813.000.000) 07/31 07:15:36 Image size of job updated: 571300
	288  -  MemoryUsage of job (MB)
	294412  -  ResidentSetSize of job (KB)
...
005 (221813.000.000) 07/31 07:15:37 Job terminated.
	(1) Normal termination (return value 65)
		Usr 0 00:00:08, Sys 0 00:00:24  -  Run Remote Usage
		Usr 0 00:00:00, Sys 0 00:00:00  -  Run Local Usage
		Usr 0 00:00:08, Sys 0 00:00:24  -  Total Remote Usage
		Usr 0 00:00:00, Sys 0 00:00:00  -  Total Local Usage
	15413  -  Run Bytes Sent By Job
	8930  -  Run Bytes Received By Job
	15413  -  Total Bytes Sent By Job
	8930  -  Total Bytes Received By Job
	Partitionable Resources :    Usage  Request Allocated
	   Cpus                 :                 1         1
	   Disk (KB)            :  6017347 10000000  15965382
	   Memory (MB)          :      288     2100      2100
...
000 (222375.000.000) 07/31 08:32:41 Job submitted from host: <131.225.189.232:9618?addrs=131.225.189.232-9618&noUDP&sock=8982_aaf4_3>
...
001 (222375.000.000) 07/31 08:33:25 Job executing on host: <131.225.206.118:64017?addrs=131.225.206.118-64017>
...
006 (222375.000.000) 07/31 08:33:33 Image size of job updated: 447524
	69  -  MemoryUsage of job (MB)
	70492  -  ResidentSetSize of job (KB)
...
006 (222375.000.000) 07/31 08:36:06 Image size of job updated: 470852
	69  -  MemoryUsage of job (MB)
	70492  -  ResidentSetSize of job (KB)
...
005 (222375.000.000) 07/31 08:36:07 Job terminated.
	(1) Normal termination (return value 65)
		Usr 0 00:00:03, Sys 0 00:00:17  -  Run Remote Usage
		Usr 0 00:00:00, Sys 0 00:00:00  -  Run Local Usage
		Usr 0 00:00:03, Sys 0 00:00:17  -  Total Remote Usage
		Usr 0 00:00:00, Sys 0 00:00:00  -  Total Local Usage
	13371  -  Run Bytes Sent By Job
	8930  -  Run Bytes Received By Job
	13371  -  Total Bytes Sent By Job
	8930  -  Total Bytes Received By Job
	Partitionable Resources :    Usage  Request Allocated
	   Cpus                 :                 1         1
	   Disk (KB)            :  6020211 10000000  10429023
	   Memory (MB)          :       69     2100      2100
...
000 (222930.000.000) 07/31 08:49:51 Job submitted from host: <131.225.189.232:9618?addrs=131.225.189.232-9618&noUDP&sock=8982_aaf4_3>
...
001 (222930.000.000) 07/31 08:50:31 Job executing on host: <131.225.204.119:6589?addrs=131.225.204.119-6589>
...
006 (222930.000.000) 07/31 08:50:39 Image size of job updated: 447528
	58  -  MemoryUsage of job (MB)
	58968  -  ResidentSetSize of job (KB)
...
006 (222930.000.000) 07/31 08:51:39 Image size of job updated: 447528
	69  -  MemoryUsage of job (MB)
	70400  -  ResidentSetSize of job (KB)
...
006 (222930.000.000) 07/31 08:55:31 Image size of job updated: 613188
	69  -  MemoryUsage of job (MB)
	70400  -  ResidentSetSize of job (KB)
...
005 (222930.000.000) 07/31 08:55:32 Job terminated.
	(1) Normal termination (return value 65)
		Usr 0 00:00:09, Sys 0 00:00:15  -  Run Remote Usage
		Usr 0 00:00:00, Sys 0 00:00:00  -  Run Local Usage
		Usr 0 00:00:09, Sys 0 00:00:15  -  Total Remote Usage
		Usr 0 00:00:00, Sys 0 00:00:00  -  Total Local Usage
	25205  -  Run Bytes Sent By Job
	44439  -  Run Bytes Received By Job
	25205  -  Total Bytes Sent By Job
	44439  -  Total Bytes Received By Job
	Partitionable Resources :    Usage  Request Allocated
	   Cpus                 :                 1         1
	   Disk (KB)            :  4995255 10000000  10421919
	   Memory (MB)          :       69     2100      2100
...
000 (223485.000.000) 07/31 09:06:19 Job submitted from host: <131.225.189.232:9618?addrs=131.225.189.232-9618&noUDP&sock=8982_aaf4_3>
...
