000 (220540.000.000) 07/31 06:48:18 Job submitted from host: <131.225.189.232:9618?addrs=131.225.189.232-9618&noUDP&sock=8982_aaf4_3>
...
001 (220540.000.000) 07/31 06:49:01 Job executing on host: <131.225.206.111:11920?addrs=131.225.206.111-11920>
...
006 (220540.000.000) 07/31 06:49:10 Image size of job updated: 2
	3  -  MemoryUsage of job (MB)
	2424  -  ResidentSetSize of job (KB)
...
006 (220540.000.000) 07/31 06:50:11 Image size of job updated: 447524
	71  -  MemoryUsage of job (MB)
	72348  -  ResidentSetSize of job (KB)
...
005 (220540.000.000) 07/31 06:50:36 Job terminated.
	(1) Normal termination (return value 90)
		Usr 0 00:00:00, Sys 0 00:00:20  -  Run Remote Usage
		Usr 0 00:00:00, Sys 0 00:00:00  -  Run Local Usage
		Usr 0 00:00:00, Sys 0 00:00:20  -  Total Remote Usage
		Usr 0 00:00:00, Sys 0 00:00:00  -  Total Local Usage
	10339  -  Run Bytes Sent By Job
	8930  -  Run Bytes Received By Job
	10339  -  Total Bytes Sent By Job
	8930  -  Total Bytes Received By Job
	Partitionable Resources :    Usage  Request Allocated
	   Cpus                 :                 1         1
	   Disk (KB)            :  5032970 10000000  10319682
	   Memory (MB)          :       71     2100      2100
...
000 (221102.000.000) 07/31 07:06:55 Job submitted from host: <131.225.189.232:9618?addrs=131.225.189.232-9618&noUDP&sock=8982_aaf4_3>
...
001 (221102.000.000) 07/31 07:07:14 Job executing on host: <131.225.206.234:37922?addrs=131.225.206.234-37922>
...
006 (221102.000.000) 07/31 07:07:23 Image size of job updated: 447524
	69  -  MemoryUsage of job (MB)
	70308  -  ResidentSetSize of job (KB)
...
006 (221102.000.000) 07/31 07:08:24 Image size of job updated: 447524
	69  -  MemoryUsage of job (MB)
	70404  -  ResidentSetSize of job (KB)
...
005 (221102.000.000) 07/31 07:11:14 Job terminated.
	(1) Normal termination (return value 90)
		Usr 0 00:00:01, Sys 0 00:00:17  -  Run Remote Usage
		Usr 0 00:00:00, Sys 0 00:00:00  -  Run Local Usage
		Usr 0 00:00:01, Sys 0 00:00:17  -  Total Remote Usage
		Usr 0 00:00:00, Sys 0 00:00:00  -  Total Local Usage
	13276  -  Run Bytes Sent By Job
	8930  -  Run Bytes Received By Job
	13276  -  Total Bytes Sent By Job
	8930  -  Total Bytes Received By Job
	Partitionable Resources :    Usage  Request Allocated
	   Cpus                 :                 1         1
	   Disk (KB)            :  6369973 10000000  11554156
	   Memory (MB)          :       69     2100      2100
...
000 (221657.000.000) 07/31 07:11:37 Job submitted from host: <131.225.189.232:9618?addrs=131.225.189.232-9618&noUDP&sock=8982_aaf4_3>
...
001 (221657.000.000) 07/31 07:11:47 Job executing on host: <131.225.204.41:44778?addrs=131.225.204.41-44778>
...
006 (221657.000.000) 07/31 07:11:56 Image size of job updated: 2
	3  -  MemoryUsage of job (MB)
	2420  -  ResidentSetSize of job (KB)
...
006 (221657.000.000) 07/31 07:12:57 Image size of job updated: 447524
	69  -  MemoryUsage of job (MB)
	70284  -  ResidentSetSize of job (KB)
...
006 (221657.000.000) 07/31 07:13:58 Image size of job updated: 447524
	69  -  MemoryUsage of job (MB)
	70292  -  ResidentSetSize of job (KB)
...
006 (221657.000.000) 07/31 07:15:59 Image size of job updated: 617888
	343  -  MemoryUsage of job (MB)
	350692  -  ResidentSetSize of job (KB)
...
005 (221657.000.000) 07/31 07:16:06 Job terminated.
	(1) Normal termination (return value 65)
		Usr 0 00:00:08, Sys 0 00:00:15  -  Run Remote Usage
		Usr 0 00:00:00, Sys 0 00:00:00  -  Run Local Usage
		Usr 0 00:00:08, Sys 0 00:00:15  -  Total Remote Usage
		Usr 0 00:00:00, Sys 0 00:00:00  -  Total Local Usage
	19949  -  Run Bytes Sent By Job
	8930  -  Run Bytes Received By Job
	19949  -  Total Bytes Sent By Job
	8930  -  Total Bytes Received By Job
	Partitionable Resources :    Usage  Request Allocated
	   Cpus                 :                 1         1
	   Disk (KB)            :  6369387 10000000  10275405
	   Memory (MB)          :      343     2100      2100
...
000 (222219.000.000) 07/31 08:32:30 Job submitted from host: <131.225.189.232:9618?addrs=131.225.189.232-9618&noUDP&sock=8982_aaf4_3>
...
001 (222219.000.000) 07/31 08:32:48 Job executing on host: <131.225.204.90:53903?addrs=131.225.204.90-53903>
...
006 (222219.000.000) 07/31 08:32:57 Image size of job updated: 381924
	17  -  MemoryUsage of job (MB)
	16988  -  ResidentSetSize of job (KB)
...
006 (222219.000.000) 07/31 08:33:58 Image size of job updated: 447524
	71  -  MemoryUsage of job (MB)
	72400  -  ResidentSetSize of job (KB)
...
006 (222219.000.000) 07/31 08:37:29 Image size of job updated: 669864
	71  -  MemoryUsage of job (MB)
	72400  -  ResidentSetSize of job (KB)
...
005 (222219.000.000) 07/31 08:37:30 Job terminated.
	(1) Normal termination (return value 65)
		Usr 0 00:00:08, Sys 0 00:00:20  -  Run Remote Usage
		Usr 0 00:00:00, Sys 0 00:00:00  -  Run Local Usage
		Usr 0 00:00:08, Sys 0 00:00:20  -  Total Remote Usage
		Usr 0 00:00:00, Sys 0 00:00:00  -  Total Local Usage
	23752  -  Run Bytes Sent By Job
	8930  -  Run Bytes Received By Job
	23752  -  Total Bytes Sent By Job
	8930  -  Total Bytes Received By Job
	Partitionable Resources :    Usage  Request Allocated
	   Cpus                 :                 1         1
	   Disk (KB)            :  6076761 10000000  10357665
	   Memory (MB)          :       71     2100      2100
...
