000 (220825.000.000) 07/31 06:49:18 Job submitted from host: <131.225.189.232:9618?addrs=131.225.189.232-9618&noUDP&sock=8982_aaf4_3>
...
001 (220825.000.000) 07/31 06:49:42 Job executing on host: <131.225.204.118:52953?addrs=131.225.204.118-52953>
...
006 (220825.000.000) 07/31 06:49:51 Image size of job updated: 447524
	16  -  MemoryUsage of job (MB)
	15608  -  ResidentSetSize of job (KB)
...
006 (220825.000.000) 07/31 06:50:52 Image size of job updated: 447524
	71  -  MemoryUsage of job (MB)
	72348  -  ResidentSetSize of job (KB)
...
005 (220825.000.000) 07/31 06:53:49 Job terminated.
	(1) Normal termination (return value 90)
		Usr 0 00:00:01, Sys 0 00:00:21  -  Run Remote Usage
		Usr 0 00:00:00, Sys 0 00:00:00  -  Run Local Usage
		Usr 0 00:00:01, Sys 0 00:00:21  -  Total Remote Usage
		Usr 0 00:00:00, Sys 0 00:00:00  -  Total Local Usage
	22912  -  Run Bytes Sent By Job
	8930  -  Run Bytes Received By Job
	22912  -  Total Bytes Sent By Job
	8930  -  Total Bytes Received By Job
	Partitionable Resources :    Usage  Request Allocated
	   Cpus                 :                 1         1
	   Disk (KB)            :  4475923 10000000  10285320
	   Memory (MB)          :       71     2100      2100
...
000 (221387.000.000) 07/31 07:07:46 Job submitted from host: <131.225.189.232:9618?addrs=131.225.189.232-9618&noUDP&sock=8982_aaf4_3>
...
001 (221387.000.000) 07/31 07:08:23 Job executing on host: <131.225.191.154:54360?addrs=131.225.191.154-54360>
...
006 (221387.000.000) 07/31 07:08:32 Image size of job updated: 250836
	7  -  MemoryUsage of job (MB)
	6676  -  ResidentSetSize of job (KB)
...
006 (221387.000.000) 07/31 07:09:33 Image size of job updated: 447524
	71  -  MemoryUsage of job (MB)
	72352  -  ResidentSetSize of job (KB)
...
000 (221942.000.000) 07/31 07:12:27 Job submitted from host: <131.225.189.232:9618?addrs=131.225.189.232-9618&noUDP&sock=8982_aaf4_3>
...
001 (221942.000.000) 07/31 07:13:16 Job executing on host: <131.225.207.90:23606?addrs=131.225.207.90-23606>
...
006 (221942.000.000) 07/31 07:13:24 Image size of job updated: 447524
	71  -  MemoryUsage of job (MB)
	72344  -  ResidentSetSize of job (KB)
...
005 (221387.000.000) 07/31 07:16:39 Job terminated.
	(1) Normal termination (return value 90)
		Usr 0 00:00:02, Sys 0 00:00:22  -  Run Remote Usage
		Usr 0 00:00:00, Sys 0 00:00:00  -  Run Local Usage
		Usr 0 00:00:02, Sys 0 00:00:22  -  Total Remote Usage
		Usr 0 00:00:00, Sys 0 00:00:00  -  Total Local Usage
	33730  -  Run Bytes Sent By Job
	8930  -  Run Bytes Received By Job
	33730  -  Total Bytes Sent By Job
	8930  -  Total Bytes Received By Job
	Partitionable Resources :    Usage  Request Allocated
	   Cpus                 :                 1         1
	   Disk (KB)            :  6631554 10000000  12050420
	   Memory (MB)          :       71     2100      2100
...
006 (221942.000.000) 07/31 07:16:49 Image size of job updated: 772784
	71  -  MemoryUsage of job (MB)
	72344  -  ResidentSetSize of job (KB)
...
005 (221942.000.000) 07/31 07:16:50 Job terminated.
	(1) Normal termination (return value 65)
		Usr 0 00:00:13, Sys 0 00:00:21  -  Run Remote Usage
		Usr 0 00:00:00, Sys 0 00:00:00  -  Run Local Usage
		Usr 0 00:00:13, Sys 0 00:00:21  -  Total Remote Usage
		Usr 0 00:00:00, Sys 0 00:00:00  -  Total Local Usage
	15788  -  Run Bytes Sent By Job
	8930  -  Run Bytes Received By Job
	15788  -  Total Bytes Sent By Job
	8930  -  Total Bytes Received By Job
	Partitionable Resources :    Usage  Request Allocated
	   Cpus                 :                 1         1
	   Disk (KB)            :  6700718 10000000  10255134
	   Memory (MB)          :       71     2100      2100
...
000 (222504.000.000) 07/31 08:32:51 Job submitted from host: <131.225.189.232:9618?addrs=131.225.189.232-9618&noUDP&sock=8982_aaf4_3>
...
001 (222504.000.000) 07/31 08:33:44 Job executing on host: <131.225.190.58:16054?addrs=131.225.190.58-16054>
...
006 (222504.000.000) 07/31 08:33:53 Image size of job updated: 447524
	71  -  MemoryUsage of job (MB)
	72344  -  ResidentSetSize of job (KB)
...
006 (222504.000.000) 07/31 08:35:49 Image size of job updated: 672428
	71  -  MemoryUsage of job (MB)
	72344  -  ResidentSetSize of job (KB)
...
005 (222504.000.000) 07/31 08:35:50 Job terminated.
	(1) Normal termination (return value 65)
		Usr 0 00:00:09, Sys 0 00:00:17  -  Run Remote Usage
		Usr 0 00:00:00, Sys 0 00:00:00  -  Run Local Usage
		Usr 0 00:00:09, Sys 0 00:00:17  -  Total Remote Usage
		Usr 0 00:00:00, Sys 0 00:00:00  -  Total Local Usage
	11188  -  Run Bytes Sent By Job
	8930  -  Run Bytes Received By Job
	11188  -  Total Bytes Sent By Job
	8930  -  Total Bytes Received By Job
	Partitionable Resources :    Usage  Request Allocated
	   Cpus                 :                 1         1
	   Disk (KB)            :  5060940 10000000  15728260
	   Memory (MB)          :       71     2100      2100
...
