000 (220737.000.000) 07/31 06:48:59 Job submitted from host: <131.225.189.232:9618?addrs=131.225.189.232-9618&noUDP&sock=8982_aaf4_3>
...
001 (220737.000.000) 07/31 06:49:20 Job executing on host: <131.225.207.57:53683?addrs=131.225.207.57-53683>
...
006 (220737.000.000) 07/31 06:49:29 Image size of job updated: 447524
	71  -  MemoryUsage of job (MB)
	72344  -  ResidentSetSize of job (KB)
...
005 (220737.000.000) 07/31 06:51:17 Job terminated.
	(1) Normal termination (return value 90)
		Usr 0 00:00:01, Sys 0 00:00:15  -  Run Remote Usage
		Usr 0 00:00:00, Sys 0 00:00:00  -  Run Local Usage
		Usr 0 00:00:01, Sys 0 00:00:15  -  Total Remote Usage
		Usr 0 00:00:00, Sys 0 00:00:00  -  Total Local Usage
	12127  -  Run Bytes Sent By Job
	8930  -  Run Bytes Received By Job
	12127  -  Total Bytes Sent By Job
	8930  -  Total Bytes Received By Job
	Partitionable Resources :    Usage  Request Allocated
	   Cpus                 :                 1         1
	   Disk (KB)            :  3836938 10000000  10499358
	   Memory (MB)          :       71     2100      2100
...
000 (221299.000.000) 07/31 07:07:29 Job submitted from host: <131.225.189.232:9618?addrs=131.225.189.232-9618&noUDP&sock=8982_aaf4_3>
...
001 (221299.000.000) 07/31 07:08:03 Job executing on host: <131.225.204.123:52965?addrs=131.225.204.123-52965>
...
006 (221299.000.000) 07/31 07:08:12 Image size of job updated: 447524
	71  -  MemoryUsage of job (MB)
	72352  -  ResidentSetSize of job (KB)
...
000 (221854.000.000) 07/31 07:12:12 Job submitted from host: <131.225.189.232:9618?addrs=131.225.189.232-9618&noUDP&sock=8982_aaf4_3>
...
001 (221854.000.000) 07/31 07:12:30 Job executing on host: <131.225.191.243:63884?addrs=131.225.191.243-63884>
...
006 (221854.000.000) 07/31 07:12:39 Image size of job updated: 447524
	71  -  MemoryUsage of job (MB)
	72344  -  ResidentSetSize of job (KB)
...
005 (221299.000.000) 07/31 07:12:53 Job terminated.
	(1) Normal termination (return value 90)
		Usr 0 00:00:01, Sys 0 00:00:21  -  Run Remote Usage
		Usr 0 00:00:00, Sys 0 00:00:00  -  Run Local Usage
		Usr 0 00:00:01, Sys 0 00:00:21  -  Total Remote Usage
		Usr 0 00:00:00, Sys 0 00:00:00  -  Total Local Usage
	26382  -  Run Bytes Sent By Job
	8930  -  Run Bytes Received By Job
	26382  -  Total Bytes Sent By Job
	8930  -  Total Bytes Received By Job
	Partitionable Resources :    Usage  Request Allocated
	   Cpus                 :                 1         1
	   Disk (KB)            :  5812344 10000000  10300122
	   Memory (MB)          :       71     2100      2100
...
006 (221854.000.000) 07/31 07:14:41 Image size of job updated: 772020
	485  -  MemoryUsage of job (MB)
	495824  -  ResidentSetSize of job (KB)
...
005 (221854.000.000) 07/31 07:14:43 Job terminated.
	(1) Normal termination (return value 65)
		Usr 0 00:00:17, Sys 0 00:00:19  -  Run Remote Usage
		Usr 0 00:00:00, Sys 0 00:00:00  -  Run Local Usage
		Usr 0 00:00:17, Sys 0 00:00:19  -  Total Remote Usage
		Usr 0 00:00:00, Sys 0 00:00:00  -  Total Local Usage
	9430  -  Run Bytes Sent By Job
	8930  -  Run Bytes Received By Job
	9430  -  Total Bytes Sent By Job
	8930  -  Total Bytes Received By Job
	Partitionable Resources :    Usage  Request Allocated
	   Cpus                 :                 1         1
	   Disk (KB)            :  6237720 10000000  15892610
	   Memory (MB)          :      485     2100      2100
...
