000 (220893.000.000) 07/31 06:49:33 Job submitted from host: <131.225.189.232:9618?addrs=131.225.189.232-9618&noUDP&sock=8982_aaf4_3>
...
001 (220893.000.000) 07/31 06:49:52 Job executing on host: <131.225.205.183:11118?addrs=131.225.205.183-11118>
...
006 (220893.000.000) 07/31 06:50:02 Image size of job updated: 447536
	18  -  MemoryUsage of job (MB)
	18236  -  ResidentSetSize of job (KB)
...
006 (220893.000.000) 07/31 06:51:02 Image size of job updated: 447536
	70  -  MemoryUsage of job (MB)
	71356  -  ResidentSetSize of job (KB)
...
005 (220893.000.000) 07/31 06:52:58 Job terminated.
	(1) Normal termination (return value 90)
		Usr 0 00:00:01, Sys 0 00:00:22  -  Run Remote Usage
		Usr 0 00:00:00, Sys 0 00:00:00  -  Run Local Usage
		Usr 0 00:00:01, Sys 0 00:00:22  -  Total Remote Usage
		Usr 0 00:00:00, Sys 0 00:00:00  -  Total Local Usage
	18208  -  Run Bytes Sent By Job
	8930  -  Run Bytes Received By Job
	18208  -  Total Bytes Sent By Job
	8930  -  Total Bytes Received By Job
	Partitionable Resources :    Usage  Request Allocated
	   Cpus                 :                 1         1
	   Disk (KB)            :  4344848 10000000  17018077
	   Memory (MB)          :       70     2100      2100
...
000 (221455.000.000) 07/31 07:07:58 Job submitted from host: <131.225.189.232:9618?addrs=131.225.189.232-9618&noUDP&sock=8982_aaf4_3>
...
001 (221455.000.000) 07/31 07:08:33 Job executing on host: <131.225.190.41:60689?addrs=131.225.190.41-60689>
...
006 (221455.000.000) 07/31 07:08:42 Image size of job updated: 2
	3  -  MemoryUsage of job (MB)
	2432  -  ResidentSetSize of job (KB)
...
006 (221455.000.000) 07/31 07:09:43 Image size of job updated: 447524
	70  -  MemoryUsage of job (MB)
	71356  -  ResidentSetSize of job (KB)
...
005 (221455.000.000) 07/31 07:11:04 Job terminated.
	(1) Normal termination (return value 90)
		Usr 0 00:00:00, Sys 0 00:00:21  -  Run Remote Usage
		Usr 0 00:00:00, Sys 0 00:00:00  -  Run Local Usage
		Usr 0 00:00:00, Sys 0 00:00:21  -  Total Remote Usage
		Usr 0 00:00:00, Sys 0 00:00:00  -  Total Local Usage
	14058  -  Run Bytes Sent By Job
	8930  -  Run Bytes Received By Job
	14058  -  Total Bytes Sent By Job
	8930  -  Total Bytes Received By Job
	Partitionable Resources :    Usage  Request Allocated
	   Cpus                 :                 1         1
	   Disk (KB)            :  6156399 10000000  14687928
	   Memory (MB)          :       70     2100      2100
...
000 (222010.000.000) 07/31 07:12:38 Job submitted from host: <131.225.189.232:9618?addrs=131.225.189.232-9618&noUDP&sock=8982_aaf4_3>
...
001 (222010.000.000) 07/31 07:13:56 Job executing on host: <131.225.204.53:56699?addrs=131.225.204.53-56699>
...
006 (222010.000.000) 07/31 07:14:04 Image size of job updated: 2
	3  -  MemoryUsage of job (MB)
	2424  -  ResidentSetSize of job (KB)
...
006 (222010.000.000) 07/31 07:15:04 Image size of job updated: 447524
	71  -  MemoryUsage of job (MB)
	72352  -  ResidentSetSize of job (KB)
...
006 (222010.000.000) 07/31 07:16:04 Image size of job updated: 679856
	396  -  MemoryUsage of job (MB)
	405364  -  ResidentSetSize of job (KB)
...
005 (222010.000.000) 07/31 07:16:04 Job terminated.
	(1) Normal termination (return value 65)
		Usr 0 00:00:08, Sys 0 00:00:18  -  Run Remote Usage
		Usr 0 00:00:00, Sys 0 00:00:00  -  Run Local Usage
		Usr 0 00:00:08, Sys 0 00:00:18  -  Total Remote Usage
		Usr 0 00:00:00, Sys 0 00:00:00  -  Total Local Usage
	9169  -  Run Bytes Sent By Job
	8930  -  Run Bytes Received By Job
	9169  -  Total Bytes Sent By Job
	8930  -  Total Bytes Received By Job
	Partitionable Resources :    Usage  Request Allocated
	   Cpus                 :                 1         1
	   Disk (KB)            :  4206102 10000000  10115298
	   Memory (MB)          :      396     2100      2100
...
