000 (220852.000.000) 07/31 06:49:24 Job submitted from host: <131.225.189.232:9618?addrs=131.225.189.232-9618&noUDP&sock=8982_aaf4_3>
...
001 (220852.000.000) 07/31 06:49:46 Job executing on host: <131.225.205.186:5315?addrs=131.225.205.186-5315>
...
006 (220852.000.000) 07/31 06:49:54 Image size of job updated: 447524
	69  -  MemoryUsage of job (MB)
	70280  -  ResidentSetSize of job (KB)
...
006 (220852.000.000) 07/31 06:50:54 Image size of job updated: 447524
	69  -  MemoryUsage of job (MB)
	70400  -  ResidentSetSize of job (KB)
...
006 (220852.000.000) 07/31 06:51:55 Image size of job updated: 447524
	69  -  MemoryUsage of job (MB)
	70408  -  ResidentSetSize of job (KB)
...
005 (220852.000.000) 07/31 06:53:45 Job terminated.
	(1) Normal termination (return value 90)
		Usr 0 00:00:01, Sys 0 00:00:22  -  Run Remote Usage
		Usr 0 00:00:00, Sys 0 00:00:00  -  Run Local Usage
		Usr 0 00:00:01, Sys 0 00:00:22  -  Total Remote Usage
		Usr 0 00:00:00, Sys 0 00:00:00  -  Total Local Usage
	17510  -  Run Bytes Sent By Job
	8930  -  Run Bytes Received By Job
	17510  -  Total Bytes Sent By Job
	8930  -  Total Bytes Received By Job
	Partitionable Resources :    Usage  Request Allocated
	   Cpus                 :                 1         1
	   Disk (KB)            :  4934671 10000000  17062213
	   Memory (MB)          :       69     2100      2100
...
000 (221414.000.000) 07/31 07:07:50 Job submitted from host: <131.225.189.232:9618?addrs=131.225.189.232-9618&noUDP&sock=8982_aaf4_3>
...
001 (221414.000.000) 07/31 07:08:26 Job executing on host: <131.225.190.27:45910?addrs=131.225.190.27-45910>
...
006 (221414.000.000) 07/31 07:08:34 Image size of job updated: 2
	3  -  MemoryUsage of job (MB)
	2420  -  ResidentSetSize of job (KB)
...
006 (221414.000.000) 07/31 07:09:34 Image size of job updated: 447524
	70  -  MemoryUsage of job (MB)
	71352  -  ResidentSetSize of job (KB)
...
005 (221414.000.000) 07/31 07:10:14 Job terminated.
	(1) Normal termination (return value 90)
		Usr 0 00:00:00, Sys 0 00:00:17  -  Run Remote Usage
		Usr 0 00:00:00, Sys 0 00:00:00  -  Run Local Usage
		Usr 0 00:00:00, Sys 0 00:00:17  -  Total Remote Usage
		Usr 0 00:00:00, Sys 0 00:00:00  -  Total Local Usage
	10774  -  Run Bytes Sent By Job
	8930  -  Run Bytes Received By Job
	10774  -  Total Bytes Sent By Job
	8930  -  Total Bytes Received By Job
	Partitionable Resources :    Usage  Request Allocated
	   Cpus                 :                 1         1
	   Disk (KB)            :  4598165 10000000  16072460
	   Memory (MB)          :       70     2100      2100
...
000 (221969.000.000) 07/31 07:12:31 Job submitted from host: <131.225.189.232:9618?addrs=131.225.189.232-9618&noUDP&sock=8982_aaf4_3>
...
001 (221969.000.000) 07/31 07:13:35 Job executing on host: <131.225.205.179:41504?addrs=131.225.205.179-41504>
...
006 (221969.000.000) 07/31 07:13:43 Image size of job updated: 14556
	2  -  MemoryUsage of job (MB)
	1976  -  ResidentSetSize of job (KB)
...
006 (221969.000.000) 07/31 07:14:43 Image size of job updated: 447524
	69  -  MemoryUsage of job (MB)
	70408  -  ResidentSetSize of job (KB)
...
006 (221969.000.000) 07/31 07:17:44 Image size of job updated: 447524
	135  -  MemoryUsage of job (MB)
	138132  -  ResidentSetSize of job (KB)
...
006 (221969.000.000) 07/31 07:18:33 Image size of job updated: 772788
	135  -  MemoryUsage of job (MB)
	138132  -  ResidentSetSize of job (KB)
...
005 (221969.000.000) 07/31 07:18:34 Job terminated.
	(1) Normal termination (return value 65)
		Usr 0 00:00:19, Sys 0 00:00:33  -  Run Remote Usage
		Usr 0 00:00:00, Sys 0 00:00:00  -  Run Local Usage
		Usr 0 00:00:19, Sys 0 00:00:33  -  Total Remote Usage
		Usr 0 00:00:00, Sys 0 00:00:00  -  Total Local Usage
	22087  -  Run Bytes Sent By Job
	8930  -  Run Bytes Received By Job
	22087  -  Total Bytes Sent By Job
	8930  -  Total Bytes Received By Job
	Partitionable Resources :    Usage  Request Allocated
	   Cpus                 :                 1         1
	   Disk (KB)            :  6791631 10000000  17138965
	   Memory (MB)          :      135     2100      2100
...
