000 (220620.000.000) 07/31 06:48:35 Job submitted from host: <131.225.189.232:9618?addrs=131.225.189.232-9618&noUDP&sock=8982_aaf4_3>
...
001 (220620.000.000) 07/31 06:48:58 Job executing on host: <131.225.204.37:14425?addrs=131.225.204.37-14425>
...
006 (220620.000.000) 07/31 06:49:07 Image size of job updated: 447524
	71  -  MemoryUsage of job (MB)
	72348  -  ResidentSetSize of job (KB)
...
005 (220620.000.000) 07/31 06:52:00 Job terminated.
	(1) Normal termination (return value 90)
		Usr 0 00:00:00, Sys 0 00:00:08  -  Run Remote Usage
		Usr 0 00:00:00, Sys 0 00:00:00  -  Run Local Usage
		Usr 0 00:00:00, Sys 0 00:00:08  -  Total Remote Usage
		Usr 0 00:00:00, Sys 0 00:00:00  -  Total Local Usage
	11731  -  Run Bytes Sent By Job
	8930  -  Run Bytes Received By Job
	11731  -  Total Bytes Sent By Job
	8930  -  Total Bytes Received By Job
	Partitionable Resources :    Usage  Request Allocated
	   Cpus                 :                 1         1
	   Disk (KB)            :  2393029 10000000  10350960
	   Memory (MB)          :       71     2100      2100
...
000 (221182.000.000) 07/31 07:07:09 Job submitted from host: <131.225.189.232:9618?addrs=131.225.189.232-9618&noUDP&sock=8982_aaf4_3>
...
001 (221182.000.000) 07/31 07:07:40 Job executing on host: <131.225.204.103:41640?addrs=131.225.204.103-41640>
...
006 (221182.000.000) 07/31 07:07:49 Image size of job updated: 2
	3  -  MemoryUsage of job (MB)
	2424  -  ResidentSetSize of job (KB)
...
006 (221182.000.000) 07/31 07:08:15 Image size of job updated: 447524
	3  -  MemoryUsage of job (MB)
	2424  -  ResidentSetSize of job (KB)
...
005 (221182.000.000) 07/31 07:08:16 Job terminated.
	(1) Normal termination (return value 90)
		Usr 0 00:00:00, Sys 0 00:00:04  -  Run Remote Usage
		Usr 0 00:00:00, Sys 0 00:00:00  -  Run Local Usage
		Usr 0 00:00:00, Sys 0 00:00:04  -  Total Remote Usage
		Usr 0 00:00:00, Sys 0 00:00:00  -  Total Local Usage
	5204  -  Run Bytes Sent By Job
	8930  -  Run Bytes Received By Job
	5204  -  Total Bytes Sent By Job
	8930  -  Total Bytes Received By Job
	Partitionable Resources :    Usage  Request Allocated
	   Cpus                 :                 1         1
	   Disk (KB)            :   700516 10000000  10355511
	   Memory (MB)          :        3     2100      2100
...
000 (221737.000.000) 07/31 07:11:51 Job submitted from host: <131.225.189.232:9618?addrs=131.225.189.232-9618&noUDP&sock=8982_aaf4_3>
...
001 (221737.000.000) 07/31 07:12:10 Job executing on host: <131.225.206.228:30712?addrs=131.225.206.228-30712>
...
006 (221737.000.000) 07/31 07:12:19 Image size of job updated: 447532
	23  -  MemoryUsage of job (MB)
	22716  -  ResidentSetSize of job (KB)
...
006 (221737.000.000) 07/31 07:13:20 Image size of job updated: 447532
	69  -  MemoryUsage of job (MB)
	70408  -  ResidentSetSize of job (KB)
...
006 (221737.000.000) 07/31 07:16:14 Image size of job updated: 719532
	69  -  MemoryUsage of job (MB)
	70408  -  ResidentSetSize of job (KB)
...
005 (221737.000.000) 07/31 07:16:14 Job terminated.
	(1) Normal termination (return value 65)
		Usr 0 00:00:10, Sys 0 00:00:09  -  Run Remote Usage
		Usr 0 00:00:00, Sys 0 00:00:00  -  Run Local Usage
		Usr 0 00:00:10, Sys 0 00:00:09  -  Total Remote Usage
		Usr 0 00:00:00, Sys 0 00:00:00  -  Total Local Usage
	15805  -  Run Bytes Sent By Job
	8930  -  Run Bytes Received By Job
	15805  -  Total Bytes Sent By Job
	8930  -  Total Bytes Received By Job
	Partitionable Resources :    Usage  Request Allocated
	   Cpus                 :                 1         1
	   Disk (KB)            :  2240030 10000000  11523436
	   Memory (MB)          :       69     2100      2100
...
000 (222299.000.000) 07/31 08:32:35 Job submitted from host: <131.225.189.232:9618?addrs=131.225.189.232-9618&noUDP&sock=8982_aaf4_3>
...
001 (222299.000.000) 07/31 08:33:04 Job executing on host: <131.225.207.41:50739?addrs=131.225.207.41-50739>
...
006 (222299.000.000) 07/31 08:33:13 Image size of job updated: 2
	3  -  MemoryUsage of job (MB)
	2420  -  ResidentSetSize of job (KB)
...
006 (222299.000.000) 07/31 08:34:14 Image size of job updated: 447524
	72  -  MemoryUsage of job (MB)
	73392  -  ResidentSetSize of job (KB)
...
006 (222299.000.000) 07/31 08:34:36 Image size of job updated: 762288
	72  -  MemoryUsage of job (MB)
	73392  -  ResidentSetSize of job (KB)
...
005 (222299.000.000) 07/31 08:34:36 Job terminated.
	(1) Normal termination (return value 65)
		Usr 0 00:00:10, Sys 0 00:00:05  -  Run Remote Usage
		Usr 0 00:00:00, Sys 0 00:00:00  -  Run Local Usage
		Usr 0 00:00:10, Sys 0 00:00:05  -  Total Remote Usage
		Usr 0 00:00:00, Sys 0 00:00:00  -  Total Local Usage
	9188  -  Run Bytes Sent By Job
	8930  -  Run Bytes Received By Job
	9188  -  Total Bytes Sent By Job
	8930  -  Total Bytes Received By Job
	Partitionable Resources :    Usage  Request Allocated
	   Cpus                 :                 1         1
	   Disk (KB)            :  2341195 10000000  10489188
	   Memory (MB)          :       72     2100      2100
...
000 (222854.000.000) 07/31 08:49:46 Job submitted from host: <131.225.189.232:9618?addrs=131.225.189.232-9618&noUDP&sock=8982_aaf4_3>
...
001 (222854.000.000) 07/31 08:50:15 Job executing on host: <131.225.207.82:34300?addrs=131.225.207.82-34300>
...
006 (222854.000.000) 07/31 08:50:24 Image size of job updated: 2
	3  -  MemoryUsage of job (MB)
	2420  -  ResidentSetSize of job (KB)
...
006 (222854.000.000) 07/31 08:51:25 Image size of job updated: 447524
	70  -  MemoryUsage of job (MB)
	71356  -  ResidentSetSize of job (KB)
...
006 (222854.000.000) 07/31 08:51:50 Image size of job updated: 691892
	70  -  MemoryUsage of job (MB)
	71356  -  ResidentSetSize of job (KB)
...
005 (222854.000.000) 07/31 08:51:50 Job terminated.
	(1) Normal termination (return value 65)
		Usr 0 00:00:08, Sys 0 00:00:06  -  Run Remote Usage
		Usr 0 00:00:00, Sys 0 00:00:00  -  Run Local Usage
		Usr 0 00:00:08, Sys 0 00:00:06  -  Total Remote Usage
		Usr 0 00:00:00, Sys 0 00:00:00  -  Total Local Usage
	7868  -  Run Bytes Sent By Job
	44439  -  Run Bytes Received By Job
	7868  -  Total Bytes Sent By Job
	44439  -  Total Bytes Received By Job
	Partitionable Resources :    Usage  Request Allocated
	   Cpus                 :                 1         1
	   Disk (KB)            :  2259112 10000000  10485507
	   Memory (MB)          :       70     2100      2100
...
000 (223409.000.000) 07/31 09:06:16 Job submitted from host: <131.225.189.232:9618?addrs=131.225.189.232-9618&noUDP&sock=8982_aaf4_3>
...
