000 (220674.000.000) 07/31 06:48:46 Job submitted from host: <131.225.189.232:9618?addrs=131.225.189.232-9618&noUDP&sock=8982_aaf4_3>
...
001 (220674.000.000) 07/31 06:49:08 Job executing on host: <131.225.207.116:5782?addrs=131.225.207.116-5782>
...
006 (220674.000.000) 07/31 06:49:17 Image size of job updated: 447524
	71  -  MemoryUsage of job (MB)
	72344  -  ResidentSetSize of job (KB)
...
005 (220674.000.000) 07/31 06:50:43 Job terminated.
	(1) Normal termination (return value 90)
		Usr 0 00:00:00, Sys 0 00:00:17  -  Run Remote Usage
		Usr 0 00:00:00, Sys 0 00:00:00  -  Run Local Usage
		Usr 0 00:00:00, Sys 0 00:00:17  -  Total Remote Usage
		Usr 0 00:00:00, Sys 0 00:00:00  -  Total Local Usage
	8404  -  Run Bytes Sent By Job
	8930  -  Run Bytes Received By Job
	8404  -  Total Bytes Sent By Job
	8930  -  Total Bytes Received By Job
	Partitionable Resources :    Usage  Request Allocated
	   Cpus                 :                 1         1
	   Disk (KB)            :  6113050 10000000  10233417
	   Memory (MB)          :       71     2100      2100
...
000 (221236.000.000) 07/31 07:07:19 Job submitted from host: <131.225.189.232:9618?addrs=131.225.189.232-9618&noUDP&sock=8982_aaf4_3>
...
001 (221236.000.000) 07/31 07:07:50 Job executing on host: <131.225.206.191:55621?addrs=131.225.206.191-55621>
...
006 (221236.000.000) 07/31 07:07:59 Image size of job updated: 40612
	4  -  MemoryUsage of job (MB)
	3652  -  ResidentSetSize of job (KB)
...
006 (221236.000.000) 07/31 07:09:00 Image size of job updated: 447524
	69  -  MemoryUsage of job (MB)
	70288  -  ResidentSetSize of job (KB)
...
006 (221236.000.000) 07/31 07:10:01 Image size of job updated: 447524
	69  -  MemoryUsage of job (MB)
	70296  -  ResidentSetSize of job (KB)
...
000 (221791.000.000) 07/31 07:12:00 Job submitted from host: <131.225.189.232:9618?addrs=131.225.189.232-9618&noUDP&sock=8982_aaf4_3>
...
001 (221791.000.000) 07/31 07:12:21 Job executing on host: <131.225.206.241:46332?addrs=131.225.206.241-46332>
...
006 (221791.000.000) 07/31 07:12:30 Image size of job updated: 447524
	62  -  MemoryUsage of job (MB)
	62620  -  ResidentSetSize of job (KB)
...
005 (221236.000.000) 07/31 07:13:06 Job terminated.
	(1) Normal termination (return value 90)
		Usr 0 00:00:00, Sys 0 00:00:16  -  Run Remote Usage
		Usr 0 00:00:00, Sys 0 00:00:00  -  Run Local Usage
		Usr 0 00:00:00, Sys 0 00:00:16  -  Total Remote Usage
		Usr 0 00:00:00, Sys 0 00:00:00  -  Total Local Usage
	13895  -  Run Bytes Sent By Job
	8930  -  Run Bytes Received By Job
	13895  -  Total Bytes Sent By Job
	8930  -  Total Bytes Received By Job
	Partitionable Resources :    Usage  Request Allocated
	   Cpus                 :                 1         1
	   Disk (KB)            :  6122741 10000000  11955004
	   Memory (MB)          :       69     2100      2100
...
006 (221791.000.000) 07/31 07:13:31 Image size of job updated: 447524
	69  -  MemoryUsage of job (MB)
	70412  -  ResidentSetSize of job (KB)
...
006 (221791.000.000) 07/31 07:18:33 Image size of job updated: 625064
	350  -  MemoryUsage of job (MB)
	357948  -  ResidentSetSize of job (KB)
...
005 (221791.000.000) 07/31 07:18:41 Job terminated.
	(1) Normal termination (return value 65)
		Usr 0 00:00:08, Sys 0 00:00:19  -  Run Remote Usage
		Usr 0 00:00:00, Sys 0 00:00:00  -  Run Local Usage
		Usr 0 00:00:08, Sys 0 00:00:19  -  Total Remote Usage
		Usr 0 00:00:00, Sys 0 00:00:00  -  Total Local Usage
	28147  -  Run Bytes Sent By Job
	8930  -  Run Bytes Received By Job
	28147  -  Total Bytes Sent By Job
	8930  -  Total Bytes Received By Job
	Partitionable Resources :    Usage  Request Allocated
	   Cpus                 :                 1         1
	   Disk (KB)            :  6122162 10000000  11893828
	   Memory (MB)          :      350     2100      2100
...
