000 (220708.000.000) 07/31 06:48:53 Job submitted from host: <131.225.189.232:9618?addrs=131.225.189.232-9618&noUDP&sock=8982_aaf4_3>
...
001 (220708.000.000) 07/31 06:49:14 Job executing on host: <131.225.191.157:25051?addrs=131.225.191.157-25051>
...
006 (220708.000.000) 07/31 06:49:23 Image size of job updated: 447528
	23  -  MemoryUsage of job (MB)
	23208  -  ResidentSetSize of job (KB)
...
006 (220708.000.000) 07/31 06:50:24 Image size of job updated: 447528
	70  -  MemoryUsage of job (MB)
	71352  -  ResidentSetSize of job (KB)
...
005 (220708.000.000) 07/31 06:54:40 Job terminated.
	(1) Normal termination (return value 90)
		Usr 0 00:00:01, Sys 0 00:00:19  -  Run Remote Usage
		Usr 0 00:00:00, Sys 0 00:00:00  -  Run Local Usage
		Usr 0 00:00:01, Sys 0 00:00:19  -  Total Remote Usage
		Usr 0 00:00:00, Sys 0 00:00:00  -  Total Local Usage
	29922  -  Run Bytes Sent By Job
	8930  -  Run Bytes Received By Job
	29922  -  Total Bytes Sent By Job
	8930  -  Total Bytes Received By Job
	Partitionable Resources :    Usage  Request Allocated
	   Cpus                 :                 1         1
	   Disk (KB)            :  6229022 10000000  11796236
	   Memory (MB)          :       70     2100      2100
...
000 (221270.000.000) 07/31 07:07:25 Job submitted from host: <131.225.189.232:9618?addrs=131.225.189.232-9618&noUDP&sock=8982_aaf4_3>
...
001 (221270.000.000) 07/31 07:07:57 Job executing on host: <131.225.204.37:14425?addrs=131.225.204.37-14425>
...
006 (221270.000.000) 07/31 07:08:06 Image size of job updated: 2
	3  -  MemoryUsage of job (MB)
	2424  -  ResidentSetSize of job (KB)
...
006 (221270.000.000) 07/31 07:09:07 Image size of job updated: 447524
	71  -  MemoryUsage of job (MB)
	72316  -  ResidentSetSize of job (KB)
...
006 (221270.000.000) 07/31 07:10:09 Image size of job updated: 447524
	71  -  MemoryUsage of job (MB)
	72344  -  ResidentSetSize of job (KB)
...
000 (221825.000.000) 07/31 07:12:06 Job submitted from host: <131.225.189.232:9618?addrs=131.225.189.232-9618&noUDP&sock=8982_aaf4_3>
...
005 (221270.000.000) 07/31 07:12:14 Job terminated.
	(1) Normal termination (return value 90)
		Usr 0 00:00:02, Sys 0 00:00:20  -  Run Remote Usage
		Usr 0 00:00:00, Sys 0 00:00:00  -  Run Local Usage
		Usr 0 00:00:02, Sys 0 00:00:20  -  Total Remote Usage
		Usr 0 00:00:00, Sys 0 00:00:00  -  Total Local Usage
	23461  -  Run Bytes Sent By Job
	8930  -  Run Bytes Received By Job
	23461  -  Total Bytes Sent By Job
	8930  -  Total Bytes Received By Job
	Partitionable Resources :    Usage  Request Allocated
	   Cpus                 :                 1         1
	   Disk (KB)            :  6320252 10000000  10434015
	   Memory (MB)          :       71     2100      2100
...
001 (221825.000.000) 07/31 07:12:20 Job executing on host: <131.225.207.46:11510?addrs=131.225.207.46-11510>
...
006 (221825.000.000) 07/31 07:12:52 Image size of job updated: 447524
	71  -  MemoryUsage of job (MB)
	72340  -  ResidentSetSize of job (KB)
...
006 (221825.000.000) 07/31 07:15:56 Image size of job updated: 671656
	71  -  MemoryUsage of job (MB)
	72340  -  ResidentSetSize of job (KB)
...
005 (221825.000.000) 07/31 07:15:57 Job terminated.
	(1) Normal termination (return value 65)
		Usr 0 00:00:07, Sys 0 00:00:18  -  Run Remote Usage
		Usr 0 00:00:00, Sys 0 00:00:00  -  Run Local Usage
		Usr 0 00:00:07, Sys 0 00:00:18  -  Total Remote Usage
		Usr 0 00:00:00, Sys 0 00:00:00  -  Total Local Usage
	14368  -  Run Bytes Sent By Job
	8930  -  Run Bytes Received By Job
	14368  -  Total Bytes Sent By Job
	8930  -  Total Bytes Received By Job
	Partitionable Resources :    Usage  Request Allocated
	   Cpus                 :                 1         1
	   Disk (KB)            :   388629 10000000  10234119
	   Memory (MB)          :       71     2100      2100
...
000 (222387.000.000) 07/31 08:32:42 Job submitted from host: <131.225.189.232:9618?addrs=131.225.189.232-9618&noUDP&sock=8982_aaf4_3>
...
001 (222387.000.000) 07/31 08:33:22 Job executing on host: <131.225.206.208:5672?addrs=131.225.206.208-5672>
...
006 (222387.000.000) 07/31 08:33:31 Image size of job updated: 447524
	73  -  MemoryUsage of job (MB)
	74384  -  ResidentSetSize of job (KB)
...
006 (222387.000.000) 07/31 08:35:33 Image size of job updated: 618316
	343  -  MemoryUsage of job (MB)
	351004  -  ResidentSetSize of job (KB)
...
005 (222387.000.000) 07/31 08:35:43 Job terminated.
	(1) Normal termination (return value 65)
		Usr 0 00:00:06, Sys 0 00:00:16  -  Run Remote Usage
		Usr 0 00:00:00, Sys 0 00:00:00  -  Run Local Usage
		Usr 0 00:00:06, Sys 0 00:00:16  -  Total Remote Usage
		Usr 0 00:00:00, Sys 0 00:00:00  -  Total Local Usage
	11180  -  Run Bytes Sent By Job
	8930  -  Run Bytes Received By Job
	11180  -  Total Bytes Sent By Job
	8930  -  Total Bytes Received By Job
	Partitionable Resources :    Usage  Request Allocated
	   Cpus                 :                 1         1
	   Disk (KB)            :  6458757 10000000  11704224
	   Memory (MB)          :      343     2100      2100
...
000 (222942.000.000) 07/31 08:49:51 Job submitted from host: <131.225.189.232:9618?addrs=131.225.189.232-9618&noUDP&sock=8982_aaf4_3>
...
001 (222942.000.000) 07/31 08:50:33 Job executing on host: <131.225.207.144:22101?addrs=131.225.207.144-22101>
...
006 (222942.000.000) 07/31 08:50:41 Image size of job updated: 447524
	71  -  MemoryUsage of job (MB)
	72348  -  ResidentSetSize of job (KB)
...
006 (222942.000.000) 07/31 08:55:16 Image size of job updated: 646316
	71  -  MemoryUsage of job (MB)
	72348  -  ResidentSetSize of job (KB)
...
005 (222942.000.000) 07/31 08:55:17 Job terminated.
	(1) Normal termination (return value 65)
		Usr 0 00:00:08, Sys 0 00:00:22  -  Run Remote Usage
		Usr 0 00:00:00, Sys 0 00:00:00  -  Run Local Usage
		Usr 0 00:00:08, Sys 0 00:00:22  -  Total Remote Usage
		Usr 0 00:00:00, Sys 0 00:00:00  -  Total Local Usage
	24657  -  Run Bytes Sent By Job
	44439  -  Run Bytes Received By Job
	24657  -  Total Bytes Sent By Job
	44439  -  Total Bytes Received By Job
	Partitionable Resources :    Usage  Request Allocated
	   Cpus                 :                 1         1
	   Disk (KB)            :  5961912 10000000  10358031
	   Memory (MB)          :       71     2100      2100
...
000 (223497.000.000) 07/31 09:06:20 Job submitted from host: <131.225.189.232:9618?addrs=131.225.189.232-9618&noUDP&sock=8982_aaf4_3>
...
