000 (220533.000.000) 07/31 06:48:16 Job submitted from host: <131.225.189.232:9618?addrs=131.225.189.232-9618&noUDP&sock=8982_aaf4_3>
...
001 (220533.000.000) 07/31 06:48:31 Job executing on host: <131.225.206.205:32485?addrs=131.225.206.205-32485>
...
006 (220533.000.000) 07/31 06:48:40 Image size of job updated: 381924
	27  -  MemoryUsage of job (MB)
	27228  -  ResidentSetSize of job (KB)
...
006 (220533.000.000) 07/31 06:49:41 Image size of job updated: 447524
	71  -  MemoryUsage of job (MB)
	72348  -  ResidentSetSize of job (KB)
...
005 (220533.000.000) 07/31 06:52:28 Job terminated.
	(1) Normal termination (return value 90)
		Usr 0 00:00:01, Sys 0 00:00:19  -  Run Remote Usage
		Usr 0 00:00:00, Sys 0 00:00:00  -  Run Local Usage
		Usr 0 00:00:01, Sys 0 00:00:19  -  Total Remote Usage
		Usr 0 00:00:00, Sys 0 00:00:00  -  Total Local Usage
	20990  -  Run Bytes Sent By Job
	8930  -  Run Bytes Received By Job
	20990  -  Total Bytes Sent By Job
	8930  -  Total Bytes Received By Job
	Partitionable Resources :    Usage  Request Allocated
	   Cpus                 :                 1         1
	   Disk (KB)            :  5442579 10000000  11762880
	   Memory (MB)          :       71     2100      2100
...
000 (221095.000.000) 07/31 07:06:54 Job submitted from host: <131.225.189.232:9618?addrs=131.225.189.232-9618&noUDP&sock=8982_aaf4_3>
...
001 (221095.000.000) 07/31 07:07:12 Job executing on host: <131.225.204.83:38868?addrs=131.225.204.83-38868>
...
006 (221095.000.000) 07/31 07:07:21 Image size of job updated: 447524
	71  -  MemoryUsage of job (MB)
	72348  -  ResidentSetSize of job (KB)
...
005 (221095.000.000) 07/31 07:09:13 Job terminated.
	(1) Normal termination (return value 90)
		Usr 0 00:00:01, Sys 0 00:00:13  -  Run Remote Usage
		Usr 0 00:00:00, Sys 0 00:00:00  -  Run Local Usage
		Usr 0 00:00:01, Sys 0 00:00:13  -  Total Remote Usage
		Usr 0 00:00:00, Sys 0 00:00:00  -  Total Local Usage
	12113  -  Run Bytes Sent By Job
	8930  -  Run Bytes Received By Job
	12113  -  Total Bytes Sent By Job
	8930  -  Total Bytes Received By Job
	Partitionable Resources :    Usage  Request Allocated
	   Cpus                 :                 1         1
	   Disk (KB)            :  3813481 10000000  10125999
	   Memory (MB)          :       71     2100      2100
...
000 (221650.000.000) 07/31 07:11:36 Job submitted from host: <131.225.189.232:9618?addrs=131.225.189.232-9618&noUDP&sock=8982_aaf4_3>
...
001 (221650.000.000) 07/31 07:11:46 Job executing on host: <131.225.206.118:64017?addrs=131.225.206.118-64017>
...
006 (221650.000.000) 07/31 07:11:55 Image size of job updated: 381924
	17  -  MemoryUsage of job (MB)
	16988  -  ResidentSetSize of job (KB)
...
006 (221650.000.000) 07/31 07:12:56 Image size of job updated: 447524
	71  -  MemoryUsage of job (MB)
	72348  -  ResidentSetSize of job (KB)
...
006 (221650.000.000) 07/31 07:18:26 Image size of job updated: 670896
	71  -  MemoryUsage of job (MB)
	72348  -  ResidentSetSize of job (KB)
...
005 (221650.000.000) 07/31 07:18:27 Job terminated.
	(1) Normal termination (return value 65)
		Usr 0 00:00:09, Sys 0 00:00:25  -  Run Remote Usage
		Usr 0 00:00:00, Sys 0 00:00:00  -  Run Local Usage
		Usr 0 00:00:09, Sys 0 00:00:25  -  Total Remote Usage
		Usr 0 00:00:00, Sys 0 00:00:00  -  Total Local Usage
	31829  -  Run Bytes Sent By Job
	8930  -  Run Bytes Received By Job
	31829  -  Total Bytes Sent By Job
	8930  -  Total Bytes Received By Job
	Partitionable Resources :    Usage  Request Allocated
	   Cpus                 :                 1         1
	   Disk (KB)            :  6229168 10000000  10278231
	   Memory (MB)          :       71     2100      2100
...
000 (222212.000.000) 07/31 08:32:30 Job submitted from host: <131.225.189.232:9618?addrs=131.225.189.232-9618&noUDP&sock=8982_aaf4_3>
...
001 (222212.000.000) 07/31 08:32:46 Job executing on host: <131.225.206.219:57262?addrs=131.225.206.219-57262>
...
006 (222212.000.000) 07/31 08:32:54 Image size of job updated: 447532
	19  -  MemoryUsage of job (MB)
	19088  -  ResidentSetSize of job (KB)
...
006 (222212.000.000) 07/31 08:33:54 Image size of job updated: 447532
	69  -  MemoryUsage of job (MB)
	70420  -  ResidentSetSize of job (KB)
...
006 (222212.000.000) 07/31 08:36:57 Image size of job updated: 595480
	320  -  MemoryUsage of job (MB)
	327504  -  ResidentSetSize of job (KB)
...
005 (222212.000.000) 07/31 08:37:03 Job terminated.
	(1) Normal termination (return value 65)
		Usr 0 00:00:07, Sys 0 00:00:19  -  Run Remote Usage
		Usr 0 00:00:00, Sys 0 00:00:00  -  Run Local Usage
		Usr 0 00:00:07, Sys 0 00:00:19  -  Total Remote Usage
		Usr 0 00:00:00, Sys 0 00:00:00  -  Total Local Usage
	20821  -  Run Bytes Sent By Job
	8930  -  Run Bytes Received By Job
	20821  -  Total Bytes Sent By Job
	8930  -  Total Bytes Received By Job
	Partitionable Resources :    Usage  Request Allocated
	   Cpus                 :                 1         1
	   Disk (KB)            :  6232026 10000000  11774548
	   Memory (MB)          :      320     2100      2100
...
