000 (220834.000.000) 07/31 06:49:20 Job submitted from host: <131.225.189.232:9618?addrs=131.225.189.232-9618&noUDP&sock=8982_aaf4_3>
...
001 (220834.000.000) 07/31 06:49:41 Job executing on host: <131.225.205.188:51915?addrs=131.225.205.188-51915>
...
006 (220834.000.000) 07/31 06:49:50 Image size of job updated: 447524
	71  -  MemoryUsage of job (MB)
	72348  -  ResidentSetSize of job (KB)
...
005 (220834.000.000) 07/31 06:51:01 Job terminated.
	(1) Normal termination (return value 90)
		Usr 0 00:00:00, Sys 0 00:00:15  -  Run Remote Usage
		Usr 0 00:00:00, Sys 0 00:00:00  -  Run Local Usage
		Usr 0 00:00:00, Sys 0 00:00:15  -  Total Remote Usage
		Usr 0 00:00:00, Sys 0 00:00:00  -  Total Local Usage
	8750  -  Run Bytes Sent By Job
	8930  -  Run Bytes Received By Job
	8750  -  Total Bytes Sent By Job
	8930  -  Total Bytes Received By Job
	Partitionable Resources :    Usage  Request Allocated
	   Cpus                 :                 1         1
	   Disk (KB)            :  6189242 10000000  17050630
	   Memory (MB)          :       71     2100      2100
...
000 (221396.000.000) 07/31 07:07:47 Job submitted from host: <131.225.189.232:9618?addrs=131.225.189.232-9618&noUDP&sock=8982_aaf4_3>
...
001 (221396.000.000) 07/31 07:08:22 Job executing on host: <131.225.191.69:18084?addrs=131.225.191.69-18084>
...
006 (221396.000.000) 07/31 07:08:31 Image size of job updated: 447524
	71  -  MemoryUsage of job (MB)
	72344  -  ResidentSetSize of job (KB)
...
005 (221396.000.000) 07/31 07:10:11 Job terminated.
	(1) Normal termination (return value 90)
		Usr 0 00:00:00, Sys 0 00:00:19  -  Run Remote Usage
		Usr 0 00:00:00, Sys 0 00:00:00  -  Run Local Usage
		Usr 0 00:00:00, Sys 0 00:00:19  -  Total Remote Usage
		Usr 0 00:00:00, Sys 0 00:00:00  -  Total Local Usage
	10179  -  Run Bytes Sent By Job
	8930  -  Run Bytes Received By Job
	10179  -  Total Bytes Sent By Job
	8930  -  Total Bytes Received By Job
	Partitionable Resources :    Usage  Request Allocated
	   Cpus                 :                 1         1
	   Disk (KB)            :  5107818 10000000  15529622
	   Memory (MB)          :       71     2100      2100
...
000 (221951.000.000) 07/31 07:12:28 Job submitted from host: <131.225.189.232:9618?addrs=131.225.189.232-9618&noUDP&sock=8982_aaf4_3>
...
001 (221951.000.000) 07/31 07:13:27 Job executing on host: <131.225.204.84:7575?addrs=131.225.204.84-7575>
...
006 (221951.000.000) 07/31 07:13:36 Image size of job updated: 381924
	29  -  MemoryUsage of job (MB)
	29268  -  ResidentSetSize of job (KB)
...
006 (221951.000.000) 07/31 07:14:37 Image size of job updated: 447524
	71  -  MemoryUsage of job (MB)
	72340  -  ResidentSetSize of job (KB)
...
006 (221951.000.000) 07/31 07:17:28 Image size of job updated: 772788
	71  -  MemoryUsage of job (MB)
	72340  -  ResidentSetSize of job (KB)
...
005 (221951.000.000) 07/31 07:17:29 Job terminated.
	(1) Normal termination (return value 65)
		Usr 0 00:00:13, Sys 0 00:00:20  -  Run Remote Usage
		Usr 0 00:00:00, Sys 0 00:00:00  -  Run Local Usage
		Usr 0 00:00:13, Sys 0 00:00:20  -  Total Remote Usage
		Usr 0 00:00:00, Sys 0 00:00:00  -  Total Local Usage
	20279  -  Run Bytes Sent By Job
	8930  -  Run Bytes Received By Job
	20279  -  Total Bytes Sent By Job
	8930  -  Total Bytes Received By Job
	Partitionable Resources :    Usage  Request Allocated
	   Cpus                 :                 1         1
	   Disk (KB)            :  6106658 10000000  10533189
	   Memory (MB)          :       71     2100      2100
...
000 (222513.000.000) 07/31 08:32:51 Job submitted from host: <131.225.189.232:9618?addrs=131.225.189.232-9618&noUDP&sock=8982_aaf4_3>
...
001 (222513.000.000) 07/31 08:33:44 Job executing on host: <131.225.191.69:18084?addrs=131.225.191.69-18084>
...
006 (222513.000.000) 07/31 08:33:53 Image size of job updated: 82412
	21  -  MemoryUsage of job (MB)
	21428  -  ResidentSetSize of job (KB)
...
006 (222513.000.000) 07/31 08:34:54 Image size of job updated: 447524
	69  -  MemoryUsage of job (MB)
	70320  -  ResidentSetSize of job (KB)
...
006 (222513.000.000) 07/31 08:36:55 Image size of job updated: 772788
	443  -  MemoryUsage of job (MB)
	453456  -  ResidentSetSize of job (KB)
...
005 (222513.000.000) 07/31 08:36:57 Job terminated.
	(1) Normal termination (return value 65)
		Usr 0 00:00:15, Sys 0 00:00:23  -  Run Remote Usage
		Usr 0 00:00:00, Sys 0 00:00:00  -  Run Local Usage
		Usr 0 00:00:15, Sys 0 00:00:23  -  Total Remote Usage
		Usr 0 00:00:00, Sys 0 00:00:00  -  Total Local Usage
	14174  -  Run Bytes Sent By Job
	8930  -  Run Bytes Received By Job
	14174  -  Total Bytes Sent By Job
	8930  -  Total Bytes Received By Job
	Partitionable Resources :    Usage  Request Allocated
	   Cpus                 :                 1         1
	   Disk (KB)            :  6076752 10000000  16070720
	   Memory (MB)          :      443     2100      2100
...
