000 (221011.000.000) 07/31 06:49:59 Job submitted from host: <131.225.189.232:9618?addrs=131.225.189.232-9618&noUDP&sock=8982_aaf4_3>
...
001 (221011.000.000) 07/31 06:51:09 Job executing on host: <131.225.206.118:64017?addrs=131.225.206.118-64017>
...
006 (221011.000.000) 07/31 06:51:17 Image size of job updated: 447524
	57  -  MemoryUsage of job (MB)
	58308  -  ResidentSetSize of job (KB)
...
006 (221011.000.000) 07/31 06:52:17 Image size of job updated: 447524
	70  -  MemoryUsage of job (MB)
	71356  -  ResidentSetSize of job (KB)
...
005 (221011.000.000) 07/31 06:57:54 Job terminated.
	(1) Normal termination (return value 90)
		Usr 0 00:00:01, Sys 0 00:00:18  -  Run Remote Usage
		Usr 0 00:00:00, Sys 0 00:00:00  -  Run Local Usage
		Usr 0 00:00:01, Sys 0 00:00:18  -  Total Remote Usage
		Usr 0 00:00:00, Sys 0 00:00:00  -  Total Local Usage
	18739  -  Run Bytes Sent By Job
	8930  -  Run Bytes Received By Job
	18739  -  Total Bytes Sent By Job
	8930  -  Total Bytes Received By Job
	Partitionable Resources :    Usage  Request Allocated
	   Cpus                 :                 1         1
	   Disk (KB)            :  5786644 10000000  10408914
	   Memory (MB)          :       70     2100      2100
...
000 (221573.000.000) 07/31 07:08:18 Job submitted from host: <131.225.189.232:9618?addrs=131.225.189.232-9618&noUDP&sock=8982_aaf4_3>
...
001 (221573.000.000) 07/31 07:09:29 Job executing on host: <131.225.205.153:56309?addrs=131.225.205.153-56309>
...
006 (221573.000.000) 07/31 07:09:41 Image size of job updated: 2
	3  -  MemoryUsage of job (MB)
	2424  -  ResidentSetSize of job (KB)
...
006 (221573.000.000) 07/31 07:10:39 Image size of job updated: 447524
	69  -  MemoryUsage of job (MB)
	70356  -  ResidentSetSize of job (KB)
...
006 (221573.000.000) 07/31 07:11:39 Image size of job updated: 447524
	69  -  MemoryUsage of job (MB)
	70364  -  ResidentSetSize of job (KB)
...
000 (222128.000.000) 07/31 07:12:57 Job submitted from host: <131.225.189.232:9618?addrs=131.225.189.232-9618&noUDP&sock=8982_aaf4_3>
...
001 (222128.000.000) 07/31 07:14:45 Job executing on host: <131.225.191.243:63884?addrs=131.225.191.243-63884>
...
005 (221573.000.000) 07/31 07:14:47 Job terminated.
	(1) Normal termination (return value 90)
		Usr 0 00:00:01, Sys 0 00:00:32  -  Run Remote Usage
		Usr 0 00:00:00, Sys 0 00:00:00  -  Run Local Usage
		Usr 0 00:00:01, Sys 0 00:00:32  -  Total Remote Usage
		Usr 0 00:00:00, Sys 0 00:00:00  -  Total Local Usage
	28940  -  Run Bytes Sent By Job
	8930  -  Run Bytes Received By Job
	28940  -  Total Bytes Sent By Job
	8930  -  Total Bytes Received By Job
	Partitionable Resources :    Usage  Request Allocated
	   Cpus                 :                 1         1
	   Disk (KB)            :  5582969 10000000  17132570
	   Memory (MB)          :       69     2100      2100
...
006 (222128.000.000) 07/31 07:14:53 Image size of job updated: 2
	3  -  MemoryUsage of job (MB)
	2424  -  ResidentSetSize of job (KB)
...
006 (222128.000.000) 07/31 07:15:53 Image size of job updated: 447524
	70  -  MemoryUsage of job (MB)
	71356  -  ResidentSetSize of job (KB)
...
006 (222128.000.000) 07/31 07:16:37 Image size of job updated: 616012
	70  -  MemoryUsage of job (MB)
	71356  -  ResidentSetSize of job (KB)
...
005 (222128.000.000) 07/31 07:16:38 Job terminated.
	(1) Normal termination (return value 65)
		Usr 0 00:00:08, Sys 0 00:00:20  -  Run Remote Usage
		Usr 0 00:00:00, Sys 0 00:00:00  -  Run Local Usage
		Usr 0 00:00:08, Sys 0 00:00:20  -  Total Remote Usage
		Usr 0 00:00:00, Sys 0 00:00:00  -  Total Local Usage
	9678  -  Run Bytes Sent By Job
	8930  -  Run Bytes Received By Job
	9678  -  Total Bytes Sent By Job
	8930  -  Total Bytes Received By Job
	Partitionable Resources :    Usage  Request Allocated
	   Cpus                 :                 1         1
	   Disk (KB)            :  6122565 10000000  15892610
	   Memory (MB)          :       70     2100      2100
...
