000 (220910.000.000) 07/31 06:49:36 Job submitted from host: <131.225.189.232:9618?addrs=131.225.189.232-9618&noUDP&sock=8982_aaf4_3>
...
001 (220910.000.000) 07/31 06:50:13 Job executing on host: <131.225.205.156:39974?addrs=131.225.205.156-39974>
...
006 (220910.000.000) 07/31 06:50:21 Image size of job updated: 74028
	4  -  MemoryUsage of job (MB)
	3716  -  ResidentSetSize of job (KB)
...
006 (220910.000.000) 07/31 06:51:21 Image size of job updated: 447524
	70  -  MemoryUsage of job (MB)
	71136  -  ResidentSetSize of job (KB)
...
005 (220910.000.000) 07/31 06:54:11 Job terminated.
	(1) Normal termination (return value 90)
		Usr 0 00:00:01, Sys 0 00:00:17  -  Run Remote Usage
		Usr 0 00:00:00, Sys 0 00:00:00  -  Run Local Usage
		Usr 0 00:00:01, Sys 0 00:00:17  -  Total Remote Usage
		Usr 0 00:00:00, Sys 0 00:00:00  -  Total Local Usage
	22834  -  Run Bytes Sent By Job
	8930  -  Run Bytes Received By Job
	22834  -  Total Bytes Sent By Job
	8930  -  Total Bytes Received By Job
	Partitionable Resources :    Usage  Request Allocated
	   Cpus                 :                 1         1
	   Disk (KB)            :  5016596 10000000  17163379
	   Memory (MB)          :       70     2100      2100
...
000 (221472.000.000) 07/31 07:08:00 Job submitted from host: <131.225.189.232:9618?addrs=131.225.189.232-9618&noUDP&sock=8982_aaf4_3>
...
001 (221472.000.000) 07/31 07:08:36 Job executing on host: <131.225.205.172:20375?addrs=131.225.205.172-20375>
...
006 (221472.000.000) 07/31 07:08:45 Image size of job updated: 2
	3  -  MemoryUsage of job (MB)
	2420  -  ResidentSetSize of job (KB)
...
006 (221472.000.000) 07/31 07:09:46 Image size of job updated: 447524
	70  -  MemoryUsage of job (MB)
	71352  -  ResidentSetSize of job (KB)
...
005 (221472.000.000) 07/31 07:11:02 Job terminated.
	(1) Normal termination (return value 90)
		Usr 0 00:00:00, Sys 0 00:00:20  -  Run Remote Usage
		Usr 0 00:00:00, Sys 0 00:00:00  -  Run Local Usage
		Usr 0 00:00:00, Sys 0 00:00:20  -  Total Remote Usage
		Usr 0 00:00:00, Sys 0 00:00:00  -  Total Local Usage
	13093  -  Run Bytes Sent By Job
	8930  -  Run Bytes Received By Job
	13093  -  Total Bytes Sent By Job
	8930  -  Total Bytes Received By Job
	Partitionable Resources :    Usage  Request Allocated
	   Cpus                 :                 1         1
	   Disk (KB)            :  6676574 10000000  17019850
	   Memory (MB)          :       70     2100      2100
...
000 (222027.000.000) 07/31 07:12:41 Job submitted from host: <131.225.189.232:9618?addrs=131.225.189.232-9618&noUDP&sock=8982_aaf4_3>
...
001 (222027.000.000) 07/31 07:14:05 Job executing on host: <131.225.206.171:9309?addrs=131.225.206.171-9309>
...
006 (222027.000.000) 07/31 07:14:14 Image size of job updated: 447532
	15  -  MemoryUsage of job (MB)
	15004  -  ResidentSetSize of job (KB)
...
006 (222027.000.000) 07/31 07:15:15 Image size of job updated: 447532
	69  -  MemoryUsage of job (MB)
	70140  -  ResidentSetSize of job (KB)
...
006 (222027.000.000) 07/31 07:16:16 Image size of job updated: 447532
	69  -  MemoryUsage of job (MB)
	70292  -  ResidentSetSize of job (KB)
...
006 (222027.000.000) 07/31 07:19:19 Image size of job updated: 772784
	481  -  MemoryUsage of job (MB)
	491596  -  ResidentSetSize of job (KB)
...
005 (222027.000.000) 07/31 07:19:24 Job terminated.
	(1) Normal termination (return value 65)
		Usr 0 00:00:11, Sys 0 00:00:17  -  Run Remote Usage
		Usr 0 00:00:00, Sys 0 00:00:00  -  Run Local Usage
		Usr 0 00:00:11, Sys 0 00:00:17  -  Total Remote Usage
		Usr 0 00:00:00, Sys 0 00:00:00  -  Total Local Usage
	25754  -  Run Bytes Sent By Job
	8930  -  Run Bytes Received By Job
	25754  -  Total Bytes Sent By Job
	8930  -  Total Bytes Received By Job
	Partitionable Resources :    Usage  Request Allocated
	   Cpus                 :                 1         1
	   Disk (KB)            :  6675994 10000000  11996032
	   Memory (MB)          :      481     2100      2100
...
000 (222589.000.000) 07/31 08:32:56 Job submitted from host: <131.225.189.232:9618?addrs=131.225.189.232-9618&noUDP&sock=8982_aaf4_3>
...
001 (222589.000.000) 07/31 08:34:00 Job executing on host: <131.225.206.191:55621?addrs=131.225.206.191-55621>
...
006 (222589.000.000) 07/31 08:34:08 Image size of job updated: 2
	3  -  MemoryUsage of job (MB)
	2420  -  ResidentSetSize of job (KB)
...
006 (222589.000.000) 07/31 08:35:08 Image size of job updated: 447524
	71  -  MemoryUsage of job (MB)
	72376  -  ResidentSetSize of job (KB)
...
006 (222589.000.000) 07/31 08:36:39 Image size of job updated: 772792
	71  -  MemoryUsage of job (MB)
	72376  -  ResidentSetSize of job (KB)
...
005 (222589.000.000) 07/31 08:36:40 Job terminated.
	(1) Normal termination (return value 65)
		Usr 0 00:00:11, Sys 0 00:00:16  -  Run Remote Usage
		Usr 0 00:00:00, Sys 0 00:00:00  -  Run Local Usage
		Usr 0 00:00:11, Sys 0 00:00:16  -  Total Remote Usage
		Usr 0 00:00:00, Sys 0 00:00:00  -  Total Local Usage
	13875  -  Run Bytes Sent By Job
	8930  -  Run Bytes Received By Job
	13875  -  Total Bytes Sent By Job
	8930  -  Total Bytes Received By Job
	Partitionable Resources :    Usage  Request Allocated
	   Cpus                 :                 1         1
	   Disk (KB)            :  6678849 10000000  12091968
	   Memory (MB)          :       71     2100      2100
...
