000 (220671.000.000) 07/31 06:48:46 Job submitted from host: <131.225.189.232:9618?addrs=131.225.189.232-9618&noUDP&sock=8982_aaf4_3>
...
001 (220671.000.000) 07/31 06:49:08 Job executing on host: <131.225.206.154:8489?addrs=131.225.206.154-8489>
...
006 (220671.000.000) 07/31 06:49:16 Image size of job updated: 2
	3  -  MemoryUsage of job (MB)
	2416  -  ResidentSetSize of job (KB)
...
006 (220671.000.000) 07/31 06:50:16 Image size of job updated: 447524
	69  -  MemoryUsage of job (MB)
	69924  -  ResidentSetSize of job (KB)
...
006 (220671.000.000) 07/31 06:51:16 Image size of job updated: 447524
	69  -  MemoryUsage of job (MB)
	70292  -  ResidentSetSize of job (KB)
...
005 (220671.000.000) 07/31 06:53:57 Job terminated.
	(1) Normal termination (return value 90)
		Usr 0 00:00:01, Sys 0 00:00:17  -  Run Remote Usage
		Usr 0 00:00:00, Sys 0 00:00:00  -  Run Local Usage
		Usr 0 00:00:01, Sys 0 00:00:17  -  Total Remote Usage
		Usr 0 00:00:00, Sys 0 00:00:00  -  Total Local Usage
	22454  -  Run Bytes Sent By Job
	8930  -  Run Bytes Received By Job
	22454  -  Total Bytes Sent By Job
	8930  -  Total Bytes Received By Job
	Partitionable Resources :    Usage  Request Allocated
	   Cpus                 :                 1         1
	   Disk (KB)            :  5655575 10000000  10374711
	   Memory (MB)          :       69     2100      2100
...
000 (221233.000.000) 07/31 07:07:18 Job submitted from host: <131.225.189.232:9618?addrs=131.225.189.232-9618&noUDP&sock=8982_aaf4_3>
...
001 (221233.000.000) 07/31 07:07:49 Job executing on host: <131.225.204.109:22621?addrs=131.225.204.109-22621>
...
006 (221233.000.000) 07/31 07:07:58 Image size of job updated: 2
	3  -  MemoryUsage of job (MB)
	2420  -  ResidentSetSize of job (KB)
...
006 (221233.000.000) 07/31 07:08:59 Image size of job updated: 447524
	71  -  MemoryUsage of job (MB)
	72352  -  ResidentSetSize of job (KB)
...
005 (221233.000.000) 07/31 07:08:59 Job terminated.
	(1) Normal termination (return value 90)
		Usr 0 00:00:00, Sys 0 00:00:12  -  Run Remote Usage
		Usr 0 00:00:00, Sys 0 00:00:00  -  Run Local Usage
		Usr 0 00:00:00, Sys 0 00:00:12  -  Total Remote Usage
		Usr 0 00:00:00, Sys 0 00:00:00  -  Total Local Usage
	8491  -  Run Bytes Sent By Job
	8930  -  Run Bytes Received By Job
	8491  -  Total Bytes Sent By Job
	8930  -  Total Bytes Received By Job
	Partitionable Resources :    Usage  Request Allocated
	   Cpus                 :                 1         1
	   Disk (KB)            :   766052 10000000  10492536
	   Memory (MB)          :       71     2100      2100
...
000 (221788.000.000) 07/31 07:12:00 Job submitted from host: <131.225.189.232:9618?addrs=131.225.189.232-9618&noUDP&sock=8982_aaf4_3>
...
001 (221788.000.000) 07/31 07:12:20 Job executing on host: <131.225.207.72:54845?addrs=131.225.207.72-54845>
...
006 (221788.000.000) 07/31 07:12:29 Image size of job updated: 447524
	69  -  MemoryUsage of job (MB)
	70168  -  ResidentSetSize of job (KB)
...
006 (221788.000.000) 07/31 07:13:30 Image size of job updated: 447524
	69  -  MemoryUsage of job (MB)
	70408  -  ResidentSetSize of job (KB)
...
006 (221788.000.000) 07/31 07:14:31 Image size of job updated: 549008
	270  -  MemoryUsage of job (MB)
	276204  -  ResidentSetSize of job (KB)
...
005 (221788.000.000) 07/31 07:14:35 Job terminated.
	(1) Normal termination (return value 65)
		Usr 0 00:00:07, Sys 0 00:00:13  -  Run Remote Usage
		Usr 0 00:00:00, Sys 0 00:00:00  -  Run Local Usage
		Usr 0 00:00:07, Sys 0 00:00:13  -  Total Remote Usage
		Usr 0 00:00:00, Sys 0 00:00:00  -  Total Local Usage
	11013  -  Run Bytes Sent By Job
	8930  -  Run Bytes Received By Job
	11013  -  Total Bytes Sent By Job
	8930  -  Total Bytes Received By Job
	Partitionable Resources :    Usage  Request Allocated
	   Cpus                 :                 1         1
	   Disk (KB)            :  6073648 10000000  10394565
	   Memory (MB)          :      270     2100      2100
...
000 (222350.000.000) 07/31 08:32:40 Job submitted from host: <131.225.189.232:9618?addrs=131.225.189.232-9618&noUDP&sock=8982_aaf4_3>
...
001 (222350.000.000) 07/31 08:33:14 Job executing on host: <131.225.207.110:29249?addrs=131.225.207.110-29249>
...
006 (222350.000.000) 07/31 08:33:22 Image size of job updated: 2
	3  -  MemoryUsage of job (MB)
	2420  -  ResidentSetSize of job (KB)
...
006 (222350.000.000) 07/31 08:34:22 Image size of job updated: 447524
	71  -  MemoryUsage of job (MB)
	72340  -  ResidentSetSize of job (KB)
...
006 (222350.000.000) 07/31 08:35:21 Image size of job updated: 615756
	71  -  MemoryUsage of job (MB)
	72340  -  ResidentSetSize of job (KB)
...
005 (222350.000.000) 07/31 08:35:22 Job terminated.
	(1) Normal termination (return value 65)
		Usr 0 00:00:07, Sys 0 00:00:10  -  Run Remote Usage
		Usr 0 00:00:00, Sys 0 00:00:00  -  Run Local Usage
		Usr 0 00:00:07, Sys 0 00:00:10  -  Total Remote Usage
		Usr 0 00:00:00, Sys 0 00:00:00  -  Total Local Usage
	9849  -  Run Bytes Sent By Job
	8930  -  Run Bytes Received By Job
	9849  -  Total Bytes Sent By Job
	8930  -  Total Bytes Received By Job
	Partitionable Resources :    Usage  Request Allocated
	   Cpus                 :                 1         1
	   Disk (KB)            :  5176003 10000000  10508472
	   Memory (MB)          :       71     2100      2100
...
