000 (220980.000.000) 07/31 06:49:51 Job submitted from host: <131.225.189.232:9618?addrs=131.225.189.232-9618&noUDP&sock=8982_aaf4_3>
...
001 (220980.000.000) 07/31 06:50:56 Job executing on host: <131.225.206.229:10955?addrs=131.225.206.229-10955>
...
006 (220980.000.000) 07/31 06:51:05 Image size of job updated: 2
	3  -  MemoryUsage of job (MB)
	2424  -  ResidentSetSize of job (KB)
...
006 (220980.000.000) 07/31 06:52:06 Image size of job updated: 447524
	70  -  MemoryUsage of job (MB)
	71356  -  ResidentSetSize of job (KB)
...
005 (220980.000.000) 07/31 06:55:48 Job terminated.
	(1) Normal termination (return value 90)
		Usr 0 00:00:01, Sys 0 00:00:18  -  Run Remote Usage
		Usr 0 00:00:00, Sys 0 00:00:00  -  Run Local Usage
		Usr 0 00:00:01, Sys 0 00:00:18  -  Total Remote Usage
		Usr 0 00:00:00, Sys 0 00:00:00  -  Total Local Usage
	25997  -  Run Bytes Sent By Job
	8930  -  Run Bytes Received By Job
	25997  -  Total Bytes Sent By Job
	8930  -  Total Bytes Received By Job
	Partitionable Resources :    Usage  Request Allocated
	   Cpus                 :                 1         1
	   Disk (KB)            :  4836376 10000000  12039232
	   Memory (MB)          :       70     2100      2100
...
000 (221542.000.000) 07/31 07:08:13 Job submitted from host: <131.225.189.232:9618?addrs=131.225.189.232-9618&noUDP&sock=8982_aaf4_3>
...
001 (221542.000.000) 07/31 07:09:15 Job executing on host: <131.225.207.49:46758?addrs=131.225.207.49-46758>
...
006 (221542.000.000) 07/31 07:09:23 Image size of job updated: 447524
	71  -  MemoryUsage of job (MB)
	72348  -  ResidentSetSize of job (KB)
...
005 (221542.000.000) 07/31 07:10:50 Job terminated.
	(1) Normal termination (return value 90)
		Usr 0 00:00:00, Sys 0 00:00:19  -  Run Remote Usage
		Usr 0 00:00:00, Sys 0 00:00:00  -  Run Local Usage
		Usr 0 00:00:00, Sys 0 00:00:19  -  Total Remote Usage
		Usr 0 00:00:00, Sys 0 00:00:00  -  Total Local Usage
	9900  -  Run Bytes Sent By Job
	8930  -  Run Bytes Received By Job
	9900  -  Total Bytes Sent By Job
	8930  -  Total Bytes Received By Job
	Partitionable Resources :    Usage  Request Allocated
	   Cpus                 :                 1         1
	   Disk (KB)            :  4845673 10000000  10460241
	   Memory (MB)          :       71     2100      2100
...
000 (222097.000.000) 07/31 07:12:52 Job submitted from host: <131.225.189.232:9618?addrs=131.225.189.232-9618&noUDP&sock=8982_aaf4_3>
...
001 (222097.000.000) 07/31 07:14:33 Job executing on host: <131.225.190.44:17345?addrs=131.225.190.44-17345>
...
006 (222097.000.000) 07/31 07:14:46 Image size of job updated: 381924
	15  -  MemoryUsage of job (MB)
	14932  -  ResidentSetSize of job (KB)
...
006 (222097.000.000) 07/31 07:15:43 Image size of job updated: 447524
	69  -  MemoryUsage of job (MB)
	70288  -  ResidentSetSize of job (KB)
...
006 (222097.000.000) 07/31 07:18:46 Image size of job updated: 607048
	272  -  MemoryUsage of job (MB)
	277772  -  ResidentSetSize of job (KB)
...
006 (222097.000.000) 07/31 07:19:13 Image size of job updated: 772784
	272  -  MemoryUsage of job (MB)
	277772  -  ResidentSetSize of job (KB)
...
005 (222097.000.000) 07/31 07:19:14 Job terminated.
	(1) Normal termination (return value 65)
		Usr 0 00:00:15, Sys 0 00:00:27  -  Run Remote Usage
		Usr 0 00:00:00, Sys 0 00:00:00  -  Run Local Usage
		Usr 0 00:00:15, Sys 0 00:00:27  -  Total Remote Usage
		Usr 0 00:00:00, Sys 0 00:00:00  -  Total Local Usage
	16609  -  Run Bytes Sent By Job
	8930  -  Run Bytes Received By Job
	16609  -  Total Bytes Sent By Job
	8930  -  Total Bytes Received By Job
	Partitionable Resources :    Usage  Request Allocated
	   Cpus                 :                 1         1
	   Disk (KB)            :  6600335 10000000  15476044
	   Memory (MB)          :      272     2100      2100
...
000 (222659.000.000) 07/31 08:33:02 Job submitted from host: <131.225.189.232:9618?addrs=131.225.189.232-9618&noUDP&sock=8982_aaf4_3>
...
001 (222659.000.000) 07/31 08:34:56 Job executing on host: <131.225.206.254:37682?addrs=131.225.206.254-37682>
...
006 (222659.000.000) 07/31 08:35:04 Image size of job updated: 276000
	5  -  MemoryUsage of job (MB)
	5052  -  ResidentSetSize of job (KB)
...
006 (222659.000.000) 07/31 08:36:04 Image size of job updated: 447524
	71  -  MemoryUsage of job (MB)
	72344  -  ResidentSetSize of job (KB)
...
006 (222659.000.000) 07/31 08:38:04 Image size of job updated: 447524
	165  -  MemoryUsage of job (MB)
	168692  -  ResidentSetSize of job (KB)
...
006 (222659.000.000) 07/31 08:38:31 Image size of job updated: 772784
	165  -  MemoryUsage of job (MB)
	168692  -  ResidentSetSize of job (KB)
...
005 (222659.000.000) 07/31 08:38:32 Job terminated.
	(1) Normal termination (return value 65)
		Usr 0 00:00:13, Sys 0 00:00:22  -  Run Remote Usage
		Usr 0 00:00:00, Sys 0 00:00:00  -  Run Local Usage
		Usr 0 00:00:13, Sys 0 00:00:22  -  Total Remote Usage
		Usr 0 00:00:00, Sys 0 00:00:00  -  Total Local Usage
	18143  -  Run Bytes Sent By Job
	8930  -  Run Bytes Received By Job
	18143  -  Total Bytes Sent By Job
	8930  -  Total Bytes Received By Job
	Partitionable Resources :    Usage  Request Allocated
	   Cpus                 :                 1         1
	   Disk (KB)            :  6603203 10000000  11536248
	   Memory (MB)          :      165     2100      2100
...
000 (223214.000.000) 07/31 08:50:04 Job submitted from host: <131.225.189.232:9618?addrs=131.225.189.232-9618&noUDP&sock=8982_aaf4_3>
...
001 (223214.000.000) 07/31 08:51:29 Job executing on host: <131.225.205.158:33719?addrs=131.225.205.158-33719>
...
006 (223214.000.000) 07/31 08:51:37 Image size of job updated: 381924
	29  -  MemoryUsage of job (MB)
	29276  -  ResidentSetSize of job (KB)
...
006 (223214.000.000) 07/31 08:52:37 Image size of job updated: 447524
	70  -  MemoryUsage of job (MB)
	71260  -  ResidentSetSize of job (KB)
...
006 (223214.000.000) 07/31 08:53:37 Image size of job updated: 447524
	70  -  MemoryUsage of job (MB)
	71356  -  ResidentSetSize of job (KB)
...
006 (223214.000.000) 07/31 08:54:37 Image size of job updated: 772788
	443  -  MemoryUsage of job (MB)
	453264  -  ResidentSetSize of job (KB)
...
005 (223214.000.000) 07/31 08:54:43 Job terminated.
	(1) Normal termination (return value 65)
		Usr 0 00:00:16, Sys 0 00:00:22  -  Run Remote Usage
		Usr 0 00:00:00, Sys 0 00:00:00  -  Run Local Usage
		Usr 0 00:00:16, Sys 0 00:00:22  -  Total Remote Usage
		Usr 0 00:00:00, Sys 0 00:00:00  -  Total Local Usage
	17086  -  Run Bytes Sent By Job
	44439  -  Run Bytes Received By Job
	17086  -  Total Bytes Sent By Job
	44439  -  Total Bytes Received By Job
	Partitionable Resources :    Usage  Request Allocated
	   Cpus                 :                 1         1
	   Disk (KB)            :  6603040 10000000  17165875
	   Memory (MB)          :      443     2100      2100
...
000 (223769.000.000) 07/31 09:06:32 Job submitted from host: <131.225.189.232:9618?addrs=131.225.189.232-9618&noUDP&sock=8982_aaf4_3>
...
