000 (221012.000.000) 07/31 06:49:59 Job submitted from host: <131.225.189.232:9618?addrs=131.225.189.232-9618&noUDP&sock=8982_aaf4_3>
...
001 (221012.000.000) 07/31 06:51:12 Job executing on host: <131.225.204.41:44778?addrs=131.225.204.41-44778>
...
006 (221012.000.000) 07/31 06:51:20 Image size of job updated: 447536
	23  -  MemoryUsage of job (MB)
	23196  -  ResidentSetSize of job (KB)
...
006 (221012.000.000) 07/31 06:52:20 Image size of job updated: 447536
	71  -  MemoryUsage of job (MB)
	72348  -  ResidentSetSize of job (KB)
...
005 (221012.000.000) 07/31 06:54:29 Job terminated.
	(1) Normal termination (return value 90)
		Usr 0 00:00:01, Sys 0 00:00:19  -  Run Remote Usage
		Usr 0 00:00:00, Sys 0 00:00:00  -  Run Local Usage
		Usr 0 00:00:01, Sys 0 00:00:19  -  Total Remote Usage
		Usr 0 00:00:00, Sys 0 00:00:00  -  Total Local Usage
	19084  -  Run Bytes Sent By Job
	8930  -  Run Bytes Received By Job
	19084  -  Total Bytes Sent By Job
	8930  -  Total Bytes Received By Job
	Partitionable Resources :    Usage  Request Allocated
	   Cpus                 :                 1         1
	   Disk (KB)            :  5950484 10000000  10519326
	   Memory (MB)          :       71     2100      2100
...
000 (221574.000.000) 07/31 07:08:18 Job submitted from host: <131.225.189.232:9618?addrs=131.225.189.232-9618&noUDP&sock=8982_aaf4_3>
...
001 (221574.000.000) 07/31 07:09:29 Job executing on host: <131.225.205.153:56309?addrs=131.225.205.153-56309>
...
006 (221574.000.000) 07/31 07:09:41 Image size of job updated: 102472
	3  -  MemoryUsage of job (MB)
	2472  -  ResidentSetSize of job (KB)
...
006 (221574.000.000) 07/31 07:10:39 Image size of job updated: 447524
	69  -  MemoryUsage of job (MB)
	70364  -  ResidentSetSize of job (KB)
...
006 (221574.000.000) 07/31 07:11:39 Image size of job updated: 447524
	69  -  MemoryUsage of job (MB)
	70372  -  ResidentSetSize of job (KB)
...
000 (222129.000.000) 07/31 07:12:58 Job submitted from host: <131.225.189.232:9618?addrs=131.225.189.232-9618&noUDP&sock=8982_aaf4_3>
...
005 (221574.000.000) 07/31 07:13:39 Job terminated.
	(1) Normal termination (return value 90)
		Usr 0 00:00:01, Sys 0 00:00:26  -  Run Remote Usage
		Usr 0 00:00:00, Sys 0 00:00:00  -  Run Local Usage
		Usr 0 00:00:01, Sys 0 00:00:26  -  Total Remote Usage
		Usr 0 00:00:00, Sys 0 00:00:00  -  Total Local Usage
	23336  -  Run Bytes Sent By Job
	8930  -  Run Bytes Received By Job
	23336  -  Total Bytes Sent By Job
	8930  -  Total Bytes Received By Job
	Partitionable Resources :    Usage  Request Allocated
	   Cpus                 :                 1         1
	   Disk (KB)            :  5271667 10000000  17131418
	   Memory (MB)          :       69     2100      2100
...
001 (222129.000.000) 07/31 07:14:50 Job executing on host: <131.225.206.236:59687?addrs=131.225.206.236-59687>
...
006 (222129.000.000) 07/31 07:15:00 Image size of job updated: 447532
	15  -  MemoryUsage of job (MB)
	14936  -  ResidentSetSize of job (KB)
...
006 (222129.000.000) 07/31 07:16:01 Image size of job updated: 447532
	69  -  MemoryUsage of job (MB)
	70396  -  ResidentSetSize of job (KB)
...
006 (222129.000.000) 07/31 07:19:14 Image size of job updated: 672680
	69  -  MemoryUsage of job (MB)
	70396  -  ResidentSetSize of job (KB)
...
005 (222129.000.000) 07/31 07:19:15 Job terminated.
	(1) Normal termination (return value 65)
		Usr 0 00:00:08, Sys 0 00:00:22  -  Run Remote Usage
		Usr 0 00:00:00, Sys 0 00:00:00  -  Run Local Usage
		Usr 0 00:00:08, Sys 0 00:00:22  -  Total Remote Usage
		Usr 0 00:00:00, Sys 0 00:00:00  -  Total Local Usage
	22557  -  Run Bytes Sent By Job
	8930  -  Run Bytes Received By Job
	22557  -  Total Bytes Sent By Job
	8930  -  Total Bytes Received By Job
	Partitionable Resources :    Usage  Request Allocated
	   Cpus                 :                 1         1
	   Disk (KB)            :  6643234 10000000  11726904
	   Memory (MB)          :       69     2100      2100
...
