000 (221029.000.000) 07/31 06:50:02 Job submitted from host: <131.225.189.232:9618?addrs=131.225.189.232-9618&noUDP&sock=8982_aaf4_3>
...
001 (221029.000.000) 07/31 06:51:17 Job executing on host: <131.225.204.111:64921?addrs=131.225.204.111-64921>
...
006 (221029.000.000) 07/31 06:51:50 Image size of job updated: 14176
	2  -  MemoryUsage of job (MB)
	1620  -  ResidentSetSize of job (KB)
...
006 (221029.000.000) 07/31 06:53:02 Image size of job updated: 447524
	2  -  MemoryUsage of job (MB)
	1620  -  ResidentSetSize of job (KB)
...
005 (221029.000.000) 07/31 06:53:03 Job terminated.
	(1) Normal termination (return value 90)
		Usr 0 00:00:00, Sys 0 00:00:19  -  Run Remote Usage
		Usr 0 00:00:00, Sys 0 00:00:00  -  Run Local Usage
		Usr 0 00:00:00, Sys 0 00:00:19  -  Total Remote Usage
		Usr 0 00:00:00, Sys 0 00:00:00  -  Total Local Usage
	9456  -  Run Bytes Sent By Job
	8930  -  Run Bytes Received By Job
	9456  -  Total Bytes Sent By Job
	8930  -  Total Bytes Received By Job
	Partitionable Resources :    Usage  Request Allocated
	   Cpus                 :                 1         1
	   Disk (KB)            :     3072 10000000  10488873
	   Memory (MB)          :        2     2100      2100
...
000 (221591.000.000) 07/31 07:08:21 Job submitted from host: <131.225.189.232:9618?addrs=131.225.189.232-9618&noUDP&sock=8982_aaf4_3>
...
001 (221591.000.000) 07/31 07:09:35 Job executing on host: <131.225.206.161:35541?addrs=131.225.206.161-35541>
...
006 (221591.000.000) 07/31 07:09:43 Image size of job updated: 447536
	15  -  MemoryUsage of job (MB)
	15000  -  ResidentSetSize of job (KB)
...
006 (221591.000.000) 07/31 07:10:43 Image size of job updated: 447536
	71  -  MemoryUsage of job (MB)
	72344  -  ResidentSetSize of job (KB)
...
000 (222146.000.000) 07/31 07:13:00 Job submitted from host: <131.225.189.232:9618?addrs=131.225.189.232-9618&noUDP&sock=8982_aaf4_3>
...
001 (222146.000.000) 07/31 07:14:53 Job executing on host: <131.225.205.181:33762?addrs=131.225.205.181-33762>
...
006 (222146.000.000) 07/31 07:15:02 Image size of job updated: 447524
	31  -  MemoryUsage of job (MB)
	31628  -  ResidentSetSize of job (KB)
...
006 (221591.000.000) 07/31 07:15:45 Image size of job updated: 447536
	71  -  MemoryUsage of job (MB)
	72348  -  ResidentSetSize of job (KB)
...
006 (222146.000.000) 07/31 07:16:03 Image size of job updated: 447524
	70  -  MemoryUsage of job (MB)
	71356  -  ResidentSetSize of job (KB)
...
005 (221591.000.000) 07/31 07:16:41 Job terminated.
	(1) Normal termination (return value 90)
		Usr 0 00:00:02, Sys 0 00:00:15  -  Run Remote Usage
		Usr 0 00:00:00, Sys 0 00:00:00  -  Run Local Usage
		Usr 0 00:00:02, Sys 0 00:00:15  -  Total Remote Usage
		Usr 0 00:00:00, Sys 0 00:00:00  -  Total Local Usage
	36038  -  Run Bytes Sent By Job
	8930  -  Run Bytes Received By Job
	36038  -  Total Bytes Sent By Job
	8930  -  Total Bytes Received By Job
	Partitionable Resources :    Usage  Request Allocated
	   Cpus                 :                 1         1
	   Disk (KB)            :  5697664 10000000  12219716
	   Memory (MB)          :       71     2100      2100
...
006 (222146.000.000) 07/31 07:17:06 Image size of job updated: 772784
	479  -  MemoryUsage of job (MB)
	489856  -  ResidentSetSize of job (KB)
...
005 (222146.000.000) 07/31 07:17:08 Job terminated.
	(1) Normal termination (return value 65)
		Usr 0 00:00:15, Sys 0 00:00:16  -  Run Remote Usage
		Usr 0 00:00:00, Sys 0 00:00:00  -  Run Local Usage
		Usr 0 00:00:15, Sys 0 00:00:16  -  Total Remote Usage
		Usr 0 00:00:00, Sys 0 00:00:00  -  Total Local Usage
	9679  -  Run Bytes Sent By Job
	8930  -  Run Bytes Received By Job
	9679  -  Total Bytes Sent By Job
	8930  -  Total Bytes Received By Job
	Partitionable Resources :    Usage  Request Allocated
	   Cpus                 :                 1         1
	   Disk (KB)            :  6702424 10000000  17106113
	   Memory (MB)          :      479     2100      2100
...
000 (222708.000.000) 07/31 08:33:05 Job submitted from host: <131.225.189.232:9618?addrs=131.225.189.232-9618&noUDP&sock=8982_aaf4_3>
...
001 (222708.000.000) 07/31 08:35:23 Job executing on host: <131.225.207.77:26936?addrs=131.225.207.77-26936>
...
006 (222708.000.000) 07/31 08:35:31 Image size of job updated: 2
	3  -  MemoryUsage of job (MB)
	2424  -  ResidentSetSize of job (KB)
...
006 (222708.000.000) 07/31 08:36:31 Image size of job updated: 447524
	71  -  MemoryUsage of job (MB)
	72344  -  ResidentSetSize of job (KB)
...
006 (222708.000.000) 07/31 08:38:42 Image size of job updated: 447524
	164  -  MemoryUsage of job (MB)
	167908  -  ResidentSetSize of job (KB)
...
006 (222708.000.000) 07/31 08:39:33 Image size of job updated: 772784
	484  -  MemoryUsage of job (MB)
	495412  -  ResidentSetSize of job (KB)
...
005 (222708.000.000) 07/31 08:39:54 Job terminated.
	(1) Normal termination (return value 65)
		Usr 0 00:00:12, Sys 0 00:00:18  -  Run Remote Usage
		Usr 0 00:00:00, Sys 0 00:00:00  -  Run Local Usage
		Usr 0 00:00:12, Sys 0 00:00:18  -  Total Remote Usage
		Usr 0 00:00:00, Sys 0 00:00:00  -  Total Local Usage
	15378  -  Run Bytes Sent By Job
	8930  -  Run Bytes Received By Job
	15378  -  Total Bytes Sent By Job
	8930  -  Total Bytes Received By Job
	Partitionable Resources :    Usage  Request Allocated
	   Cpus                 :                 1         1
	   Disk (KB)            :  6705298 10000000  11756156
	   Memory (MB)          :      484     2100      2100
...
000 (223263.000.000) 07/31 08:50:07 Job submitted from host: <131.225.189.232:9618?addrs=131.225.189.232-9618&noUDP&sock=8982_aaf4_3>
...
001 (223263.000.000) 07/31 08:52:08 Job executing on host: <131.225.207.188:38940?addrs=131.225.207.188-38940>
...
006 (223263.000.000) 07/31 08:52:16 Image size of job updated: 2
	3  -  MemoryUsage of job (MB)
	2424  -  ResidentSetSize of job (KB)
...
006 (223263.000.000) 07/31 08:53:16 Image size of job updated: 447524
	71  -  MemoryUsage of job (MB)
	72344  -  ResidentSetSize of job (KB)
...
006 (223263.000.000) 07/31 08:55:57 Image size of job updated: 574372
	71  -  MemoryUsage of job (MB)
	72344  -  ResidentSetSize of job (KB)
...
005 (223263.000.000) 07/31 08:55:58 Job terminated.
	(1) Normal termination (return value 65)
		Usr 0 00:00:06, Sys 0 00:00:20  -  Run Remote Usage
		Usr 0 00:00:00, Sys 0 00:00:00  -  Run Local Usage
		Usr 0 00:00:06, Sys 0 00:00:20  -  Total Remote Usage
		Usr 0 00:00:00, Sys 0 00:00:00  -  Total Local Usage
	21301  -  Run Bytes Sent By Job
	44439  -  Run Bytes Received By Job
	21301  -  Total Bytes Sent By Job
	44439  -  Total Bytes Received By Job
	Partitionable Resources :    Usage  Request Allocated
	   Cpus                 :                 1         1
	   Disk (KB)            :  4995252 10000000  10330920
	   Memory (MB)          :       71     2100      2100
...
000 (223818.000.000) 07/31 09:06:34 Job submitted from host: <131.225.189.232:9618?addrs=131.225.189.232-9618&noUDP&sock=8982_aaf4_3>
...
