000 (220954.000.000) 07/31 06:49:45 Job submitted from host: <131.225.189.232:9618?addrs=131.225.189.232-9618&noUDP&sock=8982_aaf4_3>
...
001 (220954.000.000) 07/31 06:50:41 Job executing on host: <131.225.191.165:16277?addrs=131.225.191.165-16277>
...
006 (220954.000.000) 07/31 06:51:10 Image size of job updated: 40612
	4  -  MemoryUsage of job (MB)
	3648  -  ResidentSetSize of job (KB)
...
006 (220954.000.000) 07/31 06:52:21 Image size of job updated: 447524
	4  -  MemoryUsage of job (MB)
	3648  -  ResidentSetSize of job (KB)
...
005 (220954.000.000) 07/31 06:52:22 Job terminated.
	(1) Normal termination (return value 90)
		Usr 0 00:00:00, Sys 0 00:00:14  -  Run Remote Usage
		Usr 0 00:00:00, Sys 0 00:00:00  -  Run Local Usage
		Usr 0 00:00:00, Sys 0 00:00:14  -  Total Remote Usage
		Usr 0 00:00:00, Sys 0 00:00:00  -  Total Local Usage
	8422  -  Run Bytes Sent By Job
	8930  -  Run Bytes Received By Job
	8422  -  Total Bytes Sent By Job
	8930  -  Total Bytes Received By Job
	Partitionable Resources :    Usage  Request Allocated
	   Cpus                 :                 1         1
	   Disk (KB)            :      550 10000000  15924884
	   Memory (MB)          :        4     2100      2100
...
000 (221516.000.000) 07/31 07:08:08 Job submitted from host: <131.225.189.232:9618?addrs=131.225.189.232-9618&noUDP&sock=8982_aaf4_3>
...
001 (221516.000.000) 07/31 07:08:50 Job executing on host: <131.225.206.198:53342?addrs=131.225.206.198-53342>
...
006 (221516.000.000) 07/31 07:08:58 Image size of job updated: 40612
	4  -  MemoryUsage of job (MB)
	3636  -  ResidentSetSize of job (KB)
...
006 (221516.000.000) 07/31 07:09:58 Image size of job updated: 447524
	70  -  MemoryUsage of job (MB)
	71356  -  ResidentSetSize of job (KB)
...
005 (221516.000.000) 07/31 07:10:49 Job terminated.
	(1) Normal termination (return value 90)
		Usr 0 00:00:00, Sys 0 00:00:15  -  Run Remote Usage
		Usr 0 00:00:00, Sys 0 00:00:00  -  Run Local Usage
		Usr 0 00:00:00, Sys 0 00:00:15  -  Total Remote Usage
		Usr 0 00:00:00, Sys 0 00:00:00  -  Total Local Usage
	9737  -  Run Bytes Sent By Job
	8930  -  Run Bytes Received By Job
	9737  -  Total Bytes Sent By Job
	8930  -  Total Bytes Received By Job
	Partitionable Resources :    Usage  Request Allocated
	   Cpus                 :                 1         1
	   Disk (KB)            :  4501609 10000000  11700096
	   Memory (MB)          :       70     2100      2100
...
000 (222071.000.000) 07/31 07:12:48 Job submitted from host: <131.225.189.232:9618?addrs=131.225.189.232-9618&noUDP&sock=8982_aaf4_3>
...
001 (222071.000.000) 07/31 07:14:17 Job executing on host: <131.225.207.167:1759?addrs=131.225.207.167-1759>
...
006 (222071.000.000) 07/31 07:14:26 Image size of job updated: 2
	3  -  MemoryUsage of job (MB)
	2428  -  ResidentSetSize of job (KB)
...
006 (222071.000.000) 07/31 07:15:27 Image size of job updated: 447524
	71  -  MemoryUsage of job (MB)
	72352  -  ResidentSetSize of job (KB)
...
006 (222071.000.000) 07/31 07:16:08 Image size of job updated: 550832
	71  -  MemoryUsage of job (MB)
	72352  -  ResidentSetSize of job (KB)
...
005 (222071.000.000) 07/31 07:16:08 Job terminated.
	(1) Normal termination (return value 65)
		Usr 0 00:00:05, Sys 0 00:00:15  -  Run Remote Usage
		Usr 0 00:00:00, Sys 0 00:00:00  -  Run Local Usage
		Usr 0 00:00:05, Sys 0 00:00:15  -  Total Remote Usage
		Usr 0 00:00:00, Sys 0 00:00:00  -  Total Local Usage
	9866  -  Run Bytes Sent By Job
	8930  -  Run Bytes Received By Job
	9866  -  Total Bytes Sent By Job
	8930  -  Total Bytes Received By Job
	Partitionable Resources :    Usage  Request Allocated
	   Cpus                 :                 1         1
	   Disk (KB)            :  5828120 10000000  10522839
	   Memory (MB)          :       71     2100      2100
...
000 (222633.000.000) 07/31 08:33:00 Job submitted from host: <131.225.189.232:9618?addrs=131.225.189.232-9618&noUDP&sock=8982_aaf4_3>
...
001 (222633.000.000) 07/31 08:34:15 Job executing on host: <131.225.205.184:3858?addrs=131.225.205.184-3858>
...
006 (222633.000.000) 07/31 08:34:23 Image size of job updated: 2
	3  -  MemoryUsage of job (MB)
	2424  -  ResidentSetSize of job (KB)
...
006 (222633.000.000) 07/31 08:35:23 Image size of job updated: 447524
	69  -  MemoryUsage of job (MB)
	70292  -  ResidentSetSize of job (KB)
...
006 (222633.000.000) 07/31 08:38:23 Image size of job updated: 772792
	69  -  MemoryUsage of job (MB)
	70292  -  ResidentSetSize of job (KB)
...
005 (222633.000.000) 07/31 08:38:24 Job terminated.
	(1) Normal termination (return value 65)
		Usr 0 00:00:17, Sys 0 00:00:31  -  Run Remote Usage
		Usr 0 00:00:00, Sys 0 00:00:00  -  Run Local Usage
		Usr 0 00:00:17, Sys 0 00:00:31  -  Total Remote Usage
		Usr 0 00:00:00, Sys 0 00:00:00  -  Total Local Usage
	20764  -  Run Bytes Sent By Job
	8930  -  Run Bytes Received By Job
	20764  -  Total Bytes Sent By Job
	8930  -  Total Bytes Received By Job
	Partitionable Resources :    Usage  Request Allocated
	   Cpus                 :                 1         1
	   Disk (KB)            :  6142294 10000000  17171041
	   Memory (MB)          :       69     2100      2100
...
