000 (220822.000.000) 07/31 06:49:17 Job submitted from host: <131.225.189.232:9618?addrs=131.225.189.232-9618&noUDP&sock=8982_aaf4_3>
...
001 (220822.000.000) 07/31 06:49:39 Job executing on host: <131.225.191.223:52551?addrs=131.225.191.223-52551>
...
006 (220822.000.000) 07/31 06:49:48 Image size of job updated: 447524
	69  -  MemoryUsage of job (MB)
	70172  -  ResidentSetSize of job (KB)
...
006 (220822.000.000) 07/31 06:50:50 Image size of job updated: 447524
	69  -  MemoryUsage of job (MB)
	70412  -  ResidentSetSize of job (KB)
...
006 (220822.000.000) 07/31 06:53:50 Image size of job updated: 447524
	69  -  MemoryUsage of job (MB)
	70416  -  ResidentSetSize of job (KB)
...
005 (220822.000.000) 07/31 06:54:34 Job terminated.
	(1) Normal termination (return value 90)
		Usr 0 00:00:02, Sys 0 00:00:23  -  Run Remote Usage
		Usr 0 00:00:00, Sys 0 00:00:00  -  Run Local Usage
		Usr 0 00:00:02, Sys 0 00:00:23  -  Total Remote Usage
		Usr 0 00:00:00, Sys 0 00:00:00  -  Total Local Usage
	27537  -  Run Bytes Sent By Job
	8930  -  Run Bytes Received By Job
	27537  -  Total Bytes Sent By Job
	8930  -  Total Bytes Received By Job
	Partitionable Resources :    Usage  Request Allocated
	   Cpus                 :                 1         1
	   Disk (KB)            :  5819418 10000000  15058452
	   Memory (MB)          :       69     2100      2100
...
000 (221384.000.000) 07/31 07:07:45 Job submitted from host: <131.225.189.232:9618?addrs=131.225.189.232-9618&noUDP&sock=8982_aaf4_3>
...
001 (221384.000.000) 07/31 07:08:20 Job executing on host: <131.225.191.165:16277?addrs=131.225.191.165-16277>
...
006 (221384.000.000) 07/31 07:08:29 Image size of job updated: 447524
	71  -  MemoryUsage of job (MB)
	72348  -  ResidentSetSize of job (KB)
...
005 (221384.000.000) 07/31 07:09:39 Job terminated.
	(1) Normal termination (return value 90)
		Usr 0 00:00:00, Sys 0 00:00:15  -  Run Remote Usage
		Usr 0 00:00:00, Sys 0 00:00:00  -  Run Local Usage
		Usr 0 00:00:00, Sys 0 00:00:15  -  Total Remote Usage
		Usr 0 00:00:00, Sys 0 00:00:00  -  Total Local Usage
	8923  -  Run Bytes Sent By Job
	8930  -  Run Bytes Received By Job
	8923  -  Total Bytes Sent By Job
	8930  -  Total Bytes Received By Job
	Partitionable Resources :    Usage  Request Allocated
	   Cpus                 :                 1         1
	   Disk (KB)            :  6254698 10000000  15908418
	   Memory (MB)          :       71     2100      2100
...
000 (221939.000.000) 07/31 07:12:26 Job submitted from host: <131.225.189.232:9618?addrs=131.225.189.232-9618&noUDP&sock=8982_aaf4_3>
...
001 (221939.000.000) 07/31 07:13:14 Job executing on host: <131.225.207.53:51570?addrs=131.225.207.53-51570>
...
006 (221939.000.000) 07/31 07:13:23 Image size of job updated: 68556
	8  -  MemoryUsage of job (MB)
	7376  -  ResidentSetSize of job (KB)
...
006 (221939.000.000) 07/31 07:14:24 Image size of job updated: 447524
	69  -  MemoryUsage of job (MB)
	70396  -  ResidentSetSize of job (KB)
...
006 (221939.000.000) 07/31 07:15:25 Image size of job updated: 507900
	229  -  MemoryUsage of job (MB)
	233508  -  ResidentSetSize of job (KB)
...
006 (221939.000.000) 07/31 07:15:37 Image size of job updated: 767924
	229  -  MemoryUsage of job (MB)
	233508  -  ResidentSetSize of job (KB)
...
005 (221939.000.000) 07/31 07:15:38 Job terminated.
	(1) Normal termination (return value 65)
		Usr 0 00:00:11, Sys 0 00:00:16  -  Run Remote Usage
		Usr 0 00:00:00, Sys 0 00:00:00  -  Run Local Usage
		Usr 0 00:00:11, Sys 0 00:00:16  -  Total Remote Usage
		Usr 0 00:00:00, Sys 0 00:00:00  -  Total Local Usage
	10213  -  Run Bytes Sent By Job
	8930  -  Run Bytes Received By Job
	10213  -  Total Bytes Sent By Job
	8930  -  Total Bytes Received By Job
	Partitionable Resources :    Usage  Request Allocated
	   Cpus                 :                 1         1
	   Disk (KB)            :  6762999 10000000  10164735
	   Memory (MB)          :      229     2100      2100
...
000 (222501.000.000) 07/31 08:32:50 Job submitted from host: <131.225.189.232:9618?addrs=131.225.189.232-9618&noUDP&sock=8982_aaf4_3>
...
001 (222501.000.000) 07/31 08:34:14 Job executing on host: <131.225.191.165:16277?addrs=131.225.191.165-16277>
...
006 (222501.000.000) 07/31 08:34:22 Image size of job updated: 102484
	4  -  MemoryUsage of job (MB)
	3236  -  ResidentSetSize of job (KB)
...
006 (222501.000.000) 07/31 08:35:22 Image size of job updated: 447524
	70  -  MemoryUsage of job (MB)
	71356  -  ResidentSetSize of job (KB)
...
006 (222501.000.000) 07/31 08:37:24 Image size of job updated: 493964
	262  -  MemoryUsage of job (MB)
	267604  -  ResidentSetSize of job (KB)
...
006 (222501.000.000) 07/31 08:38:00 Image size of job updated: 760496
	262  -  MemoryUsage of job (MB)
	267604  -  ResidentSetSize of job (KB)
...
005 (222501.000.000) 07/31 08:38:01 Job terminated.
	(1) Normal termination (return value 65)
		Usr 0 00:00:14, Sys 0 00:00:23  -  Run Remote Usage
		Usr 0 00:00:00, Sys 0 00:00:00  -  Run Local Usage
		Usr 0 00:00:14, Sys 0 00:00:23  -  Total Remote Usage
		Usr 0 00:00:00, Sys 0 00:00:00  -  Total Local Usage
	15515  -  Run Bytes Sent By Job
	8930  -  Run Bytes Received By Job
	15515  -  Total Bytes Sent By Job
	8930  -  Total Bytes Received By Job
	Partitionable Resources :    Usage  Request Allocated
	   Cpus                 :                 1         1
	   Disk (KB)            :  6765872 10000000  15633982
	   Memory (MB)          :      262     2100      2100
...
