000 (220582.000.000) 07/31 06:48:27 Job submitted from host: <131.225.189.232:9618?addrs=131.225.189.232-9618&noUDP&sock=8982_aaf4_3>
...
001 (220582.000.000) 07/31 06:48:49 Job executing on host: <131.225.207.181:3598?addrs=131.225.207.181-3598>
...
006 (220582.000.000) 07/31 06:48:58 Image size of job updated: 447524
	71  -  MemoryUsage of job (MB)
	72348  -  ResidentSetSize of job (KB)
...
005 (220582.000.000) 07/31 06:52:18 Job terminated.
	(1) Normal termination (return value 90)
		Usr 0 00:00:01, Sys 0 00:00:16  -  Run Remote Usage
		Usr 0 00:00:00, Sys 0 00:00:00  -  Run Local Usage
		Usr 0 00:00:01, Sys 0 00:00:16  -  Total Remote Usage
		Usr 0 00:00:00, Sys 0 00:00:00  -  Total Local Usage
	19915  -  Run Bytes Sent By Job
	8930  -  Run Bytes Received By Job
	19915  -  Total Bytes Sent By Job
	8930  -  Total Bytes Received By Job
	Partitionable Resources :    Usage  Request Allocated
	   Cpus                 :                 1         1
	   Disk (KB)            :  5639188 10000000  10288602
	   Memory (MB)          :       71     2100      2100
...
000 (221144.000.000) 07/31 07:07:03 Job submitted from host: <131.225.189.232:9618?addrs=131.225.189.232-9618&noUDP&sock=8982_aaf4_3>
...
001 (221144.000.000) 07/31 07:07:24 Job executing on host: <131.225.206.219:57262?addrs=131.225.206.219-57262>
...
006 (221144.000.000) 07/31 07:07:33 Image size of job updated: 102480
	3  -  MemoryUsage of job (MB)
	2472  -  ResidentSetSize of job (KB)
...
006 (221144.000.000) 07/31 07:08:34 Image size of job updated: 447524
	70  -  MemoryUsage of job (MB)
	71140  -  ResidentSetSize of job (KB)
...
005 (221144.000.000) 07/31 07:10:35 Job terminated.
	(1) Normal termination (return value 90)
		Usr 0 00:00:00, Sys 0 00:00:22  -  Run Remote Usage
		Usr 0 00:00:00, Sys 0 00:00:00  -  Run Local Usage
		Usr 0 00:00:00, Sys 0 00:00:22  -  Total Remote Usage
		Usr 0 00:00:00, Sys 0 00:00:00  -  Total Local Usage
	14342  -  Run Bytes Sent By Job
	8930  -  Run Bytes Received By Job
	14342  -  Total Bytes Sent By Job
	8930  -  Total Bytes Received By Job
	Partitionable Resources :    Usage  Request Allocated
	   Cpus                 :                 1         1
	   Disk (KB)            :  4922725 10000000  11358308
	   Memory (MB)          :       70     2100      2100
...
000 (221699.000.000) 07/31 07:11:45 Job submitted from host: <131.225.189.232:9618?addrs=131.225.189.232-9618&noUDP&sock=8982_aaf4_3>
...
001 (221699.000.000) 07/31 07:12:02 Job executing on host: <131.225.206.194:9227?addrs=131.225.206.194-9227>
...
006 (221699.000.000) 07/31 07:12:11 Image size of job updated: 447524
	73  -  MemoryUsage of job (MB)
	74384  -  ResidentSetSize of job (KB)
...
006 (221699.000.000) 07/31 07:17:14 Image size of job updated: 447524
	189  -  MemoryUsage of job (MB)
	193292  -  ResidentSetSize of job (KB)
...
005 (221699.000.000) 07/31 07:17:23 Job terminated.
	(1) Normal termination (return value 65)
		Usr 0 00:00:02, Sys 0 00:00:18  -  Run Remote Usage
		Usr 0 00:00:00, Sys 0 00:00:00  -  Run Local Usage
		Usr 0 00:00:02, Sys 0 00:00:18  -  Total Remote Usage
		Usr 0 00:00:00, Sys 0 00:00:00  -  Total Local Usage
	28004  -  Run Bytes Sent By Job
	8930  -  Run Bytes Received By Job
	28004  -  Total Bytes Sent By Job
	8930  -  Total Bytes Received By Job
	Partitionable Resources :    Usage  Request Allocated
	   Cpus                 :                 1         1
	   Disk (KB)            :  6064837 10000000  11912564
	   Memory (MB)          :      189     2100      2100
...
000 (222261.000.000) 07/31 08:32:33 Job submitted from host: <131.225.189.232:9618?addrs=131.225.189.232-9618&noUDP&sock=8982_aaf4_3>
...
001 (222261.000.000) 07/31 08:32:56 Job executing on host: <131.225.207.102:53438?addrs=131.225.207.102-53438>
...
006 (222261.000.000) 07/31 08:33:04 Image size of job updated: 2
	3  -  MemoryUsage of job (MB)
	2424  -  ResidentSetSize of job (KB)
...
006 (222261.000.000) 07/31 08:34:04 Image size of job updated: 447524
	69  -  MemoryUsage of job (MB)
	70296  -  ResidentSetSize of job (KB)
...
006 (222261.000.000) 07/31 08:37:07 Image size of job updated: 474160
	188  -  MemoryUsage of job (MB)
	191568  -  ResidentSetSize of job (KB)
...
006 (222261.000.000) 07/31 08:37:36 Image size of job updated: 769972
	188  -  MemoryUsage of job (MB)
	191568  -  ResidentSetSize of job (KB)
...
005 (222261.000.000) 07/31 08:37:37 Job terminated.
	(1) Normal termination (return value 65)
		Usr 0 00:00:12, Sys 0 00:00:23  -  Run Remote Usage
		Usr 0 00:00:00, Sys 0 00:00:00  -  Run Local Usage
		Usr 0 00:00:12, Sys 0 00:00:23  -  Total Remote Usage
		Usr 0 00:00:00, Sys 0 00:00:00  -  Total Local Usage
	22256  -  Run Bytes Sent By Job
	8930  -  Run Bytes Received By Job
	22256  -  Total Bytes Sent By Job
	8930  -  Total Bytes Received By Job
	Partitionable Resources :    Usage  Request Allocated
	   Cpus                 :                 1         1
	   Disk (KB)            :  6067698 10000000  10309812
	   Memory (MB)          :      188     2100      2100
...
