000 (220796.000.000) 07/31 06:49:12 Job submitted from host: <131.225.189.232:9618?addrs=131.225.189.232-9618&noUDP&sock=8982_aaf4_3>
...
001 (220796.000.000) 07/31 06:49:34 Job executing on host: <131.225.207.164:23946?addrs=131.225.207.164-23946>
...
006 (220796.000.000) 07/31 06:49:43 Image size of job updated: 2
	3  -  MemoryUsage of job (MB)
	2420  -  ResidentSetSize of job (KB)
...
006 (220796.000.000) 07/31 06:50:44 Image size of job updated: 447524
	70  -  MemoryUsage of job (MB)
	71352  -  ResidentSetSize of job (KB)
...
005 (220796.000.000) 07/31 06:54:00 Job terminated.
	(1) Normal termination (return value 90)
		Usr 0 00:00:01, Sys 0 00:00:18  -  Run Remote Usage
		Usr 0 00:00:00, Sys 0 00:00:00  -  Run Local Usage
		Usr 0 00:00:01, Sys 0 00:00:18  -  Total Remote Usage
		Usr 0 00:00:00, Sys 0 00:00:00  -  Total Local Usage
	23625  -  Run Bytes Sent By Job
	8930  -  Run Bytes Received By Job
	23625  -  Total Bytes Sent By Job
	8930  -  Total Bytes Received By Job
	Partitionable Resources :    Usage  Request Allocated
	   Cpus                 :                 1         1
	   Disk (KB)            :  6130712 10000000  10410261
	   Memory (MB)          :       70     2100      2100
...
000 (221358.000.000) 07/31 07:07:41 Job submitted from host: <131.225.189.232:9618?addrs=131.225.189.232-9618&noUDP&sock=8982_aaf4_3>
...
001 (221358.000.000) 07/31 07:08:15 Job executing on host: <131.225.191.138:60659?addrs=131.225.191.138-60659>
...
006 (221358.000.000) 07/31 07:08:24 Image size of job updated: 447532
	71  -  MemoryUsage of job (MB)
	72344  -  ResidentSetSize of job (KB)
...
000 (221913.000.000) 07/31 07:12:22 Job submitted from host: <131.225.189.232:9618?addrs=131.225.189.232-9618&noUDP&sock=8982_aaf4_3>
...
001 (221913.000.000) 07/31 07:12:54 Job executing on host: <131.225.191.76:5321?addrs=131.225.191.76-5321>
...
006 (221913.000.000) 07/31 07:13:02 Image size of job updated: 447524
	71  -  MemoryUsage of job (MB)
	72348  -  ResidentSetSize of job (KB)
...
005 (221358.000.000) 07/31 07:14:53 Job terminated.
	(1) Normal termination (return value 90)
		Usr 0 00:00:02, Sys 0 00:00:22  -  Run Remote Usage
		Usr 0 00:00:00, Sys 0 00:00:00  -  Run Local Usage
		Usr 0 00:00:02, Sys 0 00:00:22  -  Total Remote Usage
		Usr 0 00:00:00, Sys 0 00:00:00  -  Total Local Usage
	30587  -  Run Bytes Sent By Job
	8930  -  Run Bytes Received By Job
	30587  -  Total Bytes Sent By Job
	8930  -  Total Bytes Received By Job
	Partitionable Resources :    Usage  Request Allocated
	   Cpus                 :                 1         1
	   Disk (KB)            :  6467710 10000000  12124916
	   Memory (MB)          :       71     2100      2100
...
006 (221913.000.000) 07/31 07:16:03 Image size of job updated: 770736
	71  -  MemoryUsage of job (MB)
	72348  -  ResidentSetSize of job (KB)
...
005 (221913.000.000) 07/31 07:16:24 Job terminated.
	(1) Normal termination (return value 65)
		Usr 0 00:00:17, Sys 0 00:00:25  -  Run Remote Usage
		Usr 0 00:00:00, Sys 0 00:00:00  -  Run Local Usage
		Usr 0 00:00:17, Sys 0 00:00:25  -  Total Remote Usage
		Usr 0 00:00:00, Sys 0 00:00:00  -  Total Local Usage
	14184  -  Run Bytes Sent By Job
	8930  -  Run Bytes Received By Job
	14184  -  Total Bytes Sent By Job
	8930  -  Total Bytes Received By Job
	Partitionable Resources :    Usage  Request Allocated
	   Cpus                 :                 1         1
	   Disk (KB)            :  6644221 10000000  15603540
	   Memory (MB)          :       71     2100      2100
...
