000 (220861.000.000) 07/31 06:49:25 Job submitted from host: <131.225.189.232:9618?addrs=131.225.189.232-9618&noUDP&sock=8982_aaf4_3>
...
001 (220861.000.000) 07/31 06:49:46 Job executing on host: <131.225.190.36:65020?addrs=131.225.190.36-65020>
...
006 (220861.000.000) 07/31 06:49:55 Image size of job updated: 2
	3  -  MemoryUsage of job (MB)
	2424  -  ResidentSetSize of job (KB)
...
006 (220861.000.000) 07/31 06:50:57 Image size of job updated: 447524
	70  -  MemoryUsage of job (MB)
	71356  -  ResidentSetSize of job (KB)
...
005 (220861.000.000) 07/31 06:51:55 Job terminated.
	(1) Normal termination (return value 90)
		Usr 0 00:00:02, Sys 0 00:00:23  -  Run Remote Usage
		Usr 0 00:00:00, Sys 0 00:00:00  -  Run Local Usage
		Usr 0 00:00:02, Sys 0 00:00:23  -  Total Remote Usage
		Usr 0 00:00:00, Sys 0 00:00:00  -  Total Local Usage
	13121  -  Run Bytes Sent By Job
	8930  -  Run Bytes Received By Job
	13121  -  Total Bytes Sent By Job
	8930  -  Total Bytes Received By Job
	Partitionable Resources :    Usage  Request Allocated
	   Cpus                 :                 1         1
	   Disk (KB)            :  3525643 10000000  15128842
	   Memory (MB)          :       70     2100      2100
...
000 (221423.000.000) 07/31 07:07:52 Job submitted from host: <131.225.189.232:9618?addrs=131.225.189.232-9618&noUDP&sock=8982_aaf4_3>
...
001 (221423.000.000) 07/31 07:08:28 Job executing on host: <131.225.205.192:16216?addrs=131.225.205.192-16216>
...
006 (221423.000.000) 07/31 07:08:37 Image size of job updated: 447524
	71  -  MemoryUsage of job (MB)
	72344  -  ResidentSetSize of job (KB)
...
005 (221423.000.000) 07/31 07:10:22 Job terminated.
	(1) Normal termination (return value 90)
		Usr 0 00:00:00, Sys 0 00:00:21  -  Run Remote Usage
		Usr 0 00:00:00, Sys 0 00:00:00  -  Run Local Usage
		Usr 0 00:00:00, Sys 0 00:00:21  -  Total Remote Usage
		Usr 0 00:00:00, Sys 0 00:00:00  -  Total Local Usage
	11920  -  Run Bytes Sent By Job
	8930  -  Run Bytes Received By Job
	11920  -  Total Bytes Sent By Job
	8930  -  Total Bytes Received By Job
	Partitionable Resources :    Usage  Request Allocated
	   Cpus                 :                 1         1
	   Disk (KB)            :  4321386 10000000  17054854
	   Memory (MB)          :       71     2100      2100
...
000 (221978.000.000) 07/31 07:12:32 Job submitted from host: <131.225.189.232:9618?addrs=131.225.189.232-9618&noUDP&sock=8982_aaf4_3>
...
001 (221978.000.000) 07/31 07:13:50 Job executing on host: <131.225.207.118:63186?addrs=131.225.207.118-63186>
...
006 (221978.000.000) 07/31 07:13:59 Image size of job updated: 381924
	15  -  MemoryUsage of job (MB)
	14932  -  ResidentSetSize of job (KB)
...
006 (221978.000.000) 07/31 07:14:59 Image size of job updated: 447524
	69  -  MemoryUsage of job (MB)
	70316  -  ResidentSetSize of job (KB)
...
006 (221978.000.000) 07/31 07:18:59 Image size of job updated: 772788
	480  -  MemoryUsage of job (MB)
	491284  -  ResidentSetSize of job (KB)
...
005 (221978.000.000) 07/31 07:19:08 Job terminated.
	(1) Normal termination (return value 65)
		Usr 0 00:00:14, Sys 0 00:00:21  -  Run Remote Usage
		Usr 0 00:00:00, Sys 0 00:00:00  -  Run Local Usage
		Usr 0 00:00:14, Sys 0 00:00:21  -  Total Remote Usage
		Usr 0 00:00:00, Sys 0 00:00:00  -  Total Local Usage
	22944  -  Run Bytes Sent By Job
	8930  -  Run Bytes Received By Job
	22944  -  Total Bytes Sent By Job
	8930  -  Total Bytes Received By Job
	Partitionable Resources :    Usage  Request Allocated
	   Cpus                 :                 1         1
	   Disk (KB)            :  6649706 10000000  12795580
	   Memory (MB)          :      480     2100      2100
...
