000 (220686.000.000) 07/31 06:48:48 Job submitted from host: <131.225.189.232:9618?addrs=131.225.189.232-9618&noUDP&sock=8982_aaf4_3>
...
001 (220686.000.000) 07/31 06:50:23 Job executing on host: <131.225.204.117:50580?addrs=131.225.204.117-50580>
...
006 (220686.000.000) 07/31 06:50:40 Image size of job updated: 2
	3  -  MemoryUsage of job (MB)
	2424  -  ResidentSetSize of job (KB)
...
006 (220686.000.000) 07/31 06:51:40 Image size of job updated: 447524
	71  -  MemoryUsage of job (MB)
	72352  -  ResidentSetSize of job (KB)
...
005 (220686.000.000) 07/31 06:55:50 Job terminated.
	(1) Normal termination (return value 90)
		Usr 0 00:00:01, Sys 0 00:00:21  -  Run Remote Usage
		Usr 0 00:00:00, Sys 0 00:00:00  -  Run Local Usage
		Usr 0 00:00:01, Sys 0 00:00:21  -  Total Remote Usage
		Usr 0 00:00:00, Sys 0 00:00:00  -  Total Local Usage
	26003  -  Run Bytes Sent By Job
	8930  -  Run Bytes Received By Job
	26003  -  Total Bytes Sent By Job
	8930  -  Total Bytes Received By Job
	Partitionable Resources :    Usage  Request Allocated
	   Cpus                 :                 1         1
	   Disk (KB)            :  6147099 10000000  12514388
	   Memory (MB)          :       71     2100      2100
...
000 (221248.000.000) 07/31 07:07:21 Job submitted from host: <131.225.189.232:9618?addrs=131.225.189.232-9618&noUDP&sock=8982_aaf4_3>
...
001 (221248.000.000) 07/31 07:07:53 Job executing on host: <131.225.207.66:14919?addrs=131.225.207.66-14919>
...
006 (221248.000.000) 07/31 07:08:02 Image size of job updated: 2
	3  -  MemoryUsage of job (MB)
	2420  -  ResidentSetSize of job (KB)
...
006 (221248.000.000) 07/31 07:09:03 Image size of job updated: 447524
	71  -  MemoryUsage of job (MB)
	72344  -  ResidentSetSize of job (KB)
...
000 (221803.000.000) 07/31 07:12:02 Job submitted from host: <131.225.189.232:9618?addrs=131.225.189.232-9618&noUDP&sock=8982_aaf4_3>
...
001 (221803.000.000) 07/31 07:12:22 Job executing on host: <131.225.191.78:22712?addrs=131.225.191.78-22712>
...
006 (221803.000.000) 07/31 07:12:31 Image size of job updated: 447524
	71  -  MemoryUsage of job (MB)
	72340  -  ResidentSetSize of job (KB)
...
005 (221248.000.000) 07/31 07:12:39 Job terminated.
	(1) Normal termination (return value 90)
		Usr 0 00:00:01, Sys 0 00:00:19  -  Run Remote Usage
		Usr 0 00:00:00, Sys 0 00:00:00  -  Run Local Usage
		Usr 0 00:00:01, Sys 0 00:00:19  -  Total Remote Usage
		Usr 0 00:00:00, Sys 0 00:00:00  -  Total Local Usage
	26543  -  Run Bytes Sent By Job
	8930  -  Run Bytes Received By Job
	26543  -  Total Bytes Sent By Job
	8930  -  Total Bytes Received By Job
	Partitionable Resources :    Usage  Request Allocated
	   Cpus                 :                 1         1
	   Disk (KB)            :  5664888 10000000  10222773
	   Memory (MB)          :       71     2100      2100
...
006 (221803.000.000) 07/31 07:14:33 Image size of job updated: 621216
	345  -  MemoryUsage of job (MB)
	352564  -  ResidentSetSize of job (KB)
...
006 (221803.000.000) 07/31 07:14:46 Image size of job updated: 769968
	345  -  MemoryUsage of job (MB)
	352564  -  ResidentSetSize of job (KB)
...
005 (221803.000.000) 07/31 07:14:47 Job terminated.
	(1) Normal termination (return value 65)
		Usr 0 00:00:14, Sys 0 00:00:25  -  Run Remote Usage
		Usr 0 00:00:00, Sys 0 00:00:00  -  Run Local Usage
		Usr 0 00:00:14, Sys 0 00:00:25  -  Total Remote Usage
		Usr 0 00:00:00, Sys 0 00:00:00  -  Total Local Usage
	11537  -  Run Bytes Sent By Job
	8930  -  Run Bytes Received By Job
	11537  -  Total Bytes Sent By Job
	8930  -  Total Bytes Received By Job
	Partitionable Resources :    Usage  Request Allocated
	   Cpus                 :                 1         1
	   Disk (KB)            :  6354400 10000000  15724934
	   Memory (MB)          :      345     2100      2100
...
000 (222365.000.000) 07/31 08:32:41 Job submitted from host: <131.225.189.232:9618?addrs=131.225.189.232-9618&noUDP&sock=8982_aaf4_3>
...
001 (222365.000.000) 07/31 08:33:16 Job executing on host: <131.225.204.78:15307?addrs=131.225.204.78-15307>
...
006 (222365.000.000) 07/31 08:33:25 Image size of job updated: 447524
	71  -  MemoryUsage of job (MB)
	72348  -  ResidentSetSize of job (KB)
...
006 (222365.000.000) 07/31 08:35:25 Image size of job updated: 447524
	100  -  MemoryUsage of job (MB)
	101892  -  ResidentSetSize of job (KB)
...
006 (222365.000.000) 07/31 08:36:19 Image size of job updated: 769972
	100  -  MemoryUsage of job (MB)
	101892  -  ResidentSetSize of job (KB)
...
005 (222365.000.000) 07/31 08:36:19 Job terminated.
	(1) Normal termination (return value 65)
		Usr 0 00:00:13, Sys 0 00:00:18  -  Run Remote Usage
		Usr 0 00:00:00, Sys 0 00:00:00  -  Run Local Usage
		Usr 0 00:00:13, Sys 0 00:00:18  -  Total Remote Usage
		Usr 0 00:00:00, Sys 0 00:00:00  -  Total Local Usage
	12843  -  Run Bytes Sent By Job
	8930  -  Run Bytes Received By Job
	12843  -  Total Bytes Sent By Job
	8930  -  Total Bytes Received By Job
	Partitionable Resources :    Usage  Request Allocated
	   Cpus                 :                 1         1
	   Disk (KB)            :  6357268 10000000  10246476
	   Memory (MB)          :      100     2100      2100
...
000 (222920.000.000) 07/31 08:49:50 Job submitted from host: <131.225.189.232:9618?addrs=131.225.189.232-9618&noUDP&sock=8982_aaf4_3>
...
001 (222920.000.000) 07/31 08:50:29 Job executing on host: <131.225.207.54:28276?addrs=131.225.207.54-28276>
...
006 (222920.000.000) 07/31 08:50:37 Image size of job updated: 447532
	23  -  MemoryUsage of job (MB)
	23196  -  ResidentSetSize of job (KB)
...
006 (222920.000.000) 07/31 08:51:37 Image size of job updated: 447532
	69  -  MemoryUsage of job (MB)
	70404  -  ResidentSetSize of job (KB)
...
006 (222920.000.000) 07/31 08:55:19 Image size of job updated: 769968
	69  -  MemoryUsage of job (MB)
	70404  -  ResidentSetSize of job (KB)
...
005 (222920.000.000) 07/31 08:55:20 Job terminated.
	(1) Normal termination (return value 65)
		Usr 0 00:00:12, Sys 0 00:00:18  -  Run Remote Usage
		Usr 0 00:00:00, Sys 0 00:00:00  -  Run Local Usage
		Usr 0 00:00:12, Sys 0 00:00:18  -  Total Remote Usage
		Usr 0 00:00:00, Sys 0 00:00:00  -  Total Local Usage
	22574  -  Run Bytes Sent By Job
	44439  -  Run Bytes Received By Job
	22574  -  Total Bytes Sent By Job
	44439  -  Total Bytes Received By Job
	Partitionable Resources :    Usage  Request Allocated
	   Cpus                 :                 1         1
	   Disk (KB)            :  6357115 10000000  13173540
	   Memory (MB)          :       69     2100      2100
...
000 (223475.000.000) 07/31 09:06:19 Job submitted from host: <131.225.189.232:9618?addrs=131.225.189.232-9618&noUDP&sock=8982_aaf4_3>
...
