000 (220502.000.000) 07/31 06:48:10 Job submitted from host: <131.225.189.232:9618?addrs=131.225.189.232-9618&noUDP&sock=8982_aaf4_3>
...
001 (220502.000.000) 07/31 06:48:32 Job executing on host: <131.225.207.152:47169?addrs=131.225.207.152-47169>
...
006 (220502.000.000) 07/31 06:48:41 Image size of job updated: 447524
	71  -  MemoryUsage of job (MB)
	72352  -  ResidentSetSize of job (KB)
...
005 (220502.000.000) 07/31 06:49:32 Job terminated.
	(1) Normal termination (return value 90)
		Usr 0 00:00:00, Sys 0 00:00:09  -  Run Remote Usage
		Usr 0 00:00:00, Sys 0 00:00:00  -  Run Local Usage
		Usr 0 00:00:00, Sys 0 00:00:09  -  Total Remote Usage
		Usr 0 00:00:00, Sys 0 00:00:00  -  Total Local Usage
	6886  -  Run Bytes Sent By Job
	8930  -  Run Bytes Received By Job
	6886  -  Total Bytes Sent By Job
	8930  -  Total Bytes Received By Job
	Partitionable Resources :    Usage  Request Allocated
	   Cpus                 :                 1         1
	   Disk (KB)            :   527365 10000000  10113369
	   Memory (MB)          :       71     2100      2100
...
000 (221064.000.000) 07/31 07:06:49 Job submitted from host: <131.225.189.232:9618?addrs=131.225.189.232-9618&noUDP&sock=8982_aaf4_3>
...
001 (221064.000.000) 07/31 07:07:06 Job executing on host: <131.225.204.115:58366?addrs=131.225.204.115-58366>
...
006 (221064.000.000) 07/31 07:07:15 Image size of job updated: 447524
	71  -  MemoryUsage of job (MB)
	72344  -  ResidentSetSize of job (KB)
...
005 (221064.000.000) 07/31 07:08:00 Job terminated.
	(1) Normal termination (return value 90)
		Usr 0 00:00:00, Sys 0 00:00:09  -  Run Remote Usage
		Usr 0 00:00:00, Sys 0 00:00:00  -  Run Local Usage
		Usr 0 00:00:00, Sys 0 00:00:09  -  Total Remote Usage
		Usr 0 00:00:00, Sys 0 00:00:00  -  Total Local Usage
	6879  -  Run Bytes Sent By Job
	8930  -  Run Bytes Received By Job
	6879  -  Total Bytes Sent By Job
	8930  -  Total Bytes Received By Job
	Partitionable Resources :    Usage  Request Allocated
	   Cpus                 :                 1         1
	   Disk (KB)            :   618596 10000000  10296954
	   Memory (MB)          :       71     2100      2100
...
000 (221619.000.000) 07/31 07:11:31 Job submitted from host: <131.225.189.232:9618?addrs=131.225.189.232-9618&noUDP&sock=8982_aaf4_3>
...
001 (221619.000.000) 07/31 07:11:41 Job executing on host: <131.225.205.186:5315?addrs=131.225.205.186-5315>
...
006 (221619.000.000) 07/31 07:11:50 Image size of job updated: 447524
	70  -  MemoryUsage of job (MB)
	71260  -  ResidentSetSize of job (KB)
...
006 (221619.000.000) 07/31 07:13:51 Image size of job updated: 464372
	160  -  MemoryUsage of job (MB)
	163640  -  ResidentSetSize of job (KB)
...
006 (221619.000.000) 07/31 07:14:33 Image size of job updated: 731056
	160  -  MemoryUsage of job (MB)
	163640  -  ResidentSetSize of job (KB)
...
005 (221619.000.000) 07/31 07:14:34 Job terminated.
	(1) Normal termination (return value 65)
		Usr 0 00:00:14, Sys 0 00:00:13  -  Run Remote Usage
		Usr 0 00:00:00, Sys 0 00:00:00  -  Run Local Usage
		Usr 0 00:00:14, Sys 0 00:00:13  -  Total Remote Usage
		Usr 0 00:00:00, Sys 0 00:00:00  -  Total Local Usage
	10537  -  Run Bytes Sent By Job
	8930  -  Run Bytes Received By Job
	10537  -  Total Bytes Sent By Job
	8930  -  Total Bytes Received By Job
	Partitionable Resources :    Usage  Request Allocated
	   Cpus                 :                 1         1
	   Disk (KB)            :  3770768 10000000  17053269
	   Memory (MB)          :      160     2100      2100
...
000 (222181.000.000) 07/31 08:32:28 Job submitted from host: <131.225.189.232:9618?addrs=131.225.189.232-9618&noUDP&sock=8982_aaf4_3>
...
001 (222181.000.000) 07/31 08:32:40 Job executing on host: <131.225.206.17:46936?addrs=131.225.206.17-46936>
...
006 (222181.000.000) 07/31 08:32:49 Image size of job updated: 447524
	73  -  MemoryUsage of job (MB)
	74364  -  ResidentSetSize of job (KB)
...
006 (222181.000.000) 07/31 08:34:51 Image size of job updated: 493960
	262  -  MemoryUsage of job (MB)
	267920  -  ResidentSetSize of job (KB)
...
006 (222181.000.000) 07/31 08:35:15 Image size of job updated: 765612
	262  -  MemoryUsage of job (MB)
	267920  -  ResidentSetSize of job (KB)
...
005 (222181.000.000) 07/31 08:35:16 Job terminated.
	(1) Normal termination (return value 65)
		Usr 0 00:00:11, Sys 0 00:00:13  -  Run Remote Usage
		Usr 0 00:00:00, Sys 0 00:00:00  -  Run Local Usage
		Usr 0 00:00:11, Sys 0 00:00:13  -  Total Remote Usage
		Usr 0 00:00:00, Sys 0 00:00:00  -  Total Local Usage
	11609  -  Run Bytes Sent By Job
	8930  -  Run Bytes Received By Job
	11609  -  Total Bytes Sent By Job
	8930  -  Total Bytes Received By Job
	Partitionable Resources :    Usage  Request Allocated
	   Cpus                 :                 1         1
	   Disk (KB)            :  3773637 10000000  10030872
	   Memory (MB)          :      262     2100      2100
...
000 (222736.000.000) 07/31 08:49:38 Job submitted from host: <131.225.189.232:9618?addrs=131.225.189.232-9618&noUDP&sock=8982_aaf4_3>
...
001 (222736.000.000) 07/31 08:49:52 Job executing on host: <131.225.204.44:36218?addrs=131.225.204.44-36218>
...
006 (222736.000.000) 07/31 08:50:00 Image size of job updated: 447524
	71  -  MemoryUsage of job (MB)
	72340  -  ResidentSetSize of job (KB)
...
006 (222736.000.000) 07/31 08:51:00 Image size of job updated: 447524
	165  -  MemoryUsage of job (MB)
	168052  -  ResidentSetSize of job (KB)
...
006 (222736.000.000) 07/31 08:51:14 Image size of job updated: 765616
	165  -  MemoryUsage of job (MB)
	168052  -  ResidentSetSize of job (KB)
...
005 (222736.000.000) 07/31 08:51:15 Job terminated.
	(1) Normal termination (return value 65)
		Usr 0 00:00:12, Sys 0 00:00:09  -  Run Remote Usage
		Usr 0 00:00:00, Sys 0 00:00:00  -  Run Local Usage
		Usr 0 00:00:12, Sys 0 00:00:09  -  Total Remote Usage
		Usr 0 00:00:00, Sys 0 00:00:00  -  Total Local Usage
	8040  -  Run Bytes Sent By Job
	44439  -  Run Bytes Received By Job
	8040  -  Total Bytes Sent By Job
	44439  -  Total Bytes Received By Job
	Partitionable Resources :    Usage  Request Allocated
	   Cpus                 :                 1         1
	   Disk (KB)            :  3773471 10000000  13251672
	   Memory (MB)          :      165     2100      2100
...
000 (223291.000.000) 07/31 09:06:09 Job submitted from host: <131.225.189.232:9618?addrs=131.225.189.232-9618&noUDP&sock=8982_aaf4_3>
...
001 (223291.000.000) 07/31 09:08:50 Job executing on host: <131.225.205.196:48973?addrs=131.225.205.196-48973>
...
006 (223291.000.000) 07/31 09:08:59 Image size of job updated: 447532
	69  -  MemoryUsage of job (MB)
	70280  -  ResidentSetSize of job (KB)
...
006 (223291.000.000) 07/31 09:10:00 Image size of job updated: 447532
	69  -  MemoryUsage of job (MB)
	70304  -  ResidentSetSize of job (KB)
...
