000 (220799.000.000) 07/31 06:49:13 Job submitted from host: <131.225.189.232:9618?addrs=131.225.189.232-9618&noUDP&sock=8982_aaf4_3>
...
001 (220799.000.000) 07/31 06:49:33 Job executing on host: <131.225.204.65:16439?addrs=131.225.204.65-16439>
...
006 (220799.000.000) 07/31 06:49:42 Image size of job updated: 447536
	15  -  MemoryUsage of job (MB)
	15004  -  ResidentSetSize of job (KB)
...
006 (220799.000.000) 07/31 06:50:43 Image size of job updated: 447536
	71  -  MemoryUsage of job (MB)
	72348  -  ResidentSetSize of job (KB)
...
005 (220799.000.000) 07/31 06:51:33 Job terminated.
	(1) Normal termination (return value 90)
		Usr 0 00:00:01, Sys 0 00:00:18  -  Run Remote Usage
		Usr 0 00:00:00, Sys 0 00:00:00  -  Run Local Usage
		Usr 0 00:00:01, Sys 0 00:00:18  -  Total Remote Usage
		Usr 0 00:00:00, Sys 0 00:00:00  -  Total Local Usage
	12016  -  Run Bytes Sent By Job
	8930  -  Run Bytes Received By Job
	12016  -  Total Bytes Sent By Job
	8930  -  Total Bytes Received By Job
	Partitionable Resources :    Usage  Request Allocated
	   Cpus                 :                 1         1
	   Disk (KB)            :  3673098 10000000  10490769
	   Memory (MB)          :       71     2100      2100
...
000 (221361.000.000) 07/31 07:07:41 Job submitted from host: <131.225.189.232:9618?addrs=131.225.189.232-9618&noUDP&sock=8982_aaf4_3>
...
001 (221361.000.000) 07/31 07:08:15 Job executing on host: <131.225.191.146:62855?addrs=131.225.191.146-62855>
...
006 (221361.000.000) 07/31 07:08:24 Image size of job updated: 447524
	71  -  MemoryUsage of job (MB)
	72344  -  ResidentSetSize of job (KB)
...
005 (221361.000.000) 07/31 07:10:46 Job terminated.
	(1) Normal termination (return value 90)
		Usr 0 00:00:01, Sys 0 00:00:18  -  Run Remote Usage
		Usr 0 00:00:00, Sys 0 00:00:00  -  Run Local Usage
		Usr 0 00:00:01, Sys 0 00:00:18  -  Total Remote Usage
		Usr 0 00:00:00, Sys 0 00:00:00  -  Total Local Usage
	14328  -  Run Bytes Sent By Job
	8930  -  Run Bytes Received By Job
	14328  -  Total Bytes Sent By Job
	8930  -  Total Bytes Received By Job
	Partitionable Resources :    Usage  Request Allocated
	   Cpus                 :                 1         1
	   Disk (KB)            :  6120182 10000000  12022828
	   Memory (MB)          :       71     2100      2100
...
000 (221916.000.000) 07/31 07:12:22 Job submitted from host: <131.225.189.232:9618?addrs=131.225.189.232-9618&noUDP&sock=8982_aaf4_3>
...
001 (221916.000.000) 07/31 07:12:54 Job executing on host: <131.225.207.179:14180?addrs=131.225.207.179-14180>
...
006 (221916.000.000) 07/31 07:13:04 Image size of job updated: 381924
	15  -  MemoryUsage of job (MB)
	14944  -  ResidentSetSize of job (KB)
...
006 (221916.000.000) 07/31 07:14:04 Image size of job updated: 447524
	70  -  MemoryUsage of job (MB)
	71360  -  ResidentSetSize of job (KB)
...
006 (221916.000.000) 07/31 07:15:04 Image size of job updated: 576928
	301  -  MemoryUsage of job (MB)
	307500  -  ResidentSetSize of job (KB)
...
005 (221916.000.000) 07/31 07:15:06 Job terminated.
	(1) Normal termination (return value 65)
		Usr 0 00:00:05, Sys 0 00:00:20  -  Run Remote Usage
		Usr 0 00:00:00, Sys 0 00:00:00  -  Run Local Usage
		Usr 0 00:00:05, Sys 0 00:00:20  -  Total Remote Usage
		Usr 0 00:00:00, Sys 0 00:00:00  -  Total Local Usage
	9158  -  Run Bytes Sent By Job
	8930  -  Run Bytes Received By Job
	9158  -  Total Bytes Sent By Job
	8930  -  Total Bytes Received By Job
	Partitionable Resources :    Usage  Request Allocated
	   Cpus                 :                 1         1
	   Disk (KB)            :  6677419 10000000  10168548
	   Memory (MB)          :      301     2100      2100
...
