000 (220904.000.000) 07/31 06:49:35 Job submitted from host: <131.225.189.232:9618?addrs=131.225.189.232-9618&noUDP&sock=8982_aaf4_3>
...
001 (220904.000.000) 07/31 06:50:15 Job executing on host: <131.225.206.94:64699?addrs=131.225.206.94-64699>
...
006 (220904.000.000) 07/31 06:50:23 Image size of job updated: 102476
	3  -  MemoryUsage of job (MB)
	2468  -  ResidentSetSize of job (KB)
...
006 (220904.000.000) 07/31 06:51:23 Image size of job updated: 447524
	71  -  MemoryUsage of job (MB)
	72348  -  ResidentSetSize of job (KB)
...
005 (220904.000.000) 07/31 06:51:36 Job terminated.
	(1) Normal termination (return value 90)
		Usr 0 00:00:01, Sys 0 00:00:17  -  Run Remote Usage
		Usr 0 00:00:00, Sys 0 00:00:00  -  Run Local Usage
		Usr 0 00:00:01, Sys 0 00:00:17  -  Total Remote Usage
		Usr 0 00:00:00, Sys 0 00:00:00  -  Total Local Usage
	9014  -  Run Bytes Sent By Job
	8930  -  Run Bytes Received By Job
	9014  -  Total Bytes Sent By Job
	8930  -  Total Bytes Received By Job
	Partitionable Resources :    Usage  Request Allocated
	   Cpus                 :                 1         1
	   Disk (KB)            :  5753866 10000000  10353396
	   Memory (MB)          :       71     2100      2100
...
000 (221466.000.000) 07/31 07:07:59 Job submitted from host: <131.225.189.232:9618?addrs=131.225.189.232-9618&noUDP&sock=8982_aaf4_3>
...
001 (221466.000.000) 07/31 07:08:41 Job executing on host: <131.225.191.76:5321?addrs=131.225.191.76-5321>
...
006 (221466.000.000) 07/31 07:08:49 Image size of job updated: 102480
	3  -  MemoryUsage of job (MB)
	2468  -  ResidentSetSize of job (KB)
...
006 (221466.000.000) 07/31 07:09:50 Image size of job updated: 447524
	71  -  MemoryUsage of job (MB)
	72344  -  ResidentSetSize of job (KB)
...
005 (221466.000.000) 07/31 07:11:13 Job terminated.
	(1) Normal termination (return value 90)
		Usr 0 00:00:01, Sys 0 00:00:25  -  Run Remote Usage
		Usr 0 00:00:00, Sys 0 00:00:00  -  Run Local Usage
		Usr 0 00:00:01, Sys 0 00:00:25  -  Total Remote Usage
		Usr 0 00:00:00, Sys 0 00:00:00  -  Total Local Usage
	15484  -  Run Bytes Sent By Job
	8930  -  Run Bytes Received By Job
	15484  -  Total Bytes Sent By Job
	8930  -  Total Bytes Received By Job
	Partitionable Resources :    Usage  Request Allocated
	   Cpus                 :                 1         1
	   Disk (KB)            :  5517423 10000000  15603600
	   Memory (MB)          :       71     2100      2100
...
000 (222021.000.000) 07/31 07:12:40 Job submitted from host: <131.225.189.232:9618?addrs=131.225.189.232-9618&noUDP&sock=8982_aaf4_3>
...
001 (222021.000.000) 07/31 07:14:01 Job executing on host: <131.225.204.82:42014?addrs=131.225.204.82-42014>
...
006 (222021.000.000) 07/31 07:14:10 Image size of job updated: 447528
	11  -  MemoryUsage of job (MB)
	10908  -  ResidentSetSize of job (KB)
...
006 (222021.000.000) 07/31 07:15:11 Image size of job updated: 447528
	71  -  MemoryUsage of job (MB)
	72348  -  ResidentSetSize of job (KB)
...
006 (222021.000.000) 07/31 07:18:16 Image size of job updated: 549624
	271  -  MemoryUsage of job (MB)
	276556  -  ResidentSetSize of job (KB)
...
006 (222021.000.000) 07/31 07:18:29 Image size of job updated: 772788
	271  -  MemoryUsage of job (MB)
	276556  -  ResidentSetSize of job (KB)
...
005 (222021.000.000) 07/31 07:18:30 Job terminated.
	(1) Normal termination (return value 65)
		Usr 0 00:00:11, Sys 0 00:00:19  -  Run Remote Usage
		Usr 0 00:00:00, Sys 0 00:00:00  -  Run Local Usage
		Usr 0 00:00:11, Sys 0 00:00:19  -  Total Remote Usage
		Usr 0 00:00:00, Sys 0 00:00:00  -  Total Local Usage
	21688  -  Run Bytes Sent By Job
	8930  -  Run Bytes Received By Job
	21688  -  Total Bytes Sent By Job
	8930  -  Total Bytes Received By Job
	Partitionable Resources :    Usage  Request Allocated
	   Cpus                 :                 1         1
	   Disk (KB)            :  6643471 10000000  10403736
	   Memory (MB)          :      271     2100      2100
...
000 (222583.000.000) 07/31 08:32:55 Job submitted from host: <131.225.189.232:9618?addrs=131.225.189.232-9618&noUDP&sock=8982_aaf4_3>
...
001 (222583.000.000) 07/31 08:34:04 Job executing on host: <131.225.190.15:35961?addrs=131.225.190.15-35961>
...
006 (222583.000.000) 07/31 08:34:13 Image size of job updated: 2
	3  -  MemoryUsage of job (MB)
	2428  -  ResidentSetSize of job (KB)
...
006 (222583.000.000) 07/31 08:35:13 Image size of job updated: 447524
	70  -  MemoryUsage of job (MB)
	71352  -  ResidentSetSize of job (KB)
...
006 (222583.000.000) 07/31 08:36:13 Image size of job updated: 447524
	165  -  MemoryUsage of job (MB)
	168284  -  ResidentSetSize of job (KB)
...
006 (222583.000.000) 07/31 08:36:26 Image size of job updated: 672424
	165  -  MemoryUsage of job (MB)
	168284  -  ResidentSetSize of job (KB)
...
005 (222583.000.000) 07/31 08:36:27 Job terminated.
	(1) Normal termination (return value 65)
		Usr 0 00:00:10, Sys 0 00:00:22  -  Run Remote Usage
		Usr 0 00:00:00, Sys 0 00:00:00  -  Run Local Usage
		Usr 0 00:00:10, Sys 0 00:00:22  -  Total Remote Usage
		Usr 0 00:00:00, Sys 0 00:00:00  -  Total Local Usage
	12759  -  Run Bytes Sent By Job
	8930  -  Run Bytes Received By Job
	12759  -  Total Bytes Sent By Job
	8930  -  Total Bytes Received By Job
	Partitionable Resources :    Usage  Request Allocated
	   Cpus                 :                 1         1
	   Disk (KB)            :  6646330 10000000  15948590
	   Memory (MB)          :      165     2100      2100
...
000 (223138.000.000) 07/31 08:50:00 Job submitted from host: <131.225.189.232:9618?addrs=131.225.189.232-9618&noUDP&sock=8982_aaf4_3>
...
001 (223138.000.000) 07/31 08:51:12 Job executing on host: <131.225.191.153:31312?addrs=131.225.191.153-31312>
...
006 (223138.000.000) 07/31 08:51:23 Image size of job updated: 2
	3  -  MemoryUsage of job (MB)
	2420  -  ResidentSetSize of job (KB)
...
006 (223138.000.000) 07/31 08:52:22 Image size of job updated: 447524
	71  -  MemoryUsage of job (MB)
	72348  -  ResidentSetSize of job (KB)
...
006 (223138.000.000) 07/31 08:56:30 Image size of job updated: 447524
	164  -  MemoryUsage of job (MB)
	167624  -  ResidentSetSize of job (KB)
...
006 (223138.000.000) 07/31 08:57:02 Image size of job updated: 780212
	164  -  MemoryUsage of job (MB)
	167624  -  ResidentSetSize of job (KB)
...
005 (223138.000.000) 07/31 08:57:24 Job terminated.
	(1) Normal termination (return value 65)
		Usr 0 00:00:14, Sys 0 00:00:21  -  Run Remote Usage
		Usr 0 00:00:00, Sys 0 00:00:00  -  Run Local Usage
		Usr 0 00:00:14, Sys 0 00:00:21  -  Total Remote Usage
		Usr 0 00:00:00, Sys 0 00:00:00  -  Total Local Usage
	18596  -  Run Bytes Sent By Job
	44439  -  Run Bytes Received By Job
	18596  -  Total Bytes Sent By Job
	44439  -  Total Bytes Received By Job
	Partitionable Resources :    Usage  Request Allocated
	   Cpus                 :                 1         1
	   Disk (KB)            :  6646173 10000000  11823056
	   Memory (MB)          :      164     2100      2100
...
000 (223693.000.000) 07/31 09:06:28 Job submitted from host: <131.225.189.232:9618?addrs=131.225.189.232-9618&noUDP&sock=8982_aaf4_3>
...
