000 (220684.000.000) 07/31 06:48:48 Job submitted from host: <131.225.189.232:9618?addrs=131.225.189.232-9618&noUDP&sock=8982_aaf4_3>
...
001 (220684.000.000) 07/31 06:49:09 Job executing on host: <131.225.204.123:52965?addrs=131.225.204.123-52965>
...
006 (220684.000.000) 07/31 06:49:18 Image size of job updated: 2
	3  -  MemoryUsage of job (MB)
	2424  -  ResidentSetSize of job (KB)
...
006 (220684.000.000) 07/31 06:50:19 Image size of job updated: 447524
	71  -  MemoryUsage of job (MB)
	72348  -  ResidentSetSize of job (KB)
...
005 (220684.000.000) 07/31 06:52:01 Job terminated.
	(1) Normal termination (return value 90)
		Usr 0 00:00:01, Sys 0 00:00:18  -  Run Remote Usage
		Usr 0 00:00:00, Sys 0 00:00:00  -  Run Local Usage
		Usr 0 00:00:01, Sys 0 00:00:18  -  Total Remote Usage
		Usr 0 00:00:00, Sys 0 00:00:00  -  Total Local Usage
	13453  -  Run Bytes Sent By Job
	8930  -  Run Bytes Received By Job
	13453  -  Total Bytes Sent By Job
	8930  -  Total Bytes Received By Job
	Partitionable Resources :    Usage  Request Allocated
	   Cpus                 :                 1         1
	   Disk (KB)            :  5950479 10000000  10302882
	   Memory (MB)          :       71     2100      2100
...
000 (221246.000.000) 07/31 07:07:21 Job submitted from host: <131.225.189.232:9618?addrs=131.225.189.232-9618&noUDP&sock=8982_aaf4_3>
...
001 (221246.000.000) 07/31 07:07:52 Job executing on host: <131.225.206.17:46936?addrs=131.225.206.17-46936>
...
006 (221246.000.000) 07/31 07:08:01 Image size of job updated: 447524
	71  -  MemoryUsage of job (MB)
	72352  -  ResidentSetSize of job (KB)
...
000 (221801.000.000) 07/31 07:12:02 Job submitted from host: <131.225.189.232:9618?addrs=131.225.189.232-9618&noUDP&sock=8982_aaf4_3>
...
001 (221801.000.000) 07/31 07:12:26 Job executing on host: <131.225.191.224:27141?addrs=131.225.191.224-27141>
...
006 (221801.000.000) 07/31 07:12:34 Image size of job updated: 447460
	30  -  MemoryUsage of job (MB)
	30280  -  ResidentSetSize of job (KB)
...
006 (221801.000.000) 07/31 07:13:34 Image size of job updated: 447524
	70  -  MemoryUsage of job (MB)
	71484  -  ResidentSetSize of job (KB)
...
005 (221246.000.000) 07/31 07:14:29 Job terminated.
	(1) Normal termination (return value 90)
		Usr 0 00:00:02, Sys 0 00:00:24  -  Run Remote Usage
		Usr 0 00:00:00, Sys 0 00:00:00  -  Run Local Usage
		Usr 0 00:00:02, Sys 0 00:00:24  -  Total Remote Usage
		Usr 0 00:00:00, Sys 0 00:00:00  -  Total Local Usage
	32754  -  Run Bytes Sent By Job
	8930  -  Run Bytes Received By Job
	32754  -  Total Bytes Sent By Job
	8930  -  Total Bytes Received By Job
	Partitionable Resources :    Usage  Request Allocated
	   Cpus                 :                 1         1
	   Disk (KB)            :  5861503 10000000  10161000
	   Memory (MB)          :       71     2100      2100
...
006 (221801.000.000) 07/31 07:20:39 Image size of job updated: 447524
	165  -  MemoryUsage of job (MB)
	168036  -  ResidentSetSize of job (KB)
...
006 (221801.000.000) 07/31 07:21:39 Image size of job updated: 769976
	165  -  MemoryUsage of job (MB)
	168036  -  ResidentSetSize of job (KB)
...
005 (221801.000.000) 07/31 07:21:41 Job terminated.
	(1) Normal termination (return value 65)
		Usr 0 00:00:18, Sys 0 00:00:34  -  Run Remote Usage
		Usr 0 00:00:00, Sys 0 00:00:00  -  Run Local Usage
		Usr 0 00:00:18, Sys 0 00:00:34  -  Total Remote Usage
		Usr 0 00:00:00, Sys 0 00:00:00  -  Total Local Usage
	26817  -  Run Bytes Sent By Job
	8930  -  Run Bytes Received By Job
	26817  -  Total Bytes Sent By Job
	8930  -  Total Bytes Received By Job
	Partitionable Resources :    Usage  Request Allocated
	   Cpus                 :                 1         1
	   Disk (KB)            :  6211255 10000000  15136646
	   Memory (MB)          :      165     2100      2100
...
