000 (220672.000.000) 07/31 06:48:46 Job submitted from host: <131.225.189.232:9618?addrs=131.225.189.232-9618&noUDP&sock=8982_aaf4_3>
...
001 (220672.000.000) 07/31 06:49:08 Job executing on host: <131.225.207.77:26936?addrs=131.225.207.77-26936>
...
006 (220672.000.000) 07/31 06:49:16 Image size of job updated: 102480
	3  -  MemoryUsage of job (MB)
	2468  -  ResidentSetSize of job (KB)
...
006 (220672.000.000) 07/31 06:50:16 Image size of job updated: 447524
	71  -  MemoryUsage of job (MB)
	72344  -  ResidentSetSize of job (KB)
...
005 (220672.000.000) 07/31 06:54:22 Job terminated.
	(1) Normal termination (return value 90)
		Usr 0 00:00:01, Sys 0 00:00:22  -  Run Remote Usage
		Usr 0 00:00:00, Sys 0 00:00:00  -  Run Local Usage
		Usr 0 00:00:01, Sys 0 00:00:22  -  Total Remote Usage
		Usr 0 00:00:00, Sys 0 00:00:00  -  Total Local Usage
	28674  -  Run Bytes Sent By Job
	8930  -  Run Bytes Received By Job
	28674  -  Total Bytes Sent By Job
	8930  -  Total Bytes Received By Job
	Partitionable Resources :    Usage  Request Allocated
	   Cpus                 :                 1         1
	   Disk (KB)            :  4967449 10000000  11686540
	   Memory (MB)          :       71     2100      2100
...
000 (221234.000.000) 07/31 07:07:19 Job submitted from host: <131.225.189.232:9618?addrs=131.225.189.232-9618&noUDP&sock=8982_aaf4_3>
...
001 (221234.000.000) 07/31 07:07:50 Job executing on host: <131.225.204.113:23079?addrs=131.225.204.113-23079>
...
006 (221234.000.000) 07/31 07:07:59 Image size of job updated: 447524
	73  -  MemoryUsage of job (MB)
	74372  -  ResidentSetSize of job (KB)
...
005 (221234.000.000) 07/31 07:09:21 Job terminated.
	(1) Normal termination (return value 90)
		Usr 0 00:00:01, Sys 0 00:00:10  -  Run Remote Usage
		Usr 0 00:00:00, Sys 0 00:00:00  -  Run Local Usage
		Usr 0 00:00:01, Sys 0 00:00:10  -  Total Remote Usage
		Usr 0 00:00:00, Sys 0 00:00:00  -  Total Local Usage
	10166  -  Run Bytes Sent By Job
	8930  -  Run Bytes Received By Job
	10166  -  Total Bytes Sent By Job
	8930  -  Total Bytes Received By Job
	Partitionable Resources :    Usage  Request Allocated
	   Cpus                 :                 1         1
	   Disk (KB)            :  4894825 10000000  10492101
	   Memory (MB)          :       73     2100      2100
...
000 (221789.000.000) 07/31 07:12:00 Job submitted from host: <131.225.189.232:9618?addrs=131.225.189.232-9618&noUDP&sock=8982_aaf4_3>
...
001 (221789.000.000) 07/31 07:12:25 Job executing on host: <131.225.204.30:36122?addrs=131.225.204.30-36122>
...
006 (221789.000.000) 07/31 07:12:34 Image size of job updated: 2
	3  -  MemoryUsage of job (MB)
	2416  -  ResidentSetSize of job (KB)
...
006 (221789.000.000) 07/31 07:13:35 Image size of job updated: 447524
	71  -  MemoryUsage of job (MB)
	72352  -  ResidentSetSize of job (KB)
...
006 (221789.000.000) 07/31 07:14:36 Image size of job updated: 493712
	261  -  MemoryUsage of job (MB)
	266760  -  ResidentSetSize of job (KB)
...
006 (221789.000.000) 07/31 07:15:00 Image size of job updated: 669616
	261  -  MemoryUsage of job (MB)
	266760  -  ResidentSetSize of job (KB)
...
005 (221789.000.000) 07/31 07:15:00 Job terminated.
	(1) Normal termination (return value 65)
		Usr 0 00:00:07, Sys 0 00:00:14  -  Run Remote Usage
		Usr 0 00:00:00, Sys 0 00:00:00  -  Run Local Usage
		Usr 0 00:00:07, Sys 0 00:00:14  -  Total Remote Usage
		Usr 0 00:00:00, Sys 0 00:00:00  -  Total Local Usage
	10547  -  Run Bytes Sent By Job
	8930  -  Run Bytes Received By Job
	10547  -  Total Bytes Sent By Job
	8930  -  Total Bytes Received By Job
	Partitionable Resources :    Usage  Request Allocated
	   Cpus                 :                 1         1
	   Disk (KB)            :  6225800 10000000  10353036
	   Memory (MB)          :      261     2100      2100
...
000 (222351.000.000) 07/31 08:32:40 Job submitted from host: <131.225.189.232:9618?addrs=131.225.189.232-9618&noUDP&sock=8982_aaf4_3>
...
001 (222351.000.000) 07/31 08:33:14 Job executing on host: <131.225.207.91:5502?addrs=131.225.207.91-5502>
...
006 (222351.000.000) 07/31 08:33:23 Image size of job updated: 2
	3  -  MemoryUsage of job (MB)
	2424  -  ResidentSetSize of job (KB)
...
006 (222351.000.000) 07/31 08:34:24 Image size of job updated: 447524
	71  -  MemoryUsage of job (MB)
	72348  -  ResidentSetSize of job (KB)
...
006 (222351.000.000) 07/31 08:35:15 Image size of job updated: 769972
	71  -  MemoryUsage of job (MB)
	72348  -  ResidentSetSize of job (KB)
...
005 (222351.000.000) 07/31 08:35:16 Job terminated.
	(1) Normal termination (return value 65)
		Usr 0 00:00:12, Sys 0 00:00:11  -  Run Remote Usage
		Usr 0 00:00:00, Sys 0 00:00:00  -  Run Local Usage
		Usr 0 00:00:12, Sys 0 00:00:11  -  Total Remote Usage
		Usr 0 00:00:00, Sys 0 00:00:00  -  Total Local Usage
	11611  -  Run Bytes Sent By Job
	8930  -  Run Bytes Received By Job
	11611  -  Total Bytes Sent By Job
	8930  -  Total Bytes Received By Job
	Partitionable Resources :    Usage  Request Allocated
	   Cpus                 :                 1         1
	   Disk (KB)            :  4454731 10000000  10505628
	   Memory (MB)          :       71     2100      2100
...
000 (222906.000.000) 07/31 08:49:50 Job submitted from host: <131.225.189.232:9618?addrs=131.225.189.232-9618&noUDP&sock=8982_aaf4_3>
...
001 (222906.000.000) 07/31 08:50:26 Job executing on host: <131.225.206.3:38467?addrs=131.225.206.3-38467>
...
006 (222906.000.000) 07/31 08:50:34 Image size of job updated: 447532
	23  -  MemoryUsage of job (MB)
	23168  -  ResidentSetSize of job (KB)
...
006 (222906.000.000) 07/31 08:51:34 Image size of job updated: 447532
	69  -  MemoryUsage of job (MB)
	70400  -  ResidentSetSize of job (KB)
...
006 (222906.000.000) 07/31 08:54:37 Image size of job updated: 447532
	69  -  MemoryUsage of job (MB)
	70408  -  ResidentSetSize of job (KB)
...
006 (222906.000.000) 07/31 08:56:30 Image size of job updated: 677812
	69  -  MemoryUsage of job (MB)
	70408  -  ResidentSetSize of job (KB)
...
005 (222906.000.000) 07/31 08:56:31 Job terminated.
	(1) Normal termination (return value 65)
		Usr 0 00:00:09, Sys 0 00:00:14  -  Run Remote Usage
		Usr 0 00:00:00, Sys 0 00:00:00  -  Run Local Usage
		Usr 0 00:00:09, Sys 0 00:00:14  -  Total Remote Usage
		Usr 0 00:00:00, Sys 0 00:00:00  -  Total Local Usage
	31165  -  Run Bytes Sent By Job
	44439  -  Run Bytes Received By Job
	31165  -  Total Bytes Sent By Job
	44439  -  Total Bytes Received By Job
	Partitionable Resources :    Usage  Request Allocated
	   Cpus                 :                 1         1
	   Disk (KB)            :  5519549 10000000  10263333
	   Memory (MB)          :       69     2100      2100
...
000 (223461.000.000) 07/31 09:06:18 Job submitted from host: <131.225.189.232:9618?addrs=131.225.189.232-9618&noUDP&sock=8982_aaf4_3>
...
