000 (220820.000.000) 07/31 06:49:17 Job submitted from host: <131.225.189.232:9618?addrs=131.225.189.232-9618&noUDP&sock=8982_aaf4_3>
...
001 (220820.000.000) 07/31 06:49:39 Job executing on host: <131.225.190.58:16054?addrs=131.225.190.58-16054>
...
006 (220820.000.000) 07/31 06:49:48 Image size of job updated: 447524
	71  -  MemoryUsage of job (MB)
	72396  -  ResidentSetSize of job (KB)
...
005 (220820.000.000) 07/31 06:51:40 Job terminated.
	(1) Normal termination (return value 90)
		Usr 0 00:00:02, Sys 0 00:00:23  -  Run Remote Usage
		Usr 0 00:00:00, Sys 0 00:00:00  -  Run Local Usage
		Usr 0 00:00:02, Sys 0 00:00:23  -  Total Remote Usage
		Usr 0 00:00:00, Sys 0 00:00:00  -  Total Local Usage
	12557  -  Run Bytes Sent By Job
	8930  -  Run Bytes Received By Job
	12557  -  Total Bytes Sent By Job
	8930  -  Total Bytes Received By Job
	Partitionable Resources :    Usage  Request Allocated
	   Cpus                 :                 1         1
	   Disk (KB)            :  4033547 10000000  16028304
	   Memory (MB)          :       71     2100      2100
...
000 (221382.000.000) 07/31 07:07:45 Job submitted from host: <131.225.189.232:9618?addrs=131.225.189.232-9618&noUDP&sock=8982_aaf4_3>
...
001 (221382.000.000) 07/31 07:08:19 Job executing on host: <131.225.190.44:17345?addrs=131.225.190.44-17345>
...
006 (221382.000.000) 07/31 07:08:28 Image size of job updated: 447524
	73  -  MemoryUsage of job (MB)
	74368  -  ResidentSetSize of job (KB)
...
005 (221382.000.000) 07/31 07:10:59 Job terminated.
	(1) Normal termination (return value 90)
		Usr 0 00:00:01, Sys 0 00:00:25  -  Run Remote Usage
		Usr 0 00:00:00, Sys 0 00:00:00  -  Run Local Usage
		Usr 0 00:00:01, Sys 0 00:00:25  -  Total Remote Usage
		Usr 0 00:00:00, Sys 0 00:00:00  -  Total Local Usage
	15325  -  Run Bytes Sent By Job
	8930  -  Run Bytes Received By Job
	15325  -  Total Bytes Sent By Job
	8930  -  Total Bytes Received By Job
	Partitionable Resources :    Usage  Request Allocated
	   Cpus                 :                 1         1
	   Disk (KB)            :  5533807 10000000  15586250
	   Memory (MB)          :       73     2100      2100
...
000 (221937.000.000) 07/31 07:12:26 Job submitted from host: <131.225.189.232:9618?addrs=131.225.189.232-9618&noUDP&sock=8982_aaf4_3>
...
001 (221937.000.000) 07/31 07:13:15 Job executing on host: <131.225.204.93:60435?addrs=131.225.204.93-60435>
...
006 (221937.000.000) 07/31 07:13:24 Image size of job updated: 2
	3  -  MemoryUsage of job (MB)
	2424  -  ResidentSetSize of job (KB)
...
006 (221937.000.000) 07/31 07:14:26 Image size of job updated: 447524
	70  -  MemoryUsage of job (MB)
	71360  -  ResidentSetSize of job (KB)
...
006 (221937.000.000) 07/31 07:18:27 Image size of job updated: 591636
	314  -  MemoryUsage of job (MB)
	320920  -  ResidentSetSize of job (KB)
...
006 (221937.000.000) 07/31 07:18:57 Image size of job updated: 719792
	314  -  MemoryUsage of job (MB)
	320920  -  ResidentSetSize of job (KB)
...
005 (221937.000.000) 07/31 07:18:58 Job terminated.
	(1) Normal termination (return value 65)
		Usr 0 00:00:10, Sys 0 00:00:26  -  Run Remote Usage
		Usr 0 00:00:00, Sys 0 00:00:00  -  Run Local Usage
		Usr 0 00:00:10, Sys 0 00:00:26  -  Total Remote Usage
		Usr 0 00:00:00, Sys 0 00:00:00  -  Total Local Usage
	25505  -  Run Bytes Sent By Job
	8930  -  Run Bytes Received By Job
	25505  -  Total Bytes Sent By Job
	8930  -  Total Bytes Received By Job
	Partitionable Resources :    Usage  Request Allocated
	   Cpus                 :                 1         1
	   Disk (KB)            :  6652519 10000000  10322826
	   Memory (MB)          :      314     2100      2100
...
