000 (220683.000.000) 07/31 06:48:48 Job submitted from host: <131.225.189.232:9618?addrs=131.225.189.232-9618&noUDP&sock=8982_aaf4_3>
...
001 (220683.000.000) 07/31 06:49:10 Job executing on host: <131.225.204.33:65431?addrs=131.225.204.33-65431>
...
006 (220683.000.000) 07/31 06:49:19 Image size of job updated: 381924
	23  -  MemoryUsage of job (MB)
	23128  -  ResidentSetSize of job (KB)
...
006 (220683.000.000) 07/31 06:50:20 Image size of job updated: 447524
	71  -  MemoryUsage of job (MB)
	72344  -  ResidentSetSize of job (KB)
...
005 (220683.000.000) 07/31 06:51:15 Job terminated.
	(1) Normal termination (return value 90)
		Usr 0 00:00:00, Sys 0 00:00:07  -  Run Remote Usage
		Usr 0 00:00:00, Sys 0 00:00:00  -  Run Local Usage
		Usr 0 00:00:00, Sys 0 00:00:07  -  Total Remote Usage
		Usr 0 00:00:00, Sys 0 00:00:00  -  Total Local Usage
	12591  -  Run Bytes Sent By Job
	8930  -  Run Bytes Received By Job
	12591  -  Total Bytes Sent By Job
	8930  -  Total Bytes Received By Job
	Partitionable Resources :    Usage  Request Allocated
	   Cpus                 :                 1         1
	   Disk (KB)            :  1657866 10000000  10452228
	   Memory (MB)          :       71     2100      2100
...
000 (221245.000.000) 07/31 07:07:20 Job submitted from host: <131.225.189.232:9618?addrs=131.225.189.232-9618&noUDP&sock=8982_aaf4_3>
...
001 (221245.000.000) 07/31 07:07:57 Job executing on host: <131.225.206.198:53342?addrs=131.225.206.198-53342>
...
006 (221245.000.000) 07/31 07:08:06 Image size of job updated: 2
	3  -  MemoryUsage of job (MB)
	2424  -  ResidentSetSize of job (KB)
...
006 (221245.000.000) 07/31 07:08:42 Image size of job updated: 447524
	3  -  MemoryUsage of job (MB)
	2424  -  ResidentSetSize of job (KB)
...
005 (221245.000.000) 07/31 07:08:43 Job terminated.
	(1) Normal termination (return value 90)
		Usr 0 00:00:00, Sys 0 00:00:06  -  Run Remote Usage
		Usr 0 00:00:00, Sys 0 00:00:00  -  Run Local Usage
		Usr 0 00:00:00, Sys 0 00:00:06  -  Total Remote Usage
		Usr 0 00:00:00, Sys 0 00:00:00  -  Total Local Usage
	6179  -  Run Bytes Sent By Job
	8930  -  Run Bytes Received By Job
	6179  -  Total Bytes Sent By Job
	8930  -  Total Bytes Received By Job
	Partitionable Resources :    Usage  Request Allocated
	   Cpus                 :                 1         1
	   Disk (KB)            :   503908 10000000  11700096
	   Memory (MB)          :        3     2100      2100
...
000 (221800.000.000) 07/31 07:12:02 Job submitted from host: <131.225.189.232:9618?addrs=131.225.189.232-9618&noUDP&sock=8982_aaf4_3>
...
001 (221800.000.000) 07/31 07:12:22 Job executing on host: <131.225.190.44:17345?addrs=131.225.190.44-17345>
...
006 (221800.000.000) 07/31 07:12:31 Image size of job updated: 2
	3  -  MemoryUsage of job (MB)
	2424  -  ResidentSetSize of job (KB)
...
006 (221800.000.000) 07/31 07:13:32 Image size of job updated: 447524
	69  -  MemoryUsage of job (MB)
	70400  -  ResidentSetSize of job (KB)
...
006 (221800.000.000) 07/31 07:14:29 Image size of job updated: 764336
	69  -  MemoryUsage of job (MB)
	70400  -  ResidentSetSize of job (KB)
...
005 (221800.000.000) 07/31 07:14:30 Job terminated.
	(1) Normal termination (return value 65)
		Usr 0 00:00:14, Sys 0 00:00:17  -  Run Remote Usage
		Usr 0 00:00:00, Sys 0 00:00:00  -  Run Local Usage
		Usr 0 00:00:14, Sys 0 00:00:17  -  Total Remote Usage
		Usr 0 00:00:00, Sys 0 00:00:00  -  Total Local Usage
	8334  -  Run Bytes Sent By Job
	8930  -  Run Bytes Received By Job
	8334  -  Total Bytes Sent By Job
	8930  -  Total Bytes Received By Job
	Partitionable Resources :    Usage  Request Allocated
	   Cpus                 :                 1         1
	   Disk (KB)            :  2787214 10000000  15476044
	   Memory (MB)          :       69     2100      2100
...
000 (222362.000.000) 07/31 08:32:40 Job submitted from host: <131.225.189.232:9618?addrs=131.225.189.232-9618&noUDP&sock=8982_aaf4_3>
...
001 (222362.000.000) 07/31 08:33:18 Job executing on host: <131.225.206.188:37401?addrs=131.225.206.188-37401>
...
006 (222362.000.000) 07/31 08:33:26 Image size of job updated: 447524
	19  -  MemoryUsage of job (MB)
	18888  -  ResidentSetSize of job (KB)
...
006 (222362.000.000) 07/31 08:34:26 Image size of job updated: 447524
	69  -  MemoryUsage of job (MB)
	70412  -  ResidentSetSize of job (KB)
...
006 (222362.000.000) 07/31 08:35:27 Image size of job updated: 447524
	120  -  MemoryUsage of job (MB)
	122780  -  ResidentSetSize of job (KB)
...
006 (222362.000.000) 07/31 08:36:04 Image size of job updated: 767412
	120  -  MemoryUsage of job (MB)
	122780  -  ResidentSetSize of job (KB)
...
005 (222362.000.000) 07/31 08:36:04 Job terminated.
	(1) Normal termination (return value 65)
		Usr 0 00:00:12, Sys 0 00:00:09  -  Run Remote Usage
		Usr 0 00:00:00, Sys 0 00:00:00  -  Run Local Usage
		Usr 0 00:00:12, Sys 0 00:00:09  -  Total Remote Usage
		Usr 0 00:00:00, Sys 0 00:00:00  -  Total Local Usage
	10001  -  Run Bytes Sent By Job
	8930  -  Run Bytes Received By Job
	10001  -  Total Bytes Sent By Job
	8930  -  Total Bytes Received By Job
	Partitionable Resources :    Usage  Request Allocated
	   Cpus                 :                 1         1
	   Disk (KB)            :  2790083 10000000  10479888
	   Memory (MB)          :      120     2100      2100
...
