000 (220643.000.000) 07/31 06:48:40 Job submitted from host: <131.225.189.232:9618?addrs=131.225.189.232-9618&noUDP&sock=8982_aaf4_3>
...
001 (220643.000.000) 07/31 06:49:06 Job executing on host: <131.225.204.31:49055?addrs=131.225.204.31-49055>
...
006 (220643.000.000) 07/31 06:49:15 Image size of job updated: 2
	3  -  MemoryUsage of job (MB)
	2424  -  ResidentSetSize of job (KB)
...
006 (220643.000.000) 07/31 06:50:04 Image size of job updated: 447524
	3  -  MemoryUsage of job (MB)
	2424  -  ResidentSetSize of job (KB)
...
005 (220643.000.000) 07/31 06:50:05 Job terminated.
	(1) Normal termination (return value 90)
		Usr 0 00:00:00, Sys 0 00:00:07  -  Run Remote Usage
		Usr 0 00:00:00, Sys 0 00:00:00  -  Run Local Usage
		Usr 0 00:00:00, Sys 0 00:00:07  -  Total Remote Usage
		Usr 0 00:00:00, Sys 0 00:00:00  -  Total Local Usage
	5580  -  Run Bytes Sent By Job
	8930  -  Run Bytes Received By Job
	5580  -  Total Bytes Sent By Job
	8930  -  Total Bytes Received By Job
	Partitionable Resources :    Usage  Request Allocated
	   Cpus                 :                 1         1
	   Disk (KB)            :   660597 10000000  10340223
	   Memory (MB)          :        3     2100      2100
...
000 (221205.000.000) 07/31 07:07:14 Job submitted from host: <131.225.189.232:9618?addrs=131.225.189.232-9618&noUDP&sock=8982_aaf4_3>
...
001 (221205.000.000) 07/31 07:07:44 Job executing on host: <131.225.204.124:51529?addrs=131.225.204.124-51529>
...
006 (221205.000.000) 07/31 07:07:53 Image size of job updated: 2
	3  -  MemoryUsage of job (MB)
	2424  -  ResidentSetSize of job (KB)
...
006 (221205.000.000) 07/31 07:08:48 Image size of job updated: 447524
	3  -  MemoryUsage of job (MB)
	2424  -  ResidentSetSize of job (KB)
...
005 (221205.000.000) 07/31 07:08:49 Job terminated.
	(1) Normal termination (return value 90)
		Usr 0 00:00:00, Sys 0 00:00:07  -  Run Remote Usage
		Usr 0 00:00:00, Sys 0 00:00:00  -  Run Local Usage
		Usr 0 00:00:00, Sys 0 00:00:07  -  Total Remote Usage
		Usr 0 00:00:00, Sys 0 00:00:00  -  Total Local Usage
	6314  -  Run Bytes Sent By Job
	8930  -  Run Bytes Received By Job
	6314  -  Total Bytes Sent By Job
	8930  -  Total Bytes Received By Job
	Partitionable Resources :    Usage  Request Allocated
	   Cpus                 :                 1         1
	   Disk (KB)            :   733284 10000000  10544589
	   Memory (MB)          :        3     2100      2100
...
000 (221760.000.000) 07/31 07:11:55 Job submitted from host: <131.225.189.232:9618?addrs=131.225.189.232-9618&noUDP&sock=8982_aaf4_3>
...
001 (221760.000.000) 07/31 07:12:14 Job executing on host: <131.225.206.179:1923?addrs=131.225.206.179-1923>
...
006 (221760.000.000) 07/31 07:12:23 Image size of job updated: 2
	3  -  MemoryUsage of job (MB)
	2416  -  ResidentSetSize of job (KB)
...
006 (221760.000.000) 07/31 07:13:24 Image size of job updated: 447524
	30  -  MemoryUsage of job (MB)
	29796  -  ResidentSetSize of job (KB)
...
006 (221760.000.000) 07/31 07:14:16 Image size of job updated: 726192
	30  -  MemoryUsage of job (MB)
	29796  -  ResidentSetSize of job (KB)
...
005 (221760.000.000) 07/31 07:14:17 Job terminated.
	(1) Normal termination (return value 65)
		Usr 0 00:00:10, Sys 0 00:00:08  -  Run Remote Usage
		Usr 0 00:00:00, Sys 0 00:00:00  -  Run Local Usage
		Usr 0 00:00:10, Sys 0 00:00:08  -  Total Remote Usage
		Usr 0 00:00:00, Sys 0 00:00:00  -  Total Local Usage
	7577  -  Run Bytes Sent By Job
	8930  -  Run Bytes Received By Job
	7577  -  Total Bytes Sent By Job
	8930  -  Total Bytes Received By Job
	Partitionable Resources :    Usage  Request Allocated
	   Cpus                 :                 1         1
	   Disk (KB)            :  3062649 10000000  10356828
	   Memory (MB)          :       30     2100      2100
...
000 (222322.000.000) 07/31 08:32:38 Job submitted from host: <131.225.189.232:9618?addrs=131.225.189.232-9618&noUDP&sock=8982_aaf4_3>
...
001 (222322.000.000) 07/31 08:33:09 Job executing on host: <131.225.207.79:52411?addrs=131.225.207.79-52411>
...
006 (222322.000.000) 07/31 08:33:17 Image size of job updated: 447524
	69  -  MemoryUsage of job (MB)
	70284  -  ResidentSetSize of job (KB)
...
006 (222322.000.000) 07/31 08:35:18 Image size of job updated: 602696
	260  -  MemoryUsage of job (MB)
	265952  -  ResidentSetSize of job (KB)
...
006 (222322.000.000) 07/31 08:35:35 Image size of job updated: 764340
	260  -  MemoryUsage of job (MB)
	265952  -  ResidentSetSize of job (KB)
...
005 (222322.000.000) 07/31 08:35:36 Job terminated.
	(1) Normal termination (return value 65)
		Usr 0 00:00:12, Sys 0 00:00:10  -  Run Remote Usage
		Usr 0 00:00:00, Sys 0 00:00:00  -  Run Local Usage
		Usr 0 00:00:12, Sys 0 00:00:10  -  Total Remote Usage
		Usr 0 00:00:00, Sys 0 00:00:00  -  Total Local Usage
	8173  -  Run Bytes Sent By Job
	8930  -  Run Bytes Received By Job
	8173  -  Total Bytes Sent By Job
	8930  -  Total Bytes Received By Job
	Partitionable Resources :    Usage  Request Allocated
	   Cpus                 :                 1         1
	   Disk (KB)            :  3065517 10000000  13249628
	   Memory (MB)          :      260     2100      2100
...
