000 (220702.000.000) 07/31 06:48:52 Job submitted from host: <131.225.189.232:9618?addrs=131.225.189.232-9618&noUDP&sock=8982_aaf4_3>
...
001 (220702.000.000) 07/31 06:49:13 Job executing on host: <131.225.206.6:56614?addrs=131.225.206.6-56614>
...
006 (220702.000.000) 07/31 06:49:22 Image size of job updated: 447524
	71  -  MemoryUsage of job (MB)
	72344  -  ResidentSetSize of job (KB)
...
005 (220702.000.000) 07/31 06:53:08 Job terminated.
	(1) Normal termination (return value 90)
		Usr 0 00:00:01, Sys 0 00:00:17  -  Run Remote Usage
		Usr 0 00:00:00, Sys 0 00:00:00  -  Run Local Usage
		Usr 0 00:00:01, Sys 0 00:00:17  -  Total Remote Usage
		Usr 0 00:00:00, Sys 0 00:00:00  -  Total Local Usage
	21950  -  Run Bytes Sent By Job
	8930  -  Run Bytes Received By Job
	21950  -  Total Bytes Sent By Job
	8930  -  Total Bytes Received By Job
	Partitionable Resources :    Usage  Request Allocated
	   Cpus                 :                 1         1
	   Disk (KB)            :  4934676 10000000  10340397
	   Memory (MB)          :       71     2100      2100
...
000 (221264.000.000) 07/31 07:07:24 Job submitted from host: <131.225.189.232:9618?addrs=131.225.189.232-9618&noUDP&sock=8982_aaf4_3>
...
001 (221264.000.000) 07/31 07:07:58 Job executing on host: <131.225.206.236:59687?addrs=131.225.206.236-59687>
...
006 (221264.000.000) 07/31 07:08:07 Image size of job updated: 2
	3  -  MemoryUsage of job (MB)
	2424  -  ResidentSetSize of job (KB)
...
006 (221264.000.000) 07/31 07:09:08 Image size of job updated: 447524
	69  -  MemoryUsage of job (MB)
	70220  -  ResidentSetSize of job (KB)
...
005 (221264.000.000) 07/31 07:09:54 Job terminated.
	(1) Normal termination (return value 90)
		Usr 0 00:00:01, Sys 0 00:00:14  -  Run Remote Usage
		Usr 0 00:00:00, Sys 0 00:00:00  -  Run Local Usage
		Usr 0 00:00:01, Sys 0 00:00:14  -  Total Remote Usage
		Usr 0 00:00:00, Sys 0 00:00:00  -  Total Local Usage
	12300  -  Run Bytes Sent By Job
	8930  -  Run Bytes Received By Job
	12300  -  Total Bytes Sent By Job
	8930  -  Total Bytes Received By Job
	Partitionable Resources :    Usage  Request Allocated
	   Cpus                 :                 1         1
	   Disk (KB)            :  3616873 10000000  11972680
	   Memory (MB)          :       69     2100      2100
...
000 (221819.000.000) 07/31 07:12:05 Job submitted from host: <131.225.189.232:9618?addrs=131.225.189.232-9618&noUDP&sock=8982_aaf4_3>
...
001 (221819.000.000) 07/31 07:12:20 Job executing on host: <131.225.204.37:14425?addrs=131.225.204.37-14425>
...
006 (221819.000.000) 07/31 07:12:32 Image size of job updated: 447524
	30  -  MemoryUsage of job (MB)
	30636  -  ResidentSetSize of job (KB)
...
006 (221819.000.000) 07/31 07:13:32 Image size of job updated: 447524
	69  -  MemoryUsage of job (MB)
	70320  -  ResidentSetSize of job (KB)
...
006 (221819.000.000) 07/31 07:16:36 Image size of job updated: 563880
	241  -  MemoryUsage of job (MB)
	246316  -  ResidentSetSize of job (KB)
...
006 (221819.000.000) 07/31 07:16:58 Image size of job updated: 729268
	241  -  MemoryUsage of job (MB)
	246316  -  ResidentSetSize of job (KB)
...
005 (221819.000.000) 07/31 07:16:59 Job terminated.
	(1) Normal termination (return value 65)
		Usr 0 00:00:11, Sys 0 00:00:18  -  Run Remote Usage
		Usr 0 00:00:00, Sys 0 00:00:00  -  Run Local Usage
		Usr 0 00:00:11, Sys 0 00:00:18  -  Total Remote Usage
		Usr 0 00:00:00, Sys 0 00:00:00  -  Total Local Usage
	19306  -  Run Bytes Sent By Job
	8930  -  Run Bytes Received By Job
	19306  -  Total Bytes Sent By Job
	8930  -  Total Bytes Received By Job
	Partitionable Resources :    Usage  Request Allocated
	   Cpus                 :                 1         1
	   Disk (KB)            :  6063987 10000000  10434015
	   Memory (MB)          :      241     2100      2100
...
