000 (220728.000.000) 07/31 06:48:57 Job submitted from host: <131.225.189.232:9618?addrs=131.225.189.232-9618&noUDP&sock=8982_aaf4_3>
...
001 (220728.000.000) 07/31 06:49:18 Job executing on host: <131.225.191.155:28550?addrs=131.225.191.155-28550>
...
006 (220728.000.000) 07/31 06:49:27 Image size of job updated: 447524
	71  -  MemoryUsage of job (MB)
	72352  -  ResidentSetSize of job (KB)
...
005 (220728.000.000) 07/31 06:50:50 Job terminated.
	(1) Normal termination (return value 90)
		Usr 0 00:00:00, Sys 0 00:00:14  -  Run Remote Usage
		Usr 0 00:00:00, Sys 0 00:00:00  -  Run Local Usage
		Usr 0 00:00:00, Sys 0 00:00:14  -  Total Remote Usage
		Usr 0 00:00:00, Sys 0 00:00:00  -  Total Local Usage
	8667  -  Run Bytes Sent By Job
	8930  -  Run Bytes Received By Job
	8667  -  Total Bytes Sent By Job
	8930  -  Total Bytes Received By Job
	Partitionable Resources :    Usage  Request Allocated
	   Cpus                 :                 1         1
	   Disk (KB)            :  6065162 10000000  12303224
	   Memory (MB)          :       71     2100      2100
...
000 (221290.000.000) 07/31 07:07:28 Job submitted from host: <131.225.189.232:9618?addrs=131.225.189.232-9618&noUDP&sock=8982_aaf4_3>
...
001 (221290.000.000) 07/31 07:08:01 Job executing on host: <131.225.204.30:36122?addrs=131.225.204.30-36122>
...
006 (221290.000.000) 07/31 07:08:10 Image size of job updated: 447524
	46  -  MemoryUsage of job (MB)
	46848  -  ResidentSetSize of job (KB)
...
006 (221290.000.000) 07/31 07:09:11 Image size of job updated: 447524
	71  -  MemoryUsage of job (MB)
	72344  -  ResidentSetSize of job (KB)
...
005 (221290.000.000) 07/31 07:10:17 Job terminated.
	(1) Normal termination (return value 90)
		Usr 0 00:00:01, Sys 0 00:00:15  -  Run Remote Usage
		Usr 0 00:00:00, Sys 0 00:00:00  -  Run Local Usage
		Usr 0 00:00:01, Sys 0 00:00:15  -  Total Remote Usage
		Usr 0 00:00:00, Sys 0 00:00:00  -  Total Local Usage
	13271  -  Run Bytes Sent By Job
	8930  -  Run Bytes Received By Job
	13271  -  Total Bytes Sent By Job
	8930  -  Total Bytes Received By Job
	Partitionable Resources :    Usage  Request Allocated
	   Cpus                 :                 1         1
	   Disk (KB)            :  5992557 10000000  10355349
	   Memory (MB)          :       71     2100      2100
...
000 (221845.000.000) 07/31 07:12:10 Job submitted from host: <131.225.189.232:9618?addrs=131.225.189.232-9618&noUDP&sock=8982_aaf4_3>
...
001 (221845.000.000) 07/31 07:12:28 Job executing on host: <131.225.204.110:49889?addrs=131.225.204.110-49889>
...
006 (221845.000.000) 07/31 07:12:37 Image size of job updated: 2
	3  -  MemoryUsage of job (MB)
	2416  -  ResidentSetSize of job (KB)
...
006 (221845.000.000) 07/31 07:13:38 Image size of job updated: 447524
	70  -  MemoryUsage of job (MB)
	71356  -  ResidentSetSize of job (KB)
...
006 (221845.000.000) 07/31 07:18:47 Image size of job updated: 760496
	70  -  MemoryUsage of job (MB)
	71356  -  ResidentSetSize of job (KB)
...
005 (221845.000.000) 07/31 07:18:48 Job terminated.
	(1) Normal termination (return value 65)
		Usr 0 00:00:11, Sys 0 00:00:17  -  Run Remote Usage
		Usr 0 00:00:00, Sys 0 00:00:00  -  Run Local Usage
		Usr 0 00:00:11, Sys 0 00:00:17  -  Total Remote Usage
		Usr 0 00:00:00, Sys 0 00:00:00  -  Total Local Usage
	29369  -  Run Bytes Sent By Job
	8930  -  Run Bytes Received By Job
	29369  -  Total Bytes Sent By Job
	8930  -  Total Bytes Received By Job
	Partitionable Resources :    Usage  Request Allocated
	   Cpus                 :                 1         1
	   Disk (KB)            :  6217604 10000000  10453908
	   Memory (MB)          :       70     2100      2100
...
000 (222407.000.000) 07/31 08:32:45 Job submitted from host: <131.225.189.232:9618?addrs=131.225.189.232-9618&noUDP&sock=8982_aaf4_3>
...
001 (222407.000.000) 07/31 08:33:27 Job executing on host: <131.225.191.153:31312?addrs=131.225.191.153-31312>
...
006 (222407.000.000) 07/31 08:33:36 Image size of job updated: 447524
	71  -  MemoryUsage of job (MB)
	72348  -  ResidentSetSize of job (KB)
...
006 (222407.000.000) 07/31 08:35:50 Image size of job updated: 447524
	165  -  MemoryUsage of job (MB)
	168080  -  ResidentSetSize of job (KB)
...
006 (222407.000.000) 07/31 08:36:20 Image size of job updated: 769968
	165  -  MemoryUsage of job (MB)
	168080  -  ResidentSetSize of job (KB)
...
005 (222407.000.000) 07/31 08:36:20 Job terminated.
	(1) Normal termination (return value 65)
		Usr 0 00:00:11, Sys 0 00:00:12  -  Run Remote Usage
		Usr 0 00:00:00, Sys 0 00:00:00  -  Run Local Usage
		Usr 0 00:00:11, Sys 0 00:00:12  -  Total Remote Usage
		Usr 0 00:00:00, Sys 0 00:00:00  -  Total Local Usage
	10203  -  Run Bytes Sent By Job
	8930  -  Run Bytes Received By Job
	10203  -  Total Bytes Sent By Job
	8930  -  Total Bytes Received By Job
	Partitionable Resources :    Usage  Request Allocated
	   Cpus                 :                 1         1
	   Disk (KB)            :  6220453 10000000  11828076
	   Memory (MB)          :      165     2100      2100
...
000 (222962.000.000) 07/31 08:49:52 Job submitted from host: <131.225.189.232:9618?addrs=131.225.189.232-9618&noUDP&sock=8982_aaf4_3>
...
001 (222962.000.000) 07/31 08:50:37 Job executing on host: <131.225.206.43:59052?addrs=131.225.206.43-59052>
...
006 (222962.000.000) 07/31 08:50:45 Image size of job updated: 447524
	71  -  MemoryUsage of job (MB)
	72388  -  ResidentSetSize of job (KB)
...
006 (222962.000.000) 07/31 08:56:39 Image size of job updated: 625324
	71  -  MemoryUsage of job (MB)
	72388  -  ResidentSetSize of job (KB)
...
005 (222962.000.000) 07/31 08:56:40 Job terminated.
	(1) Normal termination (return value 65)
		Usr 0 00:00:08, Sys 0 00:00:18  -  Run Remote Usage
		Usr 0 00:00:00, Sys 0 00:00:00  -  Run Local Usage
		Usr 0 00:00:08, Sys 0 00:00:18  -  Total Remote Usage
		Usr 0 00:00:00, Sys 0 00:00:00  -  Total Local Usage
	30697  -  Run Bytes Sent By Job
	44439  -  Run Bytes Received By Job
	30697  -  Total Bytes Sent By Job
	44439  -  Total Bytes Received By Job
	Partitionable Resources :    Usage  Request Allocated
	   Cpus                 :                 1         1
	   Disk (KB)            :  5552316 10000000  13217364
	   Memory (MB)          :       71     2100      2100
...
000 (223517.000.000) 07/31 09:06:21 Job submitted from host: <131.225.189.232:9618?addrs=131.225.189.232-9618&noUDP&sock=8982_aaf4_3>
...
