000 (220975.000.000) 07/31 06:49:50 Job submitted from host: <131.225.189.232:9618?addrs=131.225.189.232-9618&noUDP&sock=8982_aaf4_3>
...
001 (220975.000.000) 07/31 06:51:02 Job executing on host: <131.225.191.151:10822?addrs=131.225.191.151-10822>
...
006 (220975.000.000) 07/31 06:51:10 Image size of job updated: 447524
	49  -  MemoryUsage of job (MB)
	49624  -  ResidentSetSize of job (KB)
...
006 (220975.000.000) 07/31 06:52:10 Image size of job updated: 447524
	71  -  MemoryUsage of job (MB)
	72348  -  ResidentSetSize of job (KB)
...
005 (220975.000.000) 07/31 06:52:54 Job terminated.
	(1) Normal termination (return value 90)
		Usr 0 00:00:00, Sys 0 00:00:16  -  Run Remote Usage
		Usr 0 00:00:00, Sys 0 00:00:00  -  Run Local Usage
		Usr 0 00:00:00, Sys 0 00:00:16  -  Total Remote Usage
		Usr 0 00:00:00, Sys 0 00:00:00  -  Total Local Usage
	8845  -  Run Bytes Sent By Job
	8930  -  Run Bytes Received By Job
	8845  -  Total Bytes Sent By Job
	8930  -  Total Bytes Received By Job
	Partitionable Resources :    Usage  Request Allocated
	   Cpus                 :                 1         1
	   Disk (KB)            :  3787784 10000000  11946128
	   Memory (MB)          :       71     2100      2100
...
000 (221537.000.000) 07/31 07:08:12 Job submitted from host: <131.225.189.232:9618?addrs=131.225.189.232-9618&noUDP&sock=8982_aaf4_3>
...
001 (221537.000.000) 07/31 07:09:13 Job executing on host: <131.225.204.101:56622?addrs=131.225.204.101-56622>
...
006 (221537.000.000) 07/31 07:09:21 Image size of job updated: 447532
	13  -  MemoryUsage of job (MB)
	12952  -  ResidentSetSize of job (KB)
...
006 (221537.000.000) 07/31 07:10:21 Image size of job updated: 447532
	71  -  MemoryUsage of job (MB)
	72344  -  ResidentSetSize of job (KB)
...
000 (222092.000.000) 07/31 07:12:52 Job submitted from host: <131.225.189.232:9618?addrs=131.225.189.232-9618&noUDP&sock=8982_aaf4_3>
...
001 (222092.000.000) 07/31 07:14:28 Job executing on host: <131.225.204.123:52965?addrs=131.225.204.123-52965>
...
006 (222092.000.000) 07/31 07:14:36 Image size of job updated: 2
	3  -  MemoryUsage of job (MB)
	2428  -  ResidentSetSize of job (KB)
...
006 (222092.000.000) 07/31 07:15:36 Image size of job updated: 447524
	71  -  MemoryUsage of job (MB)
	72344  -  ResidentSetSize of job (KB)
...
005 (221537.000.000) 07/31 07:16:19 Job terminated.
	(1) Normal termination (return value 90)
		Usr 0 00:00:03, Sys 0 00:00:16  -  Run Remote Usage
		Usr 0 00:00:00, Sys 0 00:00:00  -  Run Local Usage
		Usr 0 00:00:03, Sys 0 00:00:16  -  Total Remote Usage
		Usr 0 00:00:00, Sys 0 00:00:00  -  Total Local Usage
	36040  -  Run Bytes Sent By Job
	8930  -  Run Bytes Received By Job
	36040  -  Total Bytes Sent By Job
	8930  -  Total Bytes Received By Job
	Partitionable Resources :    Usage  Request Allocated
	   Cpus                 :                 1         1
	   Disk (KB)            :  5746816 10000000  10203636
	   Memory (MB)          :       71     2100      2100
...
006 (222092.000.000) 07/31 07:16:37 Image size of job updated: 493968
	261  -  MemoryUsage of job (MB)
	267224  -  ResidentSetSize of job (KB)
...
005 (222092.000.000) 07/31 07:16:39 Job terminated.
	(1) Normal termination (return value 65)
		Usr 0 00:00:03, Sys 0 00:00:18  -  Run Remote Usage
		Usr 0 00:00:00, Sys 0 00:00:00  -  Run Local Usage
		Usr 0 00:00:03, Sys 0 00:00:18  -  Total Remote Usage
		Usr 0 00:00:00, Sys 0 00:00:00  -  Total Local Usage
	9499  -  Run Bytes Sent By Job
	8930  -  Run Bytes Received By Job
	9499  -  Total Bytes Sent By Job
	8930  -  Total Bytes Received By Job
	Partitionable Resources :    Usage  Request Allocated
	   Cpus                 :                 1         1
	   Disk (KB)            :  6695858 10000000  13270752
	   Memory (MB)          :      261     2100      2100
...
000 (222654.000.000) 07/31 08:33:02 Job submitted from host: <131.225.189.232:9618?addrs=131.225.189.232-9618&noUDP&sock=8982_aaf4_3>
...
001 (222654.000.000) 07/31 08:34:45 Job executing on host: <131.225.204.102:9137?addrs=131.225.204.102-9137>
...
006 (222654.000.000) 07/31 08:34:53 Image size of job updated: 447528
	13  -  MemoryUsage of job (MB)
	12952  -  ResidentSetSize of job (KB)
...
006 (222654.000.000) 07/31 08:35:53 Image size of job updated: 447528
	71  -  MemoryUsage of job (MB)
	72344  -  ResidentSetSize of job (KB)
...
006 (222654.000.000) 07/31 08:38:31 Image size of job updated: 473900
	71  -  MemoryUsage of job (MB)
	72344  -  ResidentSetSize of job (KB)
...
005 (222654.000.000) 07/31 08:38:32 Job terminated.
	(1) Normal termination (return value 65)
		Usr 0 00:00:03, Sys 0 00:00:18  -  Run Remote Usage
		Usr 0 00:00:00, Sys 0 00:00:00  -  Run Local Usage
		Usr 0 00:00:03, Sys 0 00:00:18  -  Total Remote Usage
		Usr 0 00:00:00, Sys 0 00:00:00  -  Total Local Usage
	19471  -  Run Bytes Sent By Job
	8930  -  Run Bytes Received By Job
	19471  -  Total Bytes Sent By Job
	8930  -  Total Bytes Received By Job
	Partitionable Resources :    Usage  Request Allocated
	   Cpus                 :                 1         1
	   Disk (KB)            :  5683541 10000000  10580073
	   Memory (MB)          :       71     2100      2100
...
000 (223209.000.000) 07/31 08:50:04 Job submitted from host: <131.225.189.232:9618?addrs=131.225.189.232-9618&noUDP&sock=8982_aaf4_3>
...
001 (223209.000.000) 07/31 08:51:28 Job executing on host: <131.225.205.192:16216?addrs=131.225.205.192-16216>
...
006 (223209.000.000) 07/31 08:51:37 Image size of job updated: 447524
	71  -  MemoryUsage of job (MB)
	72348  -  ResidentSetSize of job (KB)
...
006 (223209.000.000) 07/31 08:54:39 Image size of job updated: 772784
	450  -  MemoryUsage of job (MB)
	460776  -  ResidentSetSize of job (KB)
...
005 (223209.000.000) 07/31 08:54:46 Job terminated.
	(1) Normal termination (return value 65)
		Usr 0 00:00:17, Sys 0 00:00:27  -  Run Remote Usage
		Usr 0 00:00:00, Sys 0 00:00:00  -  Run Local Usage
		Usr 0 00:00:17, Sys 0 00:00:27  -  Total Remote Usage
		Usr 0 00:00:00, Sys 0 00:00:00  -  Total Local Usage
	16200  -  Run Bytes Sent By Job
	44439  -  Run Bytes Received By Job
	16200  -  Total Bytes Sent By Job
	44439  -  Total Bytes Received By Job
	Partitionable Resources :    Usage  Request Allocated
	   Cpus                 :                 1         1
	   Disk (KB)            :  6698570 10000000  17130977
	   Memory (MB)          :      450     2100      2100
...
000 (223764.000.000) 07/31 09:06:32 Job submitted from host: <131.225.189.232:9618?addrs=131.225.189.232-9618&noUDP&sock=8982_aaf4_3>
...
