000 (221031.000.000) 07/31 06:50:02 Job submitted from host: <131.225.189.232:9618?addrs=131.225.189.232-9618&noUDP&sock=8982_aaf4_3>
...
001 (221031.000.000) 07/31 06:51:26 Job executing on host: <131.225.206.3:38467?addrs=131.225.206.3-38467>
...
006 (221031.000.000) 07/31 06:51:35 Image size of job updated: 447524
	71  -  MemoryUsage of job (MB)
	72348  -  ResidentSetSize of job (KB)
...
005 (221031.000.000) 07/31 06:57:08 Job terminated.
	(1) Normal termination (return value 90)
		Usr 0 00:00:01, Sys 0 00:00:22  -  Run Remote Usage
		Usr 0 00:00:00, Sys 0 00:00:00  -  Run Local Usage
		Usr 0 00:00:01, Sys 0 00:00:22  -  Total Remote Usage
		Usr 0 00:00:00, Sys 0 00:00:00  -  Total Local Usage
	18419  -  Run Bytes Sent By Job
	8930  -  Run Bytes Received By Job
	18419  -  Total Bytes Sent By Job
	8930  -  Total Bytes Received By Job
	Partitionable Resources :    Usage  Request Allocated
	   Cpus                 :                 1         1
	   Disk (KB)            :  5606418 10000000  13083388
	   Memory (MB)          :       71     2100      2100
...
000 (221593.000.000) 07/31 07:08:21 Job submitted from host: <131.225.189.232:9618?addrs=131.225.189.232-9618&noUDP&sock=8982_aaf4_3>
...
001 (221593.000.000) 07/31 07:09:37 Job executing on host: <131.225.207.70:41490?addrs=131.225.207.70-41490>
...
006 (221593.000.000) 07/31 07:09:45 Image size of job updated: 153824
	16  -  MemoryUsage of job (MB)
	15456  -  ResidentSetSize of job (KB)
...
006 (221593.000.000) 07/31 07:10:45 Image size of job updated: 447524
	71  -  MemoryUsage of job (MB)
	72348  -  ResidentSetSize of job (KB)
...
000 (222148.000.000) 07/31 07:13:01 Job submitted from host: <131.225.189.232:9618?addrs=131.225.189.232-9618&noUDP&sock=8982_aaf4_3>
...
005 (221593.000.000) 07/31 07:14:41 Job terminated.
	(1) Normal termination (return value 90)
		Usr 0 00:00:02, Sys 0 00:00:21  -  Run Remote Usage
		Usr 0 00:00:00, Sys 0 00:00:00  -  Run Local Usage
		Usr 0 00:00:02, Sys 0 00:00:21  -  Total Remote Usage
		Usr 0 00:00:00, Sys 0 00:00:00  -  Total Local Usage
	28236  -  Run Bytes Sent By Job
	8930  -  Run Bytes Received By Job
	28236  -  Total Bytes Sent By Job
	8930  -  Total Bytes Received By Job
	Partitionable Resources :    Usage  Request Allocated
	   Cpus                 :                 1         1
	   Disk (KB)            :  5468280 10000000  10238742
	   Memory (MB)          :       71     2100      2100
...
001 (222148.000.000) 07/31 07:15:15 Job executing on host: <131.225.207.164:23946?addrs=131.225.207.164-23946>
...
006 (222148.000.000) 07/31 07:15:23 Image size of job updated: 74788
	14  -  MemoryUsage of job (MB)
	14200  -  ResidentSetSize of job (KB)
...
006 (222148.000.000) 07/31 07:16:23 Image size of job updated: 447524
	71  -  MemoryUsage of job (MB)
	72344  -  ResidentSetSize of job (KB)
...
006 (222148.000.000) 07/31 07:16:59 Image size of job updated: 507128
	71  -  MemoryUsage of job (MB)
	72344  -  ResidentSetSize of job (KB)
...
005 (222148.000.000) 07/31 07:17:01 Job terminated.
	(1) Normal termination (return value 65)
		Usr 0 00:00:04, Sys 0 00:00:14  -  Run Remote Usage
		Usr 0 00:00:00, Sys 0 00:00:00  -  Run Local Usage
		Usr 0 00:00:04, Sys 0 00:00:14  -  Total Remote Usage
		Usr 0 00:00:00, Sys 0 00:00:00  -  Total Local Usage
	8795  -  Run Bytes Sent By Job
	8930  -  Run Bytes Received By Job
	8795  -  Total Bytes Sent By Job
	8930  -  Total Bytes Received By Job
	Partitionable Resources :    Usage  Request Allocated
	   Cpus                 :                 1         1
	   Disk (KB)            :  6587979 10000000  10408485
	   Memory (MB)          :       71     2100      2100
...
000 (222710.000.000) 07/31 08:33:05 Job submitted from host: <131.225.189.232:9618?addrs=131.225.189.232-9618&noUDP&sock=8982_aaf4_3>
...
001 (222710.000.000) 07/31 08:35:23 Job executing on host: <131.225.207.110:29249?addrs=131.225.207.110-29249>
...
006 (222710.000.000) 07/31 08:35:32 Image size of job updated: 447524
	26  -  MemoryUsage of job (MB)
	25688  -  ResidentSetSize of job (KB)
...
006 (222710.000.000) 07/31 08:36:33 Image size of job updated: 447524
	70  -  MemoryUsage of job (MB)
	71348  -  ResidentSetSize of job (KB)
...
006 (222710.000.000) 07/31 08:38:35 Image size of job updated: 772784
	482  -  MemoryUsage of job (MB)
	493092  -  ResidentSetSize of job (KB)
...
005 (222710.000.000) 07/31 08:38:36 Job terminated.
	(1) Normal termination (return value 65)
		Usr 0 00:00:12, Sys 0 00:00:11  -  Run Remote Usage
		Usr 0 00:00:00, Sys 0 00:00:00  -  Run Local Usage
		Usr 0 00:00:12, Sys 0 00:00:11  -  Total Remote Usage
		Usr 0 00:00:00, Sys 0 00:00:00  -  Total Local Usage
	15118  -  Run Bytes Sent By Job
	8930  -  Run Bytes Received By Job
	15118  -  Total Bytes Sent By Job
	8930  -  Total Bytes Received By Job
	Partitionable Resources :    Usage  Request Allocated
	   Cpus                 :                 1         1
	   Disk (KB)            :  4667727 10000000  10508472
	   Memory (MB)          :      482     2100      2100
...
