000 (220703.000.000) 07/31 06:48:52 Job submitted from host: <131.225.189.232:9618?addrs=131.225.189.232-9618&noUDP&sock=8982_aaf4_3>
...
001 (220703.000.000) 07/31 06:49:13 Job executing on host: <131.225.206.229:10955?addrs=131.225.206.229-10955>
...
006 (220703.000.000) 07/31 06:49:22 Image size of job updated: 447524
	71  -  MemoryUsage of job (MB)
	72344  -  ResidentSetSize of job (KB)
...
005 (220703.000.000) 07/31 06:50:54 Job terminated.
	(1) Normal termination (return value 90)
		Usr 0 00:00:01, Sys 0 00:00:15  -  Run Remote Usage
		Usr 0 00:00:00, Sys 0 00:00:00  -  Run Local Usage
		Usr 0 00:00:01, Sys 0 00:00:15  -  Total Remote Usage
		Usr 0 00:00:00, Sys 0 00:00:00  -  Total Local Usage
	11058  -  Run Bytes Sent By Job
	8930  -  Run Bytes Received By Job
	11058  -  Total Bytes Sent By Job
	8930  -  Total Bytes Received By Job
	Partitionable Resources :    Usage  Request Allocated
	   Cpus                 :                 1         1
	   Disk (KB)            :  4164618 10000000  12039232
	   Memory (MB)          :       71     2100      2100
...
000 (221265.000.000) 07/31 07:07:24 Job submitted from host: <131.225.189.232:9618?addrs=131.225.189.232-9618&noUDP&sock=8982_aaf4_3>
...
001 (221265.000.000) 07/31 07:07:56 Job executing on host: <131.225.207.192:2298?addrs=131.225.207.192-2298>
...
006 (221265.000.000) 07/31 07:08:05 Image size of job updated: 447524
	71  -  MemoryUsage of job (MB)
	72352  -  ResidentSetSize of job (KB)
...
005 (221265.000.000) 07/31 07:10:11 Job terminated.
	(1) Normal termination (return value 90)
		Usr 0 00:00:01, Sys 0 00:00:16  -  Run Remote Usage
		Usr 0 00:00:00, Sys 0 00:00:00  -  Run Local Usage
		Usr 0 00:00:01, Sys 0 00:00:16  -  Total Remote Usage
		Usr 0 00:00:00, Sys 0 00:00:00  -  Total Local Usage
	13559  -  Run Bytes Sent By Job
	8930  -  Run Bytes Received By Job
	13559  -  Total Bytes Sent By Job
	8930  -  Total Bytes Received By Job
	Partitionable Resources :    Usage  Request Allocated
	   Cpus                 :                 1         1
	   Disk (KB)            :  5861486 10000000  10475754
	   Memory (MB)          :       71     2100      2100
...
000 (221820.000.000) 07/31 07:12:06 Job submitted from host: <131.225.189.232:9618?addrs=131.225.189.232-9618&noUDP&sock=8982_aaf4_3>
...
001 (221820.000.000) 07/31 07:12:16 Job executing on host: <131.225.206.155:62837?addrs=131.225.206.155-62837>
...
006 (221820.000.000) 07/31 07:12:24 Image size of job updated: 2
	3  -  MemoryUsage of job (MB)
	2424  -  ResidentSetSize of job (KB)
...
006 (221820.000.000) 07/31 07:13:24 Image size of job updated: 447524
	71  -  MemoryUsage of job (MB)
	72364  -  ResidentSetSize of job (KB)
...
006 (221820.000.000) 07/31 07:15:01 Image size of job updated: 742064
	71  -  MemoryUsage of job (MB)
	72364  -  ResidentSetSize of job (KB)
...
005 (221820.000.000) 07/31 07:15:02 Job terminated.
	(1) Normal termination (return value 65)
		Usr 0 00:00:10, Sys 0 00:00:14  -  Run Remote Usage
		Usr 0 00:00:00, Sys 0 00:00:00  -  Run Local Usage
		Usr 0 00:00:10, Sys 0 00:00:14  -  Total Remote Usage
		Usr 0 00:00:00, Sys 0 00:00:00  -  Total Local Usage
	9763  -  Run Bytes Sent By Job
	8930  -  Run Bytes Received By Job
	9763  -  Total Bytes Sent By Job
	8930  -  Total Bytes Received By Job
	Partitionable Resources :    Usage  Request Allocated
	   Cpus                 :                 1         1
	   Disk (KB)            :  6201145 10000000  10682373
	   Memory (MB)          :       71     2100      2100
...
000 (222382.000.000) 07/31 08:32:42 Job submitted from host: <131.225.189.232:9618?addrs=131.225.189.232-9618&noUDP&sock=8982_aaf4_3>
...
001 (222382.000.000) 07/31 08:33:20 Job executing on host: <131.225.204.115:58366?addrs=131.225.204.115-58366>
...
006 (222382.000.000) 07/31 08:33:29 Image size of job updated: 447524
	71  -  MemoryUsage of job (MB)
	72340  -  ResidentSetSize of job (KB)
...
006 (222382.000.000) 07/31 08:37:33 Image size of job updated: 447524
	199  -  MemoryUsage of job (MB)
	203088  -  ResidentSetSize of job (KB)
...
006 (222382.000.000) 07/31 08:37:46 Image size of job updated: 769972
	199  -  MemoryUsage of job (MB)
	203088  -  ResidentSetSize of job (KB)
...
005 (222382.000.000) 07/31 08:37:47 Job terminated.
	(1) Normal termination (return value 65)
		Usr 0 00:00:12, Sys 0 00:00:21  -  Run Remote Usage
		Usr 0 00:00:00, Sys 0 00:00:00  -  Run Local Usage
		Usr 0 00:00:12, Sys 0 00:00:21  -  Total Remote Usage
		Usr 0 00:00:00, Sys 0 00:00:00  -  Total Local Usage
	23135  -  Run Bytes Sent By Job
	8930  -  Run Bytes Received By Job
	23135  -  Total Bytes Sent By Job
	8930  -  Total Bytes Received By Job
	Partitionable Resources :    Usage  Request Allocated
	   Cpus                 :                 1         1
	   Disk (KB)            :  6204026 10000000  10480743
	   Memory (MB)          :      199     2100      2100
...
000 (222937.000.000) 07/31 08:49:51 Job submitted from host: <131.225.189.232:9618?addrs=131.225.189.232-9618&noUDP&sock=8982_aaf4_3>
...
001 (222937.000.000) 07/31 08:50:31 Job executing on host: <131.225.191.131:51883?addrs=131.225.191.131-51883>
...
006 (222937.000.000) 07/31 08:50:39 Image size of job updated: 447528
	69  -  MemoryUsage of job (MB)
	70284  -  ResidentSetSize of job (KB)
...
006 (222937.000.000) 07/31 08:52:41 Image size of job updated: 447528
	69  -  MemoryUsage of job (MB)
	70292  -  ResidentSetSize of job (KB)
...
006 (222937.000.000) 07/31 08:54:43 Image size of job updated: 447528
	69  -  MemoryUsage of job (MB)
	70320  -  ResidentSetSize of job (KB)
...
006 (222937.000.000) 07/31 08:56:11 Image size of job updated: 735412
	69  -  MemoryUsage of job (MB)
	70320  -  ResidentSetSize of job (KB)
...
005 (222937.000.000) 07/31 08:56:12 Job terminated.
	(1) Normal termination (return value 65)
		Usr 0 00:00:10, Sys 0 00:00:23  -  Run Remote Usage
		Usr 0 00:00:00, Sys 0 00:00:00  -  Run Local Usage
		Usr 0 00:00:10, Sys 0 00:00:23  -  Total Remote Usage
		Usr 0 00:00:00, Sys 0 00:00:00  -  Total Local Usage
	26104  -  Run Bytes Sent By Job
	44439  -  Run Bytes Received By Job
	26104  -  Total Bytes Sent By Job
	44439  -  Total Bytes Received By Job
	Partitionable Resources :    Usage  Request Allocated
	   Cpus                 :                 1         1
	   Disk (KB)            :  6203866 10000000  11623156
	   Memory (MB)          :       69     2100      2100
...
000 (223492.000.000) 07/31 09:06:19 Job submitted from host: <131.225.189.232:9618?addrs=131.225.189.232-9618&noUDP&sock=8982_aaf4_3>
...
