000 (220623.000.000) 07/31 06:48:36 Job submitted from host: <131.225.189.232:9618?addrs=131.225.189.232-9618&noUDP&sock=8982_aaf4_3>
...
001 (220623.000.000) 07/31 06:48:58 Job executing on host: <131.225.206.41:8370?addrs=131.225.206.41-8370>
...
006 (220623.000.000) 07/31 06:49:07 Image size of job updated: 447524
	71  -  MemoryUsage of job (MB)
	72344  -  ResidentSetSize of job (KB)
...
005 (220623.000.000) 07/31 06:50:36 Job terminated.
	(1) Normal termination (return value 90)
		Usr 0 00:00:00, Sys 0 00:00:16  -  Run Remote Usage
		Usr 0 00:00:00, Sys 0 00:00:00  -  Run Local Usage
		Usr 0 00:00:00, Sys 0 00:00:16  -  Total Remote Usage
		Usr 0 00:00:00, Sys 0 00:00:00  -  Total Local Usage
	10520  -  Run Bytes Sent By Job
	8930  -  Run Bytes Received By Job
	10520  -  Total Bytes Sent By Job
	8930  -  Total Bytes Received By Job
	Partitionable Resources :    Usage  Request Allocated
	   Cpus                 :                 1         1
	   Disk (KB)            :  4328458 10000000  10228824
	   Memory (MB)          :       71     2100      2100
...
000 (221185.000.000) 07/31 07:07:10 Job submitted from host: <131.225.189.232:9618?addrs=131.225.189.232-9618&noUDP&sock=8982_aaf4_3>
...
001 (221185.000.000) 07/31 07:07:40 Job executing on host: <131.225.204.106:26356?addrs=131.225.204.106-26356>
...
006 (221185.000.000) 07/31 07:07:49 Image size of job updated: 2
	3  -  MemoryUsage of job (MB)
	2420  -  ResidentSetSize of job (KB)
...
006 (221185.000.000) 07/31 07:08:50 Image size of job updated: 447524
	71  -  MemoryUsage of job (MB)
	72320  -  ResidentSetSize of job (KB)
...
006 (221185.000.000) 07/31 07:09:51 Image size of job updated: 447524
	71  -  MemoryUsage of job (MB)
	72348  -  ResidentSetSize of job (KB)
...
005 (221185.000.000) 07/31 07:11:11 Job terminated.
	(1) Normal termination (return value 90)
		Usr 0 00:00:01, Sys 0 00:00:20  -  Run Remote Usage
		Usr 0 00:00:00, Sys 0 00:00:00  -  Run Local Usage
		Usr 0 00:00:01, Sys 0 00:00:20  -  Total Remote Usage
		Usr 0 00:00:00, Sys 0 00:00:00  -  Total Local Usage
	20292  -  Run Bytes Sent By Job
	8930  -  Run Bytes Received By Job
	20292  -  Total Bytes Sent By Job
	8930  -  Total Bytes Received By Job
	Partitionable Resources :    Usage  Request Allocated
	   Cpus                 :                 1         1
	   Disk (KB)            :  5533812 10000000  10271841
	   Memory (MB)          :       71     2100      2100
...
000 (221740.000.000) 07/31 07:11:52 Job submitted from host: <131.225.189.232:9618?addrs=131.225.189.232-9618&noUDP&sock=8982_aaf4_3>
...
001 (221740.000.000) 07/31 07:12:11 Job executing on host: <131.225.207.153:11574?addrs=131.225.207.153-11574>
...
006 (221740.000.000) 07/31 07:12:20 Image size of job updated: 447524
	71  -  MemoryUsage of job (MB)
	72348  -  ResidentSetSize of job (KB)
...
006 (221740.000.000) 07/31 07:14:22 Image size of job updated: 599112
	322  -  MemoryUsage of job (MB)
	329212  -  ResidentSetSize of job (KB)
...
006 (221740.000.000) 07/31 07:14:51 Image size of job updated: 769968
	322  -  MemoryUsage of job (MB)
	329212  -  ResidentSetSize of job (KB)
...
005 (221740.000.000) 07/31 07:14:51 Job terminated.
	(1) Normal termination (return value 65)
		Usr 0 00:00:12, Sys 0 00:00:13  -  Run Remote Usage
		Usr 0 00:00:00, Sys 0 00:00:00  -  Run Local Usage
		Usr 0 00:00:12, Sys 0 00:00:13  -  Total Remote Usage
		Usr 0 00:00:00, Sys 0 00:00:00  -  Total Local Usage
	8880  -  Run Bytes Sent By Job
	8930  -  Run Bytes Received By Job
	8880  -  Total Bytes Sent By Job
	8930  -  Total Bytes Received By Job
	Partitionable Resources :    Usage  Request Allocated
	   Cpus                 :                 1         1
	   Disk (KB)            :  5905844 10000000  13040168
	   Memory (MB)          :      322     2100      2100
...
000 (222302.000.000) 07/31 08:32:36 Job submitted from host: <131.225.189.232:9618?addrs=131.225.189.232-9618&noUDP&sock=8982_aaf4_3>
...
001 (222302.000.000) 07/31 08:33:04 Job executing on host: <131.225.206.127:19171?addrs=131.225.206.127-19171>
...
006 (222302.000.000) 07/31 08:33:13 Image size of job updated: 447524
	71  -  MemoryUsage of job (MB)
	72348  -  ResidentSetSize of job (KB)
...
006 (222302.000.000) 07/31 08:36:16 Image size of job updated: 692656
	408  -  MemoryUsage of job (MB)
	417564  -  ResidentSetSize of job (KB)
...
005 (222302.000.000) 07/31 08:36:20 Job terminated.
	(1) Normal termination (return value 65)
		Usr 0 00:00:09, Sys 0 00:00:16  -  Run Remote Usage
		Usr 0 00:00:00, Sys 0 00:00:00  -  Run Local Usage
		Usr 0 00:00:09, Sys 0 00:00:16  -  Total Remote Usage
		Usr 0 00:00:00, Sys 0 00:00:00  -  Total Local Usage
	17105  -  Run Bytes Sent By Job
	8930  -  Run Bytes Received By Job
	17105  -  Total Bytes Sent By Job
	8930  -  Total Bytes Received By Job
	Partitionable Resources :    Usage  Request Allocated
	   Cpus                 :                 1         1
	   Disk (KB)            :  5908719 10000000  10604004
	   Memory (MB)          :      408     2100      2100
...
