000 (220662.000.000) 07/31 06:48:43 Job submitted from host: <131.225.189.232:9618?addrs=131.225.189.232-9618&noUDP&sock=8982_aaf4_3>
...
001 (220662.000.000) 07/31 06:49:05 Job executing on host: <131.225.207.168:29999?addrs=131.225.207.168-29999>
...
006 (220662.000.000) 07/31 06:49:14 Image size of job updated: 447524
	71  -  MemoryUsage of job (MB)
	72344  -  ResidentSetSize of job (KB)
...
005 (220662.000.000) 07/31 06:53:22 Job terminated.
	(1) Normal termination (return value 90)
		Usr 0 00:00:01, Sys 0 00:00:17  -  Run Remote Usage
		Usr 0 00:00:00, Sys 0 00:00:00  -  Run Local Usage
		Usr 0 00:00:01, Sys 0 00:00:17  -  Total Remote Usage
		Usr 0 00:00:00, Sys 0 00:00:00  -  Total Local Usage
	23462  -  Run Bytes Sent By Job
	8930  -  Run Bytes Received By Job
	23462  -  Total Bytes Sent By Job
	8930  -  Total Bytes Received By Job
	Partitionable Resources :    Usage  Request Allocated
	   Cpus                 :                 1         1
	   Disk (KB)            :  6196249 10000000  10170387
	   Memory (MB)          :       71     2100      2100
...
000 (221224.000.000) 07/31 07:07:17 Job submitted from host: <131.225.189.232:9618?addrs=131.225.189.232-9618&noUDP&sock=8982_aaf4_3>
...
001 (221224.000.000) 07/31 07:07:48 Job executing on host: <131.225.204.62:22110?addrs=131.225.204.62-22110>
...
006 (221224.000.000) 07/31 07:07:57 Image size of job updated: 447524
	71  -  MemoryUsage of job (MB)
	72348  -  ResidentSetSize of job (KB)
...
005 (221224.000.000) 07/31 07:10:57 Job terminated.
	(1) Normal termination (return value 90)
		Usr 0 00:00:01, Sys 0 00:00:17  -  Run Remote Usage
		Usr 0 00:00:00, Sys 0 00:00:00  -  Run Local Usage
		Usr 0 00:00:01, Sys 0 00:00:17  -  Total Remote Usage
		Usr 0 00:00:00, Sys 0 00:00:00  -  Total Local Usage
	18588  -  Run Bytes Sent By Job
	8930  -  Run Bytes Received By Job
	18588  -  Total Bytes Sent By Job
	8930  -  Total Bytes Received By Job
	Partitionable Resources :    Usage  Request Allocated
	   Cpus                 :                 1         1
	   Disk (KB)            :  4845678 10000000  10463229
	   Memory (MB)          :       71     2100      2100
...
000 (221779.000.000) 07/31 07:11:58 Job submitted from host: <131.225.189.232:9618?addrs=131.225.189.232-9618&noUDP&sock=8982_aaf4_3>
...
001 (221779.000.000) 07/31 07:12:19 Job executing on host: <131.225.206.2:4181?addrs=131.225.206.2-4181>
...
006 (221779.000.000) 07/31 07:12:28 Image size of job updated: 447524
	71  -  MemoryUsage of job (MB)
	72344  -  ResidentSetSize of job (KB)
...
006 (221779.000.000) 07/31 07:14:30 Image size of job updated: 629676
	356  -  MemoryUsage of job (MB)
	363792  -  ResidentSetSize of job (KB)
...
006 (221779.000.000) 07/31 07:15:04 Image size of job updated: 678324
	356  -  MemoryUsage of job (MB)
	363792  -  ResidentSetSize of job (KB)
...
005 (221779.000.000) 07/31 07:15:04 Job terminated.
	(1) Normal termination (return value 65)
		Usr 0 00:00:08, Sys 0 00:00:15  -  Run Remote Usage
		Usr 0 00:00:00, Sys 0 00:00:00  -  Run Local Usage
		Usr 0 00:00:08, Sys 0 00:00:15  -  Total Remote Usage
		Usr 0 00:00:00, Sys 0 00:00:00  -  Total Local Usage
	8980  -  Run Bytes Sent By Job
	8930  -  Run Bytes Received By Job
	8980  -  Total Bytes Sent By Job
	8930  -  Total Bytes Received By Job
	Partitionable Resources :    Usage  Request Allocated
	   Cpus                 :                 1         1
	   Disk (KB)            :  6244352 10000000  10624227
	   Memory (MB)          :      356     2100      2100
...
000 (222341.000.000) 07/31 08:32:39 Job submitted from host: <131.225.189.232:9618?addrs=131.225.189.232-9618&noUDP&sock=8982_aaf4_3>
...
001 (222341.000.000) 07/31 08:33:14 Job executing on host: <131.225.206.111:11920?addrs=131.225.206.111-11920>
...
006 (222341.000.000) 07/31 08:33:23 Image size of job updated: 447524
	71  -  MemoryUsage of job (MB)
	72344  -  ResidentSetSize of job (KB)
...
006 (222341.000.000) 07/31 08:36:19 Image size of job updated: 729260
	71  -  MemoryUsage of job (MB)
	72344  -  ResidentSetSize of job (KB)
...
005 (222341.000.000) 07/31 08:36:19 Job terminated.
	(1) Normal termination (return value 65)
		Usr 0 00:00:11, Sys 0 00:00:20  -  Run Remote Usage
		Usr 0 00:00:00, Sys 0 00:00:00  -  Run Local Usage
		Usr 0 00:00:11, Sys 0 00:00:20  -  Total Remote Usage
		Usr 0 00:00:00, Sys 0 00:00:00  -  Total Local Usage
	16730  -  Run Bytes Sent By Job
	8930  -  Run Bytes Received By Job
	16730  -  Total Bytes Sent By Job
	8930  -  Total Bytes Received By Job
	Partitionable Resources :    Usage  Request Allocated
	   Cpus                 :                 1         1
	   Disk (KB)            :  4618576 10000000  10506132
	   Memory (MB)          :       71     2100      2100
...
