000 (220700.000.000) 07/31 06:48:51 Job submitted from host: <131.225.189.232:9618?addrs=131.225.189.232-9618&noUDP&sock=8982_aaf4_3>
...
001 (220700.000.000) 07/31 06:49:12 Job executing on host: <131.225.204.124:51529?addrs=131.225.204.124-51529>
...
006 (220700.000.000) 07/31 06:49:21 Image size of job updated: 2
	3  -  MemoryUsage of job (MB)
	2420  -  ResidentSetSize of job (KB)
...
006 (220700.000.000) 07/31 06:50:22 Image size of job updated: 447524
	71  -  MemoryUsage of job (MB)
	72344  -  ResidentSetSize of job (KB)
...
005 (220700.000.000) 07/31 06:53:18 Job terminated.
	(1) Normal termination (return value 90)
		Usr 0 00:00:01, Sys 0 00:00:19  -  Run Remote Usage
		Usr 0 00:00:00, Sys 0 00:00:00  -  Run Local Usage
		Usr 0 00:00:01, Sys 0 00:00:19  -  Total Remote Usage
		Usr 0 00:00:00, Sys 0 00:00:00  -  Total Local Usage
	22947  -  Run Bytes Sent By Job
	8930  -  Run Bytes Received By Job
	22947  -  Total Bytes Sent By Job
	8930  -  Total Bytes Received By Job
	Partitionable Resources :    Usage  Request Allocated
	   Cpus                 :                 1         1
	   Disk (KB)            :  5000212 10000000  10552854
	   Memory (MB)          :       71     2100      2100
...
000 (221262.000.000) 07/31 07:07:23 Job submitted from host: <131.225.189.232:9618?addrs=131.225.189.232-9618&noUDP&sock=8982_aaf4_3>
...
001 (221262.000.000) 07/31 07:07:55 Job executing on host: <131.225.206.118:64017?addrs=131.225.206.118-64017>
...
006 (221262.000.000) 07/31 07:08:04 Image size of job updated: 447524
	71  -  MemoryUsage of job (MB)
	72348  -  ResidentSetSize of job (KB)
...
000 (221817.000.000) 07/31 07:12:05 Job submitted from host: <131.225.189.232:9618?addrs=131.225.189.232-9618&noUDP&sock=8982_aaf4_3>
...
001 (221817.000.000) 07/31 07:12:09 Job executing on host: <131.225.206.180:5016?addrs=131.225.206.180-5016>
...
006 (221817.000.000) 07/31 07:12:17 Image size of job updated: 447524
	47  -  MemoryUsage of job (MB)
	47116  -  ResidentSetSize of job (KB)
...
006 (221817.000.000) 07/31 07:13:17 Image size of job updated: 447524
	69  -  MemoryUsage of job (MB)
	70292  -  ResidentSetSize of job (KB)
...
006 (221817.000.000) 07/31 07:14:18 Image size of job updated: 447524
	165  -  MemoryUsage of job (MB)
	168084  -  ResidentSetSize of job (KB)
...
005 (221262.000.000) 07/31 07:14:47 Job terminated.
	(1) Normal termination (return value 90)
		Usr 0 00:00:01, Sys 0 00:00:20  -  Run Remote Usage
		Usr 0 00:00:00, Sys 0 00:00:00  -  Run Local Usage
		Usr 0 00:00:01, Sys 0 00:00:20  -  Total Remote Usage
		Usr 0 00:00:00, Sys 0 00:00:00  -  Total Local Usage
	33371  -  Run Bytes Sent By Job
	8930  -  Run Bytes Received By Job
	33371  -  Total Bytes Sent By Job
	8930  -  Total Bytes Received By Job
	Partitionable Resources :    Usage  Request Allocated
	   Cpus                 :                 1         1
	   Disk (KB)            :  5779583 10000000  10451427
	   Memory (MB)          :       71     2100      2100
...
006 (221817.000.000) 07/31 07:14:48 Image size of job updated: 769968
	165  -  MemoryUsage of job (MB)
	168084  -  ResidentSetSize of job (KB)
...
005 (221817.000.000) 07/31 07:14:48 Job terminated.
	(1) Normal termination (return value 65)
		Usr 0 00:00:13, Sys 0 00:00:14  -  Run Remote Usage
		Usr 0 00:00:00, Sys 0 00:00:00  -  Run Local Usage
		Usr 0 00:00:13, Sys 0 00:00:14  -  Total Remote Usage
		Usr 0 00:00:00, Sys 0 00:00:00  -  Total Local Usage
	10402  -  Run Bytes Sent By Job
	8930  -  Run Bytes Received By Job
	10402  -  Total Bytes Sent By Job
	8930  -  Total Bytes Received By Job
	Partitionable Resources :    Usage  Request Allocated
	   Cpus                 :                 1         1
	   Disk (KB)            :  6355266 10000000  10268961
	   Memory (MB)          :      165     2100      2100
...
000 (222379.000.000) 07/31 08:32:41 Job submitted from host: <131.225.189.232:9618?addrs=131.225.189.232-9618&noUDP&sock=8982_aaf4_3>
...
001 (222379.000.000) 07/31 08:33:22 Job executing on host: <131.225.204.71:34466?addrs=131.225.204.71-34466>
...
006 (222379.000.000) 07/31 08:33:30 Image size of job updated: 447524
	71  -  MemoryUsage of job (MB)
	72348  -  ResidentSetSize of job (KB)
...
006 (222379.000.000) 07/31 08:36:30 Image size of job updated: 769964
	71  -  MemoryUsage of job (MB)
	72348  -  ResidentSetSize of job (KB)
...
005 (222379.000.000) 07/31 08:37:13 Job terminated.
	(1) Normal termination (return value 65)
		Usr 0 00:00:11, Sys 0 00:00:22  -  Run Remote Usage
		Usr 0 00:00:00, Sys 0 00:00:00  -  Run Local Usage
		Usr 0 00:00:11, Sys 0 00:00:22  -  Total Remote Usage
		Usr 0 00:00:00, Sys 0 00:00:00  -  Total Local Usage
	13609  -  Run Bytes Sent By Job
	8930  -  Run Bytes Received By Job
	13609  -  Total Bytes Sent By Job
	8930  -  Total Bytes Received By Job
	Partitionable Resources :    Usage  Request Allocated
	   Cpus                 :                 1         1
	   Disk (KB)            :  6358136 10000000  10417647
	   Memory (MB)          :       71     2100      2100
...
000 (222934.000.000) 07/31 08:49:51 Job submitted from host: <131.225.189.232:9618?addrs=131.225.189.232-9618&noUDP&sock=8982_aaf4_3>
...
001 (222934.000.000) 07/31 08:50:31 Job executing on host: <131.225.207.54:28276?addrs=131.225.207.54-28276>
...
006 (222934.000.000) 07/31 08:50:39 Image size of job updated: 2
	3  -  MemoryUsage of job (MB)
	2424  -  ResidentSetSize of job (KB)
...
006 (222934.000.000) 07/31 08:51:39 Image size of job updated: 447524
	71  -  MemoryUsage of job (MB)
	72344  -  ResidentSetSize of job (KB)
...
006 (222934.000.000) 07/31 08:55:21 Image size of job updated: 769972
	71  -  MemoryUsage of job (MB)
	72344  -  ResidentSetSize of job (KB)
...
005 (222934.000.000) 07/31 08:55:26 Job terminated.
	(1) Normal termination (return value 65)
		Usr 0 00:00:12, Sys 0 00:00:26  -  Run Remote Usage
		Usr 0 00:00:00, Sys 0 00:00:00  -  Run Local Usage
		Usr 0 00:00:12, Sys 0 00:00:26  -  Total Remote Usage
		Usr 0 00:00:00, Sys 0 00:00:00  -  Total Local Usage
	25225  -  Run Bytes Sent By Job
	44439  -  Run Bytes Received By Job
	25225  -  Total Bytes Sent By Job
	44439  -  Total Bytes Received By Job
	Partitionable Resources :    Usage  Request Allocated
	   Cpus                 :                 1         1
	   Disk (KB)            :  6191289 10000000  13173540
	   Memory (MB)          :       71     2100      2100
...
000 (223489.000.000) 07/31 09:06:19 Job submitted from host: <131.225.189.232:9618?addrs=131.225.189.232-9618&noUDP&sock=8982_aaf4_3>
...
