000 (220972.000.000) 07/31 06:49:49 Job submitted from host: <131.225.189.232:9618?addrs=131.225.189.232-9618&noUDP&sock=8982_aaf4_3>
...
001 (220972.000.000) 07/31 06:50:53 Job executing on host: <131.225.191.155:28550?addrs=131.225.191.155-28550>
...
006 (220972.000.000) 07/31 06:51:01 Image size of job updated: 381924
	15  -  MemoryUsage of job (MB)
	14936  -  ResidentSetSize of job (KB)
...
006 (220972.000.000) 07/31 06:52:01 Image size of job updated: 447524
	71  -  MemoryUsage of job (MB)
	72344  -  ResidentSetSize of job (KB)
...
005 (220972.000.000) 07/31 06:53:05 Job terminated.
	(1) Normal termination (return value 90)
		Usr 0 00:00:00, Sys 0 00:00:16  -  Run Remote Usage
		Usr 0 00:00:00, Sys 0 00:00:00  -  Run Local Usage
		Usr 0 00:00:00, Sys 0 00:00:16  -  Total Remote Usage
		Usr 0 00:00:00, Sys 0 00:00:00  -  Total Local Usage
	9645  -  Run Bytes Sent By Job
	8930  -  Run Bytes Received By Job
	9645  -  Total Bytes Sent By Job
	8930  -  Total Bytes Received By Job
	Partitionable Resources :    Usage  Request Allocated
	   Cpus                 :                 1         1
	   Disk (KB)            :  6523915 10000000  12303224
	   Memory (MB)          :       71     2100      2100
...
000 (221534.000.000) 07/31 07:08:11 Job submitted from host: <131.225.189.232:9618?addrs=131.225.189.232-9618&noUDP&sock=8982_aaf4_3>
...
001 (221534.000.000) 07/31 07:09:12 Job executing on host: <131.225.204.95:16175?addrs=131.225.204.95-16175>
...
006 (221534.000.000) 07/31 07:09:21 Image size of job updated: 2
	3  -  MemoryUsage of job (MB)
	2424  -  ResidentSetSize of job (KB)
...
006 (221534.000.000) 07/31 07:10:22 Image size of job updated: 447524
	70  -  MemoryUsage of job (MB)
	71356  -  ResidentSetSize of job (KB)
...
000 (222089.000.000) 07/31 07:12:51 Job submitted from host: <131.225.189.232:9618?addrs=131.225.189.232-9618&noUDP&sock=8982_aaf4_3>
...
005 (221534.000.000) 07/31 07:14:12 Job terminated.
	(1) Normal termination (return value 90)
		Usr 0 00:00:02, Sys 0 00:00:22  -  Run Remote Usage
		Usr 0 00:00:00, Sys 0 00:00:00  -  Run Local Usage
		Usr 0 00:00:02, Sys 0 00:00:22  -  Total Remote Usage
		Usr 0 00:00:00, Sys 0 00:00:00  -  Total Local Usage
	27879  -  Run Bytes Sent By Job
	8930  -  Run Bytes Received By Job
	27879  -  Total Bytes Sent By Job
	8930  -  Total Bytes Received By Job
	Partitionable Resources :    Usage  Request Allocated
	   Cpus                 :                 1         1
	   Disk (KB)            :  5648505 10000000  10186422
	   Memory (MB)          :       70     2100      2100
...
001 (222089.000.000) 07/31 07:14:26 Job executing on host: <131.225.191.154:54360?addrs=131.225.191.154-54360>
...
006 (222089.000.000) 07/31 07:14:34 Image size of job updated: 102480
	3  -  MemoryUsage of job (MB)
	2468  -  ResidentSetSize of job (KB)
...
006 (222089.000.000) 07/31 07:15:35 Image size of job updated: 447524
	71  -  MemoryUsage of job (MB)
	72348  -  ResidentSetSize of job (KB)
...
006 (222089.000.000) 07/31 07:17:37 Image size of job updated: 606280
	330  -  MemoryUsage of job (MB)
	337724  -  ResidentSetSize of job (KB)
...
006 (222089.000.000) 07/31 07:17:51 Image size of job updated: 770740
	330  -  MemoryUsage of job (MB)
	337724  -  ResidentSetSize of job (KB)
...
005 (222089.000.000) 07/31 07:17:52 Job terminated.
	(1) Normal termination (return value 65)
		Usr 0 00:00:12, Sys 0 00:00:16  -  Run Remote Usage
		Usr 0 00:00:00, Sys 0 00:00:00  -  Run Local Usage
		Usr 0 00:00:12, Sys 0 00:00:16  -  Total Remote Usage
		Usr 0 00:00:00, Sys 0 00:00:00  -  Total Local Usage
	14117  -  Run Bytes Sent By Job
	8930  -  Run Bytes Received By Job
	14117  -  Total Bytes Sent By Job
	8930  -  Total Bytes Received By Job
	Partitionable Resources :    Usage  Request Allocated
	   Cpus                 :                 1         1
	   Disk (KB)            :  6568077 10000000  11436020
	   Memory (MB)          :      330     2100      2100
...
000 (222651.000.000) 07/31 08:33:01 Job submitted from host: <131.225.189.232:9618?addrs=131.225.189.232-9618&noUDP&sock=8982_aaf4_3>
...
001 (222651.000.000) 07/31 08:34:32 Job executing on host: <131.225.206.162:10328?addrs=131.225.206.162-10328>
...
006 (222651.000.000) 07/31 08:34:40 Image size of job updated: 99680
	10  -  MemoryUsage of job (MB)
	9764  -  ResidentSetSize of job (KB)
...
006 (222651.000.000) 07/31 08:35:40 Image size of job updated: 447524
	69  -  MemoryUsage of job (MB)
	70324  -  ResidentSetSize of job (KB)
...
006 (222651.000.000) 07/31 08:36:40 Image size of job updated: 447524
	165  -  MemoryUsage of job (MB)
	167972  -  ResidentSetSize of job (KB)
...
006 (222651.000.000) 07/31 08:37:00 Image size of job updated: 547576
	165  -  MemoryUsage of job (MB)
	167972  -  ResidentSetSize of job (KB)
...
005 (222651.000.000) 07/31 08:37:01 Job terminated.
	(1) Normal termination (return value 65)
		Usr 0 00:00:04, Sys 0 00:00:15  -  Run Remote Usage
		Usr 0 00:00:00, Sys 0 00:00:00  -  Run Local Usage
		Usr 0 00:00:04, Sys 0 00:00:15  -  Total Remote Usage
		Usr 0 00:00:00, Sys 0 00:00:00  -  Total Local Usage
	10014  -  Run Bytes Sent By Job
	8930  -  Run Bytes Received By Job
	10014  -  Total Bytes Sent By Job
	8930  -  Total Bytes Received By Job
	Partitionable Resources :    Usage  Request Allocated
	   Cpus                 :                 1         1
	   Disk (KB)            :  6570940 10000000  11857280
	   Memory (MB)          :      165     2100      2100
...
000 (223206.000.000) 07/31 08:50:04 Job submitted from host: <131.225.189.232:9618?addrs=131.225.189.232-9618&noUDP&sock=8982_aaf4_3>
...
001 (223206.000.000) 07/31 08:51:26 Job executing on host: <131.225.191.223:52551?addrs=131.225.191.223-52551>
...
006 (223206.000.000) 07/31 08:51:34 Image size of job updated: 102480
	3  -  MemoryUsage of job (MB)
	2472  -  ResidentSetSize of job (KB)
...
006 (223206.000.000) 07/31 08:52:34 Image size of job updated: 447524
	69  -  MemoryUsage of job (MB)
	70356  -  ResidentSetSize of job (KB)
...
006 (223206.000.000) 07/31 08:53:36 Image size of job updated: 447524
	69  -  MemoryUsage of job (MB)
	70360  -  ResidentSetSize of job (KB)
...
006 (223206.000.000) 07/31 08:56:37 Image size of job updated: 709296
	69  -  MemoryUsage of job (MB)
	70360  -  ResidentSetSize of job (KB)
...
005 (223206.000.000) 07/31 08:57:23 Job terminated.
	(1) Normal termination (return value 65)
		Usr 0 00:00:14, Sys 0 00:00:33  -  Run Remote Usage
		Usr 0 00:00:00, Sys 0 00:00:00  -  Run Local Usage
		Usr 0 00:00:14, Sys 0 00:00:33  -  Total Remote Usage
		Usr 0 00:00:00, Sys 0 00:00:00  -  Total Local Usage
	26308  -  Run Bytes Sent By Job
	44439  -  Run Bytes Received By Job
	26308  -  Total Bytes Sent By Job
	44439  -  Total Bytes Received By Job
	Partitionable Resources :    Usage  Request Allocated
	   Cpus                 :                 1         1
	   Disk (KB)            :  6224058 10000000  15774330
	   Memory (MB)          :       69     2100      2100
...
000 (223761.000.000) 07/31 09:06:32 Job submitted from host: <131.225.189.232:9618?addrs=131.225.189.232-9618&noUDP&sock=8982_aaf4_3>
...
