000 (221040.000.000) 07/31 06:50:04 Job submitted from host: <131.225.189.232:9618?addrs=131.225.189.232-9618&noUDP&sock=8982_aaf4_3>
...
001 (221040.000.000) 07/31 06:51:18 Job executing on host: <131.225.205.153:56309?addrs=131.225.205.153-56309>
...
006 (221040.000.000) 07/31 06:51:27 Image size of job updated: 2
	3  -  MemoryUsage of job (MB)
	2424  -  ResidentSetSize of job (KB)
...
006 (221040.000.000) 07/31 06:52:28 Image size of job updated: 447524
	70  -  MemoryUsage of job (MB)
	71360  -  ResidentSetSize of job (KB)
...
005 (221040.000.000) 07/31 06:57:01 Job terminated.
	(1) Normal termination (return value 90)
		Usr 0 00:00:01, Sys 0 00:00:23  -  Run Remote Usage
		Usr 0 00:00:00, Sys 0 00:00:00  -  Run Local Usage
		Usr 0 00:00:01, Sys 0 00:00:23  -  Total Remote Usage
		Usr 0 00:00:00, Sys 0 00:00:00  -  Total Local Usage
	18686  -  Run Bytes Sent By Job
	8930  -  Run Bytes Received By Job
	18686  -  Total Bytes Sent By Job
	8930  -  Total Bytes Received By Job
	Partitionable Resources :    Usage  Request Allocated
	   Cpus                 :                 1         1
	   Disk (KB)            :  5917715 10000000  17132679
	   Memory (MB)          :       70     2100      2100
...
000 (221602.000.000) 07/31 07:08:23 Job submitted from host: <131.225.189.232:9618?addrs=131.225.189.232-9618&noUDP&sock=8982_aaf4_3>
...
001 (221602.000.000) 07/31 07:09:43 Job executing on host: <131.225.204.123:52965?addrs=131.225.204.123-52965>
...
006 (221602.000.000) 07/31 07:09:51 Image size of job updated: 2
	3  -  MemoryUsage of job (MB)
	2424  -  ResidentSetSize of job (KB)
...
006 (221602.000.000) 07/31 07:10:51 Image size of job updated: 447524
	71  -  MemoryUsage of job (MB)
	72344  -  ResidentSetSize of job (KB)
...
005 (221602.000.000) 07/31 07:11:37 Job terminated.
	(1) Normal termination (return value 90)
		Usr 0 00:00:00, Sys 0 00:00:17  -  Run Remote Usage
		Usr 0 00:00:00, Sys 0 00:00:00  -  Run Local Usage
		Usr 0 00:00:00, Sys 0 00:00:17  -  Total Remote Usage
		Usr 0 00:00:00, Sys 0 00:00:00  -  Total Local Usage
	9347  -  Run Bytes Sent By Job
	8930  -  Run Bytes Received By Job
	9347  -  Total Bytes Sent By Job
	8930  -  Total Bytes Received By Job
	Partitionable Resources :    Usage  Request Allocated
	   Cpus                 :                 1         1
	   Disk (KB)            :  3518567 10000000  10300260
	   Memory (MB)          :       71     2100      2100
...
000 (222157.000.000) 07/31 07:13:02 Job submitted from host: <131.225.189.232:9618?addrs=131.225.189.232-9618&noUDP&sock=8982_aaf4_3>
...
001 (222157.000.000) 07/31 07:14:58 Job executing on host: <131.225.204.42:52392?addrs=131.225.204.42-52392>
...
006 (222157.000.000) 07/31 07:15:08 Image size of job updated: 2
	3  -  MemoryUsage of job (MB)
	2424  -  ResidentSetSize of job (KB)
...
006 (222157.000.000) 07/31 07:16:08 Image size of job updated: 447524
	71  -  MemoryUsage of job (MB)
	72344  -  ResidentSetSize of job (KB)
...
006 (222157.000.000) 07/31 07:17:09 Image size of job updated: 447524
	202  -  MemoryUsage of job (MB)
	206408  -  ResidentSetSize of job (KB)
...
006 (222157.000.000) 07/31 07:17:12 Image size of job updated: 772792
	202  -  MemoryUsage of job (MB)
	206408  -  ResidentSetSize of job (KB)
...
005 (222157.000.000) 07/31 07:17:13 Job terminated.
	(1) Normal termination (return value 65)
		Usr 0 00:00:12, Sys 0 00:00:14  -  Run Remote Usage
		Usr 0 00:00:00, Sys 0 00:00:00  -  Run Local Usage
		Usr 0 00:00:12, Sys 0 00:00:14  -  Total Remote Usage
		Usr 0 00:00:00, Sys 0 00:00:00  -  Total Local Usage
	9171  -  Run Bytes Sent By Job
	8930  -  Run Bytes Received By Job
	9171  -  Total Bytes Sent By Job
	8930  -  Total Bytes Received By Job
	Partitionable Resources :    Usage  Request Allocated
	   Cpus                 :                 1         1
	   Disk (KB)            :  6619692 10000000  10427037
	   Memory (MB)          :      202     2100      2100
...
000 (222719.000.000) 07/31 08:33:06 Job submitted from host: <131.225.189.232:9618?addrs=131.225.189.232-9618&noUDP&sock=8982_aaf4_3>
...
001 (222719.000.000) 07/31 08:35:27 Job executing on host: <131.225.207.82:34300?addrs=131.225.207.82-34300>
...
006 (222719.000.000) 07/31 08:35:37 Image size of job updated: 381924
	17  -  MemoryUsage of job (MB)
	16988  -  ResidentSetSize of job (KB)
...
006 (222719.000.000) 07/31 08:37:09 Image size of job updated: 447524
	164  -  MemoryUsage of job (MB)
	167484  -  ResidentSetSize of job (KB)
...
006 (222719.000.000) 07/31 08:37:29 Image size of job updated: 779192
	164  -  MemoryUsage of job (MB)
	167484  -  ResidentSetSize of job (KB)
...
005 (222719.000.000) 07/31 08:37:29 Job terminated.
	(1) Normal termination (return value 65)
		Usr 0 00:00:13, Sys 0 00:00:16  -  Run Remote Usage
		Usr 0 00:00:00, Sys 0 00:00:00  -  Run Local Usage
		Usr 0 00:00:13, Sys 0 00:00:16  -  Total Remote Usage
		Usr 0 00:00:00, Sys 0 00:00:00  -  Total Local Usage
	9050  -  Run Bytes Sent By Job
	8930  -  Run Bytes Received By Job
	9050  -  Total Bytes Sent By Job
	8930  -  Total Bytes Received By Job
	Partitionable Resources :    Usage  Request Allocated
	   Cpus                 :                 1         1
	   Disk (KB)            :  6622559 10000000  10490943
	   Memory (MB)          :      164     2100      2100
...
000 (223274.000.000) 07/31 08:50:08 Job submitted from host: <131.225.189.232:9618?addrs=131.225.189.232-9618&noUDP&sock=8982_aaf4_3>
...
001 (223274.000.000) 07/31 08:52:10 Job executing on host: <131.225.206.227:4317?addrs=131.225.206.227-4317>
...
006 (223274.000.000) 07/31 08:52:18 Image size of job updated: 447524
	39  -  MemoryUsage of job (MB)
	39196  -  ResidentSetSize of job (KB)
...
006 (223274.000.000) 07/31 08:53:18 Image size of job updated: 447524
	71  -  MemoryUsage of job (MB)
	72340  -  ResidentSetSize of job (KB)
...
006 (223274.000.000) 07/31 08:56:20 Image size of job updated: 764080
	476  -  MemoryUsage of job (MB)
	487412  -  ResidentSetSize of job (KB)
...
005 (223274.000.000) 07/31 08:56:28 Job terminated.
	(1) Normal termination (return value 65)
		Usr 0 00:00:12, Sys 0 00:00:18  -  Run Remote Usage
		Usr 0 00:00:00, Sys 0 00:00:00  -  Run Local Usage
		Usr 0 00:00:12, Sys 0 00:00:18  -  Total Remote Usage
		Usr 0 00:00:00, Sys 0 00:00:00  -  Total Local Usage
	20496  -  Run Bytes Sent By Job
	44439  -  Run Bytes Received By Job
	20496  -  Total Bytes Sent By Job
	44439  -  Total Bytes Received By Job
	Partitionable Resources :    Usage  Request Allocated
	   Cpus                 :                 1         1
	   Disk (KB)            :  6622409 10000000  11750576
	   Memory (MB)          :      476     2100      2100
...
000 (223829.000.000) 07/31 09:06:35 Job submitted from host: <131.225.189.232:9618?addrs=131.225.189.232-9618&noUDP&sock=8982_aaf4_3>
...
