000 (220970.000.000) 07/31 06:49:48 Job submitted from host: <131.225.189.232:9618?addrs=131.225.189.232-9618&noUDP&sock=8982_aaf4_3>
...
001 (220970.000.000) 07/31 06:50:51 Job executing on host: <131.225.206.199:58589?addrs=131.225.206.199-58589>
...
006 (220970.000.000) 07/31 06:51:00 Image size of job updated: 381924
	15  -  MemoryUsage of job (MB)
	14940  -  ResidentSetSize of job (KB)
...
006 (220970.000.000) 07/31 06:52:01 Image size of job updated: 447524
	71  -  MemoryUsage of job (MB)
	72348  -  ResidentSetSize of job (KB)
...
005 (220970.000.000) 07/31 06:52:20 Job terminated.
	(1) Normal termination (return value 90)
		Usr 0 00:00:00, Sys 0 00:00:17  -  Run Remote Usage
		Usr 0 00:00:00, Sys 0 00:00:00  -  Run Local Usage
		Usr 0 00:00:00, Sys 0 00:00:17  -  Total Remote Usage
		Usr 0 00:00:00, Sys 0 00:00:00  -  Total Local Usage
	9019  -  Run Bytes Sent By Job
	8930  -  Run Bytes Received By Job
	9019  -  Total Bytes Sent By Job
	8930  -  Total Bytes Received By Job
	Partitionable Resources :    Usage  Request Allocated
	   Cpus                 :                 1         1
	   Disk (KB)            :  5999626 10000000  11585984
	   Memory (MB)          :       71     2100      2100
...
000 (221532.000.000) 07/31 07:08:11 Job submitted from host: <131.225.189.232:9618?addrs=131.225.189.232-9618&noUDP&sock=8982_aaf4_3>
...
001 (221532.000.000) 07/31 07:09:06 Job executing on host: <131.225.206.5:45131?addrs=131.225.206.5-45131>
...
006 (221532.000.000) 07/31 07:09:14 Image size of job updated: 447524
	37  -  MemoryUsage of job (MB)
	37340  -  ResidentSetSize of job (KB)
...
006 (221532.000.000) 07/31 07:10:14 Image size of job updated: 447524
	71  -  MemoryUsage of job (MB)
	72348  -  ResidentSetSize of job (KB)
...
000 (222087.000.000) 07/31 07:12:51 Job submitted from host: <131.225.189.232:9618?addrs=131.225.189.232-9618&noUDP&sock=8982_aaf4_3>
...
005 (221532.000.000) 07/31 07:13:57 Job terminated.
	(1) Normal termination (return value 90)
		Usr 0 00:00:01, Sys 0 00:00:19  -  Run Remote Usage
		Usr 0 00:00:00, Sys 0 00:00:00  -  Run Local Usage
		Usr 0 00:00:01, Sys 0 00:00:19  -  Total Remote Usage
		Usr 0 00:00:00, Sys 0 00:00:00  -  Total Local Usage
	26618  -  Run Bytes Sent By Job
	8930  -  Run Bytes Received By Job
	26618  -  Total Bytes Sent By Job
	8930  -  Total Bytes Received By Job
	Partitionable Resources :    Usage  Request Allocated
	   Cpus                 :                 1         1
	   Disk (KB)            :  5795960 10000000  12704844
	   Memory (MB)          :       71     2100      2100
...
001 (222087.000.000) 07/31 07:14:25 Job executing on host: <131.225.204.99:39948?addrs=131.225.204.99-39948>
...
006 (222087.000.000) 07/31 07:14:34 Image size of job updated: 447524
	61  -  MemoryUsage of job (MB)
	62432  -  ResidentSetSize of job (KB)
...
006 (222087.000.000) 07/31 07:15:35 Image size of job updated: 447524
	71  -  MemoryUsage of job (MB)
	72348  -  ResidentSetSize of job (KB)
...
005 (222087.000.000) 07/31 07:17:17 Job terminated.
	(1) Normal termination (return value 65)
		Usr 0 00:00:02, Sys 0 00:00:17  -  Run Remote Usage
		Usr 0 00:00:00, Sys 0 00:00:00  -  Run Local Usage
		Usr 0 00:00:02, Sys 0 00:00:17  -  Total Remote Usage
		Usr 0 00:00:00, Sys 0 00:00:00  -  Total Local Usage
	14841  -  Run Bytes Sent By Job
	8930  -  Run Bytes Received By Job
	14841  -  Total Bytes Sent By Job
	8930  -  Total Bytes Received By Job
	Partitionable Resources :    Usage  Request Allocated
	   Cpus                 :                 1         1
	   Disk (KB)            :  6197457 10000000  10144854
	   Memory (MB)          :       71     2100      2100
...
000 (222649.000.000) 07/31 08:33:01 Job submitted from host: <131.225.189.232:9618?addrs=131.225.189.232-9618&noUDP&sock=8982_aaf4_3>
...
001 (222649.000.000) 07/31 08:34:29 Job executing on host: <131.225.206.201:15028?addrs=131.225.206.201-15028>
...
006 (222649.000.000) 07/31 08:34:38 Image size of job updated: 2
	3  -  MemoryUsage of job (MB)
	2428  -  ResidentSetSize of job (KB)
...
006 (222649.000.000) 07/31 08:35:39 Image size of job updated: 447524
	71  -  MemoryUsage of job (MB)
	72348  -  ResidentSetSize of job (KB)
...
006 (222649.000.000) 07/31 08:36:39 Image size of job updated: 756140
	71  -  MemoryUsage of job (MB)
	72348  -  ResidentSetSize of job (KB)
...
005 (222649.000.000) 07/31 08:36:39 Job terminated.
	(1) Normal termination (return value 65)
		Usr 0 00:00:10, Sys 0 00:00:20  -  Run Remote Usage
		Usr 0 00:00:00, Sys 0 00:00:00  -  Run Local Usage
		Usr 0 00:00:10, Sys 0 00:00:20  -  Total Remote Usage
		Usr 0 00:00:00, Sys 0 00:00:00  -  Total Local Usage
	10191  -  Run Bytes Sent By Job
	8930  -  Run Bytes Received By Job
	10191  -  Total Bytes Sent By Job
	8930  -  Total Bytes Received By Job
	Partitionable Resources :    Usage  Request Allocated
	   Cpus                 :                 1         1
	   Disk (KB)            :  4962635 10000000  11605444
	   Memory (MB)          :       71     2100      2100
...
