000 (220605.000.000) 07/31 06:48:31 Job submitted from host: <131.225.189.232:9618?addrs=131.225.189.232-9618&noUDP&sock=8982_aaf4_3>
...
001 (220605.000.000) 07/31 06:48:54 Job executing on host: <131.225.206.43:59052?addrs=131.225.206.43-59052>
...
006 (220605.000.000) 07/31 06:49:03 Image size of job updated: 447524
	71  -  MemoryUsage of job (MB)
	72348  -  ResidentSetSize of job (KB)
...
005 (220605.000.000) 07/31 06:51:12 Job terminated.
	(1) Normal termination (return value 90)
		Usr 0 00:00:01, Sys 0 00:00:16  -  Run Remote Usage
		Usr 0 00:00:00, Sys 0 00:00:00  -  Run Local Usage
		Usr 0 00:00:01, Sys 0 00:00:16  -  Total Remote Usage
		Usr 0 00:00:00, Sys 0 00:00:00  -  Total Local Usage
	12302  -  Run Bytes Sent By Job
	8930  -  Run Bytes Received By Job
	12302  -  Total Bytes Sent By Job
	8930  -  Total Bytes Received By Job
	Partitionable Resources :    Usage  Request Allocated
	   Cpus                 :                 1         1
	   Disk (KB)            :  4230154 10000000  10395666
	   Memory (MB)          :       71     2100      2100
...
000 (221167.000.000) 07/31 07:07:07 Job submitted from host: <131.225.189.232:9618?addrs=131.225.189.232-9618&noUDP&sock=8982_aaf4_3>
...
001 (221167.000.000) 07/31 07:07:38 Job executing on host: <131.225.207.162:57873?addrs=131.225.207.162-57873>
...
006 (221167.000.000) 07/31 07:07:47 Image size of job updated: 2
	3  -  MemoryUsage of job (MB)
	2424  -  ResidentSetSize of job (KB)
...
006 (221167.000.000) 07/31 07:08:48 Image size of job updated: 447524
	69  -  MemoryUsage of job (MB)
	70320  -  ResidentSetSize of job (KB)
...
005 (221167.000.000) 07/31 07:10:47 Job terminated.
	(1) Normal termination (return value 90)
		Usr 0 00:00:02, Sys 0 00:00:13  -  Run Remote Usage
		Usr 0 00:00:00, Sys 0 00:00:00  -  Run Local Usage
		Usr 0 00:00:02, Sys 0 00:00:13  -  Total Remote Usage
		Usr 0 00:00:00, Sys 0 00:00:00  -  Total Local Usage
	18248  -  Run Bytes Sent By Job
	8930  -  Run Bytes Received By Job
	18248  -  Total Bytes Sent By Job
	8930  -  Total Bytes Received By Job
	Partitionable Resources :    Usage  Request Allocated
	   Cpus                 :                 1         1
	   Disk (KB)            :  4943982 10000000  10376259
	   Memory (MB)          :       69     2100      2100
...
000 (221722.000.000) 07/31 07:11:49 Job submitted from host: <131.225.189.232:9618?addrs=131.225.189.232-9618&noUDP&sock=8982_aaf4_3>
...
001 (221722.000.000) 07/31 07:12:06 Job executing on host: <131.225.206.207:65385?addrs=131.225.206.207-65385>
...
006 (221722.000.000) 07/31 07:12:15 Image size of job updated: 447532
	23  -  MemoryUsage of job (MB)
	23196  -  ResidentSetSize of job (KB)
...
006 (221722.000.000) 07/31 07:13:16 Image size of job updated: 447532
	69  -  MemoryUsage of job (MB)
	70404  -  ResidentSetSize of job (KB)
...
006 (221722.000.000) 07/31 07:18:18 Image size of job updated: 669612
	69  -  MemoryUsage of job (MB)
	70404  -  ResidentSetSize of job (KB)
...
005 (221722.000.000) 07/31 07:18:18 Job terminated.
	(1) Normal termination (return value 65)
		Usr 0 00:00:09, Sys 0 00:00:20  -  Run Remote Usage
		Usr 0 00:00:00, Sys 0 00:00:00  -  Run Local Usage
		Usr 0 00:00:09, Sys 0 00:00:20  -  Total Remote Usage
		Usr 0 00:00:00, Sys 0 00:00:00  -  Total Local Usage
	30054  -  Run Bytes Sent By Job
	8930  -  Run Bytes Received By Job
	30054  -  Total Bytes Sent By Job
	8930  -  Total Bytes Received By Job
	Partitionable Resources :    Usage  Request Allocated
	   Cpus                 :                 1         1
	   Disk (KB)            :  5418538 10000000  11411724
	   Memory (MB)          :       69     2100      2100
...
