000 (220507.000.000) 07/31 06:48:11 Job submitted from host: <131.225.189.232:9618?addrs=131.225.189.232-9618&noUDP&sock=8982_aaf4_3>
...
001 (220507.000.000) 07/31 06:48:26 Job executing on host: <131.225.204.101:56622?addrs=131.225.204.101-56622>
...
006 (220507.000.000) 07/31 06:48:35 Image size of job updated: 381924
	15  -  MemoryUsage of job (MB)
	14940  -  ResidentSetSize of job (KB)
...
006 (220507.000.000) 07/31 06:49:36 Image size of job updated: 447524
	70  -  MemoryUsage of job (MB)
	71356  -  ResidentSetSize of job (KB)
...
005 (220507.000.000) 07/31 06:50:24 Job terminated.
	(1) Normal termination (return value 90)
		Usr 0 00:00:01, Sys 0 00:00:11  -  Run Remote Usage
		Usr 0 00:00:00, Sys 0 00:00:00  -  Run Local Usage
		Usr 0 00:00:01, Sys 0 00:00:11  -  Total Remote Usage
		Usr 0 00:00:00, Sys 0 00:00:00  -  Total Local Usage
	11031  -  Run Bytes Sent By Job
	8930  -  Run Bytes Received By Job
	11031  -  Total Bytes Sent By Job
	8930  -  Total Bytes Received By Job
	Partitionable Resources :    Usage  Request Allocated
	   Cpus                 :                 1         1
	   Disk (KB)            :  4525066 10000000  10212693
	   Memory (MB)          :       70     2100      2100
...
000 (221069.000.000) 07/31 07:06:50 Job submitted from host: <131.225.189.232:9618?addrs=131.225.189.232-9618&noUDP&sock=8982_aaf4_3>
...
001 (221069.000.000) 07/31 07:07:08 Job executing on host: <131.225.204.56:7893?addrs=131.225.204.56-7893>
...
006 (221069.000.000) 07/31 07:07:17 Image size of job updated: 447524
	71  -  MemoryUsage of job (MB)
	72392  -  ResidentSetSize of job (KB)
...
005 (221069.000.000) 07/31 07:08:56 Job terminated.
	(1) Normal termination (return value 90)
		Usr 0 00:00:00, Sys 0 00:00:15  -  Run Remote Usage
		Usr 0 00:00:00, Sys 0 00:00:00  -  Run Local Usage
		Usr 0 00:00:00, Sys 0 00:00:15  -  Total Remote Usage
		Usr 0 00:00:00, Sys 0 00:00:00  -  Total Local Usage
	9911  -  Run Bytes Sent By Job
	8930  -  Run Bytes Received By Job
	9911  -  Total Bytes Sent By Job
	8930  -  Total Bytes Received By Job
	Partitionable Resources :    Usage  Request Allocated
	   Cpus                 :                 1         1
	   Disk (KB)            :  5009513 10000000  10193475
	   Memory (MB)          :       71     2100      2100
...
000 (221624.000.000) 07/31 07:11:32 Job submitted from host: <131.225.189.232:9618?addrs=131.225.189.232-9618&noUDP&sock=8982_aaf4_3>
...
001 (221624.000.000) 07/31 07:11:43 Job executing on host: <131.225.206.198:53342?addrs=131.225.206.198-53342>
...
006 (221624.000.000) 07/31 07:11:51 Image size of job updated: 2
	3  -  MemoryUsage of job (MB)
	2424  -  ResidentSetSize of job (KB)
...
006 (221624.000.000) 07/31 07:12:51 Image size of job updated: 447524
	69  -  MemoryUsage of job (MB)
	70404  -  ResidentSetSize of job (KB)
...
006 (221624.000.000) 07/31 07:13:51 Image size of job updated: 473904
	245  -  MemoryUsage of job (MB)
	250684  -  ResidentSetSize of job (KB)
...
006 (221624.000.000) 07/31 07:14:14 Image size of job updated: 716468
	245  -  MemoryUsage of job (MB)
	250684  -  ResidentSetSize of job (KB)
...
005 (221624.000.000) 07/31 07:14:15 Job terminated.
	(1) Normal termination (return value 65)
		Usr 0 00:00:11, Sys 0 00:00:13  -  Run Remote Usage
		Usr 0 00:00:00, Sys 0 00:00:00  -  Run Local Usage
		Usr 0 00:00:11, Sys 0 00:00:13  -  Total Remote Usage
		Usr 0 00:00:00, Sys 0 00:00:00  -  Total Local Usage
	10929  -  Run Bytes Sent By Job
	8930  -  Run Bytes Received By Job
	10929  -  Total Bytes Sent By Job
	8930  -  Total Bytes Received By Job
	Partitionable Resources :    Usage  Request Allocated
	   Cpus                 :                 1         1
	   Disk (KB)            :  6040712 10000000  11700716
	   Memory (MB)          :      245     2100      2100
...
000 (222186.000.000) 07/31 08:32:28 Job submitted from host: <131.225.189.232:9618?addrs=131.225.189.232-9618&noUDP&sock=8982_aaf4_3>
...
001 (222186.000.000) 07/31 08:32:42 Job executing on host: <131.225.206.107:12501?addrs=131.225.206.107-12501>
...
006 (222186.000.000) 07/31 08:32:51 Image size of job updated: 447524
	33  -  MemoryUsage of job (MB)
	33096  -  ResidentSetSize of job (KB)
...
006 (222186.000.000) 07/31 08:33:52 Image size of job updated: 447524
	71  -  MemoryUsage of job (MB)
	72340  -  ResidentSetSize of job (KB)
...
006 (222186.000.000) 07/31 08:36:41 Image size of job updated: 629676
	71  -  MemoryUsage of job (MB)
	72340  -  ResidentSetSize of job (KB)
...
005 (222186.000.000) 07/31 08:36:42 Job terminated.
	(1) Normal termination (return value 65)
		Usr 0 00:00:08, Sys 0 00:00:16  -  Run Remote Usage
		Usr 0 00:00:00, Sys 0 00:00:00  -  Run Local Usage
		Usr 0 00:00:08, Sys 0 00:00:16  -  Total Remote Usage
		Usr 0 00:00:00, Sys 0 00:00:00  -  Total Local Usage
	18189  -  Run Bytes Sent By Job
	8930  -  Run Bytes Received By Job
	18189  -  Total Bytes Sent By Job
	8930  -  Total Bytes Received By Job
	Partitionable Resources :    Usage  Request Allocated
	   Cpus                 :                 1         1
	   Disk (KB)            :  6043585 10000000  10301832
	   Memory (MB)          :       71     2100      2100
...
000 (222741.000.000) 07/31 08:49:39 Job submitted from host: <131.225.189.232:9618?addrs=131.225.189.232-9618&noUDP&sock=8982_aaf4_3>
...
001 (222741.000.000) 07/31 08:49:53 Job executing on host: <131.225.191.134:57505?addrs=131.225.191.134-57505>
...
006 (222741.000.000) 07/31 08:50:02 Image size of job updated: 2
	3  -  MemoryUsage of job (MB)
	2424  -  ResidentSetSize of job (KB)
...
006 (222741.000.000) 07/31 08:51:03 Image size of job updated: 447524
	71  -  MemoryUsage of job (MB)
	72352  -  ResidentSetSize of job (KB)
...
006 (222741.000.000) 07/31 08:52:04 Image size of job updated: 768944
	478  -  MemoryUsage of job (MB)
	489068  -  ResidentSetSize of job (KB)
...
005 (222741.000.000) 07/31 08:52:08 Job terminated.
	(1) Normal termination (return value 65)
		Usr 0 00:00:11, Sys 0 00:00:16  -  Run Remote Usage
		Usr 0 00:00:00, Sys 0 00:00:00  -  Run Local Usage
		Usr 0 00:00:11, Sys 0 00:00:16  -  Total Remote Usage
		Usr 0 00:00:00, Sys 0 00:00:00  -  Total Local Usage
	11233  -  Run Bytes Sent By Job
	44439  -  Run Bytes Received By Job
	11233  -  Total Bytes Sent By Job
	44439  -  Total Bytes Received By Job
	Partitionable Resources :    Usage  Request Allocated
	   Cpus                 :                 1         1
	   Disk (KB)            :  6043418 10000000  12100524
	   Memory (MB)          :      478     2100      2100
...
000 (223296.000.000) 07/31 09:06:10 Job submitted from host: <131.225.189.232:9618?addrs=131.225.189.232-9618&noUDP&sock=8982_aaf4_3>
...
001 (223296.000.000) 07/31 09:08:52 Job executing on host: <131.225.190.58:16054?addrs=131.225.190.58-16054>
...
006 (223296.000.000) 07/31 09:09:00 Image size of job updated: 447532
	17  -  MemoryUsage of job (MB)
	17340  -  ResidentSetSize of job (KB)
...
006 (223296.000.000) 07/31 09:10:00 Image size of job updated: 447532
	70  -  MemoryUsage of job (MB)
	71320  -  ResidentSetSize of job (KB)
...
