000 (220678.000.000) 07/31 06:48:47 Job submitted from host: <131.225.189.232:9618?addrs=131.225.189.232-9618&noUDP&sock=8982_aaf4_3>
...
001 (220678.000.000) 07/31 06:49:09 Job executing on host: <131.225.207.155:51251?addrs=131.225.207.155-51251>
...
006 (220678.000.000) 07/31 06:49:18 Image size of job updated: 447524
	20  -  MemoryUsage of job (MB)
	19540  -  ResidentSetSize of job (KB)
...
006 (220678.000.000) 07/31 06:50:19 Image size of job updated: 447524
	71  -  MemoryUsage of job (MB)
	72348  -  ResidentSetSize of job (KB)
...
005 (220678.000.000) 07/31 06:50:37 Job terminated.
	(1) Normal termination (return value 90)
		Usr 0 00:00:00, Sys 0 00:00:08  -  Run Remote Usage
		Usr 0 00:00:00, Sys 0 00:00:00  -  Run Local Usage
		Usr 0 00:00:00, Sys 0 00:00:08  -  Total Remote Usage
		Usr 0 00:00:00, Sys 0 00:00:00  -  Total Local Usage
	9527  -  Run Bytes Sent By Job
	8930  -  Run Bytes Received By Job
	9527  -  Total Bytes Sent By Job
	8930  -  Total Bytes Received By Job
	Partitionable Resources :    Usage  Request Allocated
	   Cpus                 :                 1         1
	   Disk (KB)            :  2165770 10000000  10450422
	   Memory (MB)          :       71     2100      2100
...
000 (221240.000.000) 07/31 07:07:20 Job submitted from host: <131.225.189.232:9618?addrs=131.225.189.232-9618&noUDP&sock=8982_aaf4_3>
...
001 (221240.000.000) 07/31 07:07:51 Job executing on host: <131.225.204.76:59502?addrs=131.225.204.76-59502>
...
006 (221240.000.000) 07/31 07:08:00 Image size of job updated: 2
	3  -  MemoryUsage of job (MB)
	2420  -  ResidentSetSize of job (KB)
...
006 (221240.000.000) 07/31 07:08:31 Image size of job updated: 447524
	3  -  MemoryUsage of job (MB)
	2420  -  ResidentSetSize of job (KB)
...
005 (221240.000.000) 07/31 07:08:32 Job terminated.
	(1) Normal termination (return value 90)
		Usr 0 00:00:00, Sys 0 00:00:04  -  Run Remote Usage
		Usr 0 00:00:00, Sys 0 00:00:00  -  Run Local Usage
		Usr 0 00:00:00, Sys 0 00:00:04  -  Total Remote Usage
		Usr 0 00:00:00, Sys 0 00:00:00  -  Total Local Usage
	5733  -  Run Bytes Sent By Job
	8930  -  Run Bytes Received By Job
	5733  -  Total Bytes Sent By Job
	8930  -  Total Bytes Received By Job
	Partitionable Resources :    Usage  Request Allocated
	   Cpus                 :                 1         1
	   Disk (KB)            :   716900 10000000  10256457
	   Memory (MB)          :        3     2100      2100
...
000 (221795.000.000) 07/31 07:12:01 Job submitted from host: <131.225.189.232:9618?addrs=131.225.189.232-9618&noUDP&sock=8982_aaf4_3>
...
001 (221795.000.000) 07/31 07:12:21 Job executing on host: <131.225.207.193:40545?addrs=131.225.207.193-40545>
...
006 (221795.000.000) 07/31 07:12:30 Image size of job updated: 447524
	71  -  MemoryUsage of job (MB)
	72344  -  ResidentSetSize of job (KB)
...
006 (221795.000.000) 07/31 07:16:16 Image size of job updated: 763320
	71  -  MemoryUsage of job (MB)
	72344  -  ResidentSetSize of job (KB)
...
005 (221795.000.000) 07/31 07:16:16 Job terminated.
	(1) Normal termination (return value 65)
		Usr 0 00:00:12, Sys 0 00:00:09  -  Run Remote Usage
		Usr 0 00:00:00, Sys 0 00:00:00  -  Run Local Usage
		Usr 0 00:00:12, Sys 0 00:00:09  -  Total Remote Usage
		Usr 0 00:00:00, Sys 0 00:00:00  -  Total Local Usage
	15624  -  Run Bytes Sent By Job
	8930  -  Run Bytes Received By Job
	15624  -  Total Bytes Sent By Job
	8930  -  Total Bytes Received By Job
	Partitionable Resources :    Usage  Request Allocated
	   Cpus                 :                 1         1
	   Disk (KB)            :  2397069 10000000  13093776
	   Memory (MB)          :       71     2100      2100
...
000 (222357.000.000) 07/31 08:32:40 Job submitted from host: <131.225.189.232:9618?addrs=131.225.189.232-9618&noUDP&sock=8982_aaf4_3>
...
001 (222357.000.000) 07/31 08:33:16 Job executing on host: <131.225.206.213:62224?addrs=131.225.206.213-62224>
...
006 (222357.000.000) 07/31 08:33:25 Image size of job updated: 2
	3  -  MemoryUsage of job (MB)
	2424  -  ResidentSetSize of job (KB)
...
006 (222357.000.000) 07/31 08:34:25 Image size of job updated: 447524
	71  -  MemoryUsage of job (MB)
	72344  -  ResidentSetSize of job (KB)
...
006 (222357.000.000) 07/31 08:35:25 Image size of job updated: 548000
	271  -  MemoryUsage of job (MB)
	277452  -  ResidentSetSize of job (KB)
...
006 (222357.000.000) 07/31 08:35:40 Image size of job updated: 763308
	271  -  MemoryUsage of job (MB)
	277452  -  ResidentSetSize of job (KB)
...
005 (222357.000.000) 07/31 08:35:41 Job terminated.
	(1) Normal termination (return value 65)
		Usr 0 00:00:11, Sys 0 00:00:10  -  Run Remote Usage
		Usr 0 00:00:00, Sys 0 00:00:00  -  Run Local Usage
		Usr 0 00:00:11, Sys 0 00:00:10  -  Total Remote Usage
		Usr 0 00:00:00, Sys 0 00:00:00  -  Total Local Usage
	12259  -  Run Bytes Sent By Job
	8930  -  Run Bytes Received By Job
	12259  -  Total Bytes Sent By Job
	8930  -  Total Bytes Received By Job
	Partitionable Resources :    Usage  Request Allocated
	   Cpus                 :                 1         1
	   Disk (KB)            :  2605939 10000000  11894988
	   Memory (MB)          :      271     2100      2100
...
