000 (220885.000.000) 07/31 06:49:31 Job submitted from host: <131.225.189.232:9618?addrs=131.225.189.232-9618&noUDP&sock=8982_aaf4_3>
...
001 (220885.000.000) 07/31 06:50:00 Job executing on host: <131.225.206.5:45131?addrs=131.225.206.5-45131>
...
006 (220885.000.000) 07/31 06:50:09 Image size of job updated: 14908
	3  -  MemoryUsage of job (MB)
	2232  -  ResidentSetSize of job (KB)
...
006 (220885.000.000) 07/31 06:51:08 Image size of job updated: 447524
	71  -  MemoryUsage of job (MB)
	72352  -  ResidentSetSize of job (KB)
...
005 (220885.000.000) 07/31 06:56:04 Job terminated.
	(1) Normal termination (return value 90)
		Usr 0 00:00:00, Sys 0 00:00:18  -  Run Remote Usage
		Usr 0 00:00:00, Sys 0 00:00:00  -  Run Local Usage
		Usr 0 00:00:00, Sys 0 00:00:18  -  Total Remote Usage
		Usr 0 00:00:00, Sys 0 00:00:00  -  Total Local Usage
	18855  -  Run Bytes Sent By Job
	8930  -  Run Bytes Received By Job
	18855  -  Total Bytes Sent By Job
	8930  -  Total Bytes Received By Job
	Partitionable Resources :    Usage  Request Allocated
	   Cpus                 :                 1         1
	   Disk (KB)            :  6631349 10000000  12989804
	   Memory (MB)          :       71     2100      2100
...
000 (221447.000.000) 07/31 07:07:56 Job submitted from host: <131.225.189.232:9618?addrs=131.225.189.232-9618&noUDP&sock=8982_aaf4_3>
...
001 (221447.000.000) 07/31 07:08:20 Job executing on host: <131.225.204.103:41640?addrs=131.225.204.103-41640>
...
006 (221447.000.000) 07/31 07:08:28 Image size of job updated: 447532
	21  -  MemoryUsage of job (MB)
	21152  -  ResidentSetSize of job (KB)
...
006 (221447.000.000) 07/31 07:09:28 Image size of job updated: 447532
	71  -  MemoryUsage of job (MB)
	72352  -  ResidentSetSize of job (KB)
...
000 (222002.000.000) 07/31 07:12:36 Job submitted from host: <131.225.189.232:9618?addrs=131.225.189.232-9618&noUDP&sock=8982_aaf4_3>
...
001 (222002.000.000) 07/31 07:13:54 Job executing on host: <131.225.205.187:52979?addrs=131.225.205.187-52979>
...
006 (222002.000.000) 07/31 07:14:03 Image size of job updated: 102484
	3  -  MemoryUsage of job (MB)
	2476  -  ResidentSetSize of job (KB)
...
006 (222002.000.000) 07/31 07:15:03 Image size of job updated: 447524
	69  -  MemoryUsage of job (MB)
	70292  -  ResidentSetSize of job (KB)
...
005 (221447.000.000) 07/31 07:16:06 Job terminated.
	(1) Normal termination (return value 90)
		Usr 0 00:00:03, Sys 0 00:00:16  -  Run Remote Usage
		Usr 0 00:00:00, Sys 0 00:00:00  -  Run Local Usage
		Usr 0 00:00:03, Sys 0 00:00:16  -  Total Remote Usage
		Usr 0 00:00:00, Sys 0 00:00:00  -  Total Local Usage
	35228  -  Run Bytes Sent By Job
	8930  -  Run Bytes Received By Job
	35228  -  Total Bytes Sent By Job
	8930  -  Total Bytes Received By Job
	Partitionable Resources :    Usage  Request Allocated
	   Cpus                 :                 1         1
	   Disk (KB)            :  6074497 10000000  10355511
	   Memory (MB)          :       71     2100      2100
...
006 (222002.000.000) 07/31 07:19:06 Image size of job updated: 447524
	204  -  MemoryUsage of job (MB)
	208084  -  ResidentSetSize of job (KB)
...
006 (222002.000.000) 07/31 07:19:27 Image size of job updated: 771764
	204  -  MemoryUsage of job (MB)
	208084  -  ResidentSetSize of job (KB)
...
005 (222002.000.000) 07/31 07:19:28 Job terminated.
	(1) Normal termination (return value 65)
		Usr 0 00:00:17, Sys 0 00:00:32  -  Run Remote Usage
		Usr 0 00:00:00, Sys 0 00:00:00  -  Run Local Usage
		Usr 0 00:00:17, Sys 0 00:00:32  -  Total Remote Usage
		Usr 0 00:00:00, Sys 0 00:00:00  -  Total Local Usage
	28905  -  Run Bytes Sent By Job
	8930  -  Run Bytes Received By Job
	28905  -  Total Bytes Sent By Job
	8930  -  Total Bytes Received By Job
	Partitionable Resources :    Usage  Request Allocated
	   Cpus                 :                 1         1
	   Disk (KB)            :  6640078 10000000  17108300
	   Memory (MB)          :      204     2100      2100
...
000 (222564.000.000) 07/31 08:32:54 Job submitted from host: <131.225.189.232:9618?addrs=131.225.189.232-9618&noUDP&sock=8982_aaf4_3>
...
001 (222564.000.000) 07/31 08:33:55 Job executing on host: <131.225.207.109:41150?addrs=131.225.207.109-41150>
...
006 (222564.000.000) 07/31 08:34:04 Image size of job updated: 447524
	71  -  MemoryUsage of job (MB)
	72344  -  ResidentSetSize of job (KB)
...
006 (222564.000.000) 07/31 08:38:07 Image size of job updated: 681392
	398  -  MemoryUsage of job (MB)
	407132  -  ResidentSetSize of job (KB)
...
005 (222564.000.000) 07/31 08:38:11 Job terminated.
	(1) Normal termination (return value 65)
		Usr 0 00:00:08, Sys 0 00:00:18  -  Run Remote Usage
		Usr 0 00:00:00, Sys 0 00:00:00  -  Run Local Usage
		Usr 0 00:00:08, Sys 0 00:00:18  -  Total Remote Usage
		Usr 0 00:00:00, Sys 0 00:00:00  -  Total Local Usage
	22313  -  Run Bytes Sent By Job
	8930  -  Run Bytes Received By Job
	22313  -  Total Bytes Sent By Job
	8930  -  Total Bytes Received By Job
	Partitionable Resources :    Usage  Request Allocated
	   Cpus                 :                 1         1
	   Disk (KB)            :  6642939 10000000  10549224
	   Memory (MB)          :      398     2100      2100
...
000 (223119.000.000) 07/31 08:49:59 Job submitted from host: <131.225.189.232:9618?addrs=131.225.189.232-9618&noUDP&sock=8982_aaf4_3>
...
001 (223119.000.000) 07/31 08:51:09 Job executing on host: <131.225.204.122:4504?addrs=131.225.204.122-4504>
...
006 (223119.000.000) 07/31 08:51:18 Image size of job updated: 447524
	71  -  MemoryUsage of job (MB)
	72348  -  ResidentSetSize of job (KB)
...
006 (223119.000.000) 07/31 08:54:03 Image size of job updated: 493964
	71  -  MemoryUsage of job (MB)
	72348  -  ResidentSetSize of job (KB)
...
005 (223119.000.000) 07/31 08:54:04 Job terminated.
	(1) Normal termination (return value 65)
		Usr 0 00:00:03, Sys 0 00:00:15  -  Run Remote Usage
		Usr 0 00:00:00, Sys 0 00:00:00  -  Run Local Usage
		Usr 0 00:00:03, Sys 0 00:00:15  -  Total Remote Usage
		Usr 0 00:00:00, Sys 0 00:00:00  -  Total Local Usage
	14410  -  Run Bytes Sent By Job
	44439  -  Run Bytes Received By Job
	14410  -  Total Bytes Sent By Job
	44439  -  Total Bytes Received By Job
	Partitionable Resources :    Usage  Request Allocated
	   Cpus                 :                 1         1
	   Disk (KB)            :  5077165 10000000  10319007
	   Memory (MB)          :       71     2100      2100
...
000 (223674.000.000) 07/31 09:06:27 Job submitted from host: <131.225.189.232:9618?addrs=131.225.189.232-9618&noUDP&sock=8982_aaf4_3>
...
