000 (220836.000.000) 07/31 06:49:20 Job submitted from host: <131.225.189.232:9618?addrs=131.225.189.232-9618&noUDP&sock=8982_aaf4_3>
...
001 (220836.000.000) 07/31 06:49:41 Job executing on host: <131.225.205.153:56309?addrs=131.225.205.153-56309>
...
006 (220836.000.000) 07/31 06:49:50 Image size of job updated: 447524
	71  -  MemoryUsage of job (MB)
	72352  -  ResidentSetSize of job (KB)
...
005 (220836.000.000) 07/31 06:51:01 Job terminated.
	(1) Normal termination (return value 90)
		Usr 0 00:00:00, Sys 0 00:00:16  -  Run Remote Usage
		Usr 0 00:00:00, Sys 0 00:00:00  -  Run Local Usage
		Usr 0 00:00:00, Sys 0 00:00:16  -  Total Remote Usage
		Usr 0 00:00:00, Sys 0 00:00:00  -  Total Local Usage
	8933  -  Run Bytes Sent By Job
	8930  -  Run Bytes Received By Job
	8933  -  Total Bytes Sent By Job
	8930  -  Total Bytes Received By Job
	Partitionable Resources :    Usage  Request Allocated
	   Cpus                 :                 1         1
	   Disk (KB)            :  5868554 10000000  17108037
	   Memory (MB)          :       71     2100      2100
...
000 (221398.000.000) 07/31 07:07:48 Job submitted from host: <131.225.189.232:9618?addrs=131.225.189.232-9618&noUDP&sock=8982_aaf4_3>
...
001 (221398.000.000) 07/31 07:08:22 Job executing on host: <131.225.204.98:42544?addrs=131.225.204.98-42544>
...
006 (221398.000.000) 07/31 07:08:31 Image size of job updated: 2
	3  -  MemoryUsage of job (MB)
	2424  -  ResidentSetSize of job (KB)
...
006 (221398.000.000) 07/31 07:09:32 Image size of job updated: 447524
	71  -  MemoryUsage of job (MB)
	72348  -  ResidentSetSize of job (KB)
...
006 (221398.000.000) 07/31 07:10:34 Image size of job updated: 447524
	71  -  MemoryUsage of job (MB)
	72404  -  ResidentSetSize of job (KB)
...
000 (221953.000.000) 07/31 07:12:28 Job submitted from host: <131.225.189.232:9618?addrs=131.225.189.232-9618&noUDP&sock=8982_aaf4_3>
...
001 (221953.000.000) 07/31 07:13:28 Job executing on host: <131.225.207.139:60247?addrs=131.225.207.139-60247>
...
006 (221953.000.000) 07/31 07:13:38 Image size of job updated: 447524
	71  -  MemoryUsage of job (MB)
	72356  -  ResidentSetSize of job (KB)
...
005 (221398.000.000) 07/31 07:15:37 Job terminated.
	(1) Normal termination (return value 90)
		Usr 0 00:00:00, Sys 0 00:00:12  -  Run Remote Usage
		Usr 0 00:00:00, Sys 0 00:00:00  -  Run Local Usage
		Usr 0 00:00:00, Sys 0 00:00:12  -  Total Remote Usage
		Usr 0 00:00:00, Sys 0 00:00:00  -  Total Local Usage
	21850  -  Run Bytes Sent By Job
	8930  -  Run Bytes Received By Job
	21850  -  Total Bytes Sent By Job
	8930  -  Total Bytes Received By Job
	Partitionable Resources :    Usage  Request Allocated
	   Cpus                 :                 1         1
	   Disk (KB)            :  4343446 10000000  10341267
	   Memory (MB)          :       71     2100      2100
...
006 (221953.000.000) 07/31 07:15:38 Image size of job updated: 447524
	165  -  MemoryUsage of job (MB)
	168064  -  ResidentSetSize of job (KB)
...
006 (221953.000.000) 07/31 07:16:22 Image size of job updated: 725936
	165  -  MemoryUsage of job (MB)
	168064  -  ResidentSetSize of job (KB)
...
005 (221953.000.000) 07/31 07:16:23 Job terminated.
	(1) Normal termination (return value 65)
		Usr 0 00:00:10, Sys 0 00:00:16  -  Run Remote Usage
		Usr 0 00:00:00, Sys 0 00:00:00  -  Run Local Usage
		Usr 0 00:00:10, Sys 0 00:00:16  -  Total Remote Usage
		Usr 0 00:00:00, Sys 0 00:00:00  -  Total Local Usage
	12328  -  Run Bytes Sent By Job
	8930  -  Run Bytes Received By Job
	12328  -  Total Bytes Sent By Job
	8930  -  Total Bytes Received By Job
	Partitionable Resources :    Usage  Request Allocated
	   Cpus                 :                 1         1
	   Disk (KB)            :  6443881 10000000  10313739
	   Memory (MB)          :      165     2100      2100
...
