000 (220655.000.000) 07/31 06:48:42 Job submitted from host: <131.225.189.232:9618?addrs=131.225.189.232-9618&noUDP&sock=8982_aaf4_3>
...
001 (220655.000.000) 07/31 06:49:04 Job executing on host: <131.225.204.69:34261?addrs=131.225.204.69-34261>
...
006 (220655.000.000) 07/31 06:49:13 Image size of job updated: 447524
	71  -  MemoryUsage of job (MB)
	72344  -  ResidentSetSize of job (KB)
...
005 (220655.000.000) 07/31 06:53:12 Job terminated.
	(1) Normal termination (return value 90)
		Usr 0 00:00:01, Sys 0 00:00:21  -  Run Remote Usage
		Usr 0 00:00:00, Sys 0 00:00:00  -  Run Local Usage
		Usr 0 00:00:01, Sys 0 00:00:21  -  Total Remote Usage
		Usr 0 00:00:00, Sys 0 00:00:00  -  Total Local Usage
	23551  -  Run Bytes Sent By Job
	8930  -  Run Bytes Received By Job
	23551  -  Total Bytes Sent By Job
	8930  -  Total Bytes Received By Job
	Partitionable Resources :    Usage  Request Allocated
	   Cpus                 :                 1         1
	   Disk (KB)            :  4934676 10000000  10384518
	   Memory (MB)          :       71     2100      2100
...
000 (221217.000.000) 07/31 07:07:16 Job submitted from host: <131.225.189.232:9618?addrs=131.225.189.232-9618&noUDP&sock=8982_aaf4_3>
...
001 (221217.000.000) 07/31 07:07:52 Job executing on host: <131.225.204.122:4504?addrs=131.225.204.122-4504>
...
006 (221217.000.000) 07/31 07:08:01 Image size of job updated: 447524
	52  -  MemoryUsage of job (MB)
	53100  -  ResidentSetSize of job (KB)
...
006 (221217.000.000) 07/31 07:09:02 Image size of job updated: 447524
	71  -  MemoryUsage of job (MB)
	72348  -  ResidentSetSize of job (KB)
...
000 (221772.000.000) 07/31 07:11:57 Job submitted from host: <131.225.189.232:9618?addrs=131.225.189.232-9618&noUDP&sock=8982_aaf4_3>
...
001 (221772.000.000) 07/31 07:12:15 Job executing on host: <131.225.207.109:41150?addrs=131.225.207.109-41150>
...
006 (221772.000.000) 07/31 07:12:23 Image size of job updated: 2
	3  -  MemoryUsage of job (MB)
	2416  -  ResidentSetSize of job (KB)
...
006 (221772.000.000) 07/31 07:13:23 Image size of job updated: 447524
	71  -  MemoryUsage of job (MB)
	72352  -  ResidentSetSize of job (KB)
...
005 (221217.000.000) 07/31 07:14:11 Job terminated.
	(1) Normal termination (return value 90)
		Usr 0 00:00:02, Sys 0 00:00:14  -  Run Remote Usage
		Usr 0 00:00:00, Sys 0 00:00:00  -  Run Local Usage
		Usr 0 00:00:02, Sys 0 00:00:14  -  Total Remote Usage
		Usr 0 00:00:00, Sys 0 00:00:00  -  Total Local Usage
	33182  -  Run Bytes Sent By Job
	8930  -  Run Bytes Received By Job
	33182  -  Total Bytes Sent By Job
	8930  -  Total Bytes Received By Job
	Partitionable Resources :    Usage  Request Allocated
	   Cpus                 :                 1         1
	   Disk (KB)            :  6287489 10000000  10330479
	   Memory (MB)          :       71     2100      2100
...
006 (221772.000.000) 07/31 07:18:26 Image size of job updated: 669608
	384  -  MemoryUsage of job (MB)
	392612  -  ResidentSetSize of job (KB)
...
005 (221772.000.000) 07/31 07:18:31 Job terminated.
	(1) Normal termination (return value 65)
		Usr 0 00:00:08, Sys 0 00:00:18  -  Run Remote Usage
		Usr 0 00:00:00, Sys 0 00:00:00  -  Run Local Usage
		Usr 0 00:00:08, Sys 0 00:00:18  -  Total Remote Usage
		Usr 0 00:00:00, Sys 0 00:00:00  -  Total Local Usage
	26816  -  Run Bytes Sent By Job
	8930  -  Run Bytes Received By Job
	26816  -  Total Bytes Sent By Job
	8930  -  Total Bytes Received By Job
	Partitionable Resources :    Usage  Request Allocated
	   Cpus                 :                 1         1
	   Disk (KB)            :  6350210 10000000  10573023
	   Memory (MB)          :      384     2100      2100
...
000 (222334.000.000) 07/31 08:32:39 Job submitted from host: <131.225.189.232:9618?addrs=131.225.189.232-9618&noUDP&sock=8982_aaf4_3>
...
001 (222334.000.000) 07/31 08:33:12 Job executing on host: <131.225.191.160:10545?addrs=131.225.191.160-10545>
...
006 (222334.000.000) 07/31 08:33:20 Image size of job updated: 447524
	64  -  MemoryUsage of job (MB)
	65220  -  ResidentSetSize of job (KB)
...
006 (222334.000.000) 07/31 08:34:20 Image size of job updated: 447524
	69  -  MemoryUsage of job (MB)
	70408  -  ResidentSetSize of job (KB)
...
006 (222334.000.000) 07/31 08:35:20 Image size of job updated: 447524
	69  -  MemoryUsage of job (MB)
	70416  -  ResidentSetSize of job (KB)
...
006 (222334.000.000) 07/31 08:37:41 Image size of job updated: 769972
	69  -  MemoryUsage of job (MB)
	70416  -  ResidentSetSize of job (KB)
...
005 (222334.000.000) 07/31 08:37:42 Job terminated.
	(1) Normal termination (return value 65)
		Usr 0 00:00:13, Sys 0 00:00:24  -  Run Remote Usage
		Usr 0 00:00:00, Sys 0 00:00:00  -  Run Local Usage
		Usr 0 00:00:13, Sys 0 00:00:24  -  Total Remote Usage
		Usr 0 00:00:00, Sys 0 00:00:00  -  Total Local Usage
	24323  -  Run Bytes Sent By Job
	8930  -  Run Bytes Received By Job
	24323  -  Total Bytes Sent By Job
	8930  -  Total Bytes Received By Job
	Partitionable Resources :    Usage  Request Allocated
	   Cpus                 :                 1         1
	   Disk (KB)            :  6353075 10000000  11965564
	   Memory (MB)          :       69     2100      2100
...
000 (222889.000.000) 07/31 08:49:49 Job submitted from host: <131.225.189.232:9618?addrs=131.225.189.232-9618&noUDP&sock=8982_aaf4_3>
...
001 (222889.000.000) 07/31 08:50:22 Job executing on host: <131.225.206.54:56224?addrs=131.225.206.54-56224>
...
006 (222889.000.000) 07/31 08:50:31 Image size of job updated: 447532
	25  -  MemoryUsage of job (MB)
	25240  -  ResidentSetSize of job (KB)
...
006 (222889.000.000) 07/31 08:51:33 Image size of job updated: 447532
	69  -  MemoryUsage of job (MB)
	70408  -  ResidentSetSize of job (KB)
...
006 (222889.000.000) 07/31 08:53:32 Image size of job updated: 769968
	69  -  MemoryUsage of job (MB)
	70408  -  ResidentSetSize of job (KB)
...
005 (222889.000.000) 07/31 08:53:33 Job terminated.
	(1) Normal termination (return value 65)
		Usr 0 00:00:12, Sys 0 00:00:21  -  Run Remote Usage
		Usr 0 00:00:00, Sys 0 00:00:00  -  Run Local Usage
		Usr 0 00:00:12, Sys 0 00:00:21  -  Total Remote Usage
		Usr 0 00:00:00, Sys 0 00:00:00  -  Total Local Usage
	14248  -  Run Bytes Sent By Job
	44439  -  Run Bytes Received By Job
	14248  -  Total Bytes Sent By Job
	44439  -  Total Bytes Received By Job
	Partitionable Resources :    Usage  Request Allocated
	   Cpus                 :                 1         1
	   Disk (KB)            :  6352903 10000000  10383144
	   Memory (MB)          :       69     2100      2100
...
000 (223444.000.000) 07/31 09:06:17 Job submitted from host: <131.225.189.232:9618?addrs=131.225.189.232-9618&noUDP&sock=8982_aaf4_3>
...
