000 (220646.000.000) 07/31 06:48:40 Job submitted from host: <131.225.189.232:9618?addrs=131.225.189.232-9618&noUDP&sock=8982_aaf4_3>
...
001 (220646.000.000) 07/31 06:49:02 Job executing on host: <131.225.204.33:65431?addrs=131.225.204.33-65431>
...
006 (220646.000.000) 07/31 06:49:11 Image size of job updated: 447524
	69  -  MemoryUsage of job (MB)
	70168  -  ResidentSetSize of job (KB)
...
006 (220646.000.000) 07/31 06:50:12 Image size of job updated: 447524
	69  -  MemoryUsage of job (MB)
	70408  -  ResidentSetSize of job (KB)
...
005 (220646.000.000) 07/31 06:54:08 Job terminated.
	(1) Normal termination (return value 90)
		Usr 0 00:00:01, Sys 0 00:00:17  -  Run Remote Usage
		Usr 0 00:00:00, Sys 0 00:00:00  -  Run Local Usage
		Usr 0 00:00:01, Sys 0 00:00:17  -  Total Remote Usage
		Usr 0 00:00:00, Sys 0 00:00:00  -  Total Local Usage
	26735  -  Run Bytes Sent By Job
	8930  -  Run Bytes Received By Job
	26735  -  Total Bytes Sent By Job
	8930  -  Total Bytes Received By Job
	Partitionable Resources :    Usage  Request Allocated
	   Cpus                 :                 1         1
	   Disk (KB)            :  5147672 10000000  10452309
	   Memory (MB)          :       69     2100      2100
...
000 (221208.000.000) 07/31 07:07:14 Job submitted from host: <131.225.189.232:9618?addrs=131.225.189.232-9618&noUDP&sock=8982_aaf4_3>
...
001 (221208.000.000) 07/31 07:07:45 Job executing on host: <131.225.206.229:10955?addrs=131.225.206.229-10955>
...
006 (221208.000.000) 07/31 07:07:54 Image size of job updated: 447524
	71  -  MemoryUsage of job (MB)
	72408  -  ResidentSetSize of job (KB)
...
005 (221208.000.000) 07/31 07:09:43 Job terminated.
	(1) Normal termination (return value 90)
		Usr 0 00:00:00, Sys 0 00:00:14  -  Run Remote Usage
		Usr 0 00:00:00, Sys 0 00:00:00  -  Run Local Usage
		Usr 0 00:00:00, Sys 0 00:00:14  -  Total Remote Usage
		Usr 0 00:00:00, Sys 0 00:00:00  -  Total Local Usage
	10961  -  Run Bytes Sent By Job
	8930  -  Run Bytes Received By Job
	10961  -  Total Bytes Sent By Job
	8930  -  Total Bytes Received By Job
	Partitionable Resources :    Usage  Request Allocated
	   Cpus                 :                 1         1
	   Disk (KB)            :  3354728 10000000  12031372
	   Memory (MB)          :       71     2100      2100
...
000 (221763.000.000) 07/31 07:11:56 Job submitted from host: <131.225.189.232:9618?addrs=131.225.189.232-9618&noUDP&sock=8982_aaf4_3>
...
001 (221763.000.000) 07/31 07:12:16 Job executing on host: <131.225.204.124:51529?addrs=131.225.204.124-51529>
...
006 (221763.000.000) 07/31 07:12:25 Image size of job updated: 2
	3  -  MemoryUsage of job (MB)
	2428  -  ResidentSetSize of job (KB)
...
006 (221763.000.000) 07/31 07:13:26 Image size of job updated: 447524
	70  -  MemoryUsage of job (MB)
	71352  -  ResidentSetSize of job (KB)
...
006 (221763.000.000) 07/31 07:17:29 Image size of job updated: 447524
	70  -  MemoryUsage of job (MB)
	71356  -  ResidentSetSize of job (KB)
...
006 (221763.000.000) 07/31 07:18:29 Image size of job updated: 447524
	179  -  MemoryUsage of job (MB)
	182724  -  ResidentSetSize of job (KB)
...
006 (221763.000.000) 07/31 07:18:34 Image size of job updated: 733100
	179  -  MemoryUsage of job (MB)
	182724  -  ResidentSetSize of job (KB)
...
005 (221763.000.000) 07/31 07:18:35 Job terminated.
	(1) Normal termination (return value 65)
		Usr 0 00:00:12, Sys 0 00:00:20  -  Run Remote Usage
		Usr 0 00:00:00, Sys 0 00:00:00  -  Run Local Usage
		Usr 0 00:00:12, Sys 0 00:00:20  -  Total Remote Usage
		Usr 0 00:00:00, Sys 0 00:00:00  -  Total Local Usage
	31324  -  Run Bytes Sent By Job
	8930  -  Run Bytes Received By Job
	31324  -  Total Bytes Sent By Job
	8930  -  Total Bytes Received By Job
	Partitionable Resources :    Usage  Request Allocated
	   Cpus                 :                 1         1
	   Disk (KB)            :  6035043 10000000  10542675
	   Memory (MB)          :      179     2100      2100
...
