000 (220815.000.000) 07/31 06:49:16 Job submitted from host: <131.225.189.232:9618?addrs=131.225.189.232-9618&noUDP&sock=8982_aaf4_3>
...
001 (220815.000.000) 07/31 06:49:38 Job executing on host: <131.225.190.66:14674?addrs=131.225.190.66-14674>
...
006 (220815.000.000) 07/31 06:49:47 Image size of job updated: 447524
	71  -  MemoryUsage of job (MB)
	72352  -  ResidentSetSize of job (KB)
...
005 (220815.000.000) 07/31 06:50:55 Job terminated.
	(1) Normal termination (return value 90)
		Usr 0 00:00:00, Sys 0 00:00:17  -  Run Remote Usage
		Usr 0 00:00:00, Sys 0 00:00:00  -  Run Local Usage
		Usr 0 00:00:00, Sys 0 00:00:17  -  Total Remote Usage
		Usr 0 00:00:00, Sys 0 00:00:00  -  Total Local Usage
	8847  -  Run Bytes Sent By Job
	8930  -  Run Bytes Received By Job
	8847  -  Total Bytes Sent By Job
	8930  -  Total Bytes Received By Job
	Partitionable Resources :    Usage  Request Allocated
	   Cpus                 :                 1         1
	   Disk (KB)            :  6245387 10000000  15877656
	   Memory (MB)          :       71     2100      2100
...
000 (221377.000.000) 07/31 07:07:44 Job submitted from host: <131.225.189.232:9618?addrs=131.225.189.232-9618&noUDP&sock=8982_aaf4_3>
...
001 (221377.000.000) 07/31 07:08:20 Job executing on host: <131.225.207.72:54845?addrs=131.225.207.72-54845>
...
006 (221377.000.000) 07/31 07:08:30 Image size of job updated: 447524
	71  -  MemoryUsage of job (MB)
	72344  -  ResidentSetSize of job (KB)
...
005 (221377.000.000) 07/31 07:10:59 Job terminated.
	(1) Normal termination (return value 90)
		Usr 0 00:00:01, Sys 0 00:00:21  -  Run Remote Usage
		Usr 0 00:00:00, Sys 0 00:00:00  -  Run Local Usage
		Usr 0 00:00:01, Sys 0 00:00:21  -  Total Remote Usage
		Usr 0 00:00:00, Sys 0 00:00:00  -  Total Local Usage
	16174  -  Run Bytes Sent By Job
	8930  -  Run Bytes Received By Job
	16174  -  Total Bytes Sent By Job
	8930  -  Total Bytes Received By Job
	Partitionable Resources :    Usage  Request Allocated
	   Cpus                 :                 1         1
	   Disk (KB)            :  5140590 10000000  10394976
	   Memory (MB)          :       71     2100      2100
...
000 (221932.000.000) 07/31 07:12:25 Job submitted from host: <131.225.189.232:9618?addrs=131.225.189.232-9618&noUDP&sock=8982_aaf4_3>
...
001 (221932.000.000) 07/31 07:13:15 Job executing on host: <131.225.206.160:29187?addrs=131.225.206.160-29187>
...
006 (221932.000.000) 07/31 07:13:24 Image size of job updated: 2
	3  -  MemoryUsage of job (MB)
	2424  -  ResidentSetSize of job (KB)
...
006 (221932.000.000) 07/31 07:14:24 Image size of job updated: 447524
	71  -  MemoryUsage of job (MB)
	72352  -  ResidentSetSize of job (KB)
...
006 (221932.000.000) 07/31 07:18:29 Image size of job updated: 447524
	137  -  MemoryUsage of job (MB)
	140028  -  ResidentSetSize of job (KB)
...
006 (221932.000.000) 07/31 07:18:49 Image size of job updated: 692660
	137  -  MemoryUsage of job (MB)
	140028  -  ResidentSetSize of job (KB)
...
005 (221932.000.000) 07/31 07:18:50 Job terminated.
	(1) Normal termination (return value 65)
		Usr 0 00:00:09, Sys 0 00:00:21  -  Run Remote Usage
		Usr 0 00:00:00, Sys 0 00:00:00  -  Run Local Usage
		Usr 0 00:00:09, Sys 0 00:00:21  -  Total Remote Usage
		Usr 0 00:00:00, Sys 0 00:00:00  -  Total Local Usage
	28715  -  Run Bytes Sent By Job
	8930  -  Run Bytes Received By Job
	28715  -  Total Bytes Sent By Job
	8930  -  Total Bytes Received By Job
	Partitionable Resources :    Usage  Request Allocated
	   Cpus                 :                 1         1
	   Disk (KB)            :  6658983 10000000  12104716
	   Memory (MB)          :      137     2100      2100
...
