000 (220871.000.000) 07/31 06:49:27 Job submitted from host: <131.225.189.232:9618?addrs=131.225.189.232-9618&noUDP&sock=8982_aaf4_3>
...
001 (220871.000.000) 07/31 06:49:48 Job executing on host: <131.225.190.29:47208?addrs=131.225.190.29-47208>
...
006 (220871.000.000) 07/31 06:49:57 Image size of job updated: 447524
	71  -  MemoryUsage of job (MB)
	72348  -  ResidentSetSize of job (KB)
...
005 (220871.000.000) 07/31 06:53:05 Job terminated.
	(1) Normal termination (return value 90)
		Usr 0 00:00:01, Sys 0 00:00:22  -  Run Remote Usage
		Usr 0 00:00:00, Sys 0 00:00:00  -  Run Local Usage
		Usr 0 00:00:01, Sys 0 00:00:22  -  Total Remote Usage
		Usr 0 00:00:00, Sys 0 00:00:00  -  Total Local Usage
	18322  -  Run Bytes Sent By Job
	8930  -  Run Bytes Received By Job
	18322  -  Total Bytes Sent By Job
	8930  -  Total Bytes Received By Job
	Partitionable Resources :    Usage  Request Allocated
	   Cpus                 :                 1         1
	   Disk (KB)            :  6652556 10000000  15859496
	   Memory (MB)          :       71     2100      2100
...
000 (221433.000.000) 07/31 07:07:53 Job submitted from host: <131.225.189.232:9618?addrs=131.225.189.232-9618&noUDP&sock=8982_aaf4_3>
...
001 (221433.000.000) 07/31 07:08:31 Job executing on host: <131.225.205.181:33762?addrs=131.225.205.181-33762>
...
006 (221433.000.000) 07/31 07:08:40 Image size of job updated: 447524
	70  -  MemoryUsage of job (MB)
	71352  -  ResidentSetSize of job (KB)
...
005 (221433.000.000) 07/31 07:10:03 Job terminated.
	(1) Normal termination (return value 90)
		Usr 0 00:00:00, Sys 0 00:00:18  -  Run Remote Usage
		Usr 0 00:00:00, Sys 0 00:00:00  -  Run Local Usage
		Usr 0 00:00:00, Sys 0 00:00:18  -  Total Remote Usage
		Usr 0 00:00:00, Sys 0 00:00:00  -  Total Local Usage
	9819  -  Run Bytes Sent By Job
	8930  -  Run Bytes Received By Job
	9819  -  Total Bytes Sent By Job
	8930  -  Total Bytes Received By Job
	Partitionable Resources :    Usage  Request Allocated
	   Cpus                 :                 1         1
	   Disk (KB)            :  5419113 10000000  17110960
	   Memory (MB)          :       70     2100      2100
...
000 (221988.000.000) 07/31 07:12:34 Job submitted from host: <131.225.189.232:9618?addrs=131.225.189.232-9618&noUDP&sock=8982_aaf4_3>
...
001 (221988.000.000) 07/31 07:13:49 Job executing on host: <131.225.206.237:65172?addrs=131.225.206.237-65172>
...
006 (221988.000.000) 07/31 07:13:58 Image size of job updated: 447528
	15  -  MemoryUsage of job (MB)
	15004  -  ResidentSetSize of job (KB)
...
006 (221988.000.000) 07/31 07:14:58 Image size of job updated: 447528
	69  -  MemoryUsage of job (MB)
	70324  -  ResidentSetSize of job (KB)
...
006 (221988.000.000) 07/31 07:16:58 Image size of job updated: 447528
	69  -  MemoryUsage of job (MB)
	70336  -  ResidentSetSize of job (KB)
...
006 (221988.000.000) 07/31 07:17:58 Image size of job updated: 447528
	69  -  MemoryUsage of job (MB)
	70340  -  ResidentSetSize of job (KB)
...
006 (221988.000.000) 07/31 07:19:26 Image size of job updated: 778420
	69  -  MemoryUsage of job (MB)
	70340  -  ResidentSetSize of job (KB)
...
005 (221988.000.000) 07/31 07:19:27 Job terminated.
	(1) Normal termination (return value 65)
		Usr 0 00:00:14, Sys 0 00:00:19  -  Run Remote Usage
		Usr 0 00:00:00, Sys 0 00:00:00  -  Run Local Usage
		Usr 0 00:00:14, Sys 0 00:00:19  -  Total Remote Usage
		Usr 0 00:00:00, Sys 0 00:00:00  -  Total Local Usage
	27263  -  Run Bytes Sent By Job
	8930  -  Run Bytes Received By Job
	27263  -  Total Bytes Sent By Job
	8930  -  Total Bytes Received By Job
	Partitionable Resources :    Usage  Request Allocated
	   Cpus                 :                 1         1
	   Disk (KB)            :  6661285 10000000  11636712
	   Memory (MB)          :       69     2100      2100
...
000 (222550.000.000) 07/31 08:32:53 Job submitted from host: <131.225.189.232:9618?addrs=131.225.189.232-9618&noUDP&sock=8982_aaf4_3>
...
001 (222550.000.000) 07/31 08:34:04 Job executing on host: <131.225.207.83:43414?addrs=131.225.207.83-43414>
...
006 (222550.000.000) 07/31 08:34:13 Image size of job updated: 40612
	4  -  MemoryUsage of job (MB)
	3632  -  ResidentSetSize of job (KB)
...
006 (222550.000.000) 07/31 08:35:14 Image size of job updated: 447524
	70  -  MemoryUsage of job (MB)
	71356  -  ResidentSetSize of job (KB)
...
006 (222550.000.000) 07/31 08:37:23 Image size of job updated: 447524
	165  -  MemoryUsage of job (MB)
	168772  -  ResidentSetSize of job (KB)
...
005 (222550.000.000) 07/31 08:37:24 Job terminated.
	(1) Normal termination (return value 65)
		Usr 0 00:00:02, Sys 0 00:00:19  -  Run Remote Usage
		Usr 0 00:00:00, Sys 0 00:00:00  -  Run Local Usage
		Usr 0 00:00:02, Sys 0 00:00:19  -  Total Remote Usage
		Usr 0 00:00:00, Sys 0 00:00:00  -  Total Local Usage
	14498  -  Run Bytes Sent By Job
	8930  -  Run Bytes Received By Job
	14498  -  Total Bytes Sent By Job
	8930  -  Total Bytes Received By Job
	Partitionable Resources :    Usage  Request Allocated
	   Cpus                 :                 1         1
	   Disk (KB)            :  6664141 10000000  10723818
	   Memory (MB)          :      165     2100      2100
...
000 (223105.000.000) 07/31 08:49:58 Job submitted from host: <131.225.189.232:9618?addrs=131.225.189.232-9618&noUDP&sock=8982_aaf4_3>
...
001 (223105.000.000) 07/31 08:51:06 Job executing on host: <131.225.204.100:3581?addrs=131.225.204.100-3581>
...
006 (223105.000.000) 07/31 08:51:15 Image size of job updated: 2
	3  -  MemoryUsage of job (MB)
	2424  -  ResidentSetSize of job (KB)
...
006 (223105.000.000) 07/31 08:52:15 Image size of job updated: 447524
	69  -  MemoryUsage of job (MB)
	70320  -  ResidentSetSize of job (KB)
...
006 (223105.000.000) 07/31 08:55:07 Image size of job updated: 770992
	69  -  MemoryUsage of job (MB)
	70320  -  ResidentSetSize of job (KB)
...
005 (223105.000.000) 07/31 08:55:08 Job terminated.
	(1) Normal termination (return value 65)
		Usr 0 00:00:12, Sys 0 00:00:22  -  Run Remote Usage
		Usr 0 00:00:00, Sys 0 00:00:00  -  Run Local Usage
		Usr 0 00:00:12, Sys 0 00:00:22  -  Total Remote Usage
		Usr 0 00:00:00, Sys 0 00:00:00  -  Total Local Usage
	18042  -  Run Bytes Sent By Job
	44439  -  Run Bytes Received By Job
	18042  -  Total Bytes Sent By Job
	44439  -  Total Bytes Received By Job
	Partitionable Resources :    Usage  Request Allocated
	   Cpus                 :                 1         1
	   Disk (KB)            :  5825881 10000000  10508988
	   Memory (MB)          :       69     2100      2100
...
000 (223660.000.000) 07/31 09:06:27 Job submitted from host: <131.225.189.232:9618?addrs=131.225.189.232-9618&noUDP&sock=8982_aaf4_3>
...
