000 (220535.000.000) 07/31 06:48:17 Job submitted from host: <131.225.189.232:9618?addrs=131.225.189.232-9618&noUDP&sock=8982_aaf4_3>
...
001 (220535.000.000) 07/31 06:48:33 Job executing on host: <131.225.204.78:15307?addrs=131.225.204.78-15307>
...
006 (220535.000.000) 07/31 06:48:42 Image size of job updated: 2
	3  -  MemoryUsage of job (MB)
	2424  -  ResidentSetSize of job (KB)
...
006 (220535.000.000) 07/31 06:49:43 Image size of job updated: 447524
	71  -  MemoryUsage of job (MB)
	72348  -  ResidentSetSize of job (KB)
...
005 (220535.000.000) 07/31 06:50:35 Job terminated.
	(1) Normal termination (return value 90)
		Usr 0 00:00:01, Sys 0 00:00:15  -  Run Remote Usage
		Usr 0 00:00:00, Sys 0 00:00:00  -  Run Local Usage
		Usr 0 00:00:01, Sys 0 00:00:15  -  Total Remote Usage
		Usr 0 00:00:00, Sys 0 00:00:00  -  Total Local Usage
	12818  -  Run Bytes Sent By Job
	8930  -  Run Bytes Received By Job
	12818  -  Total Bytes Sent By Job
	8930  -  Total Bytes Received By Job
	Partitionable Resources :    Usage  Request Allocated
	   Cpus                 :                 1         1
	   Disk (KB)            :  4574218 10000000  10129557
	   Memory (MB)          :       71     2100      2100
...
000 (221097.000.000) 07/31 07:06:54 Job submitted from host: <131.225.189.232:9618?addrs=131.225.189.232-9618&noUDP&sock=8982_aaf4_3>
...
001 (221097.000.000) 07/31 07:07:12 Job executing on host: <131.225.204.77:57293?addrs=131.225.204.77-57293>
...
006 (221097.000.000) 07/31 07:07:21 Image size of job updated: 447524
	71  -  MemoryUsage of job (MB)
	72348  -  ResidentSetSize of job (KB)
...
005 (221097.000.000) 07/31 07:09:30 Job terminated.
	(1) Normal termination (return value 90)
		Usr 0 00:00:01, Sys 0 00:00:21  -  Run Remote Usage
		Usr 0 00:00:00, Sys 0 00:00:00  -  Run Local Usage
		Usr 0 00:00:01, Sys 0 00:00:21  -  Total Remote Usage
		Usr 0 00:00:00, Sys 0 00:00:00  -  Total Local Usage
	13502  -  Run Bytes Sent By Job
	8930  -  Run Bytes Received By Job
	13502  -  Total Bytes Sent By Job
	8930  -  Total Bytes Received By Job
	Partitionable Resources :    Usage  Request Allocated
	   Cpus                 :                 1         1
	   Disk (KB)            :  5877870 10000000  10315146
	   Memory (MB)          :       71     2100      2100
...
000 (221652.000.000) 07/31 07:11:36 Job submitted from host: <131.225.189.232:9618?addrs=131.225.189.232-9618&noUDP&sock=8982_aaf4_3>
...
001 (221652.000.000) 07/31 07:11:49 Job executing on host: <131.225.206.236:59687?addrs=131.225.206.236-59687>
...
006 (221652.000.000) 07/31 07:11:58 Image size of job updated: 447524
	71  -  MemoryUsage of job (MB)
	72344  -  ResidentSetSize of job (KB)
...
006 (221652.000.000) 07/31 07:14:09 Image size of job updated: 447524
	139  -  MemoryUsage of job (MB)
	141920  -  ResidentSetSize of job (KB)
...
006 (221652.000.000) 07/31 07:14:59 Image size of job updated: 769968
	139  -  MemoryUsage of job (MB)
	141920  -  ResidentSetSize of job (KB)
...
005 (221652.000.000) 07/31 07:14:59 Job terminated.
	(1) Normal termination (return value 65)
		Usr 0 00:00:11, Sys 0 00:00:12  -  Run Remote Usage
		Usr 0 00:00:00, Sys 0 00:00:00  -  Run Local Usage
		Usr 0 00:00:11, Sys 0 00:00:12  -  Total Remote Usage
		Usr 0 00:00:00, Sys 0 00:00:00  -  Total Local Usage
	9859  -  Run Bytes Sent By Job
	8930  -  Run Bytes Received By Job
	9859  -  Total Bytes Sent By Job
	8930  -  Total Bytes Received By Job
	Partitionable Resources :    Usage  Request Allocated
	   Cpus                 :                 1         1
	   Disk (KB)            :  6004408 10000000  11816484
	   Memory (MB)          :      139     2100      2100
...
