000 (220724.000.000) 07/31 06:48:56 Job submitted from host: <131.225.189.232:9618?addrs=131.225.189.232-9618&noUDP&sock=8982_aaf4_3>
...
001 (220724.000.000) 07/31 06:49:17 Job executing on host: <131.225.206.19:25695?addrs=131.225.206.19-25695>
...
006 (220724.000.000) 07/31 06:49:26 Image size of job updated: 447524
	71  -  MemoryUsage of job (MB)
	72340  -  ResidentSetSize of job (KB)
...
005 (220724.000.000) 07/31 06:51:41 Job terminated.
	(1) Normal termination (return value 90)
		Usr 0 00:00:00, Sys 0 00:00:15  -  Run Remote Usage
		Usr 0 00:00:00, Sys 0 00:00:00  -  Run Local Usage
		Usr 0 00:00:00, Sys 0 00:00:15  -  Total Remote Usage
		Usr 0 00:00:00, Sys 0 00:00:00  -  Total Local Usage
	9114  -  Run Bytes Sent By Job
	8930  -  Run Bytes Received By Job
	9114  -  Total Bytes Sent By Job
	8930  -  Total Bytes Received By Job
	Partitionable Resources :    Usage  Request Allocated
	   Cpus                 :                 1         1
	   Disk (KB)            :  5540874 10000000  12743936
	   Memory (MB)          :       71     2100      2100
...
000 (221286.000.000) 07/31 07:07:27 Job submitted from host: <131.225.189.232:9618?addrs=131.225.189.232-9618&noUDP&sock=8982_aaf4_3>
...
001 (221286.000.000) 07/31 07:08:00 Job executing on host: <131.225.206.241:46332?addrs=131.225.206.241-46332>
...
006 (221286.000.000) 07/31 07:08:09 Image size of job updated: 381924
	15  -  MemoryUsage of job (MB)
	14940  -  ResidentSetSize of job (KB)
...
006 (221286.000.000) 07/31 07:09:10 Image size of job updated: 447524
	69  -  MemoryUsage of job (MB)
	70292  -  ResidentSetSize of job (KB)
...
005 (221286.000.000) 07/31 07:10:07 Job terminated.
	(1) Normal termination (return value 90)
		Usr 0 00:00:01, Sys 0 00:00:16  -  Run Remote Usage
		Usr 0 00:00:00, Sys 0 00:00:00  -  Run Local Usage
		Usr 0 00:00:01, Sys 0 00:00:16  -  Total Remote Usage
		Usr 0 00:00:00, Sys 0 00:00:00  -  Total Local Usage
	12738  -  Run Bytes Sent By Job
	8930  -  Run Bytes Received By Job
	12738  -  Total Bytes Sent By Job
	8930  -  Total Bytes Received By Job
	Partitionable Resources :    Usage  Request Allocated
	   Cpus                 :                 1         1
	   Disk (KB)            :  3944553 10000000  11918724
	   Memory (MB)          :       69     2100      2100
...
000 (221841.000.000) 07/31 07:12:10 Job submitted from host: <131.225.189.232:9618?addrs=131.225.189.232-9618&noUDP&sock=8982_aaf4_3>
...
001 (221841.000.000) 07/31 07:12:28 Job executing on host: <131.225.206.241:46332?addrs=131.225.206.241-46332>
...
006 (221841.000.000) 07/31 07:12:37 Image size of job updated: 447524
	23  -  MemoryUsage of job (MB)
	22796  -  ResidentSetSize of job (KB)
...
006 (221841.000.000) 07/31 07:13:38 Image size of job updated: 447524
	70  -  MemoryUsage of job (MB)
	71356  -  ResidentSetSize of job (KB)
...
006 (221841.000.000) 07/31 07:14:39 Image size of job updated: 457164
	232  -  MemoryUsage of job (MB)
	236900  -  ResidentSetSize of job (KB)
...
006 (221841.000.000) 07/31 07:14:52 Image size of job updated: 717236
	232  -  MemoryUsage of job (MB)
	236900  -  ResidentSetSize of job (KB)
...
005 (221841.000.000) 07/31 07:14:53 Job terminated.
	(1) Normal termination (return value 65)
		Usr 0 00:00:09, Sys 0 00:00:14  -  Run Remote Usage
		Usr 0 00:00:00, Sys 0 00:00:00  -  Run Local Usage
		Usr 0 00:00:09, Sys 0 00:00:14  -  Total Remote Usage
		Usr 0 00:00:00, Sys 0 00:00:00  -  Total Local Usage
	10844  -  Run Bytes Sent By Job
	8930  -  Run Bytes Received By Job
	10844  -  Total Bytes Sent By Job
	8930  -  Total Bytes Received By Job
	Partitionable Resources :    Usage  Request Allocated
	   Cpus                 :                 1         1
	   Disk (KB)            :  6421123 10000000  11886668
	   Memory (MB)          :      232     2100      2100
...
