000 (220713.000.000) 07/31 06:48:54 Job submitted from host: <131.225.189.232:9618?addrs=131.225.189.232-9618&noUDP&sock=8982_aaf4_3>
...
001 (220713.000.000) 07/31 06:49:15 Job executing on host: <131.225.204.122:4504?addrs=131.225.204.122-4504>
...
006 (220713.000.000) 07/31 06:49:24 Image size of job updated: 2
	3  -  MemoryUsage of job (MB)
	2424  -  ResidentSetSize of job (KB)
...
006 (220713.000.000) 07/31 06:50:25 Image size of job updated: 447524
	71  -  MemoryUsage of job (MB)
	72348  -  ResidentSetSize of job (KB)
...
005 (220713.000.000) 07/31 06:54:30 Job terminated.
	(1) Normal termination (return value 90)
		Usr 0 00:00:02, Sys 0 00:00:14  -  Run Remote Usage
		Usr 0 00:00:00, Sys 0 00:00:00  -  Run Local Usage
		Usr 0 00:00:02, Sys 0 00:00:14  -  Total Remote Usage
		Usr 0 00:00:00, Sys 0 00:00:00  -  Total Local Usage
	29553  -  Run Bytes Sent By Job
	8930  -  Run Bytes Received By Job
	29553  -  Total Bytes Sent By Job
	8930  -  Total Bytes Received By Job
	Partitionable Resources :    Usage  Request Allocated
	   Cpus                 :                 1         1
	   Disk (KB)            :  5278746 10000000  10331520
	   Memory (MB)          :       71     2100      2100
...
000 (221275.000.000) 07/31 07:07:25 Job submitted from host: <131.225.189.232:9618?addrs=131.225.189.232-9618&noUDP&sock=8982_aaf4_3>
...
001 (221275.000.000) 07/31 07:07:58 Job executing on host: <131.225.207.72:54845?addrs=131.225.207.72-54845>
...
006 (221275.000.000) 07/31 07:08:07 Image size of job updated: 2
	3  -  MemoryUsage of job (MB)
	2420  -  ResidentSetSize of job (KB)
...
006 (221275.000.000) 07/31 07:09:08 Image size of job updated: 447524
	69  -  MemoryUsage of job (MB)
	70312  -  ResidentSetSize of job (KB)
...
005 (221275.000.000) 07/31 07:10:44 Job terminated.
	(1) Normal termination (return value 90)
		Usr 0 00:00:02, Sys 0 00:00:14  -  Run Remote Usage
		Usr 0 00:00:00, Sys 0 00:00:00  -  Run Local Usage
		Usr 0 00:00:02, Sys 0 00:00:14  -  Total Remote Usage
		Usr 0 00:00:00, Sys 0 00:00:00  -  Total Local Usage
	15054  -  Run Bytes Sent By Job
	8930  -  Run Bytes Received By Job
	15054  -  Total Bytes Sent By Job
	8930  -  Total Bytes Received By Job
	Partitionable Resources :    Usage  Request Allocated
	   Cpus                 :                 1         1
	   Disk (KB)            :  5763182 10000000  10395054
	   Memory (MB)          :       69     2100      2100
...
000 (221830.000.000) 07/31 07:12:08 Job submitted from host: <131.225.189.232:9618?addrs=131.225.189.232-9618&noUDP&sock=8982_aaf4_3>
...
001 (221830.000.000) 07/31 07:12:27 Job executing on host: <131.225.206.85:57633?addrs=131.225.206.85-57633>
...
006 (221830.000.000) 07/31 07:12:35 Image size of job updated: 447532
	21  -  MemoryUsage of job (MB)
	21140  -  ResidentSetSize of job (KB)
...
006 (221830.000.000) 07/31 07:13:35 Image size of job updated: 447532
	73  -  MemoryUsage of job (MB)
	74388  -  ResidentSetSize of job (KB)
...
006 (221830.000.000) 07/31 07:15:35 Image size of job updated: 487976
	255  -  MemoryUsage of job (MB)
	260696  -  ResidentSetSize of job (KB)
...
006 (221830.000.000) 07/31 07:16:17 Image size of job updated: 777396
	255  -  MemoryUsage of job (MB)
	260696  -  ResidentSetSize of job (KB)
...
005 (221830.000.000) 07/31 07:16:18 Job terminated.
	(1) Normal termination (return value 65)
		Usr 0 00:00:14, Sys 0 00:00:23  -  Run Remote Usage
		Usr 0 00:00:00, Sys 0 00:00:00  -  Run Local Usage
		Usr 0 00:00:14, Sys 0 00:00:23  -  Total Remote Usage
		Usr 0 00:00:00, Sys 0 00:00:00  -  Total Local Usage
	13916  -  Run Bytes Sent By Job
	8930  -  Run Bytes Received By Job
	13916  -  Total Bytes Sent By Job
	8930  -  Total Bytes Received By Job
	Partitionable Resources :    Usage  Request Allocated
	   Cpus                 :                 1         1
	   Disk (KB)            :  6437685 10000000  10404729
	   Memory (MB)          :      255     2100      2100
...
000 (222392.000.000) 07/31 08:32:43 Job submitted from host: <131.225.189.232:9618?addrs=131.225.189.232-9618&noUDP&sock=8982_aaf4_3>
...
001 (222392.000.000) 07/31 08:33:24 Job executing on host: <131.225.206.43:59052?addrs=131.225.206.43-59052>
...
006 (222392.000.000) 07/31 08:33:32 Image size of job updated: 447524
	71  -  MemoryUsage of job (MB)
	72348  -  ResidentSetSize of job (KB)
...
006 (222392.000.000) 07/31 08:36:34 Image size of job updated: 739504
	452  -  MemoryUsage of job (MB)
	461880  -  ResidentSetSize of job (KB)
...
005 (222392.000.000) 07/31 08:36:38 Job terminated.
	(1) Normal termination (return value 65)
		Usr 0 00:00:12, Sys 0 00:00:15  -  Run Remote Usage
		Usr 0 00:00:00, Sys 0 00:00:00  -  Run Local Usage
		Usr 0 00:00:12, Sys 0 00:00:15  -  Total Remote Usage
		Usr 0 00:00:00, Sys 0 00:00:00  -  Total Local Usage
	16662  -  Run Bytes Sent By Job
	8930  -  Run Bytes Received By Job
	16662  -  Total Bytes Sent By Job
	8930  -  Total Bytes Received By Job
	Partitionable Resources :    Usage  Request Allocated
	   Cpus                 :                 1         1
	   Disk (KB)            :  6440555 10000000  13224368
	   Memory (MB)          :      452     2100      2100
...
000 (222947.000.000) 07/31 08:49:52 Job submitted from host: <131.225.189.232:9618?addrs=131.225.189.232-9618&noUDP&sock=8982_aaf4_3>
...
001 (222947.000.000) 07/31 08:50:34 Job executing on host: <131.225.204.119:6589?addrs=131.225.204.119-6589>
...
006 (222947.000.000) 07/31 08:50:43 Image size of job updated: 447524
	71  -  MemoryUsage of job (MB)
	72348  -  ResidentSetSize of job (KB)
...
006 (222947.000.000) 07/31 08:56:53 Image size of job updated: 447524
	164  -  MemoryUsage of job (MB)
	167468  -  ResidentSetSize of job (KB)
...
006 (222947.000.000) 07/31 08:57:08 Image size of job updated: 718256
	164  -  MemoryUsage of job (MB)
	167468  -  ResidentSetSize of job (KB)
...
005 (222947.000.000) 07/31 08:57:24 Job terminated.
	(1) Normal termination (return value 65)
		Usr 0 00:00:10, Sys 0 00:00:19  -  Run Remote Usage
		Usr 0 00:00:00, Sys 0 00:00:00  -  Run Local Usage
		Usr 0 00:00:10, Sys 0 00:00:19  -  Total Remote Usage
		Usr 0 00:00:00, Sys 0 00:00:00  -  Total Local Usage
	28559  -  Run Bytes Sent By Job
	44439  -  Run Bytes Received By Job
	28559  -  Total Bytes Sent By Job
	44439  -  Total Bytes Received By Job
	Partitionable Resources :    Usage  Request Allocated
	   Cpus                 :                 1         1
	   Disk (KB)            :  6440404 10000000  10421637
	   Memory (MB)          :      164     2100      2100
...
000 (223502.000.000) 07/31 09:06:20 Job submitted from host: <131.225.189.232:9618?addrs=131.225.189.232-9618&noUDP&sock=8982_aaf4_3>
...
