000 (220922.000.000) 07/31 06:49:38 Job submitted from host: <131.225.189.232:9618?addrs=131.225.189.232-9618&noUDP&sock=8982_aaf4_3>
...
001 (220922.000.000) 07/31 06:50:21 Job executing on host: <131.225.206.54:56224?addrs=131.225.206.54-56224>
...
006 (220922.000.000) 07/31 06:50:30 Image size of job updated: 447532
	13  -  MemoryUsage of job (MB)
	12956  -  ResidentSetSize of job (KB)
...
006 (220922.000.000) 07/31 06:51:31 Image size of job updated: 447532
	71  -  MemoryUsage of job (MB)
	72352  -  ResidentSetSize of job (KB)
...
005 (220922.000.000) 07/31 06:54:05 Job terminated.
	(1) Normal termination (return value 90)
		Usr 0 00:00:02, Sys 0 00:00:15  -  Run Remote Usage
		Usr 0 00:00:00, Sys 0 00:00:00  -  Run Local Usage
		Usr 0 00:00:02, Sys 0 00:00:15  -  Total Remote Usage
		Usr 0 00:00:00, Sys 0 00:00:00  -  Total Local Usage
	20329  -  Run Bytes Sent By Job
	8930  -  Run Bytes Received By Job
	20329  -  Total Bytes Sent By Job
	8930  -  Total Bytes Received By Job
	Partitionable Resources :    Usage  Request Allocated
	   Cpus                 :                 1         1
	   Disk (KB)            :  5065748 10000000  10393491
	   Memory (MB)          :       71     2100      2100
...
000 (221484.000.000) 07/31 07:08:03 Job submitted from host: <131.225.189.232:9618?addrs=131.225.189.232-9618&noUDP&sock=8982_aaf4_3>
...
001 (221484.000.000) 07/31 07:08:38 Job executing on host: <131.225.191.253:34683?addrs=131.225.191.253-34683>
...
006 (221484.000.000) 07/31 07:08:47 Image size of job updated: 447532
	17  -  MemoryUsage of job (MB)
	17048  -  ResidentSetSize of job (KB)
...
006 (221484.000.000) 07/31 07:09:49 Image size of job updated: 447532
	71  -  MemoryUsage of job (MB)
	72340  -  ResidentSetSize of job (KB)
...
005 (221484.000.000) 07/31 07:11:52 Job terminated.
	(1) Normal termination (return value 90)
		Usr 0 00:00:03, Sys 0 00:00:34  -  Run Remote Usage
		Usr 0 00:00:00, Sys 0 00:00:00  -  Run Local Usage
		Usr 0 00:00:03, Sys 0 00:00:34  -  Total Remote Usage
		Usr 0 00:00:00, Sys 0 00:00:00  -  Total Local Usage
	17671  -  Run Bytes Sent By Job
	8930  -  Run Bytes Received By Job
	17671  -  Total Bytes Sent By Job
	8930  -  Total Bytes Received By Job
	Partitionable Resources :    Usage  Request Allocated
	   Cpus                 :                 1         1
	   Disk (KB)            :  6644427 10000000  14987734
	   Memory (MB)          :       71     2100      2100
...
000 (222039.000.000) 07/31 07:12:43 Job submitted from host: <131.225.189.232:9618?addrs=131.225.189.232-9618&noUDP&sock=8982_aaf4_3>
...
001 (222039.000.000) 07/31 07:14:10 Job executing on host: <131.225.206.237:65172?addrs=131.225.206.237-65172>
...
006 (222039.000.000) 07/31 07:14:18 Image size of job updated: 102476
	3  -  MemoryUsage of job (MB)
	2464  -  ResidentSetSize of job (KB)
...
006 (222039.000.000) 07/31 07:15:18 Image size of job updated: 447524
	71  -  MemoryUsage of job (MB)
	72348  -  ResidentSetSize of job (KB)
...
006 (222039.000.000) 07/31 07:19:23 Image size of job updated: 551312
	224  -  MemoryUsage of job (MB)
	228936  -  ResidentSetSize of job (KB)
...
006 (222039.000.000) 07/31 07:19:26 Image size of job updated: 776888
	224  -  MemoryUsage of job (MB)
	228936  -  ResidentSetSize of job (KB)
...
005 (222039.000.000) 07/31 07:19:28 Job terminated.
	(1) Normal termination (return value 65)
		Usr 0 00:00:14, Sys 0 00:00:22  -  Run Remote Usage
		Usr 0 00:00:00, Sys 0 00:00:00  -  Run Local Usage
		Usr 0 00:00:14, Sys 0 00:00:22  -  Total Remote Usage
		Usr 0 00:00:00, Sys 0 00:00:00  -  Total Local Usage
	25419  -  Run Bytes Sent By Job
	8930  -  Run Bytes Received By Job
	25419  -  Total Bytes Sent By Job
	8930  -  Total Bytes Received By Job
	Partitionable Resources :    Usage  Request Allocated
	   Cpus                 :                 1         1
	   Disk (KB)            :  6643876 10000000  11780084
	   Memory (MB)          :      224     2100      2100
...
000 (222601.000.000) 07/31 08:32:57 Job submitted from host: <131.225.189.232:9618?addrs=131.225.189.232-9618&noUDP&sock=8982_aaf4_3>
...
001 (222601.000.000) 07/31 08:34:07 Job executing on host: <131.225.205.168:60960?addrs=131.225.205.168-60960>
...
006 (222601.000.000) 07/31 08:34:15 Image size of job updated: 2
	3  -  MemoryUsage of job (MB)
	2420  -  ResidentSetSize of job (KB)
...
006 (222601.000.000) 07/31 08:35:15 Image size of job updated: 447524
	70  -  MemoryUsage of job (MB)
	71352  -  ResidentSetSize of job (KB)
...
006 (222601.000.000) 07/31 08:37:08 Image size of job updated: 672940
	70  -  MemoryUsage of job (MB)
	71352  -  ResidentSetSize of job (KB)
...
005 (222601.000.000) 07/31 08:37:09 Job terminated.
	(1) Normal termination (return value 65)
		Usr 0 00:00:11, Sys 0 00:00:21  -  Run Remote Usage
		Usr 0 00:00:00, Sys 0 00:00:00  -  Run Local Usage
		Usr 0 00:00:11, Sys 0 00:00:21  -  Total Remote Usage
		Usr 0 00:00:00, Sys 0 00:00:00  -  Total Local Usage
	14903  -  Run Bytes Sent By Job
	8930  -  Run Bytes Received By Job
	14903  -  Total Bytes Sent By Job
	8930  -  Total Bytes Received By Job
	Partitionable Resources :    Usage  Request Allocated
	   Cpus                 :                 1         1
	   Disk (KB)            :  6469969 10000000  17212980
	   Memory (MB)          :       70     2100      2100
...
000 (223156.000.000) 07/31 08:50:01 Job submitted from host: <131.225.189.232:9618?addrs=131.225.189.232-9618&noUDP&sock=8982_aaf4_3>
...
001 (223156.000.000) 07/31 08:51:17 Job executing on host: <131.225.204.84:7575?addrs=131.225.204.84-7575>
...
006 (223156.000.000) 07/31 08:51:25 Image size of job updated: 447524
	71  -  MemoryUsage of job (MB)
	72348  -  ResidentSetSize of job (KB)
...
006 (223156.000.000) 07/31 09:00:05 Image size of job updated: 711092
	71  -  MemoryUsage of job (MB)
	72348  -  ResidentSetSize of job (KB)
...
005 (223156.000.000) 07/31 09:00:37 Job terminated.
	(1) Normal termination (return value 65)
		Usr 0 00:00:10, Sys 0 00:00:18  -  Run Remote Usage
		Usr 0 00:00:00, Sys 0 00:00:00  -  Run Local Usage
		Usr 0 00:00:10, Sys 0 00:00:18  -  Total Remote Usage
		Usr 0 00:00:00, Sys 0 00:00:00  -  Total Local Usage
	25885  -  Run Bytes Sent By Job
	44439  -  Run Bytes Received By Job
	25885  -  Total Bytes Sent By Job
	44439  -  Total Bytes Received By Job
	Partitionable Resources :    Usage  Request Allocated
	   Cpus                 :                 1         1
	   Disk (KB)            :  6646582 10000000  10149570
	   Memory (MB)          :       71     2100      2100
...
000 (223711.000.000) 07/31 09:06:29 Job submitted from host: <131.225.189.232:9618?addrs=131.225.189.232-9618&noUDP&sock=8982_aaf4_3>
...
