000 (220650.000.000) 07/31 06:48:41 Job submitted from host: <131.225.189.232:9618?addrs=131.225.189.232-9618&noUDP&sock=8982_aaf4_3>
...
001 (220650.000.000) 07/31 06:49:03 Job executing on host: <131.225.191.151:10822?addrs=131.225.191.151-10822>
...
006 (220650.000.000) 07/31 06:49:12 Image size of job updated: 381924
	15  -  MemoryUsage of job (MB)
	14940  -  ResidentSetSize of job (KB)
...
006 (220650.000.000) 07/31 06:50:14 Image size of job updated: 447524
	70  -  MemoryUsage of job (MB)
	71356  -  ResidentSetSize of job (KB)
...
005 (220650.000.000) 07/31 06:53:59 Job terminated.
	(1) Normal termination (return value 90)
		Usr 0 00:00:01, Sys 0 00:00:13  -  Run Remote Usage
		Usr 0 00:00:00, Sys 0 00:00:00  -  Run Local Usage
		Usr 0 00:00:01, Sys 0 00:00:13  -  Total Remote Usage
		Usr 0 00:00:00, Sys 0 00:00:00  -  Total Local Usage
	17913  -  Run Bytes Sent By Job
	8930  -  Run Bytes Received By Job
	17913  -  Total Bytes Sent By Job
	8930  -  Total Bytes Received By Job
	Partitionable Resources :    Usage  Request Allocated
	   Cpus                 :                 1         1
	   Disk (KB)            :  2526224 10000000  11944188
	   Memory (MB)          :       70     2100      2100
...
000 (221212.000.000) 07/31 07:07:15 Job submitted from host: <131.225.189.232:9618?addrs=131.225.189.232-9618&noUDP&sock=8982_aaf4_3>
...
001 (221212.000.000) 07/31 07:07:46 Job executing on host: <131.225.207.109:41150?addrs=131.225.207.109-41150>
...
006 (221212.000.000) 07/31 07:07:55 Image size of job updated: 447524
	71  -  MemoryUsage of job (MB)
	72344  -  ResidentSetSize of job (KB)
...
005 (221212.000.000) 07/31 07:08:41 Job terminated.
	(1) Normal termination (return value 90)
		Usr 0 00:00:00, Sys 0 00:00:05  -  Run Remote Usage
		Usr 0 00:00:00, Sys 0 00:00:00  -  Run Local Usage
		Usr 0 00:00:00, Sys 0 00:00:05  -  Total Remote Usage
		Usr 0 00:00:00, Sys 0 00:00:00  -  Total Local Usage
	5398  -  Run Bytes Sent By Job
	8930  -  Run Bytes Received By Job
	5398  -  Total Bytes Sent By Job
	8930  -  Total Bytes Received By Job
	Partitionable Resources :    Usage  Request Allocated
	   Cpus                 :                 1         1
	   Disk (KB)            :   815204 10000000  10574007
	   Memory (MB)          :       71     2100      2100
...
000 (221767.000.000) 07/31 07:11:56 Job submitted from host: <131.225.189.232:9618?addrs=131.225.189.232-9618&noUDP&sock=8982_aaf4_3>
...
001 (221767.000.000) 07/31 07:12:17 Job executing on host: <131.225.206.171:9309?addrs=131.225.206.171-9309>
...
006 (221767.000.000) 07/31 07:12:26 Image size of job updated: 447524
	71  -  MemoryUsage of job (MB)
	72348  -  ResidentSetSize of job (KB)
...
006 (221767.000.000) 07/31 07:13:27 Image size of job updated: 494560
	262  -  MemoryUsage of job (MB)
	268256  -  ResidentSetSize of job (KB)
...
006 (221767.000.000) 07/31 07:13:43 Image size of job updated: 764588
	262  -  MemoryUsage of job (MB)
	268256  -  ResidentSetSize of job (KB)
...
005 (221767.000.000) 07/31 07:13:44 Job terminated.
	(1) Normal termination (return value 65)
		Usr 0 00:00:10, Sys 0 00:00:07  -  Run Remote Usage
		Usr 0 00:00:00, Sys 0 00:00:00  -  Run Local Usage
		Usr 0 00:00:10, Sys 0 00:00:07  -  Total Remote Usage
		Usr 0 00:00:00, Sys 0 00:00:00  -  Total Local Usage
	7192  -  Run Bytes Sent By Job
	8930  -  Run Bytes Received By Job
	7192  -  Total Bytes Sent By Job
	8930  -  Total Bytes Received By Job
	Partitionable Resources :    Usage  Request Allocated
	   Cpus                 :                 1         1
	   Disk (KB)            :  3365858 10000000  11800900
	   Memory (MB)          :      262     2100      2100
...
000 (222329.000.000) 07/31 08:32:38 Job submitted from host: <131.225.189.232:9618?addrs=131.225.189.232-9618&noUDP&sock=8982_aaf4_3>
...
001 (222329.000.000) 07/31 08:33:09 Job executing on host: <131.225.207.102:53438?addrs=131.225.207.102-53438>
...
006 (222329.000.000) 07/31 08:33:19 Image size of job updated: 447524
	39  -  MemoryUsage of job (MB)
	39564  -  ResidentSetSize of job (KB)
...
006 (222329.000.000) 07/31 08:34:19 Image size of job updated: 447524
	69  -  MemoryUsage of job (MB)
	70416  -  ResidentSetSize of job (KB)
...
006 (222329.000.000) 07/31 08:35:04 Image size of job updated: 764596
	69  -  MemoryUsage of job (MB)
	70416  -  ResidentSetSize of job (KB)
...
005 (222329.000.000) 07/31 08:35:05 Job terminated.
	(1) Normal termination (return value 65)
		Usr 0 00:00:11, Sys 0 00:00:12  -  Run Remote Usage
		Usr 0 00:00:00, Sys 0 00:00:00  -  Run Local Usage
		Usr 0 00:00:11, Sys 0 00:00:12  -  Total Remote Usage
		Usr 0 00:00:00, Sys 0 00:00:00  -  Total Local Usage
	8247  -  Run Bytes Sent By Job
	8930  -  Run Bytes Received By Job
	8247  -  Total Bytes Sent By Job
	8930  -  Total Bytes Received By Job
	Partitionable Resources :    Usage  Request Allocated
	   Cpus                 :                 1         1
	   Disk (KB)            :  3368726 10000000  10307739
	   Memory (MB)          :       69     2100      2100
...
000 (222884.000.000) 07/31 08:49:49 Job submitted from host: <131.225.189.232:9618?addrs=131.225.189.232-9618&noUDP&sock=8982_aaf4_3>
...
001 (222884.000.000) 07/31 08:50:22 Job executing on host: <131.225.206.238:55117?addrs=131.225.206.238-55117>
...
006 (222884.000.000) 07/31 08:50:30 Image size of job updated: 2
	3  -  MemoryUsage of job (MB)
	2428  -  ResidentSetSize of job (KB)
...
006 (222884.000.000) 07/31 08:51:31 Image size of job updated: 447524
	165  -  MemoryUsage of job (MB)
	168160  -  ResidentSetSize of job (KB)
...
006 (222884.000.000) 07/31 08:51:52 Image size of job updated: 626344
	165  -  MemoryUsage of job (MB)
	168160  -  ResidentSetSize of job (KB)
...
005 (222884.000.000) 07/31 08:51:53 Job terminated.
	(1) Normal termination (return value 65)
		Usr 0 00:00:07, Sys 0 00:00:08  -  Run Remote Usage
		Usr 0 00:00:00, Sys 0 00:00:00  -  Run Local Usage
		Usr 0 00:00:07, Sys 0 00:00:08  -  Total Remote Usage
		Usr 0 00:00:00, Sys 0 00:00:00  -  Total Local Usage
	8142  -  Run Bytes Sent By Job
	44439  -  Run Bytes Received By Job
	8142  -  Total Bytes Sent By Job
	44439  -  Total Bytes Received By Job
	Partitionable Resources :    Usage  Request Allocated
	   Cpus                 :                 1         1
	   Disk (KB)            :  3368564 10000000  11928056
	   Memory (MB)          :      165     2100      2100
...
000 (223439.000.000) 07/31 09:06:17 Job submitted from host: <131.225.189.232:9618?addrs=131.225.189.232-9618&noUDP&sock=8982_aaf4_3>
...
