000 (220529.000.000) 07/31 06:48:15 Job submitted from host: <131.225.189.232:9618?addrs=131.225.189.232-9618&noUDP&sock=8982_aaf4_3>
...
001 (220529.000.000) 07/31 06:48:31 Job executing on host: <131.225.206.238:55117?addrs=131.225.206.238-55117>
...
006 (220529.000.000) 07/31 06:48:40 Image size of job updated: 447524
	71  -  MemoryUsage of job (MB)
	72344  -  ResidentSetSize of job (KB)
...
005 (220529.000.000) 07/31 06:51:03 Job terminated.
	(1) Normal termination (return value 90)
		Usr 0 00:00:01, Sys 0 00:00:16  -  Run Remote Usage
		Usr 0 00:00:00, Sys 0 00:00:00  -  Run Local Usage
		Usr 0 00:00:01, Sys 0 00:00:16  -  Total Remote Usage
		Usr 0 00:00:00, Sys 0 00:00:00  -  Total Local Usage
	14500  -  Run Bytes Sent By Job
	8930  -  Run Bytes Received By Job
	14500  -  Total Bytes Sent By Job
	8930  -  Total Bytes Received By Job
	Partitionable Resources :    Usage  Request Allocated
	   Cpus                 :                 1         1
	   Disk (KB)            :  5721103 10000000  11861500
	   Memory (MB)          :       71     2100      2100
...
000 (221091.000.000) 07/31 07:06:54 Job submitted from host: <131.225.189.232:9618?addrs=131.225.189.232-9618&noUDP&sock=8982_aaf4_3>
...
001 (221091.000.000) 07/31 07:07:12 Job executing on host: <131.225.204.99:39948?addrs=131.225.204.99-39948>
...
006 (221091.000.000) 07/31 07:07:21 Image size of job updated: 447524
	43  -  MemoryUsage of job (MB)
	43764  -  ResidentSetSize of job (KB)
...
006 (221091.000.000) 07/31 07:08:22 Image size of job updated: 447524
	71  -  MemoryUsage of job (MB)
	72436  -  ResidentSetSize of job (KB)
...
005 (221091.000.000) 07/31 07:08:35 Job terminated.
	(1) Normal termination (return value 90)
		Usr 0 00:00:00, Sys 0 00:00:17  -  Run Remote Usage
		Usr 0 00:00:00, Sys 0 00:00:00  -  Run Local Usage
		Usr 0 00:00:00, Sys 0 00:00:17  -  Total Remote Usage
		Usr 0 00:00:00, Sys 0 00:00:00  -  Total Local Usage
	9281  -  Run Bytes Sent By Job
	8930  -  Run Bytes Received By Job
	9281  -  Total Bytes Sent By Job
	8930  -  Total Bytes Received By Job
	Partitionable Resources :    Usage  Request Allocated
	   Cpus                 :                 1         1
	   Disk (KB)            :  5501033 10000000  10346493
	   Memory (MB)          :       71     2100      2100
...
000 (221646.000.000) 07/31 07:11:35 Job submitted from host: <131.225.189.232:9618?addrs=131.225.189.232-9618&noUDP&sock=8982_aaf4_3>
...
001 (221646.000.000) 07/31 07:11:48 Job executing on host: <131.225.206.177:16856?addrs=131.225.206.177-16856>
...
006 (221646.000.000) 07/31 07:11:56 Image size of job updated: 2
	3  -  MemoryUsage of job (MB)
	2428  -  ResidentSetSize of job (KB)
...
006 (221646.000.000) 07/31 07:12:56 Image size of job updated: 447524
	69  -  MemoryUsage of job (MB)
	70372  -  ResidentSetSize of job (KB)
...
006 (221646.000.000) 07/31 07:13:56 Image size of job updated: 769972
	478  -  MemoryUsage of job (MB)
	489088  -  ResidentSetSize of job (KB)
...
005 (221646.000.000) 07/31 07:14:07 Job terminated.
	(1) Normal termination (return value 65)
		Usr 0 00:00:11, Sys 0 00:00:17  -  Run Remote Usage
		Usr 0 00:00:00, Sys 0 00:00:00  -  Run Local Usage
		Usr 0 00:00:11, Sys 0 00:00:17  -  Total Remote Usage
		Usr 0 00:00:00, Sys 0 00:00:00  -  Total Local Usage
	9062  -  Run Bytes Sent By Job
	8930  -  Run Bytes Received By Job
	9062  -  Total Bytes Sent By Job
	8930  -  Total Bytes Received By Job
	Partitionable Resources :    Usage  Request Allocated
	   Cpus                 :                 1         1
	   Disk (KB)            :  6228086 10000000  13010616
	   Memory (MB)          :      478     2100      2100
...
