000 (220532.000.000) 07/31 06:48:16 Job submitted from host: <131.225.189.232:9618?addrs=131.225.189.232-9618&noUDP&sock=8982_aaf4_3>
...
001 (220532.000.000) 07/31 06:48:32 Job executing on host: <131.225.207.166:17202?addrs=131.225.207.166-17202>
...
006 (220532.000.000) 07/31 06:48:41 Image size of job updated: 447524
	40  -  MemoryUsage of job (MB)
	40404  -  ResidentSetSize of job (KB)
...
006 (220532.000.000) 07/31 06:49:42 Image size of job updated: 447524
	71  -  MemoryUsage of job (MB)
	72348  -  ResidentSetSize of job (KB)
...
005 (220532.000.000) 07/31 06:51:56 Job terminated.
	(1) Normal termination (return value 90)
		Usr 0 00:00:01, Sys 0 00:00:19  -  Run Remote Usage
		Usr 0 00:00:00, Sys 0 00:00:00  -  Run Local Usage
		Usr 0 00:00:01, Sys 0 00:00:19  -  Total Remote Usage
		Usr 0 00:00:00, Sys 0 00:00:00  -  Total Local Usage
	19565  -  Run Bytes Sent By Job
	8930  -  Run Bytes Received By Job
	19565  -  Total Bytes Sent By Job
	8930  -  Total Bytes Received By Job
	Partitionable Resources :    Usage  Request Allocated
	   Cpus                 :                 1         1
	   Disk (KB)            :  5983252 10000000  10228890
	   Memory (MB)          :       71     2100      2100
...
000 (221094.000.000) 07/31 07:06:54 Job submitted from host: <131.225.189.232:9618?addrs=131.225.189.232-9618&noUDP&sock=8982_aaf4_3>
...
001 (221094.000.000) 07/31 07:07:24 Job executing on host: <131.225.206.219:57262?addrs=131.225.206.219-57262>
...
006 (221094.000.000) 07/31 07:07:33 Image size of job updated: 2
	3  -  MemoryUsage of job (MB)
	2420  -  ResidentSetSize of job (KB)
...
006 (221094.000.000) 07/31 07:08:34 Image size of job updated: 447524
	70  -  MemoryUsage of job (MB)
	71136  -  ResidentSetSize of job (KB)
...
000 (221649.000.000) 07/31 07:11:36 Job submitted from host: <131.225.189.232:9618?addrs=131.225.189.232-9618&noUDP&sock=8982_aaf4_3>
...
001 (221649.000.000) 07/31 07:11:46 Job executing on host: <131.225.207.152:47169?addrs=131.225.207.152-47169>
...
006 (221649.000.000) 07/31 07:11:55 Image size of job updated: 38184
	5  -  MemoryUsage of job (MB)
	4636  -  ResidentSetSize of job (KB)
...
006 (221649.000.000) 07/31 07:12:56 Image size of job updated: 447524
	70  -  MemoryUsage of job (MB)
	71352  -  ResidentSetSize of job (KB)
...
005 (221094.000.000) 07/31 07:16:14 Job terminated.
	(1) Normal termination (return value 90)
		Usr 0 00:00:02, Sys 0 00:00:21  -  Run Remote Usage
		Usr 0 00:00:00, Sys 0 00:00:00  -  Run Local Usage
		Usr 0 00:00:02, Sys 0 00:00:21  -  Total Remote Usage
		Usr 0 00:00:00, Sys 0 00:00:00  -  Total Local Usage
	29680  -  Run Bytes Sent By Job
	8930  -  Run Bytes Received By Job
	29680  -  Total Bytes Sent By Job
	8930  -  Total Bytes Received By Job
	Partitionable Resources :    Usage  Request Allocated
	   Cpus                 :                 1         1
	   Disk (KB)            :  6222515 10000000  11595040
	   Memory (MB)          :       70     2100      2100
...
006 (221649.000.000) 07/31 07:17:36 Image size of job updated: 541692
	70  -  MemoryUsage of job (MB)
	71352  -  ResidentSetSize of job (KB)
...
005 (221649.000.000) 07/31 07:17:37 Job terminated.
	(1) Normal termination (return value 65)
		Usr 0 00:00:06, Sys 0 00:00:21  -  Run Remote Usage
		Usr 0 00:00:00, Sys 0 00:00:00  -  Run Local Usage
		Usr 0 00:00:06, Sys 0 00:00:21  -  Total Remote Usage
		Usr 0 00:00:00, Sys 0 00:00:00  -  Total Local Usage
	28100  -  Run Bytes Sent By Job
	8930  -  Run Bytes Received By Job
	28100  -  Total Bytes Sent By Job
	8930  -  Total Bytes Received By Job
	Partitionable Resources :    Usage  Request Allocated
	   Cpus                 :                 1         1
	   Disk (KB)            :  5910058 10000000  10160166
	   Memory (MB)          :       70     2100      2100
...
000 (222211.000.000) 07/31 08:32:30 Job submitted from host: <131.225.189.232:9618?addrs=131.225.189.232-9618&noUDP&sock=8982_aaf4_3>
...
001 (222211.000.000) 07/31 08:32:46 Job executing on host: <131.225.206.170:61881?addrs=131.225.206.170-61881>
...
006 (222211.000.000) 07/31 08:32:54 Image size of job updated: 447524
	44  -  MemoryUsage of job (MB)
	45052  -  ResidentSetSize of job (KB)
...
006 (222211.000.000) 07/31 08:33:54 Image size of job updated: 447524
	71  -  MemoryUsage of job (MB)
	72340  -  ResidentSetSize of job (KB)
...
006 (222211.000.000) 07/31 08:34:55 Image size of job updated: 493968
	263  -  MemoryUsage of job (MB)
	269212  -  ResidentSetSize of job (KB)
...
006 (222211.000.000) 07/31 08:36:04 Image size of job updated: 769972
	263  -  MemoryUsage of job (MB)
	269212  -  ResidentSetSize of job (KB)
...
005 (222211.000.000) 07/31 08:36:04 Job terminated.
	(1) Normal termination (return value 65)
		Usr 0 00:00:11, Sys 0 00:00:21  -  Run Remote Usage
		Usr 0 00:00:00, Sys 0 00:00:00  -  Run Local Usage
		Usr 0 00:00:11, Sys 0 00:00:21  -  Total Remote Usage
		Usr 0 00:00:00, Sys 0 00:00:00  -  Total Local Usage
	12404  -  Run Bytes Sent By Job
	8930  -  Run Bytes Received By Job
	12404  -  Total Bytes Sent By Job
	8930  -  Total Bytes Received By Job
	Partitionable Resources :    Usage  Request Allocated
	   Cpus                 :                 1         1
	   Disk (KB)            :  6224772 10000000  11681136
	   Memory (MB)          :      263     2100      2100
...
000 (222766.000.000) 07/31 08:49:40 Job submitted from host: <131.225.189.232:9618?addrs=131.225.189.232-9618&noUDP&sock=8982_aaf4_3>
...
001 (222766.000.000) 07/31 08:49:57 Job executing on host: <131.225.206.5:45131?addrs=131.225.206.5-45131>
...
006 (222766.000.000) 07/31 08:50:05 Image size of job updated: 447524
	71  -  MemoryUsage of job (MB)
	72348  -  ResidentSetSize of job (KB)
...
006 (222766.000.000) 07/31 08:55:09 Image size of job updated: 769972
	421  -  MemoryUsage of job (MB)
	430480  -  ResidentSetSize of job (KB)
...
005 (222766.000.000) 07/31 08:55:10 Job terminated.
	(1) Normal termination (return value 65)
		Usr 0 00:00:13, Sys 0 00:00:20  -  Run Remote Usage
		Usr 0 00:00:00, Sys 0 00:00:00  -  Run Local Usage
		Usr 0 00:00:13, Sys 0 00:00:20  -  Total Remote Usage
		Usr 0 00:00:00, Sys 0 00:00:00  -  Total Local Usage
	26323  -  Run Bytes Sent By Job
	44439  -  Run Bytes Received By Job
	26323  -  Total Bytes Sent By Job
	44439  -  Total Bytes Received By Job
	Partitionable Resources :    Usage  Request Allocated
	   Cpus                 :                 1         1
	   Disk (KB)            :  5666999 10000000  10376976
	   Memory (MB)          :      421     2100      2100
...
000 (223321.000.000) 07/31 09:06:11 Job submitted from host: <131.225.189.232:9618?addrs=131.225.189.232-9618&noUDP&sock=8982_aaf4_3>
...
