000 (221025.000.000) 07/31 06:50:01 Job submitted from host: <131.225.189.232:9618?addrs=131.225.189.232-9618&noUDP&sock=8982_aaf4_3>
...
001 (221025.000.000) 07/31 06:51:16 Job executing on host: <131.225.205.164:13355?addrs=131.225.205.164-13355>
...
006 (221025.000.000) 07/31 06:51:24 Image size of job updated: 447524
	70  -  MemoryUsage of job (MB)
	71348  -  ResidentSetSize of job (KB)
...
005 (221025.000.000) 07/31 06:52:26 Job terminated.
	(1) Normal termination (return value 90)
		Usr 0 00:00:00, Sys 0 00:00:15  -  Run Remote Usage
		Usr 0 00:00:00, Sys 0 00:00:00  -  Run Local Usage
		Usr 0 00:00:00, Sys 0 00:00:15  -  Total Remote Usage
		Usr 0 00:00:00, Sys 0 00:00:00  -  Total Local Usage
	8503  -  Run Bytes Sent By Job
	8930  -  Run Bytes Received By Job
	8503  -  Total Bytes Sent By Job
	8930  -  Total Bytes Received By Job
	Partitionable Resources :    Usage  Request Allocated
	   Cpus                 :                 1         1
	   Disk (KB)            :  6491147 10000000  17025160
	   Memory (MB)          :       70     2100      2100
...
000 (221587.000.000) 07/31 07:08:20 Job submitted from host: <131.225.189.232:9618?addrs=131.225.189.232-9618&noUDP&sock=8982_aaf4_3>
...
001 (221587.000.000) 07/31 07:09:40 Job executing on host: <131.225.204.117:50580?addrs=131.225.204.117-50580>
...
006 (221587.000.000) 07/31 07:09:49 Image size of job updated: 447524
	71  -  MemoryUsage of job (MB)
	72344  -  ResidentSetSize of job (KB)
...
000 (222142.000.000) 07/31 07:13:00 Job submitted from host: <131.225.189.232:9618?addrs=131.225.189.232-9618&noUDP&sock=8982_aaf4_3>
...
005 (221587.000.000) 07/31 07:14:22 Job terminated.
	(1) Normal termination (return value 90)
		Usr 0 00:00:01, Sys 0 00:00:19  -  Run Remote Usage
		Usr 0 00:00:00, Sys 0 00:00:00  -  Run Local Usage
		Usr 0 00:00:01, Sys 0 00:00:19  -  Total Remote Usage
		Usr 0 00:00:00, Sys 0 00:00:00  -  Total Local Usage
	26980  -  Run Bytes Sent By Job
	8930  -  Run Bytes Received By Job
	26980  -  Total Bytes Sent By Job
	8930  -  Total Bytes Received By Job
	Partitionable Resources :    Usage  Request Allocated
	   Cpus                 :                 1         1
	   Disk (KB)            :  6008953 10000000  12402776
	   Memory (MB)          :       71     2100      2100
...
001 (222142.000.000) 07/31 07:14:52 Job executing on host: <131.225.206.208:5672?addrs=131.225.206.208-5672>
...
006 (222142.000.000) 07/31 07:15:01 Image size of job updated: 102476
	3  -  MemoryUsage of job (MB)
	2468  -  ResidentSetSize of job (KB)
...
006 (222142.000.000) 07/31 07:16:02 Image size of job updated: 447524
	71  -  MemoryUsage of job (MB)
	72348  -  ResidentSetSize of job (KB)
...
006 (222142.000.000) 07/31 07:17:03 Image size of job updated: 625316
	351  -  MemoryUsage of job (MB)
	358892  -  ResidentSetSize of job (KB)
...
005 (222142.000.000) 07/31 07:17:08 Job terminated.
	(1) Normal termination (return value 65)
		Usr 0 00:00:06, Sys 0 00:00:18  -  Run Remote Usage
		Usr 0 00:00:00, Sys 0 00:00:00  -  Run Local Usage
		Usr 0 00:00:06, Sys 0 00:00:18  -  Total Remote Usage
		Usr 0 00:00:00, Sys 0 00:00:00  -  Total Local Usage
	10221  -  Run Bytes Sent By Job
	8930  -  Run Bytes Received By Job
	10221  -  Total Bytes Sent By Job
	8930  -  Total Bytes Received By Job
	Partitionable Resources :    Usage  Request Allocated
	   Cpus                 :                 1         1
	   Disk (KB)            :  6693489 10000000  11582596
	   Memory (MB)          :      351     2100      2100
...
000 (222704.000.000) 07/31 08:33:05 Job submitted from host: <131.225.189.232:9618?addrs=131.225.189.232-9618&noUDP&sock=8982_aaf4_3>
...
001 (222704.000.000) 07/31 08:35:18 Job executing on host: <131.225.207.150:16449?addrs=131.225.207.150-16449>
...
006 (222704.000.000) 07/31 08:35:27 Image size of job updated: 2
	3  -  MemoryUsage of job (MB)
	2424  -  ResidentSetSize of job (KB)
...
006 (222704.000.000) 07/31 08:36:28 Image size of job updated: 447524
	71  -  MemoryUsage of job (MB)
	72348  -  ResidentSetSize of job (KB)
...
006 (222704.000.000) 07/31 08:37:26 Image size of job updated: 493964
	71  -  MemoryUsage of job (MB)
	72348  -  ResidentSetSize of job (KB)
...
005 (222704.000.000) 07/31 08:37:27 Job terminated.
	(1) Normal termination (return value 65)
		Usr 0 00:00:03, Sys 0 00:00:14  -  Run Remote Usage
		Usr 0 00:00:00, Sys 0 00:00:00  -  Run Local Usage
		Usr 0 00:00:03, Sys 0 00:00:14  -  Total Remote Usage
		Usr 0 00:00:00, Sys 0 00:00:00  -  Total Local Usage
	9586  -  Run Bytes Sent By Job
	8930  -  Run Bytes Received By Job
	9586  -  Total Bytes Sent By Job
	8930  -  Total Bytes Received By Job
	Partitionable Resources :    Usage  Request Allocated
	   Cpus                 :                 1         1
	   Disk (KB)            :  4405578 10000000  10362462
	   Memory (MB)          :       71     2100      2100
...
000 (223259.000.000) 07/31 08:50:07 Job submitted from host: <131.225.189.232:9618?addrs=131.225.189.232-9618&noUDP&sock=8982_aaf4_3>
...
001 (223259.000.000) 07/31 08:51:59 Job executing on host: <131.225.204.117:50580?addrs=131.225.204.117-50580>
...
006 (223259.000.000) 07/31 08:52:07 Image size of job updated: 2
	3  -  MemoryUsage of job (MB)
	2428  -  ResidentSetSize of job (KB)
...
006 (223259.000.000) 07/31 08:53:07 Image size of job updated: 447524
	70  -  MemoryUsage of job (MB)
	71352  -  ResidentSetSize of job (KB)
...
006 (223259.000.000) 07/31 08:57:11 Image size of job updated: 625056
	352  -  MemoryUsage of job (MB)
	360372  -  ResidentSetSize of job (KB)
...
005 (223259.000.000) 07/31 08:57:24 Job terminated.
	(1) Normal termination (return value 65)
		Usr 0 00:00:09, Sys 0 00:00:13  -  Run Remote Usage
		Usr 0 00:00:00, Sys 0 00:00:00  -  Run Local Usage
		Usr 0 00:00:09, Sys 0 00:00:13  -  Total Remote Usage
		Usr 0 00:00:00, Sys 0 00:00:00  -  Total Local Usage
	27767  -  Run Bytes Sent By Job
	44439  -  Run Bytes Received By Job
	27767  -  Total Bytes Sent By Job
	44439  -  Total Bytes Received By Job
	Partitionable Resources :    Usage  Request Allocated
	   Cpus                 :                 1         1
	   Disk (KB)            :  4716729 10000000  10357647
	   Memory (MB)          :      352     2100      2100
...
000 (223814.000.000) 07/31 09:06:34 Job submitted from host: <131.225.189.232:9618?addrs=131.225.189.232-9618&noUDP&sock=8982_aaf4_3>
...
