000 (220759.000.000) 07/31 06:49:04 Job submitted from host: <131.225.189.232:9618?addrs=131.225.189.232-9618&noUDP&sock=8982_aaf4_3>
...
001 (220759.000.000) 07/31 06:49:25 Job executing on host: <131.225.206.200:35523?addrs=131.225.206.200-35523>
...
006 (220759.000.000) 07/31 06:49:34 Image size of job updated: 447524
	71  -  MemoryUsage of job (MB)
	72340  -  ResidentSetSize of job (KB)
...
005 (220759.000.000) 07/31 06:53:31 Job terminated.
	(1) Normal termination (return value 90)
		Usr 0 00:00:02, Sys 0 00:00:12  -  Run Remote Usage
		Usr 0 00:00:00, Sys 0 00:00:00  -  Run Local Usage
		Usr 0 00:00:02, Sys 0 00:00:12  -  Total Remote Usage
		Usr 0 00:00:00, Sys 0 00:00:00  -  Total Local Usage
	22021  -  Run Bytes Sent By Job
	8930  -  Run Bytes Received By Job
	22021  -  Total Bytes Sent By Job
	8930  -  Total Bytes Received By Job
	Partitionable Resources :    Usage  Request Allocated
	   Cpus                 :                 1         1
	   Disk (KB)            :  4656147 10000000  12204528
	   Memory (MB)          :       71     2100      2100
...
000 (221321.000.000) 07/31 07:07:34 Job submitted from host: <131.225.189.232:9618?addrs=131.225.189.232-9618&noUDP&sock=8982_aaf4_3>
...
001 (221321.000.000) 07/31 07:08:08 Job executing on host: <131.225.204.59:17004?addrs=131.225.204.59-17004>
...
006 (221321.000.000) 07/31 07:08:41 Image size of job updated: 447524
	69  -  MemoryUsage of job (MB)
	70016  -  ResidentSetSize of job (KB)
...
000 (221876.000.000) 07/31 07:12:15 Job submitted from host: <131.225.189.232:9618?addrs=131.225.189.232-9618&noUDP&sock=8982_aaf4_3>
...
006 (221321.000.000) 07/31 07:12:19 Image size of job updated: 447524
	69  -  MemoryUsage of job (MB)
	70288  -  ResidentSetSize of job (KB)
...
001 (221876.000.000) 07/31 07:12:33 Job executing on host: <131.225.205.190:55293?addrs=131.225.205.190-55293>
...
006 (221876.000.000) 07/31 07:12:42 Image size of job updated: 58860
	9  -  MemoryUsage of job (MB)
	8484  -  ResidentSetSize of job (KB)
...
006 (221876.000.000) 07/31 07:13:43 Image size of job updated: 447524
	70  -  MemoryUsage of job (MB)
	71360  -  ResidentSetSize of job (KB)
...
005 (221321.000.000) 07/31 07:13:52 Job terminated.
	(1) Normal termination (return value 90)
		Usr 0 00:00:02, Sys 0 00:00:25  -  Run Remote Usage
		Usr 0 00:00:00, Sys 0 00:00:00  -  Run Local Usage
		Usr 0 00:00:02, Sys 0 00:00:25  -  Total Remote Usage
		Usr 0 00:00:00, Sys 0 00:00:00  -  Total Local Usage
	27673  -  Run Bytes Sent By Job
	8930  -  Run Bytes Received By Job
	27673  -  Total Bytes Sent By Job
	8930  -  Total Bytes Received By Job
	Partitionable Resources :    Usage  Request Allocated
	   Cpus                 :                 1         1
	   Disk (KB)            :  4452469 10000000  10587591
	   Memory (MB)          :       69     2100      2100
...
006 (221876.000.000) 07/31 07:14:39 Image size of job updated: 769968
	70  -  MemoryUsage of job (MB)
	71360  -  ResidentSetSize of job (KB)
...
005 (221876.000.000) 07/31 07:14:40 Job terminated.
	(1) Normal termination (return value 65)
		Usr 0 00:00:17, Sys 0 00:00:14  -  Run Remote Usage
		Usr 0 00:00:00, Sys 0 00:00:00  -  Run Local Usage
		Usr 0 00:00:17, Sys 0 00:00:14  -  Total Remote Usage
		Usr 0 00:00:00, Sys 0 00:00:00  -  Total Local Usage
	8718  -  Run Bytes Sent By Job
	8930  -  Run Bytes Received By Job
	8718  -  Total Bytes Sent By Job
	8930  -  Total Bytes Received By Job
	Partitionable Resources :    Usage  Request Allocated
	   Cpus                 :                 1         1
	   Disk (KB)            :  5844503 10000000  17133895
	   Memory (MB)          :       70     2100      2100
...
000 (222438.000.000) 07/31 08:32:47 Job submitted from host: <131.225.189.232:9618?addrs=131.225.189.232-9618&noUDP&sock=8982_aaf4_3>
...
001 (222438.000.000) 07/31 08:33:33 Job executing on host: <131.225.206.233:63114?addrs=131.225.206.233-63114>
...
006 (222438.000.000) 07/31 08:33:41 Image size of job updated: 2
	3  -  MemoryUsage of job (MB)
	2424  -  ResidentSetSize of job (KB)
...
006 (222438.000.000) 07/31 08:34:41 Image size of job updated: 447524
	69  -  MemoryUsage of job (MB)
	70320  -  ResidentSetSize of job (KB)
...
006 (222438.000.000) 07/31 08:37:44 Image size of job updated: 714160
	428  -  MemoryUsage of job (MB)
	437996  -  ResidentSetSize of job (KB)
...
006 (222438.000.000) 07/31 08:38:18 Image size of job updated: 769968
	428  -  MemoryUsage of job (MB)
	437996  -  ResidentSetSize of job (KB)
...
005 (222438.000.000) 07/31 08:38:19 Job terminated.
	(1) Normal termination (return value 65)
		Usr 0 00:00:12, Sys 0 00:00:20  -  Run Remote Usage
		Usr 0 00:00:00, Sys 0 00:00:00  -  Run Local Usage
		Usr 0 00:00:12, Sys 0 00:00:20  -  Total Remote Usage
		Usr 0 00:00:00, Sys 0 00:00:00  -  Total Local Usage
	16570  -  Run Bytes Sent By Job
	8930  -  Run Bytes Received By Job
	16570  -  Total Bytes Sent By Job
	8930  -  Total Bytes Received By Job
	Partitionable Resources :    Usage  Request Allocated
	   Cpus                 :                 1         1
	   Disk (KB)            :  6011810 10000000  11929276
	   Memory (MB)          :      428     2100      2100
...
