000 (221021.000.000) 07/31 06:50:01 Job submitted from host: <131.225.189.232:9618?addrs=131.225.189.232-9618&noUDP&sock=8982_aaf4_3>
...
001 (221021.000.000) 07/31 06:51:16 Job executing on host: <131.225.206.43:59052?addrs=131.225.206.43-59052>
...
006 (221021.000.000) 07/31 06:51:25 Image size of job updated: 381924
	23  -  MemoryUsage of job (MB)
	23128  -  ResidentSetSize of job (KB)
...
006 (221021.000.000) 07/31 06:52:26 Image size of job updated: 447524
	71  -  MemoryUsage of job (MB)
	72344  -  ResidentSetSize of job (KB)
...
005 (221021.000.000) 07/31 06:55:33 Job terminated.
	(1) Normal termination (return value 90)
		Usr 0 00:00:01, Sys 0 00:00:17  -  Run Remote Usage
		Usr 0 00:00:00, Sys 0 00:00:00  -  Run Local Usage
		Usr 0 00:00:01, Sys 0 00:00:17  -  Total Remote Usage
		Usr 0 00:00:00, Sys 0 00:00:00  -  Total Local Usage
	23665  -  Run Bytes Sent By Job
	8930  -  Run Bytes Received By Job
	23665  -  Total Bytes Sent By Job
	8930  -  Total Bytes Received By Job
	Partitionable Resources :    Usage  Request Allocated
	   Cpus                 :                 1         1
	   Disk (KB)            :  6294553 10000000  10395666
	   Memory (MB)          :       71     2100      2100
...
000 (221583.000.000) 07/31 07:08:20 Job submitted from host: <131.225.189.232:9618?addrs=131.225.189.232-9618&noUDP&sock=8982_aaf4_3>
...
001 (221583.000.000) 07/31 07:09:29 Job executing on host: <131.225.204.102:9137?addrs=131.225.204.102-9137>
...
006 (221583.000.000) 07/31 07:09:38 Image size of job updated: 99680
	10  -  MemoryUsage of job (MB)
	9752  -  ResidentSetSize of job (KB)
...
006 (221583.000.000) 07/31 07:10:39 Image size of job updated: 447524
	71  -  MemoryUsage of job (MB)
	72348  -  ResidentSetSize of job (KB)
...
005 (221583.000.000) 07/31 07:11:17 Job terminated.
	(1) Normal termination (return value 90)
		Usr 0 00:00:00, Sys 0 00:00:19  -  Run Remote Usage
		Usr 0 00:00:00, Sys 0 00:00:00  -  Run Local Usage
		Usr 0 00:00:00, Sys 0 00:00:19  -  Total Remote Usage
		Usr 0 00:00:00, Sys 0 00:00:00  -  Total Local Usage
	9903  -  Run Bytes Sent By Job
	8930  -  Run Bytes Received By Job
	9903  -  Total Bytes Sent By Job
	8930  -  Total Bytes Received By Job
	Partitionable Resources :    Usage  Request Allocated
	   Cpus                 :                 1         1
	   Disk (KB)            :  5320809 10000000  10600308
	   Memory (MB)          :       71     2100      2100
...
000 (222138.000.000) 07/31 07:12:59 Job submitted from host: <131.225.189.232:9618?addrs=131.225.189.232-9618&noUDP&sock=8982_aaf4_3>
...
001 (222138.000.000) 07/31 07:14:51 Job executing on host: <131.225.190.44:17345?addrs=131.225.190.44-17345>
...
006 (222138.000.000) 07/31 07:15:00 Image size of job updated: 2
	3  -  MemoryUsage of job (MB)
	2432  -  ResidentSetSize of job (KB)
...
006 (222138.000.000) 07/31 07:16:30 Image size of job updated: 447524
	70  -  MemoryUsage of job (MB)
	71052  -  ResidentSetSize of job (KB)
...
006 (222138.000.000) 07/31 07:19:11 Image size of job updated: 710576
	424  -  MemoryUsage of job (MB)
	434000  -  ResidentSetSize of job (KB)
...
006 (222138.000.000) 07/31 07:19:14 Image size of job updated: 772784
	424  -  MemoryUsage of job (MB)
	434000  -  ResidentSetSize of job (KB)
...
005 (222138.000.000) 07/31 07:19:15 Job terminated.
	(1) Normal termination (return value 65)
		Usr 0 00:00:17, Sys 0 00:00:23  -  Run Remote Usage
		Usr 0 00:00:00, Sys 0 00:00:00  -  Run Local Usage
		Usr 0 00:00:17, Sys 0 00:00:23  -  Total Remote Usage
		Usr 0 00:00:00, Sys 0 00:00:00  -  Total Local Usage
	18808  -  Run Bytes Sent By Job
	8930  -  Run Bytes Received By Job
	18808  -  Total Bytes Sent By Job
	8930  -  Total Bytes Received By Job
	Partitionable Resources :    Usage  Request Allocated
	   Cpus                 :                 1         1
	   Disk (KB)            :  6684937 10000000  15417534
	   Memory (MB)          :      424     2100      2100
...
000 (222700.000.000) 07/31 08:33:05 Job submitted from host: <131.225.189.232:9618?addrs=131.225.189.232-9618&noUDP&sock=8982_aaf4_3>
...
001 (222700.000.000) 07/31 08:35:17 Job executing on host: <131.225.191.130:56709?addrs=131.225.191.130-56709>
...
006 (222700.000.000) 07/31 08:35:25 Image size of job updated: 2
	3  -  MemoryUsage of job (MB)
	2424  -  ResidentSetSize of job (KB)
...
006 (222700.000.000) 07/31 08:36:25 Image size of job updated: 447524
	71  -  MemoryUsage of job (MB)
	72344  -  ResidentSetSize of job (KB)
...
006 (222700.000.000) 07/31 08:38:46 Image size of job updated: 447524
	165  -  MemoryUsage of job (MB)
	168092  -  ResidentSetSize of job (KB)
...
006 (222700.000.000) 07/31 08:39:01 Image size of job updated: 700080
	165  -  MemoryUsage of job (MB)
	168092  -  ResidentSetSize of job (KB)
...
005 (222700.000.000) 07/31 08:39:02 Job terminated.
	(1) Normal termination (return value 65)
		Usr 0 00:00:09, Sys 0 00:00:20  -  Run Remote Usage
		Usr 0 00:00:00, Sys 0 00:00:00  -  Run Local Usage
		Usr 0 00:00:09, Sys 0 00:00:20  -  Total Remote Usage
		Usr 0 00:00:00, Sys 0 00:00:00  -  Total Local Usage
	17759  -  Run Bytes Sent By Job
	8930  -  Run Bytes Received By Job
	17759  -  Total Bytes Sent By Job
	8930  -  Total Bytes Received By Job
	Partitionable Resources :    Usage  Request Allocated
	   Cpus                 :                 1         1
	   Disk (KB)            :  6687802 10000000  11603768
	   Memory (MB)          :      165     2100      2100
...
000 (223255.000.000) 07/31 08:50:07 Job submitted from host: <131.225.189.232:9618?addrs=131.225.189.232-9618&noUDP&sock=8982_aaf4_3>
...
001 (223255.000.000) 07/31 08:51:52 Job executing on host: <131.225.204.71:34466?addrs=131.225.204.71-34466>
...
006 (223255.000.000) 07/31 08:52:01 Image size of job updated: 447524
	71  -  MemoryUsage of job (MB)
	72344  -  ResidentSetSize of job (KB)
...
006 (223255.000.000) 07/31 08:56:10 Image size of job updated: 447524
	165  -  MemoryUsage of job (MB)
	168288  -  ResidentSetSize of job (KB)
...
006 (223255.000.000) 07/31 08:56:25 Image size of job updated: 550828
	165  -  MemoryUsage of job (MB)
	168288  -  ResidentSetSize of job (KB)
...
005 (223255.000.000) 07/31 08:56:26 Job terminated.
	(1) Normal termination (return value 65)
		Usr 0 00:00:05, Sys 0 00:00:22  -  Run Remote Usage
		Usr 0 00:00:00, Sys 0 00:00:00  -  Run Local Usage
		Usr 0 00:00:05, Sys 0 00:00:22  -  Total Remote Usage
		Usr 0 00:00:00, Sys 0 00:00:00  -  Total Local Usage
	20866  -  Run Bytes Sent By Job
	44439  -  Run Bytes Received By Job
	20866  -  Total Bytes Sent By Job
	44439  -  Total Bytes Received By Job
	Partitionable Resources :    Usage  Request Allocated
	   Cpus                 :                 1         1
	   Disk (KB)            :  6687643 10000000  10414833
	   Memory (MB)          :      165     2100      2100
...
000 (223810.000.000) 07/31 09:06:34 Job submitted from host: <131.225.189.232:9618?addrs=131.225.189.232-9618&noUDP&sock=8982_aaf4_3>
...
