000 (220500.000.000) 07/31 06:48:10 Job submitted from host: <131.225.189.232:9618?addrs=131.225.189.232-9618&noUDP&sock=8982_aaf4_3>
...
001 (220500.000.000) 07/31 06:48:25 Job executing on host: <131.225.204.32:15857?addrs=131.225.204.32-15857>
...
006 (220500.000.000) 07/31 06:48:34 Image size of job updated: 2
	3  -  MemoryUsage of job (MB)
	2424  -  ResidentSetSize of job (KB)
...
006 (220500.000.000) 07/31 06:49:35 Image size of job updated: 447524
	71  -  MemoryUsage of job (MB)
	72348  -  ResidentSetSize of job (KB)
...
005 (220500.000.000) 07/31 06:49:56 Job terminated.
	(1) Normal termination (return value 90)
		Usr 0 00:00:00, Sys 0 00:00:14  -  Run Remote Usage
		Usr 0 00:00:00, Sys 0 00:00:00  -  Run Local Usage
		Usr 0 00:00:00, Sys 0 00:00:14  -  Total Remote Usage
		Usr 0 00:00:00, Sys 0 00:00:00  -  Total Local Usage
	10234  -  Run Bytes Sent By Job
	8930  -  Run Bytes Received By Job
	10234  -  Total Bytes Sent By Job
	8930  -  Total Bytes Received By Job
	Partitionable Resources :    Usage  Request Allocated
	   Cpus                 :                 1         1
	   Disk (KB)            :  5245962 10000000  10216656
	   Memory (MB)          :       71     2100      2100
...
000 (221062.000.000) 07/31 07:06:49 Job submitted from host: <131.225.189.232:9618?addrs=131.225.189.232-9618&noUDP&sock=8982_aaf4_3>
...
001 (221062.000.000) 07/31 07:07:06 Job executing on host: <131.225.204.105:13405?addrs=131.225.204.105-13405>
...
006 (221062.000.000) 07/31 07:07:15 Image size of job updated: 2
	3  -  MemoryUsage of job (MB)
	2424  -  ResidentSetSize of job (KB)
...
006 (221062.000.000) 07/31 07:08:16 Image size of job updated: 447524
	71  -  MemoryUsage of job (MB)
	72344  -  ResidentSetSize of job (KB)
...
005 (221062.000.000) 07/31 07:11:22 Job terminated.
	(1) Normal termination (return value 90)
		Usr 0 00:00:01, Sys 0 00:00:19  -  Run Remote Usage
		Usr 0 00:00:00, Sys 0 00:00:00  -  Run Local Usage
		Usr 0 00:00:01, Sys 0 00:00:19  -  Total Remote Usage
		Usr 0 00:00:00, Sys 0 00:00:00  -  Total Local Usage
	23203  -  Run Bytes Sent By Job
	8930  -  Run Bytes Received By Job
	23203  -  Total Bytes Sent By Job
	8930  -  Total Bytes Received By Job
	Partitionable Resources :    Usage  Request Allocated
	   Cpus                 :                 1         1
	   Disk (KB)            :  6140024 10000000  10106352
	   Memory (MB)          :       71     2100      2100
...
000 (221617.000.000) 07/31 07:11:31 Job submitted from host: <131.225.189.232:9618?addrs=131.225.189.232-9618&noUDP&sock=8982_aaf4_3>
...
001 (221617.000.000) 07/31 07:11:39 Job executing on host: <131.225.191.74:54794?addrs=131.225.191.74-54794>
...
006 (221617.000.000) 07/31 07:11:48 Image size of job updated: 2
	3  -  MemoryUsage of job (MB)
	2428  -  ResidentSetSize of job (KB)
...
006 (221617.000.000) 07/31 07:12:48 Image size of job updated: 447524
	69  -  MemoryUsage of job (MB)
	70280  -  ResidentSetSize of job (KB)
...
006 (221617.000.000) 07/31 07:13:48 Image size of job updated: 447524
	69  -  MemoryUsage of job (MB)
	70288  -  ResidentSetSize of job (KB)
...
006 (221617.000.000) 07/31 07:14:36 Image size of job updated: 769964
	69  -  MemoryUsage of job (MB)
	70288  -  ResidentSetSize of job (KB)
...
005 (221617.000.000) 07/31 07:14:37 Job terminated.
	(1) Normal termination (return value 65)
		Usr 0 00:00:17, Sys 0 00:00:21  -  Run Remote Usage
		Usr 0 00:00:00, Sys 0 00:00:00  -  Run Local Usage
		Usr 0 00:00:17, Sys 0 00:00:21  -  Total Remote Usage
		Usr 0 00:00:00, Sys 0 00:00:00  -  Total Local Usage
	15351  -  Run Bytes Sent By Job
	8930  -  Run Bytes Received By Job
	15351  -  Total Bytes Sent By Job
	8930  -  Total Bytes Received By Job
	Partitionable Resources :    Usage  Request Allocated
	   Cpus                 :                 1         1
	   Disk (KB)            :  5680670 10000000  15884238
	   Memory (MB)          :       69     2100      2100
...
