000 (220987.000.000) 07/31 06:49:53 Job submitted from host: <131.225.189.232:9618?addrs=131.225.189.232-9618&noUDP&sock=8982_aaf4_3>
...
001 (220987.000.000) 07/31 06:50:56 Job executing on host: <131.225.205.158:33719?addrs=131.225.205.158-33719>
...
006 (220987.000.000) 07/31 06:51:05 Image size of job updated: 68556
	8  -  MemoryUsage of job (MB)
	7372  -  ResidentSetSize of job (KB)
...
006 (220987.000.000) 07/31 06:52:05 Image size of job updated: 447524
	69  -  MemoryUsage of job (MB)
	70408  -  ResidentSetSize of job (KB)
...
005 (220987.000.000) 07/31 06:55:46 Job terminated.
	(1) Normal termination (return value 90)
		Usr 0 00:00:01, Sys 0 00:00:25  -  Run Remote Usage
		Usr 0 00:00:00, Sys 0 00:00:00  -  Run Local Usage
		Usr 0 00:00:01, Sys 0 00:00:25  -  Total Remote Usage
		Usr 0 00:00:00, Sys 0 00:00:00  -  Total Local Usage
	23268  -  Run Bytes Sent By Job
	8930  -  Run Bytes Received By Job
	23268  -  Total Bytes Sent By Job
	8930  -  Total Bytes Received By Job
	Partitionable Resources :    Usage  Request Allocated
	   Cpus                 :                 1         1
	   Disk (KB)            :  4778616 10000000  17082242
	   Memory (MB)          :       69     2100      2100
...
000 (221549.000.000) 07/31 07:08:14 Job submitted from host: <131.225.189.232:9618?addrs=131.225.189.232-9618&noUDP&sock=8982_aaf4_3>
...
001 (221549.000.000) 07/31 07:09:20 Job executing on host: <131.225.207.146:34152?addrs=131.225.207.146-34152>
...
006 (221549.000.000) 07/31 07:09:54 Image size of job updated: 447532
	71  -  MemoryUsage of job (MB)
	72352  -  ResidentSetSize of job (KB)
...
000 (222104.000.000) 07/31 07:12:53 Job submitted from host: <131.225.189.232:9618?addrs=131.225.189.232-9618&noUDP&sock=8982_aaf4_3>
...
001 (222104.000.000) 07/31 07:14:39 Job executing on host: <131.225.206.19:25695?addrs=131.225.206.19-25695>
...
006 (222104.000.000) 07/31 07:14:47 Image size of job updated: 2
	3  -  MemoryUsage of job (MB)
	2424  -  ResidentSetSize of job (KB)
...
005 (221549.000.000) 07/31 07:15:32 Job terminated.
	(1) Normal termination (return value 90)
		Usr 0 00:00:02, Sys 0 00:00:20  -  Run Remote Usage
		Usr 0 00:00:00, Sys 0 00:00:00  -  Run Local Usage
		Usr 0 00:00:02, Sys 0 00:00:20  -  Total Remote Usage
		Usr 0 00:00:00, Sys 0 00:00:00  -  Total Local Usage
	27781  -  Run Bytes Sent By Job
	8930  -  Run Bytes Received By Job
	27781  -  Total Bytes Sent By Job
	8930  -  Total Bytes Received By Job
	Partitionable Resources :    Usage  Request Allocated
	   Cpus                 :                 1         1
	   Disk (KB)            :  4337779 10000000  10168020
	   Memory (MB)          :       71     2100      2100
...
006 (222104.000.000) 07/31 07:15:47 Image size of job updated: 447524
	69  -  MemoryUsage of job (MB)
	70280  -  ResidentSetSize of job (KB)
...
006 (222104.000.000) 07/31 07:16:48 Image size of job updated: 447524
	69  -  MemoryUsage of job (MB)
	70288  -  ResidentSetSize of job (KB)
...
006 (222104.000.000) 07/31 07:18:51 Image size of job updated: 447524
	69  -  MemoryUsage of job (MB)
	70292  -  ResidentSetSize of job (KB)
...
006 (222104.000.000) 07/31 07:19:51 Image size of job updated: 772788
	69  -  MemoryUsage of job (MB)
	70292  -  ResidentSetSize of job (KB)
...
005 (222104.000.000) 07/31 07:20:04 Job terminated.
	(1) Normal termination (return value 65)
		Usr 0 00:00:12, Sys 0 00:00:19  -  Run Remote Usage
		Usr 0 00:00:00, Sys 0 00:00:00  -  Run Local Usage
		Usr 0 00:00:12, Sys 0 00:00:19  -  Total Remote Usage
		Usr 0 00:00:00, Sys 0 00:00:00  -  Total Local Usage
	23738  -  Run Bytes Sent By Job
	8930  -  Run Bytes Received By Job
	23738  -  Total Bytes Sent By Job
	8930  -  Total Bytes Received By Job
	Partitionable Resources :    Usage  Request Allocated
	   Cpus                 :                 1         1
	   Disk (KB)            :  6642860 10000000  12740408
	   Memory (MB)          :       69     2100      2100
...
000 (222666.000.000) 07/31 08:33:03 Job submitted from host: <131.225.189.232:9618?addrs=131.225.189.232-9618&noUDP&sock=8982_aaf4_3>
...
001 (222666.000.000) 07/31 08:35:04 Job executing on host: <131.225.204.83:38868?addrs=131.225.204.83-38868>
...
006 (222666.000.000) 07/31 08:35:14 Image size of job updated: 447524
	71  -  MemoryUsage of job (MB)
	72344  -  ResidentSetSize of job (KB)
...
006 (222666.000.000) 07/31 08:38:43 Image size of job updated: 772784
	71  -  MemoryUsage of job (MB)
	72344  -  ResidentSetSize of job (KB)
...
005 (222666.000.000) 07/31 08:38:44 Job terminated.
	(1) Normal termination (return value 65)
		Usr 0 00:00:14, Sys 0 00:00:26  -  Run Remote Usage
		Usr 0 00:00:00, Sys 0 00:00:00  -  Run Local Usage
		Usr 0 00:00:14, Sys 0 00:00:26  -  Total Remote Usage
		Usr 0 00:00:00, Sys 0 00:00:00  -  Total Local Usage
	19562  -  Run Bytes Sent By Job
	8930  -  Run Bytes Received By Job
	19562  -  Total Bytes Sent By Job
	8930  -  Total Bytes Received By Job
	Partitionable Resources :    Usage  Request Allocated
	   Cpus                 :                 1         1
	   Disk (KB)            :  6306134 10000000  10069044
	   Memory (MB)          :       71     2100      2100
...
