000 (220903.000.000) 07/31 06:49:34 Job submitted from host: <131.225.189.232:9618?addrs=131.225.189.232-9618&noUDP&sock=8982_aaf4_3>
...
001 (220903.000.000) 07/31 06:50:07 Job executing on host: <131.225.204.31:49055?addrs=131.225.204.31-49055>
...
006 (220903.000.000) 07/31 06:50:16 Image size of job updated: 2
	3  -  MemoryUsage of job (MB)
	2424  -  ResidentSetSize of job (KB)
...
006 (220903.000.000) 07/31 06:51:17 Image size of job updated: 447524
	71  -  MemoryUsage of job (MB)
	72348  -  ResidentSetSize of job (KB)
...
005 (220903.000.000) 07/31 06:53:53 Job terminated.
	(1) Normal termination (return value 90)
		Usr 0 00:00:01, Sys 0 00:00:19  -  Run Remote Usage
		Usr 0 00:00:00, Sys 0 00:00:00  -  Run Local Usage
		Usr 0 00:00:01, Sys 0 00:00:19  -  Total Remote Usage
		Usr 0 00:00:00, Sys 0 00:00:00  -  Total Local Usage
	21838  -  Run Bytes Sent By Job
	8930  -  Run Bytes Received By Job
	21838  -  Total Bytes Sent By Job
	8930  -  Total Bytes Received By Job
	Partitionable Resources :    Usage  Request Allocated
	   Cpus                 :                 1         1
	   Disk (KB)            :  5082133 10000000  10340223
	   Memory (MB)          :       71     2100      2100
...
000 (221465.000.000) 07/31 07:07:59 Job submitted from host: <131.225.189.232:9618?addrs=131.225.189.232-9618&noUDP&sock=8982_aaf4_3>
...
001 (221465.000.000) 07/31 07:08:36 Job executing on host: <131.225.191.253:34683?addrs=131.225.191.253-34683>
...
006 (221465.000.000) 07/31 07:08:44 Image size of job updated: 447532
	53  -  MemoryUsage of job (MB)
	54044  -  ResidentSetSize of job (KB)
...
006 (221465.000.000) 07/31 07:09:44 Image size of job updated: 447532
	69  -  MemoryUsage of job (MB)
	70416  -  ResidentSetSize of job (KB)
...
000 (222020.000.000) 07/31 07:12:39 Job submitted from host: <131.225.189.232:9618?addrs=131.225.189.232-9618&noUDP&sock=8982_aaf4_3>
...
005 (221465.000.000) 07/31 07:12:50 Job terminated.
	(1) Normal termination (return value 90)
		Usr 0 00:00:01, Sys 0 00:00:31  -  Run Remote Usage
		Usr 0 00:00:00, Sys 0 00:00:00  -  Run Local Usage
		Usr 0 00:00:01, Sys 0 00:00:31  -  Total Remote Usage
		Usr 0 00:00:00, Sys 0 00:00:00  -  Total Local Usage
	18219  -  Run Bytes Sent By Job
	8930  -  Run Bytes Received By Job
	18219  -  Total Bytes Sent By Job
	8930  -  Total Bytes Received By Job
	Partitionable Resources :    Usage  Request Allocated
	   Cpus                 :                 1         1
	   Disk (KB)            :  6624017 10000000  14988080
	   Memory (MB)          :       69     2100      2100
...
001 (222020.000.000) 07/31 07:14:00 Job executing on host: <131.225.206.42:17214?addrs=131.225.206.42-17214>
...
006 (222020.000.000) 07/31 07:14:09 Image size of job updated: 447524
	71  -  MemoryUsage of job (MB)
	72348  -  ResidentSetSize of job (KB)
...
006 (222020.000.000) 07/31 07:16:11 Image size of job updated: 601416
	325  -  MemoryUsage of job (MB)
	331816  -  ResidentSetSize of job (KB)
...
005 (222020.000.000) 07/31 07:16:20 Job terminated.
	(1) Normal termination (return value 65)
		Usr 0 00:00:06, Sys 0 00:00:15  -  Run Remote Usage
		Usr 0 00:00:00, Sys 0 00:00:00  -  Run Local Usage
		Usr 0 00:00:06, Sys 0 00:00:15  -  Total Remote Usage
		Usr 0 00:00:00, Sys 0 00:00:00  -  Total Local Usage
	10827  -  Run Bytes Sent By Job
	8930  -  Run Bytes Received By Job
	10827  -  Total Bytes Sent By Job
	8930  -  Total Bytes Received By Job
	Partitionable Resources :    Usage  Request Allocated
	   Cpus                 :                 1         1
	   Disk (KB)            :  6623416 10000000  10417500
	   Memory (MB)          :      325     2100      2100
...
000 (222582.000.000) 07/31 08:32:55 Job submitted from host: <131.225.189.232:9618?addrs=131.225.189.232-9618&noUDP&sock=8982_aaf4_3>
...
001 (222582.000.000) 07/31 08:34:00 Job executing on host: <131.225.204.86:61374?addrs=131.225.204.86-61374>
...
006 (222582.000.000) 07/31 08:34:26 Image size of job updated: 447524
	71  -  MemoryUsage of job (MB)
	72340  -  ResidentSetSize of job (KB)
...
006 (222582.000.000) 07/31 08:36:41 Image size of job updated: 772788
	71  -  MemoryUsage of job (MB)
	72340  -  ResidentSetSize of job (KB)
...
005 (222582.000.000) 07/31 08:36:41 Job terminated.
	(1) Normal termination (return value 65)
		Usr 0 00:00:13, Sys 0 00:00:19  -  Run Remote Usage
		Usr 0 00:00:00, Sys 0 00:00:00  -  Run Local Usage
		Usr 0 00:00:13, Sys 0 00:00:19  -  Total Remote Usage
		Usr 0 00:00:00, Sys 0 00:00:00  -  Total Local Usage
	13280  -  Run Bytes Sent By Job
	8930  -  Run Bytes Received By Job
	13280  -  Total Bytes Sent By Job
	8930  -  Total Bytes Received By Job
	Partitionable Resources :    Usage  Request Allocated
	   Cpus                 :                 1         1
	   Disk (KB)            :  1538376 10000000  10216596
	   Memory (MB)          :       71     2100      2100
...
000 (223137.000.000) 07/31 08:50:00 Job submitted from host: <131.225.189.232:9618?addrs=131.225.189.232-9618&noUDP&sock=8982_aaf4_3>
...
001 (223137.000.000) 07/31 08:51:12 Job executing on host: <131.225.207.95:35935?addrs=131.225.207.95-35935>
...
006 (223137.000.000) 07/31 08:51:21 Image size of job updated: 2
	3  -  MemoryUsage of job (MB)
	2424  -  ResidentSetSize of job (KB)
...
006 (223137.000.000) 07/31 08:52:22 Image size of job updated: 447524
	71  -  MemoryUsage of job (MB)
	72348  -  ResidentSetSize of job (KB)
...
006 (223137.000.000) 07/31 08:54:23 Image size of job updated: 772788
	71  -  MemoryUsage of job (MB)
	72348  -  ResidentSetSize of job (KB)
...
005 (223137.000.000) 07/31 08:54:24 Job terminated.
	(1) Normal termination (return value 65)
		Usr 0 00:00:12, Sys 0 00:00:20  -  Run Remote Usage
		Usr 0 00:00:00, Sys 0 00:00:00  -  Run Local Usage
		Usr 0 00:00:12, Sys 0 00:00:20  -  Total Remote Usage
		Usr 0 00:00:00, Sys 0 00:00:00  -  Total Local Usage
	14773  -  Run Bytes Sent By Job
	44439  -  Run Bytes Received By Job
	14773  -  Total Bytes Sent By Job
	44439  -  Total Bytes Received By Job
	Partitionable Resources :    Usage  Request Allocated
	   Cpus                 :                 1         1
	   Disk (KB)            :  5535918 10000000  10372953
	   Memory (MB)          :       71     2100      2100
...
000 (223692.000.000) 07/31 09:06:28 Job submitted from host: <131.225.189.232:9618?addrs=131.225.189.232-9618&noUDP&sock=8982_aaf4_3>
...
