000 (220795.000.000) 07/31 06:49:12 Job submitted from host: <131.225.189.232:9618?addrs=131.225.189.232-9618&noUDP&sock=8982_aaf4_3>
...
001 (220795.000.000) 07/31 06:49:34 Job executing on host: <131.225.207.174:4725?addrs=131.225.207.174-4725>
...
006 (220795.000.000) 07/31 06:49:43 Image size of job updated: 447528
	71  -  MemoryUsage of job (MB)
	72444  -  ResidentSetSize of job (KB)
...
005 (220795.000.000) 07/31 06:54:28 Job terminated.
	(1) Normal termination (return value 90)
		Usr 0 00:00:01, Sys 0 00:00:23  -  Run Remote Usage
		Usr 0 00:00:00, Sys 0 00:00:00  -  Run Local Usage
		Usr 0 00:00:01, Sys 0 00:00:23  -  Total Remote Usage
		Usr 0 00:00:00, Sys 0 00:00:00  -  Total Local Usage
	24252  -  Run Bytes Sent By Job
	8930  -  Run Bytes Received By Job
	24252  -  Total Bytes Sent By Job
	8930  -  Total Bytes Received By Job
	Partitionable Resources :    Usage  Request Allocated
	   Cpus                 :                 1         1
	   Disk (KB)            :  6081560 10000000  10477566
	   Memory (MB)          :       71     2100      2100
...
000 (221357.000.000) 07/31 07:07:40 Job submitted from host: <131.225.189.232:9618?addrs=131.225.189.232-9618&noUDP&sock=8982_aaf4_3>
...
001 (221357.000.000) 07/31 07:08:14 Job executing on host: <131.225.204.33:65431?addrs=131.225.204.33-65431>
...
006 (221357.000.000) 07/31 07:08:23 Image size of job updated: 447524
	71  -  MemoryUsage of job (MB)
	72348  -  ResidentSetSize of job (KB)
...
005 (221357.000.000) 07/31 07:12:01 Job terminated.
	(1) Normal termination (return value 90)
		Usr 0 00:00:00, Sys 0 00:00:19  -  Run Remote Usage
		Usr 0 00:00:00, Sys 0 00:00:00  -  Run Local Usage
		Usr 0 00:00:00, Sys 0 00:00:19  -  Total Remote Usage
		Usr 0 00:00:00, Sys 0 00:00:00  -  Total Local Usage
	11322  -  Run Bytes Sent By Job
	8930  -  Run Bytes Received By Job
	11322  -  Total Bytes Sent By Job
	8930  -  Total Bytes Received By Job
	Partitionable Resources :    Usage  Request Allocated
	   Cpus                 :                 1         1
	   Disk (KB)            :  4829289 10000000  10498164
	   Memory (MB)          :       71     2100      2100
...
000 (221912.000.000) 07/31 07:12:21 Job submitted from host: <131.225.189.232:9618?addrs=131.225.189.232-9618&noUDP&sock=8982_aaf4_3>
...
001 (221912.000.000) 07/31 07:12:54 Job executing on host: <131.225.204.111:64921?addrs=131.225.204.111-64921>
...
006 (221912.000.000) 07/31 07:13:02 Image size of job updated: 2
	3  -  MemoryUsage of job (MB)
	2424  -  ResidentSetSize of job (KB)
...
006 (221912.000.000) 07/31 07:14:02 Image size of job updated: 447524
	70  -  MemoryUsage of job (MB)
	71356  -  ResidentSetSize of job (KB)
...
006 (221912.000.000) 07/31 07:15:05 Image size of job updated: 447524
	170  -  MemoryUsage of job (MB)
	174072  -  ResidentSetSize of job (KB)
...
006 (221912.000.000) 07/31 07:15:49 Image size of job updated: 608588
	170  -  MemoryUsage of job (MB)
	174072  -  ResidentSetSize of job (KB)
...
005 (221912.000.000) 07/31 07:15:50 Job terminated.
	(1) Normal termination (return value 65)
		Usr 0 00:00:07, Sys 0 00:00:17  -  Run Remote Usage
		Usr 0 00:00:00, Sys 0 00:00:00  -  Run Local Usage
		Usr 0 00:00:07, Sys 0 00:00:17  -  Total Remote Usage
		Usr 0 00:00:00, Sys 0 00:00:00  -  Total Local Usage
	10470  -  Run Bytes Sent By Job
	8930  -  Run Bytes Received By Job
	10470  -  Total Bytes Sent By Job
	8930  -  Total Bytes Received By Job
	Partitionable Resources :    Usage  Request Allocated
	   Cpus                 :                 1         1
	   Disk (KB)            :  6700737 10000000  10479480
	   Memory (MB)          :      170     2100      2100
...
000 (222474.000.000) 07/31 08:32:49 Job submitted from host: <131.225.189.232:9618?addrs=131.225.189.232-9618&noUDP&sock=8982_aaf4_3>
...
001 (222474.000.000) 07/31 08:33:41 Job executing on host: <131.225.191.148:28057?addrs=131.225.191.148-28057>
...
006 (222474.000.000) 07/31 08:33:50 Image size of job updated: 2
	3  -  MemoryUsage of job (MB)
	2420  -  ResidentSetSize of job (KB)
...
006 (222474.000.000) 07/31 08:34:51 Image size of job updated: 447524
	69  -  MemoryUsage of job (MB)
	70288  -  ResidentSetSize of job (KB)
...
006 (222474.000.000) 07/31 08:35:52 Image size of job updated: 447524
	69  -  MemoryUsage of job (MB)
	70316  -  ResidentSetSize of job (KB)
...
006 (222474.000.000) 07/31 08:36:38 Image size of job updated: 625316
	69  -  MemoryUsage of job (MB)
	70316  -  ResidentSetSize of job (KB)
...
005 (222474.000.000) 07/31 08:36:38 Job terminated.
	(1) Normal termination (return value 65)
		Usr 0 00:00:07, Sys 0 00:00:15  -  Run Remote Usage
		Usr 0 00:00:00, Sys 0 00:00:00  -  Run Local Usage
		Usr 0 00:00:07, Sys 0 00:00:15  -  Total Remote Usage
		Usr 0 00:00:00, Sys 0 00:00:00  -  Total Local Usage
	13719  -  Run Bytes Sent By Job
	8930  -  Run Bytes Received By Job
	13719  -  Total Bytes Sent By Job
	8930  -  Total Bytes Received By Job
	Partitionable Resources :    Usage  Request Allocated
	   Cpus                 :                 1         1
	   Disk (KB)            :  6404431 10000000  11959988
	   Memory (MB)          :       69     2100      2100
...
000 (223029.000.000) 07/31 08:49:55 Job submitted from host: <131.225.189.232:9618?addrs=131.225.189.232-9618&noUDP&sock=8982_aaf4_3>
...
001 (223029.000.000) 07/31 08:50:51 Job executing on host: <131.225.207.95:35935?addrs=131.225.207.95-35935>
...
006 (223029.000.000) 07/31 08:50:59 Image size of job updated: 447524
	15  -  MemoryUsage of job (MB)
	14812  -  ResidentSetSize of job (KB)
...
006 (223029.000.000) 07/31 08:51:59 Image size of job updated: 447524
	69  -  MemoryUsage of job (MB)
	70316  -  ResidentSetSize of job (KB)
...
006 (223029.000.000) 07/31 08:56:01 Image size of job updated: 773044
	481  -  MemoryUsage of job (MB)
	491692  -  ResidentSetSize of job (KB)
...
005 (223029.000.000) 07/31 08:56:03 Job terminated.
	(1) Normal termination (return value 65)
		Usr 0 00:00:12, Sys 0 00:00:21  -  Run Remote Usage
		Usr 0 00:00:00, Sys 0 00:00:00  -  Run Local Usage
		Usr 0 00:00:12, Sys 0 00:00:21  -  Total Remote Usage
		Usr 0 00:00:00, Sys 0 00:00:00  -  Total Local Usage
	24599  -  Run Bytes Sent By Job
	44439  -  Run Bytes Received By Job
	24599  -  Total Bytes Sent By Job
	44439  -  Total Bytes Received By Job
	Partitionable Resources :    Usage  Request Allocated
	   Cpus                 :                 1         1
	   Disk (KB)            :  6703457 10000000  10372953
	   Memory (MB)          :      481     2100      2100
...
000 (223584.000.000) 07/31 09:06:23 Job submitted from host: <131.225.189.232:9618?addrs=131.225.189.232-9618&noUDP&sock=8982_aaf4_3>
...
