000 (220624.000.000) 07/31 06:48:36 Job submitted from host: <131.225.189.232:9618?addrs=131.225.189.232-9618&noUDP&sock=8982_aaf4_3>
...
001 (220624.000.000) 07/31 06:48:59 Job executing on host: <131.225.206.154:8489?addrs=131.225.206.154-8489>
...
006 (220624.000.000) 07/31 06:49:08 Image size of job updated: 447524
	71  -  MemoryUsage of job (MB)
	72348  -  ResidentSetSize of job (KB)
...
005 (220624.000.000) 07/31 06:50:20 Job terminated.
	(1) Normal termination (return value 90)
		Usr 0 00:00:01, Sys 0 00:00:07  -  Run Remote Usage
		Usr 0 00:00:00, Sys 0 00:00:00  -  Run Local Usage
		Usr 0 00:00:01, Sys 0 00:00:07  -  Total Remote Usage
		Usr 0 00:00:00, Sys 0 00:00:00  -  Total Local Usage
	7341  -  Run Bytes Sent By Job
	8930  -  Run Bytes Received By Job
	7341  -  Total Bytes Sent By Job
	8930  -  Total Bytes Received By Job
	Partitionable Resources :    Usage  Request Allocated
	   Cpus                 :                 1         1
	   Disk (KB)            :  3878464 10000000  10375491
	   Memory (MB)          :       71     2100      2100
...
000 (221186.000.000) 07/31 07:07:10 Job submitted from host: <131.225.189.232:9618?addrs=131.225.189.232-9618&noUDP&sock=8982_aaf4_3>
...
001 (221186.000.000) 07/31 07:07:41 Job executing on host: <131.225.204.123:52965?addrs=131.225.204.123-52965>
...
006 (221186.000.000) 07/31 07:07:50 Image size of job updated: 381924
	15  -  MemoryUsage of job (MB)
	14932  -  ResidentSetSize of job (KB)
...
006 (221186.000.000) 07/31 07:08:51 Image size of job updated: 447524
	69  -  MemoryUsage of job (MB)
	70284  -  ResidentSetSize of job (KB)
...
005 (221186.000.000) 07/31 07:09:41 Job terminated.
	(1) Normal termination (return value 90)
		Usr 0 00:00:00, Sys 0 00:00:11  -  Run Remote Usage
		Usr 0 00:00:00, Sys 0 00:00:00  -  Run Local Usage
		Usr 0 00:00:00, Sys 0 00:00:11  -  Total Remote Usage
		Usr 0 00:00:00, Sys 0 00:00:00  -  Total Local Usage
	12140  -  Run Bytes Sent By Job
	8930  -  Run Bytes Received By Job
	12140  -  Total Bytes Sent By Job
	8930  -  Total Bytes Received By Job
	Partitionable Resources :    Usage  Request Allocated
	   Cpus                 :                 1         1
	   Disk (KB)            :  2715753 10000000  10300260
	   Memory (MB)          :       69     2100      2100
...
000 (221741.000.000) 07/31 07:11:52 Job submitted from host: <131.225.189.232:9618?addrs=131.225.189.232-9618&noUDP&sock=8982_aaf4_3>
...
001 (221741.000.000) 07/31 07:12:10 Job executing on host: <131.225.204.118:52953?addrs=131.225.204.118-52953>
...
006 (221741.000.000) 07/31 07:12:19 Image size of job updated: 447524
	69  -  MemoryUsage of job (MB)
	70360  -  ResidentSetSize of job (KB)
...
006 (221741.000.000) 07/31 07:13:20 Image size of job updated: 506876
	226  -  MemoryUsage of job (MB)
	231260  -  ResidentSetSize of job (KB)
...
005 (221741.000.000) 07/31 07:13:41 Job terminated.
	(1) Normal termination (return value 65)
		Usr 0 00:00:05, Sys 0 00:00:07  -  Run Remote Usage
		Usr 0 00:00:00, Sys 0 00:00:00  -  Run Local Usage
		Usr 0 00:00:05, Sys 0 00:00:07  -  Total Remote Usage
		Usr 0 00:00:00, Sys 0 00:00:00  -  Total Local Usage
	7560  -  Run Bytes Sent By Job
	8930  -  Run Bytes Received By Job
	7560  -  Total Bytes Sent By Job
	8930  -  Total Bytes Received By Job
	Partitionable Resources :    Usage  Request Allocated
	   Cpus                 :                 1         1
	   Disk (KB)            :  3887843 10000000  10230312
	   Memory (MB)          :      226     2100      2100
...
