000 (220544.000.000) 07/31 06:48:18 Job submitted from host: <131.225.189.232:9618?addrs=131.225.189.232-9618&noUDP&sock=8982_aaf4_3>
...
001 (220544.000.000) 07/31 06:48:34 Job executing on host: <131.225.207.136:2428?addrs=131.225.207.136-2428>
...
006 (220544.000.000) 07/31 06:48:43 Image size of job updated: 2
	3  -  MemoryUsage of job (MB)
	2428  -  ResidentSetSize of job (KB)
...
006 (220544.000.000) 07/31 06:49:39 Image size of job updated: 447524
	3  -  MemoryUsage of job (MB)
	2428  -  ResidentSetSize of job (KB)
...
005 (220544.000.000) 07/31 06:49:40 Job terminated.
	(1) Normal termination (return value 90)
		Usr 0 00:00:00, Sys 0 00:00:08  -  Run Remote Usage
		Usr 0 00:00:00, Sys 0 00:00:00  -  Run Local Usage
		Usr 0 00:00:00, Sys 0 00:00:08  -  Total Remote Usage
		Usr 0 00:00:00, Sys 0 00:00:00  -  Total Local Usage
	5954  -  Run Bytes Sent By Job
	8930  -  Run Bytes Received By Job
	5954  -  Total Bytes Sent By Job
	8930  -  Total Bytes Received By Job
	Partitionable Resources :    Usage  Request Allocated
	   Cpus                 :                 1         1
	   Disk (KB)            :   756741 10000000  10210761
	   Memory (MB)          :        3     2100      2100
...
000 (221106.000.000) 07/31 07:06:56 Job submitted from host: <131.225.189.232:9618?addrs=131.225.189.232-9618&noUDP&sock=8982_aaf4_3>
...
001 (221106.000.000) 07/31 07:07:14 Job executing on host: <131.225.206.3:38467?addrs=131.225.206.3-38467>
...
006 (221106.000.000) 07/31 07:07:23 Image size of job updated: 447524
	69  -  MemoryUsage of job (MB)
	70276  -  ResidentSetSize of job (KB)
...
006 (221106.000.000) 07/31 07:08:24 Image size of job updated: 447524
	69  -  MemoryUsage of job (MB)
	70404  -  ResidentSetSize of job (KB)
...
005 (221106.000.000) 07/31 07:08:28 Job terminated.
	(1) Normal termination (return value 90)
		Usr 0 00:00:00, Sys 0 00:00:07  -  Run Remote Usage
		Usr 0 00:00:00, Sys 0 00:00:00  -  Run Local Usage
		Usr 0 00:00:00, Sys 0 00:00:07  -  Total Remote Usage
		Usr 0 00:00:00, Sys 0 00:00:00  -  Total Local Usage
	8501  -  Run Bytes Sent By Job
	8930  -  Run Bytes Received By Job
	8501  -  Total Bytes Sent By Job
	8930  -  Total Bytes Received By Job
	Partitionable Resources :    Usage  Request Allocated
	   Cpus                 :                 1         1
	   Disk (KB)            :  2814057 10000000  10178235
	   Memory (MB)          :       69     2100      2100
...
000 (221661.000.000) 07/31 07:11:38 Job submitted from host: <131.225.189.232:9618?addrs=131.225.189.232-9618&noUDP&sock=8982_aaf4_3>
...
001 (221661.000.000) 07/31 07:11:52 Job executing on host: <131.225.207.66:14919?addrs=131.225.207.66-14919>
...
006 (221661.000.000) 07/31 07:12:01 Image size of job updated: 2
	3  -  MemoryUsage of job (MB)
	2420  -  ResidentSetSize of job (KB)
...
006 (221661.000.000) 07/31 07:13:02 Image size of job updated: 466888
	240  -  MemoryUsage of job (MB)
	244976  -  ResidentSetSize of job (KB)
...
006 (221661.000.000) 07/31 07:13:20 Image size of job updated: 493956
	240  -  MemoryUsage of job (MB)
	244976  -  ResidentSetSize of job (KB)
...
005 (221661.000.000) 07/31 07:13:20 Job terminated.
	(1) Normal termination (return value 65)
		Usr 0 00:00:03, Sys 0 00:00:04  -  Run Remote Usage
		Usr 0 00:00:00, Sys 0 00:00:00  -  Run Local Usage
		Usr 0 00:00:03, Sys 0 00:00:04  -  Total Remote Usage
		Usr 0 00:00:00, Sys 0 00:00:00  -  Total Local Usage
	6277  -  Run Bytes Sent By Job
	8930  -  Run Bytes Received By Job
	6277  -  Total Bytes Sent By Job
	8930  -  Total Bytes Received By Job
	Partitionable Resources :    Usage  Request Allocated
	   Cpus                 :                 1         1
	   Disk (KB)            :  2884725 10000000  13183504
	   Memory (MB)          :      240     2100      2100
...
000 (222223.000.000) 07/31 08:32:31 Job submitted from host: <131.225.189.232:9618?addrs=131.225.189.232-9618&noUDP&sock=8982_aaf4_3>
...
001 (222223.000.000) 07/31 08:32:48 Job executing on host: <131.225.191.130:56709?addrs=131.225.191.130-56709>
...
006 (222223.000.000) 07/31 08:32:56 Image size of job updated: 447524
	10  -  MemoryUsage of job (MB)
	9320  -  ResidentSetSize of job (KB)
...
006 (222223.000.000) 07/31 08:33:59 Image size of job updated: 447524
	167  -  MemoryUsage of job (MB)
	170620  -  ResidentSetSize of job (KB)
...
006 (222223.000.000) 07/31 08:34:56 Image size of job updated: 764336
	397  -  MemoryUsage of job (MB)
	406228  -  ResidentSetSize of job (KB)
...
005 (222223.000.000) 07/31 08:34:59 Job terminated.
	(1) Normal termination (return value 65)
		Usr 0 00:00:11, Sys 0 00:00:08  -  Run Remote Usage
		Usr 0 00:00:00, Sys 0 00:00:00  -  Run Local Usage
		Usr 0 00:00:11, Sys 0 00:00:08  -  Total Remote Usage
		Usr 0 00:00:00, Sys 0 00:00:00  -  Total Local Usage
	7808  -  Run Bytes Sent By Job
	8930  -  Run Bytes Received By Job
	7808  -  Total Bytes Sent By Job
	8930  -  Total Bytes Received By Job
	Partitionable Resources :    Usage  Request Allocated
	   Cpus                 :                 1         1
	   Disk (KB)            :  2887594 10000000  11604704
	   Memory (MB)          :      397     2100      2100
...
000 (222778.000.000) 07/31 08:49:41 Job submitted from host: <131.225.189.232:9618?addrs=131.225.189.232-9618&noUDP&sock=8982_aaf4_3>
...
001 (222778.000.000) 07/31 08:50:00 Job executing on host: <131.225.191.156:34555?addrs=131.225.191.156-34555>
...
006 (222778.000.000) 07/31 08:50:08 Image size of job updated: 447524
	71  -  MemoryUsage of job (MB)
	72352  -  ResidentSetSize of job (KB)
...
006 (222778.000.000) 07/31 08:51:09 Image size of job updated: 702124
	420  -  MemoryUsage of job (MB)
	429220  -  ResidentSetSize of job (KB)
...
005 (222778.000.000) 07/31 08:51:11 Job terminated.
	(1) Normal termination (return value 65)
		Usr 0 00:00:09, Sys 0 00:00:06  -  Run Remote Usage
		Usr 0 00:00:00, Sys 0 00:00:00  -  Run Local Usage
		Usr 0 00:00:09, Sys 0 00:00:06  -  Total Remote Usage
		Usr 0 00:00:00, Sys 0 00:00:00  -  Total Local Usage
	6671  -  Run Bytes Sent By Job
	44439  -  Run Bytes Received By Job
	6671  -  Total Bytes Sent By Job
	44439  -  Total Bytes Received By Job
	Partitionable Resources :    Usage  Request Allocated
	   Cpus                 :                 1         1
	   Disk (KB)            :  2887431 10000000  12173696
	   Memory (MB)          :      420     2100      2100
...
000 (223333.000.000) 07/31 09:06:11 Job submitted from host: <131.225.189.232:9618?addrs=131.225.189.232-9618&noUDP&sock=8982_aaf4_3>
...
