000 (221022.000.000) 07/31 06:50:01 Job submitted from host: <131.225.189.232:9618?addrs=131.225.189.232-9618&noUDP&sock=8982_aaf4_3>
...
001 (221022.000.000) 07/31 06:51:35 Job executing on host: <131.225.207.193:40545?addrs=131.225.207.193-40545>
...
006 (221022.000.000) 07/31 06:51:44 Image size of job updated: 447524
	36  -  MemoryUsage of job (MB)
	36732  -  ResidentSetSize of job (KB)
...
006 (221022.000.000) 07/31 06:52:43 Image size of job updated: 447524
	69  -  MemoryUsage of job (MB)
	70488  -  ResidentSetSize of job (KB)
...
005 (221022.000.000) 07/31 06:54:12 Job terminated.
	(1) Normal termination (return value 90)
		Usr 0 00:00:01, Sys 0 00:00:17  -  Run Remote Usage
		Usr 0 00:00:00, Sys 0 00:00:00  -  Run Local Usage
		Usr 0 00:00:01, Sys 0 00:00:17  -  Total Remote Usage
		Usr 0 00:00:00, Sys 0 00:00:00  -  Total Local Usage
	15170  -  Run Bytes Sent By Job
	8930  -  Run Bytes Received By Job
	15170  -  Total Bytes Sent By Job
	8930  -  Total Bytes Received By Job
	Partitionable Resources :    Usage  Request Allocated
	   Cpus                 :                 1         1
	   Disk (KB)            :  4590607 10000000  13100500
	   Memory (MB)          :       69     2100      2100
...
000 (221584.000.000) 07/31 07:08:20 Job submitted from host: <131.225.189.232:9618?addrs=131.225.189.232-9618&noUDP&sock=8982_aaf4_3>
...
001 (221584.000.000) 07/31 07:09:32 Job executing on host: <131.225.206.17:46936?addrs=131.225.206.17-46936>
...
006 (221584.000.000) 07/31 07:09:40 Image size of job updated: 2
	3  -  MemoryUsage of job (MB)
	2420  -  ResidentSetSize of job (KB)
...
006 (221584.000.000) 07/31 07:10:40 Image size of job updated: 447524
	70  -  MemoryUsage of job (MB)
	71356  -  ResidentSetSize of job (KB)
...
000 (222139.000.000) 07/31 07:12:59 Job submitted from host: <131.225.189.232:9618?addrs=131.225.189.232-9618&noUDP&sock=8982_aaf4_3>
...
001 (222139.000.000) 07/31 07:14:50 Job executing on host: <131.225.206.200:35523?addrs=131.225.206.200-35523>
...
006 (222139.000.000) 07/31 07:14:59 Image size of job updated: 447524
	71  -  MemoryUsage of job (MB)
	72348  -  ResidentSetSize of job (KB)
...
005 (221584.000.000) 07/31 07:16:53 Job terminated.
	(1) Normal termination (return value 90)
		Usr 0 00:00:03, Sys 0 00:00:22  -  Run Remote Usage
		Usr 0 00:00:00, Sys 0 00:00:00  -  Run Local Usage
		Usr 0 00:00:03, Sys 0 00:00:22  -  Total Remote Usage
		Usr 0 00:00:00, Sys 0 00:00:00  -  Total Local Usage
	36435  -  Run Bytes Sent By Job
	8930  -  Run Bytes Received By Job
	36435  -  Total Bytes Sent By Job
	8930  -  Total Bytes Received By Job
	Partitionable Resources :    Usage  Request Allocated
	   Cpus                 :                 1         1
	   Disk (KB)            :  6533252 10000000  10161612
	   Memory (MB)          :       70     2100      2100
...
006 (222139.000.000) 07/31 07:19:02 Image size of job updated: 493960
	261  -  MemoryUsage of job (MB)
	267208  -  ResidentSetSize of job (KB)
...
005 (222139.000.000) 07/31 07:19:15 Job terminated.
	(1) Normal termination (return value 65)
		Usr 0 00:00:05, Sys 0 00:00:16  -  Run Remote Usage
		Usr 0 00:00:00, Sys 0 00:00:00  -  Run Local Usage
		Usr 0 00:00:05, Sys 0 00:00:16  -  Total Remote Usage
		Usr 0 00:00:00, Sys 0 00:00:00  -  Total Local Usage
	23175  -  Run Bytes Sent By Job
	8930  -  Run Bytes Received By Job
	23175  -  Total Bytes Sent By Job
	8930  -  Total Bytes Received By Job
	Partitionable Resources :    Usage  Request Allocated
	   Cpus                 :                 1         1
	   Disk (KB)            :  6718063 10000000  12111984
	   Memory (MB)          :      261     2100      2100
...
000 (222701.000.000) 07/31 08:33:05 Job submitted from host: <131.225.189.232:9618?addrs=131.225.189.232-9618&noUDP&sock=8982_aaf4_3>
...
001 (222701.000.000) 07/31 08:35:17 Job executing on host: <131.225.206.51:32535?addrs=131.225.206.51-32535>
...
006 (222701.000.000) 07/31 08:35:27 Image size of job updated: 447524
	71  -  MemoryUsage of job (MB)
	72348  -  ResidentSetSize of job (KB)
...
006 (222701.000.000) 07/31 08:37:27 Image size of job updated: 772792
	481  -  MemoryUsage of job (MB)
	491860  -  ResidentSetSize of job (KB)
...
005 (222701.000.000) 07/31 08:37:29 Job terminated.
	(1) Normal termination (return value 65)
		Usr 0 00:00:12, Sys 0 00:00:17  -  Run Remote Usage
		Usr 0 00:00:00, Sys 0 00:00:00  -  Run Local Usage
		Usr 0 00:00:12, Sys 0 00:00:17  -  Total Remote Usage
		Usr 0 00:00:00, Sys 0 00:00:00  -  Total Local Usage
	9937  -  Run Bytes Sent By Job
	8930  -  Run Bytes Received By Job
	9937  -  Total Bytes Sent By Job
	8930  -  Total Bytes Received By Job
	Partitionable Resources :    Usage  Request Allocated
	   Cpus                 :                 1         1
	   Disk (KB)            :  5323083 10000000  10447878
	   Memory (MB)          :      481     2100      2100
...
