000 (220808.000.000) 07/31 06:49:15 Job submitted from host: <131.225.189.232:9618?addrs=131.225.189.232-9618&noUDP&sock=8982_aaf4_3>
...
001 (220808.000.000) 07/31 06:49:36 Job executing on host: <131.225.191.224:27141?addrs=131.225.191.224-27141>
...
006 (220808.000.000) 07/31 06:49:46 Image size of job updated: 447528
	21  -  MemoryUsage of job (MB)
	21112  -  ResidentSetSize of job (KB)
...
006 (220808.000.000) 07/31 06:50:47 Image size of job updated: 447528
	71  -  MemoryUsage of job (MB)
	72344  -  ResidentSetSize of job (KB)
...
005 (220808.000.000) 07/31 06:51:10 Job terminated.
	(1) Normal termination (return value 90)
		Usr 0 00:00:02, Sys 0 00:00:28  -  Run Remote Usage
		Usr 0 00:00:00, Sys 0 00:00:00  -  Run Local Usage
		Usr 0 00:00:02, Sys 0 00:00:28  -  Total Remote Usage
		Usr 0 00:00:00, Sys 0 00:00:00  -  Total Local Usage
	10084  -  Run Bytes Sent By Job
	8930  -  Run Bytes Received By Job
	10084  -  Total Bytes Sent By Job
	8930  -  Total Bytes Received By Job
	Partitionable Resources :    Usage  Request Allocated
	   Cpus                 :                 1         1
	   Disk (KB)            :  5049355 10000000  15356896
	   Memory (MB)          :       71     2100      2100
...
000 (221370.000.000) 07/31 07:07:43 Job submitted from host: <131.225.189.232:9618?addrs=131.225.189.232-9618&noUDP&sock=8982_aaf4_3>
...
001 (221370.000.000) 07/31 07:08:17 Job executing on host: <131.225.206.160:29187?addrs=131.225.206.160-29187>
...
006 (221370.000.000) 07/31 07:08:26 Image size of job updated: 447524
	71  -  MemoryUsage of job (MB)
	72344  -  ResidentSetSize of job (KB)
...
000 (221925.000.000) 07/31 07:12:24 Job submitted from host: <131.225.189.232:9618?addrs=131.225.189.232-9618&noUDP&sock=8982_aaf4_3>
...
005 (221370.000.000) 07/31 07:13:08 Job terminated.
	(1) Normal termination (return value 90)
		Usr 0 00:00:01, Sys 0 00:00:19  -  Run Remote Usage
		Usr 0 00:00:00, Sys 0 00:00:00  -  Run Local Usage
		Usr 0 00:00:01, Sys 0 00:00:19  -  Total Remote Usage
		Usr 0 00:00:00, Sys 0 00:00:00  -  Total Local Usage
	25747  -  Run Bytes Sent By Job
	8930  -  Run Bytes Received By Job
	25747  -  Total Bytes Sent By Job
	8930  -  Total Bytes Received By Job
	Partitionable Resources :    Usage  Request Allocated
	   Cpus                 :                 1         1
	   Disk (KB)            :  5927031 10000000  12104716
	   Memory (MB)          :       71     2100      2100
...
001 (221925.000.000) 07/31 07:13:09 Job executing on host: <131.225.206.170:61881?addrs=131.225.206.170-61881>
...
006 (221925.000.000) 07/31 07:13:38 Image size of job updated: 76872
	15  -  MemoryUsage of job (MB)
	15300  -  ResidentSetSize of job (KB)
...
006 (221925.000.000) 07/31 07:16:32 Image size of job updated: 755120
	15  -  MemoryUsage of job (MB)
	15300  -  ResidentSetSize of job (KB)
...
005 (221925.000.000) 07/31 07:16:32 Job terminated.
	(1) Normal termination (return value 65)
		Usr 0 00:00:10, Sys 0 00:00:19  -  Run Remote Usage
		Usr 0 00:00:00, Sys 0 00:00:00  -  Run Local Usage
		Usr 0 00:00:10, Sys 0 00:00:19  -  Total Remote Usage
		Usr 0 00:00:00, Sys 0 00:00:00  -  Total Local Usage
	10928  -  Run Bytes Sent By Job
	8930  -  Run Bytes Received By Job
	10928  -  Total Bytes Sent By Job
	8930  -  Total Bytes Received By Job
	Partitionable Resources :    Usage  Request Allocated
	   Cpus                 :                 1         1
	   Disk (KB)            :    11788 10000000  11734316
	   Memory (MB)          :       15     2100      2100
...
000 (222487.000.000) 07/31 08:32:50 Job submitted from host: <131.225.189.232:9618?addrs=131.225.189.232-9618&noUDP&sock=8982_aaf4_3>
...
001 (222487.000.000) 07/31 08:33:43 Job executing on host: <131.225.206.221:33496?addrs=131.225.206.221-33496>
...
006 (222487.000.000) 07/31 08:33:51 Image size of job updated: 447524
	24  -  MemoryUsage of job (MB)
	23752  -  ResidentSetSize of job (KB)
...
006 (222487.000.000) 07/31 08:34:51 Image size of job updated: 447524
	69  -  MemoryUsage of job (MB)
	70292  -  ResidentSetSize of job (KB)
...
006 (222487.000.000) 07/31 08:37:53 Image size of job updated: 447524
	69  -  MemoryUsage of job (MB)
	70320  -  ResidentSetSize of job (KB)
...
006 (222487.000.000) 07/31 08:38:11 Image size of job updated: 772788
	69  -  MemoryUsage of job (MB)
	70320  -  ResidentSetSize of job (KB)
...
005 (222487.000.000) 07/31 08:38:12 Job terminated.
	(1) Normal termination (return value 65)
		Usr 0 00:00:13, Sys 0 00:00:19  -  Run Remote Usage
		Usr 0 00:00:00, Sys 0 00:00:00  -  Run Local Usage
		Usr 0 00:00:13, Sys 0 00:00:19  -  Total Remote Usage
		Usr 0 00:00:00, Sys 0 00:00:00  -  Total Local Usage
	24320  -  Run Bytes Sent By Job
	8930  -  Run Bytes Received By Job
	24320  -  Total Bytes Sent By Job
	8930  -  Total Bytes Received By Job
	Partitionable Resources :    Usage  Request Allocated
	   Cpus                 :                 1         1
	   Disk (KB)            :  6690734 10000000  11856912
	   Memory (MB)          :       69     2100      2100
...
