000 (220661.000.000) 07/31 06:48:43 Job submitted from host: <131.225.189.232:9618?addrs=131.225.189.232-9618&noUDP&sock=8982_aaf4_3>
...
001 (220661.000.000) 07/31 06:49:05 Job executing on host: <131.225.204.40:55706?addrs=131.225.204.40-55706>
...
006 (220661.000.000) 07/31 06:49:14 Image size of job updated: 447524
	71  -  MemoryUsage of job (MB)
	72468  -  ResidentSetSize of job (KB)
...
005 (220661.000.000) 07/31 06:52:54 Job terminated.
	(1) Normal termination (return value 90)
		Usr 0 00:00:01, Sys 0 00:00:17  -  Run Remote Usage
		Usr 0 00:00:00, Sys 0 00:00:00  -  Run Local Usage
		Usr 0 00:00:01, Sys 0 00:00:17  -  Total Remote Usage
		Usr 0 00:00:00, Sys 0 00:00:00  -  Total Local Usage
	20678  -  Run Bytes Sent By Job
	8930  -  Run Bytes Received By Job
	20678  -  Total Bytes Sent By Job
	8930  -  Total Bytes Received By Job
	Partitionable Resources :    Usage  Request Allocated
	   Cpus                 :                 1         1
	   Disk (KB)            :  5278740 10000000  10231482
	   Memory (MB)          :       71     2100      2100
...
000 (221223.000.000) 07/31 07:07:17 Job submitted from host: <131.225.189.232:9618?addrs=131.225.189.232-9618&noUDP&sock=8982_aaf4_3>
...
001 (221223.000.000) 07/31 07:07:47 Job executing on host: <131.225.207.110:29249?addrs=131.225.207.110-29249>
...
006 (221223.000.000) 07/31 07:07:56 Image size of job updated: 447524
	71  -  MemoryUsage of job (MB)
	72344  -  ResidentSetSize of job (KB)
...
005 (221223.000.000) 07/31 07:11:53 Job terminated.
	(1) Normal termination (return value 90)
		Usr 0 00:00:02, Sys 0 00:00:12  -  Run Remote Usage
		Usr 0 00:00:00, Sys 0 00:00:00  -  Run Local Usage
		Usr 0 00:00:02, Sys 0 00:00:12  -  Total Remote Usage
		Usr 0 00:00:00, Sys 0 00:00:00  -  Total Local Usage
	22960  -  Run Bytes Sent By Job
	8930  -  Run Bytes Received By Job
	22960  -  Total Bytes Sent By Job
	8930  -  Total Bytes Received By Job
	Partitionable Resources :    Usage  Request Allocated
	   Cpus                 :                 1         1
	   Disk (KB)            :  4862067 10000000  10522470
	   Memory (MB)          :       71     2100      2100
...
000 (221778.000.000) 07/31 07:11:58 Job submitted from host: <131.225.189.232:9618?addrs=131.225.189.232-9618&noUDP&sock=8982_aaf4_3>
...
001 (221778.000.000) 07/31 07:12:18 Job executing on host: <131.225.191.145:45271?addrs=131.225.191.145-45271>
...
006 (221778.000.000) 07/31 07:12:27 Image size of job updated: 102476
	3  -  MemoryUsage of job (MB)
	2468  -  ResidentSetSize of job (KB)
...
006 (221778.000.000) 07/31 07:13:28 Image size of job updated: 447524
	71  -  MemoryUsage of job (MB)
	72348  -  ResidentSetSize of job (KB)
...
006 (221778.000.000) 07/31 07:19:00 Image size of job updated: 604744
	71  -  MemoryUsage of job (MB)
	72348  -  ResidentSetSize of job (KB)
...
005 (221778.000.000) 07/31 07:19:01 Job terminated.
	(1) Normal termination (return value 65)
		Usr 0 00:00:08, Sys 0 00:00:20  -  Run Remote Usage
		Usr 0 00:00:00, Sys 0 00:00:00  -  Run Local Usage
		Usr 0 00:00:08, Sys 0 00:00:20  -  Total Remote Usage
		Usr 0 00:00:00, Sys 0 00:00:00  -  Total Local Usage
	30910  -  Run Bytes Sent By Job
	8930  -  Run Bytes Received By Job
	30910  -  Total Bytes Sent By Job
	8930  -  Total Bytes Received By Job
	Partitionable Resources :    Usage  Request Allocated
	   Cpus                 :                 1         1
	   Disk (KB)            :  6177565 10000000  11454308
	   Memory (MB)          :       71     2100      2100
...
000 (222340.000.000) 07/31 08:32:39 Job submitted from host: <131.225.189.232:9618?addrs=131.225.189.232-9618&noUDP&sock=8982_aaf4_3>
...
001 (222340.000.000) 07/31 08:33:12 Job executing on host: <131.225.206.54:56224?addrs=131.225.206.54-56224>
...
006 (222340.000.000) 07/31 08:33:21 Image size of job updated: 447524
	69  -  MemoryUsage of job (MB)
	70284  -  ResidentSetSize of job (KB)
...
006 (222340.000.000) 07/31 08:34:22 Image size of job updated: 447524
	69  -  MemoryUsage of job (MB)
	70404  -  ResidentSetSize of job (KB)
...
006 (222340.000.000) 07/31 08:37:24 Image size of job updated: 493968
	261  -  MemoryUsage of job (MB)
	266636  -  ResidentSetSize of job (KB)
...
005 (222340.000.000) 07/31 08:37:35 Job terminated.
	(1) Normal termination (return value 65)
		Usr 0 00:00:04, Sys 0 00:00:22  -  Run Remote Usage
		Usr 0 00:00:00, Sys 0 00:00:00  -  Run Local Usage
		Usr 0 00:00:04, Sys 0 00:00:22  -  Total Remote Usage
		Usr 0 00:00:00, Sys 0 00:00:00  -  Total Local Usage
	21829  -  Run Bytes Sent By Job
	8930  -  Run Bytes Received By Job
	21829  -  Total Bytes Sent By Job
	8930  -  Total Bytes Received By Job
	Partitionable Resources :    Usage  Request Allocated
	   Cpus                 :                 1         1
	   Disk (KB)            :  6180425 10000000  10390305
	   Memory (MB)          :      261     2100      2100
...
000 (222895.000.000) 07/31 08:49:49 Job submitted from host: <131.225.189.232:9618?addrs=131.225.189.232-9618&noUDP&sock=8982_aaf4_3>
...
001 (222895.000.000) 07/31 08:50:24 Job executing on host: <131.225.207.39:19677?addrs=131.225.207.39-19677>
...
006 (222895.000.000) 07/31 08:50:32 Image size of job updated: 2
	3  -  MemoryUsage of job (MB)
	2420  -  ResidentSetSize of job (KB)
...
006 (222895.000.000) 07/31 08:51:32 Image size of job updated: 447524
	71  -  MemoryUsage of job (MB)
	72348  -  ResidentSetSize of job (KB)
...
005 (222895.000.000) 07/31 08:54:09 Job terminated.
	(1) Normal termination (return value 65)
		Usr 0 00:00:01, Sys 0 00:00:17  -  Run Remote Usage
		Usr 0 00:00:00, Sys 0 00:00:00  -  Run Local Usage
		Usr 0 00:00:01, Sys 0 00:00:17  -  Total Remote Usage
		Usr 0 00:00:00, Sys 0 00:00:00  -  Total Local Usage
	20974  -  Run Bytes Sent By Job
	44439  -  Run Bytes Received By Job
	20974  -  Total Bytes Sent By Job
	44439  -  Total Bytes Received By Job
	Partitionable Resources :    Usage  Request Allocated
	   Cpus                 :                 1         1
	   Disk (KB)            :  5699763 10000000  10447737
	   Memory (MB)          :       71     2100      2100
...
000 (223450.000.000) 07/31 09:06:18 Job submitted from host: <131.225.189.232:9618?addrs=131.225.189.232-9618&noUDP&sock=8982_aaf4_3>
...
