000 (220611.000.000) 07/31 06:48:33 Job submitted from host: <131.225.189.232:9618?addrs=131.225.189.232-9618&noUDP&sock=8982_aaf4_3>
...
001 (220611.000.000) 07/31 06:48:55 Job executing on host: <131.225.207.54:28276?addrs=131.225.207.54-28276>
...
006 (220611.000.000) 07/31 06:49:04 Image size of job updated: 2
	3  -  MemoryUsage of job (MB)
	2420  -  ResidentSetSize of job (KB)
...
006 (220611.000.000) 07/31 06:50:05 Image size of job updated: 447524
	70  -  MemoryUsage of job (MB)
	71352  -  ResidentSetSize of job (KB)
...
005 (220611.000.000) 07/31 06:50:21 Job terminated.
	(1) Normal termination (return value 90)
		Usr 0 00:00:00, Sys 0 00:00:15  -  Run Remote Usage
		Usr 0 00:00:00, Sys 0 00:00:00  -  Run Local Usage
		Usr 0 00:00:00, Sys 0 00:00:15  -  Total Remote Usage
		Usr 0 00:00:00, Sys 0 00:00:00  -  Total Local Usage
	9637  -  Run Bytes Sent By Job
	8930  -  Run Bytes Received By Job
	9637  -  Total Bytes Sent By Job
	8930  -  Total Bytes Received By Job
	Partitionable Resources :    Usage  Request Allocated
	   Cpus                 :                 1         1
	   Disk (KB)            :  5590026 10000000  10235277
	   Memory (MB)          :       70     2100      2100
...
000 (221173.000.000) 07/31 07:07:08 Job submitted from host: <131.225.189.232:9618?addrs=131.225.189.232-9618&noUDP&sock=8982_aaf4_3>
...
001 (221173.000.000) 07/31 07:07:37 Job executing on host: <131.225.206.179:1923?addrs=131.225.206.179-1923>
...
006 (221173.000.000) 07/31 07:07:46 Image size of job updated: 2
	3  -  MemoryUsage of job (MB)
	2424  -  ResidentSetSize of job (KB)
...
006 (221173.000.000) 07/31 07:08:47 Image size of job updated: 447524
	69  -  MemoryUsage of job (MB)
	70324  -  ResidentSetSize of job (KB)
...
005 (221173.000.000) 07/31 07:09:48 Job terminated.
	(1) Normal termination (return value 90)
		Usr 0 00:00:01, Sys 0 00:00:18  -  Run Remote Usage
		Usr 0 00:00:00, Sys 0 00:00:00  -  Run Local Usage
		Usr 0 00:00:01, Sys 0 00:00:18  -  Total Remote Usage
		Usr 0 00:00:00, Sys 0 00:00:00  -  Total Local Usage
	12556  -  Run Bytes Sent By Job
	8930  -  Run Bytes Received By Job
	12556  -  Total Bytes Sent By Job
	8930  -  Total Bytes Received By Job
	Partitionable Resources :    Usage  Request Allocated
	   Cpus                 :                 1         1
	   Disk (KB)            :  3829865 10000000  10361358
	   Memory (MB)          :       69     2100      2100
...
000 (221728.000.000) 07/31 07:11:50 Job submitted from host: <131.225.189.232:9618?addrs=131.225.189.232-9618&noUDP&sock=8982_aaf4_3>
...
001 (221728.000.000) 07/31 07:12:08 Job executing on host: <131.225.191.131:51883?addrs=131.225.191.131-51883>
...
006 (221728.000.000) 07/31 07:12:17 Image size of job updated: 447524
	71  -  MemoryUsage of job (MB)
	72344  -  ResidentSetSize of job (KB)
...
006 (221728.000.000) 07/31 07:14:19 Image size of job updated: 447524
	165  -  MemoryUsage of job (MB)
	168088  -  ResidentSetSize of job (KB)
...
006 (221728.000.000) 07/31 07:15:19 Image size of job updated: 769972
	165  -  MemoryUsage of job (MB)
	168088  -  ResidentSetSize of job (KB)
...
005 (221728.000.000) 07/31 07:15:41 Job terminated.
	(1) Normal termination (return value 65)
		Usr 0 00:00:12, Sys 0 00:00:21  -  Run Remote Usage
		Usr 0 00:00:00, Sys 0 00:00:00  -  Run Local Usage
		Usr 0 00:00:12, Sys 0 00:00:21  -  Total Remote Usage
		Usr 0 00:00:00, Sys 0 00:00:00  -  Total Local Usage
	12443  -  Run Bytes Sent By Job
	8930  -  Run Bytes Received By Job
	12443  -  Total Bytes Sent By Job
	8930  -  Total Bytes Received By Job
	Partitionable Resources :    Usage  Request Allocated
	   Cpus                 :                 1         1
	   Disk (KB)            :  6594039 10000000  11217724
	   Memory (MB)          :      165     2100      2100
...
000 (222290.000.000) 07/31 08:32:35 Job submitted from host: <131.225.189.232:9618?addrs=131.225.189.232-9618&noUDP&sock=8982_aaf4_3>
...
001 (222290.000.000) 07/31 08:33:02 Job executing on host: <131.225.204.69:34261?addrs=131.225.204.69-34261>
...
006 (222290.000.000) 07/31 08:33:10 Image size of job updated: 447524
	71  -  MemoryUsage of job (MB)
	72344  -  ResidentSetSize of job (KB)
...
006 (222290.000.000) 07/31 08:37:12 Image size of job updated: 750508
	464  -  MemoryUsage of job (MB)
	474440  -  ResidentSetSize of job (KB)
...
005 (222290.000.000) 07/31 08:37:15 Job terminated.
	(1) Normal termination (return value 65)
		Usr 0 00:00:11, Sys 0 00:00:19  -  Run Remote Usage
		Usr 0 00:00:00, Sys 0 00:00:00  -  Run Local Usage
		Usr 0 00:00:11, Sys 0 00:00:19  -  Total Remote Usage
		Usr 0 00:00:00, Sys 0 00:00:00  -  Total Local Usage
	20023  -  Run Bytes Sent By Job
	8930  -  Run Bytes Received By Job
	20023  -  Total Bytes Sent By Job
	8930  -  Total Bytes Received By Job
	Partitionable Resources :    Usage  Request Allocated
	   Cpus                 :                 1         1
	   Disk (KB)            :  6596914 10000000  10403748
	   Memory (MB)          :      464     2100      2100
...
