000 (220486.000.000) 07/31 06:48:07 Job submitted from host: <131.225.189.232:9618?addrs=131.225.189.232-9618&noUDP&sock=8982_aaf4_3>
...
001 (220486.000.000) 07/31 06:48:23 Job executing on host: <131.225.204.83:38868?addrs=131.225.204.83-38868>
...
006 (220486.000.000) 07/31 06:48:32 Image size of job updated: 447524
	71  -  MemoryUsage of job (MB)
	72344  -  ResidentSetSize of job (KB)
...
005 (220486.000.000) 07/31 06:51:17 Job terminated.
	(1) Normal termination (return value 90)
		Usr 0 00:00:02, Sys 0 00:00:14  -  Run Remote Usage
		Usr 0 00:00:00, Sys 0 00:00:00  -  Run Local Usage
		Usr 0 00:00:02, Sys 0 00:00:14  -  Total Remote Usage
		Usr 0 00:00:00, Sys 0 00:00:00  -  Total Local Usage
	15947  -  Run Bytes Sent By Job
	8930  -  Run Bytes Received By Job
	15947  -  Total Bytes Sent By Job
	8930  -  Total Bytes Received By Job
	Partitionable Resources :    Usage  Request Allocated
	   Cpus                 :                 1         1
	   Disk (KB)            :  5770255 10000000  10090047
	   Memory (MB)          :       71     2100      2100
...
000 (221048.000.000) 07/31 07:06:46 Job submitted from host: <131.225.189.232:9618?addrs=131.225.189.232-9618&noUDP&sock=8982_aaf4_3>
...
001 (221048.000.000) 07/31 07:07:04 Job executing on host: <131.225.207.95:35935?addrs=131.225.207.95-35935>
...
006 (221048.000.000) 07/31 07:07:12 Image size of job updated: 2
	3  -  MemoryUsage of job (MB)
	2424  -  ResidentSetSize of job (KB)
...
006 (221048.000.000) 07/31 07:08:12 Image size of job updated: 447524
	71  -  MemoryUsage of job (MB)
	72348  -  ResidentSetSize of job (KB)
...
005 (221048.000.000) 07/31 07:08:59 Job terminated.
	(1) Normal termination (return value 90)
		Usr 0 00:00:01, Sys 0 00:00:19  -  Run Remote Usage
		Usr 0 00:00:00, Sys 0 00:00:00  -  Run Local Usage
		Usr 0 00:00:01, Sys 0 00:00:19  -  Total Remote Usage
		Usr 0 00:00:00, Sys 0 00:00:00  -  Total Local Usage
	12036  -  Run Bytes Sent By Job
	8930  -  Run Bytes Received By Job
	12036  -  Total Bytes Sent By Job
	8930  -  Total Bytes Received By Job
	Partitionable Resources :    Usage  Request Allocated
	   Cpus                 :                 1         1
	   Disk (KB)            :  4583529 10000000  12682880
	   Memory (MB)          :       71     2100      2100
...
000 (221603.000.000) 07/31 07:11:28 Job submitted from host: <131.225.189.232:9618?addrs=131.225.189.232-9618&noUDP&sock=8982_aaf4_3>
...
001 (221603.000.000) 07/31 07:11:31 Job executing on host: <131.225.191.74:54794?addrs=131.225.191.74-54794>
...
006 (221603.000.000) 07/31 07:11:39 Image size of job updated: 447524
	69  -  MemoryUsage of job (MB)
	70356  -  ResidentSetSize of job (KB)
...
006 (221603.000.000) 07/31 07:14:35 Image size of job updated: 772016
	69  -  MemoryUsage of job (MB)
	70356  -  ResidentSetSize of job (KB)
...
005 (221603.000.000) 07/31 07:14:36 Job terminated.
	(1) Normal termination (return value 65)
		Usr 0 00:00:16, Sys 0 00:00:22  -  Run Remote Usage
		Usr 0 00:00:00, Sys 0 00:00:00  -  Run Local Usage
		Usr 0 00:00:16, Sys 0 00:00:22  -  Total Remote Usage
		Usr 0 00:00:00, Sys 0 00:00:00  -  Total Local Usage
	15801  -  Run Bytes Sent By Job
	8930  -  Run Bytes Received By Job
	15801  -  Total Bytes Sent By Job
	8930  -  Total Bytes Received By Job
	Partitionable Resources :    Usage  Request Allocated
	   Cpus                 :                 1         1
	   Disk (KB)            :  5729822 10000000  15884084
	   Memory (MB)          :       69     2100      2100
...
000 (222165.000.000) 07/31 08:32:27 Job submitted from host: <131.225.189.232:9618?addrs=131.225.189.232-9618&noUDP&sock=8982_aaf4_3>
...
001 (222165.000.000) 07/31 08:32:37 Job executing on host: <131.225.207.179:14180?addrs=131.225.207.179-14180>
...
006 (222165.000.000) 07/31 08:32:46 Image size of job updated: 2
	3  -  MemoryUsage of job (MB)
	2428  -  ResidentSetSize of job (KB)
...
006 (222165.000.000) 07/31 08:33:47 Image size of job updated: 447524
	71  -  MemoryUsage of job (MB)
	72348  -  ResidentSetSize of job (KB)
...
006 (222165.000.000) 07/31 08:34:47 Image size of job updated: 493968
	261  -  MemoryUsage of job (MB)
	266328  -  ResidentSetSize of job (KB)
...
006 (222165.000.000) 07/31 08:35:04 Image size of job updated: 722868
	261  -  MemoryUsage of job (MB)
	266328  -  ResidentSetSize of job (KB)
...
005 (222165.000.000) 07/31 08:35:05 Job terminated.
	(1) Normal termination (return value 65)
		Usr 0 00:00:09, Sys 0 00:00:18  -  Run Remote Usage
		Usr 0 00:00:00, Sys 0 00:00:00  -  Run Local Usage
		Usr 0 00:00:09, Sys 0 00:00:18  -  Total Remote Usage
		Usr 0 00:00:00, Sys 0 00:00:00  -  Total Local Usage
	9389  -  Run Bytes Sent By Job
	8930  -  Run Bytes Received By Job
	9389  -  Total Bytes Sent By Job
	8930  -  Total Bytes Received By Job
	Partitionable Resources :    Usage  Request Allocated
	   Cpus                 :                 1         1
	   Disk (KB)            :  6265916 10000000  10134219
	   Memory (MB)          :      261     2100      2100
...
