000 (221038.000.000) 07/31 06:50:04 Job submitted from host: <131.225.189.232:9618?addrs=131.225.189.232-9618&noUDP&sock=8982_aaf4_3>
...
001 (221038.000.000) 07/31 06:51:18 Job executing on host: <131.225.204.102:9137?addrs=131.225.204.102-9137>
...
006 (221038.000.000) 07/31 06:51:27 Image size of job updated: 2
	3  -  MemoryUsage of job (MB)
	2420  -  ResidentSetSize of job (KB)
...
006 (221038.000.000) 07/31 06:52:28 Image size of job updated: 447524
	71  -  MemoryUsage of job (MB)
	72468  -  ResidentSetSize of job (KB)
...
005 (221038.000.000) 07/31 06:52:55 Job terminated.
	(1) Normal termination (return value 90)
		Usr 0 00:00:00, Sys 0 00:00:17  -  Run Remote Usage
		Usr 0 00:00:00, Sys 0 00:00:00  -  Run Local Usage
		Usr 0 00:00:00, Sys 0 00:00:17  -  Total Remote Usage
		Usr 0 00:00:00, Sys 0 00:00:00  -  Total Local Usage
	8999  -  Run Bytes Sent By Job
	8930  -  Run Bytes Received By Job
	8999  -  Total Bytes Sent By Job
	8930  -  Total Bytes Received By Job
	Partitionable Resources :    Usage  Request Allocated
	   Cpus                 :                 1         1
	   Disk (KB)            :  4295689 10000000  10509729
	   Memory (MB)          :       71     2100      2100
...
000 (221600.000.000) 07/31 07:08:22 Job submitted from host: <131.225.189.232:9618?addrs=131.225.189.232-9618&noUDP&sock=8982_aaf4_3>
...
001 (221600.000.000) 07/31 07:09:43 Job executing on host: <131.225.191.190:24316?addrs=131.225.191.190-24316>
...
006 (221600.000.000) 07/31 07:09:51 Image size of job updated: 2
	3  -  MemoryUsage of job (MB)
	2420  -  ResidentSetSize of job (KB)
...
006 (221600.000.000) 07/31 07:10:51 Image size of job updated: 447524
	71  -  MemoryUsage of job (MB)
	72348  -  ResidentSetSize of job (KB)
...
005 (221600.000.000) 07/31 07:11:20 Job terminated.
	(1) Normal termination (return value 90)
		Usr 0 00:00:00, Sys 0 00:00:20  -  Run Remote Usage
		Usr 0 00:00:00, Sys 0 00:00:00  -  Run Local Usage
		Usr 0 00:00:00, Sys 0 00:00:20  -  Total Remote Usage
		Usr 0 00:00:00, Sys 0 00:00:00  -  Total Local Usage
	8759  -  Run Bytes Sent By Job
	8930  -  Run Bytes Received By Job
	8759  -  Total Bytes Sent By Job
	8930  -  Total Bytes Received By Job
	Partitionable Resources :    Usage  Request Allocated
	   Cpus                 :                 1         1
	   Disk (KB)            :  4288616 10000000  11723564
	   Memory (MB)          :       71     2100      2100
...
000 (222155.000.000) 07/31 07:13:02 Job submitted from host: <131.225.189.232:9618?addrs=131.225.189.232-9618&noUDP&sock=8982_aaf4_3>
...
001 (222155.000.000) 07/31 07:14:59 Job executing on host: <131.225.190.34:2420?addrs=131.225.190.34-2420>
...
006 (222155.000.000) 07/31 07:15:08 Image size of job updated: 447524
	71  -  MemoryUsage of job (MB)
	72348  -  ResidentSetSize of job (KB)
...
006 (222155.000.000) 07/31 07:16:43 Image size of job updated: 772788
	71  -  MemoryUsage of job (MB)
	72348  -  ResidentSetSize of job (KB)
...
005 (222155.000.000) 07/31 07:16:44 Job terminated.
	(1) Normal termination (return value 65)
		Usr 0 00:00:14, Sys 0 00:00:18  -  Run Remote Usage
		Usr 0 00:00:00, Sys 0 00:00:00  -  Run Local Usage
		Usr 0 00:00:14, Sys 0 00:00:18  -  Total Remote Usage
		Usr 0 00:00:00, Sys 0 00:00:00  -  Total Local Usage
	8879  -  Run Bytes Sent By Job
	8930  -  Run Bytes Received By Job
	8879  -  Total Bytes Sent By Job
	8930  -  Total Bytes Received By Job
	Partitionable Resources :    Usage  Request Allocated
	   Cpus                 :                 1         1
	   Disk (KB)            :  6645530 10000000  15938132
	   Memory (MB)          :       71     2100      2100
...
000 (222717.000.000) 07/31 08:33:06 Job submitted from host: <131.225.189.232:9618?addrs=131.225.189.232-9618&noUDP&sock=8982_aaf4_3>
...
001 (222717.000.000) 07/31 08:35:26 Job executing on host: <131.225.204.46:13066?addrs=131.225.204.46-13066>
...
006 (222717.000.000) 07/31 08:35:35 Image size of job updated: 2
	3  -  MemoryUsage of job (MB)
	2424  -  ResidentSetSize of job (KB)
...
006 (222717.000.000) 07/31 08:36:36 Image size of job updated: 447524
	70  -  MemoryUsage of job (MB)
	71352  -  ResidentSetSize of job (KB)
...
006 (222717.000.000) 07/31 08:38:23 Image size of job updated: 549372
	70  -  MemoryUsage of job (MB)
	71352  -  ResidentSetSize of job (KB)
...
005 (222717.000.000) 07/31 08:38:24 Job terminated.
	(1) Normal termination (return value 65)
		Usr 0 00:00:05, Sys 0 00:00:18  -  Run Remote Usage
		Usr 0 00:00:00, Sys 0 00:00:00  -  Run Local Usage
		Usr 0 00:00:05, Sys 0 00:00:18  -  Total Remote Usage
		Usr 0 00:00:00, Sys 0 00:00:00  -  Total Local Usage
	15559  -  Run Bytes Sent By Job
	8930  -  Run Bytes Received By Job
	15559  -  Total Bytes Sent By Job
	8930  -  Total Bytes Received By Job
	Partitionable Resources :    Usage  Request Allocated
	   Cpus                 :                 1         1
	   Disk (KB)            :  5093712 10000000  10370922
	   Memory (MB)          :       70     2100      2100
...
000 (223272.000.000) 07/31 08:50:08 Job submitted from host: <131.225.189.232:9618?addrs=131.225.189.232-9618&noUDP&sock=8982_aaf4_3>
...
001 (223272.000.000) 07/31 08:52:09 Job executing on host: <131.225.204.77:57293?addrs=131.225.204.77-57293>
...
006 (223272.000.000) 07/31 08:52:18 Image size of job updated: 381924
	22  -  MemoryUsage of job (MB)
	22280  -  ResidentSetSize of job (KB)
...
006 (223272.000.000) 07/31 08:53:20 Image size of job updated: 447524
	71  -  MemoryUsage of job (MB)
	72348  -  ResidentSetSize of job (KB)
...
006 (223272.000.000) 07/31 08:54:20 Image size of job updated: 772784
	476  -  MemoryUsage of job (MB)
	487156  -  ResidentSetSize of job (KB)
...
005 (223272.000.000) 07/31 08:54:25 Job terminated.
	(1) Normal termination (return value 65)
		Usr 0 00:00:11, Sys 0 00:00:18  -  Run Remote Usage
		Usr 0 00:00:00, Sys 0 00:00:00  -  Run Local Usage
		Usr 0 00:00:11, Sys 0 00:00:18  -  Total Remote Usage
		Usr 0 00:00:00, Sys 0 00:00:00  -  Total Local Usage
	9564  -  Run Bytes Sent By Job
	44439  -  Run Bytes Received By Job
	9564  -  Total Bytes Sent By Job
	44439  -  Total Bytes Received By Job
	Partitionable Resources :    Usage  Request Allocated
	   Cpus                 :                 1         1
	   Disk (KB)            :  6648237 10000000  10068570
	   Memory (MB)          :      476     2100      2100
...
000 (223827.000.000) 07/31 09:06:35 Job submitted from host: <131.225.189.232:9618?addrs=131.225.189.232-9618&noUDP&sock=8982_aaf4_3>
...
