000 (220872.000.000) 07/31 06:49:28 Job submitted from host: <131.225.189.232:9618?addrs=131.225.189.232-9618&noUDP&sock=8982_aaf4_3>
...
001 (220872.000.000) 07/31 06:49:49 Job executing on host: <131.225.191.223:52551?addrs=131.225.191.223-52551>
...
006 (220872.000.000) 07/31 06:49:58 Image size of job updated: 447536
	69  -  MemoryUsage of job (MB)
	70280  -  ResidentSetSize of job (KB)
...
006 (220872.000.000) 07/31 06:50:59 Image size of job updated: 447536
	69  -  MemoryUsage of job (MB)
	70408  -  ResidentSetSize of job (KB)
...
005 (220872.000.000) 07/31 06:54:04 Job terminated.
	(1) Normal termination (return value 90)
		Usr 0 00:00:01, Sys 0 00:00:28  -  Run Remote Usage
		Usr 0 00:00:00, Sys 0 00:00:00  -  Run Local Usage
		Usr 0 00:00:01, Sys 0 00:00:28  -  Total Remote Usage
		Usr 0 00:00:00, Sys 0 00:00:00  -  Total Local Usage
	23793  -  Run Bytes Sent By Job
	8930  -  Run Bytes Received By Job
	23793  -  Total Bytes Sent By Job
	8930  -  Total Bytes Received By Job
	Partitionable Resources :    Usage  Request Allocated
	   Cpus                 :                 1         1
	   Disk (KB)            :  6605850 10000000  15355820
	   Memory (MB)          :       69     2100      2100
...
000 (221434.000.000) 07/31 07:07:54 Job submitted from host: <131.225.189.232:9618?addrs=131.225.189.232-9618&noUDP&sock=8982_aaf4_3>
...
001 (221434.000.000) 07/31 07:08:31 Job executing on host: <131.225.205.190:55293?addrs=131.225.205.190-55293>
...
006 (221434.000.000) 07/31 07:08:40 Image size of job updated: 76872
	15  -  MemoryUsage of job (MB)
	15300  -  ResidentSetSize of job (KB)
...
006 (221434.000.000) 07/31 07:09:41 Image size of job updated: 447524
	70  -  MemoryUsage of job (MB)
	71144  -  ResidentSetSize of job (KB)
...
005 (221434.000.000) 07/31 07:09:51 Job terminated.
	(1) Normal termination (return value 90)
		Usr 0 00:00:00, Sys 0 00:00:19  -  Run Remote Usage
		Usr 0 00:00:00, Sys 0 00:00:00  -  Run Local Usage
		Usr 0 00:00:00, Sys 0 00:00:19  -  Total Remote Usage
		Usr 0 00:00:00, Sys 0 00:00:00  -  Total Local Usage
	9110  -  Run Bytes Sent By Job
	8930  -  Run Bytes Received By Job
	9110  -  Total Bytes Sent By Job
	8930  -  Total Bytes Received By Job
	Partitionable Resources :    Usage  Request Allocated
	   Cpus                 :                 1         1
	   Disk (KB)            :  5943401 10000000  17135491
	   Memory (MB)          :       70     2100      2100
...
000 (221989.000.000) 07/31 07:12:34 Job submitted from host: <131.225.189.232:9618?addrs=131.225.189.232-9618&noUDP&sock=8982_aaf4_3>
...
001 (221989.000.000) 07/31 07:13:49 Job executing on host: <131.225.191.152:50893?addrs=131.225.191.152-50893>
...
006 (221989.000.000) 07/31 07:13:58 Image size of job updated: 2
	3  -  MemoryUsage of job (MB)
	2420  -  ResidentSetSize of job (KB)
...
006 (221989.000.000) 07/31 07:14:58 Image size of job updated: 447524
	70  -  MemoryUsage of job (MB)
	71356  -  ResidentSetSize of job (KB)
...
006 (221989.000.000) 07/31 07:19:06 Image size of job updated: 767672
	70  -  MemoryUsage of job (MB)
	71356  -  ResidentSetSize of job (KB)
...
005 (221989.000.000) 07/31 07:19:07 Job terminated.
	(1) Normal termination (return value 65)
		Usr 0 00:00:12, Sys 0 00:00:21  -  Run Remote Usage
		Usr 0 00:00:00, Sys 0 00:00:00  -  Run Local Usage
		Usr 0 00:00:12, Sys 0 00:00:21  -  Total Remote Usage
		Usr 0 00:00:00, Sys 0 00:00:00  -  Total Local Usage
	26826  -  Run Bytes Sent By Job
	8930  -  Run Bytes Received By Job
	26826  -  Total Bytes Sent By Job
	8930  -  Total Bytes Received By Job
	Partitionable Resources :    Usage  Request Allocated
	   Cpus                 :                 1         1
	   Disk (KB)            :  6653446 10000000  11752032
	   Memory (MB)          :       70     2100      2100
...
000 (222551.000.000) 07/31 08:32:54 Job submitted from host: <131.225.189.232:9618?addrs=131.225.189.232-9618&noUDP&sock=8982_aaf4_3>
...
001 (222551.000.000) 07/31 08:33:50 Job executing on host: <131.225.207.168:29999?addrs=131.225.207.168-29999>
...
006 (222551.000.000) 07/31 08:33:58 Image size of job updated: 2
	3  -  MemoryUsage of job (MB)
	2416  -  ResidentSetSize of job (KB)
...
006 (222551.000.000) 07/31 08:34:58 Image size of job updated: 447524
	71  -  MemoryUsage of job (MB)
	72348  -  ResidentSetSize of job (KB)
...
006 (222551.000.000) 07/31 08:35:58 Image size of job updated: 447524
	107  -  MemoryUsage of job (MB)
	109164  -  ResidentSetSize of job (KB)
...
006 (222551.000.000) 07/31 08:36:15 Image size of job updated: 772788
	107  -  MemoryUsage of job (MB)
	109164  -  ResidentSetSize of job (KB)
...
005 (222551.000.000) 07/31 08:36:16 Job terminated.
	(1) Normal termination (return value 65)
		Usr 0 00:00:11, Sys 0 00:00:16  -  Run Remote Usage
		Usr 0 00:00:00, Sys 0 00:00:00  -  Run Local Usage
		Usr 0 00:00:11, Sys 0 00:00:16  -  Total Remote Usage
		Usr 0 00:00:00, Sys 0 00:00:00  -  Total Local Usage
	13299  -  Run Bytes Sent By Job
	8930  -  Run Bytes Received By Job
	13299  -  Total Bytes Sent By Job
	8930  -  Total Bytes Received By Job
	Partitionable Resources :    Usage  Request Allocated
	   Cpus                 :                 1         1
	   Disk (KB)            :  6656300 10000000  10278303
	   Memory (MB)          :      107     2100      2100
...
000 (223106.000.000) 07/31 08:49:58 Job submitted from host: <131.225.189.232:9618?addrs=131.225.189.232-9618&noUDP&sock=8982_aaf4_3>
...
001 (223106.000.000) 07/31 08:51:06 Job executing on host: <131.225.206.55:9544?addrs=131.225.206.55-9544>
...
006 (223106.000.000) 07/31 08:51:15 Image size of job updated: 2
	3  -  MemoryUsage of job (MB)
	2424  -  ResidentSetSize of job (KB)
...
006 (223106.000.000) 07/31 08:52:15 Image size of job updated: 447524
	69  -  MemoryUsage of job (MB)
	70352  -  ResidentSetSize of job (KB)
...
006 (223106.000.000) 07/31 08:53:52 Image size of job updated: 772788
	69  -  MemoryUsage of job (MB)
	70352  -  ResidentSetSize of job (KB)
...
005 (223106.000.000) 07/31 08:53:53 Job terminated.
	(1) Normal termination (return value 65)
		Usr 0 00:00:11, Sys 0 00:00:17  -  Run Remote Usage
		Usr 0 00:00:00, Sys 0 00:00:00  -  Run Local Usage
		Usr 0 00:00:11, Sys 0 00:00:17  -  Total Remote Usage
		Usr 0 00:00:00, Sys 0 00:00:00  -  Total Local Usage
	14699  -  Run Bytes Sent By Job
	44439  -  Run Bytes Received By Job
	14699  -  Total Bytes Sent By Job
	44439  -  Total Bytes Received By Job
	Partitionable Resources :    Usage  Request Allocated
	   Cpus                 :                 1         1
	   Disk (KB)            :  6109358 10000000  10325310
	   Memory (MB)          :       69     2100      2100
...
000 (223661.000.000) 07/31 09:06:27 Job submitted from host: <131.225.189.232:9618?addrs=131.225.189.232-9618&noUDP&sock=8982_aaf4_3>
...
