000 (220828.000.000) 07/31 06:49:19 Job submitted from host: <131.225.189.232:9618?addrs=131.225.189.232-9618&noUDP&sock=8982_aaf4_3>
...
001 (220828.000.000) 07/31 06:49:40 Job executing on host: <131.225.205.180:30887?addrs=131.225.205.180-30887>
...
006 (220828.000.000) 07/31 06:49:49 Image size of job updated: 447524
	71  -  MemoryUsage of job (MB)
	72348  -  ResidentSetSize of job (KB)
...
005 (220828.000.000) 07/31 06:51:51 Job terminated.
	(1) Normal termination (return value 90)
		Usr 0 00:00:00, Sys 0 00:00:17  -  Run Remote Usage
		Usr 0 00:00:00, Sys 0 00:00:00  -  Run Local Usage
		Usr 0 00:00:00, Sys 0 00:00:17  -  Total Remote Usage
		Usr 0 00:00:00, Sys 0 00:00:00  -  Total Local Usage
	12342  -  Run Bytes Sent By Job
	8930  -  Run Bytes Received By Job
	12342  -  Total Bytes Sent By Job
	8930  -  Total Bytes Received By Job
	Partitionable Resources :    Usage  Request Allocated
	   Cpus                 :                 1         1
	   Disk (KB)            :  6649640 10000000  17082696
	   Memory (MB)          :       71     2100      2100
...
000 (221390.000.000) 07/31 07:07:46 Job submitted from host: <131.225.189.232:9618?addrs=131.225.189.232-9618&noUDP&sock=8982_aaf4_3>
...
001 (221390.000.000) 07/31 07:08:21 Job executing on host: <131.225.190.29:47208?addrs=131.225.190.29-47208>
...
006 (221390.000.000) 07/31 07:08:30 Image size of job updated: 2
	3  -  MemoryUsage of job (MB)
	2432  -  ResidentSetSize of job (KB)
...
006 (221390.000.000) 07/31 07:09:31 Image size of job updated: 447524
	69  -  MemoryUsage of job (MB)
	70292  -  ResidentSetSize of job (KB)
...
005 (221390.000.000) 07/31 07:11:07 Job terminated.
	(1) Normal termination (return value 90)
		Usr 0 00:00:03, Sys 0 00:00:29  -  Run Remote Usage
		Usr 0 00:00:00, Sys 0 00:00:00  -  Run Local Usage
		Usr 0 00:00:03, Sys 0 00:00:29  -  Total Remote Usage
		Usr 0 00:00:00, Sys 0 00:00:00  -  Total Local Usage
	16636  -  Run Bytes Sent By Job
	8930  -  Run Bytes Received By Job
	16636  -  Total Bytes Sent By Job
	8930  -  Total Bytes Received By Job
	Partitionable Resources :    Usage  Request Allocated
	   Cpus                 :                 1         1
	   Disk (KB)            :  5451887 10000000  15846680
	   Memory (MB)          :       69     2100      2100
...
000 (221945.000.000) 07/31 07:12:27 Job submitted from host: <131.225.189.232:9618?addrs=131.225.189.232-9618&noUDP&sock=8982_aaf4_3>
...
001 (221945.000.000) 07/31 07:13:21 Job executing on host: <131.225.190.31:64999?addrs=131.225.190.31-64999>
...
006 (221945.000.000) 07/31 07:13:30 Image size of job updated: 276000
	5  -  MemoryUsage of job (MB)
	5056  -  ResidentSetSize of job (KB)
...
006 (221945.000.000) 07/31 07:14:31 Image size of job updated: 447524
	69  -  MemoryUsage of job (MB)
	70296  -  ResidentSetSize of job (KB)
...
006 (221945.000.000) 07/31 07:15:31 Image size of job updated: 447524
	69  -  MemoryUsage of job (MB)
	70324  -  ResidentSetSize of job (KB)
...
006 (221945.000.000) 07/31 07:17:32 Image size of job updated: 447524
	165  -  MemoryUsage of job (MB)
	168020  -  ResidentSetSize of job (KB)
...
006 (221945.000.000) 07/31 07:18:17 Image size of job updated: 772788
	165  -  MemoryUsage of job (MB)
	168020  -  ResidentSetSize of job (KB)
...
005 (221945.000.000) 07/31 07:18:18 Job terminated.
	(1) Normal termination (return value 65)
		Usr 0 00:00:17, Sys 0 00:00:23  -  Run Remote Usage
		Usr 0 00:00:00, Sys 0 00:00:00  -  Run Local Usage
		Usr 0 00:00:17, Sys 0 00:00:23  -  Total Remote Usage
		Usr 0 00:00:00, Sys 0 00:00:00  -  Total Local Usage
	21291  -  Run Bytes Sent By Job
	8930  -  Run Bytes Received By Job
	21291  -  Total Bytes Sent By Job
	8930  -  Total Bytes Received By Job
	Partitionable Resources :    Usage  Request Allocated
	   Cpus                 :                 1         1
	   Disk (KB)            :  6658368 10000000  15143580
	   Memory (MB)          :      165     2100      2100
...
000 (222507.000.000) 07/31 08:32:51 Job submitted from host: <131.225.189.232:9618?addrs=131.225.189.232-9618&noUDP&sock=8982_aaf4_3>
...
001 (222507.000.000) 07/31 08:33:44 Job executing on host: <131.225.191.223:52551?addrs=131.225.191.223-52551>
...
006 (222507.000.000) 07/31 08:33:53 Image size of job updated: 447524
	71  -  MemoryUsage of job (MB)
	72344  -  ResidentSetSize of job (KB)
...
006 (222507.000.000) 07/31 08:35:55 Image size of job updated: 447524
	182  -  MemoryUsage of job (MB)
	186344  -  ResidentSetSize of job (KB)
...
006 (222507.000.000) 07/31 08:36:15 Image size of job updated: 772792
	182  -  MemoryUsage of job (MB)
	186344  -  ResidentSetSize of job (KB)
...
005 (222507.000.000) 07/31 08:36:17 Job terminated.
	(1) Normal termination (return value 65)
		Usr 0 00:00:14, Sys 0 00:00:21  -  Run Remote Usage
		Usr 0 00:00:00, Sys 0 00:00:00  -  Run Local Usage
		Usr 0 00:00:14, Sys 0 00:00:21  -  Total Remote Usage
		Usr 0 00:00:00, Sys 0 00:00:00  -  Total Local Usage
	12856  -  Run Bytes Sent By Job
	8930  -  Run Bytes Received By Job
	12856  -  Total Bytes Sent By Job
	8930  -  Total Bytes Received By Job
	Partitionable Resources :    Usage  Request Allocated
	   Cpus                 :                 1         1
	   Disk (KB)            :  6661226 10000000  15790286
	   Memory (MB)          :      182     2100      2100
...
000 (223062.000.000) 07/31 08:49:56 Job submitted from host: <131.225.189.232:9618?addrs=131.225.189.232-9618&noUDP&sock=8982_aaf4_3>
...
001 (223062.000.000) 07/31 08:50:58 Job executing on host: <131.225.205.153:56309?addrs=131.225.205.153-56309>
...
006 (223062.000.000) 07/31 08:51:07 Image size of job updated: 2
	3  -  MemoryUsage of job (MB)
	2424  -  ResidentSetSize of job (KB)
...
006 (223062.000.000) 07/31 08:52:09 Image size of job updated: 447524
	69  -  MemoryUsage of job (MB)
	70320  -  ResidentSetSize of job (KB)
...
006 (223062.000.000) 07/31 08:54:05 Image size of job updated: 772784
	69  -  MemoryUsage of job (MB)
	70320  -  ResidentSetSize of job (KB)
...
005 (223062.000.000) 07/31 08:54:06 Job terminated.
	(1) Normal termination (return value 65)
		Usr 0 00:00:16, Sys 0 00:00:22  -  Run Remote Usage
		Usr 0 00:00:00, Sys 0 00:00:00  -  Run Local Usage
		Usr 0 00:00:16, Sys 0 00:00:22  -  Total Remote Usage
		Usr 0 00:00:00, Sys 0 00:00:00  -  Total Local Usage
	14687  -  Run Bytes Sent By Job
	44439  -  Run Bytes Received By Job
	14687  -  Total Bytes Sent By Job
	44439  -  Total Bytes Received By Job
	Partitionable Resources :    Usage  Request Allocated
	   Cpus                 :                 1         1
	   Disk (KB)            :  6225519 10000000  17213738
	   Memory (MB)          :       69     2100      2100
...
000 (223617.000.000) 07/31 09:06:25 Job submitted from host: <131.225.189.232:9618?addrs=131.225.189.232-9618&noUDP&sock=8982_aaf4_3>
...
