000 (220967.000.000) 07/31 06:49:48 Job submitted from host: <131.225.189.232:9618?addrs=131.225.189.232-9618&noUDP&sock=8982_aaf4_3>
...
001 (220967.000.000) 07/31 06:50:49 Job executing on host: <131.225.191.69:18084?addrs=131.225.191.69-18084>
...
006 (220967.000.000) 07/31 06:50:58 Image size of job updated: 447524
	71  -  MemoryUsage of job (MB)
	72344  -  ResidentSetSize of job (KB)
...
005 (220967.000.000) 07/31 06:52:25 Job terminated.
	(1) Normal termination (return value 90)
		Usr 0 00:00:02, Sys 0 00:00:26  -  Run Remote Usage
		Usr 0 00:00:00, Sys 0 00:00:00  -  Run Local Usage
		Usr 0 00:00:02, Sys 0 00:00:26  -  Total Remote Usage
		Usr 0 00:00:00, Sys 0 00:00:00  -  Total Local Usage
	8926  -  Run Bytes Sent By Job
	8930  -  Run Bytes Received By Job
	8926  -  Total Bytes Sent By Job
	8930  -  Total Bytes Received By Job
	Partitionable Resources :    Usage  Request Allocated
	   Cpus                 :                 1         1
	   Disk (KB)            :  6261771 10000000  15057382
	   Memory (MB)          :       71     2100      2100
...
000 (221529.000.000) 07/31 07:08:10 Job submitted from host: <131.225.189.232:9618?addrs=131.225.189.232-9618&noUDP&sock=8982_aaf4_3>
...
001 (221529.000.000) 07/31 07:09:01 Job executing on host: <131.225.207.41:50739?addrs=131.225.207.41-50739>
...
006 (221529.000.000) 07/31 07:09:10 Image size of job updated: 2
	3  -  MemoryUsage of job (MB)
	2424  -  ResidentSetSize of job (KB)
...
006 (221529.000.000) 07/31 07:10:11 Image size of job updated: 447524
	71  -  MemoryUsage of job (MB)
	72344  -  ResidentSetSize of job (KB)
...
000 (222084.000.000) 07/31 07:12:50 Job submitted from host: <131.225.189.232:9618?addrs=131.225.189.232-9618&noUDP&sock=8982_aaf4_3>
...
005 (221529.000.000) 07/31 07:13:01 Job terminated.
	(1) Normal termination (return value 90)
		Usr 0 00:00:01, Sys 0 00:00:20  -  Run Remote Usage
		Usr 0 00:00:00, Sys 0 00:00:00  -  Run Local Usage
		Usr 0 00:00:01, Sys 0 00:00:20  -  Total Remote Usage
		Usr 0 00:00:00, Sys 0 00:00:00  -  Total Local Usage
	22904  -  Run Bytes Sent By Job
	8930  -  Run Bytes Received By Job
	22904  -  Total Bytes Sent By Job
	8930  -  Total Bytes Received By Job
	Partitionable Resources :    Usage  Request Allocated
	   Cpus                 :                 1         1
	   Disk (KB)            :  5353587 10000000  10515345
	   Memory (MB)          :       71     2100      2100
...
001 (222084.000.000) 07/31 07:14:24 Job executing on host: <131.225.204.110:49889?addrs=131.225.204.110-49889>
...
006 (222084.000.000) 07/31 07:14:32 Image size of job updated: 447536
	17  -  MemoryUsage of job (MB)
	17052  -  ResidentSetSize of job (KB)
...
006 (222084.000.000) 07/31 07:15:32 Image size of job updated: 447536
	71  -  MemoryUsage of job (MB)
	72348  -  ResidentSetSize of job (KB)
...
006 (222084.000.000) 07/31 07:19:21 Image size of job updated: 574372
	71  -  MemoryUsage of job (MB)
	72348  -  ResidentSetSize of job (KB)
...
005 (222084.000.000) 07/31 07:19:22 Job terminated.
	(1) Normal termination (return value 65)
		Usr 0 00:00:06, Sys 0 00:00:18  -  Run Remote Usage
		Usr 0 00:00:00, Sys 0 00:00:00  -  Run Local Usage
		Usr 0 00:00:06, Sys 0 00:00:18  -  Total Remote Usage
		Usr 0 00:00:00, Sys 0 00:00:00  -  Total Local Usage
	25286  -  Run Bytes Sent By Job
	8930  -  Run Bytes Received By Job
	25286  -  Total Bytes Sent By Job
	8930  -  Total Bytes Received By Job
	Partitionable Resources :    Usage  Request Allocated
	   Cpus                 :                 1         1
	   Disk (KB)            :  5235354 10000000  10453908
	   Memory (MB)          :       71     2100      2100
...
000 (222646.000.000) 07/31 08:33:01 Job submitted from host: <131.225.189.232:9618?addrs=131.225.189.232-9618&noUDP&sock=8982_aaf4_3>
...
001 (222646.000.000) 07/31 08:34:34 Job executing on host: <131.225.191.80:57423?addrs=131.225.191.80-57423>
...
006 (222646.000.000) 07/31 08:35:00 Image size of job updated: 40612
	4  -  MemoryUsage of job (MB)
	3636  -  ResidentSetSize of job (KB)
...
006 (222646.000.000) 07/31 08:37:33 Image size of job updated: 768692
	4  -  MemoryUsage of job (MB)
	3636  -  ResidentSetSize of job (KB)
...
005 (222646.000.000) 07/31 08:37:34 Job terminated.
	(1) Normal termination (return value 65)
		Usr 0 00:00:15, Sys 0 00:00:19  -  Run Remote Usage
		Usr 0 00:00:00, Sys 0 00:00:00  -  Run Local Usage
		Usr 0 00:00:15, Sys 0 00:00:19  -  Total Remote Usage
		Usr 0 00:00:00, Sys 0 00:00:00  -  Total Local Usage
	13557  -  Run Bytes Sent By Job
	8930  -  Run Bytes Received By Job
	13557  -  Total Bytes Sent By Job
	8930  -  Total Bytes Received By Job
	Partitionable Resources :    Usage  Request Allocated
	   Cpus                 :                 1         1
	   Disk (KB)            :     1658 10000000  15908690
	   Memory (MB)          :        4     2100      2100
...
