000 (221028.000.000) 07/31 06:50:02 Job submitted from host: <131.225.189.232:9618?addrs=131.225.189.232-9618&noUDP&sock=8982_aaf4_3>
...
001 (221028.000.000) 07/31 06:51:17 Job executing on host: <131.225.204.33:65431?addrs=131.225.204.33-65431>
...
006 (221028.000.000) 07/31 06:51:25 Image size of job updated: 2
	3  -  MemoryUsage of job (MB)
	2424  -  ResidentSetSize of job (KB)
...
006 (221028.000.000) 07/31 06:52:25 Image size of job updated: 447524
	71  -  MemoryUsage of job (MB)
	72352  -  ResidentSetSize of job (KB)
...
005 (221028.000.000) 07/31 06:55:30 Job terminated.
	(1) Normal termination (return value 90)
		Usr 0 00:00:01, Sys 0 00:00:17  -  Run Remote Usage
		Usr 0 00:00:00, Sys 0 00:00:00  -  Run Local Usage
		Usr 0 00:00:01, Sys 0 00:00:17  -  Total Remote Usage
		Usr 0 00:00:00, Sys 0 00:00:00  -  Total Local Usage
	23476  -  Run Bytes Sent By Job
	8930  -  Run Bytes Received By Job
	23476  -  Total Bytes Sent By Job
	8930  -  Total Bytes Received By Job
	Partitionable Resources :    Usage  Request Allocated
	   Cpus                 :                 1         1
	   Disk (KB)            :  6425625 10000000  10452228
	   Memory (MB)          :       71     2100      2100
...
000 (221590.000.000) 07/31 07:08:21 Job submitted from host: <131.225.189.232:9618?addrs=131.225.189.232-9618&noUDP&sock=8982_aaf4_3>
...
001 (221590.000.000) 07/31 07:09:33 Job executing on host: <131.225.204.83:38868?addrs=131.225.204.83-38868>
...
006 (221590.000.000) 07/31 07:09:42 Image size of job updated: 2
	3  -  MemoryUsage of job (MB)
	2416  -  ResidentSetSize of job (KB)
...
006 (221590.000.000) 07/31 07:10:43 Image size of job updated: 447524
	70  -  MemoryUsage of job (MB)
	71348  -  ResidentSetSize of job (KB)
...
005 (221590.000.000) 07/31 07:11:34 Job terminated.
	(1) Normal termination (return value 90)
		Usr 0 00:00:01, Sys 0 00:00:22  -  Run Remote Usage
		Usr 0 00:00:00, Sys 0 00:00:00  -  Run Local Usage
		Usr 0 00:00:01, Sys 0 00:00:22  -  Total Remote Usage
		Usr 0 00:00:00, Sys 0 00:00:00  -  Total Local Usage
	12392  -  Run Bytes Sent By Job
	8930  -  Run Bytes Received By Job
	12392  -  Total Bytes Sent By Job
	8930  -  Total Bytes Received By Job
	Partitionable Resources :    Usage  Request Allocated
	   Cpus                 :                 1         1
	   Disk (KB)            :  3993705 10000000  10124856
	   Memory (MB)          :       70     2100      2100
...
000 (222145.000.000) 07/31 07:13:00 Job submitted from host: <131.225.189.232:9618?addrs=131.225.189.232-9618&noUDP&sock=8982_aaf4_3>
...
001 (222145.000.000) 07/31 07:14:53 Job executing on host: <131.225.191.151:10822?addrs=131.225.191.151-10822>
...
006 (222145.000.000) 07/31 07:15:13 Image size of job updated: 447524
	71  -  MemoryUsage of job (MB)
	72352  -  ResidentSetSize of job (KB)
...
006 (222145.000.000) 07/31 07:19:26 Image size of job updated: 727216
	442  -  MemoryUsage of job (MB)
	452572  -  ResidentSetSize of job (KB)
...
005 (222145.000.000) 07/31 07:19:29 Job terminated.
	(1) Normal termination (return value 65)
		Usr 0 00:00:10, Sys 0 00:00:20  -  Run Remote Usage
		Usr 0 00:00:00, Sys 0 00:00:00  -  Run Local Usage
		Usr 0 00:00:10, Sys 0 00:00:20  -  Total Remote Usage
		Usr 0 00:00:00, Sys 0 00:00:00  -  Total Local Usage
	23001  -  Run Bytes Sent By Job
	8930  -  Run Bytes Received By Job
	23001  -  Total Bytes Sent By Job
	8930  -  Total Bytes Received By Job
	Partitionable Resources :    Usage  Request Allocated
	   Cpus                 :                 1         1
	   Disk (KB)            :  6593839 10000000  11931120
	   Memory (MB)          :      442     2100      2100
...
