000 (220857.000.000) 07/31 06:49:25 Job submitted from host: <131.225.189.232:9618?addrs=131.225.189.232-9618&noUDP&sock=8982_aaf4_3>
...
001 (220857.000.000) 07/31 06:49:46 Job executing on host: <131.225.190.29:47208?addrs=131.225.190.29-47208>
...
006 (220857.000.000) 07/31 06:49:54 Image size of job updated: 447524
	26  -  MemoryUsage of job (MB)
	26560  -  ResidentSetSize of job (KB)
...
006 (220857.000.000) 07/31 06:50:54 Image size of job updated: 447524
	69  -  MemoryUsage of job (MB)
	70408  -  ResidentSetSize of job (KB)
...
005 (220857.000.000) 07/31 06:53:06 Job terminated.
	(1) Normal termination (return value 90)
		Usr 0 00:00:01, Sys 0 00:00:26  -  Run Remote Usage
		Usr 0 00:00:00, Sys 0 00:00:00  -  Run Local Usage
		Usr 0 00:00:01, Sys 0 00:00:26  -  Total Remote Usage
		Usr 0 00:00:00, Sys 0 00:00:00  -  Total Local Usage
	15925  -  Run Bytes Sent By Job
	8930  -  Run Bytes Received By Job
	15925  -  Total Bytes Sent By Job
	8930  -  Total Bytes Received By Job
	Partitionable Resources :    Usage  Request Allocated
	   Cpus                 :                 1         1
	   Disk (KB)            :  5540880 10000000  15859502
	   Memory (MB)          :       69     2100      2100
...
000 (221419.000.000) 07/31 07:07:51 Job submitted from host: <131.225.189.232:9618?addrs=131.225.189.232-9618&noUDP&sock=8982_aaf4_3>
...
001 (221419.000.000) 07/31 07:08:28 Job executing on host: <131.225.206.200:35523?addrs=131.225.206.200-35523>
...
006 (221419.000.000) 07/31 07:08:37 Image size of job updated: 102472
	3  -  MemoryUsage of job (MB)
	2464  -  ResidentSetSize of job (KB)
...
006 (221419.000.000) 07/31 07:09:38 Image size of job updated: 447524
	70  -  MemoryUsage of job (MB)
	71356  -  ResidentSetSize of job (KB)
...
005 (221419.000.000) 07/31 07:10:09 Job terminated.
	(1) Normal termination (return value 90)
		Usr 0 00:00:00, Sys 0 00:00:16  -  Run Remote Usage
		Usr 0 00:00:00, Sys 0 00:00:00  -  Run Local Usage
		Usr 0 00:00:00, Sys 0 00:00:16  -  Total Remote Usage
		Usr 0 00:00:00, Sys 0 00:00:00  -  Total Local Usage
	9198  -  Run Bytes Sent By Job
	8930  -  Run Bytes Received By Job
	9198  -  Total Bytes Sent By Job
	8930  -  Total Bytes Received By Job
	Partitionable Resources :    Usage  Request Allocated
	   Cpus                 :                 1         1
	   Disk (KB)            :  5992553 10000000  12198072
	   Memory (MB)          :       70     2100      2100
...
000 (221974.000.000) 07/31 07:12:32 Job submitted from host: <131.225.189.232:9618?addrs=131.225.189.232-9618&noUDP&sock=8982_aaf4_3>
...
001 (221974.000.000) 07/31 07:13:40 Job executing on host: <131.225.205.153:56309?addrs=131.225.205.153-56309>
...
006 (221974.000.000) 07/31 07:13:49 Image size of job updated: 447528
	69  -  MemoryUsage of job (MB)
	70360  -  ResidentSetSize of job (KB)
...
006 (221974.000.000) 07/31 07:18:51 Image size of job updated: 772784
	431  -  MemoryUsage of job (MB)
	440968  -  ResidentSetSize of job (KB)
...
005 (221974.000.000) 07/31 07:18:53 Job terminated.
	(1) Normal termination (return value 65)
		Usr 0 00:00:17, Sys 0 00:00:29  -  Run Remote Usage
		Usr 0 00:00:00, Sys 0 00:00:00  -  Run Local Usage
		Usr 0 00:00:17, Sys 0 00:00:29  -  Total Remote Usage
		Usr 0 00:00:00, Sys 0 00:00:00  -  Total Local Usage
	25948  -  Run Bytes Sent By Job
	8930  -  Run Bytes Received By Job
	25948  -  Total Bytes Sent By Job
	8930  -  Total Bytes Received By Job
	Partitionable Resources :    Usage  Request Allocated
	   Cpus                 :                 1         1
	   Disk (KB)            :  6329456 10000000  17131418
	   Memory (MB)          :      431     2100      2100
...
000 (222536.000.000) 07/31 08:32:53 Job submitted from host: <131.225.189.232:9618?addrs=131.225.189.232-9618&noUDP&sock=8982_aaf4_3>
...
001 (222536.000.000) 07/31 08:33:57 Job executing on host: <131.225.205.157:55276?addrs=131.225.205.157-55276>
...
006 (222536.000.000) 07/31 08:34:06 Image size of job updated: 447524
	71  -  MemoryUsage of job (MB)
	72340  -  ResidentSetSize of job (KB)
...
006 (222536.000.000) 07/31 08:37:06 Image size of job updated: 447524
	119  -  MemoryUsage of job (MB)
	121408  -  ResidentSetSize of job (KB)
...
006 (222536.000.000) 07/31 08:37:53 Image size of job updated: 647080
	119  -  MemoryUsage of job (MB)
	121408  -  ResidentSetSize of job (KB)
...
005 (222536.000.000) 07/31 08:37:54 Job terminated.
	(1) Normal termination (return value 65)
		Usr 0 00:00:12, Sys 0 00:00:22  -  Run Remote Usage
		Usr 0 00:00:00, Sys 0 00:00:00  -  Run Local Usage
		Usr 0 00:00:12, Sys 0 00:00:22  -  Total Remote Usage
		Usr 0 00:00:00, Sys 0 00:00:00  -  Total Local Usage
	17295  -  Run Bytes Sent By Job
	8930  -  Run Bytes Received By Job
	17295  -  Total Bytes Sent By Job
	8930  -  Total Bytes Received By Job
	Partitionable Resources :    Usage  Request Allocated
	   Cpus                 :                 1         1
	   Disk (KB)            :  6726503 10000000  17179151
	   Memory (MB)          :      119     2100      2100
...
000 (223091.000.000) 07/31 08:49:58 Job submitted from host: <131.225.189.232:9618?addrs=131.225.189.232-9618&noUDP&sock=8982_aaf4_3>
...
001 (223091.000.000) 07/31 08:51:04 Job executing on host: <131.225.205.152:10112?addrs=131.225.205.152-10112>
...
006 (223091.000.000) 07/31 08:51:12 Image size of job updated: 2
	3  -  MemoryUsage of job (MB)
	2424  -  ResidentSetSize of job (KB)
...
006 (223091.000.000) 07/31 08:52:12 Image size of job updated: 447524
	70  -  MemoryUsage of job (MB)
	71352  -  ResidentSetSize of job (KB)
...
006 (223091.000.000) 07/31 08:53:13 Image size of job updated: 541688
	251  -  MemoryUsage of job (MB)
	256992  -  ResidentSetSize of job (KB)
...
005 (223091.000.000) 07/31 08:53:19 Job terminated.
	(1) Normal termination (return value 65)
		Usr 0 00:00:06, Sys 0 00:00:15  -  Run Remote Usage
		Usr 0 00:00:00, Sys 0 00:00:00  -  Run Local Usage
		Usr 0 00:00:06, Sys 0 00:00:15  -  Total Remote Usage
		Usr 0 00:00:00, Sys 0 00:00:00  -  Total Local Usage
	10370  -  Run Bytes Sent By Job
	44439  -  Run Bytes Received By Job
	10370  -  Total Bytes Sent By Job
	44439  -  Total Bytes Received By Job
	Partitionable Resources :    Usage  Request Allocated
	   Cpus                 :                 1         1
	   Disk (KB)            :  6726334 10000000  17165754
	   Memory (MB)          :      251     2100      2100
...
000 (223646.000.000) 07/31 09:06:26 Job submitted from host: <131.225.189.232:9618?addrs=131.225.189.232-9618&noUDP&sock=8982_aaf4_3>
...
