000 (220615.000.000) 07/31 06:48:34 Job submitted from host: <131.225.189.232:9618?addrs=131.225.189.232-9618&noUDP&sock=8982_aaf4_3>
...
001 (220615.000.000) 07/31 06:48:56 Job executing on host: <131.225.206.208:5672?addrs=131.225.206.208-5672>
...
006 (220615.000.000) 07/31 06:49:05 Image size of job updated: 447524
	71  -  MemoryUsage of job (MB)
	72352  -  ResidentSetSize of job (KB)
...
005 (220615.000.000) 07/31 06:50:50 Job terminated.
	(1) Normal termination (return value 90)
		Usr 0 00:00:00, Sys 0 00:00:09  -  Run Remote Usage
		Usr 0 00:00:00, Sys 0 00:00:00  -  Run Local Usage
		Usr 0 00:00:00, Sys 0 00:00:09  -  Total Remote Usage
		Usr 0 00:00:00, Sys 0 00:00:00  -  Total Local Usage
	11923  -  Run Bytes Sent By Job
	8930  -  Run Bytes Received By Job
	11923  -  Total Bytes Sent By Job
	8930  -  Total Bytes Received By Job
	Partitionable Resources :    Usage  Request Allocated
	   Cpus                 :                 1         1
	   Disk (KB)            :  2116618 10000000  11572864
	   Memory (MB)          :       71     2100      2100
...
000 (221177.000.000) 07/31 07:07:08 Job submitted from host: <131.225.189.232:9618?addrs=131.225.189.232-9618&noUDP&sock=8982_aaf4_3>
...
001 (221177.000.000) 07/31 07:07:39 Job executing on host: <131.225.206.194:9227?addrs=131.225.206.194-9227>
...
006 (221177.000.000) 07/31 07:07:48 Image size of job updated: 2
	3  -  MemoryUsage of job (MB)
	2420  -  ResidentSetSize of job (KB)
...
006 (221177.000.000) 07/31 07:08:35 Image size of job updated: 447524
	3  -  MemoryUsage of job (MB)
	2420  -  ResidentSetSize of job (KB)
...
005 (221177.000.000) 07/31 07:08:35 Job terminated.
	(1) Normal termination (return value 90)
		Usr 0 00:00:00, Sys 0 00:00:06  -  Run Remote Usage
		Usr 0 00:00:00, Sys 0 00:00:00  -  Run Local Usage
		Usr 0 00:00:00, Sys 0 00:00:06  -  Total Remote Usage
		Usr 0 00:00:00, Sys 0 00:00:00  -  Total Local Usage
	7077  -  Run Bytes Sent By Job
	8930  -  Run Bytes Received By Job
	7077  -  Total Bytes Sent By Job
	8930  -  Total Bytes Received By Job
	Partitionable Resources :    Usage  Request Allocated
	   Cpus                 :                 1         1
	   Disk (KB)            :   503908 10000000  11912600
	   Memory (MB)          :        3     2100      2100
...
000 (221732.000.000) 07/31 07:11:51 Job submitted from host: <131.225.189.232:9618?addrs=131.225.189.232-9618&noUDP&sock=8982_aaf4_3>
...
001 (221732.000.000) 07/31 07:12:09 Job executing on host: <131.225.206.207:65385?addrs=131.225.206.207-65385>
...
006 (221732.000.000) 07/31 07:12:18 Image size of job updated: 2
	3  -  MemoryUsage of job (MB)
	2424  -  ResidentSetSize of job (KB)
...
006 (221732.000.000) 07/31 07:13:19 Image size of job updated: 447524
	3  -  MemoryUsage of job (MB)
	2756  -  ResidentSetSize of job (KB)
...
006 (221732.000.000) 07/31 07:13:32 Image size of job updated: 625068
	3  -  MemoryUsage of job (MB)
	2756  -  ResidentSetSize of job (KB)
...
005 (221732.000.000) 07/31 07:13:32 Job terminated.
	(1) Normal termination (return value 65)
		Usr 0 00:00:07, Sys 0 00:00:08  -  Run Remote Usage
		Usr 0 00:00:00, Sys 0 00:00:00  -  Run Local Usage
		Usr 0 00:00:07, Sys 0 00:00:08  -  Total Remote Usage
		Usr 0 00:00:00, Sys 0 00:00:00  -  Total Local Usage
	6922  -  Run Bytes Sent By Job
	8930  -  Run Bytes Received By Job
	6922  -  Total Bytes Sent By Job
	8930  -  Total Bytes Received By Job
	Partitionable Resources :    Usage  Request Allocated
	   Cpus                 :                 1         1
	   Disk (KB)            :  3103260 10000000  11676512
	   Memory (MB)          :        3     2100      2100
...
000 (222294.000.000) 07/31 08:32:35 Job submitted from host: <131.225.189.232:9618?addrs=131.225.189.232-9618&noUDP&sock=8982_aaf4_3>
...
001 (222294.000.000) 07/31 08:33:03 Job executing on host: <131.225.206.229:10955?addrs=131.225.206.229-10955>
...
006 (222294.000.000) 07/31 08:33:12 Image size of job updated: 447524
	71  -  MemoryUsage of job (MB)
	72344  -  ResidentSetSize of job (KB)
...
006 (222294.000.000) 07/31 08:34:51 Image size of job updated: 542200
	71  -  MemoryUsage of job (MB)
	72344  -  ResidentSetSize of job (KB)
...
005 (222294.000.000) 07/31 08:34:52 Job terminated.
	(1) Normal termination (return value 65)
		Usr 0 00:00:05, Sys 0 00:00:08  -  Run Remote Usage
		Usr 0 00:00:00, Sys 0 00:00:00  -  Run Local Usage
		Usr 0 00:00:05, Sys 0 00:00:08  -  Total Remote Usage
		Usr 0 00:00:00, Sys 0 00:00:00  -  Total Local Usage
	10896  -  Run Bytes Sent By Job
	8930  -  Run Bytes Received By Job
	10896  -  Total Bytes Sent By Job
	8930  -  Total Bytes Received By Job
	Partitionable Resources :    Usage  Request Allocated
	   Cpus                 :                 1         1
	   Disk (KB)            :  2636107 10000000  11982720
	   Memory (MB)          :       71     2100      2100
...
000 (222849.000.000) 07/31 08:49:46 Job submitted from host: <131.225.189.232:9618?addrs=131.225.189.232-9618&noUDP&sock=8982_aaf4_3>
...
001 (222849.000.000) 07/31 08:50:15 Job executing on host: <131.225.204.104:14817?addrs=131.225.204.104-14817>
...
006 (222849.000.000) 07/31 08:50:23 Image size of job updated: 2
	3  -  MemoryUsage of job (MB)
	2420  -  ResidentSetSize of job (KB)
...
006 (222849.000.000) 07/31 08:51:23 Image size of job updated: 447524
	71  -  MemoryUsage of job (MB)
	72348  -  ResidentSetSize of job (KB)
...
006 (222849.000.000) 07/31 08:51:46 Image size of job updated: 765364
	71  -  MemoryUsage of job (MB)
	72348  -  ResidentSetSize of job (KB)
...
005 (222849.000.000) 07/31 08:51:46 Job terminated.
	(1) Normal termination (return value 65)
		Usr 0 00:00:12, Sys 0 00:00:07  -  Run Remote Usage
		Usr 0 00:00:00, Sys 0 00:00:00  -  Run Local Usage
		Usr 0 00:00:12, Sys 0 00:00:07  -  Total Remote Usage
		Usr 0 00:00:00, Sys 0 00:00:00  -  Total Local Usage
	7620  -  Run Bytes Sent By Job
	44439  -  Run Bytes Received By Job
	7620  -  Total Bytes Sent By Job
	44439  -  Total Bytes Received By Job
	Partitionable Resources :    Usage  Request Allocated
	   Cpus                 :                 1         1
	   Disk (KB)            :  2930856 10000000  10342569
	   Memory (MB)          :       71     2100      2100
...
000 (223404.000.000) 07/31 09:06:16 Job submitted from host: <131.225.189.232:9618?addrs=131.225.189.232-9618&noUDP&sock=8982_aaf4_3>
...
