000 (220539.000.000) 07/31 06:48:17 Job submitted from host: <131.225.189.232:9618?addrs=131.225.189.232-9618&noUDP&sock=8982_aaf4_3>
...
001 (220539.000.000) 07/31 06:48:33 Job executing on host: <131.225.206.162:10328?addrs=131.225.206.162-10328>
...
006 (220539.000.000) 07/31 06:48:42 Image size of job updated: 447524
	71  -  MemoryUsage of job (MB)
	72344  -  ResidentSetSize of job (KB)
...
005 (220539.000.000) 07/31 06:52:36 Job terminated.
	(1) Normal termination (return value 90)
		Usr 0 00:00:02, Sys 0 00:00:13  -  Run Remote Usage
		Usr 0 00:00:00, Sys 0 00:00:00  -  Run Local Usage
		Usr 0 00:00:02, Sys 0 00:00:13  -  Total Remote Usage
		Usr 0 00:00:00, Sys 0 00:00:00  -  Total Local Usage
	21042  -  Run Bytes Sent By Job
	8930  -  Run Bytes Received By Job
	21042  -  Total Bytes Sent By Job
	8930  -  Total Bytes Received By Job
	Partitionable Resources :    Usage  Request Allocated
	   Cpus                 :                 1         1
	   Disk (KB)            :  5524498 10000000  11701204
	   Memory (MB)          :       71     2100      2100
...
000 (221101.000.000) 07/31 07:06:55 Job submitted from host: <131.225.189.232:9618?addrs=131.225.189.232-9618&noUDP&sock=8982_aaf4_3>
...
001 (221101.000.000) 07/31 07:07:14 Job executing on host: <131.225.206.18:10358?addrs=131.225.206.18-10358>
...
006 (221101.000.000) 07/31 07:07:23 Image size of job updated: 447524
	71  -  MemoryUsage of job (MB)
	72352  -  ResidentSetSize of job (KB)
...
000 (221656.000.000) 07/31 07:11:37 Job submitted from host: <131.225.189.232:9618?addrs=131.225.189.232-9618&noUDP&sock=8982_aaf4_3>
...
001 (221656.000.000) 07/31 07:11:51 Job executing on host: <131.225.207.182:2483?addrs=131.225.207.182-2483>
...
006 (221656.000.000) 07/31 07:12:00 Image size of job updated: 447524
	69  -  MemoryUsage of job (MB)
	70288  -  ResidentSetSize of job (KB)
...
006 (221656.000.000) 07/31 07:13:03 Image size of job updated: 447524
	69  -  MemoryUsage of job (MB)
	70416  -  ResidentSetSize of job (KB)
...
006 (221656.000.000) 07/31 07:14:03 Image size of job updated: 447524
	131  -  MemoryUsage of job (MB)
	133772  -  ResidentSetSize of job (KB)
...
005 (221101.000.000) 07/31 07:14:07 Job terminated.
	(1) Normal termination (return value 90)
		Usr 0 00:00:02, Sys 0 00:00:21  -  Run Remote Usage
		Usr 0 00:00:00, Sys 0 00:00:00  -  Run Local Usage
		Usr 0 00:00:02, Sys 0 00:00:21  -  Total Remote Usage
		Usr 0 00:00:00, Sys 0 00:00:00  -  Total Local Usage
	29560  -  Run Bytes Sent By Job
	8930  -  Run Bytes Received By Job
	29560  -  Total Bytes Sent By Job
	8930  -  Total Bytes Received By Job
	Partitionable Resources :    Usage  Request Allocated
	   Cpus                 :                 1         1
	   Disk (KB)            :  5828731 10000000  10316562
	   Memory (MB)          :       71     2100      2100
...
006 (221656.000.000) 07/31 07:14:51 Image size of job updated: 770228
	131  -  MemoryUsage of job (MB)
	133772  -  ResidentSetSize of job (KB)
...
005 (221656.000.000) 07/31 07:14:52 Job terminated.
	(1) Normal termination (return value 65)
		Usr 0 00:00:12, Sys 0 00:00:18  -  Run Remote Usage
		Usr 0 00:00:00, Sys 0 00:00:00  -  Run Local Usage
		Usr 0 00:00:12, Sys 0 00:00:18  -  Total Remote Usage
		Usr 0 00:00:00, Sys 0 00:00:00  -  Total Local Usage
	12411  -  Run Bytes Sent By Job
	8930  -  Run Bytes Received By Job
	12411  -  Total Bytes Sent By Job
	8930  -  Total Bytes Received By Job
	Partitionable Resources :    Usage  Request Allocated
	   Cpus                 :                 1         1
	   Disk (KB)            :  6386635 10000000  10325841
	   Memory (MB)          :      131     2100      2100
...
000 (222218.000.000) 07/31 08:32:30 Job submitted from host: <131.225.189.232:9618?addrs=131.225.189.232-9618&noUDP&sock=8982_aaf4_3>
...
001 (222218.000.000) 07/31 08:32:47 Job executing on host: <131.225.206.129:8155?addrs=131.225.206.129-8155>
...
006 (222218.000.000) 07/31 08:32:56 Image size of job updated: 447524
	69  -  MemoryUsage of job (MB)
	70284  -  ResidentSetSize of job (KB)
...
006 (222218.000.000) 07/31 08:33:57 Image size of job updated: 447524
	69  -  MemoryUsage of job (MB)
	70404  -  ResidentSetSize of job (KB)
...
005 (222218.000.000) 07/31 08:36:25 Job terminated.
	(1) Normal termination (return value 65)
		Usr 0 00:00:02, Sys 0 00:00:19  -  Run Remote Usage
		Usr 0 00:00:00, Sys 0 00:00:00  -  Run Local Usage
		Usr 0 00:00:02, Sys 0 00:00:19  -  Total Remote Usage
		Usr 0 00:00:00, Sys 0 00:00:00  -  Total Local Usage
	19555  -  Run Bytes Sent By Job
	8930  -  Run Bytes Received By Job
	19555  -  Total Bytes Sent By Job
	8930  -  Total Bytes Received By Job
	Partitionable Resources :    Usage  Request Allocated
	   Cpus                 :                 1         1
	   Disk (KB)            :  6240597 10000000  10448712
	   Memory (MB)          :       69     2100      2100
...
000 (222773.000.000) 07/31 08:49:41 Job submitted from host: <131.225.189.232:9618?addrs=131.225.189.232-9618&noUDP&sock=8982_aaf4_3>
...
001 (222773.000.000) 07/31 08:49:59 Job executing on host: <131.225.206.180:5016?addrs=131.225.206.180-5016>
...
006 (222773.000.000) 07/31 08:50:07 Image size of job updated: 447524
	71  -  MemoryUsage of job (MB)
	72348  -  ResidentSetSize of job (KB)
...
006 (222773.000.000) 07/31 08:55:15 Image size of job updated: 447524
	165  -  MemoryUsage of job (MB)
	168904  -  ResidentSetSize of job (KB)
...
005 (222773.000.000) 07/31 08:55:19 Job terminated.
	(1) Normal termination (return value 65)
		Usr 0 00:00:02, Sys 0 00:00:20  -  Run Remote Usage
		Usr 0 00:00:00, Sys 0 00:00:00  -  Run Local Usage
		Usr 0 00:00:02, Sys 0 00:00:20  -  Total Remote Usage
		Usr 0 00:00:00, Sys 0 00:00:00  -  Total Local Usage
	25602  -  Run Bytes Sent By Job
	44439  -  Run Bytes Received By Job
	25602  -  Total Bytes Sent By Job
	44439  -  Total Bytes Received By Job
	Partitionable Resources :    Usage  Request Allocated
	   Cpus                 :                 1         1
	   Disk (KB)            :  6389354 10000000  10240716
	   Memory (MB)          :      165     2100      2100
...
000 (223328.000.000) 07/31 09:06:11 Job submitted from host: <131.225.189.232:9618?addrs=131.225.189.232-9618&noUDP&sock=8982_aaf4_3>
...
