000 (220977.000.000) 07/31 06:49:50 Job submitted from host: <131.225.189.232:9618?addrs=131.225.189.232-9618&noUDP&sock=8982_aaf4_3>
...
001 (220977.000.000) 07/31 06:50:55 Job executing on host: <131.225.191.77:32337?addrs=131.225.191.77-32337>
...
006 (220977.000.000) 07/31 06:51:03 Image size of job updated: 447524
	23  -  MemoryUsage of job (MB)
	22916  -  ResidentSetSize of job (KB)
...
006 (220977.000.000) 07/31 06:52:03 Image size of job updated: 447524
	70  -  MemoryUsage of job (MB)
	71360  -  ResidentSetSize of job (KB)
...
005 (220977.000.000) 07/31 06:52:43 Job terminated.
	(1) Normal termination (return value 90)
		Usr 0 00:00:00, Sys 0 00:00:17  -  Run Remote Usage
		Usr 0 00:00:00, Sys 0 00:00:00  -  Run Local Usage
		Usr 0 00:00:00, Sys 0 00:00:17  -  Total Remote Usage
		Usr 0 00:00:00, Sys 0 00:00:00  -  Total Local Usage
	8578  -  Run Bytes Sent By Job
	8930  -  Run Bytes Received By Job
	8578  -  Total Bytes Sent By Job
	8930  -  Total Bytes Received By Job
	Partitionable Resources :    Usage  Request Allocated
	   Cpus                 :                 1         1
	   Disk (KB)            :  6343691 10000000  14919796
	   Memory (MB)          :       70     2100      2100
...
000 (221539.000.000) 07/31 07:08:12 Job submitted from host: <131.225.189.232:9618?addrs=131.225.189.232-9618&noUDP&sock=8982_aaf4_3>
...
001 (221539.000.000) 07/31 07:09:15 Job executing on host: <131.225.207.54:28276?addrs=131.225.207.54-28276>
...
006 (221539.000.000) 07/31 07:09:23 Image size of job updated: 2
	3  -  MemoryUsage of job (MB)
	2424  -  ResidentSetSize of job (KB)
...
006 (221539.000.000) 07/31 07:10:23 Image size of job updated: 447524
	70  -  MemoryUsage of job (MB)
	71356  -  ResidentSetSize of job (KB)
...
000 (222094.000.000) 07/31 07:12:52 Job submitted from host: <131.225.189.232:9618?addrs=131.225.189.232-9618&noUDP&sock=8982_aaf4_3>
...
005 (221539.000.000) 07/31 07:13:30 Job terminated.
	(1) Normal termination (return value 90)
		Usr 0 00:00:02, Sys 0 00:00:15  -  Run Remote Usage
		Usr 0 00:00:00, Sys 0 00:00:00  -  Run Local Usage
		Usr 0 00:00:02, Sys 0 00:00:15  -  Total Remote Usage
		Usr 0 00:00:00, Sys 0 00:00:00  -  Total Local Usage
	22737  -  Run Bytes Sent By Job
	8930  -  Run Bytes Received By Job
	22737  -  Total Bytes Sent By Job
	8930  -  Total Bytes Received By Job
	Partitionable Resources :    Usage  Request Allocated
	   Cpus                 :                 1         1
	   Disk (KB)            :  6582391 10000000  10229166
	   Memory (MB)          :       70     2100      2100
...
001 (222094.000.000) 07/31 07:14:28 Job executing on host: <131.225.191.75:41644?addrs=131.225.191.75-41644>
...
006 (222094.000.000) 07/31 07:14:37 Image size of job updated: 447524
	70  -  MemoryUsage of job (MB)
	71356  -  ResidentSetSize of job (KB)
...
006 (222094.000.000) 07/31 07:16:27 Image size of job updated: 778928
	70  -  MemoryUsage of job (MB)
	71356  -  ResidentSetSize of job (KB)
...
005 (222094.000.000) 07/31 07:16:28 Job terminated.
	(1) Normal termination (return value 65)
		Usr 0 00:00:17, Sys 0 00:00:20  -  Run Remote Usage
		Usr 0 00:00:00, Sys 0 00:00:00  -  Run Local Usage
		Usr 0 00:00:17, Sys 0 00:00:20  -  Total Remote Usage
		Usr 0 00:00:00, Sys 0 00:00:00  -  Total Local Usage
	9682  -  Run Bytes Sent By Job
	8930  -  Run Bytes Received By Job
	9682  -  Total Bytes Sent By Job
	8930  -  Total Bytes Received By Job
	Partitionable Resources :    Usage  Request Allocated
	   Cpus                 :                 1         1
	   Disk (KB)            :  6106649 10000000  15762254
	   Memory (MB)          :       70     2100      2100
...
000 (222656.000.000) 07/31 08:33:02 Job submitted from host: <131.225.189.232:9618?addrs=131.225.189.232-9618&noUDP&sock=8982_aaf4_3>
...
001 (222656.000.000) 07/31 08:34:50 Job executing on host: <131.225.190.29:47208?addrs=131.225.190.29-47208>
...
006 (222656.000.000) 07/31 08:34:58 Image size of job updated: 102480
	3  -  MemoryUsage of job (MB)
	2472  -  ResidentSetSize of job (KB)
...
006 (222656.000.000) 07/31 08:35:58 Image size of job updated: 447524
	70  -  MemoryUsage of job (MB)
	71356  -  ResidentSetSize of job (KB)
...
006 (222656.000.000) 07/31 08:36:56 Image size of job updated: 772020
	70  -  MemoryUsage of job (MB)
	71356  -  ResidentSetSize of job (KB)
...
005 (222656.000.000) 07/31 08:36:57 Job terminated.
	(1) Normal termination (return value 65)
		Usr 0 00:00:14, Sys 0 00:00:15  -  Run Remote Usage
		Usr 0 00:00:00, Sys 0 00:00:00  -  Run Local Usage
		Usr 0 00:00:14, Sys 0 00:00:15  -  Total Remote Usage
		Usr 0 00:00:00, Sys 0 00:00:00  -  Total Local Usage
	10719  -  Run Bytes Sent By Job
	8930  -  Run Bytes Received By Job
	10719  -  Total Bytes Sent By Job
	8930  -  Total Bytes Received By Job
	Partitionable Resources :    Usage  Request Allocated
	   Cpus                 :                 1         1
	   Disk (KB)            :  4798796 10000000  15849392
	   Memory (MB)          :       70     2100      2100
...
