000 (220577.000.000) 07/31 06:48:26 Job submitted from host: <131.225.189.232:9618?addrs=131.225.189.232-9618&noUDP&sock=8982_aaf4_3>
...
001 (220577.000.000) 07/31 06:48:48 Job executing on host: <131.225.206.222:59732?addrs=131.225.206.222-59732>
...
006 (220577.000.000) 07/31 06:48:57 Image size of job updated: 447524
	69  -  MemoryUsage of job (MB)
	70320  -  ResidentSetSize of job (KB)
...
006 (220577.000.000) 07/31 06:49:58 Image size of job updated: 447524
	69  -  MemoryUsage of job (MB)
	70416  -  ResidentSetSize of job (KB)
...
005 (220577.000.000) 07/31 06:50:53 Job terminated.
	(1) Normal termination (return value 90)
		Usr 0 00:00:01, Sys 0 00:00:16  -  Run Remote Usage
		Usr 0 00:00:00, Sys 0 00:00:00  -  Run Local Usage
		Usr 0 00:00:01, Sys 0 00:00:16  -  Total Remote Usage
		Usr 0 00:00:00, Sys 0 00:00:00  -  Total Local Usage
	10612  -  Run Bytes Sent By Job
	8930  -  Run Bytes Received By Job
	10612  -  Total Bytes Sent By Job
	8930  -  Total Bytes Received By Job
	Partitionable Resources :    Usage  Request Allocated
	   Cpus                 :                 1         1
	   Disk (KB)            :  4361226 10000000  11911552
	   Memory (MB)          :       69     2100      2100
...
000 (221139.000.000) 07/31 07:07:01 Job submitted from host: <131.225.189.232:9618?addrs=131.225.189.232-9618&noUDP&sock=8982_aaf4_3>
...
001 (221139.000.000) 07/31 07:07:20 Job executing on host: <131.225.206.129:8155?addrs=131.225.206.129-8155>
...
006 (221139.000.000) 07/31 07:07:29 Image size of job updated: 2
	3  -  MemoryUsage of job (MB)
	2424  -  ResidentSetSize of job (KB)
...
006 (221139.000.000) 07/31 07:08:30 Image size of job updated: 447524
	69  -  MemoryUsage of job (MB)
	70408  -  ResidentSetSize of job (KB)
...
005 (221139.000.000) 07/31 07:10:37 Job terminated.
	(1) Normal termination (return value 90)
		Usr 0 00:00:01, Sys 0 00:00:19  -  Run Remote Usage
		Usr 0 00:00:00, Sys 0 00:00:00  -  Run Local Usage
		Usr 0 00:00:01, Sys 0 00:00:19  -  Total Remote Usage
		Usr 0 00:00:00, Sys 0 00:00:00  -  Total Local Usage
	17607  -  Run Bytes Sent By Job
	8930  -  Run Bytes Received By Job
	17607  -  Total Bytes Sent By Job
	8930  -  Total Bytes Received By Job
	Partitionable Resources :    Usage  Request Allocated
	   Cpus                 :                 1         1
	   Disk (KB)            :  6254706 10000000  10482027
	   Memory (MB)          :       69     2100      2100
...
000 (221694.000.000) 07/31 07:11:44 Job submitted from host: <131.225.189.232:9618?addrs=131.225.189.232-9618&noUDP&sock=8982_aaf4_3>
...
001 (221694.000.000) 07/31 07:12:00 Job executing on host: <131.225.191.253:34683?addrs=131.225.191.253-34683>
...
006 (221694.000.000) 07/31 07:12:09 Image size of job updated: 2
	3  -  MemoryUsage of job (MB)
	2432  -  ResidentSetSize of job (KB)
...
006 (221694.000.000) 07/31 07:13:09 Image size of job updated: 447524
	69  -  MemoryUsage of job (MB)
	70404  -  ResidentSetSize of job (KB)
...
006 (221694.000.000) 07/31 07:16:11 Image size of job updated: 486528
	200  -  MemoryUsage of job (MB)
	203880  -  ResidentSetSize of job (KB)
...
006 (221694.000.000) 07/31 07:17:11 Image size of job updated: 770228
	200  -  MemoryUsage of job (MB)
	203880  -  ResidentSetSize of job (KB)
...
005 (221694.000.000) 07/31 07:17:12 Job terminated.
	(1) Normal termination (return value 65)
		Usr 0 00:00:16, Sys 0 00:00:29  -  Run Remote Usage
		Usr 0 00:00:00, Sys 0 00:00:00  -  Run Local Usage
		Usr 0 00:00:16, Sys 0 00:00:29  -  Total Remote Usage
		Usr 0 00:00:00, Sys 0 00:00:00  -  Total Local Usage
	17112  -  Run Bytes Sent By Job
	8930  -  Run Bytes Received By Job
	17112  -  Total Bytes Sent By Job
	8930  -  Total Bytes Received By Job
	Partitionable Resources :    Usage  Request Allocated
	   Cpus                 :                 1         1
	   Disk (KB)            :  6344673 10000000  14989622
	   Memory (MB)          :      200     2100      2100
...
000 (222256.000.000) 07/31 08:32:33 Job submitted from host: <131.225.189.232:9618?addrs=131.225.189.232-9618&noUDP&sock=8982_aaf4_3>
...
001 (222256.000.000) 07/31 08:32:55 Job executing on host: <131.225.206.179:1923?addrs=131.225.206.179-1923>
...
006 (222256.000.000) 07/31 08:33:03 Image size of job updated: 2
	3  -  MemoryUsage of job (MB)
	2424  -  ResidentSetSize of job (KB)
...
006 (222256.000.000) 07/31 08:34:03 Image size of job updated: 447524
	70  -  MemoryUsage of job (MB)
	71352  -  ResidentSetSize of job (KB)
...
006 (222256.000.000) 07/31 08:37:01 Image size of job updated: 493964
	70  -  MemoryUsage of job (MB)
	71352  -  ResidentSetSize of job (KB)
...
005 (222256.000.000) 07/31 08:37:02 Job terminated.
	(1) Normal termination (return value 65)
		Usr 0 00:00:05, Sys 0 00:00:24  -  Run Remote Usage
		Usr 0 00:00:00, Sys 0 00:00:00  -  Run Local Usage
		Usr 0 00:00:05, Sys 0 00:00:24  -  Total Remote Usage
		Usr 0 00:00:00, Sys 0 00:00:00  -  Total Local Usage
	22502  -  Run Bytes Sent By Job
	8930  -  Run Bytes Received By Job
	22502  -  Total Bytes Sent By Job
	8930  -  Total Bytes Received By Job
	Partitionable Resources :    Usage  Request Allocated
	   Cpus                 :                 1         1
	   Disk (KB)            :  5421398 10000000  10302987
	   Memory (MB)          :       70     2100      2100
...
