000 (220966.000.000) 07/31 06:49:47 Job submitted from host: <131.225.189.232:9618?addrs=131.225.189.232-9618&noUDP&sock=8982_aaf4_3>
...
001 (220966.000.000) 07/31 06:50:48 Job executing on host: <131.225.204.81:28867?addrs=131.225.204.81-28867>
...
006 (220966.000.000) 07/31 06:50:56 Image size of job updated: 2
	3  -  MemoryUsage of job (MB)
	2424  -  ResidentSetSize of job (KB)
...
006 (220966.000.000) 07/31 06:51:56 Image size of job updated: 447524
	70  -  MemoryUsage of job (MB)
	71356  -  ResidentSetSize of job (KB)
...
005 (220966.000.000) 07/31 06:53:53 Job terminated.
	(1) Normal termination (return value 90)
		Usr 0 00:00:01, Sys 0 00:00:20  -  Run Remote Usage
		Usr 0 00:00:00, Sys 0 00:00:00  -  Run Local Usage
		Usr 0 00:00:01, Sys 0 00:00:20  -  Total Remote Usage
		Usr 0 00:00:00, Sys 0 00:00:00  -  Total Local Usage
	18193  -  Run Bytes Sent By Job
	8930  -  Run Bytes Received By Job
	18193  -  Total Bytes Sent By Job
	8930  -  Total Bytes Received By Job
	Partitionable Resources :    Usage  Request Allocated
	   Cpus                 :                 1         1
	   Disk (KB)            :  3492879 10000000  10434633
	   Memory (MB)          :       70     2100      2100
...
000 (221528.000.000) 07/31 07:08:10 Job submitted from host: <131.225.189.232:9618?addrs=131.225.189.232-9618&noUDP&sock=8982_aaf4_3>
...
001 (221528.000.000) 07/31 07:09:03 Job executing on host: <131.225.207.95:35935?addrs=131.225.207.95-35935>
...
006 (221528.000.000) 07/31 07:09:11 Image size of job updated: 2
	3  -  MemoryUsage of job (MB)
	2420  -  ResidentSetSize of job (KB)
...
006 (221528.000.000) 07/31 07:10:11 Image size of job updated: 447524
	71  -  MemoryUsage of job (MB)
	72348  -  ResidentSetSize of job (KB)
...
000 (222083.000.000) 07/31 07:12:50 Job submitted from host: <131.225.189.232:9618?addrs=131.225.189.232-9618&noUDP&sock=8982_aaf4_3>
...
001 (222083.000.000) 07/31 07:14:23 Job executing on host: <131.225.207.49:46758?addrs=131.225.207.49-46758>
...
006 (222083.000.000) 07/31 07:14:32 Image size of job updated: 2
	3  -  MemoryUsage of job (MB)
	2428  -  ResidentSetSize of job (KB)
...
006 (222083.000.000) 07/31 07:15:33 Image size of job updated: 447524
	71  -  MemoryUsage of job (MB)
	72344  -  ResidentSetSize of job (KB)
...
005 (221528.000.000) 07/31 07:15:57 Job terminated.
	(1) Normal termination (return value 90)
		Usr 0 00:00:02, Sys 0 00:00:24  -  Run Remote Usage
		Usr 0 00:00:00, Sys 0 00:00:00  -  Run Local Usage
		Usr 0 00:00:02, Sys 0 00:00:24  -  Total Remote Usage
		Usr 0 00:00:00, Sys 0 00:00:00  -  Total Local Usage
	30786  -  Run Bytes Sent By Job
	8930  -  Run Bytes Received By Job
	30786  -  Total Bytes Sent By Job
	8930  -  Total Bytes Received By Job
	Partitionable Resources :    Usage  Request Allocated
	   Cpus                 :                 1         1
	   Disk (KB)            :  6070597 10000000  12682880
	   Memory (MB)          :       71     2100      2100
...
006 (222083.000.000) 07/31 07:16:34 Image size of job updated: 626336
	352  -  MemoryUsage of job (MB)
	359504  -  ResidentSetSize of job (KB)
...
005 (222083.000.000) 07/31 07:16:44 Job terminated.
	(1) Normal termination (return value 65)
		Usr 0 00:00:07, Sys 0 00:00:20  -  Run Remote Usage
		Usr 0 00:00:00, Sys 0 00:00:00  -  Run Local Usage
		Usr 0 00:00:07, Sys 0 00:00:20  -  Total Remote Usage
		Usr 0 00:00:00, Sys 0 00:00:00  -  Total Local Usage
	12244  -  Run Bytes Sent By Job
	8930  -  Run Bytes Received By Job
	12244  -  Total Bytes Sent By Job
	8930  -  Total Bytes Received By Job
	Partitionable Resources :    Usage  Request Allocated
	   Cpus                 :                 1         1
	   Disk (KB)            :  6660460 10000000  10456617
	   Memory (MB)          :      352     2100      2100
...
000 (222645.000.000) 07/31 08:33:01 Job submitted from host: <131.225.189.232:9618?addrs=131.225.189.232-9618&noUDP&sock=8982_aaf4_3>
...
001 (222645.000.000) 07/31 08:34:33 Job executing on host: <131.225.205.176:16183?addrs=131.225.205.176-16183>
...
006 (222645.000.000) 07/31 08:34:50 Image size of job updated: 68424
	8  -  MemoryUsage of job (MB)
	7244  -  ResidentSetSize of job (KB)
...
006 (222645.000.000) 07/31 08:36:01 Image size of job updated: 447524
	69  -  MemoryUsage of job (MB)
	70444  -  ResidentSetSize of job (KB)
...
006 (222645.000.000) 07/31 08:36:59 Image size of job updated: 772784
	481  -  MemoryUsage of job (MB)
	492304  -  ResidentSetSize of job (KB)
...
005 (222645.000.000) 07/31 08:37:26 Job terminated.
	(1) Normal termination (return value 65)
		Usr 0 00:00:15, Sys 0 00:00:15  -  Run Remote Usage
		Usr 0 00:00:00, Sys 0 00:00:00  -  Run Local Usage
		Usr 0 00:00:15, Sys 0 00:00:15  -  Total Remote Usage
		Usr 0 00:00:00, Sys 0 00:00:00  -  Total Local Usage
	10618  -  Run Bytes Sent By Job
	8930  -  Run Bytes Received By Job
	10618  -  Total Bytes Sent By Job
	8930  -  Total Bytes Received By Job
	Partitionable Resources :    Usage  Request Allocated
	   Cpus                 :                 1         1
	   Disk (KB)            :  6663327 10000000  17064407
	   Memory (MB)          :      481     2100      2100
...
000 (223200.000.000) 07/31 08:50:04 Job submitted from host: <131.225.189.232:9618?addrs=131.225.189.232-9618&noUDP&sock=8982_aaf4_3>
...
001 (223200.000.000) 07/31 08:51:24 Job executing on host: <131.225.191.74:54794?addrs=131.225.191.74-54794>
...
006 (223200.000.000) 07/31 08:51:33 Image size of job updated: 447524
	71  -  MemoryUsage of job (MB)
	72352  -  ResidentSetSize of job (KB)
...
006 (223200.000.000) 07/31 08:54:35 Image size of job updated: 672680
	389  -  MemoryUsage of job (MB)
	397884  -  ResidentSetSize of job (KB)
...
006 (223200.000.000) 07/31 08:54:40 Image size of job updated: 773808
	389  -  MemoryUsage of job (MB)
	397884  -  ResidentSetSize of job (KB)
...
005 (223200.000.000) 07/31 08:54:41 Job terminated.
	(1) Normal termination (return value 65)
		Usr 0 00:00:18, Sys 0 00:00:23  -  Run Remote Usage
		Usr 0 00:00:00, Sys 0 00:00:00  -  Run Local Usage
		Usr 0 00:00:18, Sys 0 00:00:23  -  Total Remote Usage
		Usr 0 00:00:00, Sys 0 00:00:00  -  Total Local Usage
	17789  -  Run Bytes Sent By Job
	44439  -  Run Bytes Received By Job
	17789  -  Total Bytes Sent By Job
	44439  -  Total Bytes Received By Job
	Partitionable Resources :    Usage  Request Allocated
	   Cpus                 :                 1         1
	   Disk (KB)            :  6663172 10000000  15970328
	   Memory (MB)          :      389     2100      2100
...
000 (223755.000.000) 07/31 09:06:31 Job submitted from host: <131.225.189.232:9618?addrs=131.225.189.232-9618&noUDP&sock=8982_aaf4_3>
...
