000 (220775.000.000) 07/31 06:49:08 Job submitted from host: <131.225.189.232:9618?addrs=131.225.189.232-9618&noUDP&sock=8982_aaf4_3>
...
001 (220775.000.000) 07/31 06:49:30 Job executing on host: <131.225.204.84:7575?addrs=131.225.204.84-7575>
...
006 (220775.000.000) 07/31 06:49:38 Image size of job updated: 447532
	19  -  MemoryUsage of job (MB)
	19096  -  ResidentSetSize of job (KB)
...
006 (220775.000.000) 07/31 06:50:38 Image size of job updated: 447532
	69  -  MemoryUsage of job (MB)
	70400  -  ResidentSetSize of job (KB)
...
006 (220775.000.000) 07/31 06:51:38 Image size of job updated: 447532
	69  -  MemoryUsage of job (MB)
	70408  -  ResidentSetSize of job (KB)
...
005 (220775.000.000) 07/31 06:54:03 Job terminated.
	(1) Normal termination (return value 90)
		Usr 0 00:00:01, Sys 0 00:00:22  -  Run Remote Usage
		Usr 0 00:00:00, Sys 0 00:00:00  -  Run Local Usage
		Usr 0 00:00:01, Sys 0 00:00:22  -  Total Remote Usage
		Usr 0 00:00:00, Sys 0 00:00:00  -  Total Local Usage
	21435  -  Run Bytes Sent By Job
	8930  -  Run Bytes Received By Job
	21435  -  Total Bytes Sent By Job
	8930  -  Total Bytes Received By Job
	Partitionable Resources :    Usage  Request Allocated
	   Cpus                 :                 1         1
	   Disk (KB)            :  5786646 10000000  10538232
	   Memory (MB)          :       69     2100      2100
...
000 (221337.000.000) 07/31 07:07:37 Job submitted from host: <131.225.189.232:9618?addrs=131.225.189.232-9618&noUDP&sock=8982_aaf4_3>
...
001 (221337.000.000) 07/31 07:08:16 Job executing on host: <131.225.206.189:32833?addrs=131.225.206.189-32833>
...
006 (221337.000.000) 07/31 07:08:33 Image size of job updated: 447524
	71  -  MemoryUsage of job (MB)
	72344  -  ResidentSetSize of job (KB)
...
005 (221337.000.000) 07/31 07:10:14 Job terminated.
	(1) Normal termination (return value 90)
		Usr 0 00:00:01, Sys 0 00:00:19  -  Run Remote Usage
		Usr 0 00:00:00, Sys 0 00:00:00  -  Run Local Usage
		Usr 0 00:00:01, Sys 0 00:00:19  -  Total Remote Usage
		Usr 0 00:00:00, Sys 0 00:00:00  -  Total Local Usage
	12187  -  Run Bytes Sent By Job
	8930  -  Run Bytes Received By Job
	12187  -  Total Bytes Sent By Job
	8930  -  Total Bytes Received By Job
	Partitionable Resources :    Usage  Request Allocated
	   Cpus                 :                 1         1
	   Disk (KB)            :  4436075 10000000  11948416
	   Memory (MB)          :       71     2100      2100
...
000 (221892.000.000) 07/31 07:12:18 Job submitted from host: <131.225.189.232:9618?addrs=131.225.189.232-9618&noUDP&sock=8982_aaf4_3>
...
001 (221892.000.000) 07/31 07:12:43 Job executing on host: <131.225.204.61:23766?addrs=131.225.204.61-23766>
...
006 (221892.000.000) 07/31 07:12:52 Image size of job updated: 2
	3  -  MemoryUsage of job (MB)
	2420  -  ResidentSetSize of job (KB)
...
006 (221892.000.000) 07/31 07:13:53 Image size of job updated: 447524
	69  -  MemoryUsage of job (MB)
	70404  -  ResidentSetSize of job (KB)
...
006 (221892.000.000) 07/31 07:16:56 Image size of job updated: 459360
	234  -  MemoryUsage of job (MB)
	239536  -  ResidentSetSize of job (KB)
...
006 (221892.000.000) 07/31 07:17:56 Image size of job updated: 739252
	234  -  MemoryUsage of job (MB)
	239536  -  ResidentSetSize of job (KB)
...
005 (221892.000.000) 07/31 07:18:26 Job terminated.
	(1) Normal termination (return value 65)
		Usr 0 00:00:11, Sys 0 00:00:20  -  Run Remote Usage
		Usr 0 00:00:00, Sys 0 00:00:00  -  Run Local Usage
		Usr 0 00:00:11, Sys 0 00:00:20  -  Total Remote Usage
		Usr 0 00:00:00, Sys 0 00:00:00  -  Total Local Usage
	21274  -  Run Bytes Sent By Job
	8930  -  Run Bytes Received By Job
	21274  -  Total Bytes Sent By Job
	8930  -  Total Bytes Received By Job
	Partitionable Resources :    Usage  Request Allocated
	   Cpus                 :                 1         1
	   Disk (KB)            :  6548787 10000000  10345509
	   Memory (MB)          :      234     2100      2100
...
000 (222454.000.000) 07/31 08:32:48 Job submitted from host: <131.225.189.232:9618?addrs=131.225.189.232-9618&noUDP&sock=8982_aaf4_3>
...
001 (222454.000.000) 07/31 08:33:38 Job executing on host: <131.225.207.164:23946?addrs=131.225.207.164-23946>
...
006 (222454.000.000) 07/31 08:33:46 Image size of job updated: 2
	3  -  MemoryUsage of job (MB)
	2424  -  ResidentSetSize of job (KB)
...
006 (222454.000.000) 07/31 08:34:46 Image size of job updated: 447524
	69  -  MemoryUsage of job (MB)
	70404  -  ResidentSetSize of job (KB)
...
006 (222454.000.000) 07/31 08:35:44 Image size of job updated: 630696
	69  -  MemoryUsage of job (MB)
	70404  -  ResidentSetSize of job (KB)
...
005 (222454.000.000) 07/31 08:35:45 Job terminated.
	(1) Normal termination (return value 65)
		Usr 0 00:00:08, Sys 0 00:00:17  -  Run Remote Usage
		Usr 0 00:00:00, Sys 0 00:00:00  -  Run Local Usage
		Usr 0 00:00:08, Sys 0 00:00:17  -  Total Remote Usage
		Usr 0 00:00:00, Sys 0 00:00:00  -  Total Local Usage
	10641  -  Run Bytes Sent By Job
	8930  -  Run Bytes Received By Job
	10641  -  Total Bytes Sent By Job
	8930  -  Total Bytes Received By Job
	Partitionable Resources :    Usage  Request Allocated
	   Cpus                 :                 1         1
	   Disk (KB)            :  5257547 10000000  10397856
	   Memory (MB)          :       69     2100      2100
...
000 (223009.000.000) 07/31 08:49:54 Job submitted from host: <131.225.189.232:9618?addrs=131.225.189.232-9618&noUDP&sock=8982_aaf4_3>
...
001 (223009.000.000) 07/31 08:50:46 Job executing on host: <131.225.207.168:29999?addrs=131.225.207.168-29999>
...
006 (223009.000.000) 07/31 08:50:55 Image size of job updated: 447524
	17  -  MemoryUsage of job (MB)
	17032  -  ResidentSetSize of job (KB)
...
006 (223009.000.000) 07/31 08:51:56 Image size of job updated: 447524
	69  -  MemoryUsage of job (MB)
	70316  -  ResidentSetSize of job (KB)
...
006 (223009.000.000) 07/31 08:55:29 Image size of job updated: 770996
	69  -  MemoryUsage of job (MB)
	70316  -  ResidentSetSize of job (KB)
...
005 (223009.000.000) 07/31 08:55:30 Job terminated.
	(1) Normal termination (return value 65)
		Usr 0 00:00:12, Sys 0 00:00:19  -  Run Remote Usage
		Usr 0 00:00:00, Sys 0 00:00:00  -  Run Local Usage
		Usr 0 00:00:12, Sys 0 00:00:19  -  Total Remote Usage
		Usr 0 00:00:00, Sys 0 00:00:00  -  Total Local Usage
	23275  -  Run Bytes Sent By Job
	44439  -  Run Bytes Received By Job
	23275  -  Total Bytes Sent By Job
	44439  -  Total Bytes Received By Job
	Partitionable Resources :    Usage  Request Allocated
	   Cpus                 :                 1         1
	   Disk (KB)            :  6551493 10000000  10275537
	   Memory (MB)          :       69     2100      2100
...
000 (223564.000.000) 07/31 09:06:22 Job submitted from host: <131.225.189.232:9618?addrs=131.225.189.232-9618&noUDP&sock=8982_aaf4_3>
...
