000 (220854.000.000) 07/31 06:49:24 Job submitted from host: <131.225.189.232:9618?addrs=131.225.189.232-9618&noUDP&sock=8982_aaf4_3>
...
001 (220854.000.000) 07/31 06:49:47 Job executing on host: <131.225.205.183:11118?addrs=131.225.205.183-11118>
...
006 (220854.000.000) 07/31 06:49:56 Image size of job updated: 447528
	69  -  MemoryUsage of job (MB)
	70168  -  ResidentSetSize of job (KB)
...
006 (220854.000.000) 07/31 06:50:57 Image size of job updated: 447528
	69  -  MemoryUsage of job (MB)
	70408  -  ResidentSetSize of job (KB)
...
005 (220854.000.000) 07/31 06:52:55 Job terminated.
	(1) Normal termination (return value 90)
		Usr 0 00:00:00, Sys 0 00:00:20  -  Run Remote Usage
		Usr 0 00:00:00, Sys 0 00:00:00  -  Run Local Usage
		Usr 0 00:00:00, Sys 0 00:00:20  -  Total Remote Usage
		Usr 0 00:00:00, Sys 0 00:00:00  -  Total Local Usage
	18312  -  Run Bytes Sent By Job
	8930  -  Run Bytes Received By Job
	18312  -  Total Bytes Sent By Job
	8930  -  Total Bytes Received By Job
	Partitionable Resources :    Usage  Request Allocated
	   Cpus                 :                 1         1
	   Disk (KB)            :  4459535 10000000  17019671
	   Memory (MB)          :       69     2100      2100
...
000 (221416.000.000) 07/31 07:07:51 Job submitted from host: <131.225.189.232:9618?addrs=131.225.189.232-9618&noUDP&sock=8982_aaf4_3>
...
001 (221416.000.000) 07/31 07:08:26 Job executing on host: <131.225.191.74:54794?addrs=131.225.191.74-54794>
...
006 (221416.000.000) 07/31 07:08:35 Image size of job updated: 447524
	71  -  MemoryUsage of job (MB)
	72348  -  ResidentSetSize of job (KB)
...
005 (221416.000.000) 07/31 07:11:38 Job terminated.
	(1) Normal termination (return value 90)
		Usr 0 00:00:01, Sys 0 00:00:23  -  Run Remote Usage
		Usr 0 00:00:00, Sys 0 00:00:00  -  Run Local Usage
		Usr 0 00:00:01, Sys 0 00:00:23  -  Total Remote Usage
		Usr 0 00:00:00, Sys 0 00:00:00  -  Total Local Usage
	18679  -  Run Bytes Sent By Job
	8930  -  Run Bytes Received By Job
	18679  -  Total Bytes Sent By Job
	8930  -  Total Bytes Received By Job
	Partitionable Resources :    Usage  Request Allocated
	   Cpus                 :                 1         1
	   Disk (KB)            :  4315255 10000000  15884238
	   Memory (MB)          :       71     2100      2100
...
000 (221971.000.000) 07/31 07:12:31 Job submitted from host: <131.225.189.232:9618?addrs=131.225.189.232-9618&noUDP&sock=8982_aaf4_3>
...
001 (221971.000.000) 07/31 07:13:37 Job executing on host: <131.225.207.162:57873?addrs=131.225.207.162-57873>
...
006 (221971.000.000) 07/31 07:13:45 Image size of job updated: 381924
	15  -  MemoryUsage of job (MB)
	14932  -  ResidentSetSize of job (KB)
...
006 (221971.000.000) 07/31 07:14:45 Image size of job updated: 447524
	71  -  MemoryUsage of job (MB)
	72340  -  ResidentSetSize of job (KB)
...
006 (221971.000.000) 07/31 07:15:45 Image size of job updated: 447524
	148  -  MemoryUsage of job (MB)
	151248  -  ResidentSetSize of job (KB)
...
006 (221971.000.000) 07/31 07:16:04 Image size of job updated: 770992
	148  -  MemoryUsage of job (MB)
	151248  -  ResidentSetSize of job (KB)
...
005 (221971.000.000) 07/31 07:16:04 Job terminated.
	(1) Normal termination (return value 65)
		Usr 0 00:00:11, Sys 0 00:00:15  -  Run Remote Usage
		Usr 0 00:00:00, Sys 0 00:00:00  -  Run Local Usage
		Usr 0 00:00:11, Sys 0 00:00:15  -  Total Remote Usage
		Usr 0 00:00:00, Sys 0 00:00:00  -  Total Local Usage
	12134  -  Run Bytes Sent By Job
	8930  -  Run Bytes Received By Job
	12134  -  Total Bytes Sent By Job
	8930  -  Total Bytes Received By Job
	Partitionable Resources :    Usage  Request Allocated
	   Cpus                 :                 1         1
	   Disk (KB)            :  6660715 10000000  10376208
	   Memory (MB)          :      148     2100      2100
...
000 (222533.000.000) 07/31 08:32:52 Job submitted from host: <131.225.189.232:9618?addrs=131.225.189.232-9618&noUDP&sock=8982_aaf4_3>
...
001 (222533.000.000) 07/31 08:33:57 Job executing on host: <131.225.205.190:55293?addrs=131.225.205.190-55293>
...
006 (222533.000.000) 07/31 08:34:05 Image size of job updated: 447524
	71  -  MemoryUsage of job (MB)
	72348  -  ResidentSetSize of job (KB)
...
006 (222533.000.000) 07/31 08:35:52 Image size of job updated: 755892
	71  -  MemoryUsage of job (MB)
	72348  -  ResidentSetSize of job (KB)
...
005 (222533.000.000) 07/31 08:35:53 Job terminated.
	(1) Normal termination (return value 65)
		Usr 0 00:00:15, Sys 0 00:00:18  -  Run Remote Usage
		Usr 0 00:00:00, Sys 0 00:00:00  -  Run Local Usage
		Usr 0 00:00:15, Sys 0 00:00:18  -  Total Remote Usage
		Usr 0 00:00:00, Sys 0 00:00:00  -  Total Local Usage
	10729  -  Run Bytes Sent By Job
	8930  -  Run Bytes Received By Job
	10729  -  Total Bytes Sent By Job
	8930  -  Total Bytes Received By Job
	Partitionable Resources :    Usage  Request Allocated
	   Cpus                 :                 1         1
	   Disk (KB)            :  5208396 10000000  17168871
	   Memory (MB)          :       71     2100      2100
...
