000 (220989.000.000) 07/31 06:49:54 Job submitted from host: <131.225.189.232:9618?addrs=131.225.189.232-9618&noUDP&sock=8982_aaf4_3>
...
001 (220989.000.000) 07/31 06:50:58 Job executing on host: <131.225.190.66:14674?addrs=131.225.190.66-14674>
...
006 (220989.000.000) 07/31 06:51:06 Image size of job updated: 381924
	13  -  MemoryUsage of job (MB)
	12892  -  ResidentSetSize of job (KB)
...
006 (220989.000.000) 07/31 06:52:06 Image size of job updated: 447524
	70  -  MemoryUsage of job (MB)
	71352  -  ResidentSetSize of job (KB)
...
005 (220989.000.000) 07/31 06:52:18 Job terminated.
	(1) Normal termination (return value 90)
		Usr 0 00:00:00, Sys 0 00:00:17  -  Run Remote Usage
		Usr 0 00:00:00, Sys 0 00:00:00  -  Run Local Usage
		Usr 0 00:00:00, Sys 0 00:00:17  -  Total Remote Usage
		Usr 0 00:00:00, Sys 0 00:00:00  -  Total Local Usage
	8389  -  Run Bytes Sent By Job
	8930  -  Run Bytes Received By Job
	8389  -  Total Bytes Sent By Job
	8930  -  Total Bytes Received By Job
	Partitionable Resources :    Usage  Request Allocated
	   Cpus                 :                 1         1
	   Disk (KB)            :  6343691 10000000  15877656
	   Memory (MB)          :       70     2100      2100
...
000 (221551.000.000) 07/31 07:08:14 Job submitted from host: <131.225.189.232:9618?addrs=131.225.189.232-9618&noUDP&sock=8982_aaf4_3>
...
001 (221551.000.000) 07/31 07:09:20 Job executing on host: <131.225.204.84:7575?addrs=131.225.204.84-7575>
...
006 (221551.000.000) 07/31 07:09:29 Image size of job updated: 250836
	7  -  MemoryUsage of job (MB)
	6684  -  ResidentSetSize of job (KB)
...
006 (221551.000.000) 07/31 07:10:29 Image size of job updated: 447524
	71  -  MemoryUsage of job (MB)
	72348  -  ResidentSetSize of job (KB)
...
000 (222106.000.000) 07/31 07:12:54 Job submitted from host: <131.225.189.232:9618?addrs=131.225.189.232-9618&noUDP&sock=8982_aaf4_3>
...
005 (221551.000.000) 07/31 07:13:25 Job terminated.
	(1) Normal termination (return value 90)
		Usr 0 00:00:02, Sys 0 00:00:19  -  Run Remote Usage
		Usr 0 00:00:00, Sys 0 00:00:00  -  Run Local Usage
		Usr 0 00:00:02, Sys 0 00:00:19  -  Total Remote Usage
		Usr 0 00:00:00, Sys 0 00:00:00  -  Total Local Usage
	22881  -  Run Bytes Sent By Job
	8930  -  Run Bytes Received By Job
	22881  -  Total Bytes Sent By Job
	8930  -  Total Bytes Received By Job
	Partitionable Resources :    Usage  Request Allocated
	   Cpus                 :                 1         1
	   Disk (KB)            :  5107828 10000000  10533189
	   Memory (MB)          :       71     2100      2100
...
001 (222106.000.000) 07/31 07:14:37 Job executing on host: <131.225.206.238:55117?addrs=131.225.206.238-55117>
...
006 (222106.000.000) 07/31 07:14:45 Image size of job updated: 2
	3  -  MemoryUsage of job (MB)
	2420  -  ResidentSetSize of job (KB)
...
006 (222106.000.000) 07/31 07:15:45 Image size of job updated: 447524
	70  -  MemoryUsage of job (MB)
	71352  -  ResidentSetSize of job (KB)
...
006 (222106.000.000) 07/31 07:16:32 Image size of job updated: 672420
	70  -  MemoryUsage of job (MB)
	71352  -  ResidentSetSize of job (KB)
...
005 (222106.000.000) 07/31 07:16:33 Job terminated.
	(1) Normal termination (return value 65)
		Usr 0 00:00:07, Sys 0 00:00:15  -  Run Remote Usage
		Usr 0 00:00:00, Sys 0 00:00:00  -  Run Local Usage
		Usr 0 00:00:07, Sys 0 00:00:15  -  Total Remote Usage
		Usr 0 00:00:00, Sys 0 00:00:00  -  Total Local Usage
	9148  -  Run Bytes Sent By Job
	8930  -  Run Bytes Received By Job
	9148  -  Total Bytes Sent By Job
	8930  -  Total Bytes Received By Job
	Partitionable Resources :    Usage  Request Allocated
	   Cpus                 :                 1         1
	   Disk (KB)            :  6324332 10000000  11845452
	   Memory (MB)          :       70     2100      2100
...
000 (222668.000.000) 07/31 08:33:03 Job submitted from host: <131.225.189.232:9618?addrs=131.225.189.232-9618&noUDP&sock=8982_aaf4_3>
...
001 (222668.000.000) 07/31 08:35:04 Job executing on host: <131.225.204.105:13405?addrs=131.225.204.105-13405>
...
006 (222668.000.000) 07/31 08:35:14 Image size of job updated: 2
	3  -  MemoryUsage of job (MB)
	2424  -  ResidentSetSize of job (KB)
...
006 (222668.000.000) 07/31 08:36:14 Image size of job updated: 447524
	71  -  MemoryUsage of job (MB)
	72352  -  ResidentSetSize of job (KB)
...
005 (222668.000.000) 07/31 08:38:30 Job terminated.
	(1) Normal termination (return value 65)
		Usr 0 00:00:02, Sys 0 00:00:19  -  Run Remote Usage
		Usr 0 00:00:00, Sys 0 00:00:00  -  Run Local Usage
		Usr 0 00:00:02, Sys 0 00:00:19  -  Total Remote Usage
		Usr 0 00:00:00, Sys 0 00:00:00  -  Total Local Usage
	16633  -  Run Bytes Sent By Job
	8930  -  Run Bytes Received By Job
	16633  -  Total Bytes Sent By Job
	8930  -  Total Bytes Received By Job
	Partitionable Resources :    Usage  Request Allocated
	   Cpus                 :                 1         1
	   Disk (KB)            :  6432815 10000000  10228683
	   Memory (MB)          :       71     2100      2100
...
000 (223223.000.000) 07/31 08:50:05 Job submitted from host: <131.225.189.232:9618?addrs=131.225.189.232-9618&noUDP&sock=8982_aaf4_3>
...
001 (223223.000.000) 07/31 08:51:29 Job executing on host: <131.225.206.233:63114?addrs=131.225.206.233-63114>
...
006 (223223.000.000) 07/31 08:51:38 Image size of job updated: 2
	3  -  MemoryUsage of job (MB)
	2424  -  ResidentSetSize of job (KB)
...
006 (223223.000.000) 07/31 08:52:39 Image size of job updated: 447524
	71  -  MemoryUsage of job (MB)
	72344  -  ResidentSetSize of job (KB)
...
006 (223223.000.000) 07/31 08:54:41 Image size of job updated: 447524
	217  -  MemoryUsage of job (MB)
	221340  -  ResidentSetSize of job (KB)
...
006 (223223.000.000) 07/31 08:54:48 Image size of job updated: 772784
	217  -  MemoryUsage of job (MB)
	221340  -  ResidentSetSize of job (KB)
...
005 (223223.000.000) 07/31 08:54:48 Job terminated.
	(1) Normal termination (return value 65)
		Usr 0 00:00:11, Sys 0 00:00:17  -  Run Remote Usage
		Usr 0 00:00:00, Sys 0 00:00:00  -  Run Local Usage
		Usr 0 00:00:11, Sys 0 00:00:17  -  Total Remote Usage
		Usr 0 00:00:00, Sys 0 00:00:00  -  Total Local Usage
	13732  -  Run Bytes Sent By Job
	44439  -  Run Bytes Received By Job
	13732  -  Total Bytes Sent By Job
	44439  -  Total Bytes Received By Job
	Partitionable Resources :    Usage  Request Allocated
	   Cpus                 :                 1         1
	   Disk (KB)            :  6432650 10000000  12102348
	   Memory (MB)          :      217     2100      2100
...
000 (223778.000.000) 07/31 09:06:32 Job submitted from host: <131.225.189.232:9618?addrs=131.225.189.232-9618&noUDP&sock=8982_aaf4_3>
...
