000 (221033.000.000) 07/31 06:50:03 Job submitted from host: <131.225.189.232:9618?addrs=131.225.189.232-9618&noUDP&sock=8982_aaf4_3>
...
001 (221033.000.000) 07/31 06:51:18 Job executing on host: <131.225.206.201:15028?addrs=131.225.206.201-15028>
...
006 (221033.000.000) 07/31 06:51:26 Image size of job updated: 2
	3  -  MemoryUsage of job (MB)
	2424  -  ResidentSetSize of job (KB)
...
006 (221033.000.000) 07/31 06:52:26 Image size of job updated: 447524
	71  -  MemoryUsage of job (MB)
	72348  -  ResidentSetSize of job (KB)
...
005 (221033.000.000) 07/31 06:55:51 Job terminated.
	(1) Normal termination (return value 90)
		Usr 0 00:00:01, Sys 0 00:00:23  -  Run Remote Usage
		Usr 0 00:00:00, Sys 0 00:00:00  -  Run Local Usage
		Usr 0 00:00:01, Sys 0 00:00:23  -  Total Remote Usage
		Usr 0 00:00:00, Sys 0 00:00:00  -  Total Local Usage
	24036  -  Run Bytes Sent By Job
	8930  -  Run Bytes Received By Job
	24036  -  Total Bytes Sent By Job
	8930  -  Total Bytes Received By Job
	Partitionable Resources :    Usage  Request Allocated
	   Cpus                 :                 1         1
	   Disk (KB)            :  4967447 10000000  11540800
	   Memory (MB)          :       71     2100      2100
...
000 (221595.000.000) 07/31 07:08:22 Job submitted from host: <131.225.189.232:9618?addrs=131.225.189.232-9618&noUDP&sock=8982_aaf4_3>
...
001 (221595.000.000) 07/31 07:09:39 Job executing on host: <131.225.207.106:53270?addrs=131.225.207.106-53270>
...
006 (221595.000.000) 07/31 07:09:48 Image size of job updated: 1176
	1  -  MemoryUsage of job (MB)
	76  -  ResidentSetSize of job (KB)
...
006 (221595.000.000) 07/31 07:10:50 Image size of job updated: 447524
	71  -  MemoryUsage of job (MB)
	72348  -  ResidentSetSize of job (KB)
...
000 (222150.000.000) 07/31 07:13:01 Job submitted from host: <131.225.189.232:9618?addrs=131.225.189.232-9618&noUDP&sock=8982_aaf4_3>
...
001 (222150.000.000) 07/31 07:14:54 Job executing on host: <131.225.207.182:2483?addrs=131.225.207.182-2483>
...
006 (222150.000.000) 07/31 07:15:03 Image size of job updated: 111056
	2  -  MemoryUsage of job (MB)
	1808  -  ResidentSetSize of job (KB)
...
005 (221595.000.000) 07/31 07:15:54 Job terminated.
	(1) Normal termination (return value 90)
		Usr 0 00:00:02, Sys 0 00:00:26  -  Run Remote Usage
		Usr 0 00:00:00, Sys 0 00:00:00  -  Run Local Usage
		Usr 0 00:00:02, Sys 0 00:00:26  -  Total Remote Usage
		Usr 0 00:00:00, Sys 0 00:00:00  -  Total Local Usage
	28233  -  Run Bytes Sent By Job
	8930  -  Run Bytes Received By Job
	28233  -  Total Bytes Sent By Job
	8930  -  Total Bytes Received By Job
	Partitionable Resources :    Usage  Request Allocated
	   Cpus                 :                 1         1
	   Disk (KB)            :  5320824 10000000  10156602
	   Memory (MB)          :       71     2100      2100
...
006 (222150.000.000) 07/31 07:16:04 Image size of job updated: 447524
	71  -  MemoryUsage of job (MB)
	72352  -  ResidentSetSize of job (KB)
...
006 (222150.000.000) 07/31 07:16:58 Image size of job updated: 493964
	71  -  MemoryUsage of job (MB)
	72352  -  ResidentSetSize of job (KB)
...
005 (222150.000.000) 07/31 07:16:59 Job terminated.
	(1) Normal termination (return value 65)
		Usr 0 00:00:04, Sys 0 00:00:14  -  Run Remote Usage
		Usr 0 00:00:00, Sys 0 00:00:00  -  Run Local Usage
		Usr 0 00:00:04, Sys 0 00:00:14  -  Total Remote Usage
		Usr 0 00:00:00, Sys 0 00:00:00  -  Total Local Usage
	8987  -  Run Bytes Sent By Job
	8930  -  Run Bytes Received By Job
	8987  -  Total Bytes Sent By Job
	8930  -  Total Bytes Received By Job
	Partitionable Resources :    Usage  Request Allocated
	   Cpus                 :                 1         1
	   Disk (KB)            :  6501568 10000000  10325841
	   Memory (MB)          :       71     2100      2100
...
000 (222712.000.000) 07/31 08:33:05 Job submitted from host: <131.225.189.232:9618?addrs=131.225.189.232-9618&noUDP&sock=8982_aaf4_3>
...
001 (222712.000.000) 07/31 08:35:24 Job executing on host: <131.225.204.117:50580?addrs=131.225.204.117-50580>
...
006 (222712.000.000) 07/31 08:35:32 Image size of job updated: 447524
	40  -  MemoryUsage of job (MB)
	40180  -  ResidentSetSize of job (KB)
...
006 (222712.000.000) 07/31 08:36:32 Image size of job updated: 447524
	70  -  MemoryUsage of job (MB)
	71352  -  ResidentSetSize of job (KB)
...
005 (222712.000.000) 07/31 08:37:11 Job terminated.
	(1) Normal termination (return value 65)
		Usr 0 00:00:02, Sys 0 00:00:10  -  Run Remote Usage
		Usr 0 00:00:00, Sys 0 00:00:00  -  Run Local Usage
		Usr 0 00:00:02, Sys 0 00:00:10  -  Total Remote Usage
		Usr 0 00:00:00, Sys 0 00:00:00  -  Total Local Usage
	9742  -  Run Bytes Sent By Job
	8930  -  Run Bytes Received By Job
	9742  -  Total Bytes Sent By Job
	8930  -  Total Bytes Received By Job
	Partitionable Resources :    Usage  Request Allocated
	   Cpus                 :                 1         1
	   Disk (KB)            :  6027596 10000000  10359768
	   Memory (MB)          :       70     2100      2100
...
000 (223267.000.000) 07/31 08:50:08 Job submitted from host: <131.225.189.232:9618?addrs=131.225.189.232-9618&noUDP&sock=8982_aaf4_3>
...
001 (223267.000.000) 07/31 08:52:14 Job executing on host: <131.225.191.131:51883?addrs=131.225.191.131-51883>
...
006 (223267.000.000) 07/31 08:52:25 Image size of job updated: 447536
	27  -  MemoryUsage of job (MB)
	27288  -  ResidentSetSize of job (KB)
...
006 (223267.000.000) 07/31 08:53:24 Image size of job updated: 447536
	71  -  MemoryUsage of job (MB)
	72344  -  ResidentSetSize of job (KB)
...
006 (223267.000.000) 07/31 08:56:04 Image size of job updated: 486948
	255  -  MemoryUsage of job (MB)
	260708  -  ResidentSetSize of job (KB)
...
005 (223267.000.000) 07/31 08:56:05 Job terminated.
	(1) Normal termination (return value 65)
		Usr 0 00:00:03, Sys 0 00:00:18  -  Run Remote Usage
		Usr 0 00:00:00, Sys 0 00:00:00  -  Run Local Usage
		Usr 0 00:00:03, Sys 0 00:00:18  -  Total Remote Usage
		Usr 0 00:00:00, Sys 0 00:00:00  -  Total Local Usage
	14700  -  Run Bytes Sent By Job
	44439  -  Run Bytes Received By Job
	14700  -  Total Bytes Sent By Job
	44439  -  Total Bytes Received By Job
	Partitionable Resources :    Usage  Request Allocated
	   Cpus                 :                 1         1
	   Disk (KB)            :  6623602 10000000  11392556
	   Memory (MB)          :      255     2100      2100
...
000 (223822.000.000) 07/31 09:06:34 Job submitted from host: <131.225.189.232:9618?addrs=131.225.189.232-9618&noUDP&sock=8982_aaf4_3>
...
