000 (220588.000.000) 07/31 06:48:28 Job submitted from host: <131.225.189.232:9618?addrs=131.225.189.232-9618&noUDP&sock=8982_aaf4_3>
...
001 (220588.000.000) 07/31 06:48:51 Job executing on host: <131.225.206.219:57262?addrs=131.225.206.219-57262>
...
006 (220588.000.000) 07/31 06:49:00 Image size of job updated: 447524
	71  -  MemoryUsage of job (MB)
	72344  -  ResidentSetSize of job (KB)
...
005 (220588.000.000) 07/31 06:51:04 Job terminated.
	(1) Normal termination (return value 90)
		Usr 0 00:00:01, Sys 0 00:00:16  -  Run Remote Usage
		Usr 0 00:00:00, Sys 0 00:00:00  -  Run Local Usage
		Usr 0 00:00:01, Sys 0 00:00:16  -  Total Remote Usage
		Usr 0 00:00:00, Sys 0 00:00:00  -  Total Local Usage
	13367  -  Run Bytes Sent By Job
	8930  -  Run Bytes Received By Job
	13367  -  Total Bytes Sent By Job
	8930  -  Total Bytes Received By Job
	Partitionable Resources :    Usage  Request Allocated
	   Cpus                 :                 1         1
	   Disk (KB)            :  6093775 10000000  11941588
	   Memory (MB)          :       71     2100      2100
...
000 (221150.000.000) 07/31 07:07:04 Job submitted from host: <131.225.189.232:9618?addrs=131.225.189.232-9618&noUDP&sock=8982_aaf4_3>
...
001 (221150.000.000) 07/31 07:07:34 Job executing on host: <131.225.204.107:46513?addrs=131.225.204.107-46513>
...
006 (221150.000.000) 07/31 07:07:44 Image size of job updated: 447524
	57  -  MemoryUsage of job (MB)
	57900  -  ResidentSetSize of job (KB)
...
006 (221150.000.000) 07/31 07:08:44 Image size of job updated: 447524
	71  -  MemoryUsage of job (MB)
	72344  -  ResidentSetSize of job (KB)
...
000 (221705.000.000) 07/31 07:11:46 Job submitted from host: <131.225.189.232:9618?addrs=131.225.189.232-9618&noUDP&sock=8982_aaf4_3>
...
001 (221705.000.000) 07/31 07:12:05 Job executing on host: <131.225.204.94:53127?addrs=131.225.204.94-53127>
...
006 (221705.000.000) 07/31 07:12:14 Image size of job updated: 2
	3  -  MemoryUsage of job (MB)
	2424  -  ResidentSetSize of job (KB)
...
006 (221705.000.000) 07/31 07:13:15 Image size of job updated: 447524
	71  -  MemoryUsage of job (MB)
	72348  -  ResidentSetSize of job (KB)
...
005 (221150.000.000) 07/31 07:13:53 Job terminated.
	(1) Normal termination (return value 90)
		Usr 0 00:00:02, Sys 0 00:00:22  -  Run Remote Usage
		Usr 0 00:00:00, Sys 0 00:00:00  -  Run Local Usage
		Usr 0 00:00:02, Sys 0 00:00:22  -  Total Remote Usage
		Usr 0 00:00:00, Sys 0 00:00:00  -  Total Local Usage
	31086  -  Run Bytes Sent By Job
	8930  -  Run Bytes Received By Job
	31086  -  Total Bytes Sent By Job
	8930  -  Total Bytes Received By Job
	Partitionable Resources :    Usage  Request Allocated
	   Cpus                 :                 1         1
	   Disk (KB)            :  5992575 10000000  10190241
	   Memory (MB)          :       71     2100      2100
...
006 (221705.000.000) 07/31 07:15:36 Image size of job updated: 775084
	71  -  MemoryUsage of job (MB)
	72348  -  ResidentSetSize of job (KB)
...
005 (221705.000.000) 07/31 07:15:36 Job terminated.
	(1) Normal termination (return value 65)
		Usr 0 00:00:14, Sys 0 00:00:19  -  Run Remote Usage
		Usr 0 00:00:00, Sys 0 00:00:00  -  Run Local Usage
		Usr 0 00:00:14, Sys 0 00:00:19  -  Total Remote Usage
		Usr 0 00:00:00, Sys 0 00:00:00  -  Total Local Usage
	19762  -  Run Bytes Sent By Job
	8930  -  Run Bytes Received By Job
	19762  -  Total Bytes Sent By Job
	8930  -  Total Bytes Received By Job
	Partitionable Resources :    Usage  Request Allocated
	   Cpus                 :                 1         1
	   Disk (KB)            :  6109622 10000000  10318101
	   Memory (MB)          :       71     2100      2100
...
000 (222267.000.000) 07/31 08:32:33 Job submitted from host: <131.225.189.232:9618?addrs=131.225.189.232-9618&noUDP&sock=8982_aaf4_3>
...
001 (222267.000.000) 07/31 08:32:57 Job executing on host: <131.225.204.108:37618?addrs=131.225.204.108-37618>
...
006 (222267.000.000) 07/31 08:33:06 Image size of job updated: 447524
	38  -  MemoryUsage of job (MB)
	38088  -  ResidentSetSize of job (KB)
...
006 (222267.000.000) 07/31 08:34:07 Image size of job updated: 447524
	71  -  MemoryUsage of job (MB)
	72348  -  ResidentSetSize of job (KB)
...
006 (222267.000.000) 07/31 08:37:33 Image size of job updated: 769968
	71  -  MemoryUsage of job (MB)
	72348  -  ResidentSetSize of job (KB)
...
005 (222267.000.000) 07/31 08:37:34 Job terminated.
	(1) Normal termination (return value 65)
		Usr 0 00:00:12, Sys 0 00:00:20  -  Run Remote Usage
		Usr 0 00:00:00, Sys 0 00:00:00  -  Run Local Usage
		Usr 0 00:00:12, Sys 0 00:00:20  -  Total Remote Usage
		Usr 0 00:00:00, Sys 0 00:00:00  -  Total Local Usage
	23915  -  Run Bytes Sent By Job
	8930  -  Run Bytes Received By Job
	23915  -  Total Bytes Sent By Job
	8930  -  Total Bytes Received By Job
	Partitionable Resources :    Usage  Request Allocated
	   Cpus                 :                 1         1
	   Disk (KB)            :  5978458 10000000  10273974
	   Memory (MB)          :       71     2100      2100
...
