000 (220817.000.000) 07/31 06:49:16 Job submitted from host: <131.225.189.232:9618?addrs=131.225.189.232-9618&noUDP&sock=8982_aaf4_3>
...
001 (220817.000.000) 07/31 06:49:38 Job executing on host: <131.225.191.254:45639?addrs=131.225.191.254-45639>
...
006 (220817.000.000) 07/31 06:49:47 Image size of job updated: 2
	3  -  MemoryUsage of job (MB)
	2428  -  ResidentSetSize of job (KB)
...
006 (220817.000.000) 07/31 06:50:49 Image size of job updated: 447524
	70  -  MemoryUsage of job (MB)
	71360  -  ResidentSetSize of job (KB)
...
005 (220817.000.000) 07/31 06:51:09 Job terminated.
	(1) Normal termination (return value 90)
		Usr 0 00:00:00, Sys 0 00:00:18  -  Run Remote Usage
		Usr 0 00:00:00, Sys 0 00:00:00  -  Run Local Usage
		Usr 0 00:00:00, Sys 0 00:00:18  -  Total Remote Usage
		Usr 0 00:00:00, Sys 0 00:00:00  -  Total Local Usage
	10079  -  Run Bytes Sent By Job
	8930  -  Run Bytes Received By Job
	10079  -  Total Bytes Sent By Job
	8930  -  Total Bytes Received By Job
	Partitionable Resources :    Usage  Request Allocated
	   Cpus                 :                 1         1
	   Disk (KB)            :  5262347 10000000  15898662
	   Memory (MB)          :       70     2100      2100
...
000 (221379.000.000) 07/31 07:07:44 Job submitted from host: <131.225.189.232:9618?addrs=131.225.189.232-9618&noUDP&sock=8982_aaf4_3>
...
001 (221379.000.000) 07/31 07:08:24 Job executing on host: <131.225.204.110:49889?addrs=131.225.204.110-49889>
...
006 (221379.000.000) 07/31 07:08:33 Image size of job updated: 447524
	71  -  MemoryUsage of job (MB)
	72344  -  ResidentSetSize of job (KB)
...
005 (221379.000.000) 07/31 07:10:53 Job terminated.
	(1) Normal termination (return value 90)
		Usr 0 00:00:01, Sys 0 00:00:16  -  Run Remote Usage
		Usr 0 00:00:00, Sys 0 00:00:00  -  Run Local Usage
		Usr 0 00:00:01, Sys 0 00:00:16  -  Total Remote Usage
		Usr 0 00:00:00, Sys 0 00:00:00  -  Total Local Usage
	14856  -  Run Bytes Sent By Job
	8930  -  Run Bytes Received By Job
	14856  -  Total Bytes Sent By Job
	8930  -  Total Bytes Received By Job
	Partitionable Resources :    Usage  Request Allocated
	   Cpus                 :                 1         1
	   Disk (KB)            :  5681262 10000000  10453932
	   Memory (MB)          :       71     2100      2100
...
000 (221934.000.000) 07/31 07:12:25 Job submitted from host: <131.225.189.232:9618?addrs=131.225.189.232-9618&noUDP&sock=8982_aaf4_3>
...
001 (221934.000.000) 07/31 07:13:11 Job executing on host: <131.225.206.177:16856?addrs=131.225.206.177-16856>
...
006 (221934.000.000) 07/31 07:14:02 Image size of job updated: 447524
	71  -  MemoryUsage of job (MB)
	72348  -  ResidentSetSize of job (KB)
...
006 (221934.000.000) 07/31 07:16:08 Image size of job updated: 772784
	71  -  MemoryUsage of job (MB)
	72348  -  ResidentSetSize of job (KB)
...
005 (221934.000.000) 07/31 07:16:09 Job terminated.
	(1) Normal termination (return value 65)
		Usr 0 00:00:11, Sys 0 00:00:18  -  Run Remote Usage
		Usr 0 00:00:00, Sys 0 00:00:00  -  Run Local Usage
		Usr 0 00:00:11, Sys 0 00:00:18  -  Total Remote Usage
		Usr 0 00:00:00, Sys 0 00:00:00  -  Total Local Usage
	12444  -  Run Bytes Sent By Job
	8930  -  Run Bytes Received By Job
	12444  -  Total Bytes Sent By Job
	8930  -  Total Bytes Received By Job
	Partitionable Resources :    Usage  Request Allocated
	   Cpus                 :                 1         1
	   Disk (KB)            :  3419671 10000000  10095450
	   Memory (MB)          :       71     2100      2100
...
000 (222496.000.000) 07/31 08:32:50 Job submitted from host: <131.225.189.232:9618?addrs=131.225.189.232-9618&noUDP&sock=8982_aaf4_3>
...
001 (222496.000.000) 07/31 08:33:48 Job executing on host: <131.225.191.254:45639?addrs=131.225.191.254-45639>
...
006 (222496.000.000) 07/31 08:33:57 Image size of job updated: 447524
	11  -  MemoryUsage of job (MB)
	10652  -  ResidentSetSize of job (KB)
...
006 (222496.000.000) 07/31 08:34:58 Image size of job updated: 447524
	70  -  MemoryUsage of job (MB)
	71356  -  ResidentSetSize of job (KB)
...
006 (222496.000.000) 07/31 08:35:55 Image size of job updated: 772784
	70  -  MemoryUsage of job (MB)
	71356  -  ResidentSetSize of job (KB)
...
005 (222496.000.000) 07/31 08:35:56 Job terminated.
	(1) Normal termination (return value 65)
		Usr 0 00:00:15, Sys 0 00:00:19  -  Run Remote Usage
		Usr 0 00:00:00, Sys 0 00:00:00  -  Run Local Usage
		Usr 0 00:00:15, Sys 0 00:00:19  -  Total Remote Usage
		Usr 0 00:00:00, Sys 0 00:00:00  -  Total Local Usage
	11352  -  Run Bytes Sent By Job
	8930  -  Run Bytes Received By Job
	11352  -  Total Bytes Sent By Job
	8930  -  Total Bytes Received By Job
	Partitionable Resources :    Usage  Request Allocated
	   Cpus                 :                 1         1
	   Disk (KB)            :  4897100 10000000  15899840
	   Memory (MB)          :       70     2100      2100
...
