000 (221024.000.000) 07/31 06:50:01 Job submitted from host: <131.225.189.232:9618?addrs=131.225.189.232-9618&noUDP&sock=8982_aaf4_3>
...
001 (221024.000.000) 07/31 06:51:14 Job executing on host: <131.225.206.188:37401?addrs=131.225.206.188-37401>
...
006 (221024.000.000) 07/31 06:51:22 Image size of job updated: 2
	3  -  MemoryUsage of job (MB)
	2424  -  ResidentSetSize of job (KB)
...
006 (221024.000.000) 07/31 06:52:22 Image size of job updated: 447524
	70  -  MemoryUsage of job (MB)
	71356  -  ResidentSetSize of job (KB)
...
005 (221024.000.000) 07/31 06:52:31 Job terminated.
	(1) Normal termination (return value 90)
		Usr 0 00:00:00, Sys 0 00:00:16  -  Run Remote Usage
		Usr 0 00:00:00, Sys 0 00:00:00  -  Run Local Usage
		Usr 0 00:00:00, Sys 0 00:00:16  -  Total Remote Usage
		Usr 0 00:00:00, Sys 0 00:00:00  -  Total Local Usage
	9110  -  Run Bytes Sent By Job
	8930  -  Run Bytes Received By Job
	9110  -  Total Bytes Sent By Job
	8930  -  Total Bytes Received By Job
	Partitionable Resources :    Usage  Request Allocated
	   Cpus                 :                 1         1
	   Disk (KB)            :  5966858 10000000  10411713
	   Memory (MB)          :       70     2100      2100
...
000 (221586.000.000) 07/31 07:08:20 Job submitted from host: <131.225.189.232:9618?addrs=131.225.189.232-9618&noUDP&sock=8982_aaf4_3>
...
001 (221586.000.000) 07/31 07:09:40 Job executing on host: <131.225.206.164:5908?addrs=131.225.206.164-5908>
...
006 (221586.000.000) 07/31 07:09:49 Image size of job updated: 2
	3  -  MemoryUsage of job (MB)
	2420  -  ResidentSetSize of job (KB)
...
006 (221586.000.000) 07/31 07:10:50 Image size of job updated: 447532
	71  -  MemoryUsage of job (MB)
	72344  -  ResidentSetSize of job (KB)
...
005 (221586.000.000) 07/31 07:10:57 Job terminated.
	(1) Normal termination (return value 90)
		Usr 0 00:00:00, Sys 0 00:00:17  -  Run Remote Usage
		Usr 0 00:00:00, Sys 0 00:00:00  -  Run Local Usage
		Usr 0 00:00:00, Sys 0 00:00:17  -  Total Remote Usage
		Usr 0 00:00:00, Sys 0 00:00:00  -  Total Local Usage
	8305  -  Run Bytes Sent By Job
	8930  -  Run Bytes Received By Job
	8305  -  Total Bytes Sent By Job
	8930  -  Total Bytes Received By Job
	Partitionable Resources :    Usage  Request Allocated
	   Cpus                 :                 1         1
	   Disk (KB)            :  6113145 10000000  11814016
	   Memory (MB)          :       71     2100      2100
...
000 (222141.000.000) 07/31 07:13:00 Job submitted from host: <131.225.189.232:9618?addrs=131.225.189.232-9618&noUDP&sock=8982_aaf4_3>
...
001 (222141.000.000) 07/31 07:14:51 Job executing on host: <131.225.207.82:34300?addrs=131.225.207.82-34300>
...
006 (222141.000.000) 07/31 07:15:00 Image size of job updated: 381924
	15  -  MemoryUsage of job (MB)
	14940  -  ResidentSetSize of job (KB)
...
006 (222141.000.000) 07/31 07:16:01 Image size of job updated: 447524
	71  -  MemoryUsage of job (MB)
	72348  -  ResidentSetSize of job (KB)
...
006 (222141.000.000) 07/31 07:17:02 Image size of job updated: 447524
	182  -  MemoryUsage of job (MB)
	185404  -  ResidentSetSize of job (KB)
...
006 (222141.000.000) 07/31 07:17:13 Image size of job updated: 772792
	182  -  MemoryUsage of job (MB)
	185404  -  ResidentSetSize of job (KB)
...
005 (222141.000.000) 07/31 07:17:13 Job terminated.
	(1) Normal termination (return value 65)
		Usr 0 00:00:12, Sys 0 00:00:18  -  Run Remote Usage
		Usr 0 00:00:00, Sys 0 00:00:00  -  Run Local Usage
		Usr 0 00:00:12, Sys 0 00:00:18  -  Total Remote Usage
		Usr 0 00:00:00, Sys 0 00:00:00  -  Total Local Usage
	9867  -  Run Bytes Sent By Job
	8930  -  Run Bytes Received By Job
	9867  -  Total Bytes Sent By Job
	8930  -  Total Bytes Received By Job
	Partitionable Resources :    Usage  Request Allocated
	   Cpus                 :                 1         1
	   Disk (KB)            :  6778060 10000000  10524054
	   Memory (MB)          :      182     2100      2100
...
000 (222703.000.000) 07/31 08:33:05 Job submitted from host: <131.225.189.232:9618?addrs=131.225.189.232-9618&noUDP&sock=8982_aaf4_3>
...
001 (222703.000.000) 07/31 08:35:19 Job executing on host: <131.225.206.17:46936?addrs=131.225.206.17-46936>
...
006 (222703.000.000) 07/31 08:35:29 Image size of job updated: 447524
	71  -  MemoryUsage of job (MB)
	72344  -  ResidentSetSize of job (KB)
...
006 (222703.000.000) 07/31 08:40:31 Image size of job updated: 447524
	201  -  MemoryUsage of job (MB)
	205636  -  ResidentSetSize of job (KB)
...
006 (222703.000.000) 07/31 08:41:25 Image size of job updated: 772788
	201  -  MemoryUsage of job (MB)
	205636  -  ResidentSetSize of job (KB)
...
005 (222703.000.000) 07/31 08:41:26 Job terminated.
	(1) Normal termination (return value 65)
		Usr 0 00:00:11, Sys 0 00:00:22  -  Run Remote Usage
		Usr 0 00:00:00, Sys 0 00:00:00  -  Run Local Usage
		Usr 0 00:00:11, Sys 0 00:00:22  -  Total Remote Usage
		Usr 0 00:00:00, Sys 0 00:00:00  -  Total Local Usage
	15436  -  Run Bytes Sent By Job
	8930  -  Run Bytes Received By Job
	15436  -  Total Bytes Sent By Job
	8930  -  Total Bytes Received By Job
	Partitionable Resources :    Usage  Request Allocated
	   Cpus                 :                 1         1
	   Disk (KB)            :  6780934 10000000  10030872
	   Memory (MB)          :      201     2100      2100
...
