000 (220990.000.000) 07/31 06:49:54 Job submitted from host: <131.225.189.232:9618?addrs=131.225.189.232-9618&noUDP&sock=8982_aaf4_3>
...
001 (220990.000.000) 07/31 06:50:59 Job executing on host: <131.225.206.4:65083?addrs=131.225.206.4-65083>
...
006 (220990.000.000) 07/31 06:51:07 Image size of job updated: 447524
	71  -  MemoryUsage of job (MB)
	72344  -  ResidentSetSize of job (KB)
...
005 (220990.000.000) 07/31 06:56:00 Job terminated.
	(1) Normal termination (return value 90)
		Usr 0 00:00:01, Sys 0 00:00:20  -  Run Remote Usage
		Usr 0 00:00:00, Sys 0 00:00:00  -  Run Local Usage
		Usr 0 00:00:01, Sys 0 00:00:20  -  Total Remote Usage
		Usr 0 00:00:00, Sys 0 00:00:00  -  Total Local Usage
	26087  -  Run Bytes Sent By Job
	8930  -  Run Bytes Received By Job
	26087  -  Total Bytes Sent By Job
	8930  -  Total Bytes Received By Job
	Partitionable Resources :    Usage  Request Allocated
	   Cpus                 :                 1         1
	   Disk (KB)            :  5311513 10000000  10269432
	   Memory (MB)          :       71     2100      2100
...
000 (221552.000.000) 07/31 07:08:14 Job submitted from host: <131.225.189.232:9618?addrs=131.225.189.232-9618&noUDP&sock=8982_aaf4_3>
...
001 (221552.000.000) 07/31 07:09:36 Job executing on host: <131.225.207.118:63186?addrs=131.225.207.118-63186>
...
006 (221552.000.000) 07/31 07:09:44 Image size of job updated: 447536
	29  -  MemoryUsage of job (MB)
	29336  -  ResidentSetSize of job (KB)
...
006 (221552.000.000) 07/31 07:10:44 Image size of job updated: 447536
	71  -  MemoryUsage of job (MB)
	72432  -  ResidentSetSize of job (KB)
...
000 (222107.000.000) 07/31 07:12:54 Job submitted from host: <131.225.189.232:9618?addrs=131.225.189.232-9618&noUDP&sock=8982_aaf4_3>
...
005 (221552.000.000) 07/31 07:14:17 Job terminated.
	(1) Normal termination (return value 90)
		Usr 0 00:00:02, Sys 0 00:00:21  -  Run Remote Usage
		Usr 0 00:00:00, Sys 0 00:00:00  -  Run Local Usage
		Usr 0 00:00:02, Sys 0 00:00:21  -  Total Remote Usage
		Usr 0 00:00:00, Sys 0 00:00:00  -  Total Local Usage
	25576  -  Run Bytes Sent By Job
	8930  -  Run Bytes Received By Job
	25576  -  Total Bytes Sent By Job
	8930  -  Total Bytes Received By Job
	Partitionable Resources :    Usage  Request Allocated
	   Cpus                 :                 1         1
	   Disk (KB)            :  6484088 10000000  12547084
	   Memory (MB)          :       71     2100      2100
...
001 (222107.000.000) 07/31 07:14:42 Job executing on host: <131.225.191.74:54794?addrs=131.225.191.74-54794>
...
006 (222107.000.000) 07/31 07:14:51 Image size of job updated: 2
	3  -  MemoryUsage of job (MB)
	2432  -  ResidentSetSize of job (KB)
...
006 (222107.000.000) 07/31 07:15:51 Image size of job updated: 447524
	69  -  MemoryUsage of job (MB)
	70408  -  ResidentSetSize of job (KB)
...
006 (222107.000.000) 07/31 07:17:35 Image size of job updated: 773036
	69  -  MemoryUsage of job (MB)
	70408  -  ResidentSetSize of job (KB)
...
005 (222107.000.000) 07/31 07:17:36 Job terminated.
	(1) Normal termination (return value 65)
		Usr 0 00:00:15, Sys 0 00:00:27  -  Run Remote Usage
		Usr 0 00:00:00, Sys 0 00:00:00  -  Run Local Usage
		Usr 0 00:00:15, Sys 0 00:00:27  -  Total Remote Usage
		Usr 0 00:00:00, Sys 0 00:00:00  -  Total Local Usage
	14812  -  Run Bytes Sent By Job
	8930  -  Run Bytes Received By Job
	14812  -  Total Bytes Sent By Job
	8930  -  Total Bytes Received By Job
	Partitionable Resources :    Usage  Request Allocated
	   Cpus                 :                 1         1
	   Disk (KB)            :  6794781 10000000  15884084
	   Memory (MB)          :       69     2100      2100
...
000 (222669.000.000) 07/31 08:33:03 Job submitted from host: <131.225.189.232:9618?addrs=131.225.189.232-9618&noUDP&sock=8982_aaf4_3>
...
001 (222669.000.000) 07/31 08:35:05 Job executing on host: <131.225.207.162:57873?addrs=131.225.207.162-57873>
...
006 (222669.000.000) 07/31 08:35:13 Image size of job updated: 2
	3  -  MemoryUsage of job (MB)
	2420  -  ResidentSetSize of job (KB)
...
006 (222669.000.000) 07/31 08:36:13 Image size of job updated: 447524
	71  -  MemoryUsage of job (MB)
	72348  -  ResidentSetSize of job (KB)
...
006 (222669.000.000) 07/31 08:37:39 Image size of job updated: 773044
	71  -  MemoryUsage of job (MB)
	72348  -  ResidentSetSize of job (KB)
...
005 (222669.000.000) 07/31 08:37:40 Job terminated.
	(1) Normal termination (return value 65)
		Usr 0 00:00:12, Sys 0 00:00:19  -  Run Remote Usage
		Usr 0 00:00:00, Sys 0 00:00:00  -  Run Local Usage
		Usr 0 00:00:12, Sys 0 00:00:19  -  Total Remote Usage
		Usr 0 00:00:00, Sys 0 00:00:00  -  Total Local Usage
	12995  -  Run Bytes Sent By Job
	8930  -  Run Bytes Received By Job
	12995  -  Total Bytes Sent By Job
	8930  -  Total Bytes Received By Job
	Partitionable Resources :    Usage  Request Allocated
	   Cpus                 :                 1         1
	   Disk (KB)            :  7614405 10000000  10356507
	   Memory (MB)          :       71     2100      2100
...
