000 (220709.000.000) 07/31 06:48:53 Job submitted from host: <131.225.189.232:9618?addrs=131.225.189.232-9618&noUDP&sock=8982_aaf4_3>
...
001 (220709.000.000) 07/31 06:49:14 Job executing on host: <131.225.204.111:64921?addrs=131.225.204.111-64921>
...
006 (220709.000.000) 07/31 06:49:23 Image size of job updated: 447524
	71  -  MemoryUsage of job (MB)
	72344  -  ResidentSetSize of job (KB)
...
005 (220709.000.000) 07/31 06:51:50 Job terminated.
	(1) Normal termination (return value 90)
		Usr 0 00:00:01, Sys 0 00:00:18  -  Run Remote Usage
		Usr 0 00:00:00, Sys 0 00:00:00  -  Run Local Usage
		Usr 0 00:00:01, Sys 0 00:00:18  -  Total Remote Usage
		Usr 0 00:00:00, Sys 0 00:00:00  -  Total Local Usage
	13277  -  Run Bytes Sent By Job
	8930  -  Run Bytes Received By Job
	13277  -  Total Bytes Sent By Job
	8930  -  Total Bytes Received By Job
	Partitionable Resources :    Usage  Request Allocated
	   Cpus                 :                 1         1
	   Disk (KB)            :  5998625 10000000  10487385
	   Memory (MB)          :       71     2100      2100
...
000 (221271.000.000) 07/31 07:07:25 Job submitted from host: <131.225.189.232:9618?addrs=131.225.189.232-9618&noUDP&sock=8982_aaf4_3>
...
001 (221271.000.000) 07/31 07:07:58 Job executing on host: <131.225.204.118:52953?addrs=131.225.204.118-52953>
...
006 (221271.000.000) 07/31 07:08:07 Image size of job updated: 447524
	71  -  MemoryUsage of job (MB)
	72348  -  ResidentSetSize of job (KB)
...
005 (221271.000.000) 07/31 07:10:36 Job terminated.
	(1) Normal termination (return value 90)
		Usr 0 00:00:01, Sys 0 00:00:12  -  Run Remote Usage
		Usr 0 00:00:00, Sys 0 00:00:00  -  Run Local Usage
		Usr 0 00:00:01, Sys 0 00:00:12  -  Total Remote Usage
		Usr 0 00:00:00, Sys 0 00:00:00  -  Total Local Usage
	14244  -  Run Bytes Sent By Job
	8930  -  Run Bytes Received By Job
	14244  -  Total Bytes Sent By Job
	8930  -  Total Bytes Received By Job
	Partitionable Resources :    Usage  Request Allocated
	   Cpus                 :                 1         1
	   Disk (KB)            :  5288046 10000000  10287204
	   Memory (MB)          :       71     2100      2100
...
000 (221826.000.000) 07/31 07:12:07 Job submitted from host: <131.225.189.232:9618?addrs=131.225.189.232-9618&noUDP&sock=8982_aaf4_3>
...
001 (221826.000.000) 07/31 07:12:21 Job executing on host: <131.225.204.108:37618?addrs=131.225.204.108-37618>
...
006 (221826.000.000) 07/31 07:12:29 Image size of job updated: 447532
	19  -  MemoryUsage of job (MB)
	19100  -  ResidentSetSize of job (KB)
...
006 (221826.000.000) 07/31 07:13:29 Image size of job updated: 447532
	71  -  MemoryUsage of job (MB)
	72348  -  ResidentSetSize of job (KB)
...
006 (221826.000.000) 07/31 07:18:25 Image size of job updated: 487340
	71  -  MemoryUsage of job (MB)
	72348  -  ResidentSetSize of job (KB)
...
005 (221826.000.000) 07/31 07:18:26 Job terminated.
	(1) Normal termination (return value 65)
		Usr 0 00:00:05, Sys 0 00:00:20  -  Run Remote Usage
		Usr 0 00:00:00, Sys 0 00:00:00  -  Run Local Usage
		Usr 0 00:00:05, Sys 0 00:00:20  -  Total Remote Usage
		Usr 0 00:00:00, Sys 0 00:00:00  -  Total Local Usage
	30095  -  Run Bytes Sent By Job
	8930  -  Run Bytes Received By Job
	30095  -  Total Bytes Sent By Job
	8930  -  Total Bytes Received By Job
	Partitionable Resources :    Usage  Request Allocated
	   Cpus                 :                 1         1
	   Disk (KB)            :  5189162 10000000  10287195
	   Memory (MB)          :       71     2100      2100
...
000 (222388.000.000) 07/31 08:32:42 Job submitted from host: <131.225.189.232:9618?addrs=131.225.189.232-9618&noUDP&sock=8982_aaf4_3>
...
001 (222388.000.000) 07/31 08:33:22 Job executing on host: <131.225.207.173:60913?addrs=131.225.207.173-60913>
...
006 (222388.000.000) 07/31 08:33:31 Image size of job updated: 2
	3  -  MemoryUsage of job (MB)
	2424  -  ResidentSetSize of job (KB)
...
006 (222388.000.000) 07/31 08:34:32 Image size of job updated: 447524
	69  -  MemoryUsage of job (MB)
	70412  -  ResidentSetSize of job (KB)
...
006 (222388.000.000) 07/31 08:37:33 Image size of job updated: 707760
	69  -  MemoryUsage of job (MB)
	70412  -  ResidentSetSize of job (KB)
...
005 (222388.000.000) 07/31 08:37:34 Job terminated.
	(1) Normal termination (return value 65)
		Usr 0 00:00:10, Sys 0 00:00:19  -  Run Remote Usage
		Usr 0 00:00:00, Sys 0 00:00:00  -  Run Local Usage
		Usr 0 00:00:10, Sys 0 00:00:19  -  Total Remote Usage
		Usr 0 00:00:00, Sys 0 00:00:00  -  Total Local Usage
	19496  -  Run Bytes Sent By Job
	8930  -  Run Bytes Received By Job
	19496  -  Total Bytes Sent By Job
	8930  -  Total Bytes Received By Job
	Partitionable Resources :    Usage  Request Allocated
	   Cpus                 :                 1         1
	   Disk (KB)            :  6010215 10000000  10539714
	   Memory (MB)          :       69     2100      2100
...
000 (222943.000.000) 07/31 08:49:51 Job submitted from host: <131.225.189.232:9618?addrs=131.225.189.232-9618&noUDP&sock=8982_aaf4_3>
...
001 (222943.000.000) 07/31 08:50:34 Job executing on host: <131.225.206.208:5672?addrs=131.225.206.208-5672>
...
006 (222943.000.000) 07/31 08:50:44 Image size of job updated: 447524
	56  -  MemoryUsage of job (MB)
	57264  -  ResidentSetSize of job (KB)
...
006 (222943.000.000) 07/31 08:51:44 Image size of job updated: 447524
	70  -  MemoryUsage of job (MB)
	71356  -  ResidentSetSize of job (KB)
...
006 (222943.000.000) 07/31 08:56:39 Image size of job updated: 493964
	70  -  MemoryUsage of job (MB)
	71356  -  ResidentSetSize of job (KB)
...
005 (222943.000.000) 07/31 08:56:40 Job terminated.
	(1) Normal termination (return value 65)
		Usr 0 00:00:05, Sys 0 00:00:22  -  Run Remote Usage
		Usr 0 00:00:00, Sys 0 00:00:00  -  Run Local Usage
		Usr 0 00:00:05, Sys 0 00:00:22  -  Total Remote Usage
		Usr 0 00:00:00, Sys 0 00:00:00  -  Total Local Usage
	29889  -  Run Bytes Sent By Job
	44439  -  Run Bytes Received By Job
	29889  -  Total Bytes Sent By Job
	44439  -  Total Bytes Received By Job
	Partitionable Resources :    Usage  Request Allocated
	   Cpus                 :                 1         1
	   Disk (KB)            :  5257404 10000000  11698332
	   Memory (MB)          :       70     2100      2100
...
000 (223498.000.000) 07/31 09:06:20 Job submitted from host: <131.225.189.232:9618?addrs=131.225.189.232-9618&noUDP&sock=8982_aaf4_3>
...
