000 (220634.000.000) 07/31 06:48:38 Job submitted from host: <131.225.189.232:9618?addrs=131.225.189.232-9618&noUDP&sock=8982_aaf4_3>
...
001 (220634.000.000) 07/31 06:48:59 Job executing on host: <131.225.191.131:51883?addrs=131.225.191.131-51883>
...
006 (220634.000.000) 07/31 06:49:08 Image size of job updated: 447536
	27  -  MemoryUsage of job (MB)
	27292  -  ResidentSetSize of job (KB)
...
006 (220634.000.000) 07/31 06:50:09 Image size of job updated: 447536
	70  -  MemoryUsage of job (MB)
	71356  -  ResidentSetSize of job (KB)
...
005 (220634.000.000) 07/31 06:53:12 Job terminated.
	(1) Normal termination (return value 90)
		Usr 0 00:00:01, Sys 0 00:00:20  -  Run Remote Usage
		Usr 0 00:00:00, Sys 0 00:00:00  -  Run Local Usage
		Usr 0 00:00:01, Sys 0 00:00:20  -  Total Remote Usage
		Usr 0 00:00:00, Sys 0 00:00:00  -  Total Local Usage
	21326  -  Run Bytes Sent By Job
	8930  -  Run Bytes Received By Job
	21326  -  Total Bytes Sent By Job
	8930  -  Total Bytes Received By Job
	Partitionable Resources :    Usage  Request Allocated
	   Cpus                 :                 1         1
	   Disk (KB)            :  5114899 10000000  11472580
	   Memory (MB)          :       70     2100      2100
...
000 (221196.000.000) 07/31 07:07:12 Job submitted from host: <131.225.189.232:9618?addrs=131.225.189.232-9618&noUDP&sock=8982_aaf4_3>
...
001 (221196.000.000) 07/31 07:07:43 Job executing on host: <131.225.206.111:11920?addrs=131.225.206.111-11920>
...
006 (221196.000.000) 07/31 07:07:52 Image size of job updated: 447524
	23  -  MemoryUsage of job (MB)
	22944  -  ResidentSetSize of job (KB)
...
006 (221196.000.000) 07/31 07:08:53 Image size of job updated: 447524
	69  -  MemoryUsage of job (MB)
	70292  -  ResidentSetSize of job (KB)
...
006 (221196.000.000) 07/31 07:09:54 Image size of job updated: 447524
	69  -  MemoryUsage of job (MB)
	70320  -  ResidentSetSize of job (KB)
...
005 (221196.000.000) 07/31 07:11:03 Job terminated.
	(1) Normal termination (return value 90)
		Usr 0 00:00:01, Sys 0 00:00:17  -  Run Remote Usage
		Usr 0 00:00:00, Sys 0 00:00:00  -  Run Local Usage
		Usr 0 00:00:01, Sys 0 00:00:17  -  Total Remote Usage
		Usr 0 00:00:00, Sys 0 00:00:00  -  Total Local Usage
	14594  -  Run Bytes Sent By Job
	8930  -  Run Bytes Received By Job
	14594  -  Total Bytes Sent By Job
	8930  -  Total Bytes Received By Job
	Partitionable Resources :    Usage  Request Allocated
	   Cpus                 :                 1         1
	   Disk (KB)            :  5091437 10000000  10538253
	   Memory (MB)          :       69     2100      2100
...
000 (221751.000.000) 07/31 07:11:54 Job submitted from host: <131.225.189.232:9618?addrs=131.225.189.232-9618&noUDP&sock=8982_aaf4_3>
...
001 (221751.000.000) 07/31 07:12:37 Job executing on host: <131.225.204.82:42014?addrs=131.225.204.82-42014>
...
006 (221751.000.000) 07/31 07:12:47 Image size of job updated: 2
	3  -  MemoryUsage of job (MB)
	2424  -  ResidentSetSize of job (KB)
...
006 (221751.000.000) 07/31 07:13:47 Image size of job updated: 447524
	69  -  MemoryUsage of job (MB)
	70440  -  ResidentSetSize of job (KB)
...
006 (221751.000.000) 07/31 07:16:43 Image size of job updated: 772020
	69  -  MemoryUsage of job (MB)
	70440  -  ResidentSetSize of job (KB)
...
005 (221751.000.000) 07/31 07:16:44 Job terminated.
	(1) Normal termination (return value 65)
		Usr 0 00:00:13, Sys 0 00:00:14  -  Run Remote Usage
		Usr 0 00:00:00, Sys 0 00:00:00  -  Run Local Usage
		Usr 0 00:00:13, Sys 0 00:00:14  -  Total Remote Usage
		Usr 0 00:00:00, Sys 0 00:00:00  -  Total Local Usage
	20168  -  Run Bytes Sent By Job
	8930  -  Run Bytes Received By Job
	20168  -  Total Bytes Sent By Job
	8930  -  Total Bytes Received By Job
	Partitionable Resources :    Usage  Request Allocated
	   Cpus                 :                 1         1
	   Disk (KB)            :  5582369 10000000  10005624
	   Memory (MB)          :       69     2100      2100
...
000 (222313.000.000) 07/31 08:32:37 Job submitted from host: <131.225.189.232:9618?addrs=131.225.189.232-9618&noUDP&sock=8982_aaf4_3>
...
001 (222313.000.000) 07/31 08:33:19 Job executing on host: <131.225.206.232:23648?addrs=131.225.206.232-23648>
...
006 (222313.000.000) 07/31 08:33:28 Image size of job updated: 74028
	14  -  MemoryUsage of job (MB)
	13608  -  ResidentSetSize of job (KB)
...
006 (222313.000.000) 07/31 08:34:33 Image size of job updated: 447524
	71  -  MemoryUsage of job (MB)
	72352  -  ResidentSetSize of job (KB)
...
006 (222313.000.000) 07/31 08:44:45 Image size of job updated: 719024
	71  -  MemoryUsage of job (MB)
	72352  -  ResidentSetSize of job (KB)
...
005 (222313.000.000) 07/31 08:44:46 Job terminated.
	(1) Normal termination (return value 65)
		Usr 0 00:00:09, Sys 0 00:00:21  -  Run Remote Usage
		Usr 0 00:00:00, Sys 0 00:00:00  -  Run Local Usage
		Usr 0 00:00:09, Sys 0 00:00:21  -  Total Remote Usage
		Usr 0 00:00:00, Sys 0 00:00:00  -  Total Local Usage
	25898  -  Run Bytes Sent By Job
	8930  -  Run Bytes Received By Job
	25898  -  Total Bytes Sent By Job
	8930  -  Total Bytes Received By Job
	Partitionable Resources :    Usage  Request Allocated
	   Cpus                 :                 1         1
	   Disk (KB)            :  6277568 10000000  11636272
	   Memory (MB)          :       71     2100      2100
...
000 (222868.000.000) 07/31 08:49:47 Job submitted from host: <131.225.189.232:9618?addrs=131.225.189.232-9618&noUDP&sock=8982_aaf4_3>
...
001 (222868.000.000) 07/31 08:50:18 Job executing on host: <131.225.206.2:4181?addrs=131.225.206.2-4181>
...
006 (222868.000.000) 07/31 08:50:27 Image size of job updated: 2
	3  -  MemoryUsage of job (MB)
	2420  -  ResidentSetSize of job (KB)
...
006 (222868.000.000) 07/31 08:51:28 Image size of job updated: 447524
	71  -  MemoryUsage of job (MB)
	72348  -  ResidentSetSize of job (KB)
...
006 (222868.000.000) 07/31 08:52:24 Image size of job updated: 682160
	71  -  MemoryUsage of job (MB)
	72348  -  ResidentSetSize of job (KB)
...
005 (222868.000.000) 07/31 08:52:24 Job terminated.
	(1) Normal termination (return value 65)
		Usr 0 00:00:08, Sys 0 00:00:14  -  Run Remote Usage
		Usr 0 00:00:00, Sys 0 00:00:00  -  Run Local Usage
		Usr 0 00:00:08, Sys 0 00:00:14  -  Total Remote Usage
		Usr 0 00:00:00, Sys 0 00:00:00  -  Total Local Usage
	8852  -  Run Bytes Sent By Job
	44439  -  Run Bytes Received By Job
	8852  -  Total Bytes Sent By Job
	44439  -  Total Bytes Received By Job
	Partitionable Resources :    Usage  Request Allocated
	   Cpus                 :                 1         1
	   Disk (KB)            :  6277390 10000000  10606056
	   Memory (MB)          :       71     2100      2100
...
000 (223423.000.000) 07/31 09:06:16 Job submitted from host: <131.225.189.232:9618?addrs=131.225.189.232-9618&noUDP&sock=8982_aaf4_3>
...
