000 (220547.000.000) 07/31 06:48:19 Job submitted from host: <131.225.189.232:9618?addrs=131.225.189.232-9618&noUDP&sock=8982_aaf4_3>
...
001 (220547.000.000) 07/31 06:48:34 Job executing on host: <131.225.191.134:57505?addrs=131.225.191.134-57505>
...
006 (220547.000.000) 07/31 06:48:43 Image size of job updated: 447524
	71  -  MemoryUsage of job (MB)
	72344  -  ResidentSetSize of job (KB)
...
005 (220547.000.000) 07/31 06:53:02 Job terminated.
	(1) Normal termination (return value 90)
		Usr 0 00:00:01, Sys 0 00:00:17  -  Run Remote Usage
		Usr 0 00:00:00, Sys 0 00:00:00  -  Run Local Usage
		Usr 0 00:00:01, Sys 0 00:00:17  -  Total Remote Usage
		Usr 0 00:00:00, Sys 0 00:00:00  -  Total Local Usage
	22334  -  Run Bytes Sent By Job
	8930  -  Run Bytes Received By Job
	22334  -  Total Bytes Sent By Job
	8930  -  Total Bytes Received By Job
	Partitionable Resources :    Usage  Request Allocated
	   Cpus                 :                 1         1
	   Disk (KB)            :  5966871 10000000  12171736
	   Memory (MB)          :       71     2100      2100
...
000 (221109.000.000) 07/31 07:06:56 Job submitted from host: <131.225.189.232:9618?addrs=131.225.189.232-9618&noUDP&sock=8982_aaf4_3>
...
001 (221109.000.000) 07/31 07:07:14 Job executing on host: <131.225.206.222:59732?addrs=131.225.206.222-59732>
...
006 (221109.000.000) 07/31 07:07:23 Image size of job updated: 447524
	71  -  MemoryUsage of job (MB)
	72344  -  ResidentSetSize of job (KB)
...
005 (221109.000.000) 07/31 07:10:13 Job terminated.
	(1) Normal termination (return value 90)
		Usr 0 00:00:01, Sys 0 00:00:17  -  Run Remote Usage
		Usr 0 00:00:00, Sys 0 00:00:00  -  Run Local Usage
		Usr 0 00:00:01, Sys 0 00:00:17  -  Total Remote Usage
		Usr 0 00:00:00, Sys 0 00:00:00  -  Total Local Usage
	13016  -  Run Bytes Sent By Job
	8930  -  Run Bytes Received By Job
	13016  -  Total Bytes Sent By Job
	8930  -  Total Bytes Received By Job
	Partitionable Resources :    Usage  Request Allocated
	   Cpus                 :                 1         1
	   Disk (KB)            :  3862633 10000000  11898792
	   Memory (MB)          :       71     2100      2100
...
000 (221664.000.000) 07/31 07:11:38 Job submitted from host: <131.225.189.232:9618?addrs=131.225.189.232-9618&noUDP&sock=8982_aaf4_3>
...
001 (221664.000.000) 07/31 07:11:48 Job executing on host: <131.225.207.162:57873?addrs=131.225.207.162-57873>
...
006 (221664.000.000) 07/31 07:11:57 Image size of job updated: 447528
	9  -  MemoryUsage of job (MB)
	8864  -  ResidentSetSize of job (KB)
...
006 (221664.000.000) 07/31 07:12:58 Image size of job updated: 447528
	69  -  MemoryUsage of job (MB)
	70044  -  ResidentSetSize of job (KB)
...
006 (221664.000.000) 07/31 07:13:59 Image size of job updated: 447528
	69  -  MemoryUsage of job (MB)
	70296  -  ResidentSetSize of job (KB)
...
006 (221664.000.000) 07/31 07:18:00 Image size of job updated: 493712
	261  -  MemoryUsage of job (MB)
	266616  -  ResidentSetSize of job (KB)
...
005 (221664.000.000) 07/31 07:18:06 Job terminated.
	(1) Normal termination (return value 65)
		Usr 0 00:00:05, Sys 0 00:00:14  -  Run Remote Usage
		Usr 0 00:00:00, Sys 0 00:00:00  -  Run Local Usage
		Usr 0 00:00:05, Sys 0 00:00:14  -  Total Remote Usage
		Usr 0 00:00:00, Sys 0 00:00:00  -  Total Local Usage
	26190  -  Run Bytes Sent By Job
	8930  -  Run Bytes Received By Job
	26190  -  Total Bytes Sent By Job
	8930  -  Total Bytes Received By Job
	Partitionable Resources :    Usage  Request Allocated
	   Cpus                 :                 1         1
	   Disk (KB)            :  6212626 10000000  10222068
	   Memory (MB)          :      261     2100      2100
...
