000 (220742.000.000) 07/31 06:49:00 Job submitted from host: <131.225.189.232:9618?addrs=131.225.189.232-9618&noUDP&sock=8982_aaf4_3>
...
001 (220742.000.000) 07/31 06:49:21 Job executing on host: <131.225.204.118:52953?addrs=131.225.204.118-52953>
...
006 (220742.000.000) 07/31 06:49:30 Image size of job updated: 2
	3  -  MemoryUsage of job (MB)
	2424  -  ResidentSetSize of job (KB)
...
006 (220742.000.000) 07/31 06:50:31 Image size of job updated: 447524
	69  -  MemoryUsage of job (MB)
	70316  -  ResidentSetSize of job (KB)
...
005 (220742.000.000) 07/31 06:52:00 Job terminated.
	(1) Normal termination (return value 90)
		Usr 0 00:00:01, Sys 0 00:00:08  -  Run Remote Usage
		Usr 0 00:00:00, Sys 0 00:00:00  -  Run Local Usage
		Usr 0 00:00:01, Sys 0 00:00:08  -  Total Remote Usage
		Usr 0 00:00:00, Sys 0 00:00:00  -  Total Local Usage
	15773  -  Run Bytes Sent By Job
	8930  -  Run Bytes Received By Job
	15773  -  Total Bytes Sent By Job
	8930  -  Total Bytes Received By Job
	Partitionable Resources :    Usage  Request Allocated
	   Cpus                 :                 1         1
	   Disk (KB)            :  3214351 10000000  10294377
	   Memory (MB)          :       69     2100      2100
...
000 (221304.000.000) 07/31 07:07:30 Job submitted from host: <131.225.189.232:9618?addrs=131.225.189.232-9618&noUDP&sock=8982_aaf4_3>
...
001 (221304.000.000) 07/31 07:08:04 Job executing on host: <131.225.206.206:31171?addrs=131.225.206.206-31171>
...
006 (221304.000.000) 07/31 07:08:13 Image size of job updated: 447524
	73  -  MemoryUsage of job (MB)
	74376  -  ResidentSetSize of job (KB)
...
005 (221304.000.000) 07/31 07:11:07 Job terminated.
	(1) Normal termination (return value 90)
		Usr 0 00:00:01, Sys 0 00:00:13  -  Run Remote Usage
		Usr 0 00:00:00, Sys 0 00:00:00  -  Run Local Usage
		Usr 0 00:00:01, Sys 0 00:00:13  -  Total Remote Usage
		Usr 0 00:00:00, Sys 0 00:00:00  -  Total Local Usage
	15632  -  Run Bytes Sent By Job
	8930  -  Run Bytes Received By Job
	15632  -  Total Bytes Sent By Job
	8930  -  Total Bytes Received By Job
	Partitionable Resources :    Usage  Request Allocated
	   Cpus                 :                 1         1
	   Disk (KB)            :  2764908 10000000  12153488
	   Memory (MB)          :       73     2100      2100
...
000 (221859.000.000) 07/31 07:12:13 Job submitted from host: <131.225.189.232:9618?addrs=131.225.189.232-9618&noUDP&sock=8982_aaf4_3>
...
001 (221859.000.000) 07/31 07:12:35 Job executing on host: <131.225.205.180:30887?addrs=131.225.205.180-30887>
...
006 (221859.000.000) 07/31 07:12:44 Image size of job updated: 2
	3  -  MemoryUsage of job (MB)
	2424  -  ResidentSetSize of job (KB)
...
006 (221859.000.000) 07/31 07:13:46 Image size of job updated: 447524
	70  -  MemoryUsage of job (MB)
	71356  -  ResidentSetSize of job (KB)
...
006 (221859.000.000) 07/31 07:14:46 Image size of job updated: 473904
	186  -  MemoryUsage of job (MB)
	190216  -  ResidentSetSize of job (KB)
...
006 (221859.000.000) 07/31 07:15:48 Image size of job updated: 766640
	186  -  MemoryUsage of job (MB)
	190216  -  ResidentSetSize of job (KB)
...
005 (221859.000.000) 07/31 07:16:07 Job terminated.
	(1) Normal termination (return value 65)
		Usr 0 00:00:16, Sys 0 00:00:11  -  Run Remote Usage
		Usr 0 00:00:00, Sys 0 00:00:00  -  Run Local Usage
		Usr 0 00:00:16, Sys 0 00:00:11  -  Total Remote Usage
		Usr 0 00:00:00, Sys 0 00:00:00  -  Total Local Usage
	9988  -  Run Bytes Sent By Job
	8930  -  Run Bytes Received By Job
	9988  -  Total Bytes Sent By Job
	8930  -  Total Bytes Received By Job
	Partitionable Resources :    Usage  Request Allocated
	   Cpus                 :                 1         1
	   Disk (KB)            :  3875542 10000000  16968622
	   Memory (MB)          :      186     2100      2100
...
