000 (220552.000.000) 07/31 06:48:20 Job submitted from host: <131.225.189.232:9618?addrs=131.225.189.232-9618&noUDP&sock=8982_aaf4_3>
...
001 (220552.000.000) 07/31 06:48:36 Job executing on host: <131.225.204.99:39948?addrs=131.225.204.99-39948>
...
006 (220552.000.000) 07/31 06:48:44 Image size of job updated: 447524
	71  -  MemoryUsage of job (MB)
	72348  -  ResidentSetSize of job (KB)
...
005 (220552.000.000) 07/31 06:50:12 Job terminated.
	(1) Normal termination (return value 90)
		Usr 0 00:00:00, Sys 0 00:00:10  -  Run Remote Usage
		Usr 0 00:00:00, Sys 0 00:00:00  -  Run Local Usage
		Usr 0 00:00:00, Sys 0 00:00:10  -  Total Remote Usage
		Usr 0 00:00:00, Sys 0 00:00:00  -  Total Local Usage
	8952  -  Run Bytes Sent By Job
	8930  -  Run Bytes Received By Job
	8952  -  Total Bytes Sent By Job
	8930  -  Total Bytes Received By Job
	Partitionable Resources :    Usage  Request Allocated
	   Cpus                 :                 1         1
	   Disk (KB)            :  3116040 10000000  10349112
	   Memory (MB)          :       71     2100      2100
...
000 (221114.000.000) 07/31 07:06:57 Job submitted from host: <131.225.189.232:9618?addrs=131.225.189.232-9618&noUDP&sock=8982_aaf4_3>
...
001 (221114.000.000) 07/31 07:07:16 Job executing on host: <131.225.207.54:28276?addrs=131.225.207.54-28276>
...
006 (221114.000.000) 07/31 07:07:25 Image size of job updated: 447524
	69  -  MemoryUsage of job (MB)
	70288  -  ResidentSetSize of job (KB)
...
006 (221114.000.000) 07/31 07:08:26 Image size of job updated: 447524
	69  -  MemoryUsage of job (MB)
	70416  -  ResidentSetSize of job (KB)
...
005 (221114.000.000) 07/31 07:09:12 Job terminated.
	(1) Normal termination (return value 90)
		Usr 0 00:00:01, Sys 0 00:00:09  -  Run Remote Usage
		Usr 0 00:00:00, Sys 0 00:00:00  -  Run Local Usage
		Usr 0 00:00:01, Sys 0 00:00:09  -  Total Remote Usage
		Usr 0 00:00:00, Sys 0 00:00:00  -  Total Local Usage
	10876  -  Run Bytes Sent By Job
	8930  -  Run Bytes Received By Job
	10876  -  Total Bytes Sent By Job
	8930  -  Total Bytes Received By Job
	Partitionable Resources :    Usage  Request Allocated
	   Cpus                 :                 1         1
	   Disk (KB)            :  3108969 10000000  10229166
	   Memory (MB)          :       69     2100      2100
...
000 (221669.000.000) 07/31 07:11:39 Job submitted from host: <131.225.189.232:9618?addrs=131.225.189.232-9618&noUDP&sock=8982_aaf4_3>
...
001 (221669.000.000) 07/31 07:11:48 Job executing on host: <131.225.207.146:34152?addrs=131.225.207.146-34152>
...
006 (221669.000.000) 07/31 07:11:58 Image size of job updated: 2
	3  -  MemoryUsage of job (MB)
	2420  -  ResidentSetSize of job (KB)
...
006 (221669.000.000) 07/31 07:12:58 Image size of job updated: 447524
	28  -  MemoryUsage of job (MB)
	28556  -  ResidentSetSize of job (KB)
...
006 (221669.000.000) 07/31 07:13:58 Image size of job updated: 737204
	452  -  MemoryUsage of job (MB)
	462768  -  ResidentSetSize of job (KB)
...
005 (221669.000.000) 07/31 07:14:16 Job terminated.
	(1) Normal termination (return value 65)
		Usr 0 00:00:10, Sys 0 00:00:10  -  Run Remote Usage
		Usr 0 00:00:00, Sys 0 00:00:00  -  Run Local Usage
		Usr 0 00:00:10, Sys 0 00:00:10  -  Total Remote Usage
		Usr 0 00:00:00, Sys 0 00:00:00  -  Total Local Usage
	7459  -  Run Bytes Sent By Job
	8930  -  Run Bytes Received By Job
	7459  -  Total Bytes Sent By Job
	8930  -  Total Bytes Received By Job
	Partitionable Resources :    Usage  Request Allocated
	   Cpus                 :                 1         1
	   Disk (KB)            :  3851260 10000000  10119912
	   Memory (MB)          :      452     2100      2100
...
000 (222231.000.000) 07/31 08:32:31 Job submitted from host: <131.225.189.232:9618?addrs=131.225.189.232-9618&noUDP&sock=8982_aaf4_3>
...
001 (222231.000.000) 07/31 08:32:50 Job executing on host: <131.225.204.105:13405?addrs=131.225.204.105-13405>
...
006 (222231.000.000) 07/31 08:32:59 Image size of job updated: 2
	3  -  MemoryUsage of job (MB)
	2424  -  ResidentSetSize of job (KB)
...
006 (222231.000.000) 07/31 08:34:00 Image size of job updated: 447524
	70  -  MemoryUsage of job (MB)
	71356  -  ResidentSetSize of job (KB)
...
006 (222231.000.000) 07/31 08:35:01 Image size of job updated: 486524
	253  -  MemoryUsage of job (MB)
	258948  -  ResidentSetSize of job (KB)
...
005 (222231.000.000) 07/31 08:35:03 Job terminated.
	(1) Normal termination (return value 65)
		Usr 0 00:00:03, Sys 0 00:00:11  -  Run Remote Usage
		Usr 0 00:00:00, Sys 0 00:00:00  -  Run Local Usage
		Usr 0 00:00:03, Sys 0 00:00:11  -  Total Remote Usage
		Usr 0 00:00:00, Sys 0 00:00:00  -  Total Local Usage
	12465  -  Run Bytes Sent By Job
	8930  -  Run Bytes Received By Job
	12465  -  Total Bytes Sent By Job
	8930  -  Total Bytes Received By Job
	Partitionable Resources :    Usage  Request Allocated
	   Cpus                 :                 1         1
	   Disk (KB)            :  3854133 10000000  10228683
	   Memory (MB)          :      253     2100      2100
...
000 (222786.000.000) 07/31 08:49:41 Job submitted from host: <131.225.189.232:9618?addrs=131.225.189.232-9618&noUDP&sock=8982_aaf4_3>
...
001 (222786.000.000) 07/31 08:50:01 Job executing on host: <131.225.206.51:32535?addrs=131.225.206.51-32535>
...
006 (222786.000.000) 07/31 08:50:09 Image size of job updated: 447524
	69  -  MemoryUsage of job (MB)
	70284  -  ResidentSetSize of job (KB)
...
006 (222786.000.000) 07/31 08:51:09 Image size of job updated: 447524
	69  -  MemoryUsage of job (MB)
	70412  -  ResidentSetSize of job (KB)
...
006 (222786.000.000) 07/31 08:52:10 Image size of job updated: 575392
	300  -  MemoryUsage of job (MB)
	306584  -  ResidentSetSize of job (KB)
...
005 (222786.000.000) 07/31 08:52:22 Job terminated.
	(1) Normal termination (return value 65)
		Usr 0 00:00:05, Sys 0 00:00:11  -  Run Remote Usage
		Usr 0 00:00:00, Sys 0 00:00:00  -  Run Local Usage
		Usr 0 00:00:05, Sys 0 00:00:11  -  Total Remote Usage
		Usr 0 00:00:00, Sys 0 00:00:00  -  Total Local Usage
	12576  -  Run Bytes Sent By Job
	44439  -  Run Bytes Received By Job
	12576  -  Total Bytes Sent By Job
	44439  -  Total Bytes Received By Job
	Partitionable Resources :    Usage  Request Allocated
	   Cpus                 :                 1         1
	   Disk (KB)            :  3853970 10000000  10442604
	   Memory (MB)          :      300     2100      2100
...
000 (223341.000.000) 07/31 09:06:13 Job submitted from host: <131.225.189.232:9618?addrs=131.225.189.232-9618&noUDP&sock=8982_aaf4_3>
...
