000 (220880.000.000) 07/31 06:49:30 Job submitted from host: <131.225.189.232:9618?addrs=131.225.189.232-9618&noUDP&sock=8982_aaf4_3>
...
001 (220880.000.000) 07/31 06:49:41 Job executing on host: <131.225.207.136:2428?addrs=131.225.207.136-2428>
...
006 (220880.000.000) 07/31 06:49:50 Image size of job updated: 447524
	71  -  MemoryUsage of job (MB)
	72344  -  ResidentSetSize of job (KB)
...
005 (220880.000.000) 07/31 06:51:57 Job terminated.
	(1) Normal termination (return value 90)
		Usr 0 00:00:00, Sys 0 00:00:18  -  Run Remote Usage
		Usr 0 00:00:00, Sys 0 00:00:00  -  Run Local Usage
		Usr 0 00:00:00, Sys 0 00:00:18  -  Total Remote Usage
		Usr 0 00:00:00, Sys 0 00:00:00  -  Total Local Usage
	9827  -  Run Bytes Sent By Job
	8930  -  Run Bytes Received By Job
	9827  -  Total Bytes Sent By Job
	8930  -  Total Bytes Received By Job
	Partitionable Resources :    Usage  Request Allocated
	   Cpus                 :                 1         1
	   Disk (KB)            :  6392843 10000000  10210761
	   Memory (MB)          :       71     2100      2100
...
000 (221442.000.000) 07/31 07:07:55 Job submitted from host: <131.225.189.232:9618?addrs=131.225.189.232-9618&noUDP&sock=8982_aaf4_3>
...
001 (221442.000.000) 07/31 07:08:02 Job executing on host: <131.225.204.115:58366?addrs=131.225.204.115-58366>
...
006 (221442.000.000) 07/31 07:08:20 Image size of job updated: 447524
	71  -  MemoryUsage of job (MB)
	72352  -  ResidentSetSize of job (KB)
...
000 (221997.000.000) 07/31 07:12:36 Job submitted from host: <131.225.189.232:9618?addrs=131.225.189.232-9618&noUDP&sock=8982_aaf4_3>
...
005 (221442.000.000) 07/31 07:12:50 Job terminated.
	(1) Normal termination (return value 90)
		Usr 0 00:00:02, Sys 0 00:00:21  -  Run Remote Usage
		Usr 0 00:00:00, Sys 0 00:00:00  -  Run Local Usage
		Usr 0 00:00:02, Sys 0 00:00:21  -  Total Remote Usage
		Usr 0 00:00:00, Sys 0 00:00:00  -  Total Local Usage
	25910  -  Run Bytes Sent By Job
	8930  -  Run Bytes Received By Job
	25910  -  Total Bytes Sent By Job
	8930  -  Total Bytes Received By Job
	Partitionable Resources :    Usage  Request Allocated
	   Cpus                 :                 1         1
	   Disk (KB)            :  5451894 10000000  10296954
	   Memory (MB)          :       71     2100      2100
...
001 (221997.000.000) 07/31 07:13:53 Job executing on host: <131.225.191.157:25051?addrs=131.225.191.157-25051>
...
006 (221997.000.000) 07/31 07:14:02 Image size of job updated: 2
	3  -  MemoryUsage of job (MB)
	2416  -  ResidentSetSize of job (KB)
...
006 (221997.000.000) 07/31 07:15:03 Image size of job updated: 447524
	71  -  MemoryUsage of job (MB)
	72352  -  ResidentSetSize of job (KB)
...
006 (221997.000.000) 07/31 07:19:05 Image size of job updated: 475684
	245  -  MemoryUsage of job (MB)
	250880  -  ResidentSetSize of job (KB)
...
005 (221997.000.000) 07/31 07:19:19 Job terminated.
	(1) Normal termination (return value 65)
		Usr 0 00:00:04, Sys 0 00:00:18  -  Run Remote Usage
		Usr 0 00:00:00, Sys 0 00:00:00  -  Run Local Usage
		Usr 0 00:00:04, Sys 0 00:00:18  -  Total Remote Usage
		Usr 0 00:00:00, Sys 0 00:00:00  -  Total Local Usage
	27319  -  Run Bytes Sent By Job
	8930  -  Run Bytes Received By Job
	27319  -  Total Bytes Sent By Job
	8930  -  Total Bytes Received By Job
	Partitionable Resources :    Usage  Request Allocated
	   Cpus                 :                 1         1
	   Disk (KB)            :  6789586 10000000  11760348
	   Memory (MB)          :      245     2100      2100
...
000 (222559.000.000) 07/31 08:32:54 Job submitted from host: <131.225.189.232:9618?addrs=131.225.189.232-9618&noUDP&sock=8982_aaf4_3>
...
001 (222559.000.000) 07/31 08:33:55 Job executing on host: <131.225.206.165:16738?addrs=131.225.206.165-16738>
...
006 (222559.000.000) 07/31 08:34:04 Image size of job updated: 447532
	23  -  MemoryUsage of job (MB)
	23196  -  ResidentSetSize of job (KB)
...
006 (222559.000.000) 07/31 08:35:05 Image size of job updated: 447532
	71  -  MemoryUsage of job (MB)
	72348  -  ResidentSetSize of job (KB)
...
006 (222559.000.000) 07/31 08:38:07 Image size of job updated: 725432
	405  -  MemoryUsage of job (MB)
	413764  -  ResidentSetSize of job (KB)
...
005 (222559.000.000) 07/31 08:38:14 Job terminated.
	(1) Normal termination (return value 65)
		Usr 0 00:00:10, Sys 0 00:00:17  -  Run Remote Usage
		Usr 0 00:00:00, Sys 0 00:00:00  -  Run Local Usage
		Usr 0 00:00:10, Sys 0 00:00:17  -  Total Remote Usage
		Usr 0 00:00:00, Sys 0 00:00:00  -  Total Local Usage
	22492  -  Run Bytes Sent By Job
	8930  -  Run Bytes Received By Job
	22492  -  Total Bytes Sent By Job
	8930  -  Total Bytes Received By Job
	Partitionable Resources :    Usage  Request Allocated
	   Cpus                 :                 1         1
	   Disk (KB)            :  6792450 10000000  11897152
	   Memory (MB)          :      405     2100      2100
...
000 (223114.000.000) 07/31 08:49:59 Job submitted from host: <131.225.189.232:9618?addrs=131.225.189.232-9618&noUDP&sock=8982_aaf4_3>
...
001 (223114.000.000) 07/31 08:50:56 Job executing on host: <131.225.207.118:63186?addrs=131.225.207.118-63186>
...
006 (223114.000.000) 07/31 08:51:04 Image size of job updated: 2
	3  -  MemoryUsage of job (MB)
	2424  -  ResidentSetSize of job (KB)
...
006 (223114.000.000) 07/31 08:52:04 Image size of job updated: 447524
	71  -  MemoryUsage of job (MB)
	72344  -  ResidentSetSize of job (KB)
...
006 (223114.000.000) 07/31 08:54:05 Image size of job updated: 699060
	415  -  MemoryUsage of job (MB)
	424716  -  ResidentSetSize of job (KB)
...
006 (223114.000.000) 07/31 08:54:19 Image size of job updated: 772788
	415  -  MemoryUsage of job (MB)
	424716  -  ResidentSetSize of job (KB)
...
005 (223114.000.000) 07/31 08:54:20 Job terminated.
	(1) Normal termination (return value 65)
		Usr 0 00:00:12, Sys 0 00:00:22  -  Run Remote Usage
		Usr 0 00:00:00, Sys 0 00:00:00  -  Run Local Usage
		Usr 0 00:00:12, Sys 0 00:00:22  -  Total Remote Usage
		Usr 0 00:00:00, Sys 0 00:00:00  -  Total Local Usage
	16475  -  Run Bytes Sent By Job
	44439  -  Run Bytes Received By Job
	16475  -  Total Bytes Sent By Job
	44439  -  Total Bytes Received By Job
	Partitionable Resources :    Usage  Request Allocated
	   Cpus                 :                 1         1
	   Disk (KB)            :  6792281 10000000  10303392
	   Memory (MB)          :      415     2100      2100
...
000 (223669.000.000) 07/31 09:06:27 Job submitted from host: <131.225.189.232:9618?addrs=131.225.189.232-9618&noUDP&sock=8982_aaf4_3>
...
