000 (220636.000.000) 07/31 06:48:38 Job submitted from host: <131.225.189.232:9618?addrs=131.225.189.232-9618&noUDP&sock=8982_aaf4_3>
...
001 (220636.000.000) 07/31 06:48:59 Job executing on host: <131.225.206.237:65172?addrs=131.225.206.237-65172>
...
006 (220636.000.000) 07/31 06:49:08 Image size of job updated: 447524
	44  -  MemoryUsage of job (MB)
	44204  -  ResidentSetSize of job (KB)
...
006 (220636.000.000) 07/31 06:50:09 Image size of job updated: 447524
	71  -  MemoryUsage of job (MB)
	72340  -  ResidentSetSize of job (KB)
...
005 (220636.000.000) 07/31 06:54:51 Job terminated.
	(1) Normal termination (return value 90)
		Usr 0 00:00:01, Sys 0 00:00:18  -  Run Remote Usage
		Usr 0 00:00:00, Sys 0 00:00:00  -  Run Local Usage
		Usr 0 00:00:01, Sys 0 00:00:18  -  Total Remote Usage
		Usr 0 00:00:00, Sys 0 00:00:00  -  Total Local Usage
	28404  -  Run Bytes Sent By Job
	8930  -  Run Bytes Received By Job
	28404  -  Total Bytes Sent By Job
	8930  -  Total Bytes Received By Job
	Partitionable Resources :    Usage  Request Allocated
	   Cpus                 :                 1         1
	   Disk (KB)            :  5278747 10000000  11792120
	   Memory (MB)          :       71     2100      2100
...
000 (221198.000.000) 07/31 07:07:13 Job submitted from host: <131.225.189.232:9618?addrs=131.225.189.232-9618&noUDP&sock=8982_aaf4_3>
...
001 (221198.000.000) 07/31 07:07:43 Job executing on host: <131.225.207.168:29999?addrs=131.225.207.168-29999>
...
006 (221198.000.000) 07/31 07:07:52 Image size of job updated: 2
	3  -  MemoryUsage of job (MB)
	2424  -  ResidentSetSize of job (KB)
...
006 (221198.000.000) 07/31 07:08:53 Image size of job updated: 447524
	70  -  MemoryUsage of job (MB)
	71348  -  ResidentSetSize of job (KB)
...
005 (221198.000.000) 07/31 07:11:34 Job terminated.
	(1) Normal termination (return value 90)
		Usr 0 00:00:01, Sys 0 00:00:17  -  Run Remote Usage
		Usr 0 00:00:00, Sys 0 00:00:00  -  Run Local Usage
		Usr 0 00:00:01, Sys 0 00:00:17  -  Total Remote Usage
		Usr 0 00:00:00, Sys 0 00:00:00  -  Total Local Usage
	22250  -  Run Bytes Sent By Job
	8930  -  Run Bytes Received By Job
	22250  -  Total Bytes Sent By Job
	8930  -  Total Bytes Received By Job
	Partitionable Resources :    Usage  Request Allocated
	   Cpus                 :                 1         1
	   Disk (KB)            :  5156979 10000000  10165560
	   Memory (MB)          :       70     2100      2100
...
000 (221753.000.000) 07/31 07:11:54 Job submitted from host: <131.225.189.232:9618?addrs=131.225.189.232-9618&noUDP&sock=8982_aaf4_3>
...
001 (221753.000.000) 07/31 07:12:13 Job executing on host: <131.225.207.49:46758?addrs=131.225.207.49-46758>
...
006 (221753.000.000) 07/31 07:12:22 Image size of job updated: 447524
	71  -  MemoryUsage of job (MB)
	72344  -  ResidentSetSize of job (KB)
...
006 (221753.000.000) 07/31 07:14:21 Image size of job updated: 769972
	71  -  MemoryUsage of job (MB)
	72344  -  ResidentSetSize of job (KB)
...
005 (221753.000.000) 07/31 07:14:22 Job terminated.
	(1) Normal termination (return value 65)
		Usr 0 00:00:12, Sys 0 00:00:19  -  Run Remote Usage
		Usr 0 00:00:00, Sys 0 00:00:00  -  Run Local Usage
		Usr 0 00:00:12, Sys 0 00:00:19  -  Total Remote Usage
		Usr 0 00:00:00, Sys 0 00:00:00  -  Total Local Usage
	9064  -  Run Bytes Sent By Job
	8930  -  Run Bytes Received By Job
	9064  -  Total Bytes Sent By Job
	8930  -  Total Bytes Received By Job
	Partitionable Resources :    Usage  Request Allocated
	   Cpus                 :                 1         1
	   Disk (KB)            :  6112392 10000000  10456617
	   Memory (MB)          :       71     2100      2100
...
000 (222315.000.000) 07/31 08:32:38 Job submitted from host: <131.225.189.232:9618?addrs=131.225.189.232-9618&noUDP&sock=8982_aaf4_3>
...
001 (222315.000.000) 07/31 08:33:07 Job executing on host: <131.225.204.93:60435?addrs=131.225.204.93-60435>
...
006 (222315.000.000) 07/31 08:33:44 Image size of job updated: 447524
	70  -  MemoryUsage of job (MB)
	71356  -  ResidentSetSize of job (KB)
...
006 (222315.000.000) 07/31 08:37:53 Image size of job updated: 669608
	70  -  MemoryUsage of job (MB)
	71356  -  ResidentSetSize of job (KB)
...
005 (222315.000.000) 07/31 08:37:54 Job terminated.
	(1) Normal termination (return value 65)
		Usr 0 00:00:09, Sys 0 00:00:23  -  Run Remote Usage
		Usr 0 00:00:00, Sys 0 00:00:00  -  Run Local Usage
		Usr 0 00:00:09, Sys 0 00:00:23  -  Total Remote Usage
		Usr 0 00:00:00, Sys 0 00:00:00  -  Total Local Usage
	19153  -  Run Bytes Sent By Job
	8930  -  Run Bytes Received By Job
	19153  -  Total Bytes Sent By Job
	8930  -  Total Bytes Received By Job
	Partitionable Resources :    Usage  Request Allocated
	   Cpus                 :                 1         1
	   Disk (KB)            :  2275657 10000000  10233750
	   Memory (MB)          :       70     2100      2100
...
