000 (220826.000.000) 07/31 06:49:18 Job submitted from host: <131.225.189.232:9618?addrs=131.225.189.232-9618&noUDP&sock=8982_aaf4_3>
...
001 (220826.000.000) 07/31 06:49:39 Job executing on host: <131.225.191.226:14321?addrs=131.225.191.226-14321>
...
006 (220826.000.000) 07/31 06:49:48 Image size of job updated: 447524
	71  -  MemoryUsage of job (MB)
	72352  -  ResidentSetSize of job (KB)
...
005 (220826.000.000) 07/31 06:51:36 Job terminated.
	(1) Normal termination (return value 90)
		Usr 0 00:00:00, Sys 0 00:00:16  -  Run Remote Usage
		Usr 0 00:00:00, Sys 0 00:00:00  -  Run Local Usage
		Usr 0 00:00:00, Sys 0 00:00:16  -  Total Remote Usage
		Usr 0 00:00:00, Sys 0 00:00:00  -  Total Local Usage
	12123  -  Run Bytes Sent By Job
	8930  -  Run Bytes Received By Job
	12123  -  Total Bytes Sent By Job
	8930  -  Total Bytes Received By Job
	Partitionable Resources :    Usage  Request Allocated
	   Cpus                 :                 1         1
	   Disk (KB)            :  4164619 10000000  15986026
	   Memory (MB)          :       71     2100      2100
...
000 (221388.000.000) 07/31 07:07:46 Job submitted from host: <131.225.189.232:9618?addrs=131.225.189.232-9618&noUDP&sock=8982_aaf4_3>
...
001 (221388.000.000) 07/31 07:08:23 Job executing on host: <131.225.206.171:9309?addrs=131.225.206.171-9309>
...
006 (221388.000.000) 07/31 07:08:32 Image size of job updated: 102480
	3  -  MemoryUsage of job (MB)
	2468  -  ResidentSetSize of job (KB)
...
006 (221388.000.000) 07/31 07:09:33 Image size of job updated: 447524
	71  -  MemoryUsage of job (MB)
	72344  -  ResidentSetSize of job (KB)
...
005 (221388.000.000) 07/31 07:10:11 Job terminated.
	(1) Normal termination (return value 90)
		Usr 0 00:00:01, Sys 0 00:00:19  -  Run Remote Usage
		Usr 0 00:00:00, Sys 0 00:00:00  -  Run Local Usage
		Usr 0 00:00:01, Sys 0 00:00:19  -  Total Remote Usage
		Usr 0 00:00:00, Sys 0 00:00:00  -  Total Local Usage
	10427  -  Run Bytes Sent By Job
	8930  -  Run Bytes Received By Job
	10427  -  Total Bytes Sent By Job
	8930  -  Total Bytes Received By Job
	Partitionable Resources :    Usage  Request Allocated
	   Cpus                 :                 1         1
	   Disk (KB)            :  3879016 10000000  11995960
	   Memory (MB)          :       71     2100      2100
...
000 (221943.000.000) 07/31 07:12:27 Job submitted from host: <131.225.189.232:9618?addrs=131.225.189.232-9618&noUDP&sock=8982_aaf4_3>
...
001 (221943.000.000) 07/31 07:13:17 Job executing on host: <131.225.191.155:28550?addrs=131.225.191.155-28550>
...
006 (221943.000.000) 07/31 07:13:25 Image size of job updated: 2
	3  -  MemoryUsage of job (MB)
	2424  -  ResidentSetSize of job (KB)
...
006 (221943.000.000) 07/31 07:14:25 Image size of job updated: 447524
	71  -  MemoryUsage of job (MB)
	71980  -  ResidentSetSize of job (KB)
...
006 (221943.000.000) 07/31 07:17:25 Image size of job updated: 589848
	305  -  MemoryUsage of job (MB)
	312124  -  ResidentSetSize of job (KB)
...
006 (221943.000.000) 07/31 07:18:09 Image size of job updated: 772784
	305  -  MemoryUsage of job (MB)
	312124  -  ResidentSetSize of job (KB)
...
005 (221943.000.000) 07/31 07:18:10 Job terminated.
	(1) Normal termination (return value 65)
		Usr 0 00:00:12, Sys 0 00:00:22  -  Run Remote Usage
		Usr 0 00:00:00, Sys 0 00:00:00  -  Run Local Usage
		Usr 0 00:00:12, Sys 0 00:00:22  -  Total Remote Usage
		Usr 0 00:00:00, Sys 0 00:00:00  -  Total Local Usage
	16764  -  Run Bytes Sent By Job
	8930  -  Run Bytes Received By Job
	16764  -  Total Bytes Sent By Job
	8930  -  Total Bytes Received By Job
	Partitionable Resources :    Usage  Request Allocated
	   Cpus                 :                 1         1
	   Disk (KB)            :  6615310 10000000  12168524
	   Memory (MB)          :      305     2100      2100
...
000 (222505.000.000) 07/31 08:32:51 Job submitted from host: <131.225.189.232:9618?addrs=131.225.189.232-9618&noUDP&sock=8982_aaf4_3>
...
001 (222505.000.000) 07/31 08:33:50 Job executing on host: <131.225.205.192:16216?addrs=131.225.205.192-16216>
...
006 (222505.000.000) 07/31 08:34:00 Image size of job updated: 2
	3  -  MemoryUsage of job (MB)
	2424  -  ResidentSetSize of job (KB)
...
006 (222505.000.000) 07/31 08:35:00 Image size of job updated: 447524
	70  -  MemoryUsage of job (MB)
	71356  -  ResidentSetSize of job (KB)
...
006 (222505.000.000) 07/31 08:35:49 Image size of job updated: 772784
	70  -  MemoryUsage of job (MB)
	71356  -  ResidentSetSize of job (KB)
...
005 (222505.000.000) 07/31 08:35:50 Job terminated.
	(1) Normal termination (return value 65)
		Usr 0 00:00:16, Sys 0 00:00:18  -  Run Remote Usage
		Usr 0 00:00:00, Sys 0 00:00:00  -  Run Local Usage
		Usr 0 00:00:16, Sys 0 00:00:18  -  Total Remote Usage
		Usr 0 00:00:00, Sys 0 00:00:00  -  Total Local Usage
	9674  -  Run Bytes Sent By Job
	8930  -  Run Bytes Received By Job
	9674  -  Total Bytes Sent By Job
	8930  -  Total Bytes Received By Job
	Partitionable Resources :    Usage  Request Allocated
	   Cpus                 :                 1         1
	   Disk (KB)            :  6175052 10000000  17118183
	   Memory (MB)          :       70     2100      2100
...
