000 (220651.000.000) 07/31 06:48:41 Job submitted from host: <131.225.189.232:9618?addrs=131.225.189.232-9618&noUDP&sock=8982_aaf4_3>
...
001 (220651.000.000) 07/31 06:49:03 Job executing on host: <131.225.191.130:56709?addrs=131.225.191.130-56709>
...
006 (220651.000.000) 07/31 06:49:12 Image size of job updated: 2
	3  -  MemoryUsage of job (MB)
	2428  -  ResidentSetSize of job (KB)
...
006 (220651.000.000) 07/31 06:50:13 Image size of job updated: 447524
	71  -  MemoryUsage of job (MB)
	72348  -  ResidentSetSize of job (KB)
...
005 (220651.000.000) 07/31 06:51:11 Job terminated.
	(1) Normal termination (return value 90)
		Usr 0 00:00:00, Sys 0 00:00:17  -  Run Remote Usage
		Usr 0 00:00:00, Sys 0 00:00:00  -  Run Local Usage
		Usr 0 00:00:00, Sys 0 00:00:17  -  Total Remote Usage
		Usr 0 00:00:00, Sys 0 00:00:00  -  Total Local Usage
	13063  -  Run Bytes Sent By Job
	8930  -  Run Bytes Received By Job
	13063  -  Total Bytes Sent By Job
	8930  -  Total Bytes Received By Job
	Partitionable Resources :    Usage  Request Allocated
	   Cpus                 :                 1         1
	   Disk (KB)            :  2853898 10000000  11647724
	   Memory (MB)          :       71     2100      2100
...
000 (221213.000.000) 07/31 07:07:15 Job submitted from host: <131.225.189.232:9618?addrs=131.225.189.232-9618&noUDP&sock=8982_aaf4_3>
...
001 (221213.000.000) 07/31 07:07:46 Job executing on host: <131.225.191.191:42435?addrs=131.225.191.191-42435>
...
006 (221213.000.000) 07/31 07:07:55 Image size of job updated: 2
	3  -  MemoryUsage of job (MB)
	2420  -  ResidentSetSize of job (KB)
...
006 (221213.000.000) 07/31 07:08:56 Image size of job updated: 447524
	71  -  MemoryUsage of job (MB)
	72348  -  ResidentSetSize of job (KB)
...
000 (221768.000.000) 07/31 07:11:56 Job submitted from host: <131.225.189.232:9618?addrs=131.225.189.232-9618&noUDP&sock=8982_aaf4_3>
...
001 (221768.000.000) 07/31 07:12:16 Job executing on host: <131.225.204.106:26356?addrs=131.225.204.106-26356>
...
006 (221768.000.000) 07/31 07:12:25 Image size of job updated: 447524
	71  -  MemoryUsage of job (MB)
	72348  -  ResidentSetSize of job (KB)
...
005 (221213.000.000) 07/31 07:12:58 Job terminated.
	(1) Normal termination (return value 90)
		Usr 0 00:00:01, Sys 0 00:00:16  -  Run Remote Usage
		Usr 0 00:00:00, Sys 0 00:00:00  -  Run Local Usage
		Usr 0 00:00:01, Sys 0 00:00:16  -  Total Remote Usage
		Usr 0 00:00:00, Sys 0 00:00:00  -  Total Local Usage
	27407  -  Run Bytes Sent By Job
	8930  -  Run Bytes Received By Job
	27407  -  Total Bytes Sent By Job
	8930  -  Total Bytes Received By Job
	Partitionable Resources :    Usage  Request Allocated
	   Cpus                 :                 1         1
	   Disk (KB)            :  4632695 10000000  12042280
	   Memory (MB)          :       71     2100      2100
...
006 (221768.000.000) 07/31 07:15:16 Image size of job updated: 769968
	71  -  MemoryUsage of job (MB)
	72348  -  ResidentSetSize of job (KB)
...
005 (221768.000.000) 07/31 07:15:17 Job terminated.
	(1) Normal termination (return value 65)
		Usr 0 00:00:11, Sys 0 00:00:15  -  Run Remote Usage
		Usr 0 00:00:00, Sys 0 00:00:00  -  Run Local Usage
		Usr 0 00:00:11, Sys 0 00:00:15  -  Total Remote Usage
		Usr 0 00:00:00, Sys 0 00:00:00  -  Total Local Usage
	13469  -  Run Bytes Sent By Job
	8930  -  Run Bytes Received By Job
	13469  -  Total Bytes Sent By Job
	8930  -  Total Bytes Received By Job
	Partitionable Resources :    Usage  Request Allocated
	   Cpus                 :                 1         1
	   Disk (KB)            :  5513992 10000000  10268097
	   Memory (MB)          :       71     2100      2100
...
