000 (220596.000.000) 07/31 06:48:30 Job submitted from host: <131.225.189.232:9618?addrs=131.225.189.232-9618&noUDP&sock=8982_aaf4_3>
...
001 (220596.000.000) 07/31 06:48:52 Job executing on host: <131.225.191.131:51883?addrs=131.225.191.131-51883>
...
006 (220596.000.000) 07/31 06:49:01 Image size of job updated: 447524
	69  -  MemoryUsage of job (MB)
	70280  -  ResidentSetSize of job (KB)
...
006 (220596.000.000) 07/31 06:50:02 Image size of job updated: 447524
	69  -  MemoryUsage of job (MB)
	70412  -  ResidentSetSize of job (KB)
...
005 (220596.000.000) 07/31 06:52:37 Job terminated.
	(1) Normal termination (return value 90)
		Usr 0 00:00:01, Sys 0 00:00:20  -  Run Remote Usage
		Usr 0 00:00:00, Sys 0 00:00:00  -  Run Local Usage
		Usr 0 00:00:01, Sys 0 00:00:20  -  Total Remote Usage
		Usr 0 00:00:00, Sys 0 00:00:00  -  Total Local Usage
	18942  -  Run Bytes Sent By Job
	8930  -  Run Bytes Received By Job
	18942  -  Total Bytes Sent By Job
	8930  -  Total Bytes Received By Job
	Partitionable Resources :    Usage  Request Allocated
	   Cpus                 :                 1         1
	   Disk (KB)            :  5557267 10000000  11472988
	   Memory (MB)          :       69     2100      2100
...
000 (221158.000.000) 07/31 07:07:05 Job submitted from host: <131.225.189.232:9618?addrs=131.225.189.232-9618&noUDP&sock=8982_aaf4_3>
...
001 (221158.000.000) 07/31 07:07:37 Job executing on host: <131.225.207.46:11510?addrs=131.225.207.46-11510>
...
006 (221158.000.000) 07/31 07:07:46 Image size of job updated: 447532
	21  -  MemoryUsage of job (MB)
	21148  -  ResidentSetSize of job (KB)
...
006 (221158.000.000) 07/31 07:08:47 Image size of job updated: 447532
	71  -  MemoryUsage of job (MB)
	72348  -  ResidentSetSize of job (KB)
...
000 (221713.000.000) 07/31 07:11:47 Job submitted from host: <131.225.189.232:9618?addrs=131.225.189.232-9618&noUDP&sock=8982_aaf4_3>
...
001 (221713.000.000) 07/31 07:12:18 Job executing on host: <131.225.204.102:9137?addrs=131.225.204.102-9137>
...
005 (221158.000.000) 07/31 07:12:19 Job terminated.
	(1) Normal termination (return value 90)
		Usr 0 00:00:01, Sys 0 00:00:21  -  Run Remote Usage
		Usr 0 00:00:00, Sys 0 00:00:00  -  Run Local Usage
		Usr 0 00:00:01, Sys 0 00:00:21  -  Total Remote Usage
		Usr 0 00:00:00, Sys 0 00:00:00  -  Total Local Usage
	24765  -  Run Bytes Sent By Job
	8930  -  Run Bytes Received By Job
	24765  -  Total Bytes Sent By Job
	8930  -  Total Bytes Received By Job
	Partitionable Resources :    Usage  Request Allocated
	   Cpus                 :                 1         1
	   Disk (KB)            :  5746807 10000000  10234119
	   Memory (MB)          :       71     2100      2100
...
006 (221713.000.000) 07/31 07:12:27 Image size of job updated: 2
	3  -  MemoryUsage of job (MB)
	2424  -  ResidentSetSize of job (KB)
...
006 (221713.000.000) 07/31 07:13:28 Image size of job updated: 447524
	69  -  MemoryUsage of job (MB)
	70356  -  ResidentSetSize of job (KB)
...
006 (221713.000.000) 07/31 07:18:30 Image size of job updated: 769964
	485  -  MemoryUsage of job (MB)
	495948  -  ResidentSetSize of job (KB)
...
005 (221713.000.000) 07/31 07:18:32 Job terminated.
	(1) Normal termination (return value 65)
		Usr 0 00:00:13, Sys 0 00:00:23  -  Run Remote Usage
		Usr 0 00:00:00, Sys 0 00:00:00  -  Run Local Usage
		Usr 0 00:00:13, Sys 0 00:00:23  -  Total Remote Usage
		Usr 0 00:00:00, Sys 0 00:00:00  -  Total Local Usage
	26999  -  Run Bytes Sent By Job
	8930  -  Run Bytes Received By Job
	26999  -  Total Bytes Sent By Job
	8930  -  Total Bytes Received By Job
	Partitionable Resources :    Usage  Request Allocated
	   Cpus                 :                 1         1
	   Disk (KB)            :  5172775 10000000  10491987
	   Memory (MB)          :      485     2100      2100
...
