000 (221039.000.000) 07/31 06:50:04 Job submitted from host: <131.225.189.232:9618?addrs=131.225.189.232-9618&noUDP&sock=8982_aaf4_3>
...
001 (221039.000.000) 07/31 06:51:19 Job executing on host: <131.225.206.191:55621?addrs=131.225.206.191-55621>
...
006 (221039.000.000) 07/31 06:51:28 Image size of job updated: 2
	3  -  MemoryUsage of job (MB)
	2424  -  ResidentSetSize of job (KB)
...
006 (221039.000.000) 07/31 06:52:29 Image size of job updated: 447524
	71  -  MemoryUsage of job (MB)
	72340  -  ResidentSetSize of job (KB)
...
005 (221039.000.000) 07/31 06:53:48 Job terminated.
	(1) Normal termination (return value 90)
		Usr 0 00:00:00, Sys 0 00:00:15  -  Run Remote Usage
		Usr 0 00:00:00, Sys 0 00:00:00  -  Run Local Usage
		Usr 0 00:00:00, Sys 0 00:00:15  -  Total Remote Usage
		Usr 0 00:00:00, Sys 0 00:00:00  -  Total Local Usage
	10504  -  Run Bytes Sent By Job
	8930  -  Run Bytes Received By Job
	10504  -  Total Bytes Sent By Job
	8930  -  Total Bytes Received By Job
	Partitionable Resources :    Usage  Request Allocated
	   Cpus                 :                 1         1
	   Disk (KB)            :  6016011 10000000  11708980
	   Memory (MB)          :       71     2100      2100
...
000 (221601.000.000) 07/31 07:08:23 Job submitted from host: <131.225.189.232:9618?addrs=131.225.189.232-9618&noUDP&sock=8982_aaf4_3>
...
001 (221601.000.000) 07/31 07:09:42 Job executing on host: <131.225.204.120:53561?addrs=131.225.204.120-53561>
...
006 (221601.000.000) 07/31 07:09:51 Image size of job updated: 2
	3  -  MemoryUsage of job (MB)
	2424  -  ResidentSetSize of job (KB)
...
006 (221601.000.000) 07/31 07:10:52 Image size of job updated: 447524
	71  -  MemoryUsage of job (MB)
	72436  -  ResidentSetSize of job (KB)
...
000 (222156.000.000) 07/31 07:13:02 Job submitted from host: <131.225.189.232:9618?addrs=131.225.189.232-9618&noUDP&sock=8982_aaf4_3>
...
005 (221601.000.000) 07/31 07:14:31 Job terminated.
	(1) Normal termination (return value 90)
		Usr 0 00:00:01, Sys 0 00:00:19  -  Run Remote Usage
		Usr 0 00:00:00, Sys 0 00:00:00  -  Run Local Usage
		Usr 0 00:00:01, Sys 0 00:00:19  -  Total Remote Usage
		Usr 0 00:00:00, Sys 0 00:00:00  -  Total Local Usage
	26975  -  Run Bytes Sent By Job
	8930  -  Run Bytes Received By Job
	26975  -  Total Bytes Sent By Job
	8930  -  Total Bytes Received By Job
	Partitionable Resources :    Usage  Request Allocated
	   Cpus                 :                 1         1
	   Disk (KB)            :  5910648 10000000  10374006
	   Memory (MB)          :       71     2100      2100
...
001 (222156.000.000) 07/31 07:14:59 Job executing on host: <131.225.206.213:62224?addrs=131.225.206.213-62224>
...
006 (222156.000.000) 07/31 07:15:08 Image size of job updated: 2
	3  -  MemoryUsage of job (MB)
	2424  -  ResidentSetSize of job (KB)
...
006 (222156.000.000) 07/31 07:16:09 Image size of job updated: 447524
	71  -  MemoryUsage of job (MB)
	72344  -  ResidentSetSize of job (KB)
...
006 (222156.000.000) 07/31 07:19:30 Image size of job updated: 773040
	71  -  MemoryUsage of job (MB)
	72344  -  ResidentSetSize of job (KB)
...
005 (222156.000.000) 07/31 07:19:31 Job terminated.
	(1) Normal termination (return value 65)
		Usr 0 00:00:12, Sys 0 00:00:24  -  Run Remote Usage
		Usr 0 00:00:00, Sys 0 00:00:00  -  Run Local Usage
		Usr 0 00:00:12, Sys 0 00:00:24  -  Total Remote Usage
		Usr 0 00:00:00, Sys 0 00:00:00  -  Total Local Usage
	23627  -  Run Bytes Sent By Job
	8930  -  Run Bytes Received By Job
	23627  -  Total Bytes Sent By Job
	8930  -  Total Bytes Received By Job
	Partitionable Resources :    Usage  Request Allocated
	   Cpus                 :                 1         1
	   Disk (KB)            :  6684728 10000000  11748500
	   Memory (MB)          :       71     2100      2100
...
000 (222718.000.000) 07/31 08:33:06 Job submitted from host: <131.225.189.232:9618?addrs=131.225.189.232-9618&noUDP&sock=8982_aaf4_3>
...
001 (222718.000.000) 07/31 08:35:27 Job executing on host: <131.225.204.77:57293?addrs=131.225.204.77-57293>
...
006 (222718.000.000) 07/31 08:35:36 Image size of job updated: 2
	3  -  MemoryUsage of job (MB)
	2412  -  ResidentSetSize of job (KB)
...
006 (222718.000.000) 07/31 08:36:37 Image size of job updated: 447524
	71  -  MemoryUsage of job (MB)
	72348  -  ResidentSetSize of job (KB)
...
006 (222718.000.000) 07/31 08:38:58 Image size of job updated: 773044
	71  -  MemoryUsage of job (MB)
	72348  -  ResidentSetSize of job (KB)
...
005 (222718.000.000) 07/31 08:38:59 Job terminated.
	(1) Normal termination (return value 65)
		Usr 0 00:00:13, Sys 0 00:00:24  -  Run Remote Usage
		Usr 0 00:00:00, Sys 0 00:00:00  -  Run Local Usage
		Usr 0 00:00:13, Sys 0 00:00:24  -  Total Remote Usage
		Usr 0 00:00:00, Sys 0 00:00:00  -  Total Local Usage
	17690  -  Run Bytes Sent By Job
	8930  -  Run Bytes Received By Job
	17690  -  Total Bytes Sent By Job
	8930  -  Total Bytes Received By Job
	Partitionable Resources :    Usage  Request Allocated
	   Cpus                 :                 1         1
	   Disk (KB)            :  6687590 10000000  10111002
	   Memory (MB)          :       71     2100      2100
...
