000 (220842.000.000) 07/31 06:49:22 Job submitted from host: <131.225.189.232:9618?addrs=131.225.189.232-9618&noUDP&sock=8982_aaf4_3>
...
001 (220842.000.000) 07/31 06:49:43 Job executing on host: <131.225.205.166:50235?addrs=131.225.205.166-50235>
...
006 (220842.000.000) 07/31 06:49:52 Image size of job updated: 447524
	19  -  MemoryUsage of job (MB)
	19340  -  ResidentSetSize of job (KB)
...
006 (220842.000.000) 07/31 06:50:53 Image size of job updated: 447524
	70  -  MemoryUsage of job (MB)
	71356  -  ResidentSetSize of job (KB)
...
005 (220842.000.000) 07/31 06:51:11 Job terminated.
	(1) Normal termination (return value 90)
		Usr 0 00:00:00, Sys 0 00:00:16  -  Run Remote Usage
		Usr 0 00:00:00, Sys 0 00:00:00  -  Run Local Usage
		Usr 0 00:00:00, Sys 0 00:00:16  -  Total Remote Usage
		Usr 0 00:00:00, Sys 0 00:00:00  -  Total Local Usage
	8413  -  Run Bytes Sent By Job
	8930  -  Run Bytes Received By Job
	8413  -  Total Bytes Sent By Job
	8930  -  Total Bytes Received By Job
	Partitionable Resources :    Usage  Request Allocated
	   Cpus                 :                 1         1
	   Disk (KB)            :  5409801 10000000  17069450
	   Memory (MB)          :       70     2100      2100
...
000 (221404.000.000) 07/31 07:07:49 Job submitted from host: <131.225.189.232:9618?addrs=131.225.189.232-9618&noUDP&sock=8982_aaf4_3>
...
001 (221404.000.000) 07/31 07:08:24 Job executing on host: <131.225.191.254:45639?addrs=131.225.191.254-45639>
...
006 (221404.000.000) 07/31 07:08:33 Image size of job updated: 447524
	18  -  MemoryUsage of job (MB)
	18400  -  ResidentSetSize of job (KB)
...
006 (221404.000.000) 07/31 07:09:34 Image size of job updated: 447524
	70  -  MemoryUsage of job (MB)
	71356  -  ResidentSetSize of job (KB)
...
005 (221404.000.000) 07/31 07:09:45 Job terminated.
	(1) Normal termination (return value 90)
		Usr 0 00:00:00, Sys 0 00:00:17  -  Run Remote Usage
		Usr 0 00:00:00, Sys 0 00:00:00  -  Run Local Usage
		Usr 0 00:00:00, Sys 0 00:00:17  -  Total Remote Usage
		Usr 0 00:00:00, Sys 0 00:00:00  -  Total Local Usage
	8491  -  Run Bytes Sent By Job
	8930  -  Run Bytes Received By Job
	8491  -  Total Bytes Sent By Job
	8930  -  Total Bytes Received By Job
	Partitionable Resources :    Usage  Request Allocated
	   Cpus                 :                 1         1
	   Disk (KB)            :  6565994 10000000  15890260
	   Memory (MB)          :       70     2100      2100
...
000 (221959.000.000) 07/31 07:12:29 Job submitted from host: <131.225.189.232:9618?addrs=131.225.189.232-9618&noUDP&sock=8982_aaf4_3>
...
001 (221959.000.000) 07/31 07:13:32 Job executing on host: <131.225.204.59:17004?addrs=131.225.204.59-17004>
...
006 (221959.000.000) 07/31 07:13:41 Image size of job updated: 447524
	71  -  MemoryUsage of job (MB)
	72352  -  ResidentSetSize of job (KB)
...
006 (221959.000.000) 07/31 07:17:45 Image size of job updated: 647340
	365  -  MemoryUsage of job (MB)
	372956  -  ResidentSetSize of job (KB)
...
005 (221959.000.000) 07/31 07:17:56 Job terminated.
	(1) Normal termination (return value 65)
		Usr 0 00:00:15, Sys 0 00:00:21  -  Run Remote Usage
		Usr 0 00:00:00, Sys 0 00:00:00  -  Run Local Usage
		Usr 0 00:00:15, Sys 0 00:00:21  -  Total Remote Usage
		Usr 0 00:00:00, Sys 0 00:00:00  -  Total Local Usage
	14037  -  Run Bytes Sent By Job
	8930  -  Run Bytes Received By Job
	14037  -  Total Bytes Sent By Job
	8930  -  Total Bytes Received By Job
	Partitionable Resources :    Usage  Request Allocated
	   Cpus                 :                 1         1
	   Disk (KB)            :  6620722 10000000  10339572
	   Memory (MB)          :      365     2100      2100
...
000 (222521.000.000) 07/31 08:32:52 Job submitted from host: <131.225.189.232:9618?addrs=131.225.189.232-9618&noUDP&sock=8982_aaf4_3>
...
001 (222521.000.000) 07/31 08:33:54 Job executing on host: <131.225.205.186:5315?addrs=131.225.205.186-5315>
...
006 (222521.000.000) 07/31 08:34:02 Image size of job updated: 2
	3  -  MemoryUsage of job (MB)
	2432  -  ResidentSetSize of job (KB)
...
006 (222521.000.000) 07/31 08:35:02 Image size of job updated: 447524
	69  -  MemoryUsage of job (MB)
	70312  -  ResidentSetSize of job (KB)
...
006 (222521.000.000) 07/31 08:37:04 Image size of job updated: 447524
	160  -  MemoryUsage of job (MB)
	163180  -  ResidentSetSize of job (KB)
...
006 (222521.000.000) 07/31 08:37:32 Image size of job updated: 772788
	160  -  MemoryUsage of job (MB)
	163180  -  ResidentSetSize of job (KB)
...
005 (222521.000.000) 07/31 08:37:33 Job terminated.
	(1) Normal termination (return value 65)
		Usr 0 00:00:19, Sys 0 00:00:21  -  Run Remote Usage
		Usr 0 00:00:00, Sys 0 00:00:00  -  Run Local Usage
		Usr 0 00:00:19, Sys 0 00:00:21  -  Total Remote Usage
		Usr 0 00:00:00, Sys 0 00:00:00  -  Total Local Usage
	17354  -  Run Bytes Sent By Job
	8930  -  Run Bytes Received By Job
	17354  -  Total Bytes Sent By Job
	8930  -  Total Bytes Received By Job
	Partitionable Resources :    Usage  Request Allocated
	   Cpus                 :                 1         1
	   Disk (KB)            :  6623593 10000000  17074796
	   Memory (MB)          :      160     2100      2100
...
000 (223076.000.000) 07/31 08:49:57 Job submitted from host: <131.225.189.232:9618?addrs=131.225.189.232-9618&noUDP&sock=8982_aaf4_3>
...
001 (223076.000.000) 07/31 08:51:00 Job executing on host: <131.225.191.80:57423?addrs=131.225.191.80-57423>
...
006 (223076.000.000) 07/31 08:51:09 Image size of job updated: 2
	3  -  MemoryUsage of job (MB)
	2428  -  ResidentSetSize of job (KB)
...
006 (223076.000.000) 07/31 08:52:10 Image size of job updated: 447524
	69  -  MemoryUsage of job (MB)
	70288  -  ResidentSetSize of job (KB)
...
006 (223076.000.000) 07/31 08:53:11 Image size of job updated: 447524
	69  -  MemoryUsage of job (MB)
	70316  -  ResidentSetSize of job (KB)
...
006 (223076.000.000) 07/31 08:53:54 Image size of job updated: 688816
	69  -  MemoryUsage of job (MB)
	70316  -  ResidentSetSize of job (KB)
...
005 (223076.000.000) 07/31 08:53:54 Job terminated.
	(1) Normal termination (return value 65)
		Usr 0 00:00:11, Sys 0 00:00:19  -  Run Remote Usage
		Usr 0 00:00:00, Sys 0 00:00:00  -  Run Local Usage
		Usr 0 00:00:11, Sys 0 00:00:19  -  Total Remote Usage
		Usr 0 00:00:00, Sys 0 00:00:00  -  Total Local Usage
	15503  -  Run Bytes Sent By Job
	44439  -  Run Bytes Received By Job
	15503  -  Total Bytes Sent By Job
	44439  -  Total Bytes Received By Job
	Partitionable Resources :    Usage  Request Allocated
	   Cpus                 :                 1         1
	   Disk (KB)            :  6301515 10000000  15960504
	   Memory (MB)          :       69     2100      2100
...
000 (223631.000.000) 07/31 09:06:25 Job submitted from host: <131.225.189.232:9618?addrs=131.225.189.232-9618&noUDP&sock=8982_aaf4_3>
...
