000 (220557.000.000) 07/31 06:48:21 Job submitted from host: <131.225.189.232:9618?addrs=131.225.189.232-9618&noUDP&sock=8982_aaf4_3>
...
001 (220557.000.000) 07/31 06:48:36 Job executing on host: <131.225.191.190:24316?addrs=131.225.191.190-24316>
...
006 (220557.000.000) 07/31 06:48:45 Image size of job updated: 447528
	17  -  MemoryUsage of job (MB)
	17048  -  ResidentSetSize of job (KB)
...
006 (220557.000.000) 07/31 06:49:46 Image size of job updated: 447528
	70  -  MemoryUsage of job (MB)
	71212  -  ResidentSetSize of job (KB)
...
006 (220557.000.000) 07/31 06:50:47 Image size of job updated: 447528
	70  -  MemoryUsage of job (MB)
	71352  -  ResidentSetSize of job (KB)
...
005 (220557.000.000) 07/31 06:52:32 Job terminated.
	(1) Normal termination (return value 90)
		Usr 0 00:00:01, Sys 0 00:00:22  -  Run Remote Usage
		Usr 0 00:00:00, Sys 0 00:00:00  -  Run Local Usage
		Usr 0 00:00:01, Sys 0 00:00:22  -  Total Remote Usage
		Usr 0 00:00:00, Sys 0 00:00:00  -  Total Local Usage
	22331  -  Run Bytes Sent By Job
	8930  -  Run Bytes Received By Job
	22331  -  Total Bytes Sent By Job
	8930  -  Total Bytes Received By Job
	Partitionable Resources :    Usage  Request Allocated
	   Cpus                 :                 1         1
	   Disk (KB)            :  5327893 10000000  11739972
	   Memory (MB)          :       70     2100      2100
...
000 (221119.000.000) 07/31 07:06:58 Job submitted from host: <131.225.189.232:9618?addrs=131.225.189.232-9618&noUDP&sock=8982_aaf4_3>
...
001 (221119.000.000) 07/31 07:07:21 Job executing on host: <131.225.191.190:24316?addrs=131.225.191.190-24316>
...
006 (221119.000.000) 07/31 07:07:30 Image size of job updated: 447532
	15  -  MemoryUsage of job (MB)
	14996  -  ResidentSetSize of job (KB)
...
006 (221119.000.000) 07/31 07:08:31 Image size of job updated: 447532
	71  -  MemoryUsage of job (MB)
	72340  -  ResidentSetSize of job (KB)
...
000 (221674.000.000) 07/31 07:11:40 Job submitted from host: <131.225.189.232:9618?addrs=131.225.189.232-9618&noUDP&sock=8982_aaf4_3>
...
001 (221674.000.000) 07/31 07:11:50 Job executing on host: <131.225.206.218:37050?addrs=131.225.206.218-37050>
...
006 (221674.000.000) 07/31 07:11:59 Image size of job updated: 2
	3  -  MemoryUsage of job (MB)
	2424  -  ResidentSetSize of job (KB)
...
006 (221674.000.000) 07/31 07:13:00 Image size of job updated: 447524
	71  -  MemoryUsage of job (MB)
	72344  -  ResidentSetSize of job (KB)
...
005 (221119.000.000) 07/31 07:13:30 Job terminated.
	(1) Normal termination (return value 90)
		Usr 0 00:00:02, Sys 0 00:00:26  -  Run Remote Usage
		Usr 0 00:00:00, Sys 0 00:00:00  -  Run Local Usage
		Usr 0 00:00:02, Sys 0 00:00:26  -  Total Remote Usage
		Usr 0 00:00:00, Sys 0 00:00:00  -  Total Local Usage
	29932  -  Run Bytes Sent By Job
	8930  -  Run Bytes Received By Job
	29932  -  Total Bytes Sent By Job
	8930  -  Total Bytes Received By Job
	Partitionable Resources :    Usage  Request Allocated
	   Cpus                 :                 1         1
	   Disk (KB)            :  5320827 10000000  11722808
	   Memory (MB)          :       71     2100      2100
...
006 (221674.000.000) 07/31 07:15:44 Image size of job updated: 644012
	71  -  MemoryUsage of job (MB)
	72344  -  ResidentSetSize of job (KB)
...
005 (221674.000.000) 07/31 07:15:44 Job terminated.
	(1) Normal termination (return value 65)
		Usr 0 00:00:08, Sys 0 00:00:17  -  Run Remote Usage
		Usr 0 00:00:00, Sys 0 00:00:00  -  Run Local Usage
		Usr 0 00:00:08, Sys 0 00:00:17  -  Total Remote Usage
		Usr 0 00:00:00, Sys 0 00:00:00  -  Total Local Usage
	12866  -  Run Bytes Sent By Job
	8930  -  Run Bytes Received By Job
	12866  -  Total Bytes Sent By Job
	8930  -  Total Bytes Received By Job
	Partitionable Resources :    Usage  Request Allocated
	   Cpus                 :                 1         1
	   Disk (KB)            :  6033158 10000000  11688452
	   Memory (MB)          :       71     2100      2100
...
