000 (220640.000.000) 07/31 06:48:39 Job submitted from host: <131.225.189.232:9618?addrs=131.225.189.232-9618&noUDP&sock=8982_aaf4_3>
...
001 (220640.000.000) 07/31 06:49:00 Job executing on host: <131.225.207.155:51251?addrs=131.225.207.155-51251>
...
006 (220640.000.000) 07/31 06:49:09 Image size of job updated: 447524
	71  -  MemoryUsage of job (MB)
	72348  -  ResidentSetSize of job (KB)
...
005 (220640.000.000) 07/31 06:53:29 Job terminated.
	(1) Normal termination (return value 90)
		Usr 0 00:00:02, Sys 0 00:00:19  -  Run Remote Usage
		Usr 0 00:00:00, Sys 0 00:00:00  -  Run Local Usage
		Usr 0 00:00:02, Sys 0 00:00:19  -  Total Remote Usage
		Usr 0 00:00:00, Sys 0 00:00:00  -  Total Local Usage
	23199  -  Run Bytes Sent By Job
	8930  -  Run Bytes Received By Job
	23199  -  Total Bytes Sent By Job
	8930  -  Total Bytes Received By Job
	Partitionable Resources :    Usage  Request Allocated
	   Cpus                 :                 1         1
	   Disk (KB)            :  5622807 10000000  10450656
	   Memory (MB)          :       71     2100      2100
...
000 (221202.000.000) 07/31 07:07:13 Job submitted from host: <131.225.189.232:9618?addrs=131.225.189.232-9618&noUDP&sock=8982_aaf4_3>
...
001 (221202.000.000) 07/31 07:07:44 Job executing on host: <131.225.207.37:52953?addrs=131.225.207.37-52953>
...
006 (221202.000.000) 07/31 07:07:53 Image size of job updated: 447524
	71  -  MemoryUsage of job (MB)
	72348  -  ResidentSetSize of job (KB)
...
005 (221202.000.000) 07/31 07:11:42 Job terminated.
	(1) Normal termination (return value 90)
		Usr 0 00:00:01, Sys 0 00:00:17  -  Run Remote Usage
		Usr 0 00:00:00, Sys 0 00:00:00  -  Run Local Usage
		Usr 0 00:00:01, Sys 0 00:00:17  -  Total Remote Usage
		Usr 0 00:00:00, Sys 0 00:00:00  -  Total Local Usage
	22934  -  Run Bytes Sent By Job
	8930  -  Run Bytes Received By Job
	22934  -  Total Bytes Sent By Job
	8930  -  Total Bytes Received By Job
	Partitionable Resources :    Usage  Request Allocated
	   Cpus                 :                 1         1
	   Disk (KB)            :  4862067 10000000  10462410
	   Memory (MB)          :       71     2100      2100
...
000 (221757.000.000) 07/31 07:11:55 Job submitted from host: <131.225.189.232:9618?addrs=131.225.189.232-9618&noUDP&sock=8982_aaf4_3>
...
001 (221757.000.000) 07/31 07:12:13 Job executing on host: <131.225.206.206:31171?addrs=131.225.206.206-31171>
...
006 (221757.000.000) 07/31 07:12:22 Image size of job updated: 381924
	15  -  MemoryUsage of job (MB)
	14932  -  ResidentSetSize of job (KB)
...
006 (221757.000.000) 07/31 07:13:23 Image size of job updated: 447524
	69  -  MemoryUsage of job (MB)
	70396  -  ResidentSetSize of job (KB)
...
006 (221757.000.000) 07/31 07:14:24 Image size of job updated: 447524
	165  -  MemoryUsage of job (MB)
	168676  -  ResidentSetSize of job (KB)
...
006 (221757.000.000) 07/31 07:14:35 Image size of job updated: 700080
	165  -  MemoryUsage of job (MB)
	168676  -  ResidentSetSize of job (KB)
...
005 (221757.000.000) 07/31 07:14:36 Job terminated.
	(1) Normal termination (return value 65)
		Usr 0 00:00:09, Sys 0 00:00:14  -  Run Remote Usage
		Usr 0 00:00:00, Sys 0 00:00:00  -  Run Local Usage
		Usr 0 00:00:09, Sys 0 00:00:14  -  Total Remote Usage
		Usr 0 00:00:00, Sys 0 00:00:00  -  Total Local Usage
	9245  -  Run Bytes Sent By Job
	8930  -  Run Bytes Received By Job
	9245  -  Total Bytes Sent By Job
	8930  -  Total Bytes Received By Job
	Partitionable Resources :    Usage  Request Allocated
	   Cpus                 :                 1         1
	   Disk (KB)            :  6097919 10000000  12152588
	   Memory (MB)          :      165     2100      2100
...
000 (222319.000.000) 07/31 08:32:38 Job submitted from host: <131.225.189.232:9618?addrs=131.225.189.232-9618&noUDP&sock=8982_aaf4_3>
...
001 (222319.000.000) 07/31 08:33:09 Job executing on host: <131.225.206.206:31171?addrs=131.225.206.206-31171>
...
006 (222319.000.000) 07/31 08:33:17 Image size of job updated: 2
	3  -  MemoryUsage of job (MB)
	2424  -  ResidentSetSize of job (KB)
...
006 (222319.000.000) 07/31 08:34:17 Image size of job updated: 447524
	71  -  MemoryUsage of job (MB)
	72348  -  ResidentSetSize of job (KB)
...
006 (222319.000.000) 07/31 08:35:18 Image size of job updated: 493960
	261  -  MemoryUsage of job (MB)
	267108  -  ResidentSetSize of job (KB)
...
006 (222319.000.000) 07/31 08:35:32 Image size of job updated: 769968
	261  -  MemoryUsage of job (MB)
	267108  -  ResidentSetSize of job (KB)
...
005 (222319.000.000) 07/31 08:35:33 Job terminated.
	(1) Normal termination (return value 65)
		Usr 0 00:00:11, Sys 0 00:00:20  -  Run Remote Usage
		Usr 0 00:00:00, Sys 0 00:00:00  -  Run Local Usage
		Usr 0 00:00:11, Sys 0 00:00:20  -  Total Remote Usage
		Usr 0 00:00:00, Sys 0 00:00:00  -  Total Local Usage
	11335  -  Run Bytes Sent By Job
	8930  -  Run Bytes Received By Job
	11335  -  Total Bytes Sent By Job
	8930  -  Total Bytes Received By Job
	Partitionable Resources :    Usage  Request Allocated
	   Cpus                 :                 1         1
	   Disk (KB)            :  6100789 10000000  12124736
	   Memory (MB)          :      261     2100      2100
...
