000 (220537.000.000) 07/31 06:48:17 Job submitted from host: <131.225.189.232:9618?addrs=131.225.189.232-9618&noUDP&sock=8982_aaf4_3>
...
001 (220537.000.000) 07/31 06:48:32 Job executing on host: <131.225.191.160:10545?addrs=131.225.191.160-10545>
...
006 (220537.000.000) 07/31 06:48:41 Image size of job updated: 447536
	13  -  MemoryUsage of job (MB)
	12952  -  ResidentSetSize of job (KB)
...
006 (220537.000.000) 07/31 06:49:42 Image size of job updated: 447536
	71  -  MemoryUsage of job (MB)
	72344  -  ResidentSetSize of job (KB)
...
005 (220537.000.000) 07/31 06:50:58 Job terminated.
	(1) Normal termination (return value 90)
		Usr 0 00:00:00, Sys 0 00:00:18  -  Run Remote Usage
		Usr 0 00:00:00, Sys 0 00:00:00  -  Run Local Usage
		Usr 0 00:00:00, Sys 0 00:00:18  -  Total Remote Usage
		Usr 0 00:00:00, Sys 0 00:00:00  -  Total Local Usage
	10615  -  Run Bytes Sent By Job
	8930  -  Run Bytes Received By Job
	10615  -  Total Bytes Sent By Job
	8930  -  Total Bytes Received By Job
	Partitionable Resources :    Usage  Request Allocated
	   Cpus                 :                 1         1
	   Disk (KB)            :  6457198 10000000  11976636
	   Memory (MB)          :       71     2100      2100
...
000 (221099.000.000) 07/31 07:06:55 Job submitted from host: <131.225.189.232:9618?addrs=131.225.189.232-9618&noUDP&sock=8982_aaf4_3>
...
001 (221099.000.000) 07/31 07:07:13 Job executing on host: <131.225.204.58:49953?addrs=131.225.204.58-49953>
...
006 (221099.000.000) 07/31 07:07:22 Image size of job updated: 447524
	69  -  MemoryUsage of job (MB)
	70280  -  ResidentSetSize of job (KB)
...
006 (221099.000.000) 07/31 07:08:23 Image size of job updated: 447524
	69  -  MemoryUsage of job (MB)
	70408  -  ResidentSetSize of job (KB)
...
005 (221099.000.000) 07/31 07:11:21 Job terminated.
	(1) Normal termination (return value 90)
		Usr 0 00:00:02, Sys 0 00:00:15  -  Run Remote Usage
		Usr 0 00:00:00, Sys 0 00:00:00  -  Run Local Usage
		Usr 0 00:00:02, Sys 0 00:00:15  -  Total Remote Usage
		Usr 0 00:00:00, Sys 0 00:00:00  -  Total Local Usage
	20806  -  Run Bytes Sent By Job
	8930  -  Run Bytes Received By Job
	20806  -  Total Bytes Sent By Job
	8930  -  Total Bytes Received By Job
	Partitionable Resources :    Usage  Request Allocated
	   Cpus                 :                 1         1
	   Disk (KB)            :  5288049 10000000  10273320
	   Memory (MB)          :       69     2100      2100
...
000 (221654.000.000) 07/31 07:11:37 Job submitted from host: <131.225.189.232:9618?addrs=131.225.189.232-9618&noUDP&sock=8982_aaf4_3>
...
001 (221654.000.000) 07/31 07:11:51 Job executing on host: <131.225.206.129:8155?addrs=131.225.206.129-8155>
...
006 (221654.000.000) 07/31 07:12:00 Image size of job updated: 447524
	69  -  MemoryUsage of job (MB)
	70364  -  ResidentSetSize of job (KB)
...
006 (221654.000.000) 07/31 07:13:02 Image size of job updated: 447524
	69  -  MemoryUsage of job (MB)
	70408  -  ResidentSetSize of job (KB)
...
006 (221654.000.000) 07/31 07:16:00 Image size of job updated: 582824
	69  -  MemoryUsage of job (MB)
	70408  -  ResidentSetSize of job (KB)
...
005 (221654.000.000) 07/31 07:16:00 Job terminated.
	(1) Normal termination (return value 65)
		Usr 0 00:00:06, Sys 0 00:00:19  -  Run Remote Usage
		Usr 0 00:00:00, Sys 0 00:00:00  -  Run Local Usage
		Usr 0 00:00:06, Sys 0 00:00:19  -  Total Remote Usage
		Usr 0 00:00:00, Sys 0 00:00:00  -  Total Local Usage
	21428  -  Run Bytes Sent By Job
	8930  -  Run Bytes Received By Job
	21428  -  Total Bytes Sent By Job
	8930  -  Total Bytes Received By Job
	Partitionable Resources :    Usage  Request Allocated
	   Cpus                 :                 1         1
	   Disk (KB)            :  5500450 10000000  10338093
	   Memory (MB)          :       69     2100      2100
...
000 (222216.000.000) 07/31 08:32:30 Job submitted from host: <131.225.189.232:9618?addrs=131.225.189.232-9618&noUDP&sock=8982_aaf4_3>
...
001 (222216.000.000) 07/31 08:32:47 Job executing on host: <131.225.191.131:51883?addrs=131.225.191.131-51883>
...
006 (222216.000.000) 07/31 08:32:55 Image size of job updated: 447532
	71  -  MemoryUsage of job (MB)
	72344  -  ResidentSetSize of job (KB)
...
006 (222216.000.000) 07/31 08:36:49 Image size of job updated: 493968
	71  -  MemoryUsage of job (MB)
	72344  -  ResidentSetSize of job (KB)
...
005 (222216.000.000) 07/31 08:36:50 Job terminated.
	(1) Normal termination (return value 65)
		Usr 0 00:00:04, Sys 0 00:00:22  -  Run Remote Usage
		Usr 0 00:00:00, Sys 0 00:00:00  -  Run Local Usage
		Usr 0 00:00:04, Sys 0 00:00:22  -  Total Remote Usage
		Usr 0 00:00:00, Sys 0 00:00:00  -  Total Local Usage
	20569  -  Run Bytes Sent By Job
	8930  -  Run Bytes Received By Job
	20569  -  Total Bytes Sent By Job
	8930  -  Total Bytes Received By Job
	Partitionable Resources :    Usage  Request Allocated
	   Cpus                 :                 1         1
	   Disk (KB)            :  5650772 10000000  11450676
	   Memory (MB)          :       71     2100      2100
...
000 (222771.000.000) 07/31 08:49:41 Job submitted from host: <131.225.189.232:9618?addrs=131.225.189.232-9618&noUDP&sock=8982_aaf4_3>
...
001 (222771.000.000) 07/31 08:49:58 Job executing on host: <131.225.204.83:38868?addrs=131.225.204.83-38868>
...
006 (222771.000.000) 07/31 08:50:06 Image size of job updated: 447532
	15  -  MemoryUsage of job (MB)
	15008  -  ResidentSetSize of job (KB)
...
006 (222771.000.000) 07/31 08:51:06 Image size of job updated: 447532
	70  -  MemoryUsage of job (MB)
	71360  -  ResidentSetSize of job (KB)
...
006 (222771.000.000) 07/31 08:54:39 Image size of job updated: 715440
	70  -  MemoryUsage of job (MB)
	71360  -  ResidentSetSize of job (KB)
...
005 (222771.000.000) 07/31 08:54:40 Job terminated.
	(1) Normal termination (return value 65)
		Usr 0 00:00:12, Sys 0 00:00:27  -  Run Remote Usage
		Usr 0 00:00:00, Sys 0 00:00:00  -  Run Local Usage
		Usr 0 00:00:12, Sys 0 00:00:27  -  Total Remote Usage
		Usr 0 00:00:00, Sys 0 00:00:00  -  Total Local Usage
	23742  -  Run Bytes Sent By Job
	44439  -  Run Bytes Received By Job
	23742  -  Total Bytes Sent By Job
	44439  -  Total Bytes Received By Job
	Partitionable Resources :    Usage  Request Allocated
	   Cpus                 :                 1         1
	   Disk (KB)            :  6404280 10000000  10059417
	   Memory (MB)          :       70     2100      2100
...
000 (223326.000.000) 07/31 09:06:11 Job submitted from host: <131.225.189.232:9618?addrs=131.225.189.232-9618&noUDP&sock=8982_aaf4_3>
...
