000 (221026.000.000) 07/31 06:50:01 Job submitted from host: <131.225.189.232:9618?addrs=131.225.189.232-9618&noUDP&sock=8982_aaf4_3>
...
001 (221026.000.000) 07/31 06:51:15 Job executing on host: <131.225.207.95:35935?addrs=131.225.207.95-35935>
...
006 (221026.000.000) 07/31 06:51:23 Image size of job updated: 447524
	71  -  MemoryUsage of job (MB)
	72348  -  ResidentSetSize of job (KB)
...
005 (221026.000.000) 07/31 06:52:47 Job terminated.
	(1) Normal termination (return value 90)
		Usr 0 00:00:02, Sys 0 00:00:13  -  Run Remote Usage
		Usr 0 00:00:00, Sys 0 00:00:00  -  Run Local Usage
		Usr 0 00:00:02, Sys 0 00:00:13  -  Total Remote Usage
		Usr 0 00:00:00, Sys 0 00:00:00  -  Total Local Usage
	8047  -  Run Bytes Sent By Job
	8930  -  Run Bytes Received By Job
	8047  -  Total Bytes Sent By Job
	8930  -  Total Bytes Received By Job
	Partitionable Resources :    Usage  Request Allocated
	   Cpus                 :                 1         1
	   Disk (KB)            :  6684781 10000000  10410495
	   Memory (MB)          :       71     2100      2100
...
000 (221588.000.000) 07/31 07:08:20 Job submitted from host: <131.225.189.232:9618?addrs=131.225.189.232-9618&noUDP&sock=8982_aaf4_3>
...
001 (221588.000.000) 07/31 07:09:32 Job executing on host: <131.225.204.96:9238?addrs=131.225.204.96-9238>
...
006 (221588.000.000) 07/31 07:09:40 Image size of job updated: 2
	3  -  MemoryUsage of job (MB)
	2420  -  ResidentSetSize of job (KB)
...
006 (221588.000.000) 07/31 07:10:40 Image size of job updated: 447524
	71  -  MemoryUsage of job (MB)
	72352  -  ResidentSetSize of job (KB)
...
000 (222143.000.000) 07/31 07:13:00 Job submitted from host: <131.225.189.232:9618?addrs=131.225.189.232-9618&noUDP&sock=8982_aaf4_3>
...
005 (221588.000.000) 07/31 07:14:46 Job terminated.
	(1) Normal termination (return value 90)
		Usr 0 00:00:02, Sys 0 00:00:20  -  Run Remote Usage
		Usr 0 00:00:00, Sys 0 00:00:00  -  Run Local Usage
		Usr 0 00:00:02, Sys 0 00:00:20  -  Total Remote Usage
		Usr 0 00:00:00, Sys 0 00:00:00  -  Total Local Usage
	28650  -  Run Bytes Sent By Job
	8930  -  Run Bytes Received By Job
	28650  -  Total Bytes Sent By Job
	8930  -  Total Bytes Received By Job
	Partitionable Resources :    Usage  Request Allocated
	   Cpus                 :                 1         1
	   Disk (KB)            :  6631549 10000000  10191582
	   Memory (MB)          :       71     2100      2100
...
001 (222143.000.000) 07/31 07:14:52 Job executing on host: <131.225.191.223:52551?addrs=131.225.191.223-52551>
...
006 (222143.000.000) 07/31 07:15:01 Image size of job updated: 447524
	59  -  MemoryUsage of job (MB)
	60112  -  ResidentSetSize of job (KB)
...
006 (222143.000.000) 07/31 07:16:03 Image size of job updated: 447524
	69  -  MemoryUsage of job (MB)
	70344  -  ResidentSetSize of job (KB)
...
006 (222143.000.000) 07/31 07:17:03 Image size of job updated: 488592
	256  -  MemoryUsage of job (MB)
	261808  -  ResidentSetSize of job (KB)
...
006 (222143.000.000) 07/31 07:17:49 Image size of job updated: 772788
	256  -  MemoryUsage of job (MB)
	261808  -  ResidentSetSize of job (KB)
...
005 (222143.000.000) 07/31 07:17:50 Job terminated.
	(1) Normal termination (return value 65)
		Usr 0 00:00:15, Sys 0 00:00:24  -  Run Remote Usage
		Usr 0 00:00:00, Sys 0 00:00:00  -  Run Local Usage
		Usr 0 00:00:15, Sys 0 00:00:24  -  Total Remote Usage
		Usr 0 00:00:00, Sys 0 00:00:00  -  Total Local Usage
	12443  -  Run Bytes Sent By Job
	8930  -  Run Bytes Received By Job
	12443  -  Total Bytes Sent By Job
	8930  -  Total Bytes Received By Job
	Partitionable Resources :    Usage  Request Allocated
	   Cpus                 :                 1         1
	   Disk (KB)            :  6693522 10000000  15732272
	   Memory (MB)          :      256     2100      2100
...
000 (222705.000.000) 07/31 08:33:05 Job submitted from host: <131.225.189.232:9618?addrs=131.225.189.232-9618&noUDP&sock=8982_aaf4_3>
...
001 (222705.000.000) 07/31 08:35:22 Job executing on host: <131.225.207.49:46758?addrs=131.225.207.49-46758>
...
006 (222705.000.000) 07/31 08:35:30 Image size of job updated: 102476
	3  -  MemoryUsage of job (MB)
	2468  -  ResidentSetSize of job (KB)
...
006 (222705.000.000) 07/31 08:36:30 Image size of job updated: 447524
	70  -  MemoryUsage of job (MB)
	71312  -  ResidentSetSize of job (KB)
...
005 (222705.000.000) 07/31 08:37:10 Job terminated.
	(1) Normal termination (return value 65)
		Usr 0 00:00:01, Sys 0 00:00:18  -  Run Remote Usage
		Usr 0 00:00:00, Sys 0 00:00:00  -  Run Local Usage
		Usr 0 00:00:01, Sys 0 00:00:18  -  Total Remote Usage
		Usr 0 00:00:00, Sys 0 00:00:00  -  Total Local Usage
	10029  -  Run Bytes Sent By Job
	8930  -  Run Bytes Received By Job
	10029  -  Total Bytes Sent By Job
	8930  -  Total Bytes Received By Job
	Partitionable Resources :    Usage  Request Allocated
	   Cpus                 :                 1         1
	   Disk (KB)            :  5896524 10000000  10519674
	   Memory (MB)          :       70     2100      2100
...
000 (223260.000.000) 07/31 08:50:07 Job submitted from host: <131.225.189.232:9618?addrs=131.225.189.232-9618&noUDP&sock=8982_aaf4_3>
...
001 (223260.000.000) 07/31 08:51:59 Job executing on host: <131.225.206.236:59687?addrs=131.225.206.236-59687>
...
006 (223260.000.000) 07/31 08:52:07 Image size of job updated: 2
	3  -  MemoryUsage of job (MB)
	2424  -  ResidentSetSize of job (KB)
...
006 (223260.000.000) 07/31 08:53:07 Image size of job updated: 447524
	71  -  MemoryUsage of job (MB)
	72344  -  ResidentSetSize of job (KB)
...
006 (223260.000.000) 07/31 08:53:58 Image size of job updated: 772780
	71  -  MemoryUsage of job (MB)
	72344  -  ResidentSetSize of job (KB)
...
005 (223260.000.000) 07/31 08:53:58 Job terminated.
	(1) Normal termination (return value 65)
		Usr 0 00:00:12, Sys 0 00:00:12  -  Run Remote Usage
		Usr 0 00:00:00, Sys 0 00:00:00  -  Run Local Usage
		Usr 0 00:00:12, Sys 0 00:00:12  -  Total Remote Usage
		Usr 0 00:00:00, Sys 0 00:00:00  -  Total Local Usage
	11598  -  Run Bytes Sent By Job
	44439  -  Run Bytes Received By Job
	11598  -  Total Bytes Sent By Job
	44439  -  Total Bytes Received By Job
	Partitionable Resources :    Usage  Request Allocated
	   Cpus                 :                 1         1
	   Disk (KB)            :  4602026 10000000  12190236
	   Memory (MB)          :       71     2100      2100
...
000 (223815.000.000) 07/31 09:06:34 Job submitted from host: <131.225.189.232:9618?addrs=131.225.189.232-9618&noUDP&sock=8982_aaf4_3>
...
