000 (220664.000.000) 07/31 06:48:44 Job submitted from host: <131.225.189.232:9618?addrs=131.225.189.232-9618&noUDP&sock=8982_aaf4_3>
...
001 (220664.000.000) 07/31 06:49:22 Job executing on host: <131.225.191.148:28057?addrs=131.225.191.148-28057>
...
006 (220664.000.000) 07/31 06:49:31 Image size of job updated: 111052
	2  -  MemoryUsage of job (MB)
	1772  -  ResidentSetSize of job (KB)
...
006 (220664.000.000) 07/31 06:50:32 Image size of job updated: 447524
	71  -  MemoryUsage of job (MB)
	72344  -  ResidentSetSize of job (KB)
...
005 (220664.000.000) 07/31 06:55:13 Job terminated.
	(1) Normal termination (return value 90)
		Usr 0 00:00:01, Sys 0 00:00:18  -  Run Remote Usage
		Usr 0 00:00:00, Sys 0 00:00:00  -  Run Local Usage
		Usr 0 00:00:01, Sys 0 00:00:18  -  Total Remote Usage
		Usr 0 00:00:00, Sys 0 00:00:00  -  Total Local Usage
	21038  -  Run Bytes Sent By Job
	8930  -  Run Bytes Received By Job
	21038  -  Total Bytes Sent By Job
	8930  -  Total Bytes Received By Job
	Partitionable Resources :    Usage  Request Allocated
	   Cpus                 :                 1         1
	   Disk (KB)            :  6432692 10000000  10887256
	   Memory (MB)          :       71     2100      2100
...
000 (221226.000.000) 07/31 07:07:17 Job submitted from host: <131.225.189.232:9618?addrs=131.225.189.232-9618&noUDP&sock=8982_aaf4_3>
...
001 (221226.000.000) 07/31 07:07:48 Job executing on host: <131.225.204.51:12312?addrs=131.225.204.51-12312>
...
006 (221226.000.000) 07/31 07:07:57 Image size of job updated: 2
	3  -  MemoryUsage of job (MB)
	2420  -  ResidentSetSize of job (KB)
...
006 (221226.000.000) 07/31 07:09:14 Image size of job updated: 447524
	3  -  MemoryUsage of job (MB)
	2604  -  ResidentSetSize of job (KB)
...
005 (221226.000.000) 07/31 07:09:14 Job terminated.
	(1) Normal termination (return value 90)
		Usr 0 00:00:00, Sys 0 00:00:12  -  Run Remote Usage
		Usr 0 00:00:00, Sys 0 00:00:00  -  Run Local Usage
		Usr 0 00:00:00, Sys 0 00:00:12  -  Total Remote Usage
		Usr 0 00:00:00, Sys 0 00:00:00  -  Total Local Usage
	8412  -  Run Bytes Sent By Job
	8930  -  Run Bytes Received By Job
	8412  -  Total Bytes Sent By Job
	8930  -  Total Bytes Received By Job
	Partitionable Resources :    Usage  Request Allocated
	   Cpus                 :                 1         1
	   Disk (KB)            :  6441984 10000000  10530051
	   Memory (MB)          :        3     2100      2100
...
000 (221781.000.000) 07/31 07:11:58 Job submitted from host: <131.225.189.232:9618?addrs=131.225.189.232-9618&noUDP&sock=8982_aaf4_3>
...
001 (221781.000.000) 07/31 07:12:19 Job executing on host: <131.225.207.87:30725?addrs=131.225.207.87-30725>
...
006 (221781.000.000) 07/31 07:12:28 Image size of job updated: 2
	3  -  MemoryUsage of job (MB)
	2420  -  ResidentSetSize of job (KB)
...
006 (221781.000.000) 07/31 07:13:29 Image size of job updated: 447524
	71  -  MemoryUsage of job (MB)
	72348  -  ResidentSetSize of job (KB)
...
006 (221781.000.000) 07/31 07:17:32 Image size of job updated: 447524
	164  -  MemoryUsage of job (MB)
	167912  -  ResidentSetSize of job (KB)
...
006 (221781.000.000) 07/31 07:17:36 Image size of job updated: 772016
	164  -  MemoryUsage of job (MB)
	167912  -  ResidentSetSize of job (KB)
...
005 (221781.000.000) 07/31 07:17:37 Job terminated.
	(1) Normal termination (return value 65)
		Usr 0 00:00:15, Sys 0 00:00:19  -  Run Remote Usage
		Usr 0 00:00:00, Sys 0 00:00:00  -  Run Local Usage
		Usr 0 00:00:15, Sys 0 00:00:19  -  Total Remote Usage
		Usr 0 00:00:00, Sys 0 00:00:00  -  Total Local Usage
	27906  -  Run Bytes Sent By Job
	8930  -  Run Bytes Received By Job
	27906  -  Total Bytes Sent By Job
	8930  -  Total Bytes Received By Job
	Partitionable Resources :    Usage  Request Allocated
	   Cpus                 :                 1         1
	   Disk (KB)            :  6441417 10000000  10494519
	   Memory (MB)          :      164     2100      2100
...
000 (222343.000.000) 07/31 08:32:39 Job submitted from host: <131.225.189.232:9618?addrs=131.225.189.232-9618&noUDP&sock=8982_aaf4_3>
...
001 (222343.000.000) 07/31 08:33:16 Job executing on host: <131.225.206.85:57633?addrs=131.225.206.85-57633>
...
006 (222343.000.000) 07/31 08:33:25 Image size of job updated: 447524
	71  -  MemoryUsage of job (MB)
	72344  -  ResidentSetSize of job (KB)
...
006 (222343.000.000) 07/31 08:36:27 Image size of job updated: 447524
	165  -  MemoryUsage of job (MB)
	168060  -  ResidentSetSize of job (KB)
...
006 (222343.000.000) 07/31 08:37:15 Image size of job updated: 772020
	165  -  MemoryUsage of job (MB)
	168060  -  ResidentSetSize of job (KB)
...
005 (222343.000.000) 07/31 08:37:16 Job terminated.
	(1) Normal termination (return value 65)
		Usr 0 00:00:13, Sys 0 00:00:22  -  Run Remote Usage
		Usr 0 00:00:00, Sys 0 00:00:00  -  Run Local Usage
		Usr 0 00:00:13, Sys 0 00:00:22  -  Total Remote Usage
		Usr 0 00:00:00, Sys 0 00:00:00  -  Total Local Usage
	13075  -  Run Bytes Sent By Job
	8930  -  Run Bytes Received By Job
	13075  -  Total Bytes Sent By Job
	8930  -  Total Bytes Received By Job
	Partitionable Resources :    Usage  Request Allocated
	   Cpus                 :                 1         1
	   Disk (KB)            :  6444270 10000000  12643088
	   Memory (MB)          :      165     2100      2100
...
