000 (220493.000.000) 07/31 06:48:08 Job submitted from host: <131.225.189.232:9618?addrs=131.225.189.232-9618&noUDP&sock=8982_aaf4_3>
...
001 (220493.000.000) 07/31 06:48:24 Job executing on host: <131.225.206.60:62136?addrs=131.225.206.60-62136>
...
006 (220493.000.000) 07/31 06:48:33 Image size of job updated: 2
	3  -  MemoryUsage of job (MB)
	2424  -  ResidentSetSize of job (KB)
...
006 (220493.000.000) 07/31 06:50:21 Image size of job updated: 447524
	71  -  MemoryUsage of job (MB)
	72344  -  ResidentSetSize of job (KB)
...
005 (220493.000.000) 07/31 06:50:23 Job terminated.
	(1) Normal termination (return value 90)
		Usr 0 00:00:00, Sys 0 00:00:12  -  Run Remote Usage
		Usr 0 00:00:00, Sys 0 00:00:00  -  Run Local Usage
		Usr 0 00:00:00, Sys 0 00:00:12  -  Total Remote Usage
		Usr 0 00:00:00, Sys 0 00:00:00  -  Total Local Usage
	7989  -  Run Bytes Sent By Job
	8930  -  Run Bytes Received By Job
	7989  -  Total Bytes Sent By Job
	8930  -  Total Bytes Received By Job
	Partitionable Resources :    Usage  Request Allocated
	   Cpus                 :                 1         1
	   Disk (KB)            :  6255192 10000000  10169607
	   Memory (MB)          :       71     2100      2100
...
000 (221055.000.000) 07/31 07:06:48 Job submitted from host: <131.225.189.232:9618?addrs=131.225.189.232-9618&noUDP&sock=8982_aaf4_3>
...
001 (221055.000.000) 07/31 07:07:04 Job executing on host: <131.225.207.97:13418?addrs=131.225.207.97-13418>
...
006 (221055.000.000) 07/31 07:07:13 Image size of job updated: 447524
	71  -  MemoryUsage of job (MB)
	72348  -  ResidentSetSize of job (KB)
...
005 (221055.000.000) 07/31 07:08:31 Job terminated.
	(1) Normal termination (return value 90)
		Usr 0 00:00:00, Sys 0 00:00:14  -  Run Remote Usage
		Usr 0 00:00:00, Sys 0 00:00:00  -  Run Local Usage
		Usr 0 00:00:00, Sys 0 00:00:14  -  Total Remote Usage
		Usr 0 00:00:00, Sys 0 00:00:00  -  Total Local Usage
	8302  -  Run Bytes Sent By Job
	8930  -  Run Bytes Received By Job
	8302  -  Total Bytes Sent By Job
	8930  -  Total Bytes Received By Job
	Partitionable Resources :    Usage  Request Allocated
	   Cpus                 :                 1         1
	   Disk (KB)            :  6253598 10000000  10120920
	   Memory (MB)          :       71     2100      2100
...
000 (221610.000.000) 07/31 07:11:30 Job submitted from host: <131.225.189.232:9618?addrs=131.225.189.232-9618&noUDP&sock=8982_aaf4_3>
...
001 (221610.000.000) 07/31 07:11:37 Job executing on host: <131.225.204.83:38868?addrs=131.225.204.83-38868>
...
006 (221610.000.000) 07/31 07:11:45 Image size of job updated: 447524
	49  -  MemoryUsage of job (MB)
	49676  -  ResidentSetSize of job (KB)
...
006 (221610.000.000) 07/31 07:12:45 Image size of job updated: 447524
	71  -  MemoryUsage of job (MB)
	72340  -  ResidentSetSize of job (KB)
...
006 (221610.000.000) 07/31 07:17:25 Image size of job updated: 772020
	71  -  MemoryUsage of job (MB)
	72340  -  ResidentSetSize of job (KB)
...
005 (221610.000.000) 07/31 07:17:26 Job terminated.
	(1) Normal termination (return value 65)
		Usr 0 00:00:15, Sys 0 00:00:28  -  Run Remote Usage
		Usr 0 00:00:00, Sys 0 00:00:00  -  Run Local Usage
		Usr 0 00:00:15, Sys 0 00:00:28  -  Total Remote Usage
		Usr 0 00:00:00, Sys 0 00:00:00  -  Total Local Usage
	29533  -  Run Bytes Sent By Job
	8930  -  Run Bytes Received By Job
	29533  -  Total Bytes Sent By Job
	8930  -  Total Bytes Received By Job
	Partitionable Resources :    Usage  Request Allocated
	   Cpus                 :                 1         1
	   Disk (KB)            :  5942827 10000000  10124856
	   Memory (MB)          :       71     2100      2100
...
000 (222172.000.000) 07/31 08:32:27 Job submitted from host: <131.225.189.232:9618?addrs=131.225.189.232-9618&noUDP&sock=8982_aaf4_3>
...
001 (222172.000.000) 07/31 08:32:38 Job executing on host: <131.225.207.53:51570?addrs=131.225.207.53-51570>
...
006 (222172.000.000) 07/31 08:32:47 Image size of job updated: 2
	3  -  MemoryUsage of job (MB)
	2420  -  ResidentSetSize of job (KB)
...
006 (222172.000.000) 07/31 08:33:48 Image size of job updated: 447524
	71  -  MemoryUsage of job (MB)
	72344  -  ResidentSetSize of job (KB)
...
006 (222172.000.000) 07/31 08:35:21 Image size of job updated: 671664
	71  -  MemoryUsage of job (MB)
	72344  -  ResidentSetSize of job (KB)
...
005 (222172.000.000) 07/31 08:35:22 Job terminated.
	(1) Normal termination (return value 65)
		Usr 0 00:00:08, Sys 0 00:00:16  -  Run Remote Usage
		Usr 0 00:00:00, Sys 0 00:00:00  -  Run Local Usage
		Usr 0 00:00:08, Sys 0 00:00:16  -  Total Remote Usage
		Usr 0 00:00:00, Sys 0 00:00:00  -  Total Local Usage
	14617  -  Run Bytes Sent By Job
	8930  -  Run Bytes Received By Job
	14617  -  Total Bytes Sent By Job
	8930  -  Total Bytes Received By Job
	Partitionable Resources :    Usage  Request Allocated
	   Cpus                 :                 1         1
	   Disk (KB)            :  6240593 10000000  10129989
	   Memory (MB)          :       71     2100      2100
...
000 (222727.000.000) 07/31 08:49:38 Job submitted from host: <131.225.189.232:9618?addrs=131.225.189.232-9618&noUDP&sock=8982_aaf4_3>
...
001 (222727.000.000) 07/31 08:49:50 Job executing on host: <131.225.206.254:37682?addrs=131.225.206.254-37682>
...
006 (222727.000.000) 07/31 08:49:59 Image size of job updated: 447524
	71  -  MemoryUsage of job (MB)
	72344  -  ResidentSetSize of job (KB)
...
006 (222727.000.000) 07/31 08:52:50 Image size of job updated: 728244
	71  -  MemoryUsage of job (MB)
	72344  -  ResidentSetSize of job (KB)
...
005 (222727.000.000) 07/31 08:52:51 Job terminated.
	(1) Normal termination (return value 65)
		Usr 0 00:00:11, Sys 0 00:00:22  -  Run Remote Usage
		Usr 0 00:00:00, Sys 0 00:00:00  -  Run Local Usage
		Usr 0 00:00:11, Sys 0 00:00:22  -  Total Remote Usage
		Usr 0 00:00:00, Sys 0 00:00:00  -  Total Local Usage
	16836  -  Run Bytes Sent By Job
	44439  -  Run Bytes Received By Job
	16836  -  Total Bytes Sent By Job
	44439  -  Total Bytes Received By Job
	Partitionable Resources :    Usage  Request Allocated
	   Cpus                 :                 1         1
	   Disk (KB)            :  5716143 10000000  11516588
	   Memory (MB)          :       71     2100      2100
...
000 (223282.000.000) 07/31 09:06:09 Job submitted from host: <131.225.189.232:9618?addrs=131.225.189.232-9618&noUDP&sock=8982_aaf4_3>
...
001 (223282.000.000) 07/31 09:06:39 Job executing on host: <131.225.207.111:17365?addrs=131.225.207.111-17365>
...
006 (223282.000.000) 07/31 09:06:47 Image size of job updated: 447532
	71  -  MemoryUsage of job (MB)
	72348  -  ResidentSetSize of job (KB)
...
006 (223282.000.000) 07/31 09:08:47 Image size of job updated: 770232
	485  -  MemoryUsage of job (MB)
	495756  -  ResidentSetSize of job (KB)
...
006 (223282.000.000) 07/31 09:09:48 Image size of job updated: 981204
	643  -  MemoryUsage of job (MB)
	657580  -  ResidentSetSize of job (KB)
...
