000 (220883.000.000) 07/31 06:49:31 Job submitted from host: <131.225.189.232:9618?addrs=131.225.189.232-9618&noUDP&sock=8982_aaf4_3>
...
001 (220883.000.000) 07/31 06:49:49 Job executing on host: <131.225.207.167:1759?addrs=131.225.207.167-1759>
...
006 (220883.000.000) 07/31 06:49:58 Image size of job updated: 447532
	11  -  MemoryUsage of job (MB)
	10900  -  ResidentSetSize of job (KB)
...
006 (220883.000.000) 07/31 06:50:58 Image size of job updated: 447532
	71  -  MemoryUsage of job (MB)
	72340  -  ResidentSetSize of job (KB)
...
005 (220883.000.000) 07/31 06:53:33 Job terminated.
	(1) Normal termination (return value 90)
		Usr 0 00:00:01, Sys 0 00:00:19  -  Run Remote Usage
		Usr 0 00:00:00, Sys 0 00:00:00  -  Run Local Usage
		Usr 0 00:00:01, Sys 0 00:00:19  -  Total Remote Usage
		Usr 0 00:00:00, Sys 0 00:00:00  -  Total Local Usage
	21585  -  Run Bytes Sent By Job
	8930  -  Run Bytes Received By Job
	21585  -  Total Bytes Sent By Job
	8930  -  Total Bytes Received By Job
	Partitionable Resources :    Usage  Request Allocated
	   Cpus                 :                 1         1
	   Disk (KB)            :  5229588 10000000  10534233
	   Memory (MB)          :       71     2100      2100
...
000 (221445.000.000) 07/31 07:07:56 Job submitted from host: <131.225.189.232:9618?addrs=131.225.189.232-9618&noUDP&sock=8982_aaf4_3>
...
001 (221445.000.000) 07/31 07:08:17 Job executing on host: <131.225.191.161:17748?addrs=131.225.191.161-17748>
...
006 (221445.000.000) 07/31 07:08:26 Image size of job updated: 447524
	16  -  MemoryUsage of job (MB)
	16320  -  ResidentSetSize of job (KB)
...
006 (221445.000.000) 07/31 07:09:27 Image size of job updated: 447524
	71  -  MemoryUsage of job (MB)
	72348  -  ResidentSetSize of job (KB)
...
000 (222000.000.000) 07/31 07:12:36 Job submitted from host: <131.225.189.232:9618?addrs=131.225.189.232-9618&noUDP&sock=8982_aaf4_3>
...
005 (221445.000.000) 07/31 07:13:29 Job terminated.
	(1) Normal termination (return value 90)
		Usr 0 00:00:02, Sys 0 00:00:21  -  Run Remote Usage
		Usr 0 00:00:00, Sys 0 00:00:00  -  Run Local Usage
		Usr 0 00:00:02, Sys 0 00:00:21  -  Total Remote Usage
		Usr 0 00:00:00, Sys 0 00:00:00  -  Total Local Usage
	26458  -  Run Bytes Sent By Job
	8930  -  Run Bytes Received By Job
	26458  -  Total Bytes Sent By Job
	8930  -  Total Bytes Received By Job
	Partitionable Resources :    Usage  Request Allocated
	   Cpus                 :                 1         1
	   Disk (KB)            :  5493186 10000000  11734092
	   Memory (MB)          :       71     2100      2100
...
001 (222000.000.000) 07/31 07:13:53 Job executing on host: <131.225.205.187:52979?addrs=131.225.205.187-52979>
...
006 (222000.000.000) 07/31 07:14:02 Image size of job updated: 68556
	3  -  MemoryUsage of job (MB)
	2056  -  ResidentSetSize of job (KB)
...
006 (222000.000.000) 07/31 07:15:03 Image size of job updated: 447524
	69  -  MemoryUsage of job (MB)
	70296  -  ResidentSetSize of job (KB)
...
006 (222000.000.000) 07/31 07:19:04 Image size of job updated: 465808
	174  -  MemoryUsage of job (MB)
	177640  -  ResidentSetSize of job (KB)
...
006 (222000.000.000) 07/31 07:20:04 Image size of job updated: 766648
	174  -  MemoryUsage of job (MB)
	177640  -  ResidentSetSize of job (KB)
...
005 (222000.000.000) 07/31 07:20:42 Job terminated.
	(1) Normal termination (return value 65)
		Usr 0 00:00:21, Sys 0 00:00:28  -  Run Remote Usage
		Usr 0 00:00:00, Sys 0 00:00:00  -  Run Local Usage
		Usr 0 00:00:21, Sys 0 00:00:28  -  Total Remote Usage
		Usr 0 00:00:00, Sys 0 00:00:00  -  Total Local Usage
	29146  -  Run Bytes Sent By Job
	8930  -  Run Bytes Received By Job
	29146  -  Total Bytes Sent By Job
	8930  -  Total Bytes Received By Job
	Partitionable Resources :    Usage  Request Allocated
	   Cpus                 :                 1         1
	   Disk (KB)            :  6698405 10000000  17109141
	   Memory (MB)          :      174     2100      2100
...
000 (222562.000.000) 07/31 08:32:54 Job submitted from host: <131.225.189.232:9618?addrs=131.225.189.232-9618&noUDP&sock=8982_aaf4_3>
...
001 (222562.000.000) 07/31 08:34:00 Job executing on host: <131.225.204.121:32685?addrs=131.225.204.121-32685>
...
006 (222562.000.000) 07/31 08:34:09 Image size of job updated: 447524
	45  -  MemoryUsage of job (MB)
	45660  -  ResidentSetSize of job (KB)
...
006 (222562.000.000) 07/31 08:35:10 Image size of job updated: 447524
	71  -  MemoryUsage of job (MB)
	72348  -  ResidentSetSize of job (KB)
...
006 (222562.000.000) 07/31 08:37:12 Image size of job updated: 679344
	397  -  MemoryUsage of job (MB)
	405924  -  ResidentSetSize of job (KB)
...
005 (222562.000.000) 07/31 08:37:26 Job terminated.
	(1) Normal termination (return value 65)
		Usr 0 00:00:08, Sys 0 00:00:19  -  Run Remote Usage
		Usr 0 00:00:00, Sys 0 00:00:00  -  Run Local Usage
		Usr 0 00:00:08, Sys 0 00:00:19  -  Total Remote Usage
		Usr 0 00:00:00, Sys 0 00:00:00  -  Total Local Usage
	12491  -  Run Bytes Sent By Job
	8930  -  Run Bytes Received By Job
	12491  -  Total Bytes Sent By Job
	8930  -  Total Bytes Received By Job
	Partitionable Resources :    Usage  Request Allocated
	   Cpus                 :                 1         1
	   Disk (KB)            :  6701256 10000000  10565703
	   Memory (MB)          :      397     2100      2100
...
000 (223117.000.000) 07/31 08:49:59 Job submitted from host: <131.225.189.232:9618?addrs=131.225.189.232-9618&noUDP&sock=8982_aaf4_3>
...
001 (223117.000.000) 07/31 08:51:07 Job executing on host: <131.225.207.168:29999?addrs=131.225.207.168-29999>
...
006 (223117.000.000) 07/31 08:51:16 Image size of job updated: 2
	3  -  MemoryUsage of job (MB)
	2424  -  ResidentSetSize of job (KB)
...
006 (223117.000.000) 07/31 08:52:17 Image size of job updated: 447524
	71  -  MemoryUsage of job (MB)
	72344  -  ResidentSetSize of job (KB)
...
006 (223117.000.000) 07/31 08:55:43 Image size of job updated: 777136
	71  -  MemoryUsage of job (MB)
	72344  -  ResidentSetSize of job (KB)
...
005 (223117.000.000) 07/31 08:55:44 Job terminated.
	(1) Normal termination (return value 65)
		Usr 0 00:00:13, Sys 0 00:00:18  -  Run Remote Usage
		Usr 0 00:00:00, Sys 0 00:00:00  -  Run Local Usage
		Usr 0 00:00:13, Sys 0 00:00:18  -  Total Remote Usage
		Usr 0 00:00:00, Sys 0 00:00:00  -  Total Local Usage
	24344  -  Run Bytes Sent By Job
	44439  -  Run Bytes Received By Job
	24344  -  Total Bytes Sent By Job
	44439  -  Total Bytes Received By Job
	Partitionable Resources :    Usage  Request Allocated
	   Cpus                 :                 1         1
	   Disk (KB)            :  6109367 10000000  10274349
	   Memory (MB)          :       71     2100      2100
...
000 (223672.000.000) 07/31 09:06:27 Job submitted from host: <131.225.189.232:9618?addrs=131.225.189.232-9618&noUDP&sock=8982_aaf4_3>
...
