000 (220639.000.000) 07/31 06:48:39 Job submitted from host: <131.225.189.232:9618?addrs=131.225.189.232-9618&noUDP&sock=8982_aaf4_3>
...
001 (220639.000.000) 07/31 06:49:00 Job executing on host: <131.225.204.98:42544?addrs=131.225.204.98-42544>
...
006 (220639.000.000) 07/31 06:49:09 Image size of job updated: 447524
	71  -  MemoryUsage of job (MB)
	72344  -  ResidentSetSize of job (KB)
...
005 (220639.000.000) 07/31 06:52:32 Job terminated.
	(1) Normal termination (return value 90)
		Usr 0 00:00:01, Sys 0 00:00:16  -  Run Remote Usage
		Usr 0 00:00:00, Sys 0 00:00:00  -  Run Local Usage
		Usr 0 00:00:01, Sys 0 00:00:16  -  Total Remote Usage
		Usr 0 00:00:00, Sys 0 00:00:00  -  Total Local Usage
	20181  -  Run Bytes Sent By Job
	8930  -  Run Bytes Received By Job
	20181  -  Total Bytes Sent By Job
	8930  -  Total Bytes Received By Job
	Partitionable Resources :    Usage  Request Allocated
	   Cpus                 :                 1         1
	   Disk (KB)            :  5557268 10000000  10449660
	   Memory (MB)          :       71     2100      2100
...
000 (221201.000.000) 07/31 07:07:13 Job submitted from host: <131.225.189.232:9618?addrs=131.225.189.232-9618&noUDP&sock=8982_aaf4_3>
...
001 (221201.000.000) 07/31 07:07:51 Job executing on host: <131.225.206.166:53794?addrs=131.225.206.166-53794>
...
006 (221201.000.000) 07/31 07:08:00 Image size of job updated: 447524
	71  -  MemoryUsage of job (MB)
	72344  -  ResidentSetSize of job (KB)
...
000 (221756.000.000) 07/31 07:11:54 Job submitted from host: <131.225.189.232:9618?addrs=131.225.189.232-9618&noUDP&sock=8982_aaf4_3>
...
001 (221756.000.000) 07/31 07:12:13 Job executing on host: <131.225.204.38:65133?addrs=131.225.204.38-65133>
...
006 (221756.000.000) 07/31 07:12:22 Image size of job updated: 447524
	71  -  MemoryUsage of job (MB)
	72348  -  ResidentSetSize of job (KB)
...
005 (221201.000.000) 07/31 07:14:10 Job terminated.
	(1) Normal termination (return value 90)
		Usr 0 00:00:02, Sys 0 00:00:15  -  Run Remote Usage
		Usr 0 00:00:00, Sys 0 00:00:00  -  Run Local Usage
		Usr 0 00:00:02, Sys 0 00:00:15  -  Total Remote Usage
		Usr 0 00:00:00, Sys 0 00:00:00  -  Total Local Usage
	32736  -  Run Bytes Sent By Job
	8930  -  Run Bytes Received By Job
	32736  -  Total Bytes Sent By Job
	8930  -  Total Bytes Received By Job
	Partitionable Resources :    Usage  Request Allocated
	   Cpus                 :                 1         1
	   Disk (KB)            :  5943425 10000000  12054084
	   Memory (MB)          :       71     2100      2100
...
006 (221756.000.000) 07/31 07:14:24 Image size of job updated: 469676
	242  -  MemoryUsage of job (MB)
	247068  -  ResidentSetSize of job (KB)
...
006 (221756.000.000) 07/31 07:14:59 Image size of job updated: 726452
	242  -  MemoryUsage of job (MB)
	247068  -  ResidentSetSize of job (KB)
...
005 (221756.000.000) 07/31 07:15:00 Job terminated.
	(1) Normal termination (return value 65)
		Usr 0 00:00:10, Sys 0 00:00:17  -  Run Remote Usage
		Usr 0 00:00:00, Sys 0 00:00:00  -  Run Local Usage
		Usr 0 00:00:10, Sys 0 00:00:17  -  Total Remote Usage
		Usr 0 00:00:00, Sys 0 00:00:00  -  Total Local Usage
	9238  -  Run Bytes Sent By Job
	8930  -  Run Bytes Received By Job
	9238  -  Total Bytes Sent By Job
	8930  -  Total Bytes Received By Job
	Partitionable Resources :    Usage  Request Allocated
	   Cpus                 :                 1         1
	   Disk (KB)            :  6017883 10000000  10242312
	   Memory (MB)          :      242     2100      2100
...
000 (222318.000.000) 07/31 08:32:38 Job submitted from host: <131.225.189.232:9618?addrs=131.225.189.232-9618&noUDP&sock=8982_aaf4_3>
...
001 (222318.000.000) 07/31 08:33:09 Job executing on host: <131.225.204.102:9137?addrs=131.225.204.102-9137>
...
006 (222318.000.000) 07/31 08:33:17 Image size of job updated: 2
	3  -  MemoryUsage of job (MB)
	2424  -  ResidentSetSize of job (KB)
...
006 (222318.000.000) 07/31 08:34:17 Image size of job updated: 447524
	71  -  MemoryUsage of job (MB)
	72348  -  ResidentSetSize of job (KB)
...
006 (222318.000.000) 07/31 08:37:20 Image size of job updated: 769968
	484  -  MemoryUsage of job (MB)
	495316  -  ResidentSetSize of job (KB)
...
005 (222318.000.000) 07/31 08:37:21 Job terminated.
	(1) Normal termination (return value 65)
		Usr 0 00:00:13, Sys 0 00:00:22  -  Run Remote Usage
		Usr 0 00:00:00, Sys 0 00:00:00  -  Run Local Usage
		Usr 0 00:00:13, Sys 0 00:00:22  -  Total Remote Usage
		Usr 0 00:00:00, Sys 0 00:00:00  -  Total Local Usage
	22740  -  Run Bytes Sent By Job
	8930  -  Run Bytes Received By Job
	22740  -  Total Bytes Sent By Job
	8930  -  Total Bytes Received By Job
	Partitionable Resources :    Usage  Request Allocated
	   Cpus                 :                 1         1
	   Disk (KB)            :  4962646 10000000  10578786
	   Memory (MB)          :      484     2100      2100
...
000 (222873.000.000) 07/31 08:49:48 Job submitted from host: <131.225.189.232:9618?addrs=131.225.189.232-9618&noUDP&sock=8982_aaf4_3>
...
001 (222873.000.000) 07/31 08:50:20 Job executing on host: <131.225.206.207:65385?addrs=131.225.206.207-65385>
...
006 (222873.000.000) 07/31 08:50:28 Image size of job updated: 2
	3  -  MemoryUsage of job (MB)
	2424  -  ResidentSetSize of job (KB)
...
006 (222873.000.000) 07/31 08:51:28 Image size of job updated: 447524
	70  -  MemoryUsage of job (MB)
	71356  -  ResidentSetSize of job (KB)
...
006 (222873.000.000) 07/31 08:52:28 Image size of job updated: 447524
	165  -  MemoryUsage of job (MB)
	168072  -  ResidentSetSize of job (KB)
...
006 (222873.000.000) 07/31 08:52:37 Image size of job updated: 768944
	165  -  MemoryUsage of job (MB)
	168072  -  ResidentSetSize of job (KB)
...
005 (222873.000.000) 07/31 08:52:37 Job terminated.
	(1) Normal termination (return value 65)
		Usr 0 00:00:12, Sys 0 00:00:19  -  Run Remote Usage
		Usr 0 00:00:00, Sys 0 00:00:00  -  Run Local Usage
		Usr 0 00:00:12, Sys 0 00:00:19  -  Total Remote Usage
		Usr 0 00:00:00, Sys 0 00:00:00  -  Total Local Usage
	12649  -  Run Bytes Sent By Job
	44439  -  Run Bytes Received By Job
	12649  -  Total Bytes Sent By Job
	44439  -  Total Bytes Received By Job
	Partitionable Resources :    Usage  Request Allocated
	   Cpus                 :                 1         1
	   Disk (KB)            :  6020592 10000000  11706388
	   Memory (MB)          :      165     2100      2100
...
000 (223428.000.000) 07/31 09:06:17 Job submitted from host: <131.225.189.232:9618?addrs=131.225.189.232-9618&noUDP&sock=8982_aaf4_3>
...
