000 (221035.000.000) 07/31 06:50:03 Job submitted from host: <131.225.189.232:9618?addrs=131.225.189.232-9618&noUDP&sock=8982_aaf4_3>
...
001 (221035.000.000) 07/31 06:51:36 Job executing on host: <131.225.204.108:37618?addrs=131.225.204.108-37618>
...
006 (221035.000.000) 07/31 06:51:45 Image size of job updated: 447524
	71  -  MemoryUsage of job (MB)
	72352  -  ResidentSetSize of job (KB)
...
005 (221035.000.000) 07/31 06:53:04 Job terminated.
	(1) Normal termination (return value 90)
		Usr 0 00:00:00, Sys 0 00:00:16  -  Run Remote Usage
		Usr 0 00:00:00, Sys 0 00:00:00  -  Run Local Usage
		Usr 0 00:00:00, Sys 0 00:00:16  -  Total Remote Usage
		Usr 0 00:00:00, Sys 0 00:00:00  -  Total Local Usage
	9277  -  Run Bytes Sent By Job
	8930  -  Run Bytes Received By Job
	9277  -  Total Bytes Sent By Job
	8930  -  Total Bytes Received By Job
	Partitionable Resources :    Usage  Request Allocated
	   Cpus                 :                 1         1
	   Disk (KB)            :  6048778 10000000  10124328
	   Memory (MB)          :       71     2100      2100
...
000 (221597.000.000) 07/31 07:08:22 Job submitted from host: <131.225.189.232:9618?addrs=131.225.189.232-9618&noUDP&sock=8982_aaf4_3>
...
001 (221597.000.000) 07/31 07:09:39 Job executing on host: <131.225.204.104:14817?addrs=131.225.204.104-14817>
...
006 (221597.000.000) 07/31 07:09:47 Image size of job updated: 102480
	3  -  MemoryUsage of job (MB)
	2468  -  ResidentSetSize of job (KB)
...
006 (221597.000.000) 07/31 07:10:47 Image size of job updated: 447524
	70  -  MemoryUsage of job (MB)
	71356  -  ResidentSetSize of job (KB)
...
005 (221597.000.000) 07/31 07:11:08 Job terminated.
	(1) Normal termination (return value 90)
		Usr 0 00:00:00, Sys 0 00:00:14  -  Run Remote Usage
		Usr 0 00:00:00, Sys 0 00:00:00  -  Run Local Usage
		Usr 0 00:00:00, Sys 0 00:00:14  -  Total Remote Usage
		Usr 0 00:00:00, Sys 0 00:00:00  -  Total Local Usage
	8673  -  Run Bytes Sent By Job
	8930  -  Run Bytes Received By Job
	8673  -  Total Bytes Sent By Job
	8930  -  Total Bytes Received By Job
	Partitionable Resources :    Usage  Request Allocated
	   Cpus                 :                 1         1
	   Disk (KB)            :  4812904 10000000  10374408
	   Memory (MB)          :       70     2100      2100
...
000 (222152.000.000) 07/31 07:13:01 Job submitted from host: <131.225.189.232:9618?addrs=131.225.189.232-9618&noUDP&sock=8982_aaf4_3>
...
001 (222152.000.000) 07/31 07:14:55 Job executing on host: <131.225.206.229:10955?addrs=131.225.206.229-10955>
...
006 (222152.000.000) 07/31 07:15:03 Image size of job updated: 2
	3  -  MemoryUsage of job (MB)
	2424  -  ResidentSetSize of job (KB)
...
006 (222152.000.000) 07/31 07:16:03 Image size of job updated: 447524
	71  -  MemoryUsage of job (MB)
	72348  -  ResidentSetSize of job (KB)
...
006 (222152.000.000) 07/31 07:19:36 Image size of job updated: 770992
	71  -  MemoryUsage of job (MB)
	72348  -  ResidentSetSize of job (KB)
...
005 (222152.000.000) 07/31 07:19:37 Job terminated.
	(1) Normal termination (return value 65)
		Usr 0 00:00:12, Sys 0 00:00:18  -  Run Remote Usage
		Usr 0 00:00:00, Sys 0 00:00:00  -  Run Local Usage
		Usr 0 00:00:12, Sys 0 00:00:18  -  Total Remote Usage
		Usr 0 00:00:00, Sys 0 00:00:00  -  Total Local Usage
	22307  -  Run Bytes Sent By Job
	8930  -  Run Bytes Received By Job
	22307  -  Total Bytes Sent By Job
	8930  -  Total Bytes Received By Job
	Partitionable Resources :    Usage  Request Allocated
	   Cpus                 :                 1         1
	   Disk (KB)            :  6793450 10000000  11787304
	   Memory (MB)          :       71     2100      2100
...
