000 (220906.000.000) 07/31 06:49:35 Job submitted from host: <131.225.189.232:9618?addrs=131.225.189.232-9618&noUDP&sock=8982_aaf4_3>
...
001 (220906.000.000) 07/31 06:50:15 Job executing on host: <131.225.206.226:52361?addrs=131.225.206.226-52361>
...
006 (220906.000.000) 07/31 06:50:24 Image size of job updated: 381924
	23  -  MemoryUsage of job (MB)
	23132  -  ResidentSetSize of job (KB)
...
006 (220906.000.000) 07/31 06:51:25 Image size of job updated: 447524
	71  -  MemoryUsage of job (MB)
	72348  -  ResidentSetSize of job (KB)
...
005 (220906.000.000) 07/31 06:55:39 Job terminated.
	(1) Normal termination (return value 90)
		Usr 0 00:00:02, Sys 0 00:00:22  -  Run Remote Usage
		Usr 0 00:00:00, Sys 0 00:00:00  -  Run Local Usage
		Usr 0 00:00:02, Sys 0 00:00:22  -  Total Remote Usage
		Usr 0 00:00:00, Sys 0 00:00:00  -  Total Local Usage
	28834  -  Run Bytes Sent By Job
	8930  -  Run Bytes Received By Job
	28834  -  Total Bytes Sent By Job
	8930  -  Total Bytes Received By Job
	Partitionable Resources :    Usage  Request Allocated
	   Cpus                 :                 1         1
	   Disk (KB)            :  6278173 10000000  11406116
	   Memory (MB)          :       71     2100      2100
...
000 (221468.000.000) 07/31 07:08:00 Job submitted from host: <131.225.189.232:9618?addrs=131.225.189.232-9618&noUDP&sock=8982_aaf4_3>
...
001 (221468.000.000) 07/31 07:08:41 Job executing on host: <131.225.191.223:52551?addrs=131.225.191.223-52551>
...
006 (221468.000.000) 07/31 07:08:49 Image size of job updated: 102480
	3  -  MemoryUsage of job (MB)
	2472  -  ResidentSetSize of job (KB)
...
006 (221468.000.000) 07/31 07:09:50 Image size of job updated: 447524
	70  -  MemoryUsage of job (MB)
	71352  -  ResidentSetSize of job (KB)
...
005 (221468.000.000) 07/31 07:12:07 Job terminated.
	(1) Normal termination (return value 90)
		Usr 0 00:00:02, Sys 0 00:00:29  -  Run Remote Usage
		Usr 0 00:00:00, Sys 0 00:00:00  -  Run Local Usage
		Usr 0 00:00:02, Sys 0 00:00:29  -  Total Remote Usage
		Usr 0 00:00:00, Sys 0 00:00:00  -  Total Local Usage
	16724  -  Run Bytes Sent By Job
	8930  -  Run Bytes Received By Job
	16724  -  Total Bytes Sent By Job
	8930  -  Total Bytes Received By Job
	Partitionable Resources :    Usage  Request Allocated
	   Cpus                 :                 1         1
	   Disk (KB)            :  5238895 10000000  16012802
	   Memory (MB)          :       70     2100      2100
...
000 (222023.000.000) 07/31 07:12:40 Job submitted from host: <131.225.189.232:9618?addrs=131.225.189.232-9618&noUDP&sock=8982_aaf4_3>
...
001 (222023.000.000) 07/31 07:14:04 Job executing on host: <131.225.191.224:27141?addrs=131.225.191.224-27141>
...
006 (222023.000.000) 07/31 07:14:13 Image size of job updated: 82320
	21  -  MemoryUsage of job (MB)
	21448  -  ResidentSetSize of job (KB)
...
006 (222023.000.000) 07/31 07:15:12 Image size of job updated: 447524
	69  -  MemoryUsage of job (MB)
	70404  -  ResidentSetSize of job (KB)
...
006 (222023.000.000) 07/31 07:16:20 Image size of job updated: 447524
	69  -  MemoryUsage of job (MB)
	70412  -  ResidentSetSize of job (KB)
...
006 (222023.000.000) 07/31 07:22:18 Image size of job updated: 447524
	123  -  MemoryUsage of job (MB)
	125508  -  ResidentSetSize of job (KB)
...
006 (222023.000.000) 07/31 07:22:32 Image size of job updated: 732080
	123  -  MemoryUsage of job (MB)
	125508  -  ResidentSetSize of job (KB)
...
005 (222023.000.000) 07/31 07:22:33 Job terminated.
	(1) Normal termination (return value 65)
		Usr 0 00:00:13, Sys 0 00:00:27  -  Run Remote Usage
		Usr 0 00:00:00, Sys 0 00:00:00  -  Run Local Usage
		Usr 0 00:00:13, Sys 0 00:00:27  -  Total Remote Usage
		Usr 0 00:00:00, Sys 0 00:00:00  -  Total Local Usage
	26685  -  Run Bytes Sent By Job
	8930  -  Run Bytes Received By Job
	26685  -  Total Bytes Sent By Job
	8930  -  Total Bytes Received By Job
	Partitionable Resources :    Usage  Request Allocated
	   Cpus                 :                 1         1
	   Disk (KB)            :  6782007 10000000  15347584
	   Memory (MB)          :      123     2100      2100
...
000 (222585.000.000) 07/31 08:32:56 Job submitted from host: <131.225.189.232:9618?addrs=131.225.189.232-9618&noUDP&sock=8982_aaf4_3>
...
001 (222585.000.000) 07/31 08:34:05 Job executing on host: <131.225.191.69:18084?addrs=131.225.191.69-18084>
...
006 (222585.000.000) 07/31 08:34:14 Image size of job updated: 2
	3  -  MemoryUsage of job (MB)
	2420  -  ResidentSetSize of job (KB)
...
006 (222585.000.000) 07/31 08:35:15 Image size of job updated: 447524
	70  -  MemoryUsage of job (MB)
	71352  -  ResidentSetSize of job (KB)
...
006 (222585.000.000) 07/31 08:36:56 Image size of job updated: 772784
	70  -  MemoryUsage of job (MB)
	71352  -  ResidentSetSize of job (KB)
...
005 (222585.000.000) 07/31 08:36:57 Job terminated.
	(1) Normal termination (return value 65)
		Usr 0 00:00:14, Sys 0 00:00:23  -  Run Remote Usage
		Usr 0 00:00:00, Sys 0 00:00:00  -  Run Local Usage
		Usr 0 00:00:14, Sys 0 00:00:23  -  Total Remote Usage
		Usr 0 00:00:00, Sys 0 00:00:00  -  Total Local Usage
	13005  -  Run Bytes Sent By Job
	8930  -  Run Bytes Received By Job
	13005  -  Total Bytes Sent By Job
	8930  -  Total Bytes Received By Job
	Partitionable Resources :    Usage  Request Allocated
	   Cpus                 :                 1         1
	   Disk (KB)            :  6617424 10000000  16067886
	   Memory (MB)          :       70     2100      2100
...
000 (223140.000.000) 07/31 08:50:00 Job submitted from host: <131.225.189.232:9618?addrs=131.225.189.232-9618&noUDP&sock=8982_aaf4_3>
...
001 (223140.000.000) 07/31 08:51:17 Job executing on host: <131.225.206.194:9227?addrs=131.225.206.194-9227>
...
006 (223140.000.000) 07/31 08:51:28 Image size of job updated: 2
	3  -  MemoryUsage of job (MB)
	2424  -  ResidentSetSize of job (KB)
...
006 (223140.000.000) 07/31 08:52:27 Image size of job updated: 447536
	71  -  MemoryUsage of job (MB)
	72348  -  ResidentSetSize of job (KB)
...
006 (223140.000.000) 07/31 08:56:20 Image size of job updated: 772784
	71  -  MemoryUsage of job (MB)
	72348  -  ResidentSetSize of job (KB)
...
005 (223140.000.000) 07/31 08:56:21 Job terminated.
	(1) Normal termination (return value 65)
		Usr 0 00:00:11, Sys 0 00:00:21  -  Run Remote Usage
		Usr 0 00:00:00, Sys 0 00:00:00  -  Run Local Usage
		Usr 0 00:00:11, Sys 0 00:00:21  -  Total Remote Usage
		Usr 0 00:00:00, Sys 0 00:00:00  -  Total Local Usage
	21118  -  Run Bytes Sent By Job
	44439  -  Run Bytes Received By Job
	21118  -  Total Bytes Sent By Job
	44439  -  Total Bytes Received By Job
	Partitionable Resources :    Usage  Request Allocated
	   Cpus                 :                 1         1
	   Disk (KB)            :  6142133 10000000  12002184
	   Memory (MB)          :       71     2100      2100
...
000 (223695.000.000) 07/31 09:06:28 Job submitted from host: <131.225.189.232:9618?addrs=131.225.189.232-9618&noUDP&sock=8982_aaf4_3>
...
