000 (220638.000.000) 07/31 06:48:39 Job submitted from host: <131.225.189.232:9618?addrs=131.225.189.232-9618&noUDP&sock=8982_aaf4_3>
...
001 (220638.000.000) 07/31 06:49:03 Job executing on host: <131.225.206.242:5865?addrs=131.225.206.242-5865>
...
006 (220638.000.000) 07/31 06:49:12 Image size of job updated: 447524
	71  -  MemoryUsage of job (MB)
	72348  -  ResidentSetSize of job (KB)
...
005 (220638.000.000) 07/31 06:51:23 Job terminated.
	(1) Normal termination (return value 90)
		Usr 0 00:00:00, Sys 0 00:00:16  -  Run Remote Usage
		Usr 0 00:00:00, Sys 0 00:00:00  -  Run Local Usage
		Usr 0 00:00:00, Sys 0 00:00:16  -  Total Remote Usage
		Usr 0 00:00:00, Sys 0 00:00:00  -  Total Local Usage
	12656  -  Run Bytes Sent By Job
	8930  -  Run Bytes Received By Job
	12656  -  Total Bytes Sent By Job
	8930  -  Total Bytes Received By Job
	Partitionable Resources :    Usage  Request Allocated
	   Cpus                 :                 1         1
	   Disk (KB)            :  5999630 10000000  11844796
	   Memory (MB)          :       71     2100      2100
...
000 (221200.000.000) 07/31 07:07:13 Job submitted from host: <131.225.189.232:9618?addrs=131.225.189.232-9618&noUDP&sock=8982_aaf4_3>
...
001 (221200.000.000) 07/31 07:07:43 Job executing on host: <131.225.206.53:45858?addrs=131.225.206.53-45858>
...
006 (221200.000.000) 07/31 07:07:52 Image size of job updated: 2
	3  -  MemoryUsage of job (MB)
	2424  -  ResidentSetSize of job (KB)
...
006 (221200.000.000) 07/31 07:08:53 Image size of job updated: 447524
	70  -  MemoryUsage of job (MB)
	71356  -  ResidentSetSize of job (KB)
...
005 (221200.000.000) 07/31 07:11:36 Job terminated.
	(1) Normal termination (return value 90)
		Usr 0 00:00:01, Sys 0 00:00:17  -  Run Remote Usage
		Usr 0 00:00:00, Sys 0 00:00:00  -  Run Local Usage
		Usr 0 00:00:01, Sys 0 00:00:17  -  Total Remote Usage
		Usr 0 00:00:00, Sys 0 00:00:00  -  Total Local Usage
	21859  -  Run Bytes Sent By Job
	8930  -  Run Bytes Received By Job
	21859  -  Total Bytes Sent By Job
	8930  -  Total Bytes Received By Job
	Partitionable Resources :    Usage  Request Allocated
	   Cpus                 :                 1         1
	   Disk (KB)            :  5173363 10000000  10364475
	   Memory (MB)          :       70     2100      2100
...
000 (221755.000.000) 07/31 07:11:54 Job submitted from host: <131.225.189.232:9618?addrs=131.225.189.232-9618&noUDP&sock=8982_aaf4_3>
...
001 (221755.000.000) 07/31 07:12:14 Job executing on host: <131.225.206.164:5908?addrs=131.225.206.164-5908>
...
006 (221755.000.000) 07/31 07:12:23 Image size of job updated: 2
	3  -  MemoryUsage of job (MB)
	2424  -  ResidentSetSize of job (KB)
...
006 (221755.000.000) 07/31 07:13:24 Image size of job updated: 447524
	71  -  MemoryUsage of job (MB)
	72428  -  ResidentSetSize of job (KB)
...
006 (221755.000.000) 07/31 07:14:19 Image size of job updated: 751536
	71  -  MemoryUsage of job (MB)
	72428  -  ResidentSetSize of job (KB)
...
005 (221755.000.000) 07/31 07:14:19 Job terminated.
	(1) Normal termination (return value 65)
		Usr 0 00:00:10, Sys 0 00:00:17  -  Run Remote Usage
		Usr 0 00:00:00, Sys 0 00:00:00  -  Run Local Usage
		Usr 0 00:00:10, Sys 0 00:00:17  -  Total Remote Usage
		Usr 0 00:00:00, Sys 0 00:00:00  -  Total Local Usage
	11099  -  Run Bytes Sent By Job
	8930  -  Run Bytes Received By Job
	11099  -  Total Bytes Sent By Job
	8930  -  Total Bytes Received By Job
	Partitionable Resources :    Usage  Request Allocated
	   Cpus                 :                 1         1
	   Disk (KB)            :  4648472 10000000  11812256
	   Memory (MB)          :       71     2100      2100
...
000 (222317.000.000) 07/31 08:32:38 Job submitted from host: <131.225.189.232:9618?addrs=131.225.189.232-9618&noUDP&sock=8982_aaf4_3>
...
001 (222317.000.000) 07/31 08:33:29 Job executing on host: <131.225.207.97:13418?addrs=131.225.207.97-13418>
...
006 (222317.000.000) 07/31 08:33:38 Image size of job updated: 2
	3  -  MemoryUsage of job (MB)
	2428  -  ResidentSetSize of job (KB)
...
006 (222317.000.000) 07/31 08:34:39 Image size of job updated: 447524
	69  -  MemoryUsage of job (MB)
	70432  -  ResidentSetSize of job (KB)
...
006 (222317.000.000) 07/31 08:36:39 Image size of job updated: 769972
	481  -  MemoryUsage of job (MB)
	491884  -  ResidentSetSize of job (KB)
...
005 (222317.000.000) 07/31 08:36:39 Job terminated.
	(1) Normal termination (return value 65)
		Usr 0 00:00:11, Sys 0 00:00:15  -  Run Remote Usage
		Usr 0 00:00:00, Sys 0 00:00:00  -  Run Local Usage
		Usr 0 00:00:11, Sys 0 00:00:15  -  Total Remote Usage
		Usr 0 00:00:00, Sys 0 00:00:00  -  Total Local Usage
	14774  -  Run Bytes Sent By Job
	8930  -  Run Bytes Received By Job
	14774  -  Total Bytes Sent By Job
	8930  -  Total Bytes Received By Job
	Partitionable Resources :    Usage  Request Allocated
	   Cpus                 :                 1         1
	   Disk (KB)            :  5749072 10000000  13130764
	   Memory (MB)          :      481     2100      2100
...
000 (222872.000.000) 07/31 08:49:48 Job submitted from host: <131.225.189.232:9618?addrs=131.225.189.232-9618&noUDP&sock=8982_aaf4_3>
...
001 (222872.000.000) 07/31 08:50:20 Job executing on host: <131.225.204.102:9137?addrs=131.225.204.102-9137>
...
006 (222872.000.000) 07/31 08:50:32 Image size of job updated: 2
	3  -  MemoryUsage of job (MB)
	2420  -  ResidentSetSize of job (KB)
...
006 (222872.000.000) 07/31 08:51:32 Image size of job updated: 447524
	71  -  MemoryUsage of job (MB)
	72352  -  ResidentSetSize of job (KB)
...
006 (222872.000.000) 07/31 08:58:28 Image size of job updated: 563876
	71  -  MemoryUsage of job (MB)
	72352  -  ResidentSetSize of job (KB)
...
005 (222872.000.000) 07/31 08:58:29 Job terminated.
	(1) Normal termination (return value 65)
		Usr 0 00:00:06, Sys 0 00:00:24  -  Run Remote Usage
		Usr 0 00:00:00, Sys 0 00:00:00  -  Run Local Usage
		Usr 0 00:00:06, Sys 0 00:00:24  -  Total Remote Usage
		Usr 0 00:00:00, Sys 0 00:00:00  -  Total Local Usage
	25127  -  Run Bytes Sent By Job
	44439  -  Run Bytes Received By Job
	25127  -  Total Bytes Sent By Job
	44439  -  Total Bytes Received By Job
	Partitionable Resources :    Usage  Request Allocated
	   Cpus                 :                 1         1
	   Disk (KB)            :  6143408 10000000  13189960
	   Memory (MB)          :       71     2100      2100
...
000 (223427.000.000) 07/31 09:06:17 Job submitted from host: <131.225.189.232:9618?addrs=131.225.189.232-9618&noUDP&sock=8982_aaf4_3>
...
