000 (221001.000.000) 07/31 06:49:56 Job submitted from host: <131.225.189.232:9618?addrs=131.225.189.232-9618&noUDP&sock=8982_aaf4_3>
...
001 (221001.000.000) 07/31 06:51:03 Job executing on host: <131.225.205.184:3858?addrs=131.225.205.184-3858>
...
006 (221001.000.000) 07/31 06:51:11 Image size of job updated: 2
	3  -  MemoryUsage of job (MB)
	2420  -  ResidentSetSize of job (KB)
...
006 (221001.000.000) 07/31 06:52:11 Image size of job updated: 447524
	70  -  MemoryUsage of job (MB)
	71388  -  ResidentSetSize of job (KB)
...
005 (221001.000.000) 07/31 06:52:42 Job terminated.
	(1) Normal termination (return value 90)
		Usr 0 00:00:00, Sys 0 00:00:17  -  Run Remote Usage
		Usr 0 00:00:00, Sys 0 00:00:00  -  Run Local Usage
		Usr 0 00:00:00, Sys 0 00:00:17  -  Total Remote Usage
		Usr 0 00:00:00, Sys 0 00:00:00  -  Total Local Usage
	8844  -  Run Bytes Sent By Job
	8930  -  Run Bytes Received By Job
	8844  -  Total Bytes Sent By Job
	8930  -  Total Bytes Received By Job
	Partitionable Resources :    Usage  Request Allocated
	   Cpus                 :                 1         1
	   Disk (KB)            :  4636045 10000000  17140862
	   Memory (MB)          :       70     2100      2100
...
000 (221563.000.000) 07/31 07:08:16 Job submitted from host: <131.225.189.232:9618?addrs=131.225.189.232-9618&noUDP&sock=8982_aaf4_3>
...
001 (221563.000.000) 07/31 07:09:25 Job executing on host: <131.225.204.113:23079?addrs=131.225.204.113-23079>
...
006 (221563.000.000) 07/31 07:09:38 Image size of job updated: 40612
	4  -  MemoryUsage of job (MB)
	3644  -  ResidentSetSize of job (KB)
...
006 (221563.000.000) 07/31 07:10:33 Image size of job updated: 447528
	71  -  MemoryUsage of job (MB)
	72348  -  ResidentSetSize of job (KB)
...
000 (222118.000.000) 07/31 07:12:56 Job submitted from host: <131.225.189.232:9618?addrs=131.225.189.232-9618&noUDP&sock=8982_aaf4_3>
...
001 (222118.000.000) 07/31 07:14:44 Job executing on host: <131.225.207.46:11510?addrs=131.225.207.46-11510>
...
006 (222118.000.000) 07/31 07:15:15 Image size of job updated: 40612
	4  -  MemoryUsage of job (MB)
	3652  -  ResidentSetSize of job (KB)
...
005 (221563.000.000) 07/31 07:16:35 Job terminated.
	(1) Normal termination (return value 90)
		Usr 0 00:00:02, Sys 0 00:00:14  -  Run Remote Usage
		Usr 0 00:00:00, Sys 0 00:00:00  -  Run Local Usage
		Usr 0 00:00:02, Sys 0 00:00:14  -  Total Remote Usage
		Usr 0 00:00:00, Sys 0 00:00:00  -  Total Local Usage
	35125  -  Run Bytes Sent By Job
	8930  -  Run Bytes Received By Job
	35125  -  Total Bytes Sent By Job
	8930  -  Total Bytes Received By Job
	Partitionable Resources :    Usage  Request Allocated
	   Cpus                 :                 1         1
	   Disk (KB)            :  5648511 10000000  10492101
	   Memory (MB)          :       71     2100      2100
...
006 (222118.000.000) 07/31 07:18:30 Image size of job updated: 765360
	478  -  MemoryUsage of job (MB)
	489020  -  ResidentSetSize of job (KB)
...
005 (222118.000.000) 07/31 07:18:36 Job terminated.
	(1) Normal termination (return value 65)
		Usr 0 00:00:12, Sys 0 00:00:16  -  Run Remote Usage
		Usr 0 00:00:00, Sys 0 00:00:00  -  Run Local Usage
		Usr 0 00:00:12, Sys 0 00:00:16  -  Total Remote Usage
		Usr 0 00:00:00, Sys 0 00:00:00  -  Total Local Usage
	16731  -  Run Bytes Sent By Job
	8930  -  Run Bytes Received By Job
	16731  -  Total Bytes Sent By Job
	8930  -  Total Bytes Received By Job
	Partitionable Resources :    Usage  Request Allocated
	   Cpus                 :                 1         1
	   Disk (KB)            :  6641679 10000000  10145463
	   Memory (MB)          :      478     2100      2100
...
