000 (220632.000.000) 07/31 06:48:37 Job submitted from host: <131.225.189.232:9618?addrs=131.225.189.232-9618&noUDP&sock=8982_aaf4_3>
...
001 (220632.000.000) 07/31 06:48:57 Job executing on host: <131.225.206.194:9227?addrs=131.225.206.194-9227>
...
006 (220632.000.000) 07/31 06:49:06 Image size of job updated: 2
	3  -  MemoryUsage of job (MB)
	2424  -  ResidentSetSize of job (KB)
...
006 (220632.000.000) 07/31 06:50:06 Image size of job updated: 447524
	69  -  MemoryUsage of job (MB)
	70416  -  ResidentSetSize of job (KB)
...
005 (220632.000.000) 07/31 06:50:35 Job terminated.
	(1) Normal termination (return value 90)
		Usr 0 00:00:01, Sys 0 00:00:17  -  Run Remote Usage
		Usr 0 00:00:00, Sys 0 00:00:00  -  Run Local Usage
		Usr 0 00:00:01, Sys 0 00:00:17  -  Total Remote Usage
		Usr 0 00:00:00, Sys 0 00:00:00  -  Total Local Usage
	10276  -  Run Bytes Sent By Job
	8930  -  Run Bytes Received By Job
	10276  -  Total Bytes Sent By Job
	8930  -  Total Bytes Received By Job
	Partitionable Resources :    Usage  Request Allocated
	   Cpus                 :                 1         1
	   Disk (KB)            :  5278730 10000000  11920160
	   Memory (MB)          :       69     2100      2100
...
000 (221194.000.000) 07/31 07:07:11 Job submitted from host: <131.225.189.232:9618?addrs=131.225.189.232-9618&noUDP&sock=8982_aaf4_3>
...
001 (221194.000.000) 07/31 07:07:42 Job executing on host: <131.225.204.24:47840?addrs=131.225.204.24-47840>
...
006 (221194.000.000) 07/31 07:07:51 Image size of job updated: 2
	3  -  MemoryUsage of job (MB)
	2424  -  ResidentSetSize of job (KB)
...
006 (221194.000.000) 07/31 07:08:52 Image size of job updated: 447524
	69  -  MemoryUsage of job (MB)
	70292  -  ResidentSetSize of job (KB)
...
000 (221749.000.000) 07/31 07:11:53 Job submitted from host: <131.225.189.232:9618?addrs=131.225.189.232-9618&noUDP&sock=8982_aaf4_3>
...
001 (221749.000.000) 07/31 07:12:12 Job executing on host: <131.225.191.138:60659?addrs=131.225.191.138-60659>
...
006 (221749.000.000) 07/31 07:12:21 Image size of job updated: 447524
	71  -  MemoryUsage of job (MB)
	72348  -  ResidentSetSize of job (KB)
...
006 (221749.000.000) 07/31 07:15:24 Image size of job updated: 447524
	165  -  MemoryUsage of job (MB)
	168024  -  ResidentSetSize of job (KB)
...
005 (221194.000.000) 07/31 07:15:38 Job terminated.
	(1) Normal termination (return value 90)
		Usr 0 00:00:02, Sys 0 00:00:15  -  Run Remote Usage
		Usr 0 00:00:00, Sys 0 00:00:00  -  Run Local Usage
		Usr 0 00:00:02, Sys 0 00:00:15  -  Total Remote Usage
		Usr 0 00:00:00, Sys 0 00:00:00  -  Total Local Usage
	26036  -  Run Bytes Sent By Job
	8930  -  Run Bytes Received By Job
	26036  -  Total Bytes Sent By Job
	8930  -  Total Bytes Received By Job
	Partitionable Resources :    Usage  Request Allocated
	   Cpus                 :                 1         1
	   Disk (KB)            :  5869916 10000000  10310628
	   Memory (MB)          :       69     2100      2100
...
006 (221749.000.000) 07/31 07:16:01 Image size of job updated: 687276
	165  -  MemoryUsage of job (MB)
	168024  -  ResidentSetSize of job (KB)
...
005 (221749.000.000) 07/31 07:16:01 Job terminated.
	(1) Normal termination (return value 65)
		Usr 0 00:00:09, Sys 0 00:00:18  -  Run Remote Usage
		Usr 0 00:00:00, Sys 0 00:00:00  -  Run Local Usage
		Usr 0 00:00:09, Sys 0 00:00:18  -  Total Remote Usage
		Usr 0 00:00:00, Sys 0 00:00:00  -  Total Local Usage
	17123  -  Run Bytes Sent By Job
	8930  -  Run Bytes Received By Job
	17123  -  Total Bytes Sent By Job
	8930  -  Total Bytes Received By Job
	Partitionable Resources :    Usage  Request Allocated
	   Cpus                 :                 1         1
	   Disk (KB)            :  6433719 10000000  11992044
	   Memory (MB)          :      165     2100      2100
...
