000 (220767.000.000) 07/31 06:49:06 Job submitted from host: <131.225.189.232:9618?addrs=131.225.189.232-9618&noUDP&sock=8982_aaf4_3>
...
001 (220767.000.000) 07/31 06:49:26 Job executing on host: <131.225.206.2:4181?addrs=131.225.206.2-4181>
...
006 (220767.000.000) 07/31 06:49:35 Image size of job updated: 447536
	50  -  MemoryUsage of job (MB)
	50692  -  ResidentSetSize of job (KB)
...
006 (220767.000.000) 07/31 06:50:36 Image size of job updated: 447536
	69  -  MemoryUsage of job (MB)
	70400  -  ResidentSetSize of job (KB)
...
006 (220767.000.000) 07/31 06:51:37 Image size of job updated: 447536
	69  -  MemoryUsage of job (MB)
	70408  -  ResidentSetSize of job (KB)
...
005 (220767.000.000) 07/31 06:55:06 Job terminated.
	(1) Normal termination (return value 90)
		Usr 0 00:00:01, Sys 0 00:00:22  -  Run Remote Usage
		Usr 0 00:00:00, Sys 0 00:00:00  -  Run Local Usage
		Usr 0 00:00:01, Sys 0 00:00:22  -  Total Remote Usage
		Usr 0 00:00:00, Sys 0 00:00:00  -  Total Local Usage
	21684  -  Run Bytes Sent By Job
	8930  -  Run Bytes Received By Job
	21684  -  Total Bytes Sent By Job
	8930  -  Total Bytes Received By Job
	Partitionable Resources :    Usage  Request Allocated
	   Cpus                 :                 1         1
	   Disk (KB)            :  6136673 10000000  10533885
	   Memory (MB)          :       69     2100      2100
...
000 (221329.000.000) 07/31 07:07:36 Job submitted from host: <131.225.189.232:9618?addrs=131.225.189.232-9618&noUDP&sock=8982_aaf4_3>
...
001 (221329.000.000) 07/31 07:08:14 Job executing on host: <131.225.204.84:7575?addrs=131.225.204.84-7575>
...
006 (221329.000.000) 07/31 07:08:47 Image size of job updated: 447524
	70  -  MemoryUsage of job (MB)
	71356  -  ResidentSetSize of job (KB)
...
000 (221884.000.000) 07/31 07:12:17 Job submitted from host: <131.225.189.232:9618?addrs=131.225.189.232-9618&noUDP&sock=8982_aaf4_3>
...
001 (221884.000.000) 07/31 07:12:27 Job executing on host: <131.225.204.64:36228?addrs=131.225.204.64-36228>
...
006 (221884.000.000) 07/31 07:12:36 Image size of job updated: 447524
	71  -  MemoryUsage of job (MB)
	72348  -  ResidentSetSize of job (KB)
...
005 (221329.000.000) 07/31 07:12:59 Job terminated.
	(1) Normal termination (return value 90)
		Usr 0 00:00:01, Sys 0 00:00:23  -  Run Remote Usage
		Usr 0 00:00:00, Sys 0 00:00:00  -  Run Local Usage
		Usr 0 00:00:01, Sys 0 00:00:23  -  Total Remote Usage
		Usr 0 00:00:00, Sys 0 00:00:00  -  Total Local Usage
	25616  -  Run Bytes Sent By Job
	8930  -  Run Bytes Received By Job
	25616  -  Total Bytes Sent By Job
	8930  -  Total Bytes Received By Job
	Partitionable Resources :    Usage  Request Allocated
	   Cpus                 :                 1         1
	   Disk (KB)            :  6025336 10000000  10532505
	   Memory (MB)          :       70     2100      2100
...
006 (221884.000.000) 07/31 07:15:08 Image size of job updated: 673716
	71  -  MemoryUsage of job (MB)
	72348  -  ResidentSetSize of job (KB)
...
005 (221884.000.000) 07/31 07:15:08 Job terminated.
	(1) Normal termination (return value 65)
		Usr 0 00:00:07, Sys 0 00:00:13  -  Run Remote Usage
		Usr 0 00:00:00, Sys 0 00:00:00  -  Run Local Usage
		Usr 0 00:00:07, Sys 0 00:00:13  -  Total Remote Usage
		Usr 0 00:00:00, Sys 0 00:00:00  -  Total Local Usage
	10661  -  Run Bytes Sent By Job
	8930  -  Run Bytes Received By Job
	10661  -  Total Bytes Sent By Job
	8930  -  Total Bytes Received By Job
	Partitionable Resources :    Usage  Request Allocated
	   Cpus                 :                 1         1
	   Disk (KB)            :  4894232 10000000  10188426
	   Memory (MB)          :       71     2100      2100
...
000 (222446.000.000) 07/31 08:32:47 Job submitted from host: <131.225.189.232:9618?addrs=131.225.189.232-9618&noUDP&sock=8982_aaf4_3>
...
001 (222446.000.000) 07/31 08:33:35 Job executing on host: <131.225.191.132:2310?addrs=131.225.191.132-2310>
...
006 (222446.000.000) 07/31 08:33:44 Image size of job updated: 447524
	71  -  MemoryUsage of job (MB)
	72348  -  ResidentSetSize of job (KB)
...
006 (222446.000.000) 07/31 08:37:37 Image size of job updated: 575656
	71  -  MemoryUsage of job (MB)
	72348  -  ResidentSetSize of job (KB)
...
005 (222446.000.000) 07/31 08:37:38 Job terminated.
	(1) Normal termination (return value 65)
		Usr 0 00:00:06, Sys 0 00:00:18  -  Run Remote Usage
		Usr 0 00:00:00, Sys 0 00:00:00  -  Run Local Usage
		Usr 0 00:00:06, Sys 0 00:00:18  -  Total Remote Usage
		Usr 0 00:00:00, Sys 0 00:00:00  -  Total Local Usage
	22483  -  Run Bytes Sent By Job
	8930  -  Run Bytes Received By Job
	22483  -  Total Bytes Sent By Job
	8930  -  Total Bytes Received By Job
	Partitionable Resources :    Usage  Request Allocated
	   Cpus                 :                 1         1
	   Disk (KB)            :  5503318 10000000  12178500
	   Memory (MB)          :       71     2100      2100
...
000 (223001.000.000) 07/31 08:49:54 Job submitted from host: <131.225.189.232:9618?addrs=131.225.189.232-9618&noUDP&sock=8982_aaf4_3>
...
001 (223001.000.000) 07/31 08:50:46 Job executing on host: <131.225.204.62:22110?addrs=131.225.204.62-22110>
...
006 (223001.000.000) 07/31 08:50:54 Image size of job updated: 447524
	17  -  MemoryUsage of job (MB)
	16668  -  ResidentSetSize of job (KB)
...
006 (223001.000.000) 07/31 08:51:54 Image size of job updated: 447524
	72  -  MemoryUsage of job (MB)
	73392  -  ResidentSetSize of job (KB)
...
006 (223001.000.000) 07/31 08:54:56 Image size of job updated: 447524
	165  -  MemoryUsage of job (MB)
	168052  -  ResidentSetSize of job (KB)
...
006 (223001.000.000) 07/31 08:55:20 Image size of job updated: 557988
	165  -  MemoryUsage of job (MB)
	168052  -  ResidentSetSize of job (KB)
...
005 (223001.000.000) 07/31 08:55:21 Job terminated.
	(1) Normal termination (return value 65)
		Usr 0 00:00:06, Sys 0 00:00:17  -  Run Remote Usage
		Usr 0 00:00:00, Sys 0 00:00:00  -  Run Local Usage
		Usr 0 00:00:06, Sys 0 00:00:17  -  Total Remote Usage
		Usr 0 00:00:00, Sys 0 00:00:00  -  Total Local Usage
	23020  -  Run Bytes Sent By Job
	44439  -  Run Bytes Received By Job
	23020  -  Total Bytes Sent By Job
	44439  -  Total Bytes Received By Job
	Partitionable Resources :    Usage  Request Allocated
	   Cpus                 :                 1         1
	   Disk (KB)            :  6649380 10000000  10143456
	   Memory (MB)          :      165     2100      2100
...
000 (223556.000.000) 07/31 09:06:22 Job submitted from host: <131.225.189.232:9618?addrs=131.225.189.232-9618&noUDP&sock=8982_aaf4_3>
...
