000 (220958.000.000) 07/31 06:49:46 Job submitted from host: <131.225.189.232:9618?addrs=131.225.189.232-9618&noUDP&sock=8982_aaf4_3>
...
001 (220958.000.000) 07/31 06:50:43 Job executing on host: <131.225.207.180:5355?addrs=131.225.207.180-5355>
...
006 (220958.000.000) 07/31 06:50:52 Image size of job updated: 2
	3  -  MemoryUsage of job (MB)
	2428  -  ResidentSetSize of job (KB)
...
006 (220958.000.000) 07/31 06:51:52 Image size of job updated: 447524
	69  -  MemoryUsage of job (MB)
	70404  -  ResidentSetSize of job (KB)
...
006 (220958.000.000) 07/31 06:52:52 Image size of job updated: 447524
	69  -  MemoryUsage of job (MB)
	70432  -  ResidentSetSize of job (KB)
...
005 (220958.000.000) 07/31 06:54:30 Job terminated.
	(1) Normal termination (return value 90)
		Usr 0 00:00:01, Sys 0 00:00:21  -  Run Remote Usage
		Usr 0 00:00:00, Sys 0 00:00:00  -  Run Local Usage
		Usr 0 00:00:01, Sys 0 00:00:21  -  Total Remote Usage
		Usr 0 00:00:00, Sys 0 00:00:00  -  Total Local Usage
	19332  -  Run Bytes Sent By Job
	8930  -  Run Bytes Received By Job
	19332  -  Total Bytes Sent By Job
	8930  -  Total Bytes Received By Job
	Partitionable Resources :    Usage  Request Allocated
	   Cpus                 :                 1         1
	   Disk (KB)            :  4508691 10000000  13261316
	   Memory (MB)          :       69     2100      2100
...
000 (221520.000.000) 07/31 07:08:09 Job submitted from host: <131.225.189.232:9618?addrs=131.225.189.232-9618&noUDP&sock=8982_aaf4_3>
...
001 (221520.000.000) 07/31 07:08:56 Job executing on host: <131.225.204.124:51529?addrs=131.225.204.124-51529>
...
006 (221520.000.000) 07/31 07:09:04 Image size of job updated: 447528
	23  -  MemoryUsage of job (MB)
	23188  -  ResidentSetSize of job (KB)
...
006 (221520.000.000) 07/31 07:10:04 Image size of job updated: 447528
	70  -  MemoryUsage of job (MB)
	71348  -  ResidentSetSize of job (KB)
...
005 (221520.000.000) 07/31 07:10:40 Job terminated.
	(1) Normal termination (return value 90)
		Usr 0 00:00:00, Sys 0 00:00:15  -  Run Remote Usage
		Usr 0 00:00:00, Sys 0 00:00:00  -  Run Local Usage
		Usr 0 00:00:00, Sys 0 00:00:15  -  Total Remote Usage
		Usr 0 00:00:00, Sys 0 00:00:00  -  Total Local Usage
	10579  -  Run Bytes Sent By Job
	8930  -  Run Bytes Received By Job
	10579  -  Total Bytes Sent By Job
	8930  -  Total Bytes Received By Job
	Partitionable Resources :    Usage  Request Allocated
	   Cpus                 :                 1         1
	   Disk (KB)            :  4321385 10000000  10544589
	   Memory (MB)          :       70     2100      2100
...
000 (222075.000.000) 07/31 07:12:49 Job submitted from host: <131.225.189.232:9618?addrs=131.225.189.232-9618&noUDP&sock=8982_aaf4_3>
...
001 (222075.000.000) 07/31 07:14:18 Job executing on host: <131.225.191.226:14321?addrs=131.225.191.226-14321>
...
006 (222075.000.000) 07/31 07:14:29 Image size of job updated: 2
	3  -  MemoryUsage of job (MB)
	2428  -  ResidentSetSize of job (KB)
...
006 (222075.000.000) 07/31 07:15:28 Image size of job updated: 447524
	70  -  MemoryUsage of job (MB)
	71352  -  ResidentSetSize of job (KB)
...
006 (222075.000.000) 07/31 07:16:57 Image size of job updated: 772788
	70  -  MemoryUsage of job (MB)
	71352  -  ResidentSetSize of job (KB)
...
005 (222075.000.000) 07/31 07:16:58 Job terminated.
	(1) Normal termination (return value 65)
		Usr 0 00:00:15, Sys 0 00:00:31  -  Run Remote Usage
		Usr 0 00:00:00, Sys 0 00:00:00  -  Run Local Usage
		Usr 0 00:00:15, Sys 0 00:00:31  -  Total Remote Usage
		Usr 0 00:00:00, Sys 0 00:00:00  -  Total Local Usage
	13833  -  Run Bytes Sent By Job
	8930  -  Run Bytes Received By Job
	13833  -  Total Bytes Sent By Job
	8930  -  Total Bytes Received By Job
	Partitionable Resources :    Usage  Request Allocated
	   Cpus                 :                 1         1
	   Disk (KB)            :  6545940 10000000  15676096
	   Memory (MB)          :       70     2100      2100
...
