000 (220892.000.000) 07/31 06:49:32 Job submitted from host: <131.225.189.232:9618?addrs=131.225.189.232-9618&noUDP&sock=8982_aaf4_3>
...
001 (220892.000.000) 07/31 06:49:52 Job executing on host: <131.225.191.223:52551?addrs=131.225.191.223-52551>
...
006 (220892.000.000) 07/31 06:50:01 Image size of job updated: 447524
	22  -  MemoryUsage of job (MB)
	21600  -  ResidentSetSize of job (KB)
...
006 (220892.000.000) 07/31 06:51:02 Image size of job updated: 447524
	71  -  MemoryUsage of job (MB)
	72344  -  ResidentSetSize of job (KB)
...
005 (220892.000.000) 07/31 06:56:16 Job terminated.
	(1) Normal termination (return value 90)
		Usr 0 00:00:01, Sys 0 00:00:26  -  Run Remote Usage
		Usr 0 00:00:00, Sys 0 00:00:00  -  Run Local Usage
		Usr 0 00:00:01, Sys 0 00:00:26  -  Total Remote Usage
		Usr 0 00:00:00, Sys 0 00:00:00  -  Total Local Usage
	28131  -  Run Bytes Sent By Job
	8930  -  Run Bytes Received By Job
	28131  -  Total Bytes Sent By Job
	8930  -  Total Bytes Received By Job
	Partitionable Resources :    Usage  Request Allocated
	   Cpus                 :                 1         1
	   Disk (KB)            :  5671963 10000000  15339814
	   Memory (MB)          :       71     2100      2100
...
000 (221454.000.000) 07/31 07:07:57 Job submitted from host: <131.225.189.232:9618?addrs=131.225.189.232-9618&noUDP&sock=8982_aaf4_3>
...
001 (221454.000.000) 07/31 07:08:49 Job executing on host: <131.225.190.44:17345?addrs=131.225.190.44-17345>
...
006 (221454.000.000) 07/31 07:08:57 Image size of job updated: 2
	3  -  MemoryUsage of job (MB)
	2428  -  ResidentSetSize of job (KB)
...
006 (221454.000.000) 07/31 07:09:57 Image size of job updated: 447524
	70  -  MemoryUsage of job (MB)
	71356  -  ResidentSetSize of job (KB)
...
005 (221454.000.000) 07/31 07:11:05 Job terminated.
	(1) Normal termination (return value 90)
		Usr 0 00:00:02, Sys 0 00:00:30  -  Run Remote Usage
		Usr 0 00:00:00, Sys 0 00:00:00  -  Run Local Usage
		Usr 0 00:00:02, Sys 0 00:00:30  -  Total Remote Usage
		Usr 0 00:00:00, Sys 0 00:00:00  -  Total Local Usage
	13809  -  Run Bytes Sent By Job
	8930  -  Run Bytes Received By Job
	13809  -  Total Bytes Sent By Job
	8930  -  Total Bytes Received By Job
	Partitionable Resources :    Usage  Request Allocated
	   Cpus                 :                 1         1
	   Disk (KB)            :  6598767 10000000  15572692
	   Memory (MB)          :       70     2100      2100
...
000 (222009.000.000) 07/31 07:12:38 Job submitted from host: <131.225.189.232:9618?addrs=131.225.189.232-9618&noUDP&sock=8982_aaf4_3>
...
001 (222009.000.000) 07/31 07:13:55 Job executing on host: <131.225.204.107:46513?addrs=131.225.204.107-46513>
...
006 (222009.000.000) 07/31 07:14:04 Image size of job updated: 2
	3  -  MemoryUsage of job (MB)
	2424  -  ResidentSetSize of job (KB)
...
006 (222009.000.000) 07/31 07:15:05 Image size of job updated: 447524
	71  -  MemoryUsage of job (MB)
	72360  -  ResidentSetSize of job (KB)
...
006 (222009.000.000) 07/31 07:16:06 Image size of job updated: 458408
	233  -  MemoryUsage of job (MB)
	237756  -  ResidentSetSize of job (KB)
...
006 (222009.000.000) 07/31 07:16:21 Image size of job updated: 753328
	233  -  MemoryUsage of job (MB)
	237756  -  ResidentSetSize of job (KB)
...
005 (222009.000.000) 07/31 07:16:23 Job terminated.
	(1) Normal termination (return value 65)
		Usr 0 00:00:10, Sys 0 00:00:19  -  Run Remote Usage
		Usr 0 00:00:00, Sys 0 00:00:00  -  Run Local Usage
		Usr 0 00:00:10, Sys 0 00:00:19  -  Total Remote Usage
		Usr 0 00:00:00, Sys 0 00:00:00  -  Total Local Usage
	9949  -  Run Bytes Sent By Job
	8930  -  Run Bytes Received By Job
	9949  -  Total Bytes Sent By Job
	8930  -  Total Bytes Received By Job
	Partitionable Resources :    Usage  Request Allocated
	   Cpus                 :                 1         1
	   Disk (KB)            :  6807973 10000000  10190241
	   Memory (MB)          :      233     2100      2100
...
000 (222571.000.000) 07/31 08:32:55 Job submitted from host: <131.225.189.232:9618?addrs=131.225.189.232-9618&noUDP&sock=8982_aaf4_3>
...
001 (222571.000.000) 07/31 08:34:02 Job executing on host: <131.225.207.101:12529?addrs=131.225.207.101-12529>
...
006 (222571.000.000) 07/31 08:34:11 Image size of job updated: 447524
	71  -  MemoryUsage of job (MB)
	72344  -  ResidentSetSize of job (KB)
...
006 (222571.000.000) 07/31 08:36:13 Image size of job updated: 552844
	275  -  MemoryUsage of job (MB)
	280752  -  ResidentSetSize of job (KB)
...
006 (222571.000.000) 07/31 08:36:27 Image size of job updated: 772784
	275  -  MemoryUsage of job (MB)
	280752  -  ResidentSetSize of job (KB)
...
005 (222571.000.000) 07/31 08:36:28 Job terminated.
	(1) Normal termination (return value 65)
		Usr 0 00:00:11, Sys 0 00:00:15  -  Run Remote Usage
		Usr 0 00:00:00, Sys 0 00:00:00  -  Run Local Usage
		Usr 0 00:00:11, Sys 0 00:00:15  -  Total Remote Usage
		Usr 0 00:00:00, Sys 0 00:00:00  -  Total Local Usage
	10290  -  Run Bytes Sent By Job
	8930  -  Run Bytes Received By Job
	10290  -  Total Bytes Sent By Job
	8930  -  Total Bytes Received By Job
	Partitionable Resources :    Usage  Request Allocated
	   Cpus                 :                 1         1
	   Disk (KB)            :  6810840 10000000  10606683
	   Memory (MB)          :      275     2100      2100
...
000 (223126.000.000) 07/31 08:49:59 Job submitted from host: <131.225.189.232:9618?addrs=131.225.189.232-9618&noUDP&sock=8982_aaf4_3>
...
001 (223126.000.000) 07/31 08:51:09 Job executing on host: <131.225.207.186:45076?addrs=131.225.207.186-45076>
...
006 (223126.000.000) 07/31 08:51:18 Image size of job updated: 447524
	71  -  MemoryUsage of job (MB)
	72348  -  ResidentSetSize of job (KB)
...
006 (223126.000.000) 07/31 08:54:18 Image size of job updated: 772788
	483  -  MemoryUsage of job (MB)
	493680  -  ResidentSetSize of job (KB)
...
005 (223126.000.000) 07/31 08:54:23 Job terminated.
	(1) Normal termination (return value 65)
		Usr 0 00:00:12, Sys 0 00:00:16  -  Run Remote Usage
		Usr 0 00:00:00, Sys 0 00:00:00  -  Run Local Usage
		Usr 0 00:00:12, Sys 0 00:00:16  -  Total Remote Usage
		Usr 0 00:00:00, Sys 0 00:00:00  -  Total Local Usage
	16520  -  Run Bytes Sent By Job
	44439  -  Run Bytes Received By Job
	16520  -  Total Bytes Sent By Job
	44439  -  Total Bytes Received By Job
	Partitionable Resources :    Usage  Request Allocated
	   Cpus                 :                 1         1
	   Disk (KB)            :  6810684 10000000  10516323
	   Memory (MB)          :      483     2100      2100
...
000 (223681.000.000) 07/31 09:06:27 Job submitted from host: <131.225.189.232:9618?addrs=131.225.189.232-9618&noUDP&sock=8982_aaf4_3>
...
