000 (220548.000.000) 07/31 06:48:19 Job submitted from host: <131.225.189.232:9618?addrs=131.225.189.232-9618&noUDP&sock=8982_aaf4_3>
...
001 (220548.000.000) 07/31 06:49:07 Job executing on host: <131.225.206.228:30712?addrs=131.225.206.228-30712>
...
006 (220548.000.000) 07/31 06:49:15 Image size of job updated: 2
	3  -  MemoryUsage of job (MB)
	2428  -  ResidentSetSize of job (KB)
...
006 (220548.000.000) 07/31 06:50:15 Image size of job updated: 447524
	71  -  MemoryUsage of job (MB)
	72348  -  ResidentSetSize of job (KB)
...
005 (220548.000.000) 07/31 06:54:17 Job terminated.
	(1) Normal termination (return value 90)
		Usr 0 00:00:02, Sys 0 00:00:25  -  Run Remote Usage
		Usr 0 00:00:00, Sys 0 00:00:00  -  Run Local Usage
		Usr 0 00:00:02, Sys 0 00:00:25  -  Total Remote Usage
		Usr 0 00:00:00, Sys 0 00:00:00  -  Total Local Usage
	28241  -  Run Bytes Sent By Job
	8930  -  Run Bytes Received By Job
	28241  -  Total Bytes Sent By Job
	8930  -  Total Bytes Received By Job
	Partitionable Resources :    Usage  Request Allocated
	   Cpus                 :                 1         1
	   Disk (KB)            :  5229593 10000000  11805416
	   Memory (MB)          :       71     2100      2100
...
000 (221110.000.000) 07/31 07:06:57 Job submitted from host: <131.225.189.232:9618?addrs=131.225.189.232-9618&noUDP&sock=8982_aaf4_3>
...
001 (221110.000.000) 07/31 07:07:15 Job executing on host: <131.225.206.180:5016?addrs=131.225.206.180-5016>
...
006 (221110.000.000) 07/31 07:07:24 Image size of job updated: 447524
	71  -  MemoryUsage of job (MB)
	72348  -  ResidentSetSize of job (KB)
...
000 (221665.000.000) 07/31 07:11:39 Job submitted from host: <131.225.189.232:9618?addrs=131.225.189.232-9618&noUDP&sock=8982_aaf4_3>
...
001 (221665.000.000) 07/31 07:11:49 Job executing on host: <131.225.204.29:17298?addrs=131.225.204.29-17298>
...
006 (221665.000.000) 07/31 07:11:58 Image size of job updated: 447536
	13  -  MemoryUsage of job (MB)
	12960  -  ResidentSetSize of job (KB)
...
005 (221110.000.000) 07/31 07:12:07 Job terminated.
	(1) Normal termination (return value 90)
		Usr 0 00:00:02, Sys 0 00:00:15  -  Run Remote Usage
		Usr 0 00:00:00, Sys 0 00:00:00  -  Run Local Usage
		Usr 0 00:00:02, Sys 0 00:00:15  -  Total Remote Usage
		Usr 0 00:00:00, Sys 0 00:00:00  -  Total Local Usage
	26243  -  Run Bytes Sent By Job
	8930  -  Run Bytes Received By Job
	26243  -  Total Bytes Sent By Job
	8930  -  Total Bytes Received By Job
	Partitionable Resources :    Usage  Request Allocated
	   Cpus                 :                 1         1
	   Disk (KB)            :  5697656 10000000  10268961
	   Memory (MB)          :       71     2100      2100
...
006 (221665.000.000) 07/31 07:12:59 Image size of job updated: 447536
	71  -  MemoryUsage of job (MB)
	72352  -  ResidentSetSize of job (KB)
...
006 (221665.000.000) 07/31 07:17:56 Image size of job updated: 464364
	71  -  MemoryUsage of job (MB)
	72352  -  ResidentSetSize of job (KB)
...
005 (221665.000.000) 07/31 07:17:56 Job terminated.
	(1) Normal termination (return value 65)
		Usr 0 00:00:04, Sys 0 00:00:20  -  Run Remote Usage
		Usr 0 00:00:00, Sys 0 00:00:00  -  Run Local Usage
		Usr 0 00:00:04, Sys 0 00:00:20  -  Total Remote Usage
		Usr 0 00:00:00, Sys 0 00:00:00  -  Total Local Usage
	28787  -  Run Bytes Sent By Job
	8930  -  Run Bytes Received By Job
	28787  -  Total Bytes Sent By Job
	8930  -  Total Bytes Received By Job
	Partitionable Resources :    Usage  Request Allocated
	   Cpus                 :                 1         1
	   Disk (KB)            :  5451304 10000000  10153662
	   Memory (MB)          :       71     2100      2100
...
000 (222227.000.000) 07/31 08:32:31 Job submitted from host: <131.225.189.232:9618?addrs=131.225.189.232-9618&noUDP&sock=8982_aaf4_3>
...
001 (222227.000.000) 07/31 08:32:49 Job executing on host: <131.225.207.162:57873?addrs=131.225.207.162-57873>
...
006 (222227.000.000) 07/31 08:32:58 Image size of job updated: 447524
	71  -  MemoryUsage of job (MB)
	72340  -  ResidentSetSize of job (KB)
...
006 (222227.000.000) 07/31 08:37:48 Image size of job updated: 769972
	71  -  MemoryUsage of job (MB)
	72340  -  ResidentSetSize of job (KB)
...
005 (222227.000.000) 07/31 08:37:49 Job terminated.
	(1) Normal termination (return value 65)
		Usr 0 00:00:13, Sys 0 00:00:15  -  Run Remote Usage
		Usr 0 00:00:00, Sys 0 00:00:00  -  Run Local Usage
		Usr 0 00:00:13, Sys 0 00:00:15  -  Total Remote Usage
		Usr 0 00:00:00, Sys 0 00:00:00  -  Total Local Usage
	23592  -  Run Bytes Sent By Job
	8930  -  Run Bytes Received By Job
	23592  -  Total Bytes Sent By Job
	8930  -  Total Bytes Received By Job
	Partitionable Resources :    Usage  Request Allocated
	   Cpus                 :                 1         1
	   Disk (KB)            :  5519704 10000000  10357293
	   Memory (MB)          :       71     2100      2100
...
