000 (220794.000.000) 07/31 06:49:12 Job submitted from host: <131.225.189.232:9618?addrs=131.225.189.232-9618&noUDP&sock=8982_aaf4_3>
...
001 (220794.000.000) 07/31 06:49:34 Job executing on host: <131.225.191.146:62855?addrs=131.225.191.146-62855>
...
006 (220794.000.000) 07/31 06:49:43 Image size of job updated: 447524
	71  -  MemoryUsage of job (MB)
	72348  -  ResidentSetSize of job (KB)
...
005 (220794.000.000) 07/31 06:54:02 Job terminated.
	(1) Normal termination (return value 90)
		Usr 0 00:00:01, Sys 0 00:00:18  -  Run Remote Usage
		Usr 0 00:00:00, Sys 0 00:00:00  -  Run Local Usage
		Usr 0 00:00:01, Sys 0 00:00:18  -  Total Remote Usage
		Usr 0 00:00:00, Sys 0 00:00:00  -  Total Local Usage
	23522  -  Run Bytes Sent By Job
	8930  -  Run Bytes Received By Job
	23522  -  Total Bytes Sent By Job
	8930  -  Total Bytes Received By Job
	Partitionable Resources :    Usage  Request Allocated
	   Cpus                 :                 1         1
	   Disk (KB)            :  5704728 10000000  12023524
	   Memory (MB)          :       71     2100      2100
...
000 (221356.000.000) 07/31 07:07:40 Job submitted from host: <131.225.189.232:9618?addrs=131.225.189.232-9618&noUDP&sock=8982_aaf4_3>
...
001 (221356.000.000) 07/31 07:08:16 Job executing on host: <131.225.204.61:23766?addrs=131.225.204.61-23766>
...
006 (221356.000.000) 07/31 07:08:25 Image size of job updated: 447528
	17  -  MemoryUsage of job (MB)
	17048  -  ResidentSetSize of job (KB)
...
006 (221356.000.000) 07/31 07:09:26 Image size of job updated: 447528
	71  -  MemoryUsage of job (MB)
	72344  -  ResidentSetSize of job (KB)
...
000 (221911.000.000) 07/31 07:12:21 Job submitted from host: <131.225.189.232:9618?addrs=131.225.189.232-9618&noUDP&sock=8982_aaf4_3>
...
001 (221911.000.000) 07/31 07:12:51 Job executing on host: <131.225.191.253:34683?addrs=131.225.191.253-34683>
...
006 (221911.000.000) 07/31 07:13:00 Image size of job updated: 447524
	71  -  MemoryUsage of job (MB)
	72340  -  ResidentSetSize of job (KB)
...
005 (221356.000.000) 07/31 07:14:02 Job terminated.
	(1) Normal termination (return value 90)
		Usr 0 00:00:03, Sys 0 00:00:29  -  Run Remote Usage
		Usr 0 00:00:00, Sys 0 00:00:00  -  Run Local Usage
		Usr 0 00:00:03, Sys 0 00:00:29  -  Total Remote Usage
		Usr 0 00:00:00, Sys 0 00:00:00  -  Total Local Usage
	31196  -  Run Bytes Sent By Job
	8930  -  Run Bytes Received By Job
	31196  -  Total Bytes Sent By Job
	8930  -  Total Bytes Received By Job
	Partitionable Resources :    Usage  Request Allocated
	   Cpus                 :                 1         1
	   Disk (KB)            :  6107261 10000000  10345485
	   Memory (MB)          :       71     2100      2100
...
006 (221911.000.000) 07/31 07:16:02 Image size of job updated: 447524
	165  -  MemoryUsage of job (MB)
	168016  -  ResidentSetSize of job (KB)
...
006 (221911.000.000) 07/31 07:16:43 Image size of job updated: 772788
	165  -  MemoryUsage of job (MB)
	168016  -  ResidentSetSize of job (KB)
...
005 (221911.000.000) 07/31 07:16:44 Job terminated.
	(1) Normal termination (return value 65)
		Usr 0 00:00:16, Sys 0 00:00:26  -  Run Remote Usage
		Usr 0 00:00:00, Sys 0 00:00:00  -  Run Local Usage
		Usr 0 00:00:16, Sys 0 00:00:26  -  Total Remote Usage
		Usr 0 00:00:00, Sys 0 00:00:00  -  Total Local Usage
	17722  -  Run Bytes Sent By Job
	8930  -  Run Bytes Received By Job
	17722  -  Total Bytes Sent By Job
	8930  -  Total Bytes Received By Job
	Partitionable Resources :    Usage  Request Allocated
	   Cpus                 :                 1         1
	   Disk (KB)            :  6700270 10000000  14988080
	   Memory (MB)          :      165     2100      2100
...
000 (222473.000.000) 07/31 08:32:49 Job submitted from host: <131.225.189.232:9618?addrs=131.225.189.232-9618&noUDP&sock=8982_aaf4_3>
...
001 (222473.000.000) 07/31 08:33:41 Job executing on host: <131.225.207.101:12529?addrs=131.225.207.101-12529>
...
006 (222473.000.000) 07/31 08:33:50 Image size of job updated: 2
	3  -  MemoryUsage of job (MB)
	2420  -  ResidentSetSize of job (KB)
...
006 (222473.000.000) 07/31 08:34:51 Image size of job updated: 447524
	69  -  MemoryUsage of job (MB)
	70288  -  ResidentSetSize of job (KB)
...
006 (222473.000.000) 07/31 08:38:00 Image size of job updated: 772788
	482  -  MemoryUsage of job (MB)
	493180  -  ResidentSetSize of job (KB)
...
005 (222473.000.000) 07/31 08:38:04 Job terminated.
	(1) Normal termination (return value 65)
		Usr 0 00:00:11, Sys 0 00:00:18  -  Run Remote Usage
		Usr 0 00:00:00, Sys 0 00:00:00  -  Run Local Usage
		Usr 0 00:00:11, Sys 0 00:00:18  -  Total Remote Usage
		Usr 0 00:00:00, Sys 0 00:00:00  -  Total Local Usage
	23547  -  Run Bytes Sent By Job
	8930  -  Run Bytes Received By Job
	23547  -  Total Bytes Sent By Job
	8930  -  Total Bytes Received By Job
	Partitionable Resources :    Usage  Request Allocated
	   Cpus                 :                 1         1
	   Disk (KB)            :  6703143 10000000  10606707
	   Memory (MB)          :      482     2100      2100
...
