000 (220682.000.000) 07/31 06:48:48 Job submitted from host: <131.225.189.232:9618?addrs=131.225.189.232-9618&noUDP&sock=8982_aaf4_3>
...
001 (220682.000.000) 07/31 06:49:18 Job executing on host: <131.225.206.129:8155?addrs=131.225.206.129-8155>
...
006 (220682.000.000) 07/31 06:49:27 Image size of job updated: 2
	3  -  MemoryUsage of job (MB)
	2420  -  ResidentSetSize of job (KB)
...
006 (220682.000.000) 07/31 06:50:28 Image size of job updated: 447524
	70  -  MemoryUsage of job (MB)
	71356  -  ResidentSetSize of job (KB)
...
005 (220682.000.000) 07/31 06:53:10 Job terminated.
	(1) Normal termination (return value 90)
		Usr 0 00:00:01, Sys 0 00:00:19  -  Run Remote Usage
		Usr 0 00:00:00, Sys 0 00:00:00  -  Run Local Usage
		Usr 0 00:00:01, Sys 0 00:00:19  -  Total Remote Usage
		Usr 0 00:00:00, Sys 0 00:00:00  -  Total Local Usage
	21770  -  Run Bytes Sent By Job
	8930  -  Run Bytes Received By Job
	21770  -  Total Bytes Sent By Job
	8930  -  Total Bytes Received By Job
	Partitionable Resources :    Usage  Request Allocated
	   Cpus                 :                 1         1
	   Disk (KB)            :  5049364 10000000  10355880
	   Memory (MB)          :       70     2100      2100
...
000 (221244.000.000) 07/31 07:07:20 Job submitted from host: <131.225.189.232:9618?addrs=131.225.189.232-9618&noUDP&sock=8982_aaf4_3>
...
001 (221244.000.000) 07/31 07:07:52 Job executing on host: <131.225.206.242:5865?addrs=131.225.206.242-5865>
...
006 (221244.000.000) 07/31 07:08:01 Image size of job updated: 447524
	71  -  MemoryUsage of job (MB)
	72348  -  ResidentSetSize of job (KB)
...
005 (221244.000.000) 07/31 07:10:05 Job terminated.
	(1) Normal termination (return value 90)
		Usr 0 00:00:01, Sys 0 00:00:17  -  Run Remote Usage
		Usr 0 00:00:00, Sys 0 00:00:00  -  Run Local Usage
		Usr 0 00:00:01, Sys 0 00:00:17  -  Total Remote Usage
		Usr 0 00:00:00, Sys 0 00:00:00  -  Total Local Usage
	11668  -  Run Bytes Sent By Job
	8930  -  Run Bytes Received By Job
	11668  -  Total Bytes Sent By Job
	8930  -  Total Bytes Received By Job
	Partitionable Resources :    Usage  Request Allocated
	   Cpus                 :                 1         1
	   Disk (KB)            :  6303852 10000000  11832712
	   Memory (MB)          :       71     2100      2100
...
000 (221799.000.000) 07/31 07:12:01 Job submitted from host: <131.225.189.232:9618?addrs=131.225.189.232-9618&noUDP&sock=8982_aaf4_3>
...
001 (221799.000.000) 07/31 07:12:22 Job executing on host: <131.225.191.165:16277?addrs=131.225.191.165-16277>
...
006 (221799.000.000) 07/31 07:12:31 Image size of job updated: 73340
	13  -  MemoryUsage of job (MB)
	12712  -  ResidentSetSize of job (KB)
...
006 (221799.000.000) 07/31 07:13:32 Image size of job updated: 447524
	70  -  MemoryUsage of job (MB)
	71348  -  ResidentSetSize of job (KB)
...
006 (221799.000.000) 07/31 07:14:33 Image size of job updated: 617636
	342  -  MemoryUsage of job (MB)
	349292  -  ResidentSetSize of job (KB)
...
005 (221799.000.000) 07/31 07:14:37 Job terminated.
	(1) Normal termination (return value 65)
		Usr 0 00:00:08, Sys 0 00:00:16  -  Run Remote Usage
		Usr 0 00:00:00, Sys 0 00:00:00  -  Run Local Usage
		Usr 0 00:00:08, Sys 0 00:00:16  -  Total Remote Usage
		Usr 0 00:00:00, Sys 0 00:00:00  -  Total Local Usage
	8625  -  Run Bytes Sent By Job
	8930  -  Run Bytes Received By Job
	8625  -  Total Bytes Sent By Job
	8930  -  Total Bytes Received By Job
	Partitionable Resources :    Usage  Request Allocated
	   Cpus                 :                 1         1
	   Disk (KB)            :  6369116 10000000  15906292
	   Memory (MB)          :      342     2100      2100
...
000 (222361.000.000) 07/31 08:32:40 Job submitted from host: <131.225.189.232:9618?addrs=131.225.189.232-9618&noUDP&sock=8982_aaf4_3>
...
001 (222361.000.000) 07/31 08:33:16 Job executing on host: <131.225.207.54:28276?addrs=131.225.207.54-28276>
...
006 (222361.000.000) 07/31 08:33:25 Image size of job updated: 447524
	71  -  MemoryUsage of job (MB)
	72348  -  ResidentSetSize of job (KB)
...
006 (222361.000.000) 07/31 08:38:17 Image size of job updated: 770224
	71  -  MemoryUsage of job (MB)
	72348  -  ResidentSetSize of job (KB)
...
005 (222361.000.000) 07/31 08:38:18 Job terminated.
	(1) Normal termination (return value 65)
		Usr 0 00:00:14, Sys 0 00:00:17  -  Run Remote Usage
		Usr 0 00:00:00, Sys 0 00:00:00  -  Run Local Usage
		Usr 0 00:00:14, Sys 0 00:00:17  -  Total Remote Usage
		Usr 0 00:00:00, Sys 0 00:00:00  -  Total Local Usage
	22285  -  Run Bytes Sent By Job
	8930  -  Run Bytes Received By Job
	22285  -  Total Bytes Sent By Job
	8930  -  Total Bytes Received By Job
	Partitionable Resources :    Usage  Request Allocated
	   Cpus                 :                 1         1
	   Disk (KB)            :  6175064 10000000  10333170
	   Memory (MB)          :       71     2100      2100
...
000 (222916.000.000) 07/31 08:49:50 Job submitted from host: <131.225.189.232:9618?addrs=131.225.189.232-9618&noUDP&sock=8982_aaf4_3>
...
001 (222916.000.000) 07/31 08:50:27 Job executing on host: <131.225.204.107:46513?addrs=131.225.204.107-46513>
...
006 (222916.000.000) 07/31 08:50:37 Image size of job updated: 447536
	69  -  MemoryUsage of job (MB)
	70280  -  ResidentSetSize of job (KB)
...
006 (222916.000.000) 07/31 08:51:37 Image size of job updated: 447536
	69  -  MemoryUsage of job (MB)
	70392  -  ResidentSetSize of job (KB)
...
006 (222916.000.000) 07/31 08:52:37 Image size of job updated: 447536
	69  -  MemoryUsage of job (MB)
	70400  -  ResidentSetSize of job (KB)
...
006 (222916.000.000) 07/31 08:56:38 Image size of job updated: 500924
	218  -  MemoryUsage of job (MB)
	223188  -  ResidentSetSize of job (KB)
...
006 (222916.000.000) 07/31 08:57:04 Image size of job updated: 770224
	218  -  MemoryUsage of job (MB)
	223188  -  ResidentSetSize of job (KB)
...
005 (222916.000.000) 07/31 08:57:24 Job terminated.
	(1) Normal termination (return value 65)
		Usr 0 00:00:13, Sys 0 00:00:22  -  Run Remote Usage
		Usr 0 00:00:00, Sys 0 00:00:00  -  Run Local Usage
		Usr 0 00:00:13, Sys 0 00:00:22  -  Total Remote Usage
		Usr 0 00:00:00, Sys 0 00:00:00  -  Total Local Usage
	29723  -  Run Bytes Sent By Job
	44439  -  Run Bytes Received By Job
	29723  -  Total Bytes Sent By Job
	44439  -  Total Bytes Received By Job
	Partitionable Resources :    Usage  Request Allocated
	   Cpus                 :                 1         1
	   Disk (KB)            :  6371841 10000000  10290561
	   Memory (MB)          :      218     2100      2100
...
000 (223471.000.000) 07/31 09:06:19 Job submitted from host: <131.225.189.232:9618?addrs=131.225.189.232-9618&noUDP&sock=8982_aaf4_3>
...
