000 (220835.000.000) 07/31 06:49:20 Job submitted from host: <131.225.189.232:9618?addrs=131.225.189.232-9618&noUDP&sock=8982_aaf4_3>
...
001 (220835.000.000) 07/31 06:49:41 Job executing on host: <131.225.205.175:49102?addrs=131.225.205.175-49102>
...
006 (220835.000.000) 07/31 06:49:50 Image size of job updated: 447524
	71  -  MemoryUsage of job (MB)
	72344  -  ResidentSetSize of job (KB)
...
005 (220835.000.000) 07/31 06:51:32 Job terminated.
	(1) Normal termination (return value 90)
		Usr 0 00:00:00, Sys 0 00:00:14  -  Run Remote Usage
		Usr 0 00:00:00, Sys 0 00:00:00  -  Run Local Usage
		Usr 0 00:00:00, Sys 0 00:00:14  -  Total Remote Usage
		Usr 0 00:00:00, Sys 0 00:00:00  -  Total Local Usage
	9122  -  Run Bytes Sent By Job
	8930  -  Run Bytes Received By Job
	9122  -  Total Bytes Sent By Job
	8930  -  Total Bytes Received By Job
	Partitionable Resources :    Usage  Request Allocated
	   Cpus                 :                 1         1
	   Disk (KB)            :  3738632 10000000  17175631
	   Memory (MB)          :       71     2100      2100
...
000 (221397.000.000) 07/31 07:07:47 Job submitted from host: <131.225.189.232:9618?addrs=131.225.189.232-9618&noUDP&sock=8982_aaf4_3>
...
001 (221397.000.000) 07/31 07:08:22 Job executing on host: <131.225.204.33:65431?addrs=131.225.204.33-65431>
...
006 (221397.000.000) 07/31 07:08:31 Image size of job updated: 447524
	71  -  MemoryUsage of job (MB)
	72348  -  ResidentSetSize of job (KB)
...
000 (221952.000.000) 07/31 07:12:28 Job submitted from host: <131.225.189.232:9618?addrs=131.225.189.232-9618&noUDP&sock=8982_aaf4_3>
...
001 (221952.000.000) 07/31 07:13:28 Job executing on host: <131.225.190.29:47208?addrs=131.225.190.29-47208>
...
006 (221952.000.000) 07/31 07:13:36 Image size of job updated: 447524
	71  -  MemoryUsage of job (MB)
	72348  -  ResidentSetSize of job (KB)
...
005 (221397.000.000) 07/31 07:14:24 Job terminated.
	(1) Normal termination (return value 90)
		Usr 0 00:00:02, Sys 0 00:00:24  -  Run Remote Usage
		Usr 0 00:00:00, Sys 0 00:00:00  -  Run Local Usage
		Usr 0 00:00:02, Sys 0 00:00:24  -  Total Remote Usage
		Usr 0 00:00:00, Sys 0 00:00:00  -  Total Local Usage
	27287  -  Run Bytes Sent By Job
	8930  -  Run Bytes Received By Job
	27287  -  Total Bytes Sent By Job
	8930  -  Total Bytes Received By Job
	Partitionable Resources :    Usage  Request Allocated
	   Cpus                 :                 1         1
	   Disk (KB)            :  6041721 10000000  10498140
	   Memory (MB)          :       71     2100      2100
...
006 (221952.000.000) 07/31 07:16:22 Image size of job updated: 772784
	71  -  MemoryUsage of job (MB)
	72348  -  ResidentSetSize of job (KB)
...
005 (221952.000.000) 07/31 07:16:22 Job terminated.
	(1) Normal termination (return value 65)
		Usr 0 00:00:15, Sys 0 00:00:25  -  Run Remote Usage
		Usr 0 00:00:00, Sys 0 00:00:00  -  Run Local Usage
		Usr 0 00:00:15, Sys 0 00:00:25  -  Total Remote Usage
		Usr 0 00:00:00, Sys 0 00:00:00  -  Total Local Usage
	14245  -  Run Bytes Sent By Job
	8930  -  Run Bytes Received By Job
	14245  -  Total Bytes Sent By Job
	8930  -  Total Bytes Received By Job
	Partitionable Resources :    Usage  Request Allocated
	   Cpus                 :                 1         1
	   Disk (KB)            :  6532638 10000000  15846568
	   Memory (MB)          :       71     2100      2100
...
000 (222514.000.000) 07/31 08:32:51 Job submitted from host: <131.225.189.232:9618?addrs=131.225.189.232-9618&noUDP&sock=8982_aaf4_3>
...
001 (222514.000.000) 07/31 08:33:52 Job executing on host: <131.225.191.79:63682?addrs=131.225.191.79-63682>
...
006 (222514.000.000) 07/31 08:34:01 Image size of job updated: 2
	3  -  MemoryUsage of job (MB)
	2428  -  ResidentSetSize of job (KB)
...
006 (222514.000.000) 07/31 08:35:02 Image size of job updated: 447524
	69  -  MemoryUsage of job (MB)
	70300  -  ResidentSetSize of job (KB)
...
006 (222514.000.000) 07/31 08:36:47 Image size of job updated: 772788
	69  -  MemoryUsage of job (MB)
	70300  -  ResidentSetSize of job (KB)
...
005 (222514.000.000) 07/31 08:36:48 Job terminated.
	(1) Normal termination (return value 65)
		Usr 0 00:00:14, Sys 0 00:00:22  -  Run Remote Usage
		Usr 0 00:00:00, Sys 0 00:00:00  -  Run Local Usage
		Usr 0 00:00:14, Sys 0 00:00:22  -  Total Remote Usage
		Usr 0 00:00:00, Sys 0 00:00:00  -  Total Local Usage
	12115  -  Run Bytes Sent By Job
	8930  -  Run Bytes Received By Job
	12115  -  Total Bytes Sent By Job
	8930  -  Total Bytes Received By Job
	Partitionable Resources :    Usage  Request Allocated
	   Cpus                 :                 1         1
	   Disk (KB)            :  6662454 10000000  16019774
	   Memory (MB)          :       69     2100      2100
...
000 (223069.000.000) 07/31 08:49:57 Job submitted from host: <131.225.189.232:9618?addrs=131.225.189.232-9618&noUDP&sock=8982_aaf4_3>
...
001 (223069.000.000) 07/31 08:51:00 Job executing on host: <131.225.191.222:13944?addrs=131.225.191.222-13944>
...
006 (223069.000.000) 07/31 08:51:08 Image size of job updated: 2
	3  -  MemoryUsage of job (MB)
	2420  -  ResidentSetSize of job (KB)
...
006 (223069.000.000) 07/31 08:52:08 Image size of job updated: 447524
	69  -  MemoryUsage of job (MB)
	70316  -  ResidentSetSize of job (KB)
...
006 (223069.000.000) 07/31 08:53:08 Image size of job updated: 447524
	165  -  MemoryUsage of job (MB)
	168100  -  ResidentSetSize of job (KB)
...
006 (223069.000.000) 07/31 08:53:27 Image size of job updated: 704944
	165  -  MemoryUsage of job (MB)
	168100  -  ResidentSetSize of job (KB)
...
005 (223069.000.000) 07/31 08:53:27 Job terminated.
	(1) Normal termination (return value 65)
		Usr 0 00:00:11, Sys 0 00:00:20  -  Run Remote Usage
		Usr 0 00:00:00, Sys 0 00:00:00  -  Run Local Usage
		Usr 0 00:00:11, Sys 0 00:00:20  -  Total Remote Usage
		Usr 0 00:00:00, Sys 0 00:00:00  -  Total Local Usage
	12296  -  Run Bytes Sent By Job
	44439  -  Run Bytes Received By Job
	12296  -  Total Bytes Sent By Job
	44439  -  Total Bytes Received By Job
	Partitionable Resources :    Usage  Request Allocated
	   Cpus                 :                 1         1
	   Disk (KB)            :  6662293 10000000  16099764
	   Memory (MB)          :      165     2100      2100
...
000 (223624.000.000) 07/31 09:06:25 Job submitted from host: <131.225.189.232:9618?addrs=131.225.189.232-9618&noUDP&sock=8982_aaf4_3>
...
