000 (220564.000.000) 07/31 06:48:23 Job submitted from host: <131.225.189.232:9618?addrs=131.225.189.232-9618&noUDP&sock=8982_aaf4_3>
...
001 (220564.000.000) 07/31 06:48:46 Job executing on host: <131.225.206.170:61881?addrs=131.225.206.170-61881>
...
006 (220564.000.000) 07/31 06:48:55 Image size of job updated: 447524
	71  -  MemoryUsage of job (MB)
	72344  -  ResidentSetSize of job (KB)
...
005 (220564.000.000) 07/31 06:50:55 Job terminated.
	(1) Normal termination (return value 90)
		Usr 0 00:00:01, Sys 0 00:00:21  -  Run Remote Usage
		Usr 0 00:00:00, Sys 0 00:00:00  -  Run Local Usage
		Usr 0 00:00:01, Sys 0 00:00:21  -  Total Remote Usage
		Usr 0 00:00:00, Sys 0 00:00:00  -  Total Local Usage
	13177  -  Run Bytes Sent By Job
	8930  -  Run Bytes Received By Job
	13177  -  Total Bytes Sent By Job
	8930  -  Total Bytes Received By Job
	Partitionable Resources :    Usage  Request Allocated
	   Cpus                 :                 1         1
	   Disk (KB)            :  3902474 10000000  11744420
	   Memory (MB)          :       71     2100      2100
...
000 (221126.000.000) 07/31 07:06:59 Job submitted from host: <131.225.189.232:9618?addrs=131.225.189.232-9618&noUDP&sock=8982_aaf4_3>
...
001 (221126.000.000) 07/31 07:07:18 Job executing on host: <131.225.206.3:38467?addrs=131.225.206.3-38467>
...
006 (221126.000.000) 07/31 07:07:27 Image size of job updated: 447532
	27  -  MemoryUsage of job (MB)
	27280  -  ResidentSetSize of job (KB)
...
006 (221126.000.000) 07/31 07:08:28 Image size of job updated: 447532
	69  -  MemoryUsage of job (MB)
	70316  -  ResidentSetSize of job (KB)
...
006 (221126.000.000) 07/31 07:09:29 Image size of job updated: 447532
	69  -  MemoryUsage of job (MB)
	70364  -  ResidentSetSize of job (KB)
...
005 (221126.000.000) 07/31 07:11:13 Job terminated.
	(1) Normal termination (return value 90)
		Usr 0 00:00:01, Sys 0 00:00:21  -  Run Remote Usage
		Usr 0 00:00:00, Sys 0 00:00:00  -  Run Local Usage
		Usr 0 00:00:01, Sys 0 00:00:21  -  Total Remote Usage
		Usr 0 00:00:00, Sys 0 00:00:00  -  Total Local Usage
	21613  -  Run Bytes Sent By Job
	8930  -  Run Bytes Received By Job
	21613  -  Total Bytes Sent By Job
	8930  -  Total Bytes Received By Job
	Partitionable Resources :    Usage  Request Allocated
	   Cpus                 :                 1         1
	   Disk (KB)            :  5402738 10000000  10178208
	   Memory (MB)          :       69     2100      2100
...
000 (221681.000.000) 07/31 07:11:42 Job submitted from host: <131.225.189.232:9618?addrs=131.225.189.232-9618&noUDP&sock=8982_aaf4_3>
...
001 (221681.000.000) 07/31 07:11:51 Job executing on host: <131.225.204.78:15307?addrs=131.225.204.78-15307>
...
006 (221681.000.000) 07/31 07:12:00 Image size of job updated: 2
	3  -  MemoryUsage of job (MB)
	2424  -  ResidentSetSize of job (KB)
...
006 (221681.000.000) 07/31 07:13:01 Image size of job updated: 447524
	71  -  MemoryUsage of job (MB)
	72352  -  ResidentSetSize of job (KB)
...
006 (221681.000.000) 07/31 07:15:29 Image size of job updated: 498228
	71  -  MemoryUsage of job (MB)
	72352  -  ResidentSetSize of job (KB)
...
005 (221681.000.000) 07/31 07:15:29 Job terminated.
	(1) Normal termination (return value 65)
		Usr 0 00:00:05, Sys 0 00:00:17  -  Run Remote Usage
		Usr 0 00:00:00, Sys 0 00:00:00  -  Run Local Usage
		Usr 0 00:00:05, Sys 0 00:00:17  -  Total Remote Usage
		Usr 0 00:00:00, Sys 0 00:00:00  -  Total Local Usage
	19373  -  Run Bytes Sent By Job
	8930  -  Run Bytes Received By Job
	19373  -  Total Bytes Sent By Job
	8930  -  Total Bytes Received By Job
	Partitionable Resources :    Usage  Request Allocated
	   Cpus                 :                 1         1
	   Disk (KB)            :  6204961 10000000  10125837
	   Memory (MB)          :       71     2100      2100
...
000 (222243.000.000) 07/31 08:32:32 Job submitted from host: <131.225.189.232:9618?addrs=131.225.189.232-9618&noUDP&sock=8982_aaf4_3>
...
001 (222243.000.000) 07/31 08:32:53 Job executing on host: <131.225.206.228:30712?addrs=131.225.206.228-30712>
...
006 (222243.000.000) 07/31 08:33:01 Image size of job updated: 2
	3  -  MemoryUsage of job (MB)
	2420  -  ResidentSetSize of job (KB)
...
006 (222243.000.000) 07/31 08:34:01 Image size of job updated: 447524
	70  -  MemoryUsage of job (MB)
	71352  -  ResidentSetSize of job (KB)
...
006 (222243.000.000) 07/31 08:35:37 Image size of job updated: 492940
	70  -  MemoryUsage of job (MB)
	71352  -  ResidentSetSize of job (KB)
...
005 (222243.000.000) 07/31 08:35:37 Job terminated.
	(1) Normal termination (return value 65)
		Usr 0 00:00:04, Sys 0 00:00:19  -  Run Remote Usage
		Usr 0 00:00:00, Sys 0 00:00:00  -  Run Local Usage
		Usr 0 00:00:04, Sys 0 00:00:19  -  Total Remote Usage
		Usr 0 00:00:00, Sys 0 00:00:00  -  Total Local Usage
	14513  -  Run Bytes Sent By Job
	8930  -  Run Bytes Received By Job
	14513  -  Total Bytes Sent By Job
	8930  -  Total Bytes Received By Job
	Partitionable Resources :    Usage  Request Allocated
	   Cpus                 :                 1         1
	   Disk (KB)            :  6256976 10000000  11745656
	   Memory (MB)          :       70     2100      2100
...
000 (222798.000.000) 07/31 08:49:43 Job submitted from host: <131.225.189.232:9618?addrs=131.225.189.232-9618&noUDP&sock=8982_aaf4_3>
...
001 (222798.000.000) 07/31 08:50:06 Job executing on host: <131.225.206.17:46936?addrs=131.225.206.17-46936>
...
006 (222798.000.000) 07/31 08:50:15 Image size of job updated: 447524
	71  -  MemoryUsage of job (MB)
	72344  -  ResidentSetSize of job (KB)
...
006 (222798.000.000) 07/31 08:52:17 Image size of job updated: 447524
	138  -  MemoryUsage of job (MB)
	140480  -  ResidentSetSize of job (KB)
...
006 (222798.000.000) 07/31 08:52:48 Image size of job updated: 772016
	138  -  MemoryUsage of job (MB)
	140480  -  ResidentSetSize of job (KB)
...
005 (222798.000.000) 07/31 08:52:48 Job terminated.
	(1) Normal termination (return value 65)
		Usr 0 00:00:13, Sys 0 00:00:19  -  Run Remote Usage
		Usr 0 00:00:00, Sys 0 00:00:00  -  Run Local Usage
		Usr 0 00:00:13, Sys 0 00:00:19  -  Total Remote Usage
		Usr 0 00:00:00, Sys 0 00:00:00  -  Total Local Usage
	11415  -  Run Bytes Sent By Job
	44439  -  Run Bytes Received By Job
	11415  -  Total Bytes Sent By Job
	44439  -  Total Bytes Received By Job
	Partitionable Resources :    Usage  Request Allocated
	   Cpus                 :                 1         1
	   Disk (KB)            :  6456684 10000000  12910580
	   Memory (MB)          :      138     2100      2100
...
000 (223353.000.000) 07/31 09:06:13 Job submitted from host: <131.225.189.232:9618?addrs=131.225.189.232-9618&noUDP&sock=8982_aaf4_3>
...
