000 (220935.000.000) 07/31 06:49:41 Job submitted from host: <131.225.189.232:9618?addrs=131.225.189.232-9618&noUDP&sock=8982_aaf4_3>
...
001 (220935.000.000) 07/31 06:50:33 Job executing on host: <131.225.207.106:53270?addrs=131.225.207.106-53270>
...
006 (220935.000.000) 07/31 06:50:42 Image size of job updated: 2
	3  -  MemoryUsage of job (MB)
	2424  -  ResidentSetSize of job (KB)
...
006 (220935.000.000) 07/31 06:51:43 Image size of job updated: 447524
	70  -  MemoryUsage of job (MB)
	71356  -  ResidentSetSize of job (KB)
...
005 (220935.000.000) 07/31 06:54:00 Job terminated.
	(1) Normal termination (return value 90)
		Usr 0 00:00:01, Sys 0 00:00:22  -  Run Remote Usage
		Usr 0 00:00:00, Sys 0 00:00:00  -  Run Local Usage
		Usr 0 00:00:01, Sys 0 00:00:22  -  Total Remote Usage
		Usr 0 00:00:00, Sys 0 00:00:00  -  Total Local Usage
	18716  -  Run Bytes Sent By Job
	8930  -  Run Bytes Received By Job
	18716  -  Total Bytes Sent By Job
	8930  -  Total Bytes Received By Job
	Partitionable Resources :    Usage  Request Allocated
	   Cpus                 :                 1         1
	   Disk (KB)            :  5590035 10000000  10125138
	   Memory (MB)          :       70     2100      2100
...
000 (221497.000.000) 07/31 07:08:05 Job submitted from host: <131.225.189.232:9618?addrs=131.225.189.232-9618&noUDP&sock=8982_aaf4_3>
...
001 (221497.000.000) 07/31 07:08:33 Job executing on host: <131.225.207.189:33214?addrs=131.225.207.189-33214>
...
006 (221497.000.000) 07/31 07:08:42 Image size of job updated: 2
	3  -  MemoryUsage of job (MB)
	2420  -  ResidentSetSize of job (KB)
...
006 (221497.000.000) 07/31 07:09:43 Image size of job updated: 447524
	71  -  MemoryUsage of job (MB)
	72344  -  ResidentSetSize of job (KB)
...
000 (222052.000.000) 07/31 07:12:45 Job submitted from host: <131.225.189.232:9618?addrs=131.225.189.232-9618&noUDP&sock=8982_aaf4_3>
...
005 (221497.000.000) 07/31 07:13:45 Job terminated.
	(1) Normal termination (return value 90)
		Usr 0 00:00:02, Sys 0 00:00:22  -  Run Remote Usage
		Usr 0 00:00:00, Sys 0 00:00:00  -  Run Local Usage
		Usr 0 00:00:02, Sys 0 00:00:22  -  Total Remote Usage
		Usr 0 00:00:00, Sys 0 00:00:00  -  Total Local Usage
	27961  -  Run Bytes Sent By Job
	8930  -  Run Bytes Received By Job
	27961  -  Total Bytes Sent By Job
	8930  -  Total Bytes Received By Job
	Partitionable Resources :    Usage  Request Allocated
	   Cpus                 :                 1         1
	   Disk (KB)            :  5566584 10000000  13293668
	   Memory (MB)          :       71     2100      2100
...
001 (222052.000.000) 07/31 07:14:16 Job executing on host: <131.225.204.29:17298?addrs=131.225.204.29-17298>
...
006 (222052.000.000) 07/31 07:14:25 Image size of job updated: 102476
	3  -  MemoryUsage of job (MB)
	2464  -  ResidentSetSize of job (KB)
...
006 (222052.000.000) 07/31 07:15:26 Image size of job updated: 447524
	71  -  MemoryUsage of job (MB)
	72344  -  ResidentSetSize of job (KB)
...
006 (222052.000.000) 07/31 07:17:27 Image size of job updated: 670632
	385  -  MemoryUsage of job (MB)
	394112  -  ResidentSetSize of job (KB)
...
006 (222052.000.000) 07/31 07:17:36 Image size of job updated: 770992
	385  -  MemoryUsage of job (MB)
	394112  -  ResidentSetSize of job (KB)
...
005 (222052.000.000) 07/31 07:17:37 Job terminated.
	(1) Normal termination (return value 65)
		Usr 0 00:00:12, Sys 0 00:00:22  -  Run Remote Usage
		Usr 0 00:00:00, Sys 0 00:00:00  -  Run Local Usage
		Usr 0 00:00:12, Sys 0 00:00:22  -  Total Remote Usage
		Usr 0 00:00:00, Sys 0 00:00:00  -  Total Local Usage
	15333  -  Run Bytes Sent By Job
	8930  -  Run Bytes Received By Job
	15333  -  Total Bytes Sent By Job
	8930  -  Total Bytes Received By Job
	Partitionable Resources :    Usage  Request Allocated
	   Cpus                 :                 1         1
	   Disk (KB)            :  6623207 10000000  10263951
	   Memory (MB)          :      385     2100      2100
...
000 (222614.000.000) 07/31 08:32:57 Job submitted from host: <131.225.189.232:9618?addrs=131.225.189.232-9618&noUDP&sock=8982_aaf4_3>
...
001 (222614.000.000) 07/31 08:34:10 Job executing on host: <131.225.190.31:64999?addrs=131.225.190.31-64999>
...
006 (222614.000.000) 07/31 08:34:18 Image size of job updated: 447524
	62  -  MemoryUsage of job (MB)
	62964  -  ResidentSetSize of job (KB)
...
006 (222614.000.000) 07/31 08:35:18 Image size of job updated: 447524
	69  -  MemoryUsage of job (MB)
	70408  -  ResidentSetSize of job (KB)
...
006 (222614.000.000) 07/31 08:37:19 Image size of job updated: 447524
	165  -  MemoryUsage of job (MB)
	168092  -  ResidentSetSize of job (KB)
...
006 (222614.000.000) 07/31 08:37:57 Image size of job updated: 770740
	165  -  MemoryUsage of job (MB)
	168092  -  ResidentSetSize of job (KB)
...
005 (222614.000.000) 07/31 08:37:58 Job terminated.
	(1) Normal termination (return value 65)
		Usr 0 00:00:17, Sys 0 00:00:29  -  Run Remote Usage
		Usr 0 00:00:00, Sys 0 00:00:00  -  Run Local Usage
		Usr 0 00:00:17, Sys 0 00:00:29  -  Total Remote Usage
		Usr 0 00:00:00, Sys 0 00:00:00  -  Total Local Usage
	18332  -  Run Bytes Sent By Job
	8930  -  Run Bytes Received By Job
	18332  -  Total Bytes Sent By Job
	8930  -  Total Bytes Received By Job
	Partitionable Resources :    Usage  Request Allocated
	   Cpus                 :                 1         1
	   Disk (KB)            :  6626077 10000000  15785908
	   Memory (MB)          :      165     2100      2100
...
000 (223169.000.000) 07/31 08:50:02 Job submitted from host: <131.225.189.232:9618?addrs=131.225.189.232-9618&noUDP&sock=8982_aaf4_3>
...
001 (223169.000.000) 07/31 08:51:20 Job executing on host: <131.225.191.225:1937?addrs=131.225.191.225-1937>
...
006 (223169.000.000) 07/31 08:51:28 Image size of job updated: 447524
	71  -  MemoryUsage of job (MB)
	72452  -  ResidentSetSize of job (KB)
...
006 (223169.000.000) 07/31 08:53:28 Image size of job updated: 447524
	165  -  MemoryUsage of job (MB)
	168012  -  ResidentSetSize of job (KB)
...
006 (223169.000.000) 07/31 08:53:58 Image size of job updated: 770992
	165  -  MemoryUsage of job (MB)
	168012  -  ResidentSetSize of job (KB)
...
005 (223169.000.000) 07/31 08:53:59 Job terminated.
	(1) Normal termination (return value 65)
		Usr 0 00:00:14, Sys 0 00:00:19  -  Run Remote Usage
		Usr 0 00:00:00, Sys 0 00:00:00  -  Run Local Usage
		Usr 0 00:00:14, Sys 0 00:00:19  -  Total Remote Usage
		Usr 0 00:00:00, Sys 0 00:00:00  -  Total Local Usage
	13456  -  Run Bytes Sent By Job
	44439  -  Run Bytes Received By Job
	13456  -  Total Bytes Sent By Job
	44439  -  Total Bytes Received By Job
	Partitionable Resources :    Usage  Request Allocated
	   Cpus                 :                 1         1
	   Disk (KB)            :  6625910 10000000  16080760
	   Memory (MB)          :      165     2100      2100
...
000 (223724.000.000) 07/31 09:06:30 Job submitted from host: <131.225.189.232:9618?addrs=131.225.189.232-9618&noUDP&sock=8982_aaf4_3>
...
