000 (220691.000.000) 07/31 06:48:49 Job submitted from host: <131.225.189.232:9618?addrs=131.225.189.232-9618&noUDP&sock=8982_aaf4_3>
...
001 (220691.000.000) 07/31 06:49:11 Job executing on host: <131.225.204.111:64921?addrs=131.225.204.111-64921>
...
006 (220691.000.000) 07/31 06:49:20 Image size of job updated: 447536
	21  -  MemoryUsage of job (MB)
	21144  -  ResidentSetSize of job (KB)
...
006 (220691.000.000) 07/31 06:50:21 Image size of job updated: 447536
	69  -  MemoryUsage of job (MB)
	70400  -  ResidentSetSize of job (KB)
...
005 (220691.000.000) 07/31 06:54:07 Job terminated.
	(1) Normal termination (return value 90)
		Usr 0 00:00:02, Sys 0 00:00:21  -  Run Remote Usage
		Usr 0 00:00:00, Sys 0 00:00:00  -  Run Local Usage
		Usr 0 00:00:02, Sys 0 00:00:21  -  Total Remote Usage
		Usr 0 00:00:00, Sys 0 00:00:00  -  Total Local Usage
	24549  -  Run Bytes Sent By Job
	8930  -  Run Bytes Received By Job
	24549  -  Total Bytes Sent By Job
	8930  -  Total Bytes Received By Job
	Partitionable Resources :    Usage  Request Allocated
	   Cpus                 :                 1         1
	   Disk (KB)            :  4426775 10000000  10487493
	   Memory (MB)          :       69     2100      2100
...
000 (221253.000.000) 07/31 07:07:22 Job submitted from host: <131.225.189.232:9618?addrs=131.225.189.232-9618&noUDP&sock=8982_aaf4_3>
...
001 (221253.000.000) 07/31 07:07:54 Job executing on host: <131.225.191.151:10822?addrs=131.225.191.151-10822>
...
006 (221253.000.000) 07/31 07:08:03 Image size of job updated: 2
	3  -  MemoryUsage of job (MB)
	2424  -  ResidentSetSize of job (KB)
...
006 (221253.000.000) 07/31 07:09:04 Image size of job updated: 447524
	71  -  MemoryUsage of job (MB)
	72340  -  ResidentSetSize of job (KB)
...
005 (221253.000.000) 07/31 07:09:27 Job terminated.
	(1) Normal termination (return value 90)
		Usr 0 00:00:01, Sys 0 00:00:18  -  Run Remote Usage
		Usr 0 00:00:00, Sys 0 00:00:00  -  Run Local Usage
		Usr 0 00:00:01, Sys 0 00:00:18  -  Total Remote Usage
		Usr 0 00:00:00, Sys 0 00:00:00  -  Total Local Usage
	10177  -  Run Bytes Sent By Job
	8930  -  Run Bytes Received By Job
	10177  -  Total Bytes Sent By Job
	8930  -  Total Bytes Received By Job
	Partitionable Resources :    Usage  Request Allocated
	   Cpus                 :                 1         1
	   Disk (KB)            :  4911209 10000000  11931120
	   Memory (MB)          :       71     2100      2100
...
000 (221808.000.000) 07/31 07:12:03 Job submitted from host: <131.225.189.232:9618?addrs=131.225.189.232-9618&noUDP&sock=8982_aaf4_3>
...
001 (221808.000.000) 07/31 07:12:24 Job executing on host: <131.225.191.223:52551?addrs=131.225.191.223-52551>
...
006 (221808.000.000) 07/31 07:12:33 Image size of job updated: 68556
	8  -  MemoryUsage of job (MB)
	7372  -  ResidentSetSize of job (KB)
...
006 (221808.000.000) 07/31 07:13:34 Image size of job updated: 447524
	69  -  MemoryUsage of job (MB)
	70296  -  ResidentSetSize of job (KB)
...
006 (221808.000.000) 07/31 07:14:35 Image size of job updated: 460908
	225  -  MemoryUsage of job (MB)
	229960  -  ResidentSetSize of job (KB)
...
006 (221808.000.000) 07/31 07:14:50 Image size of job updated: 752564
	225  -  MemoryUsage of job (MB)
	229960  -  ResidentSetSize of job (KB)
...
005 (221808.000.000) 07/31 07:14:51 Job terminated.
	(1) Normal termination (return value 65)
		Usr 0 00:00:14, Sys 0 00:00:24  -  Run Remote Usage
		Usr 0 00:00:00, Sys 0 00:00:00  -  Run Local Usage
		Usr 0 00:00:14, Sys 0 00:00:24  -  Total Remote Usage
		Usr 0 00:00:00, Sys 0 00:00:00  -  Total Local Usage
	12776  -  Run Bytes Sent By Job
	8930  -  Run Bytes Received By Job
	12776  -  Total Bytes Sent By Job
	8930  -  Total Bytes Received By Job
	Partitionable Resources :    Usage  Request Allocated
	   Cpus                 :                 1         1
	   Disk (KB)            :  6384762 10000000  15732272
	   Memory (MB)          :      225     2100      2100
...
