000 (220667.000.000) 07/31 06:48:45 Job submitted from host: <131.225.189.232:9618?addrs=131.225.189.232-9618&noUDP&sock=8982_aaf4_3>
...
001 (220667.000.000) 07/31 06:49:07 Job executing on host: <131.225.204.37:14425?addrs=131.225.204.37-14425>
...
006 (220667.000.000) 07/31 06:49:16 Image size of job updated: 2
	3  -  MemoryUsage of job (MB)
	2420  -  ResidentSetSize of job (KB)
...
006 (220667.000.000) 07/31 06:49:57 Image size of job updated: 447524
	3  -  MemoryUsage of job (MB)
	2420  -  ResidentSetSize of job (KB)
...
005 (220667.000.000) 07/31 06:49:57 Job terminated.
	(1) Normal termination (return value 90)
		Usr 0 00:00:00, Sys 0 00:00:08  -  Run Remote Usage
		Usr 0 00:00:00, Sys 0 00:00:00  -  Run Local Usage
		Usr 0 00:00:00, Sys 0 00:00:08  -  Total Remote Usage
		Usr 0 00:00:00, Sys 0 00:00:00  -  Total Local Usage
	6440  -  Run Bytes Sent By Job
	8930  -  Run Bytes Received By Job
	6440  -  Total Bytes Sent By Job
	8930  -  Total Bytes Received By Job
	Partitionable Resources :    Usage  Request Allocated
	   Cpus                 :                 1         1
	   Disk (KB)            :   543749 10000000  10349580
	   Memory (MB)          :        3     2100      2100
...
000 (221229.000.000) 07/31 07:07:18 Job submitted from host: <131.225.189.232:9618?addrs=131.225.189.232-9618&noUDP&sock=8982_aaf4_3>
...
001 (221229.000.000) 07/31 07:07:49 Job executing on host: <131.225.207.67:18158?addrs=131.225.207.67-18158>
...
006 (221229.000.000) 07/31 07:07:58 Image size of job updated: 2
	3  -  MemoryUsage of job (MB)
	2420  -  ResidentSetSize of job (KB)
...
006 (221229.000.000) 07/31 07:08:59 Image size of job updated: 447524
	71  -  MemoryUsage of job (MB)
	72352  -  ResidentSetSize of job (KB)
...
005 (221229.000.000) 07/31 07:09:50 Job terminated.
	(1) Normal termination (return value 90)
		Usr 0 00:00:00, Sys 0 00:00:08  -  Run Remote Usage
		Usr 0 00:00:00, Sys 0 00:00:00  -  Run Local Usage
		Usr 0 00:00:00, Sys 0 00:00:08  -  Total Remote Usage
		Usr 0 00:00:00, Sys 0 00:00:00  -  Total Local Usage
	12707  -  Run Bytes Sent By Job
	8930  -  Run Bytes Received By Job
	12707  -  Total Bytes Sent By Job
	8930  -  Total Bytes Received By Job
	Partitionable Resources :    Usage  Request Allocated
	   Cpus                 :                 1         1
	   Disk (KB)            :  2044009 10000000  10306893
	   Memory (MB)          :       71     2100      2100
...
000 (221784.000.000) 07/31 07:11:59 Job submitted from host: <131.225.189.232:9618?addrs=131.225.189.232-9618&noUDP&sock=8982_aaf4_3>
...
001 (221784.000.000) 07/31 07:12:20 Job executing on host: <131.225.207.67:18158?addrs=131.225.207.67-18158>
...
006 (221784.000.000) 07/31 07:12:29 Image size of job updated: 447524
	71  -  MemoryUsage of job (MB)
	72348  -  ResidentSetSize of job (KB)
...
006 (221784.000.000) 07/31 07:15:22 Image size of job updated: 602700
	71  -  MemoryUsage of job (MB)
	72348  -  ResidentSetSize of job (KB)
...
005 (221784.000.000) 07/31 07:15:23 Job terminated.
	(1) Normal termination (return value 65)
		Usr 0 00:00:07, Sys 0 00:00:09  -  Run Remote Usage
		Usr 0 00:00:00, Sys 0 00:00:00  -  Run Local Usage
		Usr 0 00:00:07, Sys 0 00:00:09  -  Total Remote Usage
		Usr 0 00:00:00, Sys 0 00:00:00  -  Total Local Usage
	16632  -  Run Bytes Sent By Job
	8930  -  Run Bytes Received By Job
	16632  -  Total Bytes Sent By Job
	8930  -  Total Bytes Received By Job
	Partitionable Resources :    Usage  Request Allocated
	   Cpus                 :                 1         1
	   Disk (KB)            :  2484397 10000000  10305192
	   Memory (MB)          :       71     2100      2100
...
