000 (220607.000.000) 07/31 06:48:32 Job submitted from host: <131.225.189.232:9618?addrs=131.225.189.232-9618&noUDP&sock=8982_aaf4_3>
...
001 (220607.000.000) 07/31 06:48:54 Job executing on host: <131.225.191.130:56709?addrs=131.225.191.130-56709>
...
006 (220607.000.000) 07/31 06:49:03 Image size of job updated: 447524
	71  -  MemoryUsage of job (MB)
	72352  -  ResidentSetSize of job (KB)
...
005 (220607.000.000) 07/31 06:50:55 Job terminated.
	(1) Normal termination (return value 90)
		Usr 0 00:00:01, Sys 0 00:00:19  -  Run Remote Usage
		Usr 0 00:00:00, Sys 0 00:00:00  -  Run Local Usage
		Usr 0 00:00:01, Sys 0 00:00:19  -  Total Remote Usage
		Usr 0 00:00:00, Sys 0 00:00:00  -  Total Local Usage
	12747  -  Run Bytes Sent By Job
	8930  -  Run Bytes Received By Job
	12747  -  Total Bytes Sent By Job
	8930  -  Total Bytes Received By Job
	Partitionable Resources :    Usage  Request Allocated
	   Cpus                 :                 1         1
	   Disk (KB)            :  3968010 10000000  11649396
	   Memory (MB)          :       71     2100      2100
...
000 (221169.000.000) 07/31 07:07:07 Job submitted from host: <131.225.189.232:9618?addrs=131.225.189.232-9618&noUDP&sock=8982_aaf4_3>
...
001 (221169.000.000) 07/31 07:07:36 Job executing on host: <131.225.206.164:5908?addrs=131.225.206.164-5908>
...
006 (221169.000.000) 07/31 07:07:45 Image size of job updated: 2
	3  -  MemoryUsage of job (MB)
	2428  -  ResidentSetSize of job (KB)
...
006 (221169.000.000) 07/31 07:08:46 Image size of job updated: 447524
	69  -  MemoryUsage of job (MB)
	70288  -  ResidentSetSize of job (KB)
...
005 (221169.000.000) 07/31 07:09:30 Job terminated.
	(1) Normal termination (return value 90)
		Usr 0 00:00:01, Sys 0 00:00:16  -  Run Remote Usage
		Usr 0 00:00:00, Sys 0 00:00:00  -  Run Local Usage
		Usr 0 00:00:01, Sys 0 00:00:16  -  Total Remote Usage
		Usr 0 00:00:00, Sys 0 00:00:00  -  Total Local Usage
	11598  -  Run Bytes Sent By Job
	8930  -  Run Bytes Received By Job
	11598  -  Total Bytes Sent By Job
	8930  -  Total Bytes Received By Job
	Partitionable Resources :    Usage  Request Allocated
	   Cpus                 :                 1         1
	   Disk (KB)            :  4255849 10000000  11814016
	   Memory (MB)          :       69     2100      2100
...
000 (221724.000.000) 07/31 07:11:49 Job submitted from host: <131.225.189.232:9618?addrs=131.225.189.232-9618&noUDP&sock=8982_aaf4_3>
...
001 (221724.000.000) 07/31 07:12:07 Job executing on host: <131.225.206.188:37401?addrs=131.225.206.188-37401>
...
006 (221724.000.000) 07/31 07:12:16 Image size of job updated: 447536
	69  -  MemoryUsage of job (MB)
	70320  -  ResidentSetSize of job (KB)
...
006 (221724.000.000) 07/31 07:13:17 Image size of job updated: 447536
	69  -  MemoryUsage of job (MB)
	70408  -  ResidentSetSize of job (KB)
...
006 (221724.000.000) 07/31 07:14:17 Image size of job updated: 769972
	69  -  MemoryUsage of job (MB)
	70408  -  ResidentSetSize of job (KB)
...
005 (221724.000.000) 07/31 07:14:17 Job terminated.
	(1) Normal termination (return value 65)
		Usr 0 00:00:11, Sys 0 00:00:16  -  Run Remote Usage
		Usr 0 00:00:00, Sys 0 00:00:00  -  Run Local Usage
		Usr 0 00:00:11, Sys 0 00:00:16  -  Total Remote Usage
		Usr 0 00:00:00, Sys 0 00:00:00  -  Total Local Usage
	9508  -  Run Bytes Sent By Job
	8930  -  Run Bytes Received By Job
	9508  -  Total Bytes Sent By Job
	8930  -  Total Bytes Received By Job
	Partitionable Resources :    Usage  Request Allocated
	   Cpus                 :                 1         1
	   Disk (KB)            :  5860888 10000000  10407162
	   Memory (MB)          :       69     2100      2100
...
000 (222286.000.000) 07/31 08:32:35 Job submitted from host: <131.225.189.232:9618?addrs=131.225.189.232-9618&noUDP&sock=8982_aaf4_3>
...
001 (222286.000.000) 07/31 08:33:02 Job executing on host: <131.225.206.174:50723?addrs=131.225.206.174-50723>
...
006 (222286.000.000) 07/31 08:33:10 Image size of job updated: 2
	3  -  MemoryUsage of job (MB)
	2424  -  ResidentSetSize of job (KB)
...
006 (222286.000.000) 07/31 08:34:10 Image size of job updated: 447524
	71  -  MemoryUsage of job (MB)
	72348  -  ResidentSetSize of job (KB)
...
006 (222286.000.000) 07/31 08:37:09 Image size of job updated: 669608
	71  -  MemoryUsage of job (MB)
	72348  -  ResidentSetSize of job (KB)
...
005 (222286.000.000) 07/31 08:37:10 Job terminated.
	(1) Normal termination (return value 65)
		Usr 0 00:00:08, Sys 0 00:00:16  -  Run Remote Usage
		Usr 0 00:00:00, Sys 0 00:00:00  -  Run Local Usage
		Usr 0 00:00:08, Sys 0 00:00:16  -  Total Remote Usage
		Usr 0 00:00:00, Sys 0 00:00:00  -  Total Local Usage
	20646  -  Run Bytes Sent By Job
	8930  -  Run Bytes Received By Job
	20646  -  Total Bytes Sent By Job
	8930  -  Total Bytes Received By Job
	Partitionable Resources :    Usage  Request Allocated
	   Cpus                 :                 1         1
	   Disk (KB)            :  5175636 10000000  11955092
	   Memory (MB)          :       71     2100      2100
...
