000 (220637.000.000) 07/31 06:48:38 Job submitted from host: <131.225.189.232:9618?addrs=131.225.189.232-9618&noUDP&sock=8982_aaf4_3>
...
001 (220637.000.000) 07/31 06:49:01 Job executing on host: <131.225.207.192:2298?addrs=131.225.207.192-2298>
...
006 (220637.000.000) 07/31 06:49:10 Image size of job updated: 2
	3  -  MemoryUsage of job (MB)
	2424  -  ResidentSetSize of job (KB)
...
006 (220637.000.000) 07/31 06:50:11 Image size of job updated: 447524
	70  -  MemoryUsage of job (MB)
	71356  -  ResidentSetSize of job (KB)
...
005 (220637.000.000) 07/31 06:52:44 Job terminated.
	(1) Normal termination (return value 90)
		Usr 0 00:00:01, Sys 0 00:00:17  -  Run Remote Usage
		Usr 0 00:00:00, Sys 0 00:00:00  -  Run Local Usage
		Usr 0 00:00:01, Sys 0 00:00:17  -  Total Remote Usage
		Usr 0 00:00:00, Sys 0 00:00:00  -  Total Local Usage
	21163  -  Run Bytes Sent By Job
	8930  -  Run Bytes Received By Job
	21163  -  Total Bytes Sent By Job
	8930  -  Total Bytes Received By Job
	Partitionable Resources :    Usage  Request Allocated
	   Cpus                 :                 1         1
	   Disk (KB)            :  5540884 10000000  10479066
	   Memory (MB)          :       70     2100      2100
...
000 (221199.000.000) 07/31 07:07:13 Job submitted from host: <131.225.189.232:9618?addrs=131.225.189.232-9618&noUDP&sock=8982_aaf4_3>
...
001 (221199.000.000) 07/31 07:07:43 Job executing on host: <131.225.191.152:50893?addrs=131.225.191.152-50893>
...
006 (221199.000.000) 07/31 07:07:52 Image size of job updated: 2
	3  -  MemoryUsage of job (MB)
	2420  -  ResidentSetSize of job (KB)
...
006 (221199.000.000) 07/31 07:08:53 Image size of job updated: 447524
	71  -  MemoryUsage of job (MB)
	72344  -  ResidentSetSize of job (KB)
...
000 (221754.000.000) 07/31 07:11:54 Job submitted from host: <131.225.189.232:9618?addrs=131.225.189.232-9618&noUDP&sock=8982_aaf4_3>
...
001 (221754.000.000) 07/31 07:12:14 Job executing on host: <131.225.206.228:30712?addrs=131.225.206.228-30712>
...
006 (221754.000.000) 07/31 07:12:23 Image size of job updated: 381924
	17  -  MemoryUsage of job (MB)
	16988  -  ResidentSetSize of job (KB)
...
006 (221754.000.000) 07/31 07:13:24 Image size of job updated: 447524
	71  -  MemoryUsage of job (MB)
	72348  -  ResidentSetSize of job (KB)
...
005 (221199.000.000) 07/31 07:13:48 Job terminated.
	(1) Normal termination (return value 90)
		Usr 0 00:00:02, Sys 0 00:00:20  -  Run Remote Usage
		Usr 0 00:00:00, Sys 0 00:00:00  -  Run Local Usage
		Usr 0 00:00:02, Sys 0 00:00:20  -  Total Remote Usage
		Usr 0 00:00:00, Sys 0 00:00:00  -  Total Local Usage
	31679  -  Run Bytes Sent By Job
	8930  -  Run Bytes Received By Job
	31679  -  Total Bytes Sent By Job
	8930  -  Total Bytes Received By Job
	Partitionable Resources :    Usage  Request Allocated
	   Cpus                 :                 1         1
	   Disk (KB)            :  5632124 10000000  11752032
	   Memory (MB)          :       71     2100      2100
...
006 (221754.000.000) 07/31 07:14:24 Image size of job updated: 683436
	71  -  MemoryUsage of job (MB)
	72348  -  ResidentSetSize of job (KB)
...
005 (221754.000.000) 07/31 07:14:25 Job terminated.
	(1) Normal termination (return value 65)
		Usr 0 00:00:08, Sys 0 00:00:17  -  Run Remote Usage
		Usr 0 00:00:00, Sys 0 00:00:00  -  Run Local Usage
		Usr 0 00:00:08, Sys 0 00:00:17  -  Total Remote Usage
		Usr 0 00:00:00, Sys 0 00:00:00  -  Total Local Usage
	9777  -  Run Bytes Sent By Job
	8930  -  Run Bytes Received By Job
	9777  -  Total Bytes Sent By Job
	8930  -  Total Bytes Received By Job
	Partitionable Resources :    Usage  Request Allocated
	   Cpus                 :                 1         1
	   Disk (KB)            :  5008919 10000000  11792044
	   Memory (MB)          :       71     2100      2100
...
000 (222316.000.000) 07/31 08:32:38 Job submitted from host: <131.225.189.232:9618?addrs=131.225.189.232-9618&noUDP&sock=8982_aaf4_3>
...
001 (222316.000.000) 07/31 08:33:36 Job executing on host: <131.225.206.119:54524?addrs=131.225.206.119-54524>
...
006 (222316.000.000) 07/31 08:34:06 Image size of job updated: 316372
	7  -  MemoryUsage of job (MB)
	6724  -  ResidentSetSize of job (KB)
...
006 (222316.000.000) 07/31 08:37:50 Image size of job updated: 770224
	477  -  MemoryUsage of job (MB)
	488264  -  ResidentSetSize of job (KB)
...
005 (222316.000.000) 07/31 08:37:54 Job terminated.
	(1) Normal termination (return value 65)
		Usr 0 00:00:12, Sys 0 00:00:17  -  Run Remote Usage
		Usr 0 00:00:00, Sys 0 00:00:00  -  Run Local Usage
		Usr 0 00:00:12, Sys 0 00:00:17  -  Total Remote Usage
		Usr 0 00:00:00, Sys 0 00:00:00  -  Total Local Usage
	16318  -  Run Bytes Sent By Job
	8930  -  Run Bytes Received By Job
	16318  -  Total Bytes Sent By Job
	8930  -  Total Bytes Received By Job
	Partitionable Resources :    Usage  Request Allocated
	   Cpus                 :                 1         1
	   Disk (KB)            :  6351356 10000000  13292420
	   Memory (MB)          :      477     2100      2100
...
