000 (220559.000.000) 07/31 06:48:22 Job submitted from host: <131.225.189.232:9618?addrs=131.225.189.232-9618&noUDP&sock=8982_aaf4_3>
...
001 (220559.000.000) 07/31 06:48:46 Job executing on host: <131.225.206.170:61881?addrs=131.225.206.170-61881>
...
006 (220559.000.000) 07/31 06:48:54 Image size of job updated: 447524
	69  -  MemoryUsage of job (MB)
	70280  -  ResidentSetSize of job (KB)
...
006 (220559.000.000) 07/31 06:49:54 Image size of job updated: 447524
	69  -  MemoryUsage of job (MB)
	70408  -  ResidentSetSize of job (KB)
...
005 (220559.000.000) 07/31 06:52:18 Job terminated.
	(1) Normal termination (return value 90)
		Usr 0 00:00:01, Sys 0 00:00:16  -  Run Remote Usage
		Usr 0 00:00:00, Sys 0 00:00:00  -  Run Local Usage
		Usr 0 00:00:01, Sys 0 00:00:16  -  Total Remote Usage
		Usr 0 00:00:00, Sys 0 00:00:00  -  Total Local Usage
	13807  -  Run Bytes Sent By Job
	8930  -  Run Bytes Received By Job
	13807  -  Total Bytes Sent By Job
	8930  -  Total Bytes Received By Job
	Partitionable Resources :    Usage  Request Allocated
	   Cpus                 :                 1         1
	   Disk (KB)            :  5556419 10000000  11747192
	   Memory (MB)          :       69     2100      2100
...
000 (221121.000.000) 07/31 07:06:58 Job submitted from host: <131.225.189.232:9618?addrs=131.225.189.232-9618&noUDP&sock=8982_aaf4_3>
...
001 (221121.000.000) 07/31 07:07:17 Job executing on host: <131.225.204.107:46513?addrs=131.225.204.107-46513>
...
006 (221121.000.000) 07/31 07:07:26 Image size of job updated: 447524
	71  -  MemoryUsage of job (MB)
	72348  -  ResidentSetSize of job (KB)
...
005 (221121.000.000) 07/31 07:09:25 Job terminated.
	(1) Normal termination (return value 90)
		Usr 0 00:00:01, Sys 0 00:00:16  -  Run Remote Usage
		Usr 0 00:00:00, Sys 0 00:00:00  -  Run Local Usage
		Usr 0 00:00:01, Sys 0 00:00:16  -  Total Remote Usage
		Usr 0 00:00:00, Sys 0 00:00:00  -  Total Local Usage
	11237  -  Run Bytes Sent By Job
	8930  -  Run Bytes Received By Job
	11237  -  Total Bytes Sent By Job
	8930  -  Total Bytes Received By Job
	Partitionable Resources :    Usage  Request Allocated
	   Cpus                 :                 1         1
	   Disk (KB)            :  3534952 10000000  10190319
	   Memory (MB)          :       71     2100      2100
...
000 (221676.000.000) 07/31 07:11:40 Job submitted from host: <131.225.189.232:9618?addrs=131.225.189.232-9618&noUDP&sock=8982_aaf4_3>
...
001 (221676.000.000) 07/31 07:11:50 Job executing on host: <131.225.206.238:55117?addrs=131.225.206.238-55117>
...
006 (221676.000.000) 07/31 07:11:59 Image size of job updated: 447524
	55  -  MemoryUsage of job (MB)
	56072  -  ResidentSetSize of job (KB)
...
006 (221676.000.000) 07/31 07:13:00 Image size of job updated: 447524
	71  -  MemoryUsage of job (MB)
	72456  -  ResidentSetSize of job (KB)
...
006 (221676.000.000) 07/31 07:14:01 Image size of job updated: 447524
	165  -  MemoryUsage of job (MB)
	167972  -  ResidentSetSize of job (KB)
...
006 (221676.000.000) 07/31 07:14:34 Image size of job updated: 601412
	165  -  MemoryUsage of job (MB)
	167972  -  ResidentSetSize of job (KB)
...
005 (221676.000.000) 07/31 07:14:35 Job terminated.
	(1) Normal termination (return value 65)
		Usr 0 00:00:06, Sys 0 00:00:14  -  Run Remote Usage
		Usr 0 00:00:00, Sys 0 00:00:00  -  Run Local Usage
		Usr 0 00:00:06, Sys 0 00:00:14  -  Total Remote Usage
		Usr 0 00:00:00, Sys 0 00:00:00  -  Total Local Usage
	9148  -  Run Bytes Sent By Job
	8930  -  Run Bytes Received By Job
	9148  -  Total Bytes Sent By Job
	8930  -  Total Bytes Received By Job
	Partitionable Resources :    Usage  Request Allocated
	   Cpus                 :                 1         1
	   Disk (KB)            :  6255583 10000000  11845452
	   Memory (MB)          :      165     2100      2100
...
000 (222238.000.000) 07/31 08:32:32 Job submitted from host: <131.225.189.232:9618?addrs=131.225.189.232-9618&noUDP&sock=8982_aaf4_3>
...
001 (222238.000.000) 07/31 08:32:52 Job executing on host: <131.225.191.130:56709?addrs=131.225.191.130-56709>
...
006 (222238.000.000) 07/31 08:33:01 Image size of job updated: 447524
	71  -  MemoryUsage of job (MB)
	72340  -  ResidentSetSize of job (KB)
...
006 (222238.000.000) 07/31 08:35:06 Image size of job updated: 492172
	261  -  MemoryUsage of job (MB)
	267176  -  ResidentSetSize of job (KB)
...
006 (222238.000.000) 07/31 08:35:15 Image size of job updated: 769968
	261  -  MemoryUsage of job (MB)
	267176  -  ResidentSetSize of job (KB)
...
005 (222238.000.000) 07/31 08:35:15 Job terminated.
	(1) Normal termination (return value 65)
		Usr 0 00:00:13, Sys 0 00:00:16  -  Run Remote Usage
		Usr 0 00:00:00, Sys 0 00:00:00  -  Run Local Usage
		Usr 0 00:00:13, Sys 0 00:00:16  -  Total Remote Usage
		Usr 0 00:00:00, Sys 0 00:00:00  -  Total Local Usage
	12228  -  Run Bytes Sent By Job
	8930  -  Run Bytes Received By Job
	12228  -  Total Bytes Sent By Job
	8930  -  Total Bytes Received By Job
	Partitionable Resources :    Usage  Request Allocated
	   Cpus                 :                 1         1
	   Disk (KB)            :  6258454 10000000  11603768
	   Memory (MB)          :      261     2100      2100
...
