000 (220936.000.000) 07/31 06:49:41 Job submitted from host: <131.225.189.232:9618?addrs=131.225.189.232-9618&noUDP&sock=8982_aaf4_3>
...
001 (220936.000.000) 07/31 06:50:34 Job executing on host: <131.225.206.237:65172?addrs=131.225.206.237-65172>
...
006 (220936.000.000) 07/31 06:50:43 Image size of job updated: 2
	3  -  MemoryUsage of job (MB)
	2420  -  ResidentSetSize of job (KB)
...
006 (220936.000.000) 07/31 06:51:44 Image size of job updated: 447524
	70  -  MemoryUsage of job (MB)
	71352  -  ResidentSetSize of job (KB)
...
005 (220936.000.000) 07/31 06:54:16 Job terminated.
	(1) Normal termination (return value 90)
		Usr 0 00:00:01, Sys 0 00:00:19  -  Run Remote Usage
		Usr 0 00:00:00, Sys 0 00:00:00  -  Run Local Usage
		Usr 0 00:00:01, Sys 0 00:00:19  -  Total Remote Usage
		Usr 0 00:00:00, Sys 0 00:00:00  -  Total Local Usage
	20398  -  Run Bytes Sent By Job
	8930  -  Run Bytes Received By Job
	20398  -  Total Bytes Sent By Job
	8930  -  Total Bytes Received By Job
	Partitionable Resources :    Usage  Request Allocated
	   Cpus                 :                 1         1
	   Disk (KB)            :  5147668 10000000  11797672
	   Memory (MB)          :       70     2100      2100
...
000 (221498.000.000) 07/31 07:08:05 Job submitted from host: <131.225.189.232:9618?addrs=131.225.189.232-9618&noUDP&sock=8982_aaf4_3>
...
001 (221498.000.000) 07/31 07:08:34 Job executing on host: <131.225.204.76:59502?addrs=131.225.204.76-59502>
...
006 (221498.000.000) 07/31 07:08:43 Image size of job updated: 381924
	23  -  MemoryUsage of job (MB)
	23132  -  ResidentSetSize of job (KB)
...
006 (221498.000.000) 07/31 07:09:43 Image size of job updated: 447524
	71  -  MemoryUsage of job (MB)
	72348  -  ResidentSetSize of job (KB)
...
000 (222053.000.000) 07/31 07:12:45 Job submitted from host: <131.225.189.232:9618?addrs=131.225.189.232-9618&noUDP&sock=8982_aaf4_3>
...
005 (221498.000.000) 07/31 07:14:05 Job terminated.
	(1) Normal termination (return value 90)
		Usr 0 00:00:02, Sys 0 00:00:15  -  Run Remote Usage
		Usr 0 00:00:00, Sys 0 00:00:00  -  Run Local Usage
		Usr 0 00:00:02, Sys 0 00:00:15  -  Total Remote Usage
		Usr 0 00:00:00, Sys 0 00:00:00  -  Total Local Usage
	29538  -  Run Bytes Sent By Job
	8930  -  Run Bytes Received By Job
	29538  -  Total Bytes Sent By Job
	8930  -  Total Bytes Received By Job
	Partitionable Resources :    Usage  Request Allocated
	   Cpus                 :                 1         1
	   Disk (KB)            :  6467709 10000000  10256457
	   Memory (MB)          :       71     2100      2100
...
001 (222053.000.000) 07/31 07:14:17 Job executing on host: <131.225.205.164:13355?addrs=131.225.205.164-13355>
...
006 (222053.000.000) 07/31 07:14:27 Image size of job updated: 447524
	69  -  MemoryUsage of job (MB)
	70288  -  ResidentSetSize of job (KB)
...
006 (222053.000.000) 07/31 07:15:27 Image size of job updated: 447524
	69  -  MemoryUsage of job (MB)
	70296  -  ResidentSetSize of job (KB)
...
006 (222053.000.000) 07/31 07:18:29 Image size of job updated: 447524
	69  -  MemoryUsage of job (MB)
	70324  -  ResidentSetSize of job (KB)
...
006 (222053.000.000) 07/31 07:19:29 Image size of job updated: 493964
	173  -  MemoryUsage of job (MB)
	176588  -  ResidentSetSize of job (KB)
...
006 (222053.000.000) 07/31 07:20:30 Image size of job updated: 772784
	173  -  MemoryUsage of job (MB)
	176588  -  ResidentSetSize of job (KB)
...
005 (222053.000.000) 07/31 07:20:51 Job terminated.
	(1) Normal termination (return value 65)
		Usr 0 00:00:18, Sys 0 00:00:29  -  Run Remote Usage
		Usr 0 00:00:00, Sys 0 00:00:00  -  Run Local Usage
		Usr 0 00:00:18, Sys 0 00:00:29  -  Total Remote Usage
		Usr 0 00:00:00, Sys 0 00:00:00  -  Total Local Usage
	28719  -  Run Bytes Sent By Job
	8930  -  Run Bytes Received By Job
	28719  -  Total Bytes Sent By Job
	8930  -  Total Bytes Received By Job
	Partitionable Resources :    Usage  Request Allocated
	   Cpus                 :                 1         1
	   Disk (KB)            :  6718519 10000000  16984120
	   Memory (MB)          :      173     2100      2100
...
000 (222615.000.000) 07/31 08:32:57 Job submitted from host: <131.225.189.232:9618?addrs=131.225.189.232-9618&noUDP&sock=8982_aaf4_3>
...
001 (222615.000.000) 07/31 08:34:10 Job executing on host: <131.225.205.196:48973?addrs=131.225.205.196-48973>
...
006 (222615.000.000) 07/31 08:34:19 Image size of job updated: 447532
	71  -  MemoryUsage of job (MB)
	72348  -  ResidentSetSize of job (KB)
...
006 (222615.000.000) 07/31 08:37:19 Image size of job updated: 493964
	261  -  MemoryUsage of job (MB)
	266580  -  ResidentSetSize of job (KB)
...
006 (222615.000.000) 07/31 08:37:29 Image size of job updated: 772788
	261  -  MemoryUsage of job (MB)
	266580  -  ResidentSetSize of job (KB)
...
005 (222615.000.000) 07/31 08:37:30 Job terminated.
	(1) Normal termination (return value 65)
		Usr 0 00:00:17, Sys 0 00:00:25  -  Run Remote Usage
		Usr 0 00:00:00, Sys 0 00:00:00  -  Run Local Usage
		Usr 0 00:00:17, Sys 0 00:00:25  -  Total Remote Usage
		Usr 0 00:00:00, Sys 0 00:00:00  -  Total Local Usage
	17187  -  Run Bytes Sent By Job
	8930  -  Run Bytes Received By Job
	17187  -  Total Bytes Sent By Job
	8930  -  Total Bytes Received By Job
	Partitionable Resources :    Usage  Request Allocated
	   Cpus                 :                 1         1
	   Disk (KB)            :  6721376 10000000  17098780
	   Memory (MB)          :      261     2100      2100
...
000 (223170.000.000) 07/31 08:50:02 Job submitted from host: <131.225.189.232:9618?addrs=131.225.189.232-9618&noUDP&sock=8982_aaf4_3>
...
001 (223170.000.000) 07/31 08:51:20 Job executing on host: <131.225.205.173:10262?addrs=131.225.205.173-10262>
...
006 (223170.000.000) 07/31 08:51:28 Image size of job updated: 2
	3  -  MemoryUsage of job (MB)
	2420  -  ResidentSetSize of job (KB)
...
006 (223170.000.000) 07/31 08:52:28 Image size of job updated: 447524
	70  -  MemoryUsage of job (MB)
	71352  -  ResidentSetSize of job (KB)
...
006 (223170.000.000) 07/31 08:53:28 Image size of job updated: 447524
	165  -  MemoryUsage of job (MB)
	168152  -  ResidentSetSize of job (KB)
...
006 (223170.000.000) 07/31 08:53:58 Image size of job updated: 772788
	165  -  MemoryUsage of job (MB)
	168152  -  ResidentSetSize of job (KB)
...
005 (223170.000.000) 07/31 08:53:59 Job terminated.
	(1) Normal termination (return value 65)
		Usr 0 00:00:16, Sys 0 00:00:21  -  Run Remote Usage
		Usr 0 00:00:00, Sys 0 00:00:00  -  Run Local Usage
		Usr 0 00:00:16, Sys 0 00:00:21  -  Total Remote Usage
		Usr 0 00:00:00, Sys 0 00:00:00  -  Total Local Usage
	12396  -  Run Bytes Sent By Job
	44439  -  Run Bytes Received By Job
	12396  -  Total Bytes Sent By Job
	44439  -  Total Bytes Received By Job
	Partitionable Resources :    Usage  Request Allocated
	   Cpus                 :                 1         1
	   Disk (KB)            :  6721208 10000000  17097763
	   Memory (MB)          :      165     2100      2100
...
000 (223725.000.000) 07/31 09:06:30 Job submitted from host: <131.225.189.232:9618?addrs=131.225.189.232-9618&noUDP&sock=8982_aaf4_3>
...
