000 (220919.000.000) 07/31 06:49:38 Job submitted from host: <131.225.189.232:9618?addrs=131.225.189.232-9618&noUDP&sock=8982_aaf4_3>
...
001 (220919.000.000) 07/31 06:50:20 Job executing on host: <131.225.204.62:22110?addrs=131.225.204.62-22110>
...
006 (220919.000.000) 07/31 06:50:28 Image size of job updated: 2
	3  -  MemoryUsage of job (MB)
	2424  -  ResidentSetSize of job (KB)
...
006 (220919.000.000) 07/31 06:51:28 Image size of job updated: 447524
	71  -  MemoryUsage of job (MB)
	72348  -  ResidentSetSize of job (KB)
...
005 (220919.000.000) 07/31 06:51:55 Job terminated.
	(1) Normal termination (return value 90)
		Usr 0 00:00:00, Sys 0 00:00:16  -  Run Remote Usage
		Usr 0 00:00:00, Sys 0 00:00:00  -  Run Local Usage
		Usr 0 00:00:00, Sys 0 00:00:16  -  Total Remote Usage
		Usr 0 00:00:00, Sys 0 00:00:00  -  Total Local Usage
	8754  -  Run Bytes Sent By Job
	8930  -  Run Bytes Received By Job
	8754  -  Total Bytes Sent By Job
	8930  -  Total Bytes Received By Job
	Partitionable Resources :    Usage  Request Allocated
	   Cpus                 :                 1         1
	   Disk (KB)            :  6130698 10000000  10470063
	   Memory (MB)          :       71     2100      2100
...
000 (221481.000.000) 07/31 07:08:02 Job submitted from host: <131.225.189.232:9618?addrs=131.225.189.232-9618&noUDP&sock=8982_aaf4_3>
...
001 (221481.000.000) 07/31 07:08:37 Job executing on host: <131.225.190.19:40273?addrs=131.225.190.19-40273>
...
006 (221481.000.000) 07/31 07:08:46 Image size of job updated: 2
	3  -  MemoryUsage of job (MB)
	2428  -  ResidentSetSize of job (KB)
...
006 (221481.000.000) 07/31 07:09:47 Image size of job updated: 447524
	70  -  MemoryUsage of job (MB)
	71352  -  ResidentSetSize of job (KB)
...
000 (222036.000.000) 07/31 07:12:42 Job submitted from host: <131.225.189.232:9618?addrs=131.225.189.232-9618&noUDP&sock=8982_aaf4_3>
...
001 (222036.000.000) 07/31 07:14:09 Job executing on host: <131.225.190.27:45910?addrs=131.225.190.27-45910>
...
006 (222036.000.000) 07/31 07:14:17 Image size of job updated: 2
	3  -  MemoryUsage of job (MB)
	2432  -  ResidentSetSize of job (KB)
...
005 (221481.000.000) 07/31 07:14:52 Job terminated.
	(1) Normal termination (return value 90)
		Usr 0 00:00:01, Sys 0 00:00:26  -  Run Remote Usage
		Usr 0 00:00:00, Sys 0 00:00:00  -  Run Local Usage
		Usr 0 00:00:01, Sys 0 00:00:26  -  Total Remote Usage
		Usr 0 00:00:00, Sys 0 00:00:00  -  Total Local Usage
	16727  -  Run Bytes Sent By Job
	8930  -  Run Bytes Received By Job
	16727  -  Total Bytes Sent By Job
	8930  -  Total Bytes Received By Job
	Partitionable Resources :    Usage  Request Allocated
	   Cpus                 :                 1         1
	   Disk (KB)            :  4943983 10000000  15933296
	   Memory (MB)          :       70     2100      2100
...
006 (222036.000.000) 07/31 07:15:17 Image size of job updated: 447524
	70  -  MemoryUsage of job (MB)
	71356  -  ResidentSetSize of job (KB)
...
006 (222036.000.000) 07/31 07:15:59 Image size of job updated: 692656
	70  -  MemoryUsage of job (MB)
	71356  -  ResidentSetSize of job (KB)
...
005 (222036.000.000) 07/31 07:16:00 Job terminated.
	(1) Normal termination (return value 65)
		Usr 0 00:00:10, Sys 0 00:00:17  -  Run Remote Usage
		Usr 0 00:00:00, Sys 0 00:00:00  -  Run Local Usage
		Usr 0 00:00:10, Sys 0 00:00:17  -  Total Remote Usage
		Usr 0 00:00:00, Sys 0 00:00:00  -  Total Local Usage
	9692  -  Run Bytes Sent By Job
	8930  -  Run Bytes Received By Job
	9692  -  Total Bytes Sent By Job
	8930  -  Total Bytes Received By Job
	Partitionable Resources :    Usage  Request Allocated
	   Cpus                 :                 1         1
	   Disk (KB)            :  5974052 10000000  16071734
	   Memory (MB)          :       70     2100      2100
...
000 (222598.000.000) 07/31 08:32:56 Job submitted from host: <131.225.189.232:9618?addrs=131.225.189.232-9618&noUDP&sock=8982_aaf4_3>
...
001 (222598.000.000) 07/31 08:34:05 Job executing on host: <131.225.190.41:60689?addrs=131.225.190.41-60689>
...
006 (222598.000.000) 07/31 08:34:14 Image size of job updated: 40612
	4  -  MemoryUsage of job (MB)
	3652  -  ResidentSetSize of job (KB)
...
006 (222598.000.000) 07/31 08:35:15 Image size of job updated: 447524
	70  -  MemoryUsage of job (MB)
	71360  -  ResidentSetSize of job (KB)
...
006 (222598.000.000) 07/31 08:36:46 Image size of job updated: 772788
	70  -  MemoryUsage of job (MB)
	71360  -  ResidentSetSize of job (KB)
...
005 (222598.000.000) 07/31 08:36:47 Job terminated.
	(1) Normal termination (return value 65)
		Usr 0 00:00:15, Sys 0 00:00:21  -  Run Remote Usage
		Usr 0 00:00:00, Sys 0 00:00:00  -  Run Local Usage
		Usr 0 00:00:15, Sys 0 00:00:21  -  Total Remote Usage
		Usr 0 00:00:00, Sys 0 00:00:00  -  Total Local Usage
	13735  -  Run Bytes Sent By Job
	8930  -  Run Bytes Received By Job
	13735  -  Total Bytes Sent By Job
	8930  -  Total Bytes Received By Job
	Partitionable Resources :    Usage  Request Allocated
	   Cpus                 :                 1         1
	   Disk (KB)            :  6614791 10000000  15080674
	   Memory (MB)          :       70     2100      2100
...
