000 (220978.000.000) 07/31 06:49:50 Job submitted from host: <131.225.189.232:9618?addrs=131.225.189.232-9618&noUDP&sock=8982_aaf4_3>
...
001 (220978.000.000) 07/31 06:50:56 Job executing on host: <131.225.207.59:6775?addrs=131.225.207.59-6775>
...
006 (220978.000.000) 07/31 06:51:04 Image size of job updated: 447524
	18  -  MemoryUsage of job (MB)
	17940  -  ResidentSetSize of job (KB)
...
006 (220978.000.000) 07/31 06:52:04 Image size of job updated: 447524
	71  -  MemoryUsage of job (MB)
	72348  -  ResidentSetSize of job (KB)
...
005 (220978.000.000) 07/31 06:54:30 Job terminated.
	(1) Normal termination (return value 90)
		Usr 0 00:00:02, Sys 0 00:00:11  -  Run Remote Usage
		Usr 0 00:00:00, Sys 0 00:00:00  -  Run Local Usage
		Usr 0 00:00:02, Sys 0 00:00:11  -  Total Remote Usage
		Usr 0 00:00:00, Sys 0 00:00:00  -  Total Local Usage
	18345  -  Run Bytes Sent By Job
	8930  -  Run Bytes Received By Job
	18345  -  Total Bytes Sent By Job
	8930  -  Total Bytes Received By Job
	Partitionable Resources :    Usage  Request Allocated
	   Cpus                 :                 1         1
	   Disk (KB)            :  4688914 10000000  10691688
	   Memory (MB)          :       71     2100      2100
...
000 (221540.000.000) 07/31 07:08:12 Job submitted from host: <131.225.189.232:9618?addrs=131.225.189.232-9618&noUDP&sock=8982_aaf4_3>
...
001 (221540.000.000) 07/31 07:09:14 Job executing on host: <131.225.207.180:5355?addrs=131.225.207.180-5355>
...
006 (221540.000.000) 07/31 07:09:23 Image size of job updated: 447524
	71  -  MemoryUsage of job (MB)
	72340  -  ResidentSetSize of job (KB)
...
005 (221540.000.000) 07/31 07:10:48 Job terminated.
	(1) Normal termination (return value 90)
		Usr 0 00:00:00, Sys 0 00:00:18  -  Run Remote Usage
		Usr 0 00:00:00, Sys 0 00:00:00  -  Run Local Usage
		Usr 0 00:00:00, Sys 0 00:00:18  -  Total Remote Usage
		Usr 0 00:00:00, Sys 0 00:00:00  -  Total Local Usage
	9537  -  Run Bytes Sent By Job
	8930  -  Run Bytes Received By Job
	9537  -  Total Bytes Sent By Job
	8930  -  Total Bytes Received By Job
	Partitionable Resources :    Usage  Request Allocated
	   Cpus                 :                 1         1
	   Disk (KB)            :  5566569 10000000  13249788
	   Memory (MB)          :       71     2100      2100
...
000 (222095.000.000) 07/31 07:12:52 Job submitted from host: <131.225.189.232:9618?addrs=131.225.189.232-9618&noUDP&sock=8982_aaf4_3>
...
001 (222095.000.000) 07/31 07:14:30 Job executing on host: <131.225.206.189:32833?addrs=131.225.206.189-32833>
...
006 (222095.000.000) 07/31 07:14:39 Image size of job updated: 2
	3  -  MemoryUsage of job (MB)
	2424  -  ResidentSetSize of job (KB)
...
006 (222095.000.000) 07/31 07:15:40 Image size of job updated: 447524
	71  -  MemoryUsage of job (MB)
	72344  -  ResidentSetSize of job (KB)
...
006 (222095.000.000) 07/31 07:19:41 Image size of job updated: 553384
	71  -  MemoryUsage of job (MB)
	72344  -  ResidentSetSize of job (KB)
...
005 (222095.000.000) 07/31 07:19:44 Job terminated.
	(1) Normal termination (return value 65)
		Usr 0 00:00:06, Sys 0 00:00:17  -  Run Remote Usage
		Usr 0 00:00:00, Sys 0 00:00:00  -  Run Local Usage
		Usr 0 00:00:06, Sys 0 00:00:17  -  Total Remote Usage
		Usr 0 00:00:00, Sys 0 00:00:00  -  Total Local Usage
	24348  -  Run Bytes Sent By Job
	8930  -  Run Bytes Received By Job
	24348  -  Total Bytes Sent By Job
	8930  -  Total Bytes Received By Job
	Partitionable Resources :    Usage  Request Allocated
	   Cpus                 :                 1         1
	   Disk (KB)            :  5746214 10000000  11677484
	   Memory (MB)          :       71     2100      2100
...
000 (222657.000.000) 07/31 08:33:02 Job submitted from host: <131.225.189.232:9618?addrs=131.225.189.232-9618&noUDP&sock=8982_aaf4_3>
...
001 (222657.000.000) 07/31 08:34:51 Job executing on host: <131.225.207.152:47169?addrs=131.225.207.152-47169>
...
006 (222657.000.000) 07/31 08:35:00 Image size of job updated: 447524
	71  -  MemoryUsage of job (MB)
	72348  -  ResidentSetSize of job (KB)
...
006 (222657.000.000) 07/31 08:38:22 Image size of job updated: 559784
	71  -  MemoryUsage of job (MB)
	72348  -  ResidentSetSize of job (KB)
...
005 (222657.000.000) 07/31 08:38:23 Job terminated.
	(1) Normal termination (return value 65)
		Usr 0 00:00:06, Sys 0 00:00:16  -  Run Remote Usage
		Usr 0 00:00:00, Sys 0 00:00:00  -  Run Local Usage
		Usr 0 00:00:06, Sys 0 00:00:16  -  Total Remote Usage
		Usr 0 00:00:00, Sys 0 00:00:00  -  Total Local Usage
	18397  -  Run Bytes Sent By Job
	8930  -  Run Bytes Received By Job
	18397  -  Total Bytes Sent By Job
	8930  -  Total Bytes Received By Job
	Partitionable Resources :    Usage  Request Allocated
	   Cpus                 :                 1         1
	   Disk (KB)            :  6601044 10000000  10340262
	   Memory (MB)          :       71     2100      2100
...
000 (223212.000.000) 07/31 08:50:04 Job submitted from host: <131.225.189.232:9618?addrs=131.225.189.232-9618&noUDP&sock=8982_aaf4_3>
...
001 (223212.000.000) 07/31 08:51:28 Job executing on host: <131.225.205.195:58304?addrs=131.225.205.195-58304>
...
006 (223212.000.000) 07/31 08:51:37 Image size of job updated: 447524
	71  -  MemoryUsage of job (MB)
	72348  -  ResidentSetSize of job (KB)
...
006 (223212.000.000) 07/31 08:54:40 Image size of job updated: 672424
	389  -  MemoryUsage of job (MB)
	398232  -  ResidentSetSize of job (KB)
...
006 (223212.000.000) 07/31 08:54:49 Image size of job updated: 726448
	389  -  MemoryUsage of job (MB)
	398232  -  ResidentSetSize of job (KB)
...
005 (223212.000.000) 07/31 08:54:50 Job terminated.
	(1) Normal termination (return value 65)
		Usr 0 00:00:14, Sys 0 00:00:24  -  Run Remote Usage
		Usr 0 00:00:00, Sys 0 00:00:00  -  Run Local Usage
		Usr 0 00:00:14, Sys 0 00:00:24  -  Total Remote Usage
		Usr 0 00:00:00, Sys 0 00:00:00  -  Total Local Usage
	17677  -  Run Bytes Sent By Job
	44439  -  Run Bytes Received By Job
	17677  -  Total Bytes Sent By Job
	44439  -  Total Bytes Received By Job
	Partitionable Resources :    Usage  Request Allocated
	   Cpus                 :                 1         1
	   Disk (KB)            :  6713027 10000000  17104504
	   Memory (MB)          :      389     2100      2100
...
000 (223767.000.000) 07/31 09:06:32 Job submitted from host: <131.225.189.232:9618?addrs=131.225.189.232-9618&noUDP&sock=8982_aaf4_3>
...
