000 (221013.000.000) 07/31 06:49:59 Job submitted from host: <131.225.189.232:9618?addrs=131.225.189.232-9618&noUDP&sock=8982_aaf4_3>
...
001 (221013.000.000) 07/31 06:51:12 Job executing on host: <131.225.207.110:29249?addrs=131.225.207.110-29249>
...
006 (221013.000.000) 07/31 06:51:20 Image size of job updated: 447524
	71  -  MemoryUsage of job (MB)
	72348  -  ResidentSetSize of job (KB)
...
005 (221013.000.000) 07/31 06:54:24 Job terminated.
	(1) Normal termination (return value 90)
		Usr 0 00:00:02, Sys 0 00:00:13  -  Run Remote Usage
		Usr 0 00:00:00, Sys 0 00:00:00  -  Run Local Usage
		Usr 0 00:00:02, Sys 0 00:00:13  -  Total Remote Usage
		Usr 0 00:00:00, Sys 0 00:00:00  -  Total Local Usage
	18021  -  Run Bytes Sent By Job
	8930  -  Run Bytes Received By Job
	18021  -  Total Bytes Sent By Job
	8930  -  Total Bytes Received By Job
	Partitionable Resources :    Usage  Request Allocated
	   Cpus                 :                 1         1
	   Disk (KB)            :  6507539 10000000  10525950
	   Memory (MB)          :       71     2100      2100
...
000 (221575.000.000) 07/31 07:08:18 Job submitted from host: <131.225.189.232:9618?addrs=131.225.189.232-9618&noUDP&sock=8982_aaf4_3>
...
001 (221575.000.000) 07/31 07:09:26 Job executing on host: <131.225.204.66:53648?addrs=131.225.204.66-53648>
...
006 (221575.000.000) 07/31 07:09:34 Image size of job updated: 447524
	17  -  MemoryUsage of job (MB)
	16792  -  ResidentSetSize of job (KB)
...
006 (221575.000.000) 07/31 07:10:34 Image size of job updated: 447524
	71  -  MemoryUsage of job (MB)
	72348  -  ResidentSetSize of job (KB)
...
000 (222130.000.000) 07/31 07:12:58 Job submitted from host: <131.225.189.232:9618?addrs=131.225.189.232-9618&noUDP&sock=8982_aaf4_3>
...
001 (222130.000.000) 07/31 07:14:48 Job executing on host: <131.225.206.230:48074?addrs=131.225.206.230-48074>
...
006 (222130.000.000) 07/31 07:14:57 Image size of job updated: 2
	3  -  MemoryUsage of job (MB)
	2424  -  ResidentSetSize of job (KB)
...
006 (222130.000.000) 07/31 07:15:58 Image size of job updated: 447524
	71  -  MemoryUsage of job (MB)
	72344  -  ResidentSetSize of job (KB)
...
005 (221575.000.000) 07/31 07:15:59 Job terminated.
	(1) Normal termination (return value 90)
		Usr 0 00:00:02, Sys 0 00:00:22  -  Run Remote Usage
		Usr 0 00:00:00, Sys 0 00:00:00  -  Run Local Usage
		Usr 0 00:00:02, Sys 0 00:00:22  -  Total Remote Usage
		Usr 0 00:00:00, Sys 0 00:00:00  -  Total Local Usage
	28955  -  Run Bytes Sent By Job
	8930  -  Run Bytes Received By Job
	28955  -  Total Bytes Sent By Job
	8930  -  Total Bytes Received By Job
	Partitionable Resources :    Usage  Request Allocated
	   Cpus                 :                 1         1
	   Disk (KB)            :  6336636 10000000  10270842
	   Memory (MB)          :       71     2100      2100
...
006 (222130.000.000) 07/31 07:19:07 Image size of job updated: 447524
	164  -  MemoryUsage of job (MB)
	167860  -  ResidentSetSize of job (KB)
...
006 (222130.000.000) 07/31 07:19:32 Image size of job updated: 478804
	164  -  MemoryUsage of job (MB)
	167860  -  ResidentSetSize of job (KB)
...
005 (222130.000.000) 07/31 07:19:33 Job terminated.
	(1) Normal termination (return value 65)
		Usr 0 00:00:04, Sys 0 00:00:20  -  Run Remote Usage
		Usr 0 00:00:00, Sys 0 00:00:00  -  Run Local Usage
		Usr 0 00:00:04, Sys 0 00:00:20  -  Total Remote Usage
		Usr 0 00:00:00, Sys 0 00:00:00  -  Total Local Usage
	22595  -  Run Bytes Sent By Job
	8930  -  Run Bytes Received By Job
	22595  -  Total Bytes Sent By Job
	8930  -  Total Bytes Received By Job
	Partitionable Resources :    Usage  Request Allocated
	   Cpus                 :                 1         1
	   Disk (KB)            :  6754223 10000000  12032044
	   Memory (MB)          :      164     2100      2100
...
000 (222692.000.000) 07/31 08:33:04 Job submitted from host: <131.225.189.232:9618?addrs=131.225.189.232-9618&noUDP&sock=8982_aaf4_3>
...
001 (222692.000.000) 07/31 08:35:21 Job executing on host: <131.225.191.226:14321?addrs=131.225.191.226-14321>
...
006 (222692.000.000) 07/31 08:35:29 Image size of job updated: 102480
	3  -  MemoryUsage of job (MB)
	2472  -  ResidentSetSize of job (KB)
...
006 (222692.000.000) 07/31 08:36:30 Image size of job updated: 447524
	69  -  MemoryUsage of job (MB)
	70208  -  ResidentSetSize of job (KB)
...
006 (222692.000.000) 07/31 08:37:31 Image size of job updated: 447524
	165  -  MemoryUsage of job (MB)
	168760  -  ResidentSetSize of job (KB)
...
006 (222692.000.000) 07/31 08:38:02 Image size of job updated: 779952
	165  -  MemoryUsage of job (MB)
	168760  -  ResidentSetSize of job (KB)
...
005 (222692.000.000) 07/31 08:38:03 Job terminated.
	(1) Normal termination (return value 65)
		Usr 0 00:00:17, Sys 0 00:00:19  -  Run Remote Usage
		Usr 0 00:00:00, Sys 0 00:00:00  -  Run Local Usage
		Usr 0 00:00:17, Sys 0 00:00:19  -  Total Remote Usage
		Usr 0 00:00:00, Sys 0 00:00:00  -  Total Local Usage
	13426  -  Run Bytes Sent By Job
	8930  -  Run Bytes Received By Job
	13426  -  Total Bytes Sent By Job
	8930  -  Total Bytes Received By Job
	Partitionable Resources :    Usage  Request Allocated
	   Cpus                 :                 1         1
	   Disk (KB)            :  6757082 10000000  15904866
	   Memory (MB)          :      165     2100      2100
...
