000 (220915.000.000) 07/31 06:49:37 Job submitted from host: <131.225.189.232:9618?addrs=131.225.189.232-9618&noUDP&sock=8982_aaf4_3>
...
001 (220915.000.000) 07/31 06:50:15 Job executing on host: <131.225.205.193:60312?addrs=131.225.205.193-60312>
...
006 (220915.000.000) 07/31 06:50:26 Image size of job updated: 447460
	71  -  MemoryUsage of job (MB)
	72316  -  ResidentSetSize of job (KB)
...
006 (220915.000.000) 07/31 06:51:25 Image size of job updated: 447524
	71  -  MemoryUsage of job (MB)
	72316  -  ResidentSetSize of job (KB)
...
005 (220915.000.000) 07/31 06:54:43 Job terminated.
	(1) Normal termination (return value 90)
		Usr 0 00:00:01, Sys 0 00:00:28  -  Run Remote Usage
		Usr 0 00:00:00, Sys 0 00:00:00  -  Run Local Usage
		Usr 0 00:00:01, Sys 0 00:00:28  -  Total Remote Usage
		Usr 0 00:00:00, Sys 0 00:00:00  -  Total Local Usage
	24598  -  Run Bytes Sent By Job
	8930  -  Run Bytes Received By Job
	24598  -  Total Bytes Sent By Job
	8930  -  Total Bytes Received By Job
	Partitionable Resources :    Usage  Request Allocated
	   Cpus                 :                 1         1
	   Disk (KB)            :  6163481 10000000  17110759
	   Memory (MB)          :       71     2100      2100
...
000 (221477.000.000) 07/31 07:08:01 Job submitted from host: <131.225.189.232:9618?addrs=131.225.189.232-9618&noUDP&sock=8982_aaf4_3>
...
001 (221477.000.000) 07/31 07:08:36 Job executing on host: <131.225.206.191:55621?addrs=131.225.206.191-55621>
...
006 (221477.000.000) 07/31 07:08:44 Image size of job updated: 2
	3  -  MemoryUsage of job (MB)
	2424  -  ResidentSetSize of job (KB)
...
006 (221477.000.000) 07/31 07:09:44 Image size of job updated: 447524
	71  -  MemoryUsage of job (MB)
	72344  -  ResidentSetSize of job (KB)
...
000 (222032.000.000) 07/31 07:12:42 Job submitted from host: <131.225.189.232:9618?addrs=131.225.189.232-9618&noUDP&sock=8982_aaf4_3>
...
001 (222032.000.000) 07/31 07:14:07 Job executing on host: <131.225.204.31:49055?addrs=131.225.204.31-49055>
...
006 (222032.000.000) 07/31 07:14:16 Image size of job updated: 132640
	5  -  MemoryUsage of job (MB)
	4280  -  ResidentSetSize of job (KB)
...
005 (221477.000.000) 07/31 07:14:34 Job terminated.
	(1) Normal termination (return value 90)
		Usr 0 00:00:00, Sys 0 00:00:21  -  Run Remote Usage
		Usr 0 00:00:00, Sys 0 00:00:00  -  Run Local Usage
		Usr 0 00:00:00, Sys 0 00:00:21  -  Total Remote Usage
		Usr 0 00:00:00, Sys 0 00:00:00  -  Total Local Usage
	19664  -  Run Bytes Sent By Job
	8930  -  Run Bytes Received By Job
	19664  -  Total Bytes Sent By Job
	8930  -  Total Bytes Received By Job
	Partitionable Resources :    Usage  Request Allocated
	   Cpus                 :                 1         1
	   Disk (KB)            :  6118690 10000000  11952172
	   Memory (MB)          :       71     2100      2100
...
006 (222032.000.000) 07/31 07:15:17 Image size of job updated: 447524
	69  -  MemoryUsage of job (MB)
	70352  -  ResidentSetSize of job (KB)
...
006 (222032.000.000) 07/31 07:16:19 Image size of job updated: 447524
	69  -  MemoryUsage of job (MB)
	70364  -  ResidentSetSize of job (KB)
...
006 (222032.000.000) 07/31 07:19:19 Image size of job updated: 772784
	446  -  MemoryUsage of job (MB)
	456508  -  ResidentSetSize of job (KB)
...
005 (222032.000.000) 07/31 07:19:20 Job terminated.
	(1) Normal termination (return value 65)
		Usr 0 00:00:12, Sys 0 00:00:19  -  Run Remote Usage
		Usr 0 00:00:00, Sys 0 00:00:00  -  Run Local Usage
		Usr 0 00:00:12, Sys 0 00:00:19  -  Total Remote Usage
		Usr 0 00:00:00, Sys 0 00:00:00  -  Total Local Usage
	24625  -  Run Bytes Sent By Job
	8930  -  Run Bytes Received By Job
	24625  -  Total Bytes Sent By Job
	8930  -  Total Bytes Received By Job
	Partitionable Resources :    Usage  Request Allocated
	   Cpus                 :                 1         1
	   Disk (KB)            :  5336613 10000000  10333938
	   Memory (MB)          :      446     2100      2100
...
