000 (220579.000.000) 07/31 06:48:26 Job submitted from host: <131.225.189.232:9618?addrs=131.225.189.232-9618&noUDP&sock=8982_aaf4_3>
...
001 (220579.000.000) 07/31 06:48:49 Job executing on host: <131.225.206.207:65385?addrs=131.225.206.207-65385>
...
006 (220579.000.000) 07/31 06:48:58 Image size of job updated: 447524
	71  -  MemoryUsage of job (MB)
	72344  -  ResidentSetSize of job (KB)
...
005 (220579.000.000) 07/31 06:50:46 Job terminated.
	(1) Normal termination (return value 90)
		Usr 0 00:00:01, Sys 0 00:00:17  -  Run Remote Usage
		Usr 0 00:00:00, Sys 0 00:00:00  -  Run Local Usage
		Usr 0 00:00:01, Sys 0 00:00:17  -  Total Remote Usage
		Usr 0 00:00:00, Sys 0 00:00:00  -  Total Local Usage
	11585  -  Run Bytes Sent By Job
	8930  -  Run Bytes Received By Job
	11585  -  Total Bytes Sent By Job
	8930  -  Total Bytes Received By Job
	Partitionable Resources :    Usage  Request Allocated
	   Cpus                 :                 1         1
	   Disk (KB)            :  3460106 10000000  11694420
	   Memory (MB)          :       71     2100      2100
...
000 (221141.000.000) 07/31 07:07:02 Job submitted from host: <131.225.189.232:9618?addrs=131.225.189.232-9618&noUDP&sock=8982_aaf4_3>
...
001 (221141.000.000) 07/31 07:07:21 Job executing on host: <131.225.207.182:2483?addrs=131.225.207.182-2483>
...
006 (221141.000.000) 07/31 07:07:30 Image size of job updated: 2
	3  -  MemoryUsage of job (MB)
	2424  -  ResidentSetSize of job (KB)
...
006 (221141.000.000) 07/31 07:08:31 Image size of job updated: 447524
	69  -  MemoryUsage of job (MB)
	70408  -  ResidentSetSize of job (KB)
...
005 (221141.000.000) 07/31 07:08:48 Job terminated.
	(1) Normal termination (return value 90)
		Usr 0 00:00:00, Sys 0 00:00:14  -  Run Remote Usage
		Usr 0 00:00:00, Sys 0 00:00:00  -  Run Local Usage
		Usr 0 00:00:00, Sys 0 00:00:14  -  Total Remote Usage
		Usr 0 00:00:00, Sys 0 00:00:00  -  Total Local Usage
	9900  -  Run Bytes Sent By Job
	8930  -  Run Bytes Received By Job
	9900  -  Total Bytes Sent By Job
	8930  -  Total Bytes Received By Job
	Partitionable Resources :    Usage  Request Allocated
	   Cpus                 :                 1         1
	   Disk (KB)            :  4993129 10000000  10487739
	   Memory (MB)          :       69     2100      2100
...
000 (221696.000.000) 07/31 07:11:45 Job submitted from host: <131.225.189.232:9618?addrs=131.225.189.232-9618&noUDP&sock=8982_aaf4_3>
...
001 (221696.000.000) 07/31 07:12:02 Job executing on host: <131.225.191.76:5321?addrs=131.225.191.76-5321>
...
006 (221696.000.000) 07/31 07:12:10 Image size of job updated: 2
	3  -  MemoryUsage of job (MB)
	2428  -  ResidentSetSize of job (KB)
...
006 (221696.000.000) 07/31 07:13:10 Image size of job updated: 447524
	69  -  MemoryUsage of job (MB)
	70288  -  ResidentSetSize of job (KB)
...
006 (221696.000.000) 07/31 07:14:10 Image size of job updated: 447524
	69  -  MemoryUsage of job (MB)
	70296  -  ResidentSetSize of job (KB)
...
006 (221696.000.000) 07/31 07:15:10 Image size of job updated: 622244
	302  -  MemoryUsage of job (MB)
	308588  -  ResidentSetSize of job (KB)
...
006 (221696.000.000) 07/31 07:15:25 Image size of job updated: 769972
	302  -  MemoryUsage of job (MB)
	308588  -  ResidentSetSize of job (KB)
...
005 (221696.000.000) 07/31 07:15:26 Job terminated.
	(1) Normal termination (return value 65)
		Usr 0 00:00:15, Sys 0 00:00:21  -  Run Remote Usage
		Usr 0 00:00:00, Sys 0 00:00:00  -  Run Local Usage
		Usr 0 00:00:15, Sys 0 00:00:21  -  Total Remote Usage
		Usr 0 00:00:00, Sys 0 00:00:00  -  Total Local Usage
	14380  -  Run Bytes Sent By Job
	8930  -  Run Bytes Received By Job
	14380  -  Total Bytes Sent By Job
	8930  -  Total Bytes Received By Job
	Partitionable Resources :    Usage  Request Allocated
	   Cpus                 :                 1         1
	   Disk (KB)            :  6064303 10000000  15603782
	   Memory (MB)          :      302     2100      2100
...
