000 (220603.000.000) 07/31 06:48:31 Job submitted from host: <131.225.189.232:9618?addrs=131.225.189.232-9618&noUDP&sock=8982_aaf4_3>
...
001 (220603.000.000) 07/31 06:48:55 Job executing on host: <131.225.206.207:65385?addrs=131.225.206.207-65385>
...
006 (220603.000.000) 07/31 06:49:04 Image size of job updated: 447524
	71  -  MemoryUsage of job (MB)
	72344  -  ResidentSetSize of job (KB)
...
005 (220603.000.000) 07/31 06:50:25 Job terminated.
	(1) Normal termination (return value 90)
		Usr 0 00:00:00, Sys 0 00:00:11  -  Run Remote Usage
		Usr 0 00:00:00, Sys 0 00:00:00  -  Run Local Usage
		Usr 0 00:00:00, Sys 0 00:00:11  -  Total Remote Usage
		Usr 0 00:00:00, Sys 0 00:00:00  -  Total Local Usage
	9558  -  Run Bytes Sent By Job
	8930  -  Run Bytes Received By Job
	9558  -  Total Bytes Sent By Job
	8930  -  Total Bytes Received By Job
	Partitionable Resources :    Usage  Request Allocated
	   Cpus                 :                 1         1
	   Disk (KB)            :  3054122 10000000  11689264
	   Memory (MB)          :       71     2100      2100
...
000 (221165.000.000) 07/31 07:07:06 Job submitted from host: <131.225.189.232:9618?addrs=131.225.189.232-9618&noUDP&sock=8982_aaf4_3>
...
001 (221165.000.000) 07/31 07:07:38 Job executing on host: <131.225.191.130:56709?addrs=131.225.191.130-56709>
...
006 (221165.000.000) 07/31 07:07:47 Image size of job updated: 2
	3  -  MemoryUsage of job (MB)
	2424  -  ResidentSetSize of job (KB)
...
006 (221165.000.000) 07/31 07:08:43 Image size of job updated: 447524
	3  -  MemoryUsage of job (MB)
	2424  -  ResidentSetSize of job (KB)
...
005 (221165.000.000) 07/31 07:08:43 Job terminated.
	(1) Normal termination (return value 90)
		Usr 0 00:00:00, Sys 0 00:00:08  -  Run Remote Usage
		Usr 0 00:00:00, Sys 0 00:00:00  -  Run Local Usage
		Usr 0 00:00:00, Sys 0 00:00:08  -  Total Remote Usage
		Usr 0 00:00:00, Sys 0 00:00:00  -  Total Local Usage
	7165  -  Run Bytes Sent By Job
	8930  -  Run Bytes Received By Job
	7165  -  Total Bytes Sent By Job
	8930  -  Total Bytes Received By Job
	Partitionable Resources :    Usage  Request Allocated
	   Cpus                 :                 1         1
	   Disk (KB)            :   621028 10000000  11640236
	   Memory (MB)          :        3     2100      2100
...
000 (221720.000.000) 07/31 07:11:49 Job submitted from host: <131.225.189.232:9618?addrs=131.225.189.232-9618&noUDP&sock=8982_aaf4_3>
...
001 (221720.000.000) 07/31 07:12:06 Job executing on host: <131.225.206.193:38008?addrs=131.225.206.193-38008>
...
006 (221720.000.000) 07/31 07:12:15 Image size of job updated: 447536
	71  -  MemoryUsage of job (MB)
	72348  -  ResidentSetSize of job (KB)
...
006 (221720.000.000) 07/31 07:14:01 Image size of job updated: 766640
	71  -  MemoryUsage of job (MB)
	72348  -  ResidentSetSize of job (KB)
...
005 (221720.000.000) 07/31 07:14:02 Job terminated.
	(1) Normal termination (return value 65)
		Usr 0 00:00:11, Sys 0 00:00:08  -  Run Remote Usage
		Usr 0 00:00:00, Sys 0 00:00:00  -  Run Local Usage
		Usr 0 00:00:11, Sys 0 00:00:08  -  Total Remote Usage
		Usr 0 00:00:00, Sys 0 00:00:00  -  Total Local Usage
	7998  -  Run Bytes Sent By Job
	8930  -  Run Bytes Received By Job
	7998  -  Total Bytes Sent By Job
	8930  -  Total Bytes Received By Job
	Partitionable Resources :    Usage  Request Allocated
	   Cpus                 :                 1         1
	   Disk (KB)            :  3833509 10000000  11760224
	   Memory (MB)          :       71     2100      2100
...
000 (222282.000.000) 07/31 08:32:34 Job submitted from host: <131.225.189.232:9618?addrs=131.225.189.232-9618&noUDP&sock=8982_aaf4_3>
...
001 (222282.000.000) 07/31 08:32:59 Job executing on host: <131.225.204.80:38130?addrs=131.225.204.80-38130>
...
006 (222282.000.000) 07/31 08:33:07 Image size of job updated: 159200
	20  -  MemoryUsage of job (MB)
	20244  -  ResidentSetSize of job (KB)
...
006 (222282.000.000) 07/31 08:34:08 Image size of job updated: 447524
	98  -  MemoryUsage of job (MB)
	99424  -  ResidentSetSize of job (KB)
...
006 (222282.000.000) 07/31 08:35:06 Image size of job updated: 737456
	98  -  MemoryUsage of job (MB)
	99424  -  ResidentSetSize of job (KB)
...
005 (222282.000.000) 07/31 08:35:07 Job terminated.
	(1) Normal termination (return value 65)
		Usr 0 00:00:09, Sys 0 00:00:09  -  Run Remote Usage
		Usr 0 00:00:00, Sys 0 00:00:00  -  Run Local Usage
		Usr 0 00:00:09, Sys 0 00:00:09  -  Total Remote Usage
		Usr 0 00:00:00, Sys 0 00:00:00  -  Total Local Usage
	7366  -  Run Bytes Sent By Job
	8930  -  Run Bytes Received By Job
	7366  -  Total Bytes Sent By Job
	8930  -  Total Bytes Received By Job
	Partitionable Resources :    Usage  Request Allocated
	   Cpus                 :                 1         1
	   Disk (KB)            :  3836376 10000000  10463571
	   Memory (MB)          :       98     2100      2100
...
000 (222837.000.000) 07/31 08:49:45 Job submitted from host: <131.225.189.232:9618?addrs=131.225.189.232-9618&noUDP&sock=8982_aaf4_3>
...
001 (222837.000.000) 07/31 08:50:12 Job executing on host: <131.225.204.80:38130?addrs=131.225.204.80-38130>
...
006 (222837.000.000) 07/31 08:50:21 Image size of job updated: 447524
	71  -  MemoryUsage of job (MB)
	72344  -  ResidentSetSize of job (KB)
...
006 (222837.000.000) 07/31 08:51:22 Image size of job updated: 447524
	167  -  MemoryUsage of job (MB)
	170496  -  ResidentSetSize of job (KB)
...
006 (222837.000.000) 07/31 08:51:39 Image size of job updated: 765872
	167  -  MemoryUsage of job (MB)
	170496  -  ResidentSetSize of job (KB)
...
005 (222837.000.000) 07/31 08:51:39 Job terminated.
	(1) Normal termination (return value 65)
		Usr 0 00:00:10, Sys 0 00:00:08  -  Run Remote Usage
		Usr 0 00:00:00, Sys 0 00:00:00  -  Run Local Usage
		Usr 0 00:00:10, Sys 0 00:00:08  -  Total Remote Usage
		Usr 0 00:00:00, Sys 0 00:00:00  -  Total Local Usage
	7091  -  Run Bytes Sent By Job
	44439  -  Run Bytes Received By Job
	7091  -  Total Bytes Sent By Job
	44439  -  Total Bytes Received By Job
	Partitionable Resources :    Usage  Request Allocated
	   Cpus                 :                 1         1
	   Disk (KB)            :  3836213 10000000  10454148
	   Memory (MB)          :      167     2100      2100
...
000 (223392.000.000) 07/31 09:06:15 Job submitted from host: <131.225.189.232:9618?addrs=131.225.189.232-9618&noUDP&sock=8982_aaf4_3>
...
