000 (220859.000.000) 07/31 06:49:25 Job submitted from host: <131.225.189.232:9618?addrs=131.225.189.232-9618&noUDP&sock=8982_aaf4_3>
...
001 (220859.000.000) 07/31 06:49:46 Job executing on host: <131.225.191.78:22712?addrs=131.225.191.78-22712>
...
006 (220859.000.000) 07/31 06:49:55 Image size of job updated: 2
	3  -  MemoryUsage of job (MB)
	2428  -  ResidentSetSize of job (KB)
...
006 (220859.000.000) 07/31 06:50:56 Image size of job updated: 447524
	70  -  MemoryUsage of job (MB)
	71356  -  ResidentSetSize of job (KB)
...
005 (220859.000.000) 07/31 06:51:54 Job terminated.
	(1) Normal termination (return value 90)
		Usr 0 00:00:03, Sys 0 00:00:23  -  Run Remote Usage
		Usr 0 00:00:00, Sys 0 00:00:00  -  Run Local Usage
		Usr 0 00:00:03, Sys 0 00:00:23  -  Total Remote Usage
		Usr 0 00:00:00, Sys 0 00:00:00  -  Total Local Usage
	13367  -  Run Bytes Sent By Job
	8930  -  Run Bytes Received By Job
	13367  -  Total Bytes Sent By Job
	8930  -  Total Bytes Received By Job
	Partitionable Resources :    Usage  Request Allocated
	   Cpus                 :                 1         1
	   Disk (KB)            :  3640331 10000000  15994832
	   Memory (MB)          :       70     2100      2100
...
000 (221421.000.000) 07/31 07:07:52 Job submitted from host: <131.225.189.232:9618?addrs=131.225.189.232-9618&noUDP&sock=8982_aaf4_3>
...
001 (221421.000.000) 07/31 07:08:28 Job executing on host: <131.225.205.180:30887?addrs=131.225.205.180-30887>
...
006 (221421.000.000) 07/31 07:08:37 Image size of job updated: 447524
	71  -  MemoryUsage of job (MB)
	72344  -  ResidentSetSize of job (KB)
...
000 (221976.000.000) 07/31 07:12:32 Job submitted from host: <131.225.189.232:9618?addrs=131.225.189.232-9618&noUDP&sock=8982_aaf4_3>
...
005 (221421.000.000) 07/31 07:12:33 Job terminated.
	(1) Normal termination (return value 90)
		Usr 0 00:00:00, Sys 0 00:00:19  -  Run Remote Usage
		Usr 0 00:00:00, Sys 0 00:00:00  -  Run Local Usage
		Usr 0 00:00:00, Sys 0 00:00:19  -  Total Remote Usage
		Usr 0 00:00:00, Sys 0 00:00:00  -  Total Local Usage
	12918  -  Run Bytes Sent By Job
	8930  -  Run Bytes Received By Job
	12918  -  Total Bytes Sent By Job
	8930  -  Total Bytes Received By Job
	Partitionable Resources :    Usage  Request Allocated
	   Cpus                 :                 1         1
	   Disk (KB)            :  3747946 10000000  17102830
	   Memory (MB)          :       71     2100      2100
...
001 (221976.000.000) 07/31 07:13:44 Job executing on host: <131.225.204.118:52953?addrs=131.225.204.118-52953>
...
006 (221976.000.000) 07/31 07:13:52 Image size of job updated: 447524
	32  -  MemoryUsage of job (MB)
	32668  -  ResidentSetSize of job (KB)
...
006 (221976.000.000) 07/31 07:14:52 Image size of job updated: 447524
	71  -  MemoryUsage of job (MB)
	72344  -  ResidentSetSize of job (KB)
...
006 (221976.000.000) 07/31 07:18:55 Image size of job updated: 647084
	374  -  MemoryUsage of job (MB)
	381992  -  ResidentSetSize of job (KB)
...
005 (221976.000.000) 07/31 07:19:02 Job terminated.
	(1) Normal termination (return value 65)
		Usr 0 00:00:09, Sys 0 00:00:14  -  Run Remote Usage
		Usr 0 00:00:00, Sys 0 00:00:00  -  Run Local Usage
		Usr 0 00:00:09, Sys 0 00:00:14  -  Total Remote Usage
		Usr 0 00:00:00, Sys 0 00:00:00  -  Total Local Usage
	27376  -  Run Bytes Sent By Job
	8930  -  Run Bytes Received By Job
	27376  -  Total Bytes Sent By Job
	8930  -  Total Bytes Received By Job
	Partitionable Resources :    Usage  Request Allocated
	   Cpus                 :                 1         1
	   Disk (KB)            :  6636601 10000000  10230312
	   Memory (MB)          :      374     2100      2100
...
000 (222538.000.000) 07/31 08:32:53 Job submitted from host: <131.225.189.232:9618?addrs=131.225.189.232-9618&noUDP&sock=8982_aaf4_3>
...
001 (222538.000.000) 07/31 08:33:58 Job executing on host: <131.225.205.194:16276?addrs=131.225.205.194-16276>
...
006 (222538.000.000) 07/31 08:34:06 Image size of job updated: 2
	3  -  MemoryUsage of job (MB)
	2420  -  ResidentSetSize of job (KB)
...
006 (222538.000.000) 07/31 08:35:06 Image size of job updated: 447524
	69  -  MemoryUsage of job (MB)
	70288  -  ResidentSetSize of job (KB)
...
006 (222538.000.000) 07/31 08:36:06 Image size of job updated: 447524
	69  -  MemoryUsage of job (MB)
	70316  -  ResidentSetSize of job (KB)
...
006 (222538.000.000) 07/31 08:37:08 Image size of job updated: 447524
	158  -  MemoryUsage of job (MB)
	161556  -  ResidentSetSize of job (KB)
...
006 (222538.000.000) 07/31 08:37:56 Image size of job updated: 772788
	158  -  MemoryUsage of job (MB)
	161556  -  ResidentSetSize of job (KB)
...
005 (222538.000.000) 07/31 08:37:57 Job terminated.
	(1) Normal termination (return value 65)
		Usr 0 00:00:16, Sys 0 00:00:19  -  Run Remote Usage
		Usr 0 00:00:00, Sys 0 00:00:00  -  Run Local Usage
		Usr 0 00:00:16, Sys 0 00:00:19  -  Total Remote Usage
		Usr 0 00:00:00, Sys 0 00:00:00  -  Total Local Usage
	18521  -  Run Bytes Sent By Job
	8930  -  Run Bytes Received By Job
	18521  -  Total Bytes Sent By Job
	8930  -  Total Bytes Received By Job
	Partitionable Resources :    Usage  Request Allocated
	   Cpus                 :                 1         1
	   Disk (KB)            :  6639459 10000000  17194548
	   Memory (MB)          :      158     2100      2100
...
