000 (220786.000.000) 07/31 06:49:10 Job submitted from host: <131.225.189.232:9618?addrs=131.225.189.232-9618&noUDP&sock=8982_aaf4_3>
...
001 (220786.000.000) 07/31 06:49:31 Job executing on host: <131.225.204.41:44778?addrs=131.225.204.41-44778>
...
006 (220786.000.000) 07/31 06:49:40 Image size of job updated: 2
	3  -  MemoryUsage of job (MB)
	2428  -  ResidentSetSize of job (KB)
...
006 (220786.000.000) 07/31 06:50:41 Image size of job updated: 447524
	70  -  MemoryUsage of job (MB)
	71352  -  ResidentSetSize of job (KB)
...
005 (220786.000.000) 07/31 06:53:56 Job terminated.
	(1) Normal termination (return value 90)
		Usr 0 00:00:01, Sys 0 00:00:19  -  Run Remote Usage
		Usr 0 00:00:00, Sys 0 00:00:00  -  Run Local Usage
		Usr 0 00:00:01, Sys 0 00:00:19  -  Total Remote Usage
		Usr 0 00:00:00, Sys 0 00:00:00  -  Total Local Usage
	24236  -  Run Bytes Sent By Job
	8930  -  Run Bytes Received By Job
	24236  -  Total Bytes Sent By Job
	8930  -  Total Bytes Received By Job
	Partitionable Resources :    Usage  Request Allocated
	   Cpus                 :                 1         1
	   Disk (KB)            :  6147097 10000000  10514907
	   Memory (MB)          :       70     2100      2100
...
000 (221348.000.000) 07/31 07:07:39 Job submitted from host: <131.225.189.232:9618?addrs=131.225.189.232-9618&noUDP&sock=8982_aaf4_3>
...
001 (221348.000.000) 07/31 07:08:13 Job executing on host: <131.225.206.118:64017?addrs=131.225.206.118-64017>
...
006 (221348.000.000) 07/31 07:08:22 Image size of job updated: 447524
	23  -  MemoryUsage of job (MB)
	22996  -  ResidentSetSize of job (KB)
...
006 (221348.000.000) 07/31 07:09:23 Image size of job updated: 447524
	71  -  MemoryUsage of job (MB)
	72344  -  ResidentSetSize of job (KB)
...
005 (221348.000.000) 07/31 07:10:24 Job terminated.
	(1) Normal termination (return value 90)
		Usr 0 00:00:01, Sys 0 00:00:20  -  Run Remote Usage
		Usr 0 00:00:00, Sys 0 00:00:00  -  Run Local Usage
		Usr 0 00:00:01, Sys 0 00:00:20  -  Total Remote Usage
		Usr 0 00:00:00, Sys 0 00:00:00  -  Total Local Usage
	13528  -  Run Bytes Sent By Job
	8930  -  Run Bytes Received By Job
	13528  -  Total Bytes Sent By Job
	8930  -  Total Bytes Received By Job
	Partitionable Resources :    Usage  Request Allocated
	   Cpus                 :                 1         1
	   Disk (KB)            :  3076201 10000000  10450881
	   Memory (MB)          :       71     2100      2100
...
000 (221903.000.000) 07/31 07:12:20 Job submitted from host: <131.225.189.232:9618?addrs=131.225.189.232-9618&noUDP&sock=8982_aaf4_3>
...
001 (221903.000.000) 07/31 07:12:51 Job executing on host: <131.225.207.174:4725?addrs=131.225.207.174-4725>
...
006 (221903.000.000) 07/31 07:12:59 Image size of job updated: 2
	3  -  MemoryUsage of job (MB)
	2424  -  ResidentSetSize of job (KB)
...
006 (221903.000.000) 07/31 07:13:59 Image size of job updated: 447524
	71  -  MemoryUsage of job (MB)
	72196  -  ResidentSetSize of job (KB)
...
006 (221903.000.000) 07/31 07:18:02 Image size of job updated: 447524
	120  -  MemoryUsage of job (MB)
	122772  -  ResidentSetSize of job (KB)
...
006 (221903.000.000) 07/31 07:18:13 Image size of job updated: 772788
	120  -  MemoryUsage of job (MB)
	122772  -  ResidentSetSize of job (KB)
...
005 (221903.000.000) 07/31 07:18:14 Job terminated.
	(1) Normal termination (return value 65)
		Usr 0 00:00:12, Sys 0 00:00:21  -  Run Remote Usage
		Usr 0 00:00:00, Sys 0 00:00:00  -  Run Local Usage
		Usr 0 00:00:12, Sys 0 00:00:21  -  Total Remote Usage
		Usr 0 00:00:00, Sys 0 00:00:00  -  Total Local Usage
	26830  -  Run Bytes Sent By Job
	8930  -  Run Bytes Received By Job
	26830  -  Total Bytes Sent By Job
	8930  -  Total Bytes Received By Job
	Partitionable Resources :    Usage  Request Allocated
	   Cpus                 :                 1         1
	   Disk (KB)            :  6682452 10000000  10280718
	   Memory (MB)          :      120     2100      2100
...
000 (222465.000.000) 07/31 08:32:48 Job submitted from host: <131.225.189.232:9618?addrs=131.225.189.232-9618&noUDP&sock=8982_aaf4_3>
...
001 (222465.000.000) 07/31 08:33:40 Job executing on host: <131.225.207.109:41150?addrs=131.225.207.109-41150>
...
006 (222465.000.000) 07/31 08:33:49 Image size of job updated: 447524
	71  -  MemoryUsage of job (MB)
	72344  -  ResidentSetSize of job (KB)
...
006 (222465.000.000) 07/31 08:35:51 Image size of job updated: 447524
	201  -  MemoryUsage of job (MB)
	205056  -  ResidentSetSize of job (KB)
...
006 (222465.000.000) 07/31 08:36:06 Image size of job updated: 772788
	201  -  MemoryUsage of job (MB)
	205056  -  ResidentSetSize of job (KB)
...
005 (222465.000.000) 07/31 08:36:07 Job terminated.
	(1) Normal termination (return value 65)
		Usr 0 00:00:11, Sys 0 00:00:17  -  Run Remote Usage
		Usr 0 00:00:00, Sys 0 00:00:00  -  Run Local Usage
		Usr 0 00:00:11, Sys 0 00:00:17  -  Total Remote Usage
		Usr 0 00:00:00, Sys 0 00:00:00  -  Total Local Usage
	13184  -  Run Bytes Sent By Job
	8930  -  Run Bytes Received By Job
	13184  -  Total Bytes Sent By Job
	8930  -  Total Bytes Received By Job
	Partitionable Resources :    Usage  Request Allocated
	   Cpus                 :                 1         1
	   Disk (KB)            :  6685306 10000000  10550025
	   Memory (MB)          :      201     2100      2100
...
