000 (220865.000.000) 07/31 06:49:26 Job submitted from host: <131.225.189.232:9618?addrs=131.225.189.232-9618&noUDP&sock=8982_aaf4_3>
...
001 (220865.000.000) 07/31 06:49:47 Job executing on host: <131.225.205.180:30887?addrs=131.225.205.180-30887>
...
006 (220865.000.000) 07/31 06:49:56 Image size of job updated: 2
	3  -  MemoryUsage of job (MB)
	2424  -  ResidentSetSize of job (KB)
...
006 (220865.000.000) 07/31 06:50:57 Image size of job updated: 447524
	70  -  MemoryUsage of job (MB)
	71356  -  ResidentSetSize of job (KB)
...
005 (220865.000.000) 07/31 06:53:45 Job terminated.
	(1) Normal termination (return value 90)
		Usr 0 00:00:01, Sys 0 00:00:25  -  Run Remote Usage
		Usr 0 00:00:00, Sys 0 00:00:00  -  Run Local Usage
		Usr 0 00:00:01, Sys 0 00:00:25  -  Total Remote Usage
		Usr 0 00:00:00, Sys 0 00:00:00  -  Total Local Usage
	12640  -  Run Bytes Sent By Job
	8930  -  Run Bytes Received By Job
	12640  -  Total Bytes Sent By Job
	8930  -  Total Bytes Received By Job
	Partitionable Resources :    Usage  Request Allocated
	   Cpus                 :                 1         1
	   Disk (KB)            :  3738634 10000000  17081868
	   Memory (MB)          :       70     2100      2100
...
000 (221427.000.000) 07/31 07:07:52 Job submitted from host: <131.225.189.232:9618?addrs=131.225.189.232-9618&noUDP&sock=8982_aaf4_3>
...
001 (221427.000.000) 07/31 07:08:29 Job executing on host: <131.225.205.188:51915?addrs=131.225.205.188-51915>
...
006 (221427.000.000) 07/31 07:08:37 Image size of job updated: 2
	3  -  MemoryUsage of job (MB)
	2424  -  ResidentSetSize of job (KB)
...
006 (221427.000.000) 07/31 07:09:37 Image size of job updated: 447524
	70  -  MemoryUsage of job (MB)
	71352  -  ResidentSetSize of job (KB)
...
005 (221427.000.000) 07/31 07:09:53 Job terminated.
	(1) Normal termination (return value 90)
		Usr 0 00:00:00, Sys 0 00:00:18  -  Run Remote Usage
		Usr 0 00:00:00, Sys 0 00:00:00  -  Run Local Usage
		Usr 0 00:00:00, Sys 0 00:00:18  -  Total Remote Usage
		Usr 0 00:00:00, Sys 0 00:00:00  -  Total Local Usage
	9278  -  Run Bytes Sent By Job
	8930  -  Run Bytes Received By Job
	9278  -  Total Bytes Sent By Job
	8930  -  Total Bytes Received By Job
	Partitionable Resources :    Usage  Request Allocated
	   Cpus                 :                 1         1
	   Disk (KB)            :  5615721 10000000  17068441
	   Memory (MB)          :       70     2100      2100
...
000 (221982.000.000) 07/31 07:12:33 Job submitted from host: <131.225.189.232:9618?addrs=131.225.189.232-9618&noUDP&sock=8982_aaf4_3>
...
001 (221982.000.000) 07/31 07:13:48 Job executing on host: <131.225.205.153:56309?addrs=131.225.205.153-56309>
...
006 (221982.000.000) 07/31 07:13:57 Image size of job updated: 2
	3  -  MemoryUsage of job (MB)
	2428  -  ResidentSetSize of job (KB)
...
006 (221982.000.000) 07/31 07:14:58 Image size of job updated: 447524
	69  -  MemoryUsage of job (MB)
	70364  -  ResidentSetSize of job (KB)
...
006 (221982.000.000) 07/31 07:19:00 Image size of job updated: 772784
	442  -  MemoryUsage of job (MB)
	452004  -  ResidentSetSize of job (KB)
...
005 (221982.000.000) 07/31 07:19:15 Job terminated.
	(1) Normal termination (return value 65)
		Usr 0 00:00:19, Sys 0 00:00:30  -  Run Remote Usage
		Usr 0 00:00:00, Sys 0 00:00:00  -  Run Local Usage
		Usr 0 00:00:19, Sys 0 00:00:30  -  Total Remote Usage
		Usr 0 00:00:00, Sys 0 00:00:00  -  Total Local Usage
	25580  -  Run Bytes Sent By Job
	8930  -  Run Bytes Received By Job
	25580  -  Total Bytes Sent By Job
	8930  -  Total Bytes Received By Job
	Partitionable Resources :    Usage  Request Allocated
	   Cpus                 :                 1         1
	   Disk (KB)            :  6385192 10000000  17133562
	   Memory (MB)          :      442     2100      2100
...
000 (222544.000.000) 07/31 08:32:53 Job submitted from host: <131.225.189.232:9618?addrs=131.225.189.232-9618&noUDP&sock=8982_aaf4_3>
...
001 (222544.000.000) 07/31 08:33:48 Job executing on host: <131.225.204.61:23766?addrs=131.225.204.61-23766>
...
006 (222544.000.000) 07/31 08:33:59 Image size of job updated: 2
	3  -  MemoryUsage of job (MB)
	2420  -  ResidentSetSize of job (KB)
...
006 (222544.000.000) 07/31 08:34:58 Image size of job updated: 447524
	70  -  MemoryUsage of job (MB)
	71356  -  ResidentSetSize of job (KB)
...
006 (222544.000.000) 07/31 08:37:01 Image size of job updated: 447524
	112  -  MemoryUsage of job (MB)
	114452  -  ResidentSetSize of job (KB)
...
005 (222544.000.000) 07/31 08:37:17 Job terminated.
	(1) Normal termination (return value 65)
		Usr 0 00:00:02, Sys 0 00:00:23  -  Run Remote Usage
		Usr 0 00:00:00, Sys 0 00:00:00  -  Run Local Usage
		Usr 0 00:00:02, Sys 0 00:00:23  -  Total Remote Usage
		Usr 0 00:00:00, Sys 0 00:00:00  -  Total Local Usage
	16294  -  Run Bytes Sent By Job
	8930  -  Run Bytes Received By Job
	16294  -  Total Bytes Sent By Job
	8930  -  Total Bytes Received By Job
	Partitionable Resources :    Usage  Request Allocated
	   Cpus                 :                 1         1
	   Disk (KB)            :  6703516 10000000  10314039
	   Memory (MB)          :      112     2100      2100
...
