000 (220487.000.000) 07/31 06:48:07 Job submitted from host: <131.225.189.232:9618?addrs=131.225.189.232-9618&noUDP&sock=8982_aaf4_3>
...
001 (220487.000.000) 07/31 06:48:23 Job executing on host: <131.225.207.158:15205?addrs=131.225.207.158-15205>
...
006 (220487.000.000) 07/31 06:48:32 Image size of job updated: 2
	3  -  MemoryUsage of job (MB)
	2424  -  ResidentSetSize of job (KB)
...
006 (220487.000.000) 07/31 06:49:33 Image size of job updated: 447524
	70  -  MemoryUsage of job (MB)
	71352  -  ResidentSetSize of job (KB)
...
005 (220487.000.000) 07/31 06:49:52 Job terminated.
	(1) Normal termination (return value 90)
		Usr 0 00:00:00, Sys 0 00:00:15  -  Run Remote Usage
		Usr 0 00:00:00, Sys 0 00:00:00  -  Run Local Usage
		Usr 0 00:00:00, Sys 0 00:00:15  -  Total Remote Usage
		Usr 0 00:00:00, Sys 0 00:00:00  -  Total Local Usage
	8220  -  Run Bytes Sent By Job
	8930  -  Run Bytes Received By Job
	8220  -  Total Bytes Sent By Job
	8930  -  Total Bytes Received By Job
	Partitionable Resources :    Usage  Request Allocated
	   Cpus                 :                 1         1
	   Disk (KB)            :  5835786 10000000  13157324
	   Memory (MB)          :       70     2100      2100
...
000 (221049.000.000) 07/31 07:06:47 Job submitted from host: <131.225.189.232:9618?addrs=131.225.189.232-9618&noUDP&sock=8982_aaf4_3>
...
001 (221049.000.000) 07/31 07:07:04 Job executing on host: <131.225.206.119:54524?addrs=131.225.206.119-54524>
...
006 (221049.000.000) 07/31 07:07:12 Image size of job updated: 447524
	71  -  MemoryUsage of job (MB)
	72348  -  ResidentSetSize of job (KB)
...
005 (221049.000.000) 07/31 07:10:15 Job terminated.
	(1) Normal termination (return value 90)
		Usr 0 00:00:02, Sys 0 00:00:14  -  Run Remote Usage
		Usr 0 00:00:00, Sys 0 00:00:00  -  Run Local Usage
		Usr 0 00:00:02, Sys 0 00:00:14  -  Total Remote Usage
		Usr 0 00:00:00, Sys 0 00:00:00  -  Total Local Usage
	16131  -  Run Bytes Sent By Job
	8930  -  Run Bytes Received By Job
	16131  -  Total Bytes Sent By Job
	8930  -  Total Bytes Received By Job
	Partitionable Resources :    Usage  Request Allocated
	   Cpus                 :                 1         1
	   Disk (KB)            :  4960364 10000000  10325526
	   Memory (MB)          :       71     2100      2100
...
000 (221604.000.000) 07/31 07:11:29 Job submitted from host: <131.225.189.232:9618?addrs=131.225.189.232-9618&noUDP&sock=8982_aaf4_3>
...
001 (221604.000.000) 07/31 07:11:32 Job executing on host: <131.225.204.108:37618?addrs=131.225.204.108-37618>
...
006 (221604.000.000) 07/31 07:11:40 Image size of job updated: 447524
	71  -  MemoryUsage of job (MB)
	72348  -  ResidentSetSize of job (KB)
...
006 (221604.000.000) 07/31 07:16:44 Image size of job updated: 735668
	451  -  MemoryUsage of job (MB)
	461808  -  ResidentSetSize of job (KB)
...
005 (221604.000.000) 07/31 07:16:46 Job terminated.
	(1) Normal termination (return value 65)
		Usr 0 00:00:12, Sys 0 00:00:20  -  Run Remote Usage
		Usr 0 00:00:00, Sys 0 00:00:00  -  Run Local Usage
		Usr 0 00:00:12, Sys 0 00:00:20  -  Total Remote Usage
		Usr 0 00:00:00, Sys 0 00:00:00  -  Total Local Usage
	27626  -  Run Bytes Sent By Job
	8930  -  Run Bytes Received By Job
	27626  -  Total Bytes Sent By Job
	8930  -  Total Bytes Received By Job
	Partitionable Resources :    Usage  Request Allocated
	   Cpus                 :                 1         1
	   Disk (KB)            :  5484071 10000000  10287696
	   Memory (MB)          :      451     2100      2100
...
000 (222166.000.000) 07/31 08:32:27 Job submitted from host: <131.225.189.232:9618?addrs=131.225.189.232-9618&noUDP&sock=8982_aaf4_3>
...
001 (222166.000.000) 07/31 08:32:38 Job executing on host: <131.225.206.211:33262?addrs=131.225.206.211-33262>
...
006 (222166.000.000) 07/31 08:32:47 Image size of job updated: 2
	3  -  MemoryUsage of job (MB)
	2420  -  ResidentSetSize of job (KB)
...
006 (222166.000.000) 07/31 08:33:48 Image size of job updated: 447524
	70  -  MemoryUsage of job (MB)
	71356  -  ResidentSetSize of job (KB)
...
006 (222166.000.000) 07/31 08:34:49 Image size of job updated: 493964
	260  -  MemoryUsage of job (MB)
	266216  -  ResidentSetSize of job (KB)
...
006 (222166.000.000) 07/31 08:34:59 Image size of job updated: 690864
	260  -  MemoryUsage of job (MB)
	266216  -  ResidentSetSize of job (KB)
...
005 (222166.000.000) 07/31 08:35:00 Job terminated.
	(1) Normal termination (return value 65)
		Usr 0 00:00:09, Sys 0 00:00:18  -  Run Remote Usage
		Usr 0 00:00:00, Sys 0 00:00:00  -  Run Local Usage
		Usr 0 00:00:09, Sys 0 00:00:18  -  Total Remote Usage
		Usr 0 00:00:00, Sys 0 00:00:00  -  Total Local Usage
	9491  -  Run Bytes Sent By Job
	8930  -  Run Bytes Received By Job
	9491  -  Total Bytes Sent By Job
	8930  -  Total Bytes Received By Job
	Partitionable Resources :    Usage  Request Allocated
	   Cpus                 :                 1         1
	   Disk (KB)            :  6212914 10000000  11848272
	   Memory (MB)          :      260     2100      2100
...
000 (222721.000.000) 07/31 08:49:38 Job submitted from host: <131.225.189.232:9618?addrs=131.225.189.232-9618&noUDP&sock=8982_aaf4_3>
...
001 (222721.000.000) 07/31 08:49:49 Job executing on host: <131.225.204.77:57293?addrs=131.225.204.77-57293>
...
006 (222721.000.000) 07/31 08:49:58 Image size of job updated: 447524
	71  -  MemoryUsage of job (MB)
	72344  -  ResidentSetSize of job (KB)
...
006 (222721.000.000) 07/31 08:52:00 Image size of job updated: 557992
	280  -  MemoryUsage of job (MB)
	285796  -  ResidentSetSize of job (KB)
...
005 (222721.000.000) 07/31 08:52:08 Job terminated.
	(1) Normal termination (return value 65)
		Usr 0 00:00:05, Sys 0 00:00:17  -  Run Remote Usage
		Usr 0 00:00:00, Sys 0 00:00:00  -  Run Local Usage
		Usr 0 00:00:05, Sys 0 00:00:17  -  Total Remote Usage
		Usr 0 00:00:00, Sys 0 00:00:00  -  Total Local Usage
	9031  -  Run Bytes Sent By Job
	44439  -  Run Bytes Received By Job
	9031  -  Total Bytes Sent By Job
	44439  -  Total Bytes Received By Job
	Partitionable Resources :    Usage  Request Allocated
	   Cpus                 :                 1         1
	   Disk (KB)            :  6212751 10000000  10068570
	   Memory (MB)          :      280     2100      2100
...
000 (223276.000.000) 07/31 09:06:09 Job submitted from host: <131.225.189.232:9618?addrs=131.225.189.232-9618&noUDP&sock=8982_aaf4_3>
...
001 (223276.000.000) 07/31 09:06:18 Job executing on host: <131.225.191.153:31312?addrs=131.225.191.153-31312>
...
006 (223276.000.000) 07/31 09:06:28 Image size of job updated: 2
	3  -  MemoryUsage of job (MB)
	2424  -  ResidentSetSize of job (KB)
...
006 (223276.000.000) 07/31 09:07:28 Image size of job updated: 447532
	70  -  MemoryUsage of job (MB)
	71356  -  ResidentSetSize of job (KB)
...
006 (223276.000.000) 07/31 09:09:28 Image size of job updated: 621992
	349  -  MemoryUsage of job (MB)
	357308  -  ResidentSetSize of job (KB)
...
006 (223276.000.000) 07/31 09:10:28 Image size of job updated: 879320
	547  -  MemoryUsage of job (MB)
	559140  -  ResidentSetSize of job (KB)
...
