000 (220782.000.000) 07/31 06:49:09 Job submitted from host: <131.225.189.232:9618?addrs=131.225.189.232-9618&noUDP&sock=8982_aaf4_3>
...
001 (220782.000.000) 07/31 06:49:32 Job executing on host: <131.225.204.118:52953?addrs=131.225.204.118-52953>
...
006 (220782.000.000) 07/31 06:49:41 Image size of job updated: 447524
	71  -  MemoryUsage of job (MB)
	72344  -  ResidentSetSize of job (KB)
...
005 (220782.000.000) 07/31 06:55:07 Job terminated.
	(1) Normal termination (return value 90)
		Usr 0 00:00:02, Sys 0 00:00:21  -  Run Remote Usage
		Usr 0 00:00:00, Sys 0 00:00:00  -  Run Local Usage
		Usr 0 00:00:02, Sys 0 00:00:21  -  Total Remote Usage
		Usr 0 00:00:00, Sys 0 00:00:00  -  Total Local Usage
	28858  -  Run Bytes Sent By Job
	8930  -  Run Bytes Received By Job
	28858  -  Total Bytes Sent By Job
	8930  -  Total Bytes Received By Job
	Partitionable Resources :    Usage  Request Allocated
	   Cpus                 :                 1         1
	   Disk (KB)            :  6179869 10000000  10291656
	   Memory (MB)          :       71     2100      2100
...
000 (221344.000.000) 07/31 07:07:38 Job submitted from host: <131.225.189.232:9618?addrs=131.225.189.232-9618&noUDP&sock=8982_aaf4_3>
...
001 (221344.000.000) 07/31 07:08:12 Job executing on host: <131.225.206.41:8370?addrs=131.225.206.41-8370>
...
006 (221344.000.000) 07/31 07:08:21 Image size of job updated: 447524
	69  -  MemoryUsage of job (MB)
	70280  -  ResidentSetSize of job (KB)
...
006 (221344.000.000) 07/31 07:09:22 Image size of job updated: 447524
	69  -  MemoryUsage of job (MB)
	70408  -  ResidentSetSize of job (KB)
...
000 (221899.000.000) 07/31 07:12:19 Job submitted from host: <131.225.189.232:9618?addrs=131.225.189.232-9618&noUDP&sock=8982_aaf4_3>
...
001 (221899.000.000) 07/31 07:12:50 Job executing on host: <131.225.207.90:23606?addrs=131.225.207.90-23606>
...
006 (221899.000.000) 07/31 07:12:58 Image size of job updated: 381924
	15  -  MemoryUsage of job (MB)
	14940  -  ResidentSetSize of job (KB)
...
006 (221899.000.000) 07/31 07:13:58 Image size of job updated: 447524
	69  -  MemoryUsage of job (MB)
	70292  -  ResidentSetSize of job (KB)
...
005 (221344.000.000) 07/31 07:15:50 Job terminated.
	(1) Normal termination (return value 90)
		Usr 0 00:00:02, Sys 0 00:00:26  -  Run Remote Usage
		Usr 0 00:00:00, Sys 0 00:00:00  -  Run Local Usage
		Usr 0 00:00:02, Sys 0 00:00:26  -  Total Remote Usage
		Usr 0 00:00:00, Sys 0 00:00:00  -  Total Local Usage
	36451  -  Run Bytes Sent By Job
	8930  -  Run Bytes Received By Job
	36451  -  Total Bytes Sent By Job
	8930  -  Total Bytes Received By Job
	Partitionable Resources :    Usage  Request Allocated
	   Cpus                 :                 1         1
	   Disk (KB)            :  5533822 10000000  10266243
	   Memory (MB)          :       69     2100      2100
...
006 (221899.000.000) 07/31 07:16:00 Image size of job updated: 448904
	223  -  MemoryUsage of job (MB)
	227648  -  ResidentSetSize of job (KB)
...
006 (221899.000.000) 07/31 07:16:44 Image size of job updated: 773044
	223  -  MemoryUsage of job (MB)
	227648  -  ResidentSetSize of job (KB)
...
005 (221899.000.000) 07/31 07:16:45 Job terminated.
	(1) Normal termination (return value 65)
		Usr 0 00:00:13, Sys 0 00:00:21  -  Run Remote Usage
		Usr 0 00:00:00, Sys 0 00:00:00  -  Run Local Usage
		Usr 0 00:00:13, Sys 0 00:00:21  -  Total Remote Usage
		Usr 0 00:00:00, Sys 0 00:00:00  -  Total Local Usage
	15531  -  Run Bytes Sent By Job
	8930  -  Run Bytes Received By Job
	15531  -  Total Bytes Sent By Job
	8930  -  Total Bytes Received By Job
	Partitionable Resources :    Usage  Request Allocated
	   Cpus                 :                 1         1
	   Disk (KB)            :  6817750 10000000  10040100
	   Memory (MB)          :      223     2100      2100
...
000 (222461.000.000) 07/31 08:32:48 Job submitted from host: <131.225.189.232:9618?addrs=131.225.189.232-9618&noUDP&sock=8982_aaf4_3>
...
001 (222461.000.000) 07/31 08:33:38 Job executing on host: <131.225.207.145:19777?addrs=131.225.207.145-19777>
...
006 (222461.000.000) 07/31 08:33:47 Image size of job updated: 82020
	21  -  MemoryUsage of job (MB)
	21088  -  ResidentSetSize of job (KB)
...
006 (222461.000.000) 07/31 08:34:48 Image size of job updated: 447524
	69  -  MemoryUsage of job (MB)
	70296  -  ResidentSetSize of job (KB)
...
006 (222461.000.000) 07/31 08:35:58 Image size of job updated: 447524
	69  -  MemoryUsage of job (MB)
	70324  -  ResidentSetSize of job (KB)
...
006 (222461.000.000) 07/31 08:38:17 Image size of job updated: 773040
	69  -  MemoryUsage of job (MB)
	70324  -  ResidentSetSize of job (KB)
...
005 (222461.000.000) 07/31 08:38:18 Job terminated.
	(1) Normal termination (return value 65)
		Usr 0 00:00:13, Sys 0 00:00:19  -  Run Remote Usage
		Usr 0 00:00:00, Sys 0 00:00:00  -  Run Local Usage
		Usr 0 00:00:13, Sys 0 00:00:19  -  Total Remote Usage
		Usr 0 00:00:00, Sys 0 00:00:00  -  Total Local Usage
	20268  -  Run Bytes Sent By Job
	8930  -  Run Bytes Received By Job
	20268  -  Total Bytes Sent By Job
	8930  -  Total Bytes Received By Job
	Partitionable Resources :    Usage  Request Allocated
	   Cpus                 :                 1         1
	   Disk (KB)            :  6650198 10000000  10431342
	   Memory (MB)          :       69     2100      2100
...
