000 (220804.000.000) 07/31 06:49:14 Job submitted from host: <131.225.189.232:9618?addrs=131.225.189.232-9618&noUDP&sock=8982_aaf4_3>
...
001 (220804.000.000) 07/31 06:49:35 Job executing on host: <131.225.207.193:40545?addrs=131.225.207.193-40545>
...
006 (220804.000.000) 07/31 06:49:44 Image size of job updated: 2
	3  -  MemoryUsage of job (MB)
	2420  -  ResidentSetSize of job (KB)
...
006 (220804.000.000) 07/31 06:50:45 Image size of job updated: 447524
	71  -  MemoryUsage of job (MB)
	72348  -  ResidentSetSize of job (KB)
...
005 (220804.000.000) 07/31 06:51:11 Job terminated.
	(1) Normal termination (return value 90)
		Usr 0 00:00:00, Sys 0 00:00:17  -  Run Remote Usage
		Usr 0 00:00:00, Sys 0 00:00:00  -  Run Local Usage
		Usr 0 00:00:00, Sys 0 00:00:17  -  Total Remote Usage
		Usr 0 00:00:00, Sys 0 00:00:00  -  Total Local Usage
	9373  -  Run Bytes Sent By Job
	8930  -  Run Bytes Received By Job
	9373  -  Total Bytes Sent By Job
	8930  -  Total Bytes Received By Job
	Partitionable Resources :    Usage  Request Allocated
	   Cpus                 :                 1         1
	   Disk (KB)            :  5752550 10000000  13100500
	   Memory (MB)          :       71     2100      2100
...
000 (221366.000.000) 07/31 07:07:42 Job submitted from host: <131.225.189.232:9618?addrs=131.225.189.232-9618&noUDP&sock=8982_aaf4_3>
...
001 (221366.000.000) 07/31 07:08:18 Job executing on host: <131.225.204.37:14425?addrs=131.225.204.37-14425>
...
006 (221366.000.000) 07/31 07:08:27 Image size of job updated: 447524
	71  -  MemoryUsage of job (MB)
	72348  -  ResidentSetSize of job (KB)
...
000 (221921.000.000) 07/31 07:12:23 Job submitted from host: <131.225.189.232:9618?addrs=131.225.189.232-9618&noUDP&sock=8982_aaf4_3>
...
005 (221366.000.000) 07/31 07:12:54 Job terminated.
	(1) Normal termination (return value 90)
		Usr 0 00:00:01, Sys 0 00:00:22  -  Run Remote Usage
		Usr 0 00:00:00, Sys 0 00:00:00  -  Run Local Usage
		Usr 0 00:00:01, Sys 0 00:00:22  -  Total Remote Usage
		Usr 0 00:00:00, Sys 0 00:00:00  -  Total Local Usage
	25017  -  Run Bytes Sent By Job
	8930  -  Run Bytes Received By Job
	25017  -  Total Bytes Sent By Job
	8930  -  Total Bytes Received By Job
	Partitionable Resources :    Usage  Request Allocated
	   Cpus                 :                 1         1
	   Disk (KB)            :  5927031 10000000  10431513
	   Memory (MB)          :       71     2100      2100
...
001 (221921.000.000) 07/31 07:12:59 Job executing on host: <131.225.191.191:42435?addrs=131.225.191.191-42435>
...
006 (221921.000.000) 07/31 07:13:08 Image size of job updated: 2
	3  -  MemoryUsage of job (MB)
	2424  -  ResidentSetSize of job (KB)
...
006 (221921.000.000) 07/31 07:14:09 Image size of job updated: 447524
	71  -  MemoryUsage of job (MB)
	72352  -  ResidentSetSize of job (KB)
...
006 (221921.000.000) 07/31 07:15:09 Image size of job updated: 558756
	71  -  MemoryUsage of job (MB)
	72352  -  ResidentSetSize of job (KB)
...
005 (221921.000.000) 07/31 07:15:09 Job terminated.
	(1) Normal termination (return value 65)
		Usr 0 00:00:05, Sys 0 00:00:14  -  Run Remote Usage
		Usr 0 00:00:00, Sys 0 00:00:00  -  Run Local Usage
		Usr 0 00:00:05, Sys 0 00:00:14  -  Total Remote Usage
		Usr 0 00:00:00, Sys 0 00:00:00  -  Total Local Usage
	8805  -  Run Bytes Sent By Job
	8930  -  Run Bytes Received By Job
	8805  -  Total Bytes Sent By Job
	8930  -  Total Bytes Received By Job
	Partitionable Resources :    Usage  Request Allocated
	   Cpus                 :                 1         1
	   Disk (KB)            :  6538593 10000000  12042280
	   Memory (MB)          :       71     2100      2100
...
