000 (220681.000.000) 07/31 06:48:47 Job submitted from host: <131.225.189.232:9618?addrs=131.225.189.232-9618&noUDP&sock=8982_aaf4_3>
...
001 (220681.000.000) 07/31 06:49:10 Job executing on host: <131.225.206.236:59687?addrs=131.225.206.236-59687>
...
006 (220681.000.000) 07/31 06:49:19 Image size of job updated: 2
	3  -  MemoryUsage of job (MB)
	2424  -  ResidentSetSize of job (KB)
...
006 (220681.000.000) 07/31 06:50:20 Image size of job updated: 447524
	71  -  MemoryUsage of job (MB)
	72352  -  ResidentSetSize of job (KB)
...
005 (220681.000.000) 07/31 06:51:33 Job terminated.
	(1) Normal termination (return value 90)
		Usr 0 00:00:01, Sys 0 00:00:20  -  Run Remote Usage
		Usr 0 00:00:00, Sys 0 00:00:00  -  Run Local Usage
		Usr 0 00:00:01, Sys 0 00:00:20  -  Total Remote Usage
		Usr 0 00:00:00, Sys 0 00:00:00  -  Total Local Usage
	11635  -  Run Bytes Sent By Job
	8930  -  Run Bytes Received By Job
	11635  -  Total Bytes Sent By Job
	8930  -  Total Bytes Received By Job
	Partitionable Resources :    Usage  Request Allocated
	   Cpus                 :                 1         1
	   Disk (KB)            :  6378787 10000000  10791732
	   Memory (MB)          :       71     2100      2100
...
000 (221243.000.000) 07/31 07:07:20 Job submitted from host: <131.225.189.232:9618?addrs=131.225.189.232-9618&noUDP&sock=8982_aaf4_3>
...
001 (221243.000.000) 07/31 07:07:52 Job executing on host: <131.225.206.208:5672?addrs=131.225.206.208-5672>
...
006 (221243.000.000) 07/31 07:08:01 Image size of job updated: 2
	3  -  MemoryUsage of job (MB)
	2420  -  ResidentSetSize of job (KB)
...
006 (221243.000.000) 07/31 07:09:02 Image size of job updated: 447524
	69  -  MemoryUsage of job (MB)
	70316  -  ResidentSetSize of job (KB)
...
000 (221798.000.000) 07/31 07:12:01 Job submitted from host: <131.225.189.232:9618?addrs=131.225.189.232-9618&noUDP&sock=8982_aaf4_3>
...
005 (221243.000.000) 07/31 07:12:04 Job terminated.
	(1) Normal termination (return value 90)
		Usr 0 00:00:01, Sys 0 00:00:22  -  Run Remote Usage
		Usr 0 00:00:00, Sys 0 00:00:00  -  Run Local Usage
		Usr 0 00:00:01, Sys 0 00:00:22  -  Total Remote Usage
		Usr 0 00:00:00, Sys 0 00:00:00  -  Total Local Usage
	23742  -  Run Bytes Sent By Job
	8930  -  Run Bytes Received By Job
	23742  -  Total Bytes Sent By Job
	8930  -  Total Bytes Received By Job
	Partitionable Resources :    Usage  Request Allocated
	   Cpus                 :                 1         1
	   Disk (KB)            :  4829299 10000000  11742892
	   Memory (MB)          :       69     2100      2100
...
001 (221798.000.000) 07/31 07:12:27 Job executing on host: <131.225.191.76:5321?addrs=131.225.191.76-5321>
...
006 (221798.000.000) 07/31 07:12:35 Image size of job updated: 73896
	14  -  MemoryUsage of job (MB)
	13432  -  ResidentSetSize of job (KB)
...
006 (221798.000.000) 07/31 07:13:35 Image size of job updated: 447524
	69  -  MemoryUsage of job (MB)
	70292  -  ResidentSetSize of job (KB)
...
006 (221798.000.000) 07/31 07:15:38 Image size of job updated: 769972
	435  -  MemoryUsage of job (MB)
	445232  -  ResidentSetSize of job (KB)
...
005 (221798.000.000) 07/31 07:15:41 Job terminated.
	(1) Normal termination (return value 65)
		Usr 0 00:00:16, Sys 0 00:00:25  -  Run Remote Usage
		Usr 0 00:00:00, Sys 0 00:00:00  -  Run Local Usage
		Usr 0 00:00:16, Sys 0 00:00:25  -  Total Remote Usage
		Usr 0 00:00:00, Sys 0 00:00:00  -  Total Local Usage
	15023  -  Run Bytes Sent By Job
	8930  -  Run Bytes Received By Job
	15023  -  Total Bytes Sent By Job
	8930  -  Total Bytes Received By Job
	Partitionable Resources :    Usage  Request Allocated
	   Cpus                 :                 1         1
	   Disk (KB)            :  6387509 10000000  15219160
	   Memory (MB)          :      435     2100      2100
...
