000 (220819.000.000) 07/31 06:49:17 Job submitted from host: <131.225.189.232:9618?addrs=131.225.189.232-9618&noUDP&sock=8982_aaf4_3>
...
001 (220819.000.000) 07/31 06:49:38 Job executing on host: <131.225.191.78:22712?addrs=131.225.191.78-22712>
...
006 (220819.000.000) 07/31 06:49:47 Image size of job updated: 447524
	71  -  MemoryUsage of job (MB)
	72344  -  ResidentSetSize of job (KB)
...
005 (220819.000.000) 07/31 06:53:23 Job terminated.
	(1) Normal termination (return value 90)
		Usr 0 00:00:01, Sys 0 00:00:23  -  Run Remote Usage
		Usr 0 00:00:00, Sys 0 00:00:00  -  Run Local Usage
		Usr 0 00:00:01, Sys 0 00:00:23  -  Total Remote Usage
		Usr 0 00:00:00, Sys 0 00:00:00  -  Total Local Usage
	13280  -  Run Bytes Sent By Job
	8930  -  Run Bytes Received By Job
	13280  -  Total Bytes Sent By Job
	8930  -  Total Bytes Received By Job
	Partitionable Resources :    Usage  Request Allocated
	   Cpus                 :                 1         1
	   Disk (KB)            :  3640331 10000000  15997762
	   Memory (MB)          :       71     2100      2100
...
000 (221381.000.000) 07/31 07:07:45 Job submitted from host: <131.225.189.232:9618?addrs=131.225.189.232-9618&noUDP&sock=8982_aaf4_3>
...
001 (221381.000.000) 07/31 07:08:19 Job executing on host: <131.225.207.193:40545?addrs=131.225.207.193-40545>
...
006 (221381.000.000) 07/31 07:08:28 Image size of job updated: 447524
	71  -  MemoryUsage of job (MB)
	72344  -  ResidentSetSize of job (KB)
...
005 (221381.000.000) 07/31 07:10:57 Job terminated.
	(1) Normal termination (return value 90)
		Usr 0 00:00:01, Sys 0 00:00:17  -  Run Remote Usage
		Usr 0 00:00:00, Sys 0 00:00:00  -  Run Local Usage
		Usr 0 00:00:01, Sys 0 00:00:17  -  Total Remote Usage
		Usr 0 00:00:00, Sys 0 00:00:00  -  Total Local Usage
	14575  -  Run Bytes Sent By Job
	8930  -  Run Bytes Received By Job
	14575  -  Total Bytes Sent By Job
	8930  -  Total Bytes Received By Job
	Partitionable Resources :    Usage  Request Allocated
	   Cpus                 :                 1         1
	   Disk (KB)            :  6074478 10000000  13095232
	   Memory (MB)          :       71     2100      2100
...
000 (221936.000.000) 07/31 07:12:26 Job submitted from host: <131.225.189.232:9618?addrs=131.225.189.232-9618&noUDP&sock=8982_aaf4_3>
...
001 (221936.000.000) 07/31 07:13:15 Job executing on host: <131.225.204.93:60435?addrs=131.225.204.93-60435>
...
006 (221936.000.000) 07/31 07:13:24 Image size of job updated: 102472
	3  -  MemoryUsage of job (MB)
	2468  -  ResidentSetSize of job (KB)
...
006 (221936.000.000) 07/31 07:14:25 Image size of job updated: 447524
	70  -  MemoryUsage of job (MB)
	71356  -  ResidentSetSize of job (KB)
...
006 (221936.000.000) 07/31 07:18:27 Image size of job updated: 591636
	270  -  MemoryUsage of job (MB)
	275700  -  ResidentSetSize of job (KB)
...
006 (221936.000.000) 07/31 07:18:57 Image size of job updated: 720048
	270  -  MemoryUsage of job (MB)
	275700  -  ResidentSetSize of job (KB)
...
005 (221936.000.000) 07/31 07:18:58 Job terminated.
	(1) Normal termination (return value 65)
		Usr 0 00:00:11, Sys 0 00:00:23  -  Run Remote Usage
		Usr 0 00:00:00, Sys 0 00:00:00  -  Run Local Usage
		Usr 0 00:00:11, Sys 0 00:00:23  -  Total Remote Usage
		Usr 0 00:00:00, Sys 0 00:00:00  -  Total Local Usage
	18148  -  Run Bytes Sent By Job
	8930  -  Run Bytes Received By Job
	18148  -  Total Bytes Sent By Job
	8930  -  Total Bytes Received By Job
	Partitionable Resources :    Usage  Request Allocated
	   Cpus                 :                 1         1
	   Disk (KB)            :  6761815 10000000  10322886
	   Memory (MB)          :      270     2100      2100
...
