000 (220884.000.000) 07/31 06:49:31 Job submitted from host: <131.225.189.232:9618?addrs=131.225.189.232-9618&noUDP&sock=8982_aaf4_3>
...
001 (220884.000.000) 07/31 06:49:51 Job executing on host: <131.225.207.141:2601?addrs=131.225.207.141-2601>
...
006 (220884.000.000) 07/31 06:50:01 Image size of job updated: 447524
	38  -  MemoryUsage of job (MB)
	37892  -  ResidentSetSize of job (KB)
...
006 (220884.000.000) 07/31 06:50:59 Image size of job updated: 447524
	71  -  MemoryUsage of job (MB)
	72344  -  ResidentSetSize of job (KB)
...
005 (220884.000.000) 07/31 06:54:17 Job terminated.
	(1) Normal termination (return value 90)
		Usr 0 00:00:01, Sys 0 00:00:21  -  Run Remote Usage
		Usr 0 00:00:00, Sys 0 00:00:00  -  Run Local Usage
		Usr 0 00:00:01, Sys 0 00:00:21  -  Total Remote Usage
		Usr 0 00:00:00, Sys 0 00:00:00  -  Total Local Usage
	24936  -  Run Bytes Sent By Job
	8930  -  Run Bytes Received By Job
	24936  -  Total Bytes Sent By Job
	8930  -  Total Bytes Received By Job
	Partitionable Resources :    Usage  Request Allocated
	   Cpus                 :                 1         1
	   Disk (KB)            :  6016025 10000000  10427079
	   Memory (MB)          :       71     2100      2100
...
000 (221446.000.000) 07/31 07:07:56 Job submitted from host: <131.225.189.232:9618?addrs=131.225.189.232-9618&noUDP&sock=8982_aaf4_3>
...
001 (221446.000.000) 07/31 07:08:17 Job executing on host: <131.225.207.161:39856?addrs=131.225.207.161-39856>
...
006 (221446.000.000) 07/31 07:08:26 Image size of job updated: 2
	3  -  MemoryUsage of job (MB)
	2424  -  ResidentSetSize of job (KB)
...
006 (221446.000.000) 07/31 07:09:27 Image size of job updated: 447524
	71  -  MemoryUsage of job (MB)
	72344  -  ResidentSetSize of job (KB)
...
005 (221446.000.000) 07/31 07:10:32 Job terminated.
	(1) Normal termination (return value 90)
		Usr 0 00:00:00, Sys 0 00:00:18  -  Run Remote Usage
		Usr 0 00:00:00, Sys 0 00:00:00  -  Run Local Usage
		Usr 0 00:00:00, Sys 0 00:00:18  -  Total Remote Usage
		Usr 0 00:00:00, Sys 0 00:00:00  -  Total Local Usage
	10701  -  Run Bytes Sent By Job
	8930  -  Run Bytes Received By Job
	10701  -  Total Bytes Sent By Job
	8930  -  Total Bytes Received By Job
	Partitionable Resources :    Usage  Request Allocated
	   Cpus                 :                 1         1
	   Disk (KB)            :  6604636 10000000  10106991
	   Memory (MB)          :       71     2100      2100
...
000 (222001.000.000) 07/31 07:12:36 Job submitted from host: <131.225.189.232:9618?addrs=131.225.189.232-9618&noUDP&sock=8982_aaf4_3>
...
001 (222001.000.000) 07/31 07:13:54 Job executing on host: <131.225.205.187:52979?addrs=131.225.205.187-52979>
...
006 (222001.000.000) 07/31 07:14:03 Image size of job updated: 102476
	2  -  MemoryUsage of job (MB)
	1620  -  ResidentSetSize of job (KB)
...
006 (222001.000.000) 07/31 07:15:03 Image size of job updated: 447524
	69  -  MemoryUsage of job (MB)
	70288  -  ResidentSetSize of job (KB)
...
006 (222001.000.000) 07/31 07:19:04 Image size of job updated: 599068
	264  -  MemoryUsage of job (MB)
	269328  -  ResidentSetSize of job (KB)
...
006 (222001.000.000) 07/31 07:19:28 Image size of job updated: 772788
	264  -  MemoryUsage of job (MB)
	269328  -  ResidentSetSize of job (KB)
...
005 (222001.000.000) 07/31 07:19:32 Job terminated.
	(1) Normal termination (return value 65)
		Usr 0 00:00:17, Sys 0 00:00:36  -  Run Remote Usage
		Usr 0 00:00:00, Sys 0 00:00:00  -  Run Local Usage
		Usr 0 00:00:17, Sys 0 00:00:36  -  Total Remote Usage
		Usr 0 00:00:00, Sys 0 00:00:00  -  Total Local Usage
	27366  -  Run Bytes Sent By Job
	8930  -  Run Bytes Received By Job
	27366  -  Total Bytes Sent By Job
	8930  -  Total Bytes Received By Job
	Partitionable Resources :    Usage  Request Allocated
	   Cpus                 :                 1         1
	   Disk (KB)            :  6604075 10000000  17108300
	   Memory (MB)          :      264     2100      2100
...
000 (222563.000.000) 07/31 08:32:54 Job submitted from host: <131.225.189.232:9618?addrs=131.225.189.232-9618&noUDP&sock=8982_aaf4_3>
...
001 (222563.000.000) 07/31 08:34:00 Job executing on host: <131.225.206.20:32487?addrs=131.225.206.20-32487>
...
006 (222563.000.000) 07/31 08:34:09 Image size of job updated: 2
	3  -  MemoryUsage of job (MB)
	2424  -  ResidentSetSize of job (KB)
...
006 (222563.000.000) 07/31 08:35:10 Image size of job updated: 447524
	73  -  MemoryUsage of job (MB)
	74380  -  ResidentSetSize of job (KB)
...
006 (222563.000.000) 07/31 08:36:56 Image size of job updated: 673716
	73  -  MemoryUsage of job (MB)
	74380  -  ResidentSetSize of job (KB)
...
005 (222563.000.000) 07/31 08:36:56 Job terminated.
	(1) Normal termination (return value 65)
		Usr 0 00:00:08, Sys 0 00:00:19  -  Run Remote Usage
		Usr 0 00:00:00, Sys 0 00:00:00  -  Run Local Usage
		Usr 0 00:00:08, Sys 0 00:00:19  -  Total Remote Usage
		Usr 0 00:00:00, Sys 0 00:00:00  -  Total Local Usage
	13354  -  Run Bytes Sent By Job
	8930  -  Run Bytes Received By Job
	13354  -  Total Bytes Sent By Job
	8930  -  Total Bytes Received By Job
	Partitionable Resources :    Usage  Request Allocated
	   Cpus                 :                 1         1
	   Disk (KB)            :  6469967 10000000  10638306
	   Memory (MB)          :       73     2100      2100
...
000 (223118.000.000) 07/31 08:49:59 Job submitted from host: <131.225.189.232:9618?addrs=131.225.189.232-9618&noUDP&sock=8982_aaf4_3>
...
001 (223118.000.000) 07/31 08:51:09 Job executing on host: <131.225.207.194:36448?addrs=131.225.207.194-36448>
...
006 (223118.000.000) 07/31 08:51:17 Image size of job updated: 447524
	67  -  MemoryUsage of job (MB)
	67812  -  ResidentSetSize of job (KB)
...
006 (223118.000.000) 07/31 08:52:17 Image size of job updated: 447524
	70  -  MemoryUsage of job (MB)
	71356  -  ResidentSetSize of job (KB)
...
006 (223118.000.000) 07/31 08:53:43 Image size of job updated: 718256
	70  -  MemoryUsage of job (MB)
	71356  -  ResidentSetSize of job (KB)
...
005 (223118.000.000) 07/31 08:53:43 Job terminated.
	(1) Normal termination (return value 65)
		Usr 0 00:00:09, Sys 0 00:00:15  -  Run Remote Usage
		Usr 0 00:00:00, Sys 0 00:00:00  -  Run Local Usage
		Usr 0 00:00:09, Sys 0 00:00:15  -  Total Remote Usage
		Usr 0 00:00:00, Sys 0 00:00:00  -  Total Local Usage
	13892  -  Run Bytes Sent By Job
	44439  -  Run Bytes Received By Job
	13892  -  Total Bytes Sent By Job
	44439  -  Total Bytes Received By Job
	Partitionable Resources :    Usage  Request Allocated
	   Cpus                 :                 1         1
	   Disk (KB)            :  6606767 10000000  10540608
	   Memory (MB)          :       70     2100      2100
...
000 (223673.000.000) 07/31 09:06:27 Job submitted from host: <131.225.189.232:9618?addrs=131.225.189.232-9618&noUDP&sock=8982_aaf4_3>
...
