000 (220963.000.000) 07/31 06:49:47 Job submitted from host: <131.225.189.232:9618?addrs=131.225.189.232-9618&noUDP&sock=8982_aaf4_3>
...
001 (220963.000.000) 07/31 06:50:45 Job executing on host: <131.225.207.161:39856?addrs=131.225.207.161-39856>
...
006 (220963.000.000) 07/31 06:50:53 Image size of job updated: 2
	3  -  MemoryUsage of job (MB)
	2420  -  ResidentSetSize of job (KB)
...
006 (220963.000.000) 07/31 06:51:53 Image size of job updated: 447524
	70  -  MemoryUsage of job (MB)
	71352  -  ResidentSetSize of job (KB)
...
005 (220963.000.000) 07/31 06:54:12 Job terminated.
	(1) Normal termination (return value 90)
		Usr 0 00:00:01, Sys 0 00:00:20  -  Run Remote Usage
		Usr 0 00:00:00, Sys 0 00:00:00  -  Run Local Usage
		Usr 0 00:00:01, Sys 0 00:00:20  -  Total Remote Usage
		Usr 0 00:00:00, Sys 0 00:00:00  -  Total Local Usage
	18301  -  Run Bytes Sent By Job
	8930  -  Run Bytes Received By Job
	18301  -  Total Bytes Sent By Job
	8930  -  Total Bytes Received By Job
	Partitionable Resources :    Usage  Request Allocated
	   Cpus                 :                 1         1
	   Disk (KB)            :  5524499 10000000  10113945
	   Memory (MB)          :       70     2100      2100
...
000 (221525.000.000) 07/31 07:08:09 Job submitted from host: <131.225.189.232:9618?addrs=131.225.189.232-9618&noUDP&sock=8982_aaf4_3>
...
001 (221525.000.000) 07/31 07:08:56 Job executing on host: <131.225.206.42:17214?addrs=131.225.206.42-17214>
...
006 (221525.000.000) 07/31 07:09:05 Image size of job updated: 2
	3  -  MemoryUsage of job (MB)
	2420  -  ResidentSetSize of job (KB)
...
006 (221525.000.000) 07/31 07:10:06 Image size of job updated: 447524
	71  -  MemoryUsage of job (MB)
	72344  -  ResidentSetSize of job (KB)
...
000 (222080.000.000) 07/31 07:12:50 Job submitted from host: <131.225.189.232:9618?addrs=131.225.189.232-9618&noUDP&sock=8982_aaf4_3>
...
005 (221525.000.000) 07/31 07:13:59 Job terminated.
	(1) Normal termination (return value 90)
		Usr 0 00:00:01, Sys 0 00:00:19  -  Run Remote Usage
		Usr 0 00:00:00, Sys 0 00:00:00  -  Run Local Usage
		Usr 0 00:00:01, Sys 0 00:00:19  -  Total Remote Usage
		Usr 0 00:00:00, Sys 0 00:00:00  -  Total Local Usage
	26779  -  Run Bytes Sent By Job
	8930  -  Run Bytes Received By Job
	26779  -  Total Bytes Sent By Job
	8930  -  Total Bytes Received By Job
	Partitionable Resources :    Usage  Request Allocated
	   Cpus                 :                 1         1
	   Disk (KB)            :  5615735 10000000  10417500
	   Memory (MB)          :       71     2100      2100
...
001 (222080.000.000) 07/31 07:14:19 Job executing on host: <131.225.206.179:1923?addrs=131.225.206.179-1923>
...
006 (222080.000.000) 07/31 07:14:27 Image size of job updated: 381924
	15  -  MemoryUsage of job (MB)
	14940  -  ResidentSetSize of job (KB)
...
006 (222080.000.000) 07/31 07:15:27 Image size of job updated: 447524
	71  -  MemoryUsage of job (MB)
	72348  -  ResidentSetSize of job (KB)
...
006 (222080.000.000) 07/31 07:16:30 Image size of job updated: 605512
	328  -  MemoryUsage of job (MB)
	334892  -  ResidentSetSize of job (KB)
...
006 (222080.000.000) 07/31 07:16:44 Image size of job updated: 772788
	328  -  MemoryUsage of job (MB)
	334892  -  ResidentSetSize of job (KB)
...
005 (222080.000.000) 07/31 07:16:46 Job terminated.
	(1) Normal termination (return value 65)
		Usr 0 00:00:12, Sys 0 00:00:17  -  Run Remote Usage
		Usr 0 00:00:00, Sys 0 00:00:00  -  Run Local Usage
		Usr 0 00:00:12, Sys 0 00:00:17  -  Total Remote Usage
		Usr 0 00:00:00, Sys 0 00:00:00  -  Total Local Usage
	9680  -  Run Bytes Sent By Job
	8930  -  Run Bytes Received By Job
	9680  -  Total Bytes Sent By Job
	8930  -  Total Bytes Received By Job
	Partitionable Resources :    Usage  Request Allocated
	   Cpus                 :                 1         1
	   Disk (KB)            :  6709728 10000000  10356828
	   Memory (MB)          :      328     2100      2100
...
000 (222642.000.000) 07/31 08:33:01 Job submitted from host: <131.225.189.232:9618?addrs=131.225.189.232-9618&noUDP&sock=8982_aaf4_3>
...
001 (222642.000.000) 07/31 08:34:27 Job executing on host: <131.225.207.136:2428?addrs=131.225.207.136-2428>
...
006 (222642.000.000) 07/31 08:34:35 Image size of job updated: 447524
	43  -  MemoryUsage of job (MB)
	43772  -  ResidentSetSize of job (KB)
...
006 (222642.000.000) 07/31 08:35:35 Image size of job updated: 447524
	71  -  MemoryUsage of job (MB)
	72444  -  ResidentSetSize of job (KB)
...
006 (222642.000.000) 07/31 08:36:26 Image size of job updated: 493964
	71  -  MemoryUsage of job (MB)
	72444  -  ResidentSetSize of job (KB)
...
005 (222642.000.000) 07/31 08:36:27 Job terminated.
	(1) Normal termination (return value 65)
		Usr 0 00:00:03, Sys 0 00:00:14  -  Run Remote Usage
		Usr 0 00:00:00, Sys 0 00:00:00  -  Run Local Usage
		Usr 0 00:00:03, Sys 0 00:00:14  -  Total Remote Usage
		Usr 0 00:00:00, Sys 0 00:00:00  -  Total Local Usage
	9655  -  Run Bytes Sent By Job
	8930  -  Run Bytes Received By Job
	9655  -  Total Bytes Sent By Job
	8930  -  Total Bytes Received By Job
	Partitionable Resources :    Usage  Request Allocated
	   Cpus                 :                 1         1
	   Disk (KB)            :  5880139 10000000  10261104
	   Memory (MB)          :       71     2100      2100
...
000 (223197.000.000) 07/31 08:50:03 Job submitted from host: <131.225.189.232:9618?addrs=131.225.189.232-9618&noUDP&sock=8982_aaf4_3>
...
001 (223197.000.000) 07/31 08:51:24 Job executing on host: <131.225.205.172:20375?addrs=131.225.205.172-20375>
...
006 (223197.000.000) 07/31 08:51:33 Image size of job updated: 447524
	71  -  MemoryUsage of job (MB)
	72344  -  ResidentSetSize of job (KB)
...
006 (223197.000.000) 07/31 08:54:35 Image size of job updated: 726448
	430  -  MemoryUsage of job (MB)
	440220  -  ResidentSetSize of job (KB)
...
006 (223197.000.000) 07/31 08:55:05 Image size of job updated: 772784
	430  -  MemoryUsage of job (MB)
	440220  -  ResidentSetSize of job (KB)
...
005 (223197.000.000) 07/31 08:55:06 Job terminated.
	(1) Normal termination (return value 65)
		Usr 0 00:00:17, Sys 0 00:00:25  -  Run Remote Usage
		Usr 0 00:00:00, Sys 0 00:00:00  -  Run Local Usage
		Usr 0 00:00:17, Sys 0 00:00:25  -  Total Remote Usage
		Usr 0 00:00:00, Sys 0 00:00:00  -  Total Local Usage
	17164  -  Run Bytes Sent By Job
	44439  -  Run Bytes Received By Job
	17164  -  Total Bytes Sent By Job
	44439  -  Total Bytes Received By Job
	Partitionable Resources :    Usage  Request Allocated
	   Cpus                 :                 1         1
	   Disk (KB)            :  6712441 10000000  17051207
	   Memory (MB)          :      430     2100      2100
...
000 (223752.000.000) 07/31 09:06:31 Job submitted from host: <131.225.189.232:9618?addrs=131.225.189.232-9618&noUDP&sock=8982_aaf4_3>
...
