000 (220598.000.000) 07/31 06:48:30 Job submitted from host: <131.225.189.232:9618?addrs=131.225.189.232-9618&noUDP&sock=8982_aaf4_3>
...
001 (220598.000.000) 07/31 06:48:52 Job executing on host: <131.225.206.237:65172?addrs=131.225.206.237-65172>
...
006 (220598.000.000) 07/31 06:49:01 Image size of job updated: 447524
	71  -  MemoryUsage of job (MB)
	72348  -  ResidentSetSize of job (KB)
...
005 (220598.000.000) 07/31 06:50:32 Job terminated.
	(1) Normal termination (return value 90)
		Usr 0 00:00:00, Sys 0 00:00:15  -  Run Remote Usage
		Usr 0 00:00:00, Sys 0 00:00:00  -  Run Local Usage
		Usr 0 00:00:00, Sys 0 00:00:15  -  Total Remote Usage
		Usr 0 00:00:00, Sys 0 00:00:00  -  Total Local Usage
	10780  -  Run Bytes Sent By Job
	8930  -  Run Bytes Received By Job
	10780  -  Total Bytes Sent By Job
	8930  -  Total Bytes Received By Job
	Partitionable Resources :    Usage  Request Allocated
	   Cpus                 :                 1         1
	   Disk (KB)            :  4525066 10000000  11797672
	   Memory (MB)          :       71     2100      2100
...
000 (221160.000.000) 07/31 07:07:05 Job submitted from host: <131.225.189.232:9618?addrs=131.225.189.232-9618&noUDP&sock=8982_aaf4_3>
...
001 (221160.000.000) 07/31 07:07:36 Job executing on host: <131.225.206.198:53342?addrs=131.225.206.198-53342>
...
006 (221160.000.000) 07/31 07:07:45 Image size of job updated: 381924
	15  -  MemoryUsage of job (MB)
	14936  -  ResidentSetSize of job (KB)
...
006 (221160.000.000) 07/31 07:08:46 Image size of job updated: 447524
	69  -  MemoryUsage of job (MB)
	70280  -  ResidentSetSize of job (KB)
...
006 (221160.000.000) 07/31 07:09:47 Image size of job updated: 447524
	69  -  MemoryUsage of job (MB)
	70288  -  ResidentSetSize of job (KB)
...
006 (221160.000.000) 07/31 07:10:49 Image size of job updated: 447524
	69  -  MemoryUsage of job (MB)
	70316  -  ResidentSetSize of job (KB)
...
005 (221160.000.000) 07/31 07:11:41 Job terminated.
	(1) Normal termination (return value 90)
		Usr 0 00:00:02, Sys 0 00:00:14  -  Run Remote Usage
		Usr 0 00:00:00, Sys 0 00:00:00  -  Run Local Usage
		Usr 0 00:00:02, Sys 0 00:00:14  -  Total Remote Usage
		Usr 0 00:00:00, Sys 0 00:00:00  -  Total Local Usage
	21037  -  Run Bytes Sent By Job
	8930  -  Run Bytes Received By Job
	21037  -  Total Bytes Sent By Job
	8930  -  Total Bytes Received By Job
	Partitionable Resources :    Usage  Request Allocated
	   Cpus                 :                 1         1
	   Disk (KB)            :  4780145 10000000  11700716
	   Memory (MB)          :       69     2100      2100
...
000 (221715.000.000) 07/31 07:11:48 Job submitted from host: <131.225.189.232:9618?addrs=131.225.189.232-9618&noUDP&sock=8982_aaf4_3>
...
001 (221715.000.000) 07/31 07:12:24 Job executing on host: <131.225.191.146:62855?addrs=131.225.191.146-62855>
...
006 (221715.000.000) 07/31 07:12:33 Image size of job updated: 447524
	33  -  MemoryUsage of job (MB)
	33180  -  ResidentSetSize of job (KB)
...
006 (221715.000.000) 07/31 07:13:34 Image size of job updated: 447524
	71  -  MemoryUsage of job (MB)
	72344  -  ResidentSetSize of job (KB)
...
006 (221715.000.000) 07/31 07:18:37 Image size of job updated: 776372
	495  -  MemoryUsage of job (MB)
	506764  -  ResidentSetSize of job (KB)
...
005 (221715.000.000) 07/31 07:18:37 Job terminated.
	(1) Normal termination (return value 65)
		Usr 0 00:00:14, Sys 0 00:00:18  -  Run Remote Usage
		Usr 0 00:00:00, Sys 0 00:00:00  -  Run Local Usage
		Usr 0 00:00:14, Sys 0 00:00:18  -  Total Remote Usage
		Usr 0 00:00:00, Sys 0 00:00:00  -  Total Local Usage
	29638  -  Run Bytes Sent By Job
	8930  -  Run Bytes Received By Job
	29638  -  Total Bytes Sent By Job
	8930  -  Total Bytes Received By Job
	Partitionable Resources :    Usage  Request Allocated
	   Cpus                 :                 1         1
	   Disk (KB)            :  5271081 10000000  11417284
	   Memory (MB)          :      495     2100      2100
...
