000 (220580.000.000) 07/31 06:48:26 Job submitted from host: <131.225.189.232:9618?addrs=131.225.189.232-9618&noUDP&sock=8982_aaf4_3>
...
001 (220580.000.000) 07/31 06:48:49 Job executing on host: <131.225.206.156:61004?addrs=131.225.206.156-61004>
...
006 (220580.000.000) 07/31 06:48:58 Image size of job updated: 2
	3  -  MemoryUsage of job (MB)
	2424  -  ResidentSetSize of job (KB)
...
006 (220580.000.000) 07/31 06:49:59 Image size of job updated: 447524
	71  -  MemoryUsage of job (MB)
	72348  -  ResidentSetSize of job (KB)
...
005 (220580.000.000) 07/31 06:52:18 Job terminated.
	(1) Normal termination (return value 90)
		Usr 0 00:00:01, Sys 0 00:00:20  -  Run Remote Usage
		Usr 0 00:00:00, Sys 0 00:00:00  -  Run Local Usage
		Usr 0 00:00:01, Sys 0 00:00:20  -  Total Remote Usage
		Usr 0 00:00:00, Sys 0 00:00:00  -  Total Local Usage
	14706  -  Run Bytes Sent By Job
	8930  -  Run Bytes Received By Job
	14706  -  Total Bytes Sent By Job
	8930  -  Total Bytes Received By Job
	Partitionable Resources :    Usage  Request Allocated
	   Cpus                 :                 1         1
	   Disk (KB)            :  6288061 10000000  10171344
	   Memory (MB)          :       71     2100      2100
...
000 (221142.000.000) 07/31 07:07:02 Job submitted from host: <131.225.189.232:9618?addrs=131.225.189.232-9618&noUDP&sock=8982_aaf4_3>
...
001 (221142.000.000) 07/31 07:07:22 Job executing on host: <131.225.207.54:28276?addrs=131.225.207.54-28276>
...
006 (221142.000.000) 07/31 07:07:31 Image size of job updated: 447524
	55  -  MemoryUsage of job (MB)
	55968  -  ResidentSetSize of job (KB)
...
006 (221142.000.000) 07/31 07:08:32 Image size of job updated: 447524
	71  -  MemoryUsage of job (MB)
	72348  -  ResidentSetSize of job (KB)
...
005 (221142.000.000) 07/31 07:11:10 Job terminated.
	(1) Normal termination (return value 90)
		Usr 0 00:00:01, Sys 0 00:00:17  -  Run Remote Usage
		Usr 0 00:00:00, Sys 0 00:00:00  -  Run Local Usage
		Usr 0 00:00:01, Sys 0 00:00:17  -  Total Remote Usage
		Usr 0 00:00:00, Sys 0 00:00:00  -  Total Local Usage
	21079  -  Run Bytes Sent By Job
	8930  -  Run Bytes Received By Job
	21079  -  Total Bytes Sent By Job
	8930  -  Total Bytes Received By Job
	Partitionable Resources :    Usage  Request Allocated
	   Cpus                 :                 1         1
	   Disk (KB)            :  5501043 10000000  10228680
	   Memory (MB)          :       71     2100      2100
...
000 (221697.000.000) 07/31 07:11:45 Job submitted from host: <131.225.189.232:9618?addrs=131.225.189.232-9618&noUDP&sock=8982_aaf4_3>
...
001 (221697.000.000) 07/31 07:12:02 Job executing on host: <131.225.206.111:11920?addrs=131.225.206.111-11920>
...
006 (221697.000.000) 07/31 07:12:11 Image size of job updated: 447524
	69  -  MemoryUsage of job (MB)
	70284  -  ResidentSetSize of job (KB)
...
006 (221697.000.000) 07/31 07:13:12 Image size of job updated: 447524
	69  -  MemoryUsage of job (MB)
	70412  -  ResidentSetSize of job (KB)
...
006 (221697.000.000) 07/31 07:15:14 Image size of job updated: 447524
	102  -  MemoryUsage of job (MB)
	103820  -  ResidentSetSize of job (KB)
...
006 (221697.000.000) 07/31 07:15:39 Image size of job updated: 684464
	102  -  MemoryUsage of job (MB)
	103820  -  ResidentSetSize of job (KB)
...
005 (221697.000.000) 07/31 07:15:39 Job terminated.
	(1) Normal termination (return value 65)
		Usr 0 00:00:09, Sys 0 00:00:20  -  Run Remote Usage
		Usr 0 00:00:00, Sys 0 00:00:00  -  Run Local Usage
		Usr 0 00:00:09, Sys 0 00:00:20  -  Total Remote Usage
		Usr 0 00:00:00, Sys 0 00:00:00  -  Total Local Usage
	15175  -  Run Bytes Sent By Job
	8930  -  Run Bytes Received By Job
	15175  -  Total Bytes Sent By Job
	8930  -  Total Bytes Received By Job
	Partitionable Resources :    Usage  Request Allocated
	   Cpus                 :                 1         1
	   Disk (KB)            :  6297942 10000000  10537575
	   Memory (MB)          :      102     2100      2100
...
