000 (220712.000.000) 07/31 06:48:54 Job submitted from host: <131.225.189.232:9618?addrs=131.225.189.232-9618&noUDP&sock=8982_aaf4_3>
...
001 (220712.000.000) 07/31 06:49:15 Job executing on host: <131.225.191.145:45271?addrs=131.225.191.145-45271>
...
006 (220712.000.000) 07/31 06:49:24 Image size of job updated: 447536
	17  -  MemoryUsage of job (MB)
	17048  -  ResidentSetSize of job (KB)
...
006 (220712.000.000) 07/31 06:50:25 Image size of job updated: 447536
	71  -  MemoryUsage of job (MB)
	72344  -  ResidentSetSize of job (KB)
...
005 (220712.000.000) 07/31 06:50:36 Job terminated.
	(1) Normal termination (return value 90)
		Usr 0 00:00:00, Sys 0 00:00:13  -  Run Remote Usage
		Usr 0 00:00:00, Sys 0 00:00:00  -  Run Local Usage
		Usr 0 00:00:00, Sys 0 00:00:13  -  Total Remote Usage
		Usr 0 00:00:00, Sys 0 00:00:00  -  Total Local Usage
	8756  -  Run Bytes Sent By Job
	8930  -  Run Bytes Received By Job
	8756  -  Total Bytes Sent By Job
	8930  -  Total Bytes Received By Job
	Partitionable Resources :    Usage  Request Allocated
	   Cpus                 :                 1         1
	   Disk (KB)            :  5934090 10000000  11722136
	   Memory (MB)          :       71     2100      2100
...
000 (221274.000.000) 07/31 07:07:25 Job submitted from host: <131.225.189.232:9618?addrs=131.225.189.232-9618&noUDP&sock=8982_aaf4_3>
...
001 (221274.000.000) 07/31 07:07:58 Job executing on host: <131.225.204.66:53648?addrs=131.225.204.66-53648>
...
006 (221274.000.000) 07/31 07:08:07 Image size of job updated: 447524
	40  -  MemoryUsage of job (MB)
	40288  -  ResidentSetSize of job (KB)
...
006 (221274.000.000) 07/31 07:09:08 Image size of job updated: 447524
	69  -  MemoryUsage of job (MB)
	70288  -  ResidentSetSize of job (KB)
...
005 (221274.000.000) 07/31 07:09:24 Job terminated.
	(1) Normal termination (return value 90)
		Usr 0 00:00:00, Sys 0 00:00:14  -  Run Remote Usage
		Usr 0 00:00:00, Sys 0 00:00:00  -  Run Local Usage
		Usr 0 00:00:00, Sys 0 00:00:14  -  Total Remote Usage
		Usr 0 00:00:00, Sys 0 00:00:00  -  Total Local Usage
	9819  -  Run Bytes Sent By Job
	8930  -  Run Bytes Received By Job
	9819  -  Total Bytes Sent By Job
	8930  -  Total Bytes Received By Job
	Partitionable Resources :    Usage  Request Allocated
	   Cpus                 :                 1         1
	   Disk (KB)            :  5173353 10000000  10270842
	   Memory (MB)          :       69     2100      2100
...
000 (221829.000.000) 07/31 07:12:08 Job submitted from host: <131.225.189.232:9618?addrs=131.225.189.232-9618&noUDP&sock=8982_aaf4_3>
...
001 (221829.000.000) 07/31 07:12:31 Job executing on host: <131.225.204.39:14344?addrs=131.225.204.39-14344>
...
006 (221829.000.000) 07/31 07:12:40 Image size of job updated: 447524
	71  -  MemoryUsage of job (MB)
	72352  -  ResidentSetSize of job (KB)
...
006 (221829.000.000) 07/31 07:14:31 Image size of job updated: 769968
	71  -  MemoryUsage of job (MB)
	72352  -  ResidentSetSize of job (KB)
...
005 (221829.000.000) 07/31 07:14:32 Job terminated.
	(1) Normal termination (return value 65)
		Usr 0 00:00:10, Sys 0 00:00:18  -  Run Remote Usage
		Usr 0 00:00:00, Sys 0 00:00:00  -  Run Local Usage
		Usr 0 00:00:10, Sys 0 00:00:18  -  Total Remote Usage
		Usr 0 00:00:00, Sys 0 00:00:00  -  Total Local Usage
	8969  -  Run Bytes Sent By Job
	8930  -  Run Bytes Received By Job
	8969  -  Total Bytes Sent By Job
	8930  -  Total Bytes Received By Job
	Partitionable Resources :    Usage  Request Allocated
	   Cpus                 :                 1         1
	   Disk (KB)            :  6199000 10000000  10379391
	   Memory (MB)          :       71     2100      2100
...
000 (222391.000.000) 07/31 08:32:43 Job submitted from host: <131.225.189.232:9618?addrs=131.225.189.232-9618&noUDP&sock=8982_aaf4_3>
...
001 (222391.000.000) 07/31 08:33:24 Job executing on host: <131.225.204.41:44778?addrs=131.225.204.41-44778>
...
006 (222391.000.000) 07/31 08:33:32 Image size of job updated: 447524
	71  -  MemoryUsage of job (MB)
	72348  -  ResidentSetSize of job (KB)
...
006 (222391.000.000) 07/31 08:36:33 Image size of job updated: 769968
	430  -  MemoryUsage of job (MB)
	440296  -  ResidentSetSize of job (KB)
...
005 (222391.000.000) 07/31 08:36:45 Job terminated.
	(1) Normal termination (return value 65)
		Usr 0 00:00:13, Sys 0 00:00:17  -  Run Remote Usage
		Usr 0 00:00:00, Sys 0 00:00:00  -  Run Local Usage
		Usr 0 00:00:13, Sys 0 00:00:17  -  Total Remote Usage
		Usr 0 00:00:00, Sys 0 00:00:00  -  Total Local Usage
	15062  -  Run Bytes Sent By Job
	8930  -  Run Bytes Received By Job
	15062  -  Total Bytes Sent By Job
	8930  -  Total Bytes Received By Job
	Partitionable Resources :    Usage  Request Allocated
	   Cpus                 :                 1         1
	   Disk (KB)            :  5847376 10000000  10491999
	   Memory (MB)          :      430     2100      2100
...
000 (222946.000.000) 07/31 08:49:52 Job submitted from host: <131.225.189.232:9618?addrs=131.225.189.232-9618&noUDP&sock=8982_aaf4_3>
...
001 (222946.000.000) 07/31 08:50:37 Job executing on host: <131.225.206.233:63114?addrs=131.225.206.233-63114>
...
006 (222946.000.000) 07/31 08:50:46 Image size of job updated: 447528
	59  -  MemoryUsage of job (MB)
	59612  -  ResidentSetSize of job (KB)
...
006 (222946.000.000) 07/31 08:51:47 Image size of job updated: 447528
	69  -  MemoryUsage of job (MB)
	70288  -  ResidentSetSize of job (KB)
...
006 (222946.000.000) 07/31 08:53:49 Image size of job updated: 447528
	69  -  MemoryUsage of job (MB)
	70316  -  ResidentSetSize of job (KB)
...
006 (222946.000.000) 07/31 08:55:49 Image size of job updated: 769972
	427  -  MemoryUsage of job (MB)
	436624  -  ResidentSetSize of job (KB)
...
006 (222946.000.000) 07/31 08:56:03 Image size of job updated: 776116
	427  -  MemoryUsage of job (MB)
	436624  -  ResidentSetSize of job (KB)
...
005 (222946.000.000) 07/31 08:56:04 Job terminated.
	(1) Normal termination (return value 65)
		Usr 0 00:00:14, Sys 0 00:00:17  -  Run Remote Usage
		Usr 0 00:00:00, Sys 0 00:00:00  -  Run Local Usage
		Usr 0 00:00:14, Sys 0 00:00:17  -  Total Remote Usage
		Usr 0 00:00:00, Sys 0 00:00:00  -  Total Local Usage
	23983  -  Run Bytes Sent By Job
	44439  -  Run Bytes Received By Job
	23983  -  Total Bytes Sent By Job
	44439  -  Total Bytes Received By Job
	Partitionable Resources :    Usage  Request Allocated
	   Cpus                 :                 1         1
	   Disk (KB)            :  6201720 10000000  11925364
	   Memory (MB)          :      427     2100      2100
...
000 (223501.000.000) 07/31 09:06:20 Job submitted from host: <131.225.189.232:9618?addrs=131.225.189.232-9618&noUDP&sock=8982_aaf4_3>
...
