000 (220809.000.000) 07/31 06:49:15 Job submitted from host: <131.225.189.232:9618?addrs=131.225.189.232-9618&noUDP&sock=8982_aaf4_3>
...
001 (220809.000.000) 07/31 06:49:37 Job executing on host: <131.225.190.44:17345?addrs=131.225.190.44-17345>
...
006 (220809.000.000) 07/31 06:49:46 Image size of job updated: 447524
	71  -  MemoryUsage of job (MB)
	72348  -  ResidentSetSize of job (KB)
...
005 (220809.000.000) 07/31 06:51:48 Job terminated.
	(1) Normal termination (return value 90)
		Usr 0 00:00:02, Sys 0 00:00:25  -  Run Remote Usage
		Usr 0 00:00:00, Sys 0 00:00:00  -  Run Local Usage
		Usr 0 00:00:02, Sys 0 00:00:25  -  Total Remote Usage
		Usr 0 00:00:00, Sys 0 00:00:00  -  Total Local Usage
	12477  -  Run Bytes Sent By Job
	8930  -  Run Bytes Received By Job
	12477  -  Total Bytes Sent By Job
	8930  -  Total Bytes Received By Job
	Partitionable Resources :    Usage  Request Allocated
	   Cpus                 :                 1         1
	   Disk (KB)            :  4066315 10000000  15955846
	   Memory (MB)          :       71     2100      2100
...
000 (221371.000.000) 07/31 07:07:43 Job submitted from host: <131.225.189.232:9618?addrs=131.225.189.232-9618&noUDP&sock=8982_aaf4_3>
...
001 (221371.000.000) 07/31 07:08:17 Job executing on host: <131.225.204.36:9074?addrs=131.225.204.36-9074>
...
006 (221371.000.000) 07/31 07:08:26 Image size of job updated: 447524
	37  -  MemoryUsage of job (MB)
	37796  -  ResidentSetSize of job (KB)
...
006 (221371.000.000) 07/31 07:09:27 Image size of job updated: 447524
	69  -  MemoryUsage of job (MB)
	70396  -  ResidentSetSize of job (KB)
...
000 (221926.000.000) 07/31 07:12:24 Job submitted from host: <131.225.189.232:9618?addrs=131.225.189.232-9618&noUDP&sock=8982_aaf4_3>
...
001 (221926.000.000) 07/31 07:13:09 Job executing on host: <131.225.204.76:59502?addrs=131.225.204.76-59502>
...
006 (221926.000.000) 07/31 07:13:18 Image size of job updated: 2
	3  -  MemoryUsage of job (MB)
	2424  -  ResidentSetSize of job (KB)
...
006 (221926.000.000) 07/31 07:14:19 Image size of job updated: 447524
	69  -  MemoryUsage of job (MB)
	70356  -  ResidentSetSize of job (KB)
...
006 (221926.000.000) 07/31 07:15:19 Image size of job updated: 447524
	165  -  MemoryUsage of job (MB)
	168012  -  ResidentSetSize of job (KB)
...
006 (221926.000.000) 07/31 07:15:37 Image size of job updated: 701104
	165  -  MemoryUsage of job (MB)
	168012  -  ResidentSetSize of job (KB)
...
005 (221926.000.000) 07/31 07:15:37 Job terminated.
	(1) Normal termination (return value 65)
		Usr 0 00:00:10, Sys 0 00:00:16  -  Run Remote Usage
		Usr 0 00:00:00, Sys 0 00:00:00  -  Run Local Usage
		Usr 0 00:00:10, Sys 0 00:00:16  -  Total Remote Usage
		Usr 0 00:00:00, Sys 0 00:00:00  -  Total Local Usage
	12317  -  Run Bytes Sent By Job
	8930  -  Run Bytes Received By Job
	12317  -  Total Bytes Sent By Job
	8930  -  Total Bytes Received By Job
	Partitionable Resources :    Usage  Request Allocated
	   Cpus                 :                 1         1
	   Disk (KB)            :  6678823 10000000  13184040
	   Memory (MB)          :      165     2100      2100
...
005 (221371.000.000) 07/31 07:16:16 Job terminated.
	(1) Normal termination (return value 90)
		Usr 0 00:00:03, Sys 0 00:00:17  -  Run Remote Usage
		Usr 0 00:00:00, Sys 0 00:00:00  -  Run Local Usage
		Usr 0 00:00:03, Sys 0 00:00:17  -  Total Remote Usage
		Usr 0 00:00:00, Sys 0 00:00:00  -  Total Local Usage
	35491  -  Run Bytes Sent By Job
	8930  -  Run Bytes Received By Job
	35491  -  Total Bytes Sent By Job
	8930  -  Total Bytes Received By Job
	Partitionable Resources :    Usage  Request Allocated
	   Cpus                 :                 1         1
	   Disk (KB)            :  5927040 10000000  10338525
	   Memory (MB)          :       69     2100      2100
...
000 (222488.000.000) 07/31 08:32:50 Job submitted from host: <131.225.189.232:9618?addrs=131.225.189.232-9618&noUDP&sock=8982_aaf4_3>
...
001 (222488.000.000) 07/31 08:33:43 Job executing on host: <131.225.191.159:9675?addrs=131.225.191.159-9675>
...
006 (222488.000.000) 07/31 08:33:51 Image size of job updated: 447524
	20  -  MemoryUsage of job (MB)
	20188  -  ResidentSetSize of job (KB)
...
006 (222488.000.000) 07/31 08:34:51 Image size of job updated: 447524
	69  -  MemoryUsage of job (MB)
	70292  -  ResidentSetSize of job (KB)
...
006 (222488.000.000) 07/31 08:38:20 Image size of job updated: 507388
	69  -  MemoryUsage of job (MB)
	70292  -  ResidentSetSize of job (KB)
...
005 (222488.000.000) 07/31 08:38:21 Job terminated.
	(1) Normal termination (return value 65)
		Usr 0 00:00:05, Sys 0 00:00:22  -  Run Remote Usage
		Usr 0 00:00:00, Sys 0 00:00:00  -  Run Local Usage
		Usr 0 00:00:05, Sys 0 00:00:22  -  Total Remote Usage
		Usr 0 00:00:00, Sys 0 00:00:00  -  Total Local Usage
	21846  -  Run Bytes Sent By Job
	8930  -  Run Bytes Received By Job
	21846  -  Total Bytes Sent By Job
	8930  -  Total Bytes Received By Job
	Partitionable Resources :    Usage  Request Allocated
	   Cpus                 :                 1         1
	   Disk (KB)            :  6486360 10000000  11941120
	   Memory (MB)          :       69     2100      2100
...
