000 (220762.000.000) 07/31 06:49:04 Job submitted from host: <131.225.189.232:9618?addrs=131.225.189.232-9618&noUDP&sock=8982_aaf4_3>
...
001 (220762.000.000) 07/31 06:49:25 Job executing on host: <131.225.207.193:40545?addrs=131.225.207.193-40545>
...
006 (220762.000.000) 07/31 06:49:34 Image size of job updated: 447524
	71  -  MemoryUsage of job (MB)
	72352  -  ResidentSetSize of job (KB)
...
005 (220762.000.000) 07/31 06:51:50 Job terminated.
	(1) Normal termination (return value 90)
		Usr 0 00:00:01, Sys 0 00:00:09  -  Run Remote Usage
		Usr 0 00:00:00, Sys 0 00:00:00  -  Run Local Usage
		Usr 0 00:00:01, Sys 0 00:00:09  -  Total Remote Usage
		Usr 0 00:00:00, Sys 0 00:00:00  -  Total Local Usage
	14784  -  Run Bytes Sent By Job
	8930  -  Run Bytes Received By Job
	14784  -  Total Bytes Sent By Job
	8930  -  Total Bytes Received By Job
	Partitionable Resources :    Usage  Request Allocated
	   Cpus                 :                 1         1
	   Disk (KB)            :  2739215 10000000  13100560
	   Memory (MB)          :       71     2100      2100
...
000 (221324.000.000) 07/31 07:07:35 Job submitted from host: <131.225.189.232:9618?addrs=131.225.189.232-9618&noUDP&sock=8982_aaf4_3>
...
001 (221324.000.000) 07/31 07:08:08 Job executing on host: <131.225.206.111:11920?addrs=131.225.206.111-11920>
...
006 (221324.000.000) 07/31 07:08:17 Image size of job updated: 447524
	43  -  MemoryUsage of job (MB)
	43940  -  ResidentSetSize of job (KB)
...
006 (221324.000.000) 07/31 07:09:18 Image size of job updated: 447524
	71  -  MemoryUsage of job (MB)
	72344  -  ResidentSetSize of job (KB)
...
005 (221324.000.000) 07/31 07:12:00 Job terminated.
	(1) Normal termination (return value 90)
		Usr 0 00:00:01, Sys 0 00:00:12  -  Run Remote Usage
		Usr 0 00:00:00, Sys 0 00:00:00  -  Run Local Usage
		Usr 0 00:00:01, Sys 0 00:00:12  -  Total Remote Usage
		Usr 0 00:00:00, Sys 0 00:00:00  -  Total Local Usage
	16740  -  Run Bytes Sent By Job
	8930  -  Run Bytes Received By Job
	16740  -  Total Bytes Sent By Job
	8930  -  Total Bytes Received By Job
	Partitionable Resources :    Usage  Request Allocated
	   Cpus                 :                 1         1
	   Disk (KB)            :  2519151 10000000  10537575
	   Memory (MB)          :       71     2100      2100
...
000 (221879.000.000) 07/31 07:12:16 Job submitted from host: <131.225.189.232:9618?addrs=131.225.189.232-9618&noUDP&sock=8982_aaf4_3>
...
001 (221879.000.000) 07/31 07:12:34 Job executing on host: <131.225.205.187:52979?addrs=131.225.205.187-52979>
...
006 (221879.000.000) 07/31 07:12:43 Image size of job updated: 447524
	71  -  MemoryUsage of job (MB)
	72348  -  ResidentSetSize of job (KB)
...
006 (221879.000.000) 07/31 07:13:47 Image size of job updated: 447524
	136  -  MemoryUsage of job (MB)
	138360  -  ResidentSetSize of job (KB)
...
006 (221879.000.000) 07/31 07:14:13 Image size of job updated: 758196
	136  -  MemoryUsage of job (MB)
	138360  -  ResidentSetSize of job (KB)
...
005 (221879.000.000) 07/31 07:14:13 Job terminated.
	(1) Normal termination (return value 65)
		Usr 0 00:00:15, Sys 0 00:00:11  -  Run Remote Usage
		Usr 0 00:00:00, Sys 0 00:00:00  -  Run Local Usage
		Usr 0 00:00:15, Sys 0 00:00:11  -  Total Remote Usage
		Usr 0 00:00:00, Sys 0 00:00:00  -  Total Local Usage
	5967  -  Run Bytes Sent By Job
	8930  -  Run Bytes Received By Job
	5967  -  Total Bytes Sent By Job
	8930  -  Total Bytes Received By Job
	Partitionable Resources :    Usage  Request Allocated
	   Cpus                 :                 1         1
	   Disk (KB)            :  3093821 10000000  17112764
	   Memory (MB)          :      136     2100      2100
...
000 (222441.000.000) 07/31 08:32:47 Job submitted from host: <131.225.189.232:9618?addrs=131.225.189.232-9618&noUDP&sock=8982_aaf4_3>
...
001 (222441.000.000) 07/31 08:33:33 Job executing on host: <131.225.204.107:46513?addrs=131.225.204.107-46513>
...
006 (222441.000.000) 07/31 08:33:43 Image size of job updated: 2
	3  -  MemoryUsage of job (MB)
	2424  -  ResidentSetSize of job (KB)
...
006 (222441.000.000) 07/31 08:34:43 Image size of job updated: 447524
	71  -  MemoryUsage of job (MB)
	72344  -  ResidentSetSize of job (KB)
...
006 (222441.000.000) 07/31 08:35:13 Image size of job updated: 493960
	71  -  MemoryUsage of job (MB)
	72344  -  ResidentSetSize of job (KB)
...
005 (222441.000.000) 07/31 08:35:14 Job terminated.
	(1) Normal termination (return value 65)
		Usr 0 00:00:03, Sys 0 00:00:08  -  Run Remote Usage
		Usr 0 00:00:00, Sys 0 00:00:00  -  Run Local Usage
		Usr 0 00:00:03, Sys 0 00:00:08  -  Total Remote Usage
		Usr 0 00:00:00, Sys 0 00:00:00  -  Total Local Usage
	8586  -  Run Bytes Sent By Job
	8930  -  Run Bytes Received By Job
	8586  -  Total Bytes Sent By Job
	8930  -  Total Bytes Received By Job
	Partitionable Resources :    Usage  Request Allocated
	   Cpus                 :                 1         1
	   Disk (KB)            :  3096691 10000000  10293897
	   Memory (MB)          :       71     2100      2100
...
