000 (220797.000.000) 07/31 06:49:12 Job submitted from host: <131.225.189.232:9618?addrs=131.225.189.232-9618&noUDP&sock=8982_aaf4_3>
...
001 (220797.000.000) 07/31 06:49:35 Job executing on host: <131.225.204.29:17298?addrs=131.225.204.29-17298>
...
006 (220797.000.000) 07/31 06:49:44 Image size of job updated: 2
	3  -  MemoryUsage of job (MB)
	2424  -  ResidentSetSize of job (KB)
...
006 (220797.000.000) 07/31 06:50:45 Image size of job updated: 447524
	69  -  MemoryUsage of job (MB)
	70028  -  ResidentSetSize of job (KB)
...
006 (220797.000.000) 07/31 06:51:46 Image size of job updated: 447524
	69  -  MemoryUsage of job (MB)
	70284  -  ResidentSetSize of job (KB)
...
006 (220797.000.000) 07/31 06:52:48 Image size of job updated: 447524
	69  -  MemoryUsage of job (MB)
	70292  -  ResidentSetSize of job (KB)
...
005 (220797.000.000) 07/31 06:55:42 Job terminated.
	(1) Normal termination (return value 90)
		Usr 0 00:00:02, Sys 0 00:00:22  -  Run Remote Usage
		Usr 0 00:00:00, Sys 0 00:00:00  -  Run Local Usage
		Usr 0 00:00:02, Sys 0 00:00:22  -  Total Remote Usage
		Usr 0 00:00:00, Sys 0 00:00:00  -  Total Local Usage
	27328  -  Run Bytes Sent By Job
	8930  -  Run Bytes Received By Job
	27328  -  Total Bytes Sent By Job
	8930  -  Total Bytes Received By Job
	Partitionable Resources :    Usage  Request Allocated
	   Cpus                 :                 1         1
	   Disk (KB)            :  4475928 10000000  10549602
	   Memory (MB)          :       69     2100      2100
...
000 (221359.000.000) 07/31 07:07:41 Job submitted from host: <131.225.189.232:9618?addrs=131.225.189.232-9618&noUDP&sock=8982_aaf4_3>
...
001 (221359.000.000) 07/31 07:08:15 Job executing on host: <131.225.204.82:42014?addrs=131.225.204.82-42014>
...
006 (221359.000.000) 07/31 07:08:24 Image size of job updated: 447524
	71  -  MemoryUsage of job (MB)
	72344  -  ResidentSetSize of job (KB)
...
005 (221359.000.000) 07/31 07:10:38 Job terminated.
	(1) Normal termination (return value 90)
		Usr 0 00:00:01, Sys 0 00:00:20  -  Run Remote Usage
		Usr 0 00:00:00, Sys 0 00:00:00  -  Run Local Usage
		Usr 0 00:00:01, Sys 0 00:00:20  -  Total Remote Usage
		Usr 0 00:00:00, Sys 0 00:00:00  -  Total Local Usage
	14350  -  Run Bytes Sent By Job
	8930  -  Run Bytes Received By Job
	14350  -  Total Bytes Sent By Job
	8930  -  Total Bytes Received By Job
	Partitionable Resources :    Usage  Request Allocated
	   Cpus                 :                 1         1
	   Disk (KB)            :  6185114 10000000  10403736
	   Memory (MB)          :       71     2100      2100
...
000 (221914.000.000) 07/31 07:12:22 Job submitted from host: <131.225.189.232:9618?addrs=131.225.189.232-9618&noUDP&sock=8982_aaf4_3>
...
001 (221914.000.000) 07/31 07:13:16 Job executing on host: <131.225.191.155:28550?addrs=131.225.191.155-28550>
...
006 (221914.000.000) 07/31 07:13:24 Image size of job updated: 102484
	21  -  MemoryUsage of job (MB)
	20596  -  ResidentSetSize of job (KB)
...
006 (221914.000.000) 07/31 07:14:24 Image size of job updated: 447524
	69  -  MemoryUsage of job (MB)
	70568  -  ResidentSetSize of job (KB)
...
006 (221914.000.000) 07/31 07:19:07 Image size of job updated: 743596
	69  -  MemoryUsage of job (MB)
	70568  -  ResidentSetSize of job (KB)
...
005 (221914.000.000) 07/31 07:19:08 Job terminated.
	(1) Normal termination (return value 65)
		Usr 0 00:00:11, Sys 0 00:00:18  -  Run Remote Usage
		Usr 0 00:00:00, Sys 0 00:00:00  -  Run Local Usage
		Usr 0 00:00:11, Sys 0 00:00:18  -  Total Remote Usage
		Usr 0 00:00:00, Sys 0 00:00:00  -  Total Local Usage
	25242  -  Run Bytes Sent By Job
	8930  -  Run Bytes Received By Job
	25242  -  Total Bytes Sent By Job
	8930  -  Total Bytes Received By Job
	Partitionable Resources :    Usage  Request Allocated
	   Cpus                 :                 1         1
	   Disk (KB)            :  5680679 10000000  12207336
	   Memory (MB)          :       69     2100      2100
...
