000 (220981.000.000) 07/31 06:49:51 Job submitted from host: <131.225.189.232:9618?addrs=131.225.189.232-9618&noUDP&sock=8982_aaf4_3>
...
001 (220981.000.000) 07/31 06:51:27 Job executing on host: <131.225.204.29:17298?addrs=131.225.204.29-17298>
...
006 (220981.000.000) 07/31 06:51:35 Image size of job updated: 447524
	71  -  MemoryUsage of job (MB)
	72344  -  ResidentSetSize of job (KB)
...
005 (220981.000.000) 07/31 06:53:04 Job terminated.
	(1) Normal termination (return value 90)
		Usr 0 00:00:00, Sys 0 00:00:15  -  Run Remote Usage
		Usr 0 00:00:00, Sys 0 00:00:00  -  Run Local Usage
		Usr 0 00:00:00, Sys 0 00:00:15  -  Total Remote Usage
		Usr 0 00:00:00, Sys 0 00:00:00  -  Total Local Usage
	8752  -  Run Bytes Sent By Job
	8930  -  Run Bytes Received By Job
	8752  -  Total Bytes Sent By Job
	8930  -  Total Bytes Received By Job
	Partitionable Resources :    Usage  Request Allocated
	   Cpus                 :                 1         1
	   Disk (KB)            :  6163466 10000000  10289805
	   Memory (MB)          :       71     2100      2100
...
000 (221543.000.000) 07/31 07:08:13 Job submitted from host: <131.225.189.232:9618?addrs=131.225.189.232-9618&noUDP&sock=8982_aaf4_3>
...
001 (221543.000.000) 07/31 07:09:15 Job executing on host: <131.225.204.83:38868?addrs=131.225.204.83-38868>
...
006 (221543.000.000) 07/31 07:09:30 Image size of job updated: 447524
	71  -  MemoryUsage of job (MB)
	72348  -  ResidentSetSize of job (KB)
...
005 (221543.000.000) 07/31 07:11:35 Job terminated.
	(1) Normal termination (return value 90)
		Usr 0 00:00:02, Sys 0 00:00:16  -  Run Remote Usage
		Usr 0 00:00:00, Sys 0 00:00:00  -  Run Local Usage
		Usr 0 00:00:02, Sys 0 00:00:16  -  Total Remote Usage
		Usr 0 00:00:00, Sys 0 00:00:00  -  Total Local Usage
	13192  -  Run Bytes Sent By Job
	8930  -  Run Bytes Received By Job
	13192  -  Total Bytes Sent By Job
	8930  -  Total Bytes Received By Job
	Partitionable Resources :    Usage  Request Allocated
	   Cpus                 :                 1         1
	   Disk (KB)            :  6205550 10000000  10125999
	   Memory (MB)          :       71     2100      2100
...
000 (222098.000.000) 07/31 07:12:53 Job submitted from host: <131.225.189.232:9618?addrs=131.225.189.232-9618&noUDP&sock=8982_aaf4_3>
...
001 (222098.000.000) 07/31 07:14:32 Job executing on host: <131.225.207.166:17202?addrs=131.225.207.166-17202>
...
006 (222098.000.000) 07/31 07:14:40 Image size of job updated: 102480
	3  -  MemoryUsage of job (MB)
	2468  -  ResidentSetSize of job (KB)
...
006 (222098.000.000) 07/31 07:15:40 Image size of job updated: 447524
	71  -  MemoryUsage of job (MB)
	72344  -  ResidentSetSize of job (KB)
...
006 (222098.000.000) 07/31 07:17:11 Image size of job updated: 672424
	71  -  MemoryUsage of job (MB)
	72344  -  ResidentSetSize of job (KB)
...
005 (222098.000.000) 07/31 07:17:13 Job terminated.
	(1) Normal termination (return value 65)
		Usr 0 00:00:08, Sys 0 00:00:18  -  Run Remote Usage
		Usr 0 00:00:00, Sys 0 00:00:00  -  Run Local Usage
		Usr 0 00:00:08, Sys 0 00:00:18  -  Total Remote Usage
		Usr 0 00:00:00, Sys 0 00:00:00  -  Total Local Usage
	10023  -  Run Bytes Sent By Job
	8930  -  Run Bytes Received By Job
	10023  -  Total Bytes Sent By Job
	8930  -  Total Bytes Received By Job
	Partitionable Resources :    Usage  Request Allocated
	   Cpus                 :                 1         1
	   Disk (KB)            :  6734159 10000000  10103637
	   Memory (MB)          :       71     2100      2100
...
000 (222660.000.000) 07/31 08:33:02 Job submitted from host: <131.225.189.232:9618?addrs=131.225.189.232-9618&noUDP&sock=8982_aaf4_3>
...
001 (222660.000.000) 07/31 08:34:56 Job executing on host: <131.225.206.5:45131?addrs=131.225.206.5-45131>
...
006 (222660.000.000) 07/31 08:35:04 Image size of job updated: 2
	3  -  MemoryUsage of job (MB)
	2416  -  ResidentSetSize of job (KB)
...
006 (222660.000.000) 07/31 08:36:04 Image size of job updated: 447524
	71  -  MemoryUsage of job (MB)
	72348  -  ResidentSetSize of job (KB)
...
006 (222660.000.000) 07/31 08:37:04 Image size of job updated: 447524
	164  -  MemoryUsage of job (MB)
	167588  -  ResidentSetSize of job (KB)
...
006 (222660.000.000) 07/31 08:37:13 Image size of job updated: 672680
	164  -  MemoryUsage of job (MB)
	167588  -  ResidentSetSize of job (KB)
...
005 (222660.000.000) 07/31 08:37:14 Job terminated.
	(1) Normal termination (return value 65)
		Usr 0 00:00:08, Sys 0 00:00:14  -  Run Remote Usage
		Usr 0 00:00:00, Sys 0 00:00:00  -  Run Local Usage
		Usr 0 00:00:08, Sys 0 00:00:14  -  Total Remote Usage
		Usr 0 00:00:00, Sys 0 00:00:00  -  Total Local Usage
	9127  -  Run Bytes Sent By Job
	8930  -  Run Bytes Received By Job
	9127  -  Total Bytes Sent By Job
	8930  -  Total Bytes Received By Job
	Partitionable Resources :    Usage  Request Allocated
	   Cpus                 :                 1         1
	   Disk (KB)            :  6737026 10000000  10382640
	   Memory (MB)          :      164     2100      2100
...
000 (223215.000.000) 07/31 08:50:05 Job submitted from host: <131.225.189.232:9618?addrs=131.225.189.232-9618&noUDP&sock=8982_aaf4_3>
...
001 (223215.000.000) 07/31 08:51:26 Job executing on host: <131.225.205.180:30887?addrs=131.225.205.180-30887>
...
006 (223215.000.000) 07/31 08:51:35 Image size of job updated: 447524
	71  -  MemoryUsage of job (MB)
	72348  -  ResidentSetSize of job (KB)
...
006 (223215.000.000) 07/31 08:54:37 Image size of job updated: 682164
	399  -  MemoryUsage of job (MB)
	407940  -  ResidentSetSize of job (KB)
...
006 (223215.000.000) 07/31 08:55:13 Image size of job updated: 772788
	399  -  MemoryUsage of job (MB)
	407940  -  ResidentSetSize of job (KB)
...
005 (223215.000.000) 07/31 08:55:14 Job terminated.
	(1) Normal termination (return value 65)
		Usr 0 00:00:17, Sys 0 00:00:23  -  Run Remote Usage
		Usr 0 00:00:00, Sys 0 00:00:00  -  Run Local Usage
		Usr 0 00:00:17, Sys 0 00:00:23  -  Total Remote Usage
		Usr 0 00:00:00, Sys 0 00:00:00  -  Total Local Usage
	17428  -  Run Bytes Sent By Job
	44439  -  Run Bytes Received By Job
	17428  -  Total Bytes Sent By Job
	44439  -  Total Bytes Received By Job
	Partitionable Resources :    Usage  Request Allocated
	   Cpus                 :                 1         1
	   Disk (KB)            :  6736872 10000000  17141428
	   Memory (MB)          :      399     2100      2100
...
000 (223770.000.000) 07/31 09:06:32 Job submitted from host: <131.225.189.232:9618?addrs=131.225.189.232-9618&noUDP&sock=8982_aaf4_3>
...
