000 (220617.000.000) 07/31 06:48:34 Job submitted from host: <131.225.189.232:9618?addrs=131.225.189.232-9618&noUDP&sock=8982_aaf4_3>
...
001 (220617.000.000) 07/31 06:48:57 Job executing on host: <131.225.206.228:30712?addrs=131.225.206.228-30712>
...
006 (220617.000.000) 07/31 06:49:06 Image size of job updated: 447524
	71  -  MemoryUsage of job (MB)
	72344  -  ResidentSetSize of job (KB)
...
005 (220617.000.000) 07/31 06:53:54 Job terminated.
	(1) Normal termination (return value 90)
		Usr 0 00:00:02, Sys 0 00:00:20  -  Run Remote Usage
		Usr 0 00:00:00, Sys 0 00:00:00  -  Run Local Usage
		Usr 0 00:00:02, Sys 0 00:00:20  -  Total Remote Usage
		Usr 0 00:00:00, Sys 0 00:00:00  -  Total Local Usage
	27099  -  Run Bytes Sent By Job
	8930  -  Run Bytes Received By Job
	27099  -  Total Bytes Sent By Job
	8930  -  Total Bytes Received By Job
	Partitionable Resources :    Usage  Request Allocated
	   Cpus                 :                 1         1
	   Disk (KB)            :  5508121 10000000  11808504
	   Memory (MB)          :       71     2100      2100
...
000 (221179.000.000) 07/31 07:07:09 Job submitted from host: <131.225.189.232:9618?addrs=131.225.189.232-9618&noUDP&sock=8982_aaf4_3>
...
001 (221179.000.000) 07/31 07:07:39 Job executing on host: <131.225.206.13:36512?addrs=131.225.206.13-36512>
...
006 (221179.000.000) 07/31 07:07:48 Image size of job updated: 447532
	11  -  MemoryUsage of job (MB)
	10904  -  ResidentSetSize of job (KB)
...
006 (221179.000.000) 07/31 07:08:49 Image size of job updated: 447532
	69  -  MemoryUsage of job (MB)
	70288  -  ResidentSetSize of job (KB)
...
000 (221734.000.000) 07/31 07:11:51 Job submitted from host: <131.225.189.232:9618?addrs=131.225.189.232-9618&noUDP&sock=8982_aaf4_3>
...
001 (221734.000.000) 07/31 07:12:09 Job executing on host: <131.225.206.189:32833?addrs=131.225.206.189-32833>
...
006 (221734.000.000) 07/31 07:12:19 Image size of job updated: 447536
	23  -  MemoryUsage of job (MB)
	23192  -  ResidentSetSize of job (KB)
...
006 (221734.000.000) 07/31 07:13:19 Image size of job updated: 447536
	70  -  MemoryUsage of job (MB)
	71352  -  ResidentSetSize of job (KB)
...
005 (221179.000.000) 07/31 07:14:01 Job terminated.
	(1) Normal termination (return value 90)
		Usr 0 00:00:02, Sys 0 00:00:20  -  Run Remote Usage
		Usr 0 00:00:00, Sys 0 00:00:00  -  Run Local Usage
		Usr 0 00:00:02, Sys 0 00:00:20  -  Total Remote Usage
		Usr 0 00:00:00, Sys 0 00:00:00  -  Total Local Usage
	32055  -  Run Bytes Sent By Job
	8930  -  Run Bytes Received By Job
	32055  -  Total Bytes Sent By Job
	8930  -  Total Bytes Received By Job
	Partitionable Resources :    Usage  Request Allocated
	   Cpus                 :                 1         1
	   Disk (KB)            :  6172800 10000000  10225245
	   Memory (MB)          :       69     2100      2100
...
006 (221734.000.000) 07/31 07:19:24 Image size of job updated: 769972
	395  -  MemoryUsage of job (MB)
	404264  -  ResidentSetSize of job (KB)
...
005 (221734.000.000) 07/31 07:19:30 Job terminated.
	(1) Normal termination (return value 65)
		Usr 0 00:00:14, Sys 0 00:00:22  -  Run Remote Usage
		Usr 0 00:00:00, Sys 0 00:00:00  -  Run Local Usage
		Usr 0 00:00:14, Sys 0 00:00:22  -  Total Remote Usage
		Usr 0 00:00:00, Sys 0 00:00:00  -  Total Local Usage
	28348  -  Run Bytes Sent By Job
	8930  -  Run Bytes Received By Job
	28348  -  Total Bytes Sent By Job
	8930  -  Total Bytes Received By Job
	Partitionable Resources :    Usage  Request Allocated
	   Cpus                 :                 1         1
	   Disk (KB)            :  6192450 10000000  11738440
	   Memory (MB)          :      395     2100      2100
...
