000 (220982.000.000) 07/31 06:49:51 Job submitted from host: <131.225.189.232:9618?addrs=131.225.189.232-9618&noUDP&sock=8982_aaf4_3>
...
001 (220982.000.000) 07/31 06:50:56 Job executing on host: <131.225.206.218:37050?addrs=131.225.206.218-37050>
...
006 (220982.000.000) 07/31 06:51:05 Image size of job updated: 381924
	21  -  MemoryUsage of job (MB)
	21080  -  ResidentSetSize of job (KB)
...
006 (220982.000.000) 07/31 06:52:06 Image size of job updated: 447524
	71  -  MemoryUsage of job (MB)
	72344  -  ResidentSetSize of job (KB)
...
005 (220982.000.000) 07/31 06:53:26 Job terminated.
	(1) Normal termination (return value 90)
		Usr 0 00:00:01, Sys 0 00:00:18  -  Run Remote Usage
		Usr 0 00:00:00, Sys 0 00:00:00  -  Run Local Usage
		Usr 0 00:00:01, Sys 0 00:00:18  -  Total Remote Usage
		Usr 0 00:00:00, Sys 0 00:00:00  -  Total Local Usage
	12453  -  Run Bytes Sent By Job
	8930  -  Run Bytes Received By Job
	12453  -  Total Bytes Sent By Job
	8930  -  Total Bytes Received By Job
	Partitionable Resources :    Usage  Request Allocated
	   Cpus                 :                 1         1
	   Disk (KB)            :  6586389 10000000  11731832
	   Memory (MB)          :       71     2100      2100
...
000 (221544.000.000) 07/31 07:08:13 Job submitted from host: <131.225.189.232:9618?addrs=131.225.189.232-9618&noUDP&sock=8982_aaf4_3>
...
001 (221544.000.000) 07/31 07:09:18 Job executing on host: <131.225.207.135:42542?addrs=131.225.207.135-42542>
...
006 (221544.000.000) 07/31 07:09:26 Image size of job updated: 2
	3  -  MemoryUsage of job (MB)
	2420  -  ResidentSetSize of job (KB)
...
006 (221544.000.000) 07/31 07:10:26 Image size of job updated: 447524
	71  -  MemoryUsage of job (MB)
	72348  -  ResidentSetSize of job (KB)
...
005 (221544.000.000) 07/31 07:11:02 Job terminated.
	(1) Normal termination (return value 90)
		Usr 0 00:00:00, Sys 0 00:00:15  -  Run Remote Usage
		Usr 0 00:00:00, Sys 0 00:00:00  -  Run Local Usage
		Usr 0 00:00:00, Sys 0 00:00:15  -  Total Remote Usage
		Usr 0 00:00:00, Sys 0 00:00:00  -  Total Local Usage
	9458  -  Run Bytes Sent By Job
	8930  -  Run Bytes Received By Job
	9458  -  Total Bytes Sent By Job
	8930  -  Total Bytes Received By Job
	Partitionable Resources :    Usage  Request Allocated
	   Cpus                 :                 1         1
	   Disk (KB)            :  3731559 10000000  10475259
	   Memory (MB)          :       71     2100      2100
...
000 (222099.000.000) 07/31 07:12:53 Job submitted from host: <131.225.189.232:9618?addrs=131.225.189.232-9618&noUDP&sock=8982_aaf4_3>
...
001 (222099.000.000) 07/31 07:14:32 Job executing on host: <131.225.204.120:53561?addrs=131.225.204.120-53561>
...
006 (222099.000.000) 07/31 07:14:41 Image size of job updated: 447524
	30  -  MemoryUsage of job (MB)
	30468  -  ResidentSetSize of job (KB)
...
006 (222099.000.000) 07/31 07:15:42 Image size of job updated: 447524
	71  -  MemoryUsage of job (MB)
	72340  -  ResidentSetSize of job (KB)
...
006 (222099.000.000) 07/31 07:19:27 Image size of job updated: 772784
	71  -  MemoryUsage of job (MB)
	72340  -  ResidentSetSize of job (KB)
...
005 (222099.000.000) 07/31 07:19:28 Job terminated.
	(1) Normal termination (return value 65)
		Usr 0 00:00:13, Sys 0 00:00:17  -  Run Remote Usage
		Usr 0 00:00:00, Sys 0 00:00:00  -  Run Local Usage
		Usr 0 00:00:13, Sys 0 00:00:17  -  Total Remote Usage
		Usr 0 00:00:00, Sys 0 00:00:00  -  Total Local Usage
	24856  -  Run Bytes Sent By Job
	8930  -  Run Bytes Received By Job
	24856  -  Total Bytes Sent By Job
	8930  -  Total Bytes Received By Job
	Partitionable Resources :    Usage  Request Allocated
	   Cpus                 :                 1         1
	   Disk (KB)            :  6024743 10000000  10374006
	   Memory (MB)          :       71     2100      2100
...
