000 (220563.000.000) 07/31 06:48:23 Job submitted from host: <131.225.189.232:9618?addrs=131.225.189.232-9618&noUDP&sock=8982_aaf4_3>
...
001 (220563.000.000) 07/31 06:48:46 Job executing on host: <131.225.204.77:57293?addrs=131.225.204.77-57293>
...
006 (220563.000.000) 07/31 06:48:55 Image size of job updated: 447524
	51  -  MemoryUsage of job (MB)
	51592  -  ResidentSetSize of job (KB)
...
006 (220563.000.000) 07/31 06:49:56 Image size of job updated: 447524
	71  -  MemoryUsage of job (MB)
	72352  -  ResidentSetSize of job (KB)
...
005 (220563.000.000) 07/31 06:52:39 Job terminated.
	(1) Normal termination (return value 90)
		Usr 0 00:00:01, Sys 0 00:00:22  -  Run Remote Usage
		Usr 0 00:00:00, Sys 0 00:00:00  -  Run Local Usage
		Usr 0 00:00:01, Sys 0 00:00:22  -  Total Remote Usage
		Usr 0 00:00:00, Sys 0 00:00:00  -  Total Local Usage
	22387  -  Run Bytes Sent By Job
	8930  -  Run Bytes Received By Job
	22387  -  Total Bytes Sent By Job
	8930  -  Total Bytes Received By Job
	Partitionable Resources :    Usage  Request Allocated
	   Cpus                 :                 1         1
	   Disk (KB)            :  3443727 10000000  10325832
	   Memory (MB)          :       71     2100      2100
...
000 (221125.000.000) 07/31 07:06:59 Job submitted from host: <131.225.189.232:9618?addrs=131.225.189.232-9618&noUDP&sock=8982_aaf4_3>
...
001 (221125.000.000) 07/31 07:07:18 Job executing on host: <131.225.206.234:37922?addrs=131.225.206.234-37922>
...
006 (221125.000.000) 07/31 07:07:27 Image size of job updated: 447524
	53  -  MemoryUsage of job (MB)
	54212  -  ResidentSetSize of job (KB)
...
006 (221125.000.000) 07/31 07:08:29 Image size of job updated: 447524
	71  -  MemoryUsage of job (MB)
	72340  -  ResidentSetSize of job (KB)
...
005 (221125.000.000) 07/31 07:11:14 Job terminated.
	(1) Normal termination (return value 90)
		Usr 0 00:00:01, Sys 0 00:00:19  -  Run Remote Usage
		Usr 0 00:00:00, Sys 0 00:00:00  -  Run Local Usage
		Usr 0 00:00:01, Sys 0 00:00:19  -  Total Remote Usage
		Usr 0 00:00:00, Sys 0 00:00:00  -  Total Local Usage
	13667  -  Run Bytes Sent By Job
	8930  -  Run Bytes Received By Job
	13667  -  Total Bytes Sent By Job
	8930  -  Total Bytes Received By Job
	Partitionable Resources :    Usage  Request Allocated
	   Cpus                 :                 1         1
	   Disk (KB)            :  6085317 10000000  11553288
	   Memory (MB)          :       71     2100      2100
...
000 (221680.000.000) 07/31 07:11:41 Job submitted from host: <131.225.189.232:9618?addrs=131.225.189.232-9618&noUDP&sock=8982_aaf4_3>
...
001 (221680.000.000) 07/31 07:11:50 Job executing on host: <131.225.204.103:41640?addrs=131.225.204.103-41640>
...
006 (221680.000.000) 07/31 07:11:59 Image size of job updated: 447524
	71  -  MemoryUsage of job (MB)
	72348  -  ResidentSetSize of job (KB)
...
006 (221680.000.000) 07/31 07:13:57 Image size of job updated: 772016
	71  -  MemoryUsage of job (MB)
	72348  -  ResidentSetSize of job (KB)
...
005 (221680.000.000) 07/31 07:13:58 Job terminated.
	(1) Normal termination (return value 65)
		Usr 0 00:00:12, Sys 0 00:00:15  -  Run Remote Usage
		Usr 0 00:00:00, Sys 0 00:00:00  -  Run Local Usage
		Usr 0 00:00:12, Sys 0 00:00:15  -  Total Remote Usage
		Usr 0 00:00:00, Sys 0 00:00:00  -  Total Local Usage
	9947  -  Run Bytes Sent By Job
	8930  -  Run Bytes Received By Job
	9947  -  Total Bytes Sent By Job
	8930  -  Total Bytes Received By Job
	Partitionable Resources :    Usage  Request Allocated
	   Cpus                 :                 1         1
	   Disk (KB)            :  5467672 10000000  10102830
	   Memory (MB)          :       71     2100      2100
...
000 (222242.000.000) 07/31 08:32:32 Job submitted from host: <131.225.189.232:9618?addrs=131.225.189.232-9618&noUDP&sock=8982_aaf4_3>
...
001 (222242.000.000) 07/31 08:32:52 Job executing on host: <131.225.206.194:9227?addrs=131.225.206.194-9227>
...
006 (222242.000.000) 07/31 08:33:00 Image size of job updated: 447524
	69  -  MemoryUsage of job (MB)
	70204  -  ResidentSetSize of job (KB)
...
006 (222242.000.000) 07/31 08:34:00 Image size of job updated: 447524
	69  -  MemoryUsage of job (MB)
	70412  -  ResidentSetSize of job (KB)
...
006 (222242.000.000) 07/31 08:35:55 Image size of job updated: 769972
	69  -  MemoryUsage of job (MB)
	70412  -  ResidentSetSize of job (KB)
...
005 (222242.000.000) 07/31 08:35:55 Job terminated.
	(1) Normal termination (return value 65)
		Usr 0 00:00:12, Sys 0 00:00:17  -  Run Remote Usage
		Usr 0 00:00:00, Sys 0 00:00:00  -  Run Local Usage
		Usr 0 00:00:12, Sys 0 00:00:17  -  Total Remote Usage
		Usr 0 00:00:00, Sys 0 00:00:00  -  Total Local Usage
	13836  -  Run Bytes Sent By Job
	8930  -  Run Bytes Received By Job
	13836  -  Total Bytes Sent By Job
	8930  -  Total Bytes Received By Job
	Partitionable Resources :    Usage  Request Allocated
	   Cpus                 :                 1         1
	   Disk (KB)            :  5585495 10000000  11883992
	   Memory (MB)          :       69     2100      2100
...
