000 (220718.000.000) 07/31 06:48:55 Job submitted from host: <131.225.189.232:9618?addrs=131.225.189.232-9618&noUDP&sock=8982_aaf4_3>
...
001 (220718.000.000) 07/31 06:49:16 Job executing on host: <131.225.206.9:21217?addrs=131.225.206.9-21217>
...
006 (220718.000.000) 07/31 06:49:25 Image size of job updated: 2
	3  -  MemoryUsage of job (MB)
	2424  -  ResidentSetSize of job (KB)
...
006 (220718.000.000) 07/31 06:50:23 Image size of job updated: 447524
	3  -  MemoryUsage of job (MB)
	2424  -  ResidentSetSize of job (KB)
...
005 (220718.000.000) 07/31 06:50:23 Job terminated.
	(1) Normal termination (return value 90)
		Usr 0 00:00:00, Sys 0 00:00:06  -  Run Remote Usage
		Usr 0 00:00:00, Sys 0 00:00:00  -  Run Local Usage
		Usr 0 00:00:00, Sys 0 00:00:06  -  Total Remote Usage
		Usr 0 00:00:00, Sys 0 00:00:00  -  Total Local Usage
	6789  -  Run Bytes Sent By Job
	8930  -  Run Bytes Received By Job
	6789  -  Total Bytes Sent By Job
	8930  -  Total Bytes Received By Job
	Partitionable Resources :    Usage  Request Allocated
	   Cpus                 :                 1         1
	   Disk (KB)            :   543749 10000000  10576758
	   Memory (MB)          :        3     2100      2100
...
000 (221280.000.000) 07/31 07:07:26 Job submitted from host: <131.225.189.232:9618?addrs=131.225.189.232-9618&noUDP&sock=8982_aaf4_3>
...
001 (221280.000.000) 07/31 07:07:59 Job executing on host: <131.225.204.33:65431?addrs=131.225.204.33-65431>
...
006 (221280.000.000) 07/31 07:08:08 Image size of job updated: 250836
	7  -  MemoryUsage of job (MB)
	6684  -  ResidentSetSize of job (KB)
...
006 (221280.000.000) 07/31 07:09:09 Image size of job updated: 447524
	69  -  MemoryUsage of job (MB)
	70320  -  ResidentSetSize of job (KB)
...
005 (221280.000.000) 07/31 07:10:47 Job terminated.
	(1) Normal termination (return value 90)
		Usr 0 00:00:00, Sys 0 00:00:09  -  Run Remote Usage
		Usr 0 00:00:00, Sys 0 00:00:00  -  Run Local Usage
		Usr 0 00:00:00, Sys 0 00:00:09  -  Total Remote Usage
		Usr 0 00:00:00, Sys 0 00:00:00  -  Total Local Usage
	14471  -  Run Bytes Sent By Job
	8930  -  Run Bytes Received By Job
	14471  -  Total Bytes Sent By Job
	8930  -  Total Bytes Received By Job
	Partitionable Resources :    Usage  Request Allocated
	   Cpus                 :                 1         1
	   Disk (KB)            :  2666606 10000000  10498395
	   Memory (MB)          :       69     2100      2100
...
000 (221835.000.000) 07/31 07:12:09 Job submitted from host: <131.225.189.232:9618?addrs=131.225.189.232-9618&noUDP&sock=8982_aaf4_3>
...
001 (221835.000.000) 07/31 07:12:27 Job executing on host: <131.225.207.189:33214?addrs=131.225.207.189-33214>
...
006 (221835.000.000) 07/31 07:12:37 Image size of job updated: 381924
	29  -  MemoryUsage of job (MB)
	29276  -  ResidentSetSize of job (KB)
...
006 (221835.000.000) 07/31 07:13:37 Image size of job updated: 447524
	71  -  MemoryUsage of job (MB)
	72348  -  ResidentSetSize of job (KB)
...
006 (221835.000.000) 07/31 07:16:40 Image size of job updated: 764332
	481  -  MemoryUsage of job (MB)
	492508  -  ResidentSetSize of job (KB)
...
006 (221835.000.000) 07/31 07:16:44 Image size of job updated: 771500
	481  -  MemoryUsage of job (MB)
	492508  -  ResidentSetSize of job (KB)
...
005 (221835.000.000) 07/31 07:16:45 Job terminated.
	(1) Normal termination (return value 65)
		Usr 0 00:00:12, Sys 0 00:00:12  -  Run Remote Usage
		Usr 0 00:00:00, Sys 0 00:00:00  -  Run Local Usage
		Usr 0 00:00:12, Sys 0 00:00:12  -  Total Remote Usage
		Usr 0 00:00:00, Sys 0 00:00:00  -  Total Local Usage
	17588  -  Run Bytes Sent By Job
	8930  -  Run Bytes Received By Job
	17588  -  Total Bytes Sent By Job
	8930  -  Total Bytes Received By Job
	Partitionable Resources :    Usage  Request Allocated
	   Cpus                 :                 1         1
	   Disk (KB)            :  3098125 10000000  12847672
	   Memory (MB)          :      481     2100      2100
...
000 (222397.000.000) 07/31 08:32:43 Job submitted from host: <131.225.189.232:9618?addrs=131.225.189.232-9618&noUDP&sock=8982_aaf4_3>
...
001 (222397.000.000) 07/31 08:33:25 Job executing on host: <131.225.204.107:46513?addrs=131.225.204.107-46513>
...
006 (222397.000.000) 07/31 08:33:33 Image size of job updated: 447524
	71  -  MemoryUsage of job (MB)
	72344  -  ResidentSetSize of job (KB)
...
006 (222397.000.000) 07/31 08:35:13 Image size of job updated: 493968
	71  -  MemoryUsage of job (MB)
	72344  -  ResidentSetSize of job (KB)
...
005 (222397.000.000) 07/31 08:35:14 Job terminated.
	(1) Normal termination (return value 65)
		Usr 0 00:00:03, Sys 0 00:00:10  -  Run Remote Usage
		Usr 0 00:00:00, Sys 0 00:00:00  -  Run Local Usage
		Usr 0 00:00:03, Sys 0 00:00:10  -  Total Remote Usage
		Usr 0 00:00:00, Sys 0 00:00:00  -  Total Local Usage
	9913  -  Run Bytes Sent By Job
	8930  -  Run Bytes Received By Job
	9913  -  Total Bytes Sent By Job
	8930  -  Total Bytes Received By Job
	Partitionable Resources :    Usage  Request Allocated
	   Cpus                 :                 1         1
	   Disk (KB)            :  2521419 10000000  10293897
	   Memory (MB)          :       71     2100      2100
...
