000 (220656.000.000) 07/31 06:48:42 Job submitted from host: <131.225.189.232:9618?addrs=131.225.189.232-9618&noUDP&sock=8982_aaf4_3>
...
001 (220656.000.000) 07/31 06:49:04 Job executing on host: <131.225.207.139:60247?addrs=131.225.207.139-60247>
...
006 (220656.000.000) 07/31 06:49:13 Image size of job updated: 447528
	71  -  MemoryUsage of job (MB)
	72344  -  ResidentSetSize of job (KB)
...
005 (220656.000.000) 07/31 06:53:23 Job terminated.
	(1) Normal termination (return value 90)
		Usr 0 00:00:01, Sys 0 00:00:19  -  Run Remote Usage
		Usr 0 00:00:00, Sys 0 00:00:00  -  Run Local Usage
		Usr 0 00:00:01, Sys 0 00:00:19  -  Total Remote Usage
		Usr 0 00:00:00, Sys 0 00:00:00  -  Total Local Usage
	23897  -  Run Bytes Sent By Job
	8930  -  Run Bytes Received By Job
	23897  -  Total Bytes Sent By Job
	8930  -  Total Bytes Received By Job
	Partitionable Resources :    Usage  Request Allocated
	   Cpus                 :                 1         1
	   Disk (KB)            :  6392857 10000000  10322472
	   Memory (MB)          :       71     2100      2100
...
000 (221218.000.000) 07/31 07:07:16 Job submitted from host: <131.225.189.232:9618?addrs=131.225.189.232-9618&noUDP&sock=8982_aaf4_3>
...
001 (221218.000.000) 07/31 07:07:51 Job executing on host: <131.225.204.39:14344?addrs=131.225.204.39-14344>
...
006 (221218.000.000) 07/31 07:08:00 Image size of job updated: 381924
	15  -  MemoryUsage of job (MB)
	14940  -  ResidentSetSize of job (KB)
...
006 (221218.000.000) 07/31 07:09:01 Image size of job updated: 447524
	71  -  MemoryUsage of job (MB)
	72348  -  ResidentSetSize of job (KB)
...
000 (221773.000.000) 07/31 07:11:57 Job submitted from host: <131.225.189.232:9618?addrs=131.225.189.232-9618&noUDP&sock=8982_aaf4_3>
...
001 (221773.000.000) 07/31 07:12:15 Job executing on host: <131.225.206.200:35523?addrs=131.225.206.200-35523>
...
006 (221773.000.000) 07/31 07:12:24 Image size of job updated: 2
	3  -  MemoryUsage of job (MB)
	2424  -  ResidentSetSize of job (KB)
...
005 (221218.000.000) 07/31 07:12:30 Job terminated.
	(1) Normal termination (return value 90)
		Usr 0 00:00:01, Sys 0 00:00:20  -  Run Remote Usage
		Usr 0 00:00:00, Sys 0 00:00:00  -  Run Local Usage
		Usr 0 00:00:01, Sys 0 00:00:20  -  Total Remote Usage
		Usr 0 00:00:00, Sys 0 00:00:00  -  Total Local Usage
	25302  -  Run Bytes Sent By Job
	8930  -  Run Bytes Received By Job
	25302  -  Total Bytes Sent By Job
	8930  -  Total Bytes Received By Job
	Partitionable Resources :    Usage  Request Allocated
	   Cpus                 :                 1         1
	   Disk (KB)            :  6123640 10000000  10379391
	   Memory (MB)          :       71     2100      2100
...
006 (221773.000.000) 07/31 07:13:25 Image size of job updated: 447524
	70  -  MemoryUsage of job (MB)
	71356  -  ResidentSetSize of job (KB)
...
006 (221773.000.000) 07/31 07:14:26 Image size of job updated: 447524
	194  -  MemoryUsage of job (MB)
	197732  -  ResidentSetSize of job (KB)
...
006 (221773.000.000) 07/31 07:14:48 Image size of job updated: 771244
	194  -  MemoryUsage of job (MB)
	197732  -  ResidentSetSize of job (KB)
...
005 (221773.000.000) 07/31 07:14:49 Job terminated.
	(1) Normal termination (return value 65)
		Usr 0 00:00:11, Sys 0 00:00:15  -  Run Remote Usage
		Usr 0 00:00:00, Sys 0 00:00:00  -  Run Local Usage
		Usr 0 00:00:11, Sys 0 00:00:15  -  Total Remote Usage
		Usr 0 00:00:00, Sys 0 00:00:00  -  Total Local Usage
	11365  -  Run Bytes Sent By Job
	8930  -  Run Bytes Received By Job
	11365  -  Total Bytes Sent By Job
	8930  -  Total Bytes Received By Job
	Partitionable Resources :    Usage  Request Allocated
	   Cpus                 :                 1         1
	   Disk (KB)            :  6519860 10000000  12111984
	   Memory (MB)          :      194     2100      2100
...
