000 (220711.000.000) 07/31 06:48:53 Job submitted from host: <131.225.189.232:9618?addrs=131.225.189.232-9618&noUDP&sock=8982_aaf4_3>
...
001 (220711.000.000) 07/31 06:49:15 Job executing on host: <131.225.207.150:16449?addrs=131.225.207.150-16449>
...
006 (220711.000.000) 07/31 06:49:24 Image size of job updated: 2
	3  -  MemoryUsage of job (MB)
	2424  -  ResidentSetSize of job (KB)
...
006 (220711.000.000) 07/31 06:50:25 Image size of job updated: 447524
	71  -  MemoryUsage of job (MB)
	72348  -  ResidentSetSize of job (KB)
...
005 (220711.000.000) 07/31 06:53:19 Job terminated.
	(1) Normal termination (return value 90)
		Usr 0 00:00:01, Sys 0 00:00:17  -  Run Remote Usage
		Usr 0 00:00:00, Sys 0 00:00:00  -  Run Local Usage
		Usr 0 00:00:01, Sys 0 00:00:17  -  Total Remote Usage
		Usr 0 00:00:00, Sys 0 00:00:00  -  Total Local Usage
	21378  -  Run Bytes Sent By Job
	8930  -  Run Bytes Received By Job
	21378  -  Total Bytes Sent By Job
	8930  -  Total Bytes Received By Job
	Partitionable Resources :    Usage  Request Allocated
	   Cpus                 :                 1         1
	   Disk (KB)            :  4885523 10000000  10383201
	   Memory (MB)          :       71     2100      2100
...
000 (221273.000.000) 07/31 07:07:25 Job submitted from host: <131.225.189.232:9618?addrs=131.225.189.232-9618&noUDP&sock=8982_aaf4_3>
...
001 (221273.000.000) 07/31 07:07:57 Job executing on host: <131.225.206.154:8489?addrs=131.225.206.154-8489>
...
006 (221273.000.000) 07/31 07:08:06 Image size of job updated: 2
	3  -  MemoryUsage of job (MB)
	2420  -  ResidentSetSize of job (KB)
...
006 (221273.000.000) 07/31 07:09:07 Image size of job updated: 447524
	69  -  MemoryUsage of job (MB)
	70320  -  ResidentSetSize of job (KB)
...
005 (221273.000.000) 07/31 07:11:43 Job terminated.
	(1) Normal termination (return value 90)
		Usr 0 00:00:02, Sys 0 00:00:15  -  Run Remote Usage
		Usr 0 00:00:00, Sys 0 00:00:00  -  Run Local Usage
		Usr 0 00:00:02, Sys 0 00:00:15  -  Total Remote Usage
		Usr 0 00:00:00, Sys 0 00:00:00  -  Total Local Usage
	16215  -  Run Bytes Sent By Job
	8930  -  Run Bytes Received By Job
	16215  -  Total Bytes Sent By Job
	8930  -  Total Bytes Received By Job
	Partitionable Resources :    Usage  Request Allocated
	   Cpus                 :                 1         1
	   Disk (KB)            :  5666515 10000000  10414440
	   Memory (MB)          :       69     2100      2100
...
000 (221828.000.000) 07/31 07:12:08 Job submitted from host: <131.225.189.232:9618?addrs=131.225.189.232-9618&noUDP&sock=8982_aaf4_3>
...
001 (221828.000.000) 07/31 07:12:23 Job executing on host: <131.225.204.77:57293?addrs=131.225.204.77-57293>
...
006 (221828.000.000) 07/31 07:12:32 Image size of job updated: 2
	3  -  MemoryUsage of job (MB)
	2420  -  ResidentSetSize of job (KB)
...
006 (221828.000.000) 07/31 07:13:33 Image size of job updated: 447524
	70  -  MemoryUsage of job (MB)
	71348  -  ResidentSetSize of job (KB)
...
006 (221828.000.000) 07/31 07:16:36 Image size of job updated: 447524
	165  -  MemoryUsage of job (MB)
	168428  -  ResidentSetSize of job (KB)
...
006 (221828.000.000) 07/31 07:17:18 Image size of job updated: 507132
	165  -  MemoryUsage of job (MB)
	168428  -  ResidentSetSize of job (KB)
...
005 (221828.000.000) 07/31 07:17:19 Job terminated.
	(1) Normal termination (return value 65)
		Usr 0 00:00:05, Sys 0 00:00:24  -  Run Remote Usage
		Usr 0 00:00:00, Sys 0 00:00:00  -  Run Local Usage
		Usr 0 00:00:05, Sys 0 00:00:24  -  Total Remote Usage
		Usr 0 00:00:00, Sys 0 00:00:00  -  Total Local Usage
	21799  -  Run Bytes Sent By Job
	8930  -  Run Bytes Received By Job
	21799  -  Total Bytes Sent By Job
	8930  -  Total Bytes Received By Job
	Partitionable Resources :    Usage  Request Allocated
	   Cpus                 :                 1         1
	   Disk (KB)            :  6429068 10000000  10315146
	   Memory (MB)          :      165     2100      2100
...
000 (222390.000.000) 07/31 08:32:42 Job submitted from host: <131.225.189.232:9618?addrs=131.225.189.232-9618&noUDP&sock=8982_aaf4_3>
...
001 (222390.000.000) 07/31 08:33:24 Job executing on host: <131.225.204.61:23766?addrs=131.225.204.61-23766>
...
006 (222390.000.000) 07/31 08:33:32 Image size of job updated: 447524
	71  -  MemoryUsage of job (MB)
	72348  -  ResidentSetSize of job (KB)
...
006 (222390.000.000) 07/31 08:37:01 Image size of job updated: 447524
	113  -  MemoryUsage of job (MB)
	115428  -  ResidentSetSize of job (KB)
...
005 (222390.000.000) 07/31 08:37:16 Job terminated.
	(1) Normal termination (return value 65)
		Usr 0 00:00:02, Sys 0 00:00:17  -  Run Remote Usage
		Usr 0 00:00:00, Sys 0 00:00:00  -  Run Local Usage
		Usr 0 00:00:02, Sys 0 00:00:17  -  Total Remote Usage
		Usr 0 00:00:00, Sys 0 00:00:00  -  Total Local Usage
	16244  -  Run Bytes Sent By Job
	8930  -  Run Bytes Received By Job
	16244  -  Total Bytes Sent By Job
	8930  -  Total Bytes Received By Job
	Partitionable Resources :    Usage  Request Allocated
	   Cpus                 :                 1         1
	   Disk (KB)            :  6431930 10000000  10314795
	   Memory (MB)          :      113     2100      2100
...
000 (222945.000.000) 07/31 08:49:51 Job submitted from host: <131.225.189.232:9618?addrs=131.225.189.232-9618&noUDP&sock=8982_aaf4_3>
...
001 (222945.000.000) 07/31 08:50:33 Job executing on host: <131.225.207.45:53582?addrs=131.225.207.45-53582>
...
006 (222945.000.000) 07/31 08:50:42 Image size of job updated: 447524
	71  -  MemoryUsage of job (MB)
	72348  -  ResidentSetSize of job (KB)
...
006 (222945.000.000) 07/31 08:54:46 Image size of job updated: 493964
	261  -  MemoryUsage of job (MB)
	266668  -  ResidentSetSize of job (KB)
...
006 (222945.000.000) 07/31 08:54:52 Image size of job updated: 770224
	261  -  MemoryUsage of job (MB)
	266668  -  ResidentSetSize of job (KB)
...
005 (222945.000.000) 07/31 08:54:53 Job terminated.
	(1) Normal termination (return value 65)
		Usr 0 00:00:13, Sys 0 00:00:19  -  Run Remote Usage
		Usr 0 00:00:00, Sys 0 00:00:00  -  Run Local Usage
		Usr 0 00:00:13, Sys 0 00:00:19  -  Total Remote Usage
		Usr 0 00:00:00, Sys 0 00:00:00  -  Total Local Usage
	20681  -  Run Bytes Sent By Job
	44439  -  Run Bytes Received By Job
	20681  -  Total Bytes Sent By Job
	44439  -  Total Bytes Received By Job
	Partitionable Resources :    Usage  Request Allocated
	   Cpus                 :                 1         1
	   Disk (KB)            :  6431773 10000000  10385487
	   Memory (MB)          :      261     2100      2100
...
000 (223500.000.000) 07/31 09:06:20 Job submitted from host: <131.225.189.232:9618?addrs=131.225.189.232-9618&noUDP&sock=8982_aaf4_3>
...
