000 (220841.000.000) 07/31 06:49:21 Job submitted from host: <131.225.189.232:9618?addrs=131.225.189.232-9618&noUDP&sock=8982_aaf4_3>
...
001 (220841.000.000) 07/31 06:49:43 Job executing on host: <131.225.205.190:55293?addrs=131.225.205.190-55293>
...
006 (220841.000.000) 07/31 06:49:52 Image size of job updated: 2
	3  -  MemoryUsage of job (MB)
	2420  -  ResidentSetSize of job (KB)
...
006 (220841.000.000) 07/31 06:50:53 Image size of job updated: 447524
	70  -  MemoryUsage of job (MB)
	71360  -  ResidentSetSize of job (KB)
...
005 (220841.000.000) 07/31 06:51:19 Job terminated.
	(1) Normal termination (return value 90)
		Usr 0 00:00:00, Sys 0 00:00:17  -  Run Remote Usage
		Usr 0 00:00:00, Sys 0 00:00:00  -  Run Local Usage
		Usr 0 00:00:00, Sys 0 00:00:17  -  Total Remote Usage
		Usr 0 00:00:00, Sys 0 00:00:00  -  Total Local Usage
	9637  -  Run Bytes Sent By Job
	8930  -  Run Bytes Received By Job
	9637  -  Total Bytes Sent By Job
	8930  -  Total Bytes Received By Job
	Partitionable Resources :    Usage  Request Allocated
	   Cpus                 :                 1         1
	   Disk (KB)            :  5590026 10000000  17114970
	   Memory (MB)          :       70     2100      2100
...
000 (221403.000.000) 07/31 07:07:49 Job submitted from host: <131.225.189.232:9618?addrs=131.225.189.232-9618&noUDP&sock=8982_aaf4_3>
...
001 (221403.000.000) 07/31 07:08:26 Job executing on host: <131.225.207.174:4725?addrs=131.225.207.174-4725>
...
006 (221403.000.000) 07/31 07:08:35 Image size of job updated: 2
	3  -  MemoryUsage of job (MB)
	2420  -  ResidentSetSize of job (KB)
...
006 (221403.000.000) 07/31 07:09:37 Image size of job updated: 447524
	71  -  MemoryUsage of job (MB)
	72468  -  ResidentSetSize of job (KB)
...
005 (221403.000.000) 07/31 07:12:18 Job terminated.
	(1) Normal termination (return value 90)
		Usr 0 00:00:00, Sys 0 00:00:16  -  Run Remote Usage
		Usr 0 00:00:00, Sys 0 00:00:00  -  Run Local Usage
		Usr 0 00:00:00, Sys 0 00:00:16  -  Total Remote Usage
		Usr 0 00:00:00, Sys 0 00:00:00  -  Total Local Usage
	15824  -  Run Bytes Sent By Job
	8930  -  Run Bytes Received By Job
	15824  -  Total Bytes Sent By Job
	8930  -  Total Bytes Received By Job
	Partitionable Resources :    Usage  Request Allocated
	   Cpus                 :                 1         1
	   Disk (KB)            :  5173345 10000000  10467474
	   Memory (MB)          :       71     2100      2100
...
000 (221958.000.000) 07/31 07:12:29 Job submitted from host: <131.225.189.232:9618?addrs=131.225.189.232-9618&noUDP&sock=8982_aaf4_3>
...
001 (221958.000.000) 07/31 07:13:32 Job executing on host: <131.225.205.179:41504?addrs=131.225.205.179-41504>
...
006 (221958.000.000) 07/31 07:13:41 Image size of job updated: 447536
	13  -  MemoryUsage of job (MB)
	12772  -  ResidentSetSize of job (KB)
...
006 (221958.000.000) 07/31 07:14:41 Image size of job updated: 447536
	69  -  MemoryUsage of job (MB)
	70412  -  ResidentSetSize of job (KB)
...
006 (221958.000.000) 07/31 07:18:34 Image size of job updated: 775088
	69  -  MemoryUsage of job (MB)
	70412  -  ResidentSetSize of job (KB)
...
005 (221958.000.000) 07/31 07:18:35 Job terminated.
	(1) Normal termination (return value 65)
		Usr 0 00:00:18, Sys 0 00:00:38  -  Run Remote Usage
		Usr 0 00:00:00, Sys 0 00:00:00  -  Run Local Usage
		Usr 0 00:00:18, Sys 0 00:00:38  -  Total Remote Usage
		Usr 0 00:00:00, Sys 0 00:00:00  -  Total Local Usage
	24200  -  Run Bytes Sent By Job
	8930  -  Run Bytes Received By Job
	24200  -  Total Bytes Sent By Job
	8930  -  Total Bytes Received By Job
	Partitionable Resources :    Usage  Request Allocated
	   Cpus                 :                 1         1
	   Disk (KB)            :  7403366 10000000  17138963
	   Memory (MB)          :       69     2100      2100
...
000 (222520.000.000) 07/31 08:32:52 Job submitted from host: <131.225.189.232:9618?addrs=131.225.189.232-9618&noUDP&sock=8982_aaf4_3>
...
001 (222520.000.000) 07/31 08:33:54 Job executing on host: <131.225.205.188:51915?addrs=131.225.205.188-51915>
...
006 (222520.000.000) 07/31 08:34:02 Image size of job updated: 447524
	71  -  MemoryUsage of job (MB)
	72348  -  ResidentSetSize of job (KB)
...
006 (222520.000.000) 07/31 08:37:04 Image size of job updated: 602164
	326  -  MemoryUsage of job (MB)
	333384  -  ResidentSetSize of job (KB)
...
006 (222520.000.000) 07/31 08:37:23 Image size of job updated: 775092
	326  -  MemoryUsage of job (MB)
	333384  -  ResidentSetSize of job (KB)
...
005 (222520.000.000) 07/31 08:37:24 Job terminated.
	(1) Normal termination (return value 65)
		Usr 0 00:00:17, Sys 0 00:00:24  -  Run Remote Usage
		Usr 0 00:00:00, Sys 0 00:00:00  -  Run Local Usage
		Usr 0 00:00:17, Sys 0 00:00:24  -  Total Remote Usage
		Usr 0 00:00:00, Sys 0 00:00:00  -  Total Local Usage
	16490  -  Run Bytes Sent By Job
	8930  -  Run Bytes Received By Job
	16490  -  Total Bytes Sent By Job
	8930  -  Total Bytes Received By Job
	Partitionable Resources :    Usage  Request Allocated
	   Cpus                 :                 1         1
	   Disk (KB)            :  7406226 10000000  17101120
	   Memory (MB)          :      326     2100      2100
...
000 (223075.000.000) 07/31 08:49:57 Job submitted from host: <131.225.189.232:9618?addrs=131.225.189.232-9618&noUDP&sock=8982_aaf4_3>
...
001 (223075.000.000) 07/31 08:51:00 Job executing on host: <131.225.191.223:52551?addrs=131.225.191.223-52551>
...
006 (223075.000.000) 07/31 08:51:09 Image size of job updated: 2
	3  -  MemoryUsage of job (MB)
	2428  -  ResidentSetSize of job (KB)
...
006 (223075.000.000) 07/31 08:52:10 Image size of job updated: 447524
	69  -  MemoryUsage of job (MB)
	70316  -  ResidentSetSize of job (KB)
...
006 (223075.000.000) 07/31 08:55:12 Image size of job updated: 486524
	254  -  MemoryUsage of job (MB)
	259572  -  ResidentSetSize of job (KB)
...
006 (223075.000.000) 07/31 08:55:19 Image size of job updated: 775088
	254  -  MemoryUsage of job (MB)
	259572  -  ResidentSetSize of job (KB)
...
005 (223075.000.000) 07/31 08:55:19 Job terminated.
	(1) Normal termination (return value 65)
		Usr 0 00:00:17, Sys 0 00:00:36  -  Run Remote Usage
		Usr 0 00:00:00, Sys 0 00:00:00  -  Run Local Usage
		Usr 0 00:00:17, Sys 0 00:00:36  -  Total Remote Usage
		Usr 0 00:00:00, Sys 0 00:00:00  -  Total Local Usage
	22606  -  Run Bytes Sent By Job
	44439  -  Run Bytes Received By Job
	22606  -  Total Bytes Sent By Job
	44439  -  Total Bytes Received By Job
	Partitionable Resources :    Usage  Request Allocated
	   Cpus                 :                 1         1
	   Disk (KB)            :  7406070 10000000  15779854
	   Memory (MB)          :      254     2100      2100
...
000 (223630.000.000) 07/31 09:06:25 Job submitted from host: <131.225.189.232:9618?addrs=131.225.189.232-9618&noUDP&sock=8982_aaf4_3>
...
