000 (220874.000.000) 07/31 06:49:29 Job submitted from host: <131.225.189.232:9618?addrs=131.225.189.232-9618&noUDP&sock=8982_aaf4_3>
...
001 (220874.000.000) 07/31 06:49:37 Job executing on host: <131.225.204.53:56699?addrs=131.225.204.53-56699>
...
006 (220874.000.000) 07/31 06:49:46 Image size of job updated: 2
	3  -  MemoryUsage of job (MB)
	2420  -  ResidentSetSize of job (KB)
...
006 (220874.000.000) 07/31 06:50:48 Image size of job updated: 447524
	71  -  MemoryUsage of job (MB)
	72348  -  ResidentSetSize of job (KB)
...
005 (220874.000.000) 07/31 06:53:34 Job terminated.
	(1) Normal termination (return value 90)
		Usr 0 00:00:01, Sys 0 00:00:26  -  Run Remote Usage
		Usr 0 00:00:00, Sys 0 00:00:00  -  Run Local Usage
		Usr 0 00:00:01, Sys 0 00:00:26  -  Total Remote Usage
		Usr 0 00:00:00, Sys 0 00:00:00  -  Total Local Usage
	21757  -  Run Bytes Sent By Job
	8930  -  Run Bytes Received By Job
	21757  -  Total Bytes Sent By Job
	8930  -  Total Bytes Received By Job
	Partitionable Resources :    Usage  Request Allocated
	   Cpus                 :                 1         1
	   Disk (KB)            :  5000212 10000000  10133904
	   Memory (MB)          :       71     2100      2100
...
000 (221436.000.000) 07/31 07:07:54 Job submitted from host: <131.225.189.232:9618?addrs=131.225.189.232-9618&noUDP&sock=8982_aaf4_3>
...
001 (221436.000.000) 07/31 07:08:31 Job executing on host: <131.225.205.170:50631?addrs=131.225.205.170-50631>
...
006 (221436.000.000) 07/31 07:08:40 Image size of job updated: 2
	3  -  MemoryUsage of job (MB)
	2424  -  ResidentSetSize of job (KB)
...
006 (221436.000.000) 07/31 07:09:41 Image size of job updated: 447524
	70  -  MemoryUsage of job (MB)
	71356  -  ResidentSetSize of job (KB)
...
005 (221436.000.000) 07/31 07:09:51 Job terminated.
	(1) Normal termination (return value 90)
		Usr 0 00:00:00, Sys 0 00:00:15  -  Run Remote Usage
		Usr 0 00:00:00, Sys 0 00:00:00  -  Run Local Usage
		Usr 0 00:00:00, Sys 0 00:00:15  -  Total Remote Usage
		Usr 0 00:00:00, Sys 0 00:00:00  -  Total Local Usage
	9108  -  Run Bytes Sent By Job
	8930  -  Run Bytes Received By Job
	9108  -  Total Bytes Sent By Job
	8930  -  Total Bytes Received By Job
	Partitionable Resources :    Usage  Request Allocated
	   Cpus                 :                 1         1
	   Disk (KB)            :  5992553 10000000  17136844
	   Memory (MB)          :       70     2100      2100
...
000 (221991.000.000) 07/31 07:12:35 Job submitted from host: <131.225.189.232:9618?addrs=131.225.189.232-9618&noUDP&sock=8982_aaf4_3>
...
001 (221991.000.000) 07/31 07:13:54 Job executing on host: <131.225.204.61:23766?addrs=131.225.204.61-23766>
...
006 (221991.000.000) 07/31 07:14:03 Image size of job updated: 447524
	61  -  MemoryUsage of job (MB)
	61844  -  ResidentSetSize of job (KB)
...
006 (221991.000.000) 07/31 07:15:04 Image size of job updated: 447524
	69  -  MemoryUsage of job (MB)
	70404  -  ResidentSetSize of job (KB)
...
006 (221991.000.000) 07/31 07:18:42 Image size of job updated: 772788
	69  -  MemoryUsage of job (MB)
	70404  -  ResidentSetSize of job (KB)
...
005 (221991.000.000) 07/31 07:18:44 Job terminated.
	(1) Normal termination (return value 65)
		Usr 0 00:00:12, Sys 0 00:00:18  -  Run Remote Usage
		Usr 0 00:00:00, Sys 0 00:00:00  -  Run Local Usage
		Usr 0 00:00:12, Sys 0 00:00:18  -  Total Remote Usage
		Usr 0 00:00:00, Sys 0 00:00:00  -  Total Local Usage
	22202  -  Run Bytes Sent By Job
	8930  -  Run Bytes Received By Job
	22202  -  Total Bytes Sent By Job
	8930  -  Total Bytes Received By Job
	Partitionable Resources :    Usage  Request Allocated
	   Cpus                 :                 1         1
	   Disk (KB)            :  6694003 10000000  10103412
	   Memory (MB)          :       69     2100      2100
...
000 (222553.000.000) 07/31 08:32:54 Job submitted from host: <131.225.189.232:9618?addrs=131.225.189.232-9618&noUDP&sock=8982_aaf4_3>
...
001 (222553.000.000) 07/31 08:33:52 Job executing on host: <131.225.207.164:23946?addrs=131.225.207.164-23946>
...
006 (222553.000.000) 07/31 08:34:01 Image size of job updated: 2
	3  -  MemoryUsage of job (MB)
	2420  -  ResidentSetSize of job (KB)
...
006 (222553.000.000) 07/31 08:35:02 Image size of job updated: 447524
	70  -  MemoryUsage of job (MB)
	71356  -  ResidentSetSize of job (KB)
...
006 (222553.000.000) 07/31 08:38:12 Image size of job updated: 710576
	70  -  MemoryUsage of job (MB)
	71356  -  ResidentSetSize of job (KB)
...
005 (222553.000.000) 07/31 08:38:13 Job terminated.
	(1) Normal termination (return value 65)
		Usr 0 00:00:10, Sys 0 00:00:18  -  Run Remote Usage
		Usr 0 00:00:00, Sys 0 00:00:00  -  Run Local Usage
		Usr 0 00:00:10, Sys 0 00:00:18  -  Total Remote Usage
		Usr 0 00:00:00, Sys 0 00:00:00  -  Total Local Usage
	22577  -  Run Bytes Sent By Job
	8930  -  Run Bytes Received By Job
	22577  -  Total Bytes Sent By Job
	8930  -  Total Bytes Received By Job
	Partitionable Resources :    Usage  Request Allocated
	   Cpus                 :                 1         1
	   Disk (KB)            :  6696871 10000000  10397658
	   Memory (MB)          :       70     2100      2100
...
