000 (220780.000.000) 07/31 06:49:09 Job submitted from host: <131.225.189.232:9618?addrs=131.225.189.232-9618&noUDP&sock=8982_aaf4_3>
...
001 (220780.000.000) 07/31 06:49:31 Job executing on host: <131.225.204.76:59502?addrs=131.225.204.76-59502>
...
006 (220780.000.000) 07/31 06:49:40 Image size of job updated: 447524
	71  -  MemoryUsage of job (MB)
	72348  -  ResidentSetSize of job (KB)
...
005 (220780.000.000) 07/31 06:51:52 Job terminated.
	(1) Normal termination (return value 90)
		Usr 0 00:00:01, Sys 0 00:00:18  -  Run Remote Usage
		Usr 0 00:00:00, Sys 0 00:00:00  -  Run Local Usage
		Usr 0 00:00:01, Sys 0 00:00:18  -  Total Remote Usage
		Usr 0 00:00:00, Sys 0 00:00:00  -  Total Local Usage
	13703  -  Run Bytes Sent By Job
	8930  -  Run Bytes Received By Job
	13703  -  Total Bytes Sent By Job
	8930  -  Total Bytes Received By Job
	Partitionable Resources :    Usage  Request Allocated
	   Cpus                 :                 1         1
	   Disk (KB)            :  6573071 10000000  10242030
	   Memory (MB)          :       71     2100      2100
...
000 (221342.000.000) 07/31 07:07:38 Job submitted from host: <131.225.189.232:9618?addrs=131.225.189.232-9618&noUDP&sock=8982_aaf4_3>
...
001 (221342.000.000) 07/31 07:08:12 Job executing on host: <131.225.204.84:7575?addrs=131.225.204.84-7575>
...
006 (221342.000.000) 07/31 07:08:47 Image size of job updated: 447536
	69  -  MemoryUsage of job (MB)
	70400  -  ResidentSetSize of job (KB)
...
000 (221897.000.000) 07/31 07:12:19 Job submitted from host: <131.225.189.232:9618?addrs=131.225.189.232-9618&noUDP&sock=8982_aaf4_3>
...
005 (221342.000.000) 07/31 07:12:46 Job terminated.
	(1) Normal termination (return value 90)
		Usr 0 00:00:01, Sys 0 00:00:22  -  Run Remote Usage
		Usr 0 00:00:00, Sys 0 00:00:00  -  Run Local Usage
		Usr 0 00:00:01, Sys 0 00:00:22  -  Total Remote Usage
		Usr 0 00:00:00, Sys 0 00:00:00  -  Total Local Usage
	25806  -  Run Bytes Sent By Job
	8930  -  Run Bytes Received By Job
	25806  -  Total Bytes Sent By Job
	8930  -  Total Bytes Received By Job
	Partitionable Resources :    Usage  Request Allocated
	   Cpus                 :                 1         1
	   Disk (KB)            :  6402169 10000000  10528611
	   Memory (MB)          :       69     2100      2100
...
001 (221897.000.000) 07/31 07:12:48 Job executing on host: <131.225.206.41:8370?addrs=131.225.206.41-8370>
...
006 (221897.000.000) 07/31 07:12:56 Image size of job updated: 447532
	17  -  MemoryUsage of job (MB)
	17052  -  ResidentSetSize of job (KB)
...
006 (221897.000.000) 07/31 07:13:56 Image size of job updated: 447532
	71  -  MemoryUsage of job (MB)
	72348  -  ResidentSetSize of job (KB)
...
006 (221897.000.000) 07/31 07:18:53 Image size of job updated: 772788
	71  -  MemoryUsage of job (MB)
	72348  -  ResidentSetSize of job (KB)
...
005 (221897.000.000) 07/31 07:18:54 Job terminated.
	(1) Normal termination (return value 65)
		Usr 0 00:00:13, Sys 0 00:00:23  -  Run Remote Usage
		Usr 0 00:00:00, Sys 0 00:00:00  -  Run Local Usage
		Usr 0 00:00:13, Sys 0 00:00:23  -  Total Remote Usage
		Usr 0 00:00:00, Sys 0 00:00:00  -  Total Local Usage
	29830  -  Run Bytes Sent By Job
	8930  -  Run Bytes Received By Job
	29830  -  Total Bytes Sent By Job
	8930  -  Total Bytes Received By Job
	Partitionable Resources :    Usage  Request Allocated
	   Cpus                 :                 1         1
	   Disk (KB)            :  5303849 10000000  10266045
	   Memory (MB)          :       71     2100      2100
...
000 (222459.000.000) 07/31 08:32:48 Job submitted from host: <131.225.189.232:9618?addrs=131.225.189.232-9618&noUDP&sock=8982_aaf4_3>
...
001 (222459.000.000) 07/31 08:33:38 Job executing on host: <131.225.207.183:7093?addrs=131.225.207.183-7093>
...
006 (222459.000.000) 07/31 08:33:47 Image size of job updated: 447524
	71  -  MemoryUsage of job (MB)
	72340  -  ResidentSetSize of job (KB)
...
006 (222459.000.000) 07/31 08:35:48 Image size of job updated: 447524
	81  -  MemoryUsage of job (MB)
	82916  -  ResidentSetSize of job (KB)
...
006 (222459.000.000) 07/31 08:36:14 Image size of job updated: 773804
	81  -  MemoryUsage of job (MB)
	82916  -  ResidentSetSize of job (KB)
...
005 (222459.000.000) 07/31 08:36:14 Job terminated.
	(1) Normal termination (return value 65)
		Usr 0 00:00:14, Sys 0 00:00:14  -  Run Remote Usage
		Usr 0 00:00:00, Sys 0 00:00:00  -  Run Local Usage
		Usr 0 00:00:14, Sys 0 00:00:14  -  Total Remote Usage
		Usr 0 00:00:00, Sys 0 00:00:00  -  Total Local Usage
	12565  -  Run Bytes Sent By Job
	8930  -  Run Bytes Received By Job
	12565  -  Total Bytes Sent By Job
	8930  -  Total Bytes Received By Job
	Partitionable Resources :    Usage  Request Allocated
	   Cpus                 :                 1         1
	   Disk (KB)            :  6657299 10000000  10358415
	   Memory (MB)          :       81     2100      2100
...
000 (223014.000.000) 07/31 08:49:54 Job submitted from host: <131.225.189.232:9618?addrs=131.225.189.232-9618&noUDP&sock=8982_aaf4_3>
...
001 (223014.000.000) 07/31 08:50:47 Job executing on host: <131.225.204.111:64921?addrs=131.225.204.111-64921>
...
006 (223014.000.000) 07/31 08:50:56 Image size of job updated: 2
	3  -  MemoryUsage of job (MB)
	2424  -  ResidentSetSize of job (KB)
...
006 (223014.000.000) 07/31 08:51:57 Image size of job updated: 447524
	69  -  MemoryUsage of job (MB)
	70328  -  ResidentSetSize of job (KB)
...
006 (223014.000.000) 07/31 08:55:58 Image size of job updated: 493968
	69  -  MemoryUsage of job (MB)
	70328  -  ResidentSetSize of job (KB)
...
005 (223014.000.000) 07/31 08:55:59 Job terminated.
	(1) Normal termination (return value 65)
		Usr 0 00:00:05, Sys 0 00:00:19  -  Run Remote Usage
		Usr 0 00:00:00, Sys 0 00:00:00  -  Run Local Usage
		Usr 0 00:00:05, Sys 0 00:00:19  -  Total Remote Usage
		Usr 0 00:00:00, Sys 0 00:00:00  -  Total Local Usage
	25203  -  Run Bytes Sent By Job
	44439  -  Run Bytes Received By Job
	25203  -  Total Bytes Sent By Job
	44439  -  Total Bytes Received By Job
	Partitionable Resources :    Usage  Request Allocated
	   Cpus                 :                 1         1
	   Disk (KB)            :  5208246 10000000  10622865
	   Memory (MB)          :       69     2100      2100
...
000 (223569.000.000) 07/31 09:06:23 Job submitted from host: <131.225.189.232:9618?addrs=131.225.189.232-9618&noUDP&sock=8982_aaf4_3>
...
