000 (220942.000.000) 07/31 06:49:42 Job submitted from host: <131.225.189.232:9618?addrs=131.225.189.232-9618&noUDP&sock=8982_aaf4_3>
...
001 (220942.000.000) 07/31 06:50:35 Job executing on host: <131.225.190.34:2420?addrs=131.225.190.34-2420>
...
006 (220942.000.000) 07/31 06:50:44 Image size of job updated: 447524
	71  -  MemoryUsage of job (MB)
	72340  -  ResidentSetSize of job (KB)
...
005 (220942.000.000) 07/31 06:52:35 Job terminated.
	(1) Normal termination (return value 90)
		Usr 0 00:00:00, Sys 0 00:00:19  -  Run Remote Usage
		Usr 0 00:00:00, Sys 0 00:00:00  -  Run Local Usage
		Usr 0 00:00:00, Sys 0 00:00:19  -  Total Remote Usage
		Usr 0 00:00:00, Sys 0 00:00:00  -  Total Local Usage
	11487  -  Run Bytes Sent By Job
	8930  -  Run Bytes Received By Job
	11487  -  Total Bytes Sent By Job
	8930  -  Total Bytes Received By Job
	Partitionable Resources :    Usage  Request Allocated
	   Cpus                 :                 1         1
	   Disk (KB)            :  4131850 10000000  15647306
	   Memory (MB)          :       71     2100      2100
...
000 (221504.000.000) 07/31 07:08:06 Job submitted from host: <131.225.189.232:9618?addrs=131.225.189.232-9618&noUDP&sock=8982_aaf4_3>
...
001 (221504.000.000) 07/31 07:08:39 Job executing on host: <131.225.207.53:51570?addrs=131.225.207.53-51570>
...
006 (221504.000.000) 07/31 07:08:50 Image size of job updated: 447524
	20  -  MemoryUsage of job (MB)
	19800  -  ResidentSetSize of job (KB)
...
006 (221504.000.000) 07/31 07:09:47 Image size of job updated: 447524
	69  -  MemoryUsage of job (MB)
	70324  -  ResidentSetSize of job (KB)
...
006 (221504.000.000) 07/31 07:10:48 Image size of job updated: 447524
	69  -  MemoryUsage of job (MB)
	70336  -  ResidentSetSize of job (KB)
...
000 (222059.000.000) 07/31 07:12:46 Job submitted from host: <131.225.189.232:9618?addrs=131.225.189.232-9618&noUDP&sock=8982_aaf4_3>
...
001 (222059.000.000) 07/31 07:14:16 Job executing on host: <131.225.205.191:62187?addrs=131.225.205.191-62187>
...
005 (221504.000.000) 07/31 07:14:17 Job terminated.
	(1) Normal termination (return value 90)
		Usr 0 00:00:01, Sys 0 00:00:20  -  Run Remote Usage
		Usr 0 00:00:00, Sys 0 00:00:00  -  Run Local Usage
		Usr 0 00:00:01, Sys 0 00:00:20  -  Total Remote Usage
		Usr 0 00:00:00, Sys 0 00:00:00  -  Total Local Usage
	28459  -  Run Bytes Sent By Job
	8930  -  Run Bytes Received By Job
	28459  -  Total Bytes Sent By Job
	8930  -  Total Bytes Received By Job
	Partitionable Resources :    Usage  Request Allocated
	   Cpus                 :                 1         1
	   Disk (KB)            :  6271100 10000000  10165257
	   Memory (MB)          :       69     2100      2100
...
006 (222059.000.000) 07/31 07:14:26 Image size of job updated: 2
	3  -  MemoryUsage of job (MB)
	2420  -  ResidentSetSize of job (KB)
...
006 (222059.000.000) 07/31 07:15:26 Image size of job updated: 447524
	70  -  MemoryUsage of job (MB)
	71140  -  ResidentSetSize of job (KB)
...
006 (222059.000.000) 07/31 07:18:27 Image size of job updated: 447524
	76  -  MemoryUsage of job (MB)
	76912  -  ResidentSetSize of job (KB)
...
006 (222059.000.000) 07/31 07:19:28 Image size of job updated: 770992
	76  -  MemoryUsage of job (MB)
	76912  -  ResidentSetSize of job (KB)
...
005 (222059.000.000) 07/31 07:19:58 Job terminated.
	(1) Normal termination (return value 65)
		Usr 0 00:00:18, Sys 0 00:00:35  -  Run Remote Usage
		Usr 0 00:00:00, Sys 0 00:00:00  -  Run Local Usage
		Usr 0 00:00:18, Sys 0 00:00:35  -  Total Remote Usage
		Usr 0 00:00:00, Sys 0 00:00:00  -  Total Local Usage
	23405  -  Run Bytes Sent By Job
	8930  -  Run Bytes Received By Job
	23405  -  Total Bytes Sent By Job
	8930  -  Total Bytes Received By Job
	Partitionable Resources :    Usage  Request Allocated
	   Cpus                 :                 1         1
	   Disk (KB)            :  6514959 10000000  17089376
	   Memory (MB)          :       76     2100      2100
...
000 (222621.000.000) 07/31 08:32:58 Job submitted from host: <131.225.189.232:9618?addrs=131.225.189.232-9618&noUDP&sock=8982_aaf4_3>
...
001 (222621.000.000) 07/31 08:34:10 Job executing on host: <131.225.205.183:11118?addrs=131.225.205.183-11118>
...
006 (222621.000.000) 07/31 08:34:19 Image size of job updated: 447524
	71  -  MemoryUsage of job (MB)
	72348  -  ResidentSetSize of job (KB)
...
006 (222621.000.000) 07/31 08:37:18 Image size of job updated: 720308
	71  -  MemoryUsage of job (MB)
	72348  -  ResidentSetSize of job (KB)
...
005 (222621.000.000) 07/31 08:37:19 Job terminated.
	(1) Normal termination (return value 65)
		Usr 0 00:00:15, Sys 0 00:00:23  -  Run Remote Usage
		Usr 0 00:00:00, Sys 0 00:00:00  -  Run Local Usage
		Usr 0 00:00:15, Sys 0 00:00:23  -  Total Remote Usage
		Usr 0 00:00:00, Sys 0 00:00:00  -  Total Local Usage
	16742  -  Run Bytes Sent By Job
	8930  -  Run Bytes Received By Job
	16742  -  Total Bytes Sent By Job
	8930  -  Total Bytes Received By Job
	Partitionable Resources :    Usage  Request Allocated
	   Cpus                 :                 1         1
	   Disk (KB)            :  5454161 10000000  17104451
	   Memory (MB)          :       71     2100      2100
...
