000 (221037.000.000) 07/31 06:50:04 Job submitted from host: <131.225.189.232:9618?addrs=131.225.189.232-9618&noUDP&sock=8982_aaf4_3>
...
001 (221037.000.000) 07/31 06:51:18 Job executing on host: <131.225.191.160:10545?addrs=131.225.191.160-10545>
...
006 (221037.000.000) 07/31 06:51:27 Image size of job updated: 447536
	15  -  MemoryUsage of job (MB)
	15000  -  ResidentSetSize of job (KB)
...
006 (221037.000.000) 07/31 06:52:28 Image size of job updated: 447536
	71  -  MemoryUsage of job (MB)
	72344  -  ResidentSetSize of job (KB)
...
005 (221037.000.000) 07/31 06:55:57 Job terminated.
	(1) Normal termination (return value 90)
		Usr 0 00:00:01, Sys 0 00:00:22  -  Run Remote Usage
		Usr 0 00:00:00, Sys 0 00:00:00  -  Run Local Usage
		Usr 0 00:00:01, Sys 0 00:00:22  -  Total Remote Usage
		Usr 0 00:00:00, Sys 0 00:00:00  -  Total Local Usage
	25515  -  Run Bytes Sent By Job
	8930  -  Run Bytes Received By Job
	25515  -  Total Bytes Sent By Job
	8930  -  Total Bytes Received By Job
	Partitionable Resources :    Usage  Request Allocated
	   Cpus                 :                 1         1
	   Disk (KB)            :  5180441 10000000  11709476
	   Memory (MB)          :       71     2100      2100
...
000 (221599.000.000) 07/31 07:08:22 Job submitted from host: <131.225.189.232:9618?addrs=131.225.189.232-9618&noUDP&sock=8982_aaf4_3>
...
001 (221599.000.000) 07/31 07:09:42 Job executing on host: <131.225.191.165:16277?addrs=131.225.191.165-16277>
...
006 (221599.000.000) 07/31 07:10:08 Image size of job updated: 40612
	4  -  MemoryUsage of job (MB)
	3648  -  ResidentSetSize of job (KB)
...
006 (221599.000.000) 07/31 07:11:17 Image size of job updated: 447524
	4  -  MemoryUsage of job (MB)
	3648  -  ResidentSetSize of job (KB)
...
005 (221599.000.000) 07/31 07:11:18 Job terminated.
	(1) Normal termination (return value 90)
		Usr 0 00:00:00, Sys 0 00:00:17  -  Run Remote Usage
		Usr 0 00:00:00, Sys 0 00:00:00  -  Run Local Usage
		Usr 0 00:00:00, Sys 0 00:00:17  -  Total Remote Usage
		Usr 0 00:00:00, Sys 0 00:00:00  -  Total Local Usage
	8217  -  Run Bytes Sent By Job
	8930  -  Run Bytes Received By Job
	8217  -  Total Bytes Sent By Job
	8930  -  Total Bytes Received By Job
	Partitionable Resources :    Usage  Request Allocated
	   Cpus                 :                 1         1
	   Disk (KB)            :     3334 10000000  15908418
	   Memory (MB)          :        4     2100      2100
...
000 (222154.000.000) 07/31 07:13:02 Job submitted from host: <131.225.189.232:9618?addrs=131.225.189.232-9618&noUDP&sock=8982_aaf4_3>
...
001 (222154.000.000) 07/31 07:14:57 Job executing on host: <131.225.206.239:3451?addrs=131.225.206.239-3451>
...
006 (222154.000.000) 07/31 07:15:06 Image size of job updated: 2
	3  -  MemoryUsage of job (MB)
	2420  -  ResidentSetSize of job (KB)
...
006 (222154.000.000) 07/31 07:16:08 Image size of job updated: 447524
	70  -  MemoryUsage of job (MB)
	71360  -  ResidentSetSize of job (KB)
...
006 (222154.000.000) 07/31 07:17:08 Image size of job updated: 772792
	481  -  MemoryUsage of job (MB)
	491532  -  ResidentSetSize of job (KB)
...
005 (222154.000.000) 07/31 07:17:12 Job terminated.
	(1) Normal termination (return value 65)
		Usr 0 00:00:11, Sys 0 00:00:15  -  Run Remote Usage
		Usr 0 00:00:00, Sys 0 00:00:00  -  Run Local Usage
		Usr 0 00:00:11, Sys 0 00:00:15  -  Total Remote Usage
		Usr 0 00:00:00, Sys 0 00:00:00  -  Total Local Usage
	9329  -  Run Bytes Sent By Job
	8930  -  Run Bytes Received By Job
	9329  -  Total Bytes Sent By Job
	8930  -  Total Bytes Received By Job
	Partitionable Resources :    Usage  Request Allocated
	   Cpus                 :                 1         1
	   Disk (KB)            :  6706807 10000000  12034144
	   Memory (MB)          :      481     2100      2100
...
000 (222716.000.000) 07/31 08:33:06 Job submitted from host: <131.225.189.232:9618?addrs=131.225.189.232-9618&noUDP&sock=8982_aaf4_3>
...
001 (222716.000.000) 07/31 08:35:25 Job executing on host: <131.225.204.124:51529?addrs=131.225.204.124-51529>
...
006 (222716.000.000) 07/31 08:35:34 Image size of job updated: 2
	3  -  MemoryUsage of job (MB)
	2420  -  ResidentSetSize of job (KB)
...
006 (222716.000.000) 07/31 08:36:35 Image size of job updated: 447524
	70  -  MemoryUsage of job (MB)
	71356  -  ResidentSetSize of job (KB)
...
006 (222716.000.000) 07/31 08:37:15 Image size of job updated: 572580
	70  -  MemoryUsage of job (MB)
	71356  -  ResidentSetSize of job (KB)
...
005 (222716.000.000) 07/31 08:37:16 Job terminated.
	(1) Normal termination (return value 65)
		Usr 0 00:00:05, Sys 0 00:00:16  -  Run Remote Usage
		Usr 0 00:00:00, Sys 0 00:00:00  -  Run Local Usage
		Usr 0 00:00:05, Sys 0 00:00:16  -  Total Remote Usage
		Usr 0 00:00:00, Sys 0 00:00:00  -  Total Local Usage
	9396  -  Run Bytes Sent By Job
	8930  -  Run Bytes Received By Job
	9396  -  Total Bytes Sent By Job
	8930  -  Total Bytes Received By Job
	Partitionable Resources :    Usage  Request Allocated
	   Cpus                 :                 1         1
	   Disk (KB)            :  6568268 10000000  10514184
	   Memory (MB)          :       70     2100      2100
...
