000 (220969.000.000) 07/31 06:49:48 Job submitted from host: <131.225.189.232:9618?addrs=131.225.189.232-9618&noUDP&sock=8982_aaf4_3>
...
001 (220969.000.000) 07/31 06:50:51 Job executing on host: <131.225.204.96:9238?addrs=131.225.204.96-9238>
...
006 (220969.000.000) 07/31 06:51:00 Image size of job updated: 447524
	71  -  MemoryUsage of job (MB)
	72348  -  ResidentSetSize of job (KB)
...
005 (220969.000.000) 07/31 06:52:30 Job terminated.
	(1) Normal termination (return value 90)
		Usr 0 00:00:00, Sys 0 00:00:16  -  Run Remote Usage
		Usr 0 00:00:00, Sys 0 00:00:00  -  Run Local Usage
		Usr 0 00:00:00, Sys 0 00:00:16  -  Total Remote Usage
		Usr 0 00:00:00, Sys 0 00:00:00  -  Total Local Usage
	9190  -  Run Bytes Sent By Job
	8930  -  Run Bytes Received By Job
	9190  -  Total Bytes Sent By Job
	8930  -  Total Bytes Received By Job
	Partitionable Resources :    Usage  Request Allocated
	   Cpus                 :                 1         1
	   Disk (KB)            :  5409802 10000000  10196697
	   Memory (MB)          :       71     2100      2100
...
000 (221531.000.000) 07/31 07:08:11 Job submitted from host: <131.225.189.232:9618?addrs=131.225.189.232-9618&noUDP&sock=8982_aaf4_3>
...
001 (221531.000.000) 07/31 07:09:05 Job executing on host: <131.225.206.237:65172?addrs=131.225.206.237-65172>
...
006 (221531.000.000) 07/31 07:09:13 Image size of job updated: 82304
	21  -  MemoryUsage of job (MB)
	21444  -  ResidentSetSize of job (KB)
...
006 (221531.000.000) 07/31 07:10:13 Image size of job updated: 447524
	71  -  MemoryUsage of job (MB)
	72344  -  ResidentSetSize of job (KB)
...
005 (221531.000.000) 07/31 07:10:42 Job terminated.
	(1) Normal termination (return value 90)
		Usr 0 00:00:00, Sys 0 00:00:14  -  Run Remote Usage
		Usr 0 00:00:00, Sys 0 00:00:00  -  Run Local Usage
		Usr 0 00:00:00, Sys 0 00:00:14  -  Total Remote Usage
		Usr 0 00:00:00, Sys 0 00:00:00  -  Total Local Usage
	10156  -  Run Bytes Sent By Job
	8930  -  Run Bytes Received By Job
	10156  -  Total Bytes Sent By Job
	8930  -  Total Bytes Received By Job
	Partitionable Resources :    Usage  Request Allocated
	   Cpus                 :                 1         1
	   Disk (KB)            :  4714601 10000000  11779432
	   Memory (MB)          :       71     2100      2100
...
000 (222086.000.000) 07/31 07:12:51 Job submitted from host: <131.225.189.232:9618?addrs=131.225.189.232-9618&noUDP&sock=8982_aaf4_3>
...
001 (222086.000.000) 07/31 07:14:26 Job executing on host: <131.225.206.228:30712?addrs=131.225.206.228-30712>
...
006 (222086.000.000) 07/31 07:14:35 Image size of job updated: 447524
	71  -  MemoryUsage of job (MB)
	72352  -  ResidentSetSize of job (KB)
...
006 (222086.000.000) 07/31 07:16:37 Image size of job updated: 550828
	272  -  MemoryUsage of job (MB)
	277604  -  ResidentSetSize of job (KB)
...
005 (222086.000.000) 07/31 07:16:42 Job terminated.
	(1) Normal termination (return value 65)
		Usr 0 00:00:04, Sys 0 00:00:18  -  Run Remote Usage
		Usr 0 00:00:00, Sys 0 00:00:00  -  Run Local Usage
		Usr 0 00:00:04, Sys 0 00:00:18  -  Total Remote Usage
		Usr 0 00:00:00, Sys 0 00:00:00  -  Total Local Usage
	12246  -  Run Bytes Sent By Job
	8930  -  Run Bytes Received By Job
	12246  -  Total Bytes Sent By Job
	8930  -  Total Bytes Received By Job
	Partitionable Resources :    Usage  Request Allocated
	   Cpus                 :                 1         1
	   Disk (KB)            :  6715086 10000000  11792044
	   Memory (MB)          :      272     2100      2100
...
