000 (221015.000.000) 07/31 06:49:59 Job submitted from host: <131.225.189.232:9618?addrs=131.225.189.232-9618&noUDP&sock=8982_aaf4_3>
...
001 (221015.000.000) 07/31 06:51:09 Job executing on host: <131.225.206.160:29187?addrs=131.225.206.160-29187>
...
006 (221015.000.000) 07/31 06:51:18 Image size of job updated: 2
	3  -  MemoryUsage of job (MB)
	2420  -  ResidentSetSize of job (KB)
...
006 (221015.000.000) 07/31 06:52:19 Image size of job updated: 447524
	71  -  MemoryUsage of job (MB)
	72440  -  ResidentSetSize of job (KB)
...
005 (221015.000.000) 07/31 06:52:39 Job terminated.
	(1) Normal termination (return value 90)
		Usr 0 00:00:00, Sys 0 00:00:16  -  Run Remote Usage
		Usr 0 00:00:00, Sys 0 00:00:00  -  Run Local Usage
		Usr 0 00:00:00, Sys 0 00:00:16  -  Total Remote Usage
		Usr 0 00:00:00, Sys 0 00:00:00  -  Total Local Usage
	8735  -  Run Bytes Sent By Job
	8930  -  Run Bytes Received By Job
	8735  -  Total Bytes Sent By Job
	8930  -  Total Bytes Received By Job
	Partitionable Resources :    Usage  Request Allocated
	   Cpus                 :                 1         1
	   Disk (KB)            :  6376458 10000000  12023716
	   Memory (MB)          :       71     2100      2100
...
000 (221577.000.000) 07/31 07:08:19 Job submitted from host: <131.225.189.232:9618?addrs=131.225.189.232-9618&noUDP&sock=8982_aaf4_3>
...
001 (221577.000.000) 07/31 07:09:27 Job executing on host: <131.225.204.107:46513?addrs=131.225.204.107-46513>
...
006 (221577.000.000) 07/31 07:09:36 Image size of job updated: 2
	3  -  MemoryUsage of job (MB)
	2420  -  ResidentSetSize of job (KB)
...
006 (221577.000.000) 07/31 07:10:37 Image size of job updated: 447524
	71  -  MemoryUsage of job (MB)
	72340  -  ResidentSetSize of job (KB)
...
000 (222132.000.000) 07/31 07:12:58 Job submitted from host: <131.225.189.232:9618?addrs=131.225.189.232-9618&noUDP&sock=8982_aaf4_3>
...
001 (222132.000.000) 07/31 07:14:49 Job executing on host: <131.225.206.165:16738?addrs=131.225.206.165-16738>
...
006 (222132.000.000) 07/31 07:14:57 Image size of job updated: 447528
	11  -  MemoryUsage of job (MB)
	10908  -  ResidentSetSize of job (KB)
...
006 (222132.000.000) 07/31 07:15:57 Image size of job updated: 447528
	71  -  MemoryUsage of job (MB)
	72348  -  ResidentSetSize of job (KB)
...
005 (221577.000.000) 07/31 07:16:57 Job terminated.
	(1) Normal termination (return value 90)
		Usr 0 00:00:03, Sys 0 00:00:23  -  Run Remote Usage
		Usr 0 00:00:00, Sys 0 00:00:00  -  Run Local Usage
		Usr 0 00:00:03, Sys 0 00:00:23  -  Total Remote Usage
		Usr 0 00:00:00, Sys 0 00:00:00  -  Total Local Usage
	35460  -  Run Bytes Sent By Job
	8930  -  Run Bytes Received By Job
	35460  -  Total Bytes Sent By Job
	8930  -  Total Bytes Received By Job
	Partitionable Resources :    Usage  Request Allocated
	   Cpus                 :                 1         1
	   Disk (KB)            :  6271106 10000000  10190319
	   Memory (MB)          :       71     2100      2100
...
006 (222132.000.000) 07/31 07:19:57 Image size of job updated: 627112
	351  -  MemoryUsage of job (MB)
	359080  -  ResidentSetSize of job (KB)
...
006 (222132.000.000) 07/31 07:20:12 Image size of job updated: 772792
	351  -  MemoryUsage of job (MB)
	359080  -  ResidentSetSize of job (KB)
...
005 (222132.000.000) 07/31 07:20:12 Job terminated.
	(1) Normal termination (return value 65)
		Usr 0 00:00:13, Sys 0 00:00:17  -  Run Remote Usage
		Usr 0 00:00:00, Sys 0 00:00:00  -  Run Local Usage
		Usr 0 00:00:13, Sys 0 00:00:17  -  Total Remote Usage
		Usr 0 00:00:00, Sys 0 00:00:00  -  Total Local Usage
	18821  -  Run Bytes Sent By Job
	8930  -  Run Bytes Received By Job
	18821  -  Total Bytes Sent By Job
	8930  -  Total Bytes Received By Job
	Partitionable Resources :    Usage  Request Allocated
	   Cpus                 :                 1         1
	   Disk (KB)            :  6675890 10000000  11330120
	   Memory (MB)          :      351     2100      2100
...
000 (222694.000.000) 07/31 08:33:04 Job submitted from host: <131.225.189.232:9618?addrs=131.225.189.232-9618&noUDP&sock=8982_aaf4_3>
...
001 (222694.000.000) 07/31 08:35:16 Job executing on host: <131.225.206.129:8155?addrs=131.225.206.129-8155>
...
006 (222694.000.000) 07/31 08:35:24 Image size of job updated: 447524
	71  -  MemoryUsage of job (MB)
	72460  -  ResidentSetSize of job (KB)
...
006 (222694.000.000) 07/31 08:38:26 Image size of job updated: 738480
	454  -  MemoryUsage of job (MB)
	464404  -  ResidentSetSize of job (KB)
...
005 (222694.000.000) 07/31 08:38:29 Job terminated.
	(1) Normal termination (return value 65)
		Usr 0 00:00:11, Sys 0 00:00:18  -  Run Remote Usage
		Usr 0 00:00:00, Sys 0 00:00:00  -  Run Local Usage
		Usr 0 00:00:11, Sys 0 00:00:18  -  Total Remote Usage
		Usr 0 00:00:00, Sys 0 00:00:00  -  Total Local Usage
	17157  -  Run Bytes Sent By Job
	8930  -  Run Bytes Received By Job
	17157  -  Total Bytes Sent By Job
	8930  -  Total Bytes Received By Job
	Partitionable Resources :    Usage  Request Allocated
	   Cpus                 :                 1         1
	   Disk (KB)            :  6678756 10000000  10447989
	   Memory (MB)          :      454     2100      2100
...
