000 (220628.000.000) 07/31 06:48:37 Job submitted from host: <131.225.189.232:9618?addrs=131.225.189.232-9618&noUDP&sock=8982_aaf4_3>
...
001 (220628.000.000) 07/31 06:49:01 Job executing on host: <131.225.206.201:15028?addrs=131.225.206.201-15028>
...
006 (220628.000.000) 07/31 06:49:10 Image size of job updated: 2
	3  -  MemoryUsage of job (MB)
	2424  -  ResidentSetSize of job (KB)
...
006 (220628.000.000) 07/31 06:50:11 Image size of job updated: 447524
	70  -  MemoryUsage of job (MB)
	71348  -  ResidentSetSize of job (KB)
...
005 (220628.000.000) 07/31 06:50:55 Job terminated.
	(1) Normal termination (return value 90)
		Usr 0 00:00:00, Sys 0 00:00:17  -  Run Remote Usage
		Usr 0 00:00:00, Sys 0 00:00:00  -  Run Local Usage
		Usr 0 00:00:00, Sys 0 00:00:17  -  Total Remote Usage
		Usr 0 00:00:00, Sys 0 00:00:00  -  Total Local Usage
	10093  -  Run Bytes Sent By Job
	8930  -  Run Bytes Received By Job
	10093  -  Total Bytes Sent By Job
	8930  -  Total Bytes Received By Job
	Partitionable Resources :    Usage  Request Allocated
	   Cpus                 :                 1         1
	   Disk (KB)            :  4656138 10000000  11648508
	   Memory (MB)          :       70     2100      2100
...
000 (221190.000.000) 07/31 07:07:10 Job submitted from host: <131.225.189.232:9618?addrs=131.225.189.232-9618&noUDP&sock=8982_aaf4_3>
...
001 (221190.000.000) 07/31 07:07:41 Job executing on host: <131.225.204.102:9137?addrs=131.225.204.102-9137>
...
006 (221190.000.000) 07/31 07:07:50 Image size of job updated: 447524
	71  -  MemoryUsage of job (MB)
	72344  -  ResidentSetSize of job (KB)
...
005 (221190.000.000) 07/31 07:09:28 Job terminated.
	(1) Normal termination (return value 90)
		Usr 0 00:00:00, Sys 0 00:00:16  -  Run Remote Usage
		Usr 0 00:00:00, Sys 0 00:00:00  -  Run Local Usage
		Usr 0 00:00:00, Sys 0 00:00:16  -  Total Remote Usage
		Usr 0 00:00:00, Sys 0 00:00:00  -  Total Local Usage
	11599  -  Run Bytes Sent By Job
	8930  -  Run Bytes Received By Job
	11599  -  Total Bytes Sent By Job
	8930  -  Total Bytes Received By Job
	Partitionable Resources :    Usage  Request Allocated
	   Cpus                 :                 1         1
	   Disk (KB)            :  4321385 10000000  10600308
	   Memory (MB)          :       71     2100      2100
...
000 (221745.000.000) 07/31 07:11:53 Job submitted from host: <131.225.189.232:9618?addrs=131.225.189.232-9618&noUDP&sock=8982_aaf4_3>
...
001 (221745.000.000) 07/31 07:12:11 Job executing on host: <131.225.207.155:51251?addrs=131.225.207.155-51251>
...
006 (221745.000.000) 07/31 07:12:20 Image size of job updated: 447532
	52  -  MemoryUsage of job (MB)
	52928  -  ResidentSetSize of job (KB)
...
006 (221745.000.000) 07/31 07:13:21 Image size of job updated: 447532
	69  -  MemoryUsage of job (MB)
	70400  -  ResidentSetSize of job (KB)
...
006 (221745.000.000) 07/31 07:17:23 Image size of job updated: 447532
	165  -  MemoryUsage of job (MB)
	167988  -  ResidentSetSize of job (KB)
...
006 (221745.000.000) 07/31 07:17:43 Image size of job updated: 692660
	165  -  MemoryUsage of job (MB)
	167988  -  ResidentSetSize of job (KB)
...
005 (221745.000.000) 07/31 07:17:44 Job terminated.
	(1) Normal termination (return value 65)
		Usr 0 00:00:09, Sys 0 00:00:18  -  Run Remote Usage
		Usr 0 00:00:00, Sys 0 00:00:00  -  Run Local Usage
		Usr 0 00:00:09, Sys 0 00:00:18  -  Total Remote Usage
		Usr 0 00:00:00, Sys 0 00:00:00  -  Total Local Usage
	26451  -  Run Bytes Sent By Job
	8930  -  Run Bytes Received By Job
	26451  -  Total Bytes Sent By Job
	8930  -  Total Bytes Received By Job
	Partitionable Resources :    Usage  Request Allocated
	   Cpus                 :                 1         1
	   Disk (KB)            :  6081160 10000000  10444380
	   Memory (MB)          :      165     2100      2100
...
000 (222307.000.000) 07/31 08:32:36 Job submitted from host: <131.225.189.232:9618?addrs=131.225.189.232-9618&noUDP&sock=8982_aaf4_3>
...
001 (222307.000.000) 07/31 08:33:05 Job executing on host: <131.225.206.2:4181?addrs=131.225.206.2-4181>
...
006 (222307.000.000) 07/31 08:33:14 Image size of job updated: 2
	3  -  MemoryUsage of job (MB)
	2420  -  ResidentSetSize of job (KB)
...
006 (222307.000.000) 07/31 08:34:15 Image size of job updated: 447524
	71  -  MemoryUsage of job (MB)
	72348  -  ResidentSetSize of job (KB)
...
006 (222307.000.000) 07/31 08:35:15 Image size of job updated: 488588
	71  -  MemoryUsage of job (MB)
	72348  -  ResidentSetSize of job (KB)
...
005 (222307.000.000) 07/31 08:35:15 Job terminated.
	(1) Normal termination (return value 65)
		Usr 0 00:00:03, Sys 0 00:00:13  -  Run Remote Usage
		Usr 0 00:00:00, Sys 0 00:00:00  -  Run Local Usage
		Usr 0 00:00:03, Sys 0 00:00:13  -  Total Remote Usage
		Usr 0 00:00:00, Sys 0 00:00:00  -  Total Local Usage
	9941  -  Run Bytes Sent By Job
	8930  -  Run Bytes Received By Job
	9941  -  Total Bytes Sent By Job
	8930  -  Total Bytes Received By Job
	Partitionable Resources :    Usage  Request Allocated
	   Cpus                 :                 1         1
	   Disk (KB)            :  5503307 10000000  10608804
	   Memory (MB)          :       71     2100      2100
...
