000 (220585.000.000) 07/31 06:48:27 Job submitted from host: <131.225.189.232:9618?addrs=131.225.189.232-9618&noUDP&sock=8982_aaf4_3>
...
001 (220585.000.000) 07/31 06:48:50 Job executing on host: <131.225.206.177:16856?addrs=131.225.206.177-16856>
...
006 (220585.000.000) 07/31 06:48:59 Image size of job updated: 447524
	71  -  MemoryUsage of job (MB)
	72348  -  ResidentSetSize of job (KB)
...
005 (220585.000.000) 07/31 06:50:45 Job terminated.
	(1) Normal termination (return value 90)
		Usr 0 00:00:01, Sys 0 00:00:16  -  Run Remote Usage
		Usr 0 00:00:00, Sys 0 00:00:00  -  Run Local Usage
		Usr 0 00:00:01, Sys 0 00:00:16  -  Total Remote Usage
		Usr 0 00:00:00, Sys 0 00:00:00  -  Total Local Usage
	11144  -  Run Bytes Sent By Job
	8930  -  Run Bytes Received By Job
	11144  -  Total Bytes Sent By Job
	8930  -  Total Bytes Received By Job
	Partitionable Resources :    Usage  Request Allocated
	   Cpus                 :                 1         1
	   Disk (KB)            :  4017162 10000000  10103034
	   Memory (MB)          :       71     2100      2100
...
000 (221147.000.000) 07/31 07:07:03 Job submitted from host: <131.225.189.232:9618?addrs=131.225.189.232-9618&noUDP&sock=8982_aaf4_3>
...
001 (221147.000.000) 07/31 07:07:34 Job executing on host: <131.225.206.188:37401?addrs=131.225.206.188-37401>
...
006 (221147.000.000) 07/31 07:07:42 Image size of job updated: 2
	3  -  MemoryUsage of job (MB)
	2424  -  ResidentSetSize of job (KB)
...
006 (221147.000.000) 07/31 07:08:42 Image size of job updated: 447524
	70  -  MemoryUsage of job (MB)
	71352  -  ResidentSetSize of job (KB)
...
005 (221147.000.000) 07/31 07:10:17 Job terminated.
	(1) Normal termination (return value 90)
		Usr 0 00:00:01, Sys 0 00:00:17  -  Run Remote Usage
		Usr 0 00:00:00, Sys 0 00:00:00  -  Run Local Usage
		Usr 0 00:00:01, Sys 0 00:00:17  -  Total Remote Usage
		Usr 0 00:00:00, Sys 0 00:00:00  -  Total Local Usage
	12979  -  Run Bytes Sent By Job
	8930  -  Run Bytes Received By Job
	12979  -  Total Bytes Sent By Job
	8930  -  Total Bytes Received By Job
	Partitionable Resources :    Usage  Request Allocated
	   Cpus                 :                 1         1
	   Disk (KB)            :  3125353 10000000  10407549
	   Memory (MB)          :       70     2100      2100
...
000 (221702.000.000) 07/31 07:11:46 Job submitted from host: <131.225.189.232:9618?addrs=131.225.189.232-9618&noUDP&sock=8982_aaf4_3>
...
001 (221702.000.000) 07/31 07:12:13 Job executing on host: <131.225.204.71:34466?addrs=131.225.204.71-34466>
...
006 (221702.000.000) 07/31 07:12:22 Image size of job updated: 2
	3  -  MemoryUsage of job (MB)
	2424  -  ResidentSetSize of job (KB)
...
006 (221702.000.000) 07/31 07:13:23 Image size of job updated: 447524
	71  -  MemoryUsage of job (MB)
	72348  -  ResidentSetSize of job (KB)
...
006 (221702.000.000) 07/31 07:14:24 Image size of job updated: 447524
	165  -  MemoryUsage of job (MB)
	168032  -  ResidentSetSize of job (KB)
...
006 (221702.000.000) 07/31 07:14:59 Image size of job updated: 769968
	165  -  MemoryUsage of job (MB)
	168032  -  ResidentSetSize of job (KB)
...
005 (221702.000.000) 07/31 07:15:00 Job terminated.
	(1) Normal termination (return value 65)
		Usr 0 00:00:12, Sys 0 00:00:19  -  Run Remote Usage
		Usr 0 00:00:00, Sys 0 00:00:00  -  Run Local Usage
		Usr 0 00:00:12, Sys 0 00:00:19  -  Total Remote Usage
		Usr 0 00:00:00, Sys 0 00:00:00  -  Total Local Usage
	12146  -  Run Bytes Sent By Job
	8930  -  Run Bytes Received By Job
	12146  -  Total Bytes Sent By Job
	8930  -  Total Bytes Received By Job
	Partitionable Resources :    Usage  Request Allocated
	   Cpus                 :                 1         1
	   Disk (KB)            :  6529009 10000000  10382532
	   Memory (MB)          :      165     2100      2100
...
000 (222264.000.000) 07/31 08:32:33 Job submitted from host: <131.225.189.232:9618?addrs=131.225.189.232-9618&noUDP&sock=8982_aaf4_3>
...
001 (222264.000.000) 07/31 08:32:59 Job executing on host: <131.225.191.160:10545?addrs=131.225.191.160-10545>
...
006 (222264.000.000) 07/31 08:33:08 Image size of job updated: 14556
	3  -  MemoryUsage of job (MB)
	2056  -  ResidentSetSize of job (KB)
...
006 (222264.000.000) 07/31 08:34:09 Image size of job updated: 447524
	69  -  MemoryUsage of job (MB)
	70380  -  ResidentSetSize of job (KB)
...
006 (222264.000.000) 07/31 08:37:12 Image size of job updated: 447524
	167  -  MemoryUsage of job (MB)
	170404  -  ResidentSetSize of job (KB)
...
006 (222264.000.000) 07/31 08:37:29 Image size of job updated: 700084
	167  -  MemoryUsage of job (MB)
	170404  -  ResidentSetSize of job (KB)
...
005 (222264.000.000) 07/31 08:37:30 Job terminated.
	(1) Normal termination (return value 65)
		Usr 0 00:00:11, Sys 0 00:00:22  -  Run Remote Usage
		Usr 0 00:00:00, Sys 0 00:00:00  -  Run Local Usage
		Usr 0 00:00:11, Sys 0 00:00:22  -  Total Remote Usage
		Usr 0 00:00:00, Sys 0 00:00:00  -  Total Local Usage
	24376  -  Run Bytes Sent By Job
	8930  -  Run Bytes Received By Job
	24376  -  Total Bytes Sent By Job
	8930  -  Total Bytes Received By Job
	Partitionable Resources :    Usage  Request Allocated
	   Cpus                 :                 1         1
	   Disk (KB)            :  6531888 10000000  11966420
	   Memory (MB)          :      167     2100      2100
...
000 (222819.000.000) 07/31 08:49:44 Job submitted from host: <131.225.189.232:9618?addrs=131.225.189.232-9618&noUDP&sock=8982_aaf4_3>
...
001 (222819.000.000) 07/31 08:50:08 Job executing on host: <131.225.207.167:1759?addrs=131.225.207.167-1759>
...
006 (222819.000.000) 07/31 08:50:17 Image size of job updated: 2
	3  -  MemoryUsage of job (MB)
	2424  -  ResidentSetSize of job (KB)
...
006 (222819.000.000) 07/31 08:51:18 Image size of job updated: 447524
	69  -  MemoryUsage of job (MB)
	70320  -  ResidentSetSize of job (KB)
...
006 (222819.000.000) 07/31 08:54:20 Image size of job updated: 447524
	155  -  MemoryUsage of job (MB)
	158492  -  ResidentSetSize of job (KB)
...
006 (222819.000.000) 07/31 08:54:35 Image size of job updated: 709552
	155  -  MemoryUsage of job (MB)
	158492  -  ResidentSetSize of job (KB)
...
005 (222819.000.000) 07/31 08:54:36 Job terminated.
	(1) Normal termination (return value 65)
		Usr 0 00:00:11, Sys 0 00:00:15  -  Run Remote Usage
		Usr 0 00:00:00, Sys 0 00:00:00  -  Run Local Usage
		Usr 0 00:00:11, Sys 0 00:00:15  -  Total Remote Usage
		Usr 0 00:00:00, Sys 0 00:00:00  -  Total Local Usage
	22961  -  Run Bytes Sent By Job
	44439  -  Run Bytes Received By Job
	22961  -  Total Bytes Sent By Job
	44439  -  Total Bytes Received By Job
	Partitionable Resources :    Usage  Request Allocated
	   Cpus                 :                 1         1
	   Disk (KB)            :  6531725 10000000  10581600
	   Memory (MB)          :      155     2100      2100
...
000 (223374.000.000) 07/31 09:06:14 Job submitted from host: <131.225.189.232:9618?addrs=131.225.189.232-9618&noUDP&sock=8982_aaf4_3>
...
