000 (220553.000.000) 07/31 06:48:20 Job submitted from host: <131.225.189.232:9618?addrs=131.225.189.232-9618&noUDP&sock=8982_aaf4_3>
...
001 (220553.000.000) 07/31 06:48:36 Job executing on host: <131.225.207.78:40601?addrs=131.225.207.78-40601>
...
006 (220553.000.000) 07/31 06:48:45 Image size of job updated: 66464
	10  -  MemoryUsage of job (MB)
	10092  -  ResidentSetSize of job (KB)
...
006 (220553.000.000) 07/31 06:49:46 Image size of job updated: 447524
	71  -  MemoryUsage of job (MB)
	72380  -  ResidentSetSize of job (KB)
...
005 (220553.000.000) 07/31 06:51:50 Job terminated.
	(1) Normal termination (return value 90)
		Usr 0 00:00:01, Sys 0 00:00:21  -  Run Remote Usage
		Usr 0 00:00:00, Sys 0 00:00:00  -  Run Local Usage
		Usr 0 00:00:01, Sys 0 00:00:21  -  Total Remote Usage
		Usr 0 00:00:00, Sys 0 00:00:00  -  Total Local Usage
	17623  -  Run Bytes Sent By Job
	8930  -  Run Bytes Received By Job
	17623  -  Total Bytes Sent By Job
	8930  -  Total Bytes Received By Job
	Partitionable Resources :    Usage  Request Allocated
	   Cpus                 :                 1         1
	   Disk (KB)            :  6030686 10000000  13140140
	   Memory (MB)          :       71     2100      2100
...
000 (221115.000.000) 07/31 07:06:57 Job submitted from host: <131.225.189.232:9618?addrs=131.225.189.232-9618&noUDP&sock=8982_aaf4_3>
...
001 (221115.000.000) 07/31 07:07:16 Job executing on host: <131.225.206.188:37401?addrs=131.225.206.188-37401>
...
006 (221115.000.000) 07/31 07:07:25 Image size of job updated: 2
	3  -  MemoryUsage of job (MB)
	2420  -  ResidentSetSize of job (KB)
...
006 (221115.000.000) 07/31 07:08:26 Image size of job updated: 447524
	69  -  MemoryUsage of job (MB)
	70212  -  ResidentSetSize of job (KB)
...
006 (221115.000.000) 07/31 07:09:28 Image size of job updated: 447524
	69  -  MemoryUsage of job (MB)
	70316  -  ResidentSetSize of job (KB)
...
005 (221115.000.000) 07/31 07:10:17 Job terminated.
	(1) Normal termination (return value 90)
		Usr 0 00:00:01, Sys 0 00:00:16  -  Run Remote Usage
		Usr 0 00:00:00, Sys 0 00:00:00  -  Run Local Usage
		Usr 0 00:00:01, Sys 0 00:00:16  -  Total Remote Usage
		Usr 0 00:00:00, Sys 0 00:00:00  -  Total Local Usage
	13717  -  Run Bytes Sent By Job
	8930  -  Run Bytes Received By Job
	13717  -  Total Bytes Sent By Job
	8930  -  Total Bytes Received By Job
	Partitionable Resources :    Usage  Request Allocated
	   Cpus                 :                 1         1
	   Disk (KB)            :  5501037 10000000  10407576
	   Memory (MB)          :       69     2100      2100
...
000 (221670.000.000) 07/31 07:11:39 Job submitted from host: <131.225.189.232:9618?addrs=131.225.189.232-9618&noUDP&sock=8982_aaf4_3>
...
001 (221670.000.000) 07/31 07:11:49 Job executing on host: <131.225.191.159:9675?addrs=131.225.191.159-9675>
...
006 (221670.000.000) 07/31 07:11:58 Image size of job updated: 447524
	71  -  MemoryUsage of job (MB)
	72340  -  ResidentSetSize of job (KB)
...
006 (221670.000.000) 07/31 07:17:19 Image size of job updated: 670644
	71  -  MemoryUsage of job (MB)
	72340  -  ResidentSetSize of job (KB)
...
005 (221670.000.000) 07/31 07:17:19 Job terminated.
	(1) Normal termination (return value 65)
		Usr 0 00:00:10, Sys 0 00:00:18  -  Run Remote Usage
		Usr 0 00:00:00, Sys 0 00:00:00  -  Run Local Usage
		Usr 0 00:00:10, Sys 0 00:00:18  -  Total Remote Usage
		Usr 0 00:00:00, Sys 0 00:00:00  -  Total Local Usage
	28261  -  Run Bytes Sent By Job
	8930  -  Run Bytes Received By Job
	28261  -  Total Bytes Sent By Job
	8930  -  Total Bytes Received By Job
	Partitionable Resources :    Usage  Request Allocated
	   Cpus                 :                 1         1
	   Disk (KB)            :  6039414 10000000  11423100
	   Memory (MB)          :       71     2100      2100
...
000 (222232.000.000) 07/31 08:32:31 Job submitted from host: <131.225.189.232:9618?addrs=131.225.189.232-9618&noUDP&sock=8982_aaf4_3>
...
001 (222232.000.000) 07/31 08:32:50 Job executing on host: <131.225.207.49:46758?addrs=131.225.207.49-46758>
...
006 (222232.000.000) 07/31 08:32:59 Image size of job updated: 447528
	71  -  MemoryUsage of job (MB)
	72344  -  ResidentSetSize of job (KB)
...
006 (222232.000.000) 07/31 08:35:06 Image size of job updated: 447528
	151  -  MemoryUsage of job (MB)
	154032  -  ResidentSetSize of job (KB)
...
005 (222232.000.000) 07/31 08:35:20 Job terminated.
	(1) Normal termination (return value 65)
		Usr 0 00:00:01, Sys 0 00:00:19  -  Run Remote Usage
		Usr 0 00:00:00, Sys 0 00:00:00  -  Run Local Usage
		Usr 0 00:00:01, Sys 0 00:00:19  -  Total Remote Usage
		Usr 0 00:00:00, Sys 0 00:00:00  -  Total Local Usage
	13276  -  Run Bytes Sent By Job
	8930  -  Run Bytes Received By Job
	13276  -  Total Bytes Sent By Job
	8930  -  Total Bytes Received By Job
	Partitionable Resources :    Usage  Request Allocated
	   Cpus                 :                 1         1
	   Disk (KB)            :  6042267 10000000  10522398
	   Memory (MB)          :      151     2100      2100
...
