000 (220952.000.000) 07/31 06:49:44 Job submitted from host: <131.225.189.232:9618?addrs=131.225.189.232-9618&noUDP&sock=8982_aaf4_3>
...
001 (220952.000.000) 07/31 06:50:39 Job executing on host: <131.225.207.188:38940?addrs=131.225.207.188-38940>
...
006 (220952.000.000) 07/31 06:50:48 Image size of job updated: 447524
	71  -  MemoryUsage of job (MB)
	72348  -  ResidentSetSize of job (KB)
...
005 (220952.000.000) 07/31 06:52:32 Job terminated.
	(1) Normal termination (return value 90)
		Usr 0 00:00:00, Sys 0 00:00:12  -  Run Remote Usage
		Usr 0 00:00:00, Sys 0 00:00:00  -  Run Local Usage
		Usr 0 00:00:00, Sys 0 00:00:12  -  Total Remote Usage
		Usr 0 00:00:00, Sys 0 00:00:00  -  Total Local Usage
	8853  -  Run Bytes Sent By Job
	8930  -  Run Bytes Received By Job
	8853  -  Total Bytes Sent By Job
	8930  -  Total Bytes Received By Job
	Partitionable Resources :    Usage  Request Allocated
	   Cpus                 :                 1         1
	   Disk (KB)            :  5966858 10000000  10321344
	   Memory (MB)          :       71     2100      2100
...
000 (221514.000.000) 07/31 07:08:08 Job submitted from host: <131.225.189.232:9618?addrs=131.225.189.232-9618&noUDP&sock=8982_aaf4_3>
...
001 (221514.000.000) 07/31 07:08:53 Job executing on host: <131.225.206.18:10358?addrs=131.225.206.18-10358>
...
006 (221514.000.000) 07/31 07:09:02 Image size of job updated: 2
	3  -  MemoryUsage of job (MB)
	2424  -  ResidentSetSize of job (KB)
...
006 (221514.000.000) 07/31 07:10:03 Image size of job updated: 447524
	71  -  MemoryUsage of job (MB)
	72348  -  ResidentSetSize of job (KB)
...
005 (221514.000.000) 07/31 07:10:19 Job terminated.
	(1) Normal termination (return value 90)
		Usr 0 00:00:00, Sys 0 00:00:22  -  Run Remote Usage
		Usr 0 00:00:00, Sys 0 00:00:00  -  Run Local Usage
		Usr 0 00:00:00, Sys 0 00:00:22  -  Total Remote Usage
		Usr 0 00:00:00, Sys 0 00:00:00  -  Total Local Usage
	9094  -  Run Bytes Sent By Job
	8930  -  Run Bytes Received By Job
	9094  -  Total Bytes Sent By Job
	8930  -  Total Bytes Received By Job
	Partitionable Resources :    Usage  Request Allocated
	   Cpus                 :                 1         1
	   Disk (KB)            :  5582953 10000000  10315848
	   Memory (MB)          :       71     2100      2100
...
000 (222069.000.000) 07/31 07:12:48 Job submitted from host: <131.225.189.232:9618?addrs=131.225.189.232-9618&noUDP&sock=8982_aaf4_3>
...
001 (222069.000.000) 07/31 07:14:17 Job executing on host: <131.225.206.198:53342?addrs=131.225.206.198-53342>
...
006 (222069.000.000) 07/31 07:14:25 Image size of job updated: 447524
	34  -  MemoryUsage of job (MB)
	33812  -  ResidentSetSize of job (KB)
...
006 (222069.000.000) 07/31 07:15:25 Image size of job updated: 447524
	71  -  MemoryUsage of job (MB)
	72352  -  ResidentSetSize of job (KB)
...
006 (222069.000.000) 07/31 07:19:12 Image size of job updated: 772788
	71  -  MemoryUsage of job (MB)
	72352  -  ResidentSetSize of job (KB)
...
005 (222069.000.000) 07/31 07:19:15 Job terminated.
	(1) Normal termination (return value 65)
		Usr 0 00:00:13, Sys 0 00:00:14  -  Run Remote Usage
		Usr 0 00:00:00, Sys 0 00:00:00  -  Run Local Usage
		Usr 0 00:00:13, Sys 0 00:00:14  -  Total Remote Usage
		Usr 0 00:00:00, Sys 0 00:00:00  -  Total Local Usage
	24642  -  Run Bytes Sent By Job
	8930  -  Run Bytes Received By Job
	24642  -  Total Bytes Sent By Job
	8930  -  Total Bytes Received By Job
	Partitionable Resources :    Usage  Request Allocated
	   Cpus                 :                 1         1
	   Disk (KB)            :  5533222 10000000  11700716
	   Memory (MB)          :       71     2100      2100
...
