000 (220939.000.000) 07/31 06:49:42 Job submitted from host: <131.225.189.232:9618?addrs=131.225.189.232-9618&noUDP&sock=8982_aaf4_3>
...
001 (220939.000.000) 07/31 06:50:34 Job executing on host: <131.225.207.54:28276?addrs=131.225.207.54-28276>
...
006 (220939.000.000) 07/31 06:50:47 Image size of job updated: 40612
	4  -  MemoryUsage of job (MB)
	3644  -  ResidentSetSize of job (KB)
...
006 (220939.000.000) 07/31 06:51:44 Image size of job updated: 447524
	71  -  MemoryUsage of job (MB)
	72348  -  ResidentSetSize of job (KB)
...
005 (220939.000.000) 07/31 06:54:17 Job terminated.
	(1) Normal termination (return value 90)
		Usr 0 00:00:01, Sys 0 00:00:18  -  Run Remote Usage
		Usr 0 00:00:00, Sys 0 00:00:00  -  Run Local Usage
		Usr 0 00:00:01, Sys 0 00:00:18  -  Total Remote Usage
		Usr 0 00:00:00, Sys 0 00:00:00  -  Total Local Usage
	18554  -  Run Bytes Sent By Job
	8930  -  Run Bytes Received By Job
	18554  -  Total Bytes Sent By Job
	8930  -  Total Bytes Received By Job
	Partitionable Resources :    Usage  Request Allocated
	   Cpus                 :                 1         1
	   Disk (KB)            :  4819986 10000000  13319232
	   Memory (MB)          :       71     2100      2100
...
000 (221501.000.000) 07/31 07:08:05 Job submitted from host: <131.225.189.232:9618?addrs=131.225.189.232-9618&noUDP&sock=8982_aaf4_3>
...
001 (221501.000.000) 07/31 07:08:36 Job executing on host: <131.225.204.99:39948?addrs=131.225.204.99-39948>
...
006 (221501.000.000) 07/31 07:08:46 Image size of job updated: 447524
	71  -  MemoryUsage of job (MB)
	72348  -  ResidentSetSize of job (KB)
...
005 (221501.000.000) 07/31 07:10:11 Job terminated.
	(1) Normal termination (return value 90)
		Usr 0 00:00:00, Sys 0 00:00:16  -  Run Remote Usage
		Usr 0 00:00:00, Sys 0 00:00:00  -  Run Local Usage
		Usr 0 00:00:00, Sys 0 00:00:16  -  Total Remote Usage
		Usr 0 00:00:00, Sys 0 00:00:00  -  Total Local Usage
	10348  -  Run Bytes Sent By Job
	8930  -  Run Bytes Received By Job
	10348  -  Total Bytes Sent By Job
	8930  -  Total Bytes Received By Job
	Partitionable Resources :    Usage  Request Allocated
	   Cpus                 :                 1         1
	   Disk (KB)            :  5025897 10000000  10346493
	   Memory (MB)          :       71     2100      2100
...
000 (222056.000.000) 07/31 07:12:46 Job submitted from host: <131.225.189.232:9618?addrs=131.225.189.232-9618&noUDP&sock=8982_aaf4_3>
...
001 (222056.000.000) 07/31 07:14:16 Job executing on host: <131.225.205.161:18626?addrs=131.225.205.161-18626>
...
006 (222056.000.000) 07/31 07:14:24 Image size of job updated: 447524
	41  -  MemoryUsage of job (MB)
	41004  -  ResidentSetSize of job (KB)
...
006 (222056.000.000) 07/31 07:15:24 Image size of job updated: 447524
	70  -  MemoryUsage of job (MB)
	71356  -  ResidentSetSize of job (KB)
...
006 (222056.000.000) 07/31 07:18:26 Image size of job updated: 447524
	165  -  MemoryUsage of job (MB)
	168516  -  ResidentSetSize of job (KB)
...
006 (222056.000.000) 07/31 07:18:53 Image size of job updated: 672428
	165  -  MemoryUsage of job (MB)
	168516  -  ResidentSetSize of job (KB)
...
005 (222056.000.000) 07/31 07:18:54 Job terminated.
	(1) Normal termination (return value 65)
		Usr 0 00:00:12, Sys 0 00:00:28  -  Run Remote Usage
		Usr 0 00:00:00, Sys 0 00:00:00  -  Run Local Usage
		Usr 0 00:00:12, Sys 0 00:00:28  -  Total Remote Usage
		Usr 0 00:00:00, Sys 0 00:00:00  -  Total Local Usage
	23759  -  Run Bytes Sent By Job
	8930  -  Run Bytes Received By Job
	23759  -  Total Bytes Sent By Job
	8930  -  Total Bytes Received By Job
	Partitionable Resources :    Usage  Request Allocated
	   Cpus                 :                 1         1
	   Disk (KB)            :  6692471 10000000  17125405
	   Memory (MB)          :      165     2100      2100
...
000 (222618.000.000) 07/31 08:32:58 Job submitted from host: <131.225.189.232:9618?addrs=131.225.189.232-9618&noUDP&sock=8982_aaf4_3>
...
001 (222618.000.000) 07/31 08:34:10 Job executing on host: <131.225.205.157:55276?addrs=131.225.205.157-55276>
...
006 (222618.000.000) 07/31 08:34:18 Image size of job updated: 447528
	70  -  MemoryUsage of job (MB)
	71164  -  ResidentSetSize of job (KB)
...
006 (222618.000.000) 07/31 08:37:53 Image size of job updated: 647084
	70  -  MemoryUsage of job (MB)
	71164  -  ResidentSetSize of job (KB)
...
005 (222618.000.000) 07/31 08:37:54 Job terminated.
	(1) Normal termination (return value 65)
		Usr 0 00:00:11, Sys 0 00:00:24  -  Run Remote Usage
		Usr 0 00:00:00, Sys 0 00:00:00  -  Run Local Usage
		Usr 0 00:00:11, Sys 0 00:00:24  -  Total Remote Usage
		Usr 0 00:00:00, Sys 0 00:00:00  -  Total Local Usage
	18519  -  Run Bytes Sent By Job
	8930  -  Run Bytes Received By Job
	18519  -  Total Bytes Sent By Job
	8930  -  Total Bytes Received By Job
	Partitionable Resources :    Usage  Request Allocated
	   Cpus                 :                 1         1
	   Disk (KB)            :  6695333 10000000  17178862
	   Memory (MB)          :       70     2100      2100
...
000 (223173.000.000) 07/31 08:50:02 Job submitted from host: <131.225.189.232:9618?addrs=131.225.189.232-9618&noUDP&sock=8982_aaf4_3>
...
001 (223173.000.000) 07/31 08:51:21 Job executing on host: <131.225.191.80:57423?addrs=131.225.191.80-57423>
...
006 (223173.000.000) 07/31 08:51:31 Image size of job updated: 447524
	69  -  MemoryUsage of job (MB)
	70280  -  ResidentSetSize of job (KB)
...
006 (223173.000.000) 07/31 08:52:31 Image size of job updated: 447524
	69  -  MemoryUsage of job (MB)
	70408  -  ResidentSetSize of job (KB)
...
006 (223173.000.000) 07/31 08:54:31 Image size of job updated: 679344
	394  -  MemoryUsage of job (MB)
	402600  -  ResidentSetSize of job (KB)
...
006 (223173.000.000) 07/31 08:55:12 Image size of job updated: 772784
	394  -  MemoryUsage of job (MB)
	402600  -  ResidentSetSize of job (KB)
...
005 (223173.000.000) 07/31 08:55:13 Job terminated.
	(1) Normal termination (return value 65)
		Usr 0 00:00:16, Sys 0 00:00:22  -  Run Remote Usage
		Usr 0 00:00:00, Sys 0 00:00:00  -  Run Local Usage
		Usr 0 00:00:16, Sys 0 00:00:22  -  Total Remote Usage
		Usr 0 00:00:00, Sys 0 00:00:00  -  Total Local Usage
	18138  -  Run Bytes Sent By Job
	44439  -  Run Bytes Received By Job
	18138  -  Total Bytes Sent By Job
	44439  -  Total Bytes Received By Job
	Partitionable Resources :    Usage  Request Allocated
	   Cpus                 :                 1         1
	   Disk (KB)            :  6695171 10000000  15959828
	   Memory (MB)          :      394     2100      2100
...
000 (223728.000.000) 07/31 09:06:30 Job submitted from host: <131.225.189.232:9618?addrs=131.225.189.232-9618&noUDP&sock=8982_aaf4_3>
...
