000 (220999.000.000) 07/31 06:49:56 Job submitted from host: <131.225.189.232:9618?addrs=131.225.189.232-9618&noUDP&sock=8982_aaf4_3>
...
001 (220999.000.000) 07/31 06:51:03 Job executing on host: <131.225.205.181:33762?addrs=131.225.205.181-33762>
...
006 (220999.000.000) 07/31 06:51:12 Image size of job updated: 40612
	4  -  MemoryUsage of job (MB)
	3644  -  ResidentSetSize of job (KB)
...
006 (220999.000.000) 07/31 06:52:13 Image size of job updated: 447524
	70  -  MemoryUsage of job (MB)
	71308  -  ResidentSetSize of job (KB)
...
005 (220999.000.000) 07/31 06:52:25 Job terminated.
	(1) Normal termination (return value 90)
		Usr 0 00:00:00, Sys 0 00:00:19  -  Run Remote Usage
		Usr 0 00:00:00, Sys 0 00:00:00  -  Run Local Usage
		Usr 0 00:00:00, Sys 0 00:00:19  -  Total Remote Usage
		Usr 0 00:00:00, Sys 0 00:00:00  -  Total Local Usage
	8852  -  Run Bytes Sent By Job
	8930  -  Run Bytes Received By Job
	8852  -  Total Bytes Sent By Job
	8930  -  Total Bytes Received By Job
	Partitionable Resources :    Usage  Request Allocated
	   Cpus                 :                 1         1
	   Disk (KB)            :  5655562 10000000  17119896
	   Memory (MB)          :       70     2100      2100
...
000 (221561.000.000) 07/31 07:08:16 Job submitted from host: <131.225.189.232:9618?addrs=131.225.189.232-9618&noUDP&sock=8982_aaf4_3>
...
001 (221561.000.000) 07/31 07:09:26 Job executing on host: <131.225.205.153:56309?addrs=131.225.205.153-56309>
...
006 (221561.000.000) 07/31 07:09:35 Image size of job updated: 111052
	9  -  MemoryUsage of job (MB)
	8416  -  ResidentSetSize of job (KB)
...
006 (221561.000.000) 07/31 07:10:37 Image size of job updated: 447524
	69  -  MemoryUsage of job (MB)
	70284  -  ResidentSetSize of job (KB)
...
006 (221561.000.000) 07/31 07:11:37 Image size of job updated: 447524
	69  -  MemoryUsage of job (MB)
	70292  -  ResidentSetSize of job (KB)
...
000 (222116.000.000) 07/31 07:12:55 Job submitted from host: <131.225.189.232:9618?addrs=131.225.189.232-9618&noUDP&sock=8982_aaf4_3>
...
005 (221561.000.000) 07/31 07:13:30 Job terminated.
	(1) Normal termination (return value 90)
		Usr 0 00:00:01, Sys 0 00:00:23  -  Run Remote Usage
		Usr 0 00:00:00, Sys 0 00:00:00  -  Run Local Usage
		Usr 0 00:00:01, Sys 0 00:00:23  -  Total Remote Usage
		Usr 0 00:00:00, Sys 0 00:00:00  -  Total Local Usage
	23053  -  Run Bytes Sent By Job
	8930  -  Run Bytes Received By Job
	23053  -  Total Bytes Sent By Job
	8930  -  Total Bytes Received By Job
	Partitionable Resources :    Usage  Request Allocated
	   Cpus                 :                 1         1
	   Disk (KB)            :  5337204 10000000  17151736
	   Memory (MB)          :       69     2100      2100
...
001 (222116.000.000) 07/31 07:14:42 Job executing on host: <131.225.205.190:55293?addrs=131.225.205.190-55293>
...
006 (222116.000.000) 07/31 07:14:51 Image size of job updated: 2
	3  -  MemoryUsage of job (MB)
	2424  -  ResidentSetSize of job (KB)
...
006 (222116.000.000) 07/31 07:15:53 Image size of job updated: 447524
	70  -  MemoryUsage of job (MB)
	71420  -  ResidentSetSize of job (KB)
...
006 (222116.000.000) 07/31 07:16:29 Image size of job updated: 722352
	70  -  MemoryUsage of job (MB)
	71420  -  ResidentSetSize of job (KB)
...
005 (222116.000.000) 07/31 07:16:30 Job terminated.
	(1) Normal termination (return value 65)
		Usr 0 00:00:14, Sys 0 00:00:18  -  Run Remote Usage
		Usr 0 00:00:00, Sys 0 00:00:00  -  Run Local Usage
		Usr 0 00:00:14, Sys 0 00:00:18  -  Total Remote Usage
		Usr 0 00:00:00, Sys 0 00:00:00  -  Total Local Usage
	9500  -  Run Bytes Sent By Job
	8930  -  Run Bytes Received By Job
	9500  -  Total Bytes Sent By Job
	8930  -  Total Bytes Received By Job
	Partitionable Resources :    Usage  Request Allocated
	   Cpus                 :                 1         1
	   Disk (KB)            :  6188568 10000000  17133895
	   Memory (MB)          :       70     2100      2100
...
000 (222678.000.000) 07/31 08:33:03 Job submitted from host: <131.225.189.232:9618?addrs=131.225.189.232-9618&noUDP&sock=8982_aaf4_3>
...
001 (222678.000.000) 07/31 08:35:09 Job executing on host: <131.225.206.41:8370?addrs=131.225.206.41-8370>
...
006 (222678.000.000) 07/31 08:35:17 Image size of job updated: 447524
	13  -  MemoryUsage of job (MB)
	12872  -  ResidentSetSize of job (KB)
...
006 (222678.000.000) 07/31 08:36:17 Image size of job updated: 447524
	70  -  MemoryUsage of job (MB)
	71356  -  ResidentSetSize of job (KB)
...
006 (222678.000.000) 07/31 08:37:00 Image size of job updated: 772792
	70  -  MemoryUsage of job (MB)
	71356  -  ResidentSetSize of job (KB)
...
005 (222678.000.000) 07/31 08:37:00 Job terminated.
	(1) Normal termination (return value 65)
		Usr 0 00:00:11, Sys 0 00:00:15  -  Run Remote Usage
		Usr 0 00:00:00, Sys 0 00:00:00  -  Run Local Usage
		Usr 0 00:00:11, Sys 0 00:00:15  -  Total Remote Usage
		Usr 0 00:00:00, Sys 0 00:00:00  -  Total Local Usage
	10541  -  Run Bytes Sent By Job
	8930  -  Run Bytes Received By Job
	10541  -  Total Bytes Sent By Job
	8930  -  Total Bytes Received By Job
	Partitionable Resources :    Usage  Request Allocated
	   Cpus                 :                 1         1
	   Disk (KB)            :  5208395 10000000  10280859
	   Memory (MB)          :       70     2100      2100
...
