000 (220849.000.000) 07/31 06:49:23 Job submitted from host: <131.225.189.232:9618?addrs=131.225.189.232-9618&noUDP&sock=8982_aaf4_3>
...
001 (220849.000.000) 07/31 06:49:44 Job executing on host: <131.225.191.146:62855?addrs=131.225.191.146-62855>
...
006 (220849.000.000) 07/31 06:49:53 Image size of job updated: 447524
	71  -  MemoryUsage of job (MB)
	72344  -  ResidentSetSize of job (KB)
...
005 (220849.000.000) 07/31 06:51:13 Job terminated.
	(1) Normal termination (return value 90)
		Usr 0 00:00:00, Sys 0 00:00:16  -  Run Remote Usage
		Usr 0 00:00:00, Sys 0 00:00:00  -  Run Local Usage
		Usr 0 00:00:00, Sys 0 00:00:16  -  Total Remote Usage
		Usr 0 00:00:00, Sys 0 00:00:00  -  Total Local Usage
	9381  -  Run Bytes Sent By Job
	8930  -  Run Bytes Received By Job
	9381  -  Total Bytes Sent By Job
	8930  -  Total Bytes Received By Job
	Partitionable Resources :    Usage  Request Allocated
	   Cpus                 :                 1         1
	   Disk (KB)            :  4951050 10000000  12019676
	   Memory (MB)          :       71     2100      2100
...
000 (221411.000.000) 07/31 07:07:50 Job submitted from host: <131.225.189.232:9618?addrs=131.225.189.232-9618&noUDP&sock=8982_aaf4_3>
...
001 (221411.000.000) 07/31 07:08:26 Job executing on host: <131.225.190.15:35961?addrs=131.225.190.15-35961>
...
006 (221411.000.000) 07/31 07:08:34 Image size of job updated: 14556
	2  -  MemoryUsage of job (MB)
	1976  -  ResidentSetSize of job (KB)
...
006 (221411.000.000) 07/31 07:09:34 Image size of job updated: 447524
	69  -  MemoryUsage of job (MB)
	70396  -  ResidentSetSize of job (KB)
...
006 (221411.000.000) 07/31 07:10:34 Image size of job updated: 447524
	69  -  MemoryUsage of job (MB)
	70404  -  ResidentSetSize of job (KB)
...
000 (221966.000.000) 07/31 07:12:31 Job submitted from host: <131.225.189.232:9618?addrs=131.225.189.232-9618&noUDP&sock=8982_aaf4_3>
...
005 (221411.000.000) 07/31 07:12:36 Job terminated.
	(1) Normal termination (return value 90)
		Usr 0 00:00:01, Sys 0 00:00:22  -  Run Remote Usage
		Usr 0 00:00:00, Sys 0 00:00:00  -  Run Local Usage
		Usr 0 00:00:01, Sys 0 00:00:22  -  Total Remote Usage
		Usr 0 00:00:00, Sys 0 00:00:00  -  Total Local Usage
	17542  -  Run Bytes Sent By Job
	8930  -  Run Bytes Received By Job
	17542  -  Total Bytes Sent By Job
	8930  -  Total Bytes Received By Job
	Partitionable Resources :    Usage  Request Allocated
	   Cpus                 :                 1         1
	   Disk (KB)            :  6618947 10000000  15707226
	   Memory (MB)          :       69     2100      2100
...
001 (221966.000.000) 07/31 07:13:35 Job executing on host: <131.225.205.179:41504?addrs=131.225.205.179-41504>
...
006 (221966.000.000) 07/31 07:13:45 Image size of job updated: 2
	3  -  MemoryUsage of job (MB)
	2428  -  ResidentSetSize of job (KB)
...
006 (221966.000.000) 07/31 07:14:45 Image size of job updated: 447524
	70  -  MemoryUsage of job (MB)
	71356  -  ResidentSetSize of job (KB)
...
006 (221966.000.000) 07/31 07:17:45 Image size of job updated: 447524
	173  -  MemoryUsage of job (MB)
	176948  -  ResidentSetSize of job (KB)
...
006 (221966.000.000) 07/31 07:18:34 Image size of job updated: 772792
	173  -  MemoryUsage of job (MB)
	176948  -  ResidentSetSize of job (KB)
...
005 (221966.000.000) 07/31 07:18:35 Job terminated.
	(1) Normal termination (return value 65)
		Usr 0 00:00:21, Sys 0 00:00:30  -  Run Remote Usage
		Usr 0 00:00:00, Sys 0 00:00:00  -  Run Local Usage
		Usr 0 00:00:21, Sys 0 00:00:30  -  Total Remote Usage
		Usr 0 00:00:00, Sys 0 00:00:00  -  Total Local Usage
	22826  -  Run Bytes Sent By Job
	8930  -  Run Bytes Received By Job
	22826  -  Total Bytes Sent By Job
	8930  -  Total Bytes Received By Job
	Partitionable Resources :    Usage  Request Allocated
	   Cpus                 :                 1         1
	   Disk (KB)            :  6618359 10000000  17139045
	   Memory (MB)          :      173     2100      2100
...
000 (222528.000.000) 07/31 08:32:52 Job submitted from host: <131.225.189.232:9618?addrs=131.225.189.232-9618&noUDP&sock=8982_aaf4_3>
...
001 (222528.000.000) 07/31 08:33:55 Job executing on host: <131.225.205.163:4274?addrs=131.225.205.163-4274>
...
006 (222528.000.000) 07/31 08:34:04 Image size of job updated: 2
	3  -  MemoryUsage of job (MB)
	2424  -  ResidentSetSize of job (KB)
...
006 (222528.000.000) 07/31 08:35:05 Image size of job updated: 447524
	70  -  MemoryUsage of job (MB)
	71140  -  ResidentSetSize of job (KB)
...
006 (222528.000.000) 07/31 08:35:47 Image size of job updated: 753332
	70  -  MemoryUsage of job (MB)
	71140  -  ResidentSetSize of job (KB)
...
005 (222528.000.000) 07/31 08:35:48 Job terminated.
	(1) Normal termination (return value 65)
		Usr 0 00:00:15, Sys 0 00:00:16  -  Run Remote Usage
		Usr 0 00:00:00, Sys 0 00:00:00  -  Run Local Usage
		Usr 0 00:00:15, Sys 0 00:00:16  -  Total Remote Usage
		Usr 0 00:00:00, Sys 0 00:00:00  -  Total Local Usage
	9405  -  Run Bytes Sent By Job
	8930  -  Run Bytes Received By Job
	9405  -  Total Bytes Sent By Job
	8930  -  Total Bytes Received By Job
	Partitionable Resources :    Usage  Request Allocated
	   Cpus                 :                 1         1
	   Disk (KB)            :  6306124 10000000  17133141
	   Memory (MB)          :       70     2100      2100
...
000 (223083.000.000) 07/31 08:49:57 Job submitted from host: <131.225.189.232:9618?addrs=131.225.189.232-9618&noUDP&sock=8982_aaf4_3>
...
001 (223083.000.000) 07/31 08:51:02 Job executing on host: <131.225.205.192:16216?addrs=131.225.205.192-16216>
...
006 (223083.000.000) 07/31 08:51:11 Image size of job updated: 447524
	71  -  MemoryUsage of job (MB)
	72344  -  ResidentSetSize of job (KB)
...
006 (223083.000.000) 07/31 08:53:59 Image size of job updated: 772784
	71  -  MemoryUsage of job (MB)
	72344  -  ResidentSetSize of job (KB)
...
005 (223083.000.000) 07/31 08:53:59 Job terminated.
	(1) Normal termination (return value 65)
		Usr 0 00:00:16, Sys 0 00:00:17  -  Run Remote Usage
		Usr 0 00:00:00, Sys 0 00:00:00  -  Run Local Usage
		Usr 0 00:00:16, Sys 0 00:00:17  -  Total Remote Usage
		Usr 0 00:00:00, Sys 0 00:00:00  -  Total Local Usage
	14450  -  Run Bytes Sent By Job
	44439  -  Run Bytes Received By Job
	14450  -  Total Bytes Sent By Job
	44439  -  Total Bytes Received By Job
	Partitionable Resources :    Usage  Request Allocated
	   Cpus                 :                 1         1
	   Disk (KB)            :  6600879 10000000  17132289
	   Memory (MB)          :       71     2100      2100
...
000 (223638.000.000) 07/31 09:06:26 Job submitted from host: <131.225.189.232:9618?addrs=131.225.189.232-9618&noUDP&sock=8982_aaf4_3>
...
