000 (220810.000.000) 07/31 06:49:15 Job submitted from host: <131.225.189.232:9618?addrs=131.225.189.232-9618&noUDP&sock=8982_aaf4_3>
...
001 (220810.000.000) 07/31 06:49:49 Job executing on host: <131.225.190.19:40273?addrs=131.225.190.19-40273>
...
006 (220810.000.000) 07/31 06:49:59 Image size of job updated: 102484
	3  -  MemoryUsage of job (MB)
	2476  -  ResidentSetSize of job (KB)
...
006 (220810.000.000) 07/31 06:50:59 Image size of job updated: 447524
	71  -  MemoryUsage of job (MB)
	72448  -  ResidentSetSize of job (KB)
...
005 (220810.000.000) 07/31 06:54:55 Job terminated.
	(1) Normal termination (return value 90)
		Usr 0 00:00:01, Sys 0 00:00:26  -  Run Remote Usage
		Usr 0 00:00:00, Sys 0 00:00:00  -  Run Local Usage
		Usr 0 00:00:01, Sys 0 00:00:26  -  Total Remote Usage
		Usr 0 00:00:00, Sys 0 00:00:00  -  Total Local Usage
	13774  -  Run Bytes Sent By Job
	8930  -  Run Bytes Received By Job
	13774  -  Total Bytes Sent By Job
	8930  -  Total Bytes Received By Job
	Partitionable Resources :    Usage  Request Allocated
	   Cpus                 :                 1         1
	   Disk (KB)            :  6360080 10000000  15848614
	   Memory (MB)          :       71     2100      2100
...
000 (221372.000.000) 07/31 07:07:43 Job submitted from host: <131.225.189.232:9618?addrs=131.225.189.232-9618&noUDP&sock=8982_aaf4_3>
...
001 (221372.000.000) 07/31 07:08:17 Job executing on host: <131.225.206.200:35523?addrs=131.225.206.200-35523>
...
006 (221372.000.000) 07/31 07:08:26 Image size of job updated: 2
	3  -  MemoryUsage of job (MB)
	2424  -  ResidentSetSize of job (KB)
...
006 (221372.000.000) 07/31 07:09:27 Image size of job updated: 447524
	71  -  MemoryUsage of job (MB)
	72424  -  ResidentSetSize of job (KB)
...
000 (221927.000.000) 07/31 07:12:24 Job submitted from host: <131.225.189.232:9618?addrs=131.225.189.232-9618&noUDP&sock=8982_aaf4_3>
...
001 (221927.000.000) 07/31 07:13:09 Job executing on host: <131.225.207.95:35935?addrs=131.225.207.95-35935>
...
006 (221927.000.000) 07/31 07:13:18 Image size of job updated: 447524
	71  -  MemoryUsage of job (MB)
	72344  -  ResidentSetSize of job (KB)
...
005 (221372.000.000) 07/31 07:15:55 Job terminated.
	(1) Normal termination (return value 90)
		Usr 0 00:00:03, Sys 0 00:00:16  -  Run Remote Usage
		Usr 0 00:00:00, Sys 0 00:00:00  -  Run Local Usage
		Usr 0 00:00:03, Sys 0 00:00:16  -  Total Remote Usage
		Usr 0 00:00:00, Sys 0 00:00:00  -  Total Local Usage
	35997  -  Run Bytes Sent By Job
	8930  -  Run Bytes Received By Job
	35997  -  Total Bytes Sent By Job
	8930  -  Total Bytes Received By Job
	Partitionable Resources :    Usage  Request Allocated
	   Cpus                 :                 1         1
	   Disk (KB)            :  6221954 10000000  12198280
	   Memory (MB)          :       71     2100      2100
...
006 (221927.000.000) 07/31 07:16:19 Image size of job updated: 447524
	124  -  MemoryUsage of job (MB)
	126896  -  ResidentSetSize of job (KB)
...
006 (221927.000.000) 07/31 07:17:19 Image size of job updated: 447524
	161  -  MemoryUsage of job (MB)
	164072  -  ResidentSetSize of job (KB)
...
006 (221927.000.000) 07/31 07:18:19 Image size of job updated: 739768
	423  -  MemoryUsage of job (MB)
	432836  -  ResidentSetSize of job (KB)
...
006 (221927.000.000) 07/31 07:18:36 Image size of job updated: 772792
	423  -  MemoryUsage of job (MB)
	432836  -  ResidentSetSize of job (KB)
...
005 (221927.000.000) 07/31 07:18:37 Job terminated.
	(1) Normal termination (return value 65)
		Usr 0 00:00:13, Sys 0 00:00:18  -  Run Remote Usage
		Usr 0 00:00:00, Sys 0 00:00:00  -  Run Local Usage
		Usr 0 00:00:13, Sys 0 00:00:18  -  Total Remote Usage
		Usr 0 00:00:00, Sys 0 00:00:00  -  Total Local Usage
	11723  -  Run Bytes Sent By Job
	8930  -  Run Bytes Received By Job
	11723  -  Total Bytes Sent By Job
	8930  -  Total Bytes Received By Job
	Partitionable Resources :    Usage  Request Allocated
	   Cpus                 :                 1         1
	   Disk (KB)            :  6632540 10000000  13102004
	   Memory (MB)          :      423     2100      2100
...
000 (222489.000.000) 07/31 08:32:50 Job submitted from host: <131.225.189.232:9618?addrs=131.225.189.232-9618&noUDP&sock=8982_aaf4_3>
...
001 (222489.000.000) 07/31 08:33:43 Job executing on host: <131.225.207.78:40601?addrs=131.225.207.78-40601>
...
006 (222489.000.000) 07/31 08:33:51 Image size of job updated: 381924
	15  -  MemoryUsage of job (MB)
	14940  -  ResidentSetSize of job (KB)
...
006 (222489.000.000) 07/31 08:34:51 Image size of job updated: 447524
	69  -  MemoryUsage of job (MB)
	70320  -  ResidentSetSize of job (KB)
...
006 (222489.000.000) 07/31 08:38:19 Image size of job updated: 772788
	69  -  MemoryUsage of job (MB)
	70320  -  ResidentSetSize of job (KB)
...
005 (222489.000.000) 07/31 08:38:20 Job terminated.
	(1) Normal termination (return value 65)
		Usr 0 00:00:12, Sys 0 00:00:20  -  Run Remote Usage
		Usr 0 00:00:00, Sys 0 00:00:00  -  Run Local Usage
		Usr 0 00:00:12, Sys 0 00:00:20  -  Total Remote Usage
		Usr 0 00:00:00, Sys 0 00:00:00  -  Total Local Usage
	19133  -  Run Bytes Sent By Job
	8930  -  Run Bytes Received By Job
	19133  -  Total Bytes Sent By Job
	8930  -  Total Bytes Received By Job
	Partitionable Resources :    Usage  Request Allocated
	   Cpus                 :                 1         1
	   Disk (KB)            :  6067591 10000000  10450044
	   Memory (MB)          :       69     2100      2100
...
000 (223044.000.000) 07/31 08:49:56 Job submitted from host: <131.225.189.232:9618?addrs=131.225.189.232-9618&noUDP&sock=8982_aaf4_3>
...
001 (223044.000.000) 07/31 08:50:54 Job executing on host: <131.225.204.110:49889?addrs=131.225.204.110-49889>
...
006 (223044.000.000) 07/31 08:51:02 Image size of job updated: 2
	3  -  MemoryUsage of job (MB)
	2424  -  ResidentSetSize of job (KB)
...
006 (223044.000.000) 07/31 08:52:02 Image size of job updated: 447524
	71  -  MemoryUsage of job (MB)
	72360  -  ResidentSetSize of job (KB)
...
006 (223044.000.000) 07/31 08:53:34 Image size of job updated: 734640
	71  -  MemoryUsage of job (MB)
	72360  -  ResidentSetSize of job (KB)
...
005 (223044.000.000) 07/31 08:53:34 Job terminated.
	(1) Normal termination (return value 65)
		Usr 0 00:00:11, Sys 0 00:00:17  -  Run Remote Usage
		Usr 0 00:00:00, Sys 0 00:00:00  -  Run Local Usage
		Usr 0 00:00:11, Sys 0 00:00:17  -  Total Remote Usage
		Usr 0 00:00:00, Sys 0 00:00:00  -  Total Local Usage
	13636  -  Run Bytes Sent By Job
	44439  -  Run Bytes Received By Job
	13636  -  Total Bytes Sent By Job
	44439  -  Total Bytes Received By Job
	Partitionable Resources :    Usage  Request Allocated
	   Cpus                 :                 1         1
	   Disk (KB)            :  6635247 10000000  13331836
	   Memory (MB)          :       71     2100      2100
...
000 (223599.000.000) 07/31 09:06:24 Job submitted from host: <131.225.189.232:9618?addrs=131.225.189.232-9618&noUDP&sock=8982_aaf4_3>
...
