000 (220965.000.000) 07/31 06:49:47 Job submitted from host: <131.225.189.232:9618?addrs=131.225.189.232-9618&noUDP&sock=8982_aaf4_3>
...
001 (220965.000.000) 07/31 06:50:48 Job executing on host: <131.225.206.207:65385?addrs=131.225.206.207-65385>
...
006 (220965.000.000) 07/31 06:50:56 Image size of job updated: 2
	3  -  MemoryUsage of job (MB)
	2424  -  ResidentSetSize of job (KB)
...
006 (220965.000.000) 07/31 06:51:56 Image size of job updated: 447524
	69  -  MemoryUsage of job (MB)
	70568  -  ResidentSetSize of job (KB)
...
005 (220965.000.000) 07/31 06:54:31 Job terminated.
	(1) Normal termination (return value 90)
		Usr 0 00:00:00, Sys 0 00:00:13  -  Run Remote Usage
		Usr 0 00:00:00, Sys 0 00:00:00  -  Run Local Usage
		Usr 0 00:00:00, Sys 0 00:00:13  -  Total Remote Usage
		Usr 0 00:00:00, Sys 0 00:00:00  -  Total Local Usage
	17528  -  Run Bytes Sent By Job
	8930  -  Run Bytes Received By Job
	17528  -  Total Bytes Sent By Job
	8930  -  Total Bytes Received By Job
	Partitionable Resources :    Usage  Request Allocated
	   Cpus                 :                 1         1
	   Disk (KB)            :  6469551 10000000  11694420
	   Memory (MB)          :       69     2100      2100
...
000 (221527.000.000) 07/31 07:08:10 Job submitted from host: <131.225.189.232:9618?addrs=131.225.189.232-9618&noUDP&sock=8982_aaf4_3>
...
001 (221527.000.000) 07/31 07:09:01 Job executing on host: <131.225.204.109:22621?addrs=131.225.204.109-22621>
...
006 (221527.000.000) 07/31 07:09:09 Image size of job updated: 381924
	15  -  MemoryUsage of job (MB)
	14936  -  ResidentSetSize of job (KB)
...
006 (221527.000.000) 07/31 07:10:09 Image size of job updated: 447524
	71  -  MemoryUsage of job (MB)
	72344  -  ResidentSetSize of job (KB)
...
005 (221527.000.000) 07/31 07:10:32 Job terminated.
	(1) Normal termination (return value 90)
		Usr 0 00:00:00, Sys 0 00:00:13  -  Run Remote Usage
		Usr 0 00:00:00, Sys 0 00:00:00  -  Run Local Usage
		Usr 0 00:00:00, Sys 0 00:00:13  -  Total Remote Usage
		Usr 0 00:00:00, Sys 0 00:00:00  -  Total Local Usage
	9804  -  Run Bytes Sent By Job
	8930  -  Run Bytes Received By Job
	9804  -  Total Bytes Sent By Job
	8930  -  Total Bytes Received By Job
	Partitionable Resources :    Usage  Request Allocated
	   Cpus                 :                 1         1
	   Disk (KB)            :  5156969 10000000  10492536
	   Memory (MB)          :       71     2100      2100
...
000 (222082.000.000) 07/31 07:12:50 Job submitted from host: <131.225.189.232:9618?addrs=131.225.189.232-9618&noUDP&sock=8982_aaf4_3>
...
001 (222082.000.000) 07/31 07:14:22 Job executing on host: <131.225.207.91:5502?addrs=131.225.207.91-5502>
...
006 (222082.000.000) 07/31 07:14:31 Image size of job updated: 447524
	33  -  MemoryUsage of job (MB)
	33296  -  ResidentSetSize of job (KB)
...
006 (222082.000.000) 07/31 07:15:32 Image size of job updated: 447524
	71  -  MemoryUsage of job (MB)
	72412  -  ResidentSetSize of job (KB)
...
006 (222082.000.000) 07/31 07:17:34 Image size of job updated: 447524
	167  -  MemoryUsage of job (MB)
	170516  -  ResidentSetSize of job (KB)
...
006 (222082.000.000) 07/31 07:18:03 Image size of job updated: 772788
	167  -  MemoryUsage of job (MB)
	170516  -  ResidentSetSize of job (KB)
...
005 (222082.000.000) 07/31 07:18:04 Job terminated.
	(1) Normal termination (return value 65)
		Usr 0 00:00:12, Sys 0 00:00:17  -  Run Remote Usage
		Usr 0 00:00:00, Sys 0 00:00:00  -  Run Local Usage
		Usr 0 00:00:12, Sys 0 00:00:17  -  Total Remote Usage
		Usr 0 00:00:00, Sys 0 00:00:00  -  Total Local Usage
	17717  -  Run Bytes Sent By Job
	8930  -  Run Bytes Received By Job
	17717  -  Total Bytes Sent By Job
	8930  -  Total Bytes Received By Job
	Partitionable Resources :    Usage  Request Allocated
	   Cpus                 :                 1         1
	   Disk (KB)            :  6589102 10000000  10342560
	   Memory (MB)          :      167     2100      2100
...
000 (222644.000.000) 07/31 08:33:01 Job submitted from host: <131.225.189.232:9618?addrs=131.225.189.232-9618&noUDP&sock=8982_aaf4_3>
...
001 (222644.000.000) 07/31 08:34:27 Job executing on host: <131.225.207.39:19677?addrs=131.225.207.39-19677>
...
006 (222644.000.000) 07/31 08:34:36 Image size of job updated: 447524
	71  -  MemoryUsage of job (MB)
	72384  -  ResidentSetSize of job (KB)
...
006 (222644.000.000) 07/31 08:36:38 Image size of job updated: 470848
	243  -  MemoryUsage of job (MB)
	247824  -  ResidentSetSize of job (KB)
...
006 (222644.000.000) 07/31 08:36:52 Image size of job updated: 772784
	243  -  MemoryUsage of job (MB)
	247824  -  ResidentSetSize of job (KB)
...
005 (222644.000.000) 07/31 08:36:52 Job terminated.
	(1) Normal termination (return value 65)
		Usr 0 00:00:11, Sys 0 00:00:14  -  Run Remote Usage
		Usr 0 00:00:00, Sys 0 00:00:00  -  Run Local Usage
		Usr 0 00:00:11, Sys 0 00:00:14  -  Total Remote Usage
		Usr 0 00:00:00, Sys 0 00:00:00  -  Total Local Usage
	10193  -  Run Bytes Sent By Job
	8930  -  Run Bytes Received By Job
	10193  -  Total Bytes Sent By Job
	8930  -  Total Bytes Received By Job
	Partitionable Resources :    Usage  Request Allocated
	   Cpus                 :                 1         1
	   Disk (KB)            :  6591962 10000000  10448325
	   Memory (MB)          :      243     2100      2100
...
