000 (220955.000.000) 07/31 06:49:45 Job submitted from host: <131.225.189.232:9618?addrs=131.225.189.232-9618&noUDP&sock=8982_aaf4_3>
...
001 (220955.000.000) 07/31 06:50:41 Job executing on host: <131.225.207.90:23606?addrs=131.225.207.90-23606>
...
006 (220955.000.000) 07/31 06:50:49 Image size of job updated: 2
	3  -  MemoryUsage of job (MB)
	2416  -  ResidentSetSize of job (KB)
...
006 (220955.000.000) 07/31 06:51:49 Image size of job updated: 447524
	71  -  MemoryUsage of job (MB)
	72340  -  ResidentSetSize of job (KB)
...
005 (220955.000.000) 07/31 06:53:56 Job terminated.
	(1) Normal termination (return value 90)
		Usr 0 00:00:02, Sys 0 00:00:26  -  Run Remote Usage
		Usr 0 00:00:00, Sys 0 00:00:00  -  Run Local Usage
		Usr 0 00:00:02, Sys 0 00:00:26  -  Total Remote Usage
		Usr 0 00:00:00, Sys 0 00:00:00  -  Total Local Usage
	18545  -  Run Bytes Sent By Job
	8930  -  Run Bytes Received By Job
	18545  -  Total Bytes Sent By Job
	8930  -  Total Bytes Received By Job
	Partitionable Resources :    Usage  Request Allocated
	   Cpus                 :                 1         1
	   Disk (KB)            :  6016020 10000000  10172256
	   Memory (MB)          :       71     2100      2100
...
000 (221517.000.000) 07/31 07:08:08 Job submitted from host: <131.225.189.232:9618?addrs=131.225.189.232-9618&noUDP&sock=8982_aaf4_3>
...
001 (221517.000.000) 07/31 07:08:56 Job executing on host: <131.225.207.143:60999?addrs=131.225.207.143-60999>
...
006 (221517.000.000) 07/31 07:09:04 Image size of job updated: 447524
	36  -  MemoryUsage of job (MB)
	36048  -  ResidentSetSize of job (KB)
...
006 (221517.000.000) 07/31 07:10:04 Image size of job updated: 447524
	71  -  MemoryUsage of job (MB)
	72348  -  ResidentSetSize of job (KB)
...
000 (222072.000.000) 07/31 07:12:48 Job submitted from host: <131.225.189.232:9618?addrs=131.225.189.232-9618&noUDP&sock=8982_aaf4_3>
...
005 (221517.000.000) 07/31 07:14:06 Job terminated.
	(1) Normal termination (return value 90)
		Usr 0 00:00:01, Sys 0 00:00:23  -  Run Remote Usage
		Usr 0 00:00:00, Sys 0 00:00:00  -  Run Local Usage
		Usr 0 00:00:01, Sys 0 00:00:23  -  Total Remote Usage
		Usr 0 00:00:00, Sys 0 00:00:00  -  Total Local Usage
	28494  -  Run Bytes Sent By Job
	8930  -  Run Bytes Received By Job
	28494  -  Total Bytes Sent By Job
	8930  -  Total Bytes Received By Job
	Partitionable Resources :    Usage  Request Allocated
	   Cpus                 :                 1         1
	   Disk (KB)            :  5435512 10000000  10453986
	   Memory (MB)          :       71     2100      2100
...
001 (222072.000.000) 07/31 07:14:17 Job executing on host: <131.225.207.146:34152?addrs=131.225.207.146-34152>
...
006 (222072.000.000) 07/31 07:14:27 Image size of job updated: 447524
	71  -  MemoryUsage of job (MB)
	72344  -  ResidentSetSize of job (KB)
...
006 (222072.000.000) 07/31 07:17:08 Image size of job updated: 493964
	71  -  MemoryUsage of job (MB)
	72344  -  ResidentSetSize of job (KB)
...
005 (222072.000.000) 07/31 07:17:08 Job terminated.
	(1) Normal termination (return value 65)
		Usr 0 00:00:04, Sys 0 00:00:22  -  Run Remote Usage
		Usr 0 00:00:00, Sys 0 00:00:00  -  Run Local Usage
		Usr 0 00:00:04, Sys 0 00:00:22  -  Total Remote Usage
		Usr 0 00:00:00, Sys 0 00:00:00  -  Total Local Usage
	15595  -  Run Bytes Sent By Job
	8930  -  Run Bytes Received By Job
	15595  -  Total Bytes Sent By Job
	8930  -  Total Bytes Received By Job
	Partitionable Resources :    Usage  Request Allocated
	   Cpus                 :                 1         1
	   Disk (KB)            :  5418525 10000000  10119912
	   Memory (MB)          :       71     2100      2100
...
