000 (221016.000.000) 07/31 06:50:00 Job submitted from host: <131.225.189.232:9618?addrs=131.225.189.232-9618&noUDP&sock=8982_aaf4_3>
...
001 (221016.000.000) 07/31 06:51:16 Job executing on host: <131.225.191.254:45639?addrs=131.225.191.254-45639>
...
006 (221016.000.000) 07/31 06:51:26 Image size of job updated: 447524
	71  -  MemoryUsage of job (MB)
	72468  -  ResidentSetSize of job (KB)
...
005 (221016.000.000) 07/31 06:53:01 Job terminated.
	(1) Normal termination (return value 90)
		Usr 0 00:00:00, Sys 0 00:00:20  -  Run Remote Usage
		Usr 0 00:00:00, Sys 0 00:00:00  -  Run Local Usage
		Usr 0 00:00:00, Sys 0 00:00:20  -  Total Remote Usage
		Usr 0 00:00:00, Sys 0 00:00:00  -  Total Local Usage
	11142  -  Run Bytes Sent By Job
	8930  -  Run Bytes Received By Job
	11142  -  Total Bytes Sent By Job
	8930  -  Total Bytes Received By Job
	Partitionable Resources :    Usage  Request Allocated
	   Cpus                 :                 1         1
	   Disk (KB)            :  4243439 10000000  15898662
	   Memory (MB)          :       71     2100      2100
...
000 (221578.000.000) 07/31 07:08:19 Job submitted from host: <131.225.189.232:9618?addrs=131.225.189.232-9618&noUDP&sock=8982_aaf4_3>
...
001 (221578.000.000) 07/31 07:09:27 Job executing on host: <131.225.206.85:57633?addrs=131.225.206.85-57633>
...
006 (221578.000.000) 07/31 07:09:35 Image size of job updated: 447528
	19  -  MemoryUsage of job (MB)
	19100  -  ResidentSetSize of job (KB)
...
006 (221578.000.000) 07/31 07:10:35 Image size of job updated: 447528
	71  -  MemoryUsage of job (MB)
	72348  -  ResidentSetSize of job (KB)
...
005 (221578.000.000) 07/31 07:10:56 Job terminated.
	(1) Normal termination (return value 90)
		Usr 0 00:00:00, Sys 0 00:00:14  -  Run Remote Usage
		Usr 0 00:00:00, Sys 0 00:00:00  -  Run Local Usage
		Usr 0 00:00:00, Sys 0 00:00:14  -  Total Remote Usage
		Usr 0 00:00:00, Sys 0 00:00:00  -  Total Local Usage
	9106  -  Run Bytes Sent By Job
	8930  -  Run Bytes Received By Job
	9106  -  Total Bytes Sent By Job
	8930  -  Total Bytes Received By Job
	Partitionable Resources :    Usage  Request Allocated
	   Cpus                 :                 1         1
	   Disk (KB)            :  5795945 10000000  13280736
	   Memory (MB)          :       71     2100      2100
...
000 (222133.000.000) 07/31 07:12:58 Job submitted from host: <131.225.189.232:9618?addrs=131.225.189.232-9618&noUDP&sock=8982_aaf4_3>
...
001 (222133.000.000) 07/31 07:14:50 Job executing on host: <131.225.191.78:22712?addrs=131.225.191.78-22712>
...
006 (222133.000.000) 07/31 07:14:58 Image size of job updated: 40612
	4  -  MemoryUsage of job (MB)
	3644  -  ResidentSetSize of job (KB)
...
006 (222133.000.000) 07/31 07:15:58 Image size of job updated: 447524
	69  -  MemoryUsage of job (MB)
	70288  -  ResidentSetSize of job (KB)
...
006 (222133.000.000) 07/31 07:16:59 Image size of job updated: 772784
	479  -  MemoryUsage of job (MB)
	489904  -  ResidentSetSize of job (KB)
...
005 (222133.000.000) 07/31 07:17:55 Job terminated.
	(1) Normal termination (return value 65)
		Usr 0 00:00:14, Sys 0 00:00:17  -  Run Remote Usage
		Usr 0 00:00:00, Sys 0 00:00:00  -  Run Local Usage
		Usr 0 00:00:14, Sys 0 00:00:17  -  Total Remote Usage
		Usr 0 00:00:00, Sys 0 00:00:00  -  Total Local Usage
	9509  -  Run Bytes Sent By Job
	8930  -  Run Bytes Received By Job
	9509  -  Total Bytes Sent By Job
	8930  -  Total Bytes Received By Job
	Partitionable Resources :    Usage  Request Allocated
	   Cpus                 :                 1         1
	   Disk (KB)            :  6664079 10000000  15724934
	   Memory (MB)          :      479     2100      2100
...
000 (222695.000.000) 07/31 08:33:04 Job submitted from host: <131.225.189.232:9618?addrs=131.225.189.232-9618&noUDP&sock=8982_aaf4_3>
...
001 (222695.000.000) 07/31 08:35:21 Job executing on host: <131.225.191.226:14321?addrs=131.225.191.226-14321>
...
006 (222695.000.000) 07/31 08:35:29 Image size of job updated: 2
	3  -  MemoryUsage of job (MB)
	2424  -  ResidentSetSize of job (KB)
...
006 (222695.000.000) 07/31 08:36:30 Image size of job updated: 447524
	69  -  MemoryUsage of job (MB)
	70204  -  ResidentSetSize of job (KB)
...
006 (222695.000.000) 07/31 08:37:31 Image size of job updated: 447524
	69  -  MemoryUsage of job (MB)
	70316  -  ResidentSetSize of job (KB)
...
006 (222695.000.000) 07/31 08:38:22 Image size of job updated: 772788
	69  -  MemoryUsage of job (MB)
	70316  -  ResidentSetSize of job (KB)
...
005 (222695.000.000) 07/31 08:38:23 Job terminated.
	(1) Normal termination (return value 65)
		Usr 0 00:00:13, Sys 0 00:00:21  -  Run Remote Usage
		Usr 0 00:00:00, Sys 0 00:00:00  -  Run Local Usage
		Usr 0 00:00:13, Sys 0 00:00:21  -  Total Remote Usage
		Usr 0 00:00:00, Sys 0 00:00:00  -  Total Local Usage
	15125  -  Run Bytes Sent By Job
	8930  -  Run Bytes Received By Job
	15125  -  Total Bytes Sent By Job
	8930  -  Total Bytes Received By Job
	Partitionable Resources :    Usage  Request Allocated
	   Cpus                 :                 1         1
	   Disk (KB)            :  5863761 10000000  15904798
	   Memory (MB)          :       69     2100      2100
...
000 (223250.000.000) 07/31 08:50:06 Job submitted from host: <131.225.189.232:9618?addrs=131.225.189.232-9618&noUDP&sock=8982_aaf4_3>
...
001 (223250.000.000) 07/31 08:51:47 Job executing on host: <131.225.204.112:30582?addrs=131.225.204.112-30582>
...
006 (223250.000.000) 07/31 08:51:57 Image size of job updated: 2
	3  -  MemoryUsage of job (MB)
	2420  -  ResidentSetSize of job (KB)
...
006 (223250.000.000) 07/31 08:52:55 Image size of job updated: 447524
	71  -  MemoryUsage of job (MB)
	72400  -  ResidentSetSize of job (KB)
...
006 (223250.000.000) 07/31 08:55:58 Image size of job updated: 699568
	415  -  MemoryUsage of job (MB)
	424724  -  ResidentSetSize of job (KB)
...
005 (223250.000.000) 07/31 08:56:01 Job terminated.
	(1) Normal termination (return value 65)
		Usr 0 00:00:09, Sys 0 00:00:20  -  Run Remote Usage
		Usr 0 00:00:00, Sys 0 00:00:00  -  Run Local Usage
		Usr 0 00:00:09, Sys 0 00:00:20  -  Total Remote Usage
		Usr 0 00:00:00, Sys 0 00:00:00  -  Total Local Usage
	21820  -  Run Bytes Sent By Job
	44439  -  Run Bytes Received By Job
	21820  -  Total Bytes Sent By Job
	44439  -  Total Bytes Received By Job
	Partitionable Resources :    Usage  Request Allocated
	   Cpus                 :                 1         1
	   Disk (KB)            :  6666796 10000000  10210644
	   Memory (MB)          :      415     2100      2100
...
000 (223805.000.000) 07/31 09:06:34 Job submitted from host: <131.225.189.232:9618?addrs=131.225.189.232-9618&noUDP&sock=8982_aaf4_3>
...
