000 (220968.000.000) 07/31 06:49:48 Job submitted from host: <131.225.189.232:9618?addrs=131.225.189.232-9618&noUDP&sock=8982_aaf4_3>
...
001 (220968.000.000) 07/31 06:50:56 Job executing on host: <131.225.207.152:47169?addrs=131.225.207.152-47169>
...
006 (220968.000.000) 07/31 06:51:05 Image size of job updated: 2
	3  -  MemoryUsage of job (MB)
	2424  -  ResidentSetSize of job (KB)
...
006 (220968.000.000) 07/31 06:52:06 Image size of job updated: 447524
	71  -  MemoryUsage of job (MB)
	72348  -  ResidentSetSize of job (KB)
...
005 (220968.000.000) 07/31 06:54:43 Job terminated.
	(1) Normal termination (return value 90)
		Usr 0 00:00:01, Sys 0 00:00:21  -  Run Remote Usage
		Usr 0 00:00:00, Sys 0 00:00:00  -  Run Local Usage
		Usr 0 00:00:01, Sys 0 00:00:21  -  Total Remote Usage
		Usr 0 00:00:00, Sys 0 00:00:00  -  Total Local Usage
	20142  -  Run Bytes Sent By Job
	8930  -  Run Bytes Received By Job
	20142  -  Total Bytes Sent By Job
	8930  -  Total Bytes Received By Job
	Partitionable Resources :    Usage  Request Allocated
	   Cpus                 :                 1         1
	   Disk (KB)            :  5721109 10000000  10113369
	   Memory (MB)          :       71     2100      2100
...
000 (221530.000.000) 07/31 07:08:10 Job submitted from host: <131.225.189.232:9618?addrs=131.225.189.232-9618&noUDP&sock=8982_aaf4_3>
...
001 (221530.000.000) 07/31 07:09:03 Job executing on host: <131.225.206.238:55117?addrs=131.225.206.238-55117>
...
006 (221530.000.000) 07/31 07:09:11 Image size of job updated: 447524
	71  -  MemoryUsage of job (MB)
	72376  -  ResidentSetSize of job (KB)
...
005 (221530.000.000) 07/31 07:10:40 Job terminated.
	(1) Normal termination (return value 90)
		Usr 0 00:00:00, Sys 0 00:00:16  -  Run Remote Usage
		Usr 0 00:00:00, Sys 0 00:00:00  -  Run Local Usage
		Usr 0 00:00:00, Sys 0 00:00:16  -  Total Remote Usage
		Usr 0 00:00:00, Sys 0 00:00:00  -  Total Local Usage
	9374  -  Run Bytes Sent By Job
	8930  -  Run Bytes Received By Job
	9374  -  Total Bytes Sent By Job
	8930  -  Total Bytes Received By Job
	Partitionable Resources :    Usage  Request Allocated
	   Cpus                 :                 1         1
	   Disk (KB)            :  5566569 10000000  11848096
	   Memory (MB)          :       71     2100      2100
...
000 (222085.000.000) 07/31 07:12:50 Job submitted from host: <131.225.189.232:9618?addrs=131.225.189.232-9618&noUDP&sock=8982_aaf4_3>
...
001 (222085.000.000) 07/31 07:14:24 Job executing on host: <131.225.204.117:50580?addrs=131.225.204.117-50580>
...
006 (222085.000.000) 07/31 07:14:33 Image size of job updated: 2
	3  -  MemoryUsage of job (MB)
	2424  -  ResidentSetSize of job (KB)
...
006 (222085.000.000) 07/31 07:15:34 Image size of job updated: 447524
	71  -  MemoryUsage of job (MB)
	72348  -  ResidentSetSize of job (KB)
...
006 (222085.000.000) 07/31 07:16:35 Image size of job updated: 632748
	357  -  MemoryUsage of job (MB)
	364984  -  ResidentSetSize of job (KB)
...
006 (222085.000.000) 07/31 07:16:52 Image size of job updated: 772788
	357  -  MemoryUsage of job (MB)
	364984  -  ResidentSetSize of job (KB)
...
005 (222085.000.000) 07/31 07:16:53 Job terminated.
	(1) Normal termination (return value 65)
		Usr 0 00:00:13, Sys 0 00:00:15  -  Run Remote Usage
		Usr 0 00:00:00, Sys 0 00:00:00  -  Run Local Usage
		Usr 0 00:00:13, Sys 0 00:00:15  -  Total Remote Usage
		Usr 0 00:00:00, Sys 0 00:00:00  -  Total Local Usage
	10032  -  Run Bytes Sent By Job
	8930  -  Run Bytes Received By Job
	10032  -  Total Bytes Sent By Job
	8930  -  Total Bytes Received By Job
	Partitionable Resources :    Usage  Request Allocated
	   Cpus                 :                 1         1
	   Disk (KB)            :  6822200 10000000  12402776
	   Memory (MB)          :      357     2100      2100
...
