000 (220512.000.000) 07/31 06:48:12 Job submitted from host: <131.225.189.232:9618?addrs=131.225.189.232-9618&noUDP&sock=8982_aaf4_3>
...
001 (220512.000.000) 07/31 06:48:28 Job executing on host: <131.225.207.179:14180?addrs=131.225.207.179-14180>
...
006 (220512.000.000) 07/31 06:48:37 Image size of job updated: 2
	3  -  MemoryUsage of job (MB)
	2424  -  ResidentSetSize of job (KB)
...
006 (220512.000.000) 07/31 06:49:38 Image size of job updated: 447524
	71  -  MemoryUsage of job (MB)
	72348  -  ResidentSetSize of job (KB)
...
005 (220512.000.000) 07/31 06:50:20 Job terminated.
	(1) Normal termination (return value 90)
		Usr 0 00:00:00, Sys 0 00:00:14  -  Run Remote Usage
		Usr 0 00:00:00, Sys 0 00:00:00  -  Run Local Usage
		Usr 0 00:00:00, Sys 0 00:00:14  -  Total Remote Usage
		Usr 0 00:00:00, Sys 0 00:00:00  -  Total Local Usage
	11329  -  Run Bytes Sent By Job
	8930  -  Run Bytes Received By Job
	11329  -  Total Bytes Sent By Job
	8930  -  Total Bytes Received By Job
	Partitionable Resources :    Usage  Request Allocated
	   Cpus                 :                 1         1
	   Disk (KB)            :  3968010 10000000  10178181
	   Memory (MB)          :       71     2100      2100
...
000 (221074.000.000) 07/31 07:06:51 Job submitted from host: <131.225.189.232:9618?addrs=131.225.189.232-9618&noUDP&sock=8982_aaf4_3>
...
001 (221074.000.000) 07/31 07:07:08 Job executing on host: <131.225.206.238:55117?addrs=131.225.206.238-55117>
...
006 (221074.000.000) 07/31 07:07:17 Image size of job updated: 2
	3  -  MemoryUsage of job (MB)
	2424  -  ResidentSetSize of job (KB)
...
006 (221074.000.000) 07/31 07:08:18 Image size of job updated: 447524
	71  -  MemoryUsage of job (MB)
	72348  -  ResidentSetSize of job (KB)
...
005 (221074.000.000) 07/31 07:09:01 Job terminated.
	(1) Normal termination (return value 90)
		Usr 0 00:00:00, Sys 0 00:00:13  -  Run Remote Usage
		Usr 0 00:00:00, Sys 0 00:00:00  -  Run Local Usage
		Usr 0 00:00:00, Sys 0 00:00:13  -  Total Remote Usage
		Usr 0 00:00:00, Sys 0 00:00:00  -  Total Local Usage
	9645  -  Run Bytes Sent By Job
	8930  -  Run Bytes Received By Job
	9645  -  Total Bytes Sent By Job
	8930  -  Total Bytes Received By Job
	Partitionable Resources :    Usage  Request Allocated
	   Cpus                 :                 1         1
	   Disk (KB)            :  3223655 10000000  11848096
	   Memory (MB)          :       71     2100      2100
...
000 (221629.000.000) 07/31 07:11:33 Job submitted from host: <131.225.189.232:9618?addrs=131.225.189.232-9618&noUDP&sock=8982_aaf4_3>
...
001 (221629.000.000) 07/31 07:11:44 Job executing on host: <131.225.207.106:53270?addrs=131.225.207.106-53270>
...
006 (221629.000.000) 07/31 07:11:52 Image size of job updated: 447524
	55  -  MemoryUsage of job (MB)
	55820  -  ResidentSetSize of job (KB)
...
006 (221629.000.000) 07/31 07:12:52 Image size of job updated: 447524
	71  -  MemoryUsage of job (MB)
	72348  -  ResidentSetSize of job (KB)
...
006 (221629.000.000) 07/31 07:14:52 Image size of job updated: 447524
	74  -  MemoryUsage of job (MB)
	75240  -  ResidentSetSize of job (KB)
...
006 (221629.000.000) 07/31 07:15:53 Image size of job updated: 751024
	458  -  MemoryUsage of job (MB)
	468824  -  ResidentSetSize of job (KB)
...
006 (221629.000.000) 07/31 07:15:59 Image size of job updated: 767664
	458  -  MemoryUsage of job (MB)
	468824  -  ResidentSetSize of job (KB)
...
005 (221629.000.000) 07/31 07:15:59 Job terminated.
	(1) Normal termination (return value 65)
		Usr 0 00:00:13, Sys 0 00:00:18  -  Run Remote Usage
		Usr 0 00:00:00, Sys 0 00:00:00  -  Run Local Usage
		Usr 0 00:00:13, Sys 0 00:00:18  -  Total Remote Usage
		Usr 0 00:00:00, Sys 0 00:00:00  -  Total Local Usage
	16295  -  Run Bytes Sent By Job
	8930  -  Run Bytes Received By Job
	16295  -  Total Bytes Sent By Job
	8930  -  Total Bytes Received By Job
	Partitionable Resources :    Usage  Request Allocated
	   Cpus                 :                 1         1
	   Disk (KB)            :  4895550 10000000  10139769
	   Memory (MB)          :      458     2100      2100
...
