000 (220612.000.000) 07/31 06:48:33 Job submitted from host: <131.225.189.232:9618?addrs=131.225.189.232-9618&noUDP&sock=8982_aaf4_3>
...
001 (220612.000.000) 07/31 06:48:55 Job executing on host: <131.225.206.188:37401?addrs=131.225.206.188-37401>
...
006 (220612.000.000) 07/31 06:49:04 Image size of job updated: 2
	3  -  MemoryUsage of job (MB)
	2424  -  ResidentSetSize of job (KB)
...
006 (220612.000.000) 07/31 06:50:05 Image size of job updated: 447524
	71  -  MemoryUsage of job (MB)
	72352  -  ResidentSetSize of job (KB)
...
005 (220612.000.000) 07/31 06:50:41 Job terminated.
	(1) Normal termination (return value 90)
		Usr 0 00:00:00, Sys 0 00:00:11  -  Run Remote Usage
		Usr 0 00:00:00, Sys 0 00:00:00  -  Run Local Usage
		Usr 0 00:00:00, Sys 0 00:00:11  -  Total Remote Usage
		Usr 0 00:00:00, Sys 0 00:00:00  -  Total Local Usage
	8115  -  Run Bytes Sent By Job
	8930  -  Run Bytes Received By Job
	8115  -  Total Bytes Sent By Job
	8930  -  Total Bytes Received By Job
	Partitionable Resources :    Usage  Request Allocated
	   Cpus                 :                 1         1
	   Disk (KB)            :  3623946 10000000  10410915
	   Memory (MB)          :       71     2100      2100
...
000 (221174.000.000) 07/31 07:07:08 Job submitted from host: <131.225.189.232:9618?addrs=131.225.189.232-9618&noUDP&sock=8982_aaf4_3>
...
001 (221174.000.000) 07/31 07:07:38 Job executing on host: <131.225.206.218:37050?addrs=131.225.206.218-37050>
...
006 (221174.000.000) 07/31 07:07:47 Image size of job updated: 447524
	71  -  MemoryUsage of job (MB)
	72348  -  ResidentSetSize of job (KB)
...
005 (221174.000.000) 07/31 07:09:03 Job terminated.
	(1) Normal termination (return value 90)
		Usr 0 00:00:00, Sys 0 00:00:11  -  Run Remote Usage
		Usr 0 00:00:00, Sys 0 00:00:00  -  Run Local Usage
		Usr 0 00:00:00, Sys 0 00:00:11  -  Total Remote Usage
		Usr 0 00:00:00, Sys 0 00:00:00  -  Total Local Usage
	9212  -  Run Bytes Sent By Job
	8930  -  Run Bytes Received By Job
	9212  -  Total Bytes Sent By Job
	8930  -  Total Bytes Received By Job
	Partitionable Resources :    Usage  Request Allocated
	   Cpus                 :                 1         1
	   Disk (KB)            :  3387497 10000000  11718984
	   Memory (MB)          :       71     2100      2100
...
000 (221729.000.000) 07/31 07:11:50 Job submitted from host: <131.225.189.232:9618?addrs=131.225.189.232-9618&noUDP&sock=8982_aaf4_3>
...
001 (221729.000.000) 07/31 07:12:09 Job executing on host: <131.225.206.111:11920?addrs=131.225.206.111-11920>
...
006 (221729.000.000) 07/31 07:12:18 Image size of job updated: 447532
	23  -  MemoryUsage of job (MB)
	23196  -  ResidentSetSize of job (KB)
...
006 (221729.000.000) 07/31 07:13:19 Image size of job updated: 447532
	71  -  MemoryUsage of job (MB)
	72348  -  ResidentSetSize of job (KB)
...
006 (221729.000.000) 07/31 07:14:20 Image size of job updated: 447532
	167  -  MemoryUsage of job (MB)
	170456  -  ResidentSetSize of job (KB)
...
006 (221729.000.000) 07/31 07:14:44 Image size of job updated: 766380
	167  -  MemoryUsage of job (MB)
	170456  -  ResidentSetSize of job (KB)
...
005 (221729.000.000) 07/31 07:14:44 Job terminated.
	(1) Normal termination (return value 65)
		Usr 0 00:00:11, Sys 0 00:00:14  -  Run Remote Usage
		Usr 0 00:00:00, Sys 0 00:00:00  -  Run Local Usage
		Usr 0 00:00:11, Sys 0 00:00:14  -  Total Remote Usage
		Usr 0 00:00:00, Sys 0 00:00:00  -  Total Local Usage
	12223  -  Run Bytes Sent By Job
	8930  -  Run Bytes Received By Job
	12223  -  Total Bytes Sent By Job
	8930  -  Total Bytes Received By Job
	Partitionable Resources :    Usage  Request Allocated
	   Cpus                 :                 1         1
	   Disk (KB)            :  3809571 10000000  10535307
	   Memory (MB)          :      167     2100      2100
...
000 (222291.000.000) 07/31 08:32:35 Job submitted from host: <131.225.189.232:9618?addrs=131.225.189.232-9618&noUDP&sock=8982_aaf4_3>
...
001 (222291.000.000) 07/31 08:33:02 Job executing on host: <131.225.206.6:56614?addrs=131.225.206.6-56614>
...
006 (222291.000.000) 07/31 08:33:10 Image size of job updated: 447524
	71  -  MemoryUsage of job (MB)
	72348  -  ResidentSetSize of job (KB)
...
006 (222291.000.000) 07/31 08:34:10 Image size of job updated: 493704
	261  -  MemoryUsage of job (MB)
	266960  -  ResidentSetSize of job (KB)
...
006 (222291.000.000) 07/31 08:34:25 Image size of job updated: 761264
	261  -  MemoryUsage of job (MB)
	266960  -  ResidentSetSize of job (KB)
...
005 (222291.000.000) 07/31 08:34:26 Job terminated.
	(1) Normal termination (return value 65)
		Usr 0 00:00:11, Sys 0 00:00:08  -  Run Remote Usage
		Usr 0 00:00:00, Sys 0 00:00:00  -  Run Local Usage
		Usr 0 00:00:11, Sys 0 00:00:08  -  Total Remote Usage
		Usr 0 00:00:00, Sys 0 00:00:00  -  Total Local Usage
	7018  -  Run Bytes Sent By Job
	8930  -  Run Bytes Received By Job
	7018  -  Total Bytes Sent By Job
	8930  -  Total Bytes Received By Job
	Partitionable Resources :    Usage  Request Allocated
	   Cpus                 :                 1         1
	   Disk (KB)            :  3812433 10000000  10303629
	   Memory (MB)          :      261     2100      2100
...
