000 (220586.000.000) 07/31 06:48:28 Job submitted from host: <131.225.189.232:9618?addrs=131.225.189.232-9618&noUDP&sock=8982_aaf4_3>
...
001 (220586.000.000) 07/31 06:48:50 Job executing on host: <131.225.207.153:11574?addrs=131.225.207.153-11574>
...
006 (220586.000.000) 07/31 06:48:59 Image size of job updated: 447524
	71  -  MemoryUsage of job (MB)
	72348  -  ResidentSetSize of job (KB)
...
005 (220586.000.000) 07/31 06:51:32 Job terminated.
	(1) Normal termination (return value 90)
		Usr 0 00:00:01, Sys 0 00:00:16  -  Run Remote Usage
		Usr 0 00:00:00, Sys 0 00:00:00  -  Run Local Usage
		Usr 0 00:00:01, Sys 0 00:00:16  -  Total Remote Usage
		Usr 0 00:00:00, Sys 0 00:00:00  -  Total Local Usage
	11495  -  Run Bytes Sent By Job
	8930  -  Run Bytes Received By Job
	11495  -  Total Bytes Sent By Job
	8930  -  Total Bytes Received By Job
	Partitionable Resources :    Usage  Request Allocated
	   Cpus                 :                 1         1
	   Disk (KB)            :  4066314 10000000  10156089
	   Memory (MB)          :       71     2100      2100
...
000 (221148.000.000) 07/31 07:07:03 Job submitted from host: <131.225.189.232:9618?addrs=131.225.189.232-9618&noUDP&sock=8982_aaf4_3>
...
001 (221148.000.000) 07/31 07:07:35 Job executing on host: <131.225.206.177:16856?addrs=131.225.206.177-16856>
...
006 (221148.000.000) 07/31 07:07:44 Image size of job updated: 447524
	71  -  MemoryUsage of job (MB)
	72344  -  ResidentSetSize of job (KB)
...
000 (221703.000.000) 07/31 07:11:46 Job submitted from host: <131.225.189.232:9618?addrs=131.225.189.232-9618&noUDP&sock=8982_aaf4_3>
...
001 (221703.000.000) 07/31 07:12:22 Job executing on host: <131.225.206.154:8489?addrs=131.225.206.154-8489>
...
006 (221703.000.000) 07/31 07:12:35 Image size of job updated: 2
	3  -  MemoryUsage of job (MB)
	2424  -  ResidentSetSize of job (KB)
...
005 (221148.000.000) 07/31 07:13:09 Job terminated.
	(1) Normal termination (return value 90)
		Usr 0 00:00:01, Sys 0 00:00:23  -  Run Remote Usage
		Usr 0 00:00:00, Sys 0 00:00:00  -  Run Local Usage
		Usr 0 00:00:01, Sys 0 00:00:23  -  Total Remote Usage
		Usr 0 00:00:00, Sys 0 00:00:00  -  Total Local Usage
	25325  -  Run Bytes Sent By Job
	8930  -  Run Bytes Received By Job
	25325  -  Total Bytes Sent By Job
	8930  -  Total Bytes Received By Job
	Partitionable Resources :    Usage  Request Allocated
	   Cpus                 :                 1         1
	   Disk (KB)            :  5632119 10000000  10095450
	   Memory (MB)          :       71     2100      2100
...
006 (221703.000.000) 07/31 07:13:35 Image size of job updated: 447524
	69  -  MemoryUsage of job (MB)
	70404  -  ResidentSetSize of job (KB)
...
006 (221703.000.000) 07/31 07:14:35 Image size of job updated: 447524
	69  -  MemoryUsage of job (MB)
	70412  -  ResidentSetSize of job (KB)
...
006 (221703.000.000) 07/31 07:16:38 Image size of job updated: 731824
	444  -  MemoryUsage of job (MB)
	453784  -  ResidentSetSize of job (KB)
...
005 (221703.000.000) 07/31 07:16:42 Job terminated.
	(1) Normal termination (return value 65)
		Usr 0 00:00:12, Sys 0 00:00:16  -  Run Remote Usage
		Usr 0 00:00:00, Sys 0 00:00:00  -  Run Local Usage
		Usr 0 00:00:12, Sys 0 00:00:16  -  Total Remote Usage
		Usr 0 00:00:00, Sys 0 00:00:00  -  Total Local Usage
	14540  -  Run Bytes Sent By Job
	8930  -  Run Bytes Received By Job
	14540  -  Total Bytes Sent By Job
	8930  -  Total Bytes Received By Job
	Partitionable Resources :    Usage  Request Allocated
	   Cpus                 :                 1         1
	   Disk (KB)            :  6288965 10000000  13144944
	   Memory (MB)          :      444     2100      2100
...
000 (222265.000.000) 07/31 08:32:33 Job submitted from host: <131.225.189.232:9618?addrs=131.225.189.232-9618&noUDP&sock=8982_aaf4_3>
...
001 (222265.000.000) 07/31 08:32:59 Job executing on host: <131.225.204.94:53127?addrs=131.225.204.94-53127>
...
006 (222265.000.000) 07/31 08:33:08 Image size of job updated: 2
	3  -  MemoryUsage of job (MB)
	2424  -  ResidentSetSize of job (KB)
...
006 (222265.000.000) 07/31 08:34:09 Image size of job updated: 447524
	69  -  MemoryUsage of job (MB)
	70284  -  ResidentSetSize of job (KB)
...
006 (222265.000.000) 07/31 08:35:10 Image size of job updated: 447524
	69  -  MemoryUsage of job (MB)
	70312  -  ResidentSetSize of job (KB)
...
006 (222265.000.000) 07/31 08:35:21 Image size of job updated: 586260
	69  -  MemoryUsage of job (MB)
	70312  -  ResidentSetSize of job (KB)
...
005 (222265.000.000) 07/31 08:35:21 Job terminated.
	(1) Normal termination (return value 65)
		Usr 0 00:00:06, Sys 0 00:00:18  -  Run Remote Usage
		Usr 0 00:00:00, Sys 0 00:00:00  -  Run Local Usage
		Usr 0 00:00:06, Sys 0 00:00:18  -  Total Remote Usage
		Usr 0 00:00:00, Sys 0 00:00:00  -  Total Local Usage
	12950  -  Run Bytes Sent By Job
	8930  -  Run Bytes Received By Job
	12950  -  Total Bytes Sent By Job
	8930  -  Total Bytes Received By Job
	Partitionable Resources :    Usage  Request Allocated
	   Cpus                 :                 1         1
	   Disk (KB)            :  6291831 10000000  10356960
	   Memory (MB)          :       69     2100      2100
...
000 (222820.000.000) 07/31 08:49:44 Job submitted from host: <131.225.189.232:9618?addrs=131.225.189.232-9618&noUDP&sock=8982_aaf4_3>
...
001 (222820.000.000) 07/31 08:50:08 Job executing on host: <131.225.206.18:10358?addrs=131.225.206.18-10358>
...
006 (222820.000.000) 07/31 08:50:17 Image size of job updated: 2
	3  -  MemoryUsage of job (MB)
	2424  -  ResidentSetSize of job (KB)
...
006 (222820.000.000) 07/31 08:51:18 Image size of job updated: 447524
	69  -  MemoryUsage of job (MB)
	70404  -  ResidentSetSize of job (KB)
...
006 (222820.000.000) 07/31 08:55:11 Image size of job updated: 769968
	69  -  MemoryUsage of job (MB)
	70404  -  ResidentSetSize of job (KB)
...
005 (222820.000.000) 07/31 08:55:11 Job terminated.
	(1) Normal termination (return value 65)
		Usr 0 00:00:13, Sys 0 00:00:19  -  Run Remote Usage
		Usr 0 00:00:00, Sys 0 00:00:00  -  Run Local Usage
		Usr 0 00:00:13, Sys 0 00:00:19  -  Total Remote Usage
		Usr 0 00:00:00, Sys 0 00:00:00  -  Total Local Usage
	25172  -  Run Bytes Sent By Job
	44439  -  Run Bytes Received By Job
	25172  -  Total Bytes Sent By Job
	44439  -  Total Bytes Received By Job
	Partitionable Resources :    Usage  Request Allocated
	   Cpus                 :                 1         1
	   Disk (KB)            :  5585079 10000000  10329156
	   Memory (MB)          :       69     2100      2100
...
000 (223375.000.000) 07/31 09:06:14 Job submitted from host: <131.225.189.232:9618?addrs=131.225.189.232-9618&noUDP&sock=8982_aaf4_3>
...
