000 (221020.000.000) 07/31 06:50:00 Job submitted from host: <131.225.189.232:9618?addrs=131.225.189.232-9618&noUDP&sock=8982_aaf4_3>
...
001 (221020.000.000) 07/31 06:51:13 Job executing on host: <131.225.205.166:50235?addrs=131.225.205.166-50235>
...
006 (221020.000.000) 07/31 06:51:22 Image size of job updated: 447524
	49  -  MemoryUsage of job (MB)
	50116  -  ResidentSetSize of job (KB)
...
006 (221020.000.000) 07/31 06:52:23 Image size of job updated: 447524
	70  -  MemoryUsage of job (MB)
	71140  -  ResidentSetSize of job (KB)
...
005 (221020.000.000) 07/31 06:52:30 Job terminated.
	(1) Normal termination (return value 90)
		Usr 0 00:00:00, Sys 0 00:00:16  -  Run Remote Usage
		Usr 0 00:00:00, Sys 0 00:00:00  -  Run Local Usage
		Usr 0 00:00:00, Sys 0 00:00:16  -  Total Remote Usage
		Usr 0 00:00:00, Sys 0 00:00:00  -  Total Local Usage
	8918  -  Run Bytes Sent By Job
	8930  -  Run Bytes Received By Job
	8918  -  Total Bytes Sent By Job
	8930  -  Total Bytes Received By Job
	Partitionable Resources :    Usage  Request Allocated
	   Cpus                 :                 1         1
	   Disk (KB)            :  6179851 10000000  17069450
	   Memory (MB)          :       70     2100      2100
...
000 (221582.000.000) 07/31 07:08:19 Job submitted from host: <131.225.189.232:9618?addrs=131.225.189.232-9618&noUDP&sock=8982_aaf4_3>
...
001 (221582.000.000) 07/31 07:09:29 Job executing on host: <131.225.204.61:23766?addrs=131.225.204.61-23766>
...
006 (221582.000.000) 07/31 07:09:38 Image size of job updated: 447524
	71  -  MemoryUsage of job (MB)
	72348  -  ResidentSetSize of job (KB)
...
000 (222137.000.000) 07/31 07:12:59 Job submitted from host: <131.225.189.232:9618?addrs=131.225.189.232-9618&noUDP&sock=8982_aaf4_3>
...
005 (221582.000.000) 07/31 07:13:37 Job terminated.
	(1) Normal termination (return value 90)
		Usr 0 00:00:01, Sys 0 00:00:19  -  Run Remote Usage
		Usr 0 00:00:00, Sys 0 00:00:00  -  Run Local Usage
		Usr 0 00:00:01, Sys 0 00:00:19  -  Total Remote Usage
		Usr 0 00:00:00, Sys 0 00:00:00  -  Total Local Usage
	23530  -  Run Bytes Sent By Job
	8930  -  Run Bytes Received By Job
	23530  -  Total Bytes Sent By Job
	8930  -  Total Bytes Received By Job
	Partitionable Resources :    Usage  Request Allocated
	   Cpus                 :                 1         1
	   Disk (KB)            :  5045404 10000000  10345611
	   Memory (MB)          :       71     2100      2100
...
001 (222137.000.000) 07/31 07:14:50 Job executing on host: <131.225.206.180:5016?addrs=131.225.206.180-5016>
...
006 (222137.000.000) 07/31 07:14:58 Image size of job updated: 447524
	71  -  MemoryUsage of job (MB)
	72352  -  ResidentSetSize of job (KB)
...
006 (222137.000.000) 07/31 07:17:19 Image size of job updated: 672424
	71  -  MemoryUsage of job (MB)
	72352  -  ResidentSetSize of job (KB)
...
005 (222137.000.000) 07/31 07:17:20 Job terminated.
	(1) Normal termination (return value 65)
		Usr 0 00:00:10, Sys 0 00:00:15  -  Run Remote Usage
		Usr 0 00:00:00, Sys 0 00:00:00  -  Run Local Usage
		Usr 0 00:00:10, Sys 0 00:00:15  -  Total Remote Usage
		Usr 0 00:00:00, Sys 0 00:00:00  -  Total Local Usage
	10563  -  Run Bytes Sent By Job
	8930  -  Run Bytes Received By Job
	10563  -  Total Bytes Sent By Job
	8930  -  Total Bytes Received By Job
	Partitionable Resources :    Usage  Request Allocated
	   Cpus                 :                 1         1
	   Disk (KB)            :  6516249 10000000  10268961
	   Memory (MB)          :       71     2100      2100
...
000 (222699.000.000) 07/31 08:33:05 Job submitted from host: <131.225.189.232:9618?addrs=131.225.189.232-9618&noUDP&sock=8982_aaf4_3>
...
001 (222699.000.000) 07/31 08:35:16 Job executing on host: <131.225.206.2:4181?addrs=131.225.206.2-4181>
...
006 (222699.000.000) 07/31 08:35:25 Image size of job updated: 2
	3  -  MemoryUsage of job (MB)
	2424  -  ResidentSetSize of job (KB)
...
006 (222699.000.000) 07/31 08:36:26 Image size of job updated: 447524
	70  -  MemoryUsage of job (MB)
	71352  -  ResidentSetSize of job (KB)
...
006 (222699.000.000) 07/31 08:37:27 Image size of job updated: 593180
	318  -  MemoryUsage of job (MB)
	324704  -  ResidentSetSize of job (KB)
...
006 (222699.000.000) 07/31 08:37:32 Image size of job updated: 772788
	318  -  MemoryUsage of job (MB)
	324704  -  ResidentSetSize of job (KB)
...
005 (222699.000.000) 07/31 08:37:32 Job terminated.
	(1) Normal termination (return value 65)
		Usr 0 00:00:12, Sys 0 00:00:16  -  Run Remote Usage
		Usr 0 00:00:00, Sys 0 00:00:00  -  Run Local Usage
		Usr 0 00:00:12, Sys 0 00:00:16  -  Total Remote Usage
		Usr 0 00:00:00, Sys 0 00:00:00  -  Total Local Usage
	11334  -  Run Bytes Sent By Job
	8930  -  Run Bytes Received By Job
	11334  -  Total Bytes Sent By Job
	8930  -  Total Bytes Received By Job
	Partitionable Resources :    Usage  Request Allocated
	   Cpus                 :                 1         1
	   Disk (KB)            :  6629962 10000000  10608804
	   Memory (MB)          :      318     2100      2100
...
