000 (221007.000.000) 07/31 06:49:58 Job submitted from host: <131.225.189.232:9618?addrs=131.225.189.232-9618&noUDP&sock=8982_aaf4_3>
...
001 (221007.000.000) 07/31 06:51:06 Job executing on host: <131.225.204.76:59502?addrs=131.225.204.76-59502>
...
006 (221007.000.000) 07/31 06:51:16 Image size of job updated: 102476
	3  -  MemoryUsage of job (MB)
	2464  -  ResidentSetSize of job (KB)
...
006 (221007.000.000) 07/31 06:52:16 Image size of job updated: 447524
	69  -  MemoryUsage of job (MB)
	70428  -  ResidentSetSize of job (KB)
...
005 (221007.000.000) 07/31 06:54:40 Job terminated.
	(1) Normal termination (return value 90)
		Usr 0 00:00:02, Sys 0 00:00:14  -  Run Remote Usage
		Usr 0 00:00:00, Sys 0 00:00:00  -  Run Local Usage
		Usr 0 00:00:02, Sys 0 00:00:14  -  Total Remote Usage
		Usr 0 00:00:00, Sys 0 00:00:00  -  Total Local Usage
	19071  -  Run Bytes Sent By Job
	8930  -  Run Bytes Received By Job
	19071  -  Total Bytes Sent By Job
	8930  -  Total Bytes Received By Job
	Partitionable Resources :    Usage  Request Allocated
	   Cpus                 :                 1         1
	   Disk (KB)            :  5377044 10000000  10259826
	   Memory (MB)          :       69     2100      2100
...
000 (221569.000.000) 07/31 07:08:17 Job submitted from host: <131.225.189.232:9618?addrs=131.225.189.232-9618&noUDP&sock=8982_aaf4_3>
...
001 (221569.000.000) 07/31 07:09:25 Job executing on host: <131.225.205.179:41504?addrs=131.225.205.179-41504>
...
006 (221569.000.000) 07/31 07:09:34 Image size of job updated: 2
	3  -  MemoryUsage of job (MB)
	2428  -  ResidentSetSize of job (KB)
...
006 (221569.000.000) 07/31 07:10:35 Image size of job updated: 447524
	70  -  MemoryUsage of job (MB)
	71352  -  ResidentSetSize of job (KB)
...
000 (222124.000.000) 07/31 07:12:57 Job submitted from host: <131.225.189.232:9618?addrs=131.225.189.232-9618&noUDP&sock=8982_aaf4_3>
...
005 (221569.000.000) 07/31 07:13:29 Job terminated.
	(1) Normal termination (return value 90)
		Usr 0 00:00:01, Sys 0 00:00:24  -  Run Remote Usage
		Usr 0 00:00:00, Sys 0 00:00:00  -  Run Local Usage
		Usr 0 00:00:01, Sys 0 00:00:24  -  Total Remote Usage
		Usr 0 00:00:00, Sys 0 00:00:00  -  Total Local Usage
	20403  -  Run Bytes Sent By Job
	8930  -  Run Bytes Received By Job
	20403  -  Total Bytes Sent By Job
	8930  -  Total Bytes Received By Job
	Partitionable Resources :    Usage  Request Allocated
	   Cpus                 :                 1         1
	   Disk (KB)            :  6008948 10000000  17138963
	   Memory (MB)          :       70     2100      2100
...
001 (222124.000.000) 07/31 07:14:45 Job executing on host: <131.225.206.165:16738?addrs=131.225.206.165-16738>
...
006 (222124.000.000) 07/31 07:14:53 Image size of job updated: 447536
	34  -  MemoryUsage of job (MB)
	34644  -  ResidentSetSize of job (KB)
...
006 (222124.000.000) 07/31 07:15:53 Image size of job updated: 447536
	69  -  MemoryUsage of job (MB)
	70404  -  ResidentSetSize of job (KB)
...
006 (222124.000.000) 07/31 07:16:53 Image size of job updated: 447536
	69  -  MemoryUsage of job (MB)
	70412  -  ResidentSetSize of job (KB)
...
006 (222124.000.000) 07/31 07:21:57 Image size of job updated: 772788
	442  -  MemoryUsage of job (MB)
	452008  -  ResidentSetSize of job (KB)
...
005 (222124.000.000) 07/31 07:21:59 Job terminated.
	(1) Normal termination (return value 65)
		Usr 0 00:00:12, Sys 0 00:00:23  -  Run Remote Usage
		Usr 0 00:00:00, Sys 0 00:00:00  -  Run Local Usage
		Usr 0 00:00:12, Sys 0 00:00:23  -  Total Remote Usage
		Usr 0 00:00:00, Sys 0 00:00:00  -  Total Local Usage
	28859  -  Run Bytes Sent By Job
	8930  -  Run Bytes Received By Job
	28859  -  Total Bytes Sent By Job
	8930  -  Total Bytes Received By Job
	Partitionable Resources :    Usage  Request Allocated
	   Cpus                 :                 1         1
	   Disk (KB)            :  5991978 10000000  11589468
	   Memory (MB)          :      442     2100      2100
...
000 (222686.000.000) 07/31 08:33:04 Job submitted from host: <131.225.189.232:9618?addrs=131.225.189.232-9618&noUDP&sock=8982_aaf4_3>
...
001 (222686.000.000) 07/31 08:35:15 Job executing on host: <131.225.191.130:56709?addrs=131.225.191.130-56709>
...
006 (222686.000.000) 07/31 08:35:24 Image size of job updated: 447528
	11  -  MemoryUsage of job (MB)
	10904  -  ResidentSetSize of job (KB)
...
006 (222686.000.000) 07/31 08:36:25 Image size of job updated: 447528
	69  -  MemoryUsage of job (MB)
	70408  -  ResidentSetSize of job (KB)
...
006 (222686.000.000) 07/31 08:37:31 Image size of job updated: 632488
	359  -  MemoryUsage of job (MB)
	367592  -  ResidentSetSize of job (KB)
...
005 (222686.000.000) 07/31 08:37:35 Job terminated.
	(1) Normal termination (return value 65)
		Usr 0 00:00:07, Sys 0 00:00:21  -  Run Remote Usage
		Usr 0 00:00:00, Sys 0 00:00:00  -  Run Local Usage
		Usr 0 00:00:07, Sys 0 00:00:21  -  Total Remote Usage
		Usr 0 00:00:00, Sys 0 00:00:00  -  Total Local Usage
	10728  -  Run Bytes Sent By Job
	8930  -  Run Bytes Received By Job
	10728  -  Total Bytes Sent By Job
	8930  -  Total Bytes Received By Job
	Partitionable Resources :    Usage  Request Allocated
	   Cpus                 :                 1         1
	   Disk (KB)            :  6594405 10000000  11351608
	   Memory (MB)          :      359     2100      2100
...
000 (223241.000.000) 07/31 08:50:06 Job submitted from host: <131.225.189.232:9618?addrs=131.225.189.232-9618&noUDP&sock=8982_aaf4_3>
...
001 (223241.000.000) 07/31 08:51:31 Job executing on host: <131.225.205.187:52979?addrs=131.225.205.187-52979>
...
006 (223241.000.000) 07/31 08:51:40 Image size of job updated: 381924
	25  -  MemoryUsage of job (MB)
	25176  -  ResidentSetSize of job (KB)
...
006 (223241.000.000) 07/31 08:52:41 Image size of job updated: 447524
	69  -  MemoryUsage of job (MB)
	70400  -  ResidentSetSize of job (KB)
...
006 (223241.000.000) 07/31 08:55:42 Image size of job updated: 447524
	167  -  MemoryUsage of job (MB)
	170516  -  ResidentSetSize of job (KB)
...
006 (223241.000.000) 07/31 08:56:42 Image size of job updated: 772788
	167  -  MemoryUsage of job (MB)
	170516  -  ResidentSetSize of job (KB)
...
005 (223241.000.000) 07/31 08:57:23 Job terminated.
	(1) Normal termination (return value 65)
		Usr 0 00:00:17, Sys 0 00:00:28  -  Run Remote Usage
		Usr 0 00:00:00, Sys 0 00:00:00  -  Run Local Usage
		Usr 0 00:00:17, Sys 0 00:00:28  -  Total Remote Usage
		Usr 0 00:00:00, Sys 0 00:00:00  -  Total Local Usage
	23383  -  Run Bytes Sent By Job
	44439  -  Run Bytes Received By Job
	23383  -  Total Bytes Sent By Job
	44439  -  Total Bytes Received By Job
	Partitionable Resources :    Usage  Request Allocated
	   Cpus                 :                 1         1
	   Disk (KB)            :  6594256 10000000  17167861
	   Memory (MB)          :      167     2100      2100
...
000 (223796.000.000) 07/31 09:06:33 Job submitted from host: <131.225.189.232:9618?addrs=131.225.189.232-9618&noUDP&sock=8982_aaf4_3>
...
