000 (220862.000.000) 07/31 06:49:26 Job submitted from host: <131.225.189.232:9618?addrs=131.225.189.232-9618&noUDP&sock=8982_aaf4_3>
...
001 (220862.000.000) 07/31 06:49:46 Job executing on host: <131.225.191.223:52551?addrs=131.225.191.223-52551>
...
006 (220862.000.000) 07/31 06:49:55 Image size of job updated: 447536
	69  -  MemoryUsage of job (MB)
	69956  -  ResidentSetSize of job (KB)
...
006 (220862.000.000) 07/31 06:50:56 Image size of job updated: 447536
	69  -  MemoryUsage of job (MB)
	70476  -  ResidentSetSize of job (KB)
...
005 (220862.000.000) 07/31 06:56:02 Job terminated.
	(1) Normal termination (return value 90)
		Usr 0 00:00:01, Sys 0 00:00:28  -  Run Remote Usage
		Usr 0 00:00:00, Sys 0 00:00:00  -  Run Local Usage
		Usr 0 00:00:01, Sys 0 00:00:28  -  Total Remote Usage
		Usr 0 00:00:00, Sys 0 00:00:00  -  Total Local Usage
	27701  -  Run Bytes Sent By Job
	8930  -  Run Bytes Received By Job
	27701  -  Total Bytes Sent By Job
	8930  -  Total Bytes Received By Job
	Partitionable Resources :    Usage  Request Allocated
	   Cpus                 :                 1         1
	   Disk (KB)            :  5557274 10000000  15355820
	   Memory (MB)          :       69     2100      2100
...
000 (221424.000.000) 07/31 07:07:52 Job submitted from host: <131.225.189.232:9618?addrs=131.225.189.232-9618&noUDP&sock=8982_aaf4_3>
...
001 (221424.000.000) 07/31 07:08:29 Job executing on host: <131.225.205.173:10262?addrs=131.225.205.173-10262>
...
006 (221424.000.000) 07/31 07:08:37 Image size of job updated: 2
	3  -  MemoryUsage of job (MB)
	2424  -  ResidentSetSize of job (KB)
...
006 (221424.000.000) 07/31 07:09:37 Image size of job updated: 447524
	69  -  MemoryUsage of job (MB)
	70408  -  ResidentSetSize of job (KB)
...
005 (221424.000.000) 07/31 07:10:57 Job terminated.
	(1) Normal termination (return value 90)
		Usr 0 00:00:00, Sys 0 00:00:22  -  Run Remote Usage
		Usr 0 00:00:00, Sys 0 00:00:00  -  Run Local Usage
		Usr 0 00:00:00, Sys 0 00:00:22  -  Total Remote Usage
		Usr 0 00:00:00, Sys 0 00:00:00  -  Total Local Usage
	12205  -  Run Bytes Sent By Job
	8930  -  Run Bytes Received By Job
	12205  -  Total Bytes Sent By Job
	8930  -  Total Bytes Received By Job
	Partitionable Resources :    Usage  Request Allocated
	   Cpus                 :                 1         1
	   Disk (KB)            :  4124778 10000000  17138570
	   Memory (MB)          :       69     2100      2100
...
000 (221979.000.000) 07/31 07:12:33 Job submitted from host: <131.225.189.232:9618?addrs=131.225.189.232-9618&noUDP&sock=8982_aaf4_3>
...
001 (221979.000.000) 07/31 07:13:45 Job executing on host: <131.225.206.171:9309?addrs=131.225.206.171-9309>
...
006 (221979.000.000) 07/31 07:13:54 Image size of job updated: 2
	3  -  MemoryUsage of job (MB)
	2424  -  ResidentSetSize of job (KB)
...
006 (221979.000.000) 07/31 07:14:55 Image size of job updated: 447524
	69  -  MemoryUsage of job (MB)
	70288  -  ResidentSetSize of job (KB)
...
006 (221979.000.000) 07/31 07:15:51 Image size of job updated: 614980
	69  -  MemoryUsage of job (MB)
	70288  -  ResidentSetSize of job (KB)
...
005 (221979.000.000) 07/31 07:15:52 Job terminated.
	(1) Normal termination (return value 65)
		Usr 0 00:00:06, Sys 0 00:00:16  -  Run Remote Usage
		Usr 0 00:00:00, Sys 0 00:00:00  -  Run Local Usage
		Usr 0 00:00:06, Sys 0 00:00:16  -  Total Remote Usage
		Usr 0 00:00:00, Sys 0 00:00:00  -  Total Local Usage
	10302  -  Run Bytes Sent By Job
	8930  -  Run Bytes Received By Job
	10302  -  Total Bytes Sent By Job
	8930  -  Total Bytes Received By Job
	Partitionable Resources :    Usage  Request Allocated
	   Cpus                 :                 1         1
	   Disk (KB)            :  5565976 10000000  11800900
	   Memory (MB)          :       69     2100      2100
...
000 (222541.000.000) 07/31 08:32:53 Job submitted from host: <131.225.189.232:9618?addrs=131.225.189.232-9618&noUDP&sock=8982_aaf4_3>
...
001 (222541.000.000) 07/31 08:33:48 Job executing on host: <131.225.207.172:40162?addrs=131.225.207.172-40162>
...
006 (222541.000.000) 07/31 08:33:57 Image size of job updated: 2
	3  -  MemoryUsage of job (MB)
	2420  -  ResidentSetSize of job (KB)
...
006 (222541.000.000) 07/31 08:34:58 Image size of job updated: 447524
	69  -  MemoryUsage of job (MB)
	70404  -  ResidentSetSize of job (KB)
...
006 (222541.000.000) 07/31 08:38:01 Image size of job updated: 447524
	141  -  MemoryUsage of job (MB)
	143664  -  ResidentSetSize of job (KB)
...
006 (222541.000.000) 07/31 08:38:25 Image size of job updated: 772788
	141  -  MemoryUsage of job (MB)
	143664  -  ResidentSetSize of job (KB)
...
005 (222541.000.000) 07/31 08:38:26 Job terminated.
	(1) Normal termination (return value 65)
		Usr 0 00:00:12, Sys 0 00:00:21  -  Run Remote Usage
		Usr 0 00:00:00, Sys 0 00:00:00  -  Run Local Usage
		Usr 0 00:00:12, Sys 0 00:00:21  -  Total Remote Usage
		Usr 0 00:00:00, Sys 0 00:00:00  -  Total Local Usage
	22572  -  Run Bytes Sent By Job
	8930  -  Run Bytes Received By Job
	22572  -  Total Bytes Sent By Job
	8930  -  Total Bytes Received By Job
	Partitionable Resources :    Usage  Request Allocated
	   Cpus                 :                 1         1
	   Disk (KB)            :  6713784 10000000  10486920
	   Memory (MB)          :      141     2100      2100
...
000 (223096.000.000) 07/31 08:49:58 Job submitted from host: <131.225.189.232:9618?addrs=131.225.189.232-9618&noUDP&sock=8982_aaf4_3>
...
001 (223096.000.000) 07/31 08:51:04 Job executing on host: <131.225.205.170:50631?addrs=131.225.205.170-50631>
...
006 (223096.000.000) 07/31 08:51:13 Image size of job updated: 2
	3  -  MemoryUsage of job (MB)
	2424  -  ResidentSetSize of job (KB)
...
006 (223096.000.000) 07/31 08:52:14 Image size of job updated: 447524
	70  -  MemoryUsage of job (MB)
	71348  -  ResidentSetSize of job (KB)
...
006 (223096.000.000) 07/31 08:53:07 Image size of job updated: 772792
	70  -  MemoryUsage of job (MB)
	71348  -  ResidentSetSize of job (KB)
...
005 (223096.000.000) 07/31 08:53:08 Job terminated.
	(1) Normal termination (return value 65)
		Usr 0 00:00:17, Sys 0 00:00:17  -  Run Remote Usage
		Usr 0 00:00:00, Sys 0 00:00:00  -  Run Local Usage
		Usr 0 00:00:17, Sys 0 00:00:17  -  Total Remote Usage
		Usr 0 00:00:00, Sys 0 00:00:00  -  Total Local Usage
	10284  -  Run Bytes Sent By Job
	44439  -  Run Bytes Received By Job
	10284  -  Total Bytes Sent By Job
	44439  -  Total Bytes Received By Job
	Partitionable Resources :    Usage  Request Allocated
	   Cpus                 :                 1         1
	   Disk (KB)            :  5732522 10000000  17161875
	   Memory (MB)          :       70     2100      2100
...
000 (223651.000.000) 07/31 09:06:26 Job submitted from host: <131.225.189.232:9618?addrs=131.225.189.232-9618&noUDP&sock=8982_aaf4_3>
...
