000 (220576.000.000) 07/31 06:48:26 Job submitted from host: <131.225.189.232:9618?addrs=131.225.189.232-9618&noUDP&sock=8982_aaf4_3>
...
001 (220576.000.000) 07/31 06:48:48 Job executing on host: <131.225.207.180:5355?addrs=131.225.207.180-5355>
...
006 (220576.000.000) 07/31 06:48:57 Image size of job updated: 447524
	71  -  MemoryUsage of job (MB)
	72348  -  ResidentSetSize of job (KB)
...
005 (220576.000.000) 07/31 06:50:41 Job terminated.
	(1) Normal termination (return value 90)
		Usr 0 00:00:01, Sys 0 00:00:17  -  Run Remote Usage
		Usr 0 00:00:00, Sys 0 00:00:00  -  Run Local Usage
		Usr 0 00:00:01, Sys 0 00:00:17  -  Total Remote Usage
		Usr 0 00:00:00, Sys 0 00:00:00  -  Total Local Usage
	11498  -  Run Bytes Sent By Job
	8930  -  Run Bytes Received By Job
	11498  -  Total Bytes Sent By Job
	8930  -  Total Bytes Received By Job
	Partitionable Resources :    Usage  Request Allocated
	   Cpus                 :                 1         1
	   Disk (KB)            :  3820554 10000000  13261316
	   Memory (MB)          :       71     2100      2100
...
000 (221138.000.000) 07/31 07:07:01 Job submitted from host: <131.225.189.232:9618?addrs=131.225.189.232-9618&noUDP&sock=8982_aaf4_3>
...
001 (221138.000.000) 07/31 07:07:21 Job executing on host: <131.225.207.53:51570?addrs=131.225.207.53-51570>
...
006 (221138.000.000) 07/31 07:07:30 Image size of job updated: 447524
	71  -  MemoryUsage of job (MB)
	72352  -  ResidentSetSize of job (KB)
...
005 (221138.000.000) 07/31 07:08:53 Job terminated.
	(1) Normal termination (return value 90)
		Usr 0 00:00:00, Sys 0 00:00:14  -  Run Remote Usage
		Usr 0 00:00:00, Sys 0 00:00:00  -  Run Local Usage
		Usr 0 00:00:00, Sys 0 00:00:14  -  Total Remote Usage
		Usr 0 00:00:00, Sys 0 00:00:00  -  Total Local Usage
	9983  -  Run Bytes Sent By Job
	8930  -  Run Bytes Received By Job
	9983  -  Total Bytes Sent By Job
	8930  -  Total Bytes Received By Job
	Partitionable Resources :    Usage  Request Allocated
	   Cpus                 :                 1         1
	   Disk (KB)            :  4517993 10000000  10164735
	   Memory (MB)          :       71     2100      2100
...
000 (221693.000.000) 07/31 07:11:44 Job submitted from host: <131.225.189.232:9618?addrs=131.225.189.232-9618&noUDP&sock=8982_aaf4_3>
...
001 (221693.000.000) 07/31 07:12:03 Job executing on host: <131.225.207.77:26936?addrs=131.225.207.77-26936>
...
006 (221693.000.000) 07/31 07:12:11 Image size of job updated: 2
	3  -  MemoryUsage of job (MB)
	2420  -  ResidentSetSize of job (KB)
...
006 (221693.000.000) 07/31 07:13:11 Image size of job updated: 447524
	70  -  MemoryUsage of job (MB)
	71356  -  ResidentSetSize of job (KB)
...
006 (221693.000.000) 07/31 07:19:24 Image size of job updated: 750256
	70  -  MemoryUsage of job (MB)
	71356  -  ResidentSetSize of job (KB)
...
005 (221693.000.000) 07/31 07:19:25 Job terminated.
	(1) Normal termination (return value 65)
		Usr 0 00:00:11, Sys 0 00:00:20  -  Run Remote Usage
		Usr 0 00:00:00, Sys 0 00:00:00  -  Run Local Usage
		Usr 0 00:00:11, Sys 0 00:00:20  -  Total Remote Usage
		Usr 0 00:00:00, Sys 0 00:00:00  -  Total Local Usage
	28266  -  Run Bytes Sent By Job
	8930  -  Run Bytes Received By Job
	28266  -  Total Bytes Sent By Job
	8930  -  Total Bytes Received By Job
	Partitionable Resources :    Usage  Request Allocated
	   Cpus                 :                 1         1
	   Disk (KB)            :  5615146 10000000  11671608
	   Memory (MB)          :       70     2100      2100
...
