000 (220538.000.000) 07/31 06:48:17 Job submitted from host: <131.225.189.232:9618?addrs=131.225.189.232-9618&noUDP&sock=8982_aaf4_3>
...
001 (220538.000.000) 07/31 06:48:33 Job executing on host: <131.225.204.94:53127?addrs=131.225.204.94-53127>
...
006 (220538.000.000) 07/31 06:48:42 Image size of job updated: 2
	3  -  MemoryUsage of job (MB)
	2420  -  ResidentSetSize of job (KB)
...
006 (220538.000.000) 07/31 06:49:43 Image size of job updated: 447524
	71  -  MemoryUsage of job (MB)
	72344  -  ResidentSetSize of job (KB)
...
005 (220538.000.000) 07/31 06:51:47 Job terminated.
	(1) Normal termination (return value 90)
		Usr 0 00:00:01, Sys 0 00:00:18  -  Run Remote Usage
		Usr 0 00:00:00, Sys 0 00:00:00  -  Run Local Usage
		Usr 0 00:00:01, Sys 0 00:00:18  -  Total Remote Usage
		Usr 0 00:00:00, Sys 0 00:00:00  -  Total Local Usage
	16657  -  Run Bytes Sent By Job
	8930  -  Run Bytes Received By Job
	16657  -  Total Bytes Sent By Job
	8930  -  Total Bytes Received By Job
	Partitionable Resources :    Usage  Request Allocated
	   Cpus                 :                 1         1
	   Disk (KB)            :  5999634 10000000  10324533
	   Memory (MB)          :       71     2100      2100
...
000 (221100.000.000) 07/31 07:06:55 Job submitted from host: <131.225.189.232:9618?addrs=131.225.189.232-9618&noUDP&sock=8982_aaf4_3>
...
001 (221100.000.000) 07/31 07:07:13 Job executing on host: <131.225.206.170:61881?addrs=131.225.206.170-61881>
...
006 (221100.000.000) 07/31 07:07:22 Image size of job updated: 447524
	71  -  MemoryUsage of job (MB)
	72348  -  ResidentSetSize of job (KB)
...
005 (221100.000.000) 07/31 07:10:07 Job terminated.
	(1) Normal termination (return value 90)
		Usr 0 00:00:01, Sys 0 00:00:17  -  Run Remote Usage
		Usr 0 00:00:00, Sys 0 00:00:00  -  Run Local Usage
		Usr 0 00:00:01, Sys 0 00:00:17  -  Total Remote Usage
		Usr 0 00:00:00, Sys 0 00:00:00  -  Total Local Usage
	16007  -  Run Bytes Sent By Job
	8930  -  Run Bytes Received By Job
	16007  -  Total Bytes Sent By Job
	8930  -  Total Bytes Received By Job
	Partitionable Resources :    Usage  Request Allocated
	   Cpus                 :                 1         1
	   Disk (KB)            :  5402734 10000000  11734928
	   Memory (MB)          :       71     2100      2100
...
000 (221655.000.000) 07/31 07:11:37 Job submitted from host: <131.225.189.232:9618?addrs=131.225.189.232-9618&noUDP&sock=8982_aaf4_3>
...
001 (221655.000.000) 07/31 07:11:47 Job executing on host: <131.225.206.237:65172?addrs=131.225.206.237-65172>
...
006 (221655.000.000) 07/31 07:11:56 Image size of job updated: 447524
	71  -  MemoryUsage of job (MB)
	72352  -  ResidentSetSize of job (KB)
...
006 (221655.000.000) 07/31 07:13:47 Image size of job updated: 624288
	71  -  MemoryUsage of job (MB)
	72352  -  ResidentSetSize of job (KB)
...
005 (221655.000.000) 07/31 07:13:48 Job terminated.
	(1) Normal termination (return value 65)
		Usr 0 00:00:07, Sys 0 00:00:14  -  Run Remote Usage
		Usr 0 00:00:00, Sys 0 00:00:00  -  Run Local Usage
		Usr 0 00:00:07, Sys 0 00:00:14  -  Total Remote Usage
		Usr 0 00:00:00, Sys 0 00:00:00  -  Total Local Usage
	9406  -  Run Bytes Sent By Job
	8930  -  Run Bytes Received By Job
	9406  -  Total Bytes Sent By Job
	8930  -  Total Bytes Received By Job
	Partitionable Resources :    Usage  Request Allocated
	   Cpus                 :                 1         1
	   Disk (KB)            :  5877272 10000000  11636712
	   Memory (MB)          :       71     2100      2100
...
