000 (220847.000.000) 07/31 06:49:23 Job submitted from host: <131.225.189.232:9618?addrs=131.225.189.232-9618&noUDP&sock=8982_aaf4_3>
...
001 (220847.000.000) 07/31 06:49:44 Job executing on host: <131.225.191.138:60659?addrs=131.225.191.138-60659>
...
006 (220847.000.000) 07/31 06:49:53 Image size of job updated: 2
	3  -  MemoryUsage of job (MB)
	2424  -  ResidentSetSize of job (KB)
...
006 (220847.000.000) 07/31 06:50:54 Image size of job updated: 447524
	71  -  MemoryUsage of job (MB)
	72352  -  ResidentSetSize of job (KB)
...
005 (220847.000.000) 07/31 06:51:59 Job terminated.
	(1) Normal termination (return value 90)
		Usr 0 00:00:00, Sys 0 00:00:16  -  Run Remote Usage
		Usr 0 00:00:00, Sys 0 00:00:00  -  Run Local Usage
		Usr 0 00:00:00, Sys 0 00:00:16  -  Total Remote Usage
		Usr 0 00:00:00, Sys 0 00:00:00  -  Total Local Usage
	10410  -  Run Bytes Sent By Job
	8930  -  Run Bytes Received By Job
	10410  -  Total Bytes Sent By Job
	8930  -  Total Bytes Received By Job
	Partitionable Resources :    Usage  Request Allocated
	   Cpus                 :                 1         1
	   Disk (KB)            :  6618460 10000000  12129332
	   Memory (MB)          :       71     2100      2100
...
000 (221409.000.000) 07/31 07:07:50 Job submitted from host: <131.225.189.232:9618?addrs=131.225.189.232-9618&noUDP&sock=8982_aaf4_3>
...
001 (221409.000.000) 07/31 07:08:26 Job executing on host: <131.225.191.253:34683?addrs=131.225.191.253-34683>
...
006 (221409.000.000) 07/31 07:08:34 Image size of job updated: 73104
	13  -  MemoryUsage of job (MB)
	12584  -  ResidentSetSize of job (KB)
...
006 (221409.000.000) 07/31 07:09:34 Image size of job updated: 447524
	69  -  MemoryUsage of job (MB)
	70400  -  ResidentSetSize of job (KB)
...
006 (221409.000.000) 07/31 07:11:36 Image size of job updated: 447524
	69  -  MemoryUsage of job (MB)
	70408  -  ResidentSetSize of job (KB)
...
005 (221409.000.000) 07/31 07:11:58 Job terminated.
	(1) Normal termination (return value 90)
		Usr 0 00:00:01, Sys 0 00:00:25  -  Run Remote Usage
		Usr 0 00:00:00, Sys 0 00:00:00  -  Run Local Usage
		Usr 0 00:00:01, Sys 0 00:00:25  -  Total Remote Usage
		Usr 0 00:00:00, Sys 0 00:00:00  -  Total Local Usage
	18149  -  Run Bytes Sent By Job
	8930  -  Run Bytes Received By Job
	18149  -  Total Bytes Sent By Job
	8930  -  Total Bytes Received By Job
	Partitionable Resources :    Usage  Request Allocated
	   Cpus                 :                 1         1
	   Disk (KB)            :  4878447 10000000  14989622
	   Memory (MB)          :       69     2100      2100
...
000 (221964.000.000) 07/31 07:12:30 Job submitted from host: <131.225.189.232:9618?addrs=131.225.189.232-9618&noUDP&sock=8982_aaf4_3>
...
001 (221964.000.000) 07/31 07:13:32 Job executing on host: <131.225.205.179:41504?addrs=131.225.205.179-41504>
...
006 (221964.000.000) 07/31 07:13:41 Image size of job updated: 447536
	12  -  MemoryUsage of job (MB)
	11864  -  ResidentSetSize of job (KB)
...
006 (221964.000.000) 07/31 07:14:41 Image size of job updated: 447536
	69  -  MemoryUsage of job (MB)
	70400  -  ResidentSetSize of job (KB)
...
006 (221964.000.000) 07/31 07:17:42 Image size of job updated: 447536
	160  -  MemoryUsage of job (MB)
	163056  -  ResidentSetSize of job (KB)
...
006 (221964.000.000) 07/31 07:18:34 Image size of job updated: 772788
	160  -  MemoryUsage of job (MB)
	163056  -  ResidentSetSize of job (KB)
...
005 (221964.000.000) 07/31 07:18:35 Job terminated.
	(1) Normal termination (return value 65)
		Usr 0 00:00:19, Sys 0 00:00:36  -  Run Remote Usage
		Usr 0 00:00:00, Sys 0 00:00:00  -  Run Local Usage
		Usr 0 00:00:19, Sys 0 00:00:36  -  Total Remote Usage
		Usr 0 00:00:00, Sys 0 00:00:00  -  Total Local Usage
	23317  -  Run Bytes Sent By Job
	8930  -  Run Bytes Received By Job
	23317  -  Total Bytes Sent By Job
	8930  -  Total Bytes Received By Job
	Partitionable Resources :    Usage  Request Allocated
	   Cpus                 :                 1         1
	   Disk (KB)            :  6627191 10000000  17138964
	   Memory (MB)          :      160     2100      2100
...
