000 (220720.000.000) 07/31 06:48:55 Job submitted from host: <131.225.189.232:9618?addrs=131.225.189.232-9618&noUDP&sock=8982_aaf4_3>
...
001 (220720.000.000) 07/31 06:49:18 Job executing on host: <131.225.207.110:29249?addrs=131.225.207.110-29249>
...
006 (220720.000.000) 07/31 06:49:27 Image size of job updated: 381924
	25  -  MemoryUsage of job (MB)
	25244  -  ResidentSetSize of job (KB)
...
006 (220720.000.000) 07/31 06:50:28 Image size of job updated: 447524
	71  -  MemoryUsage of job (MB)
	72348  -  ResidentSetSize of job (KB)
...
005 (220720.000.000) 07/31 06:51:07 Job terminated.
	(1) Normal termination (return value 90)
		Usr 0 00:00:01, Sys 0 00:00:06  -  Run Remote Usage
		Usr 0 00:00:00, Sys 0 00:00:00  -  Run Local Usage
		Usr 0 00:00:01, Sys 0 00:00:06  -  Total Remote Usage
		Usr 0 00:00:00, Sys 0 00:00:00  -  Total Local Usage
	11551  -  Run Bytes Sent By Job
	8930  -  Run Bytes Received By Job
	11551  -  Total Bytes Sent By Job
	8930  -  Total Bytes Received By Job
	Partitionable Resources :    Usage  Request Allocated
	   Cpus                 :                 1         1
	   Disk (KB)            :  2051082 10000000  10525950
	   Memory (MB)          :       71     2100      2100
...
000 (221282.000.000) 07/31 07:07:27 Job submitted from host: <131.225.189.232:9618?addrs=131.225.189.232-9618&noUDP&sock=8982_aaf4_3>
...
001 (221282.000.000) 07/31 07:08:00 Job executing on host: <131.225.204.82:42014?addrs=131.225.204.82-42014>
...
006 (221282.000.000) 07/31 07:08:09 Image size of job updated: 447532
	17  -  MemoryUsage of job (MB)
	17048  -  ResidentSetSize of job (KB)
...
006 (221282.000.000) 07/31 07:09:10 Image size of job updated: 447532
	69  -  MemoryUsage of job (MB)
	70288  -  ResidentSetSize of job (KB)
...
006 (221282.000.000) 07/31 07:10:11 Image size of job updated: 447532
	69  -  MemoryUsage of job (MB)
	70316  -  ResidentSetSize of job (KB)
...
005 (221282.000.000) 07/31 07:11:10 Job terminated.
	(1) Normal termination (return value 90)
		Usr 0 00:00:01, Sys 0 00:00:07  -  Run Remote Usage
		Usr 0 00:00:00, Sys 0 00:00:00  -  Run Local Usage
		Usr 0 00:00:01, Sys 0 00:00:07  -  Total Remote Usage
		Usr 0 00:00:00, Sys 0 00:00:00  -  Total Local Usage
	15531  -  Run Bytes Sent By Job
	8930  -  Run Bytes Received By Job
	15531  -  Total Bytes Sent By Job
	8930  -  Total Bytes Received By Job
	Partitionable Resources :    Usage  Request Allocated
	   Cpus                 :                 1         1
	   Disk (KB)            :  1945707 10000000  10403736
	   Memory (MB)          :       69     2100      2100
...
000 (221837.000.000) 07/31 07:12:09 Job submitted from host: <131.225.189.232:9618?addrs=131.225.189.232-9618&noUDP&sock=8982_aaf4_3>
...
001 (221837.000.000) 07/31 07:12:27 Job executing on host: <131.225.206.206:31171?addrs=131.225.206.206-31171>
...
006 (221837.000.000) 07/31 07:12:36 Image size of job updated: 447536
	15  -  MemoryUsage of job (MB)
	15004  -  ResidentSetSize of job (KB)
...
006 (221837.000.000) 07/31 07:13:37 Image size of job updated: 447536
	69  -  MemoryUsage of job (MB)
	70448  -  ResidentSetSize of job (KB)
...
006 (221837.000.000) 07/31 07:16:39 Image size of job updated: 447536
	165  -  MemoryUsage of job (MB)
	168068  -  ResidentSetSize of job (KB)
...
006 (221837.000.000) 07/31 07:17:08 Image size of job updated: 764336
	165  -  MemoryUsage of job (MB)
	168068  -  ResidentSetSize of job (KB)
...
005 (221837.000.000) 07/31 07:17:09 Job terminated.
	(1) Normal termination (return value 65)
		Usr 0 00:00:12, Sys 0 00:00:12  -  Run Remote Usage
		Usr 0 00:00:00, Sys 0 00:00:00  -  Run Local Usage
		Usr 0 00:00:12, Sys 0 00:00:12  -  Total Remote Usage
		Usr 0 00:00:00, Sys 0 00:00:00  -  Total Local Usage
	17189  -  Run Bytes Sent By Job
	8930  -  Run Bytes Received By Job
	17189  -  Total Bytes Sent By Job
	8930  -  Total Bytes Received By Job
	Partitionable Resources :    Usage  Request Allocated
	   Cpus                 :                 1         1
	   Disk (KB)            :  3039067 10000000  12152076
	   Memory (MB)          :      165     2100      2100
...
000 (222399.000.000) 07/31 08:32:44 Job submitted from host: <131.225.189.232:9618?addrs=131.225.189.232-9618&noUDP&sock=8982_aaf4_3>
...
001 (222399.000.000) 07/31 08:33:30 Job executing on host: <131.225.207.144:22101?addrs=131.225.207.144-22101>
...
006 (222399.000.000) 07/31 08:33:39 Image size of job updated: 447536
	69  -  MemoryUsage of job (MB)
	70284  -  ResidentSetSize of job (KB)
...
006 (222399.000.000) 07/31 08:34:40 Image size of job updated: 447536
	69  -  MemoryUsage of job (MB)
	70404  -  ResidentSetSize of job (KB)
...
006 (222399.000.000) 07/31 08:36:42 Image size of job updated: 764336
	69  -  MemoryUsage of job (MB)
	70404  -  ResidentSetSize of job (KB)
...
005 (222399.000.000) 07/31 08:37:46 Job terminated.
	(1) Normal termination (return value 65)
		Usr 0 00:00:11, Sys 0 00:00:10  -  Run Remote Usage
		Usr 0 00:00:00, Sys 0 00:00:00  -  Run Local Usage
		Usr 0 00:00:11, Sys 0 00:00:10  -  Total Remote Usage
		Usr 0 00:00:00, Sys 0 00:00:00  -  Total Local Usage
	13580  -  Run Bytes Sent By Job
	8930  -  Run Bytes Received By Job
	13580  -  Total Bytes Sent By Job
	8930  -  Total Bytes Received By Job
	Partitionable Resources :    Usage  Request Allocated
	   Cpus                 :                 1         1
	   Disk (KB)            :  3041932 10000000  10362774
	   Memory (MB)          :       69     2100      2100
...
