000 (220522.000.000) 07/31 06:48:14 Job submitted from host: <131.225.189.232:9618?addrs=131.225.189.232-9618&noUDP&sock=8982_aaf4_3>
...
001 (220522.000.000) 07/31 06:48:29 Job executing on host: <131.225.206.179:1923?addrs=131.225.206.179-1923>
...
006 (220522.000.000) 07/31 06:48:38 Image size of job updated: 447524
	71  -  MemoryUsage of job (MB)
	72348  -  ResidentSetSize of job (KB)
...
005 (220522.000.000) 07/31 06:51:01 Job terminated.
	(1) Normal termination (return value 90)
		Usr 0 00:00:01, Sys 0 00:00:19  -  Run Remote Usage
		Usr 0 00:00:00, Sys 0 00:00:00  -  Run Local Usage
		Usr 0 00:00:01, Sys 0 00:00:19  -  Total Remote Usage
		Usr 0 00:00:00, Sys 0 00:00:00  -  Total Local Usage
	14593  -  Run Bytes Sent By Job
	8930  -  Run Bytes Received By Job
	14593  -  Total Bytes Sent By Job
	8930  -  Total Bytes Received By Job
	Partitionable Resources :    Usage  Request Allocated
	   Cpus                 :                 1         1
	   Disk (KB)            :  5819407 10000000  10235262
	   Memory (MB)          :       71     2100      2100
...
000 (221084.000.000) 07/31 07:06:52 Job submitted from host: <131.225.189.232:9618?addrs=131.225.189.232-9618&noUDP&sock=8982_aaf4_3>
...
001 (221084.000.000) 07/31 07:07:10 Job executing on host: <131.225.207.167:1759?addrs=131.225.207.167-1759>
...
006 (221084.000.000) 07/31 07:07:19 Image size of job updated: 2
	3  -  MemoryUsage of job (MB)
	2420  -  ResidentSetSize of job (KB)
...
006 (221084.000.000) 07/31 07:08:20 Image size of job updated: 447524
	71  -  MemoryUsage of job (MB)
	72344  -  ResidentSetSize of job (KB)
...
005 (221084.000.000) 07/31 07:08:50 Job terminated.
	(1) Normal termination (return value 90)
		Usr 0 00:00:00, Sys 0 00:00:14  -  Run Remote Usage
		Usr 0 00:00:00, Sys 0 00:00:00  -  Run Local Usage
		Usr 0 00:00:00, Sys 0 00:00:14  -  Total Remote Usage
		Usr 0 00:00:00, Sys 0 00:00:00  -  Total Local Usage
	9109  -  Run Bytes Sent By Job
	8930  -  Run Bytes Received By Job
	9109  -  Total Bytes Sent By Job
	8930  -  Total Bytes Received By Job
	Partitionable Resources :    Usage  Request Allocated
	   Cpus                 :                 1         1
	   Disk (KB)            :  5140585 10000000  10522839
	   Memory (MB)          :       71     2100      2100
...
000 (221639.000.000) 07/31 07:11:34 Job submitted from host: <131.225.189.232:9618?addrs=131.225.189.232-9618&noUDP&sock=8982_aaf4_3>
...
001 (221639.000.000) 07/31 07:11:45 Job executing on host: <131.225.206.3:38467?addrs=131.225.206.3-38467>
...
006 (221639.000.000) 07/31 07:11:54 Image size of job updated: 447524
	24  -  MemoryUsage of job (MB)
	23800  -  ResidentSetSize of job (KB)
...
006 (221639.000.000) 07/31 07:12:55 Image size of job updated: 447524
	71  -  MemoryUsage of job (MB)
	72348  -  ResidentSetSize of job (KB)
...
006 (221639.000.000) 07/31 07:18:41 Image size of job updated: 722608
	71  -  MemoryUsage of job (MB)
	72348  -  ResidentSetSize of job (KB)
...
005 (221639.000.000) 07/31 07:18:44 Job terminated.
	(1) Normal termination (return value 65)
		Usr 0 00:00:11, Sys 0 00:00:23  -  Run Remote Usage
		Usr 0 00:00:00, Sys 0 00:00:00  -  Run Local Usage
		Usr 0 00:00:11, Sys 0 00:00:23  -  Total Remote Usage
		Usr 0 00:00:00, Sys 0 00:00:00  -  Total Local Usage
	31880  -  Run Bytes Sent By Job
	8930  -  Run Bytes Received By Job
	31880  -  Total Bytes Sent By Job
	8930  -  Total Bytes Received By Job
	Partitionable Resources :    Usage  Request Allocated
	   Cpus                 :                 1         1
	   Disk (KB)            :  6088290 10000000  13151512
	   Memory (MB)          :       71     2100      2100
...
000 (222201.000.000) 07/31 08:32:29 Job submitted from host: <131.225.189.232:9618?addrs=131.225.189.232-9618&noUDP&sock=8982_aaf4_3>
...
001 (222201.000.000) 07/31 08:32:44 Job executing on host: <131.225.206.193:38008?addrs=131.225.206.193-38008>
...
006 (222201.000.000) 07/31 08:32:53 Image size of job updated: 447524
	58  -  MemoryUsage of job (MB)
	59108  -  ResidentSetSize of job (KB)
...
006 (222201.000.000) 07/31 08:33:54 Image size of job updated: 447524
	69  -  MemoryUsage of job (MB)
	70412  -  ResidentSetSize of job (KB)
...
005 (222201.000.000) 07/31 08:36:10 Job terminated.
	(1) Normal termination (return value 65)
		Usr 0 00:00:01, Sys 0 00:00:17  -  Run Remote Usage
		Usr 0 00:00:00, Sys 0 00:00:00  -  Run Local Usage
		Usr 0 00:00:01, Sys 0 00:00:17  -  Total Remote Usage
		Usr 0 00:00:00, Sys 0 00:00:00  -  Total Local Usage
	15165  -  Run Bytes Sent By Job
	8930  -  Run Bytes Received By Job
	15165  -  Total Bytes Sent By Job
	8930  -  Total Bytes Received By Job
	Partitionable Resources :    Usage  Request Allocated
	   Cpus                 :                 1         1
	   Disk (KB)            :  6265934 10000000  11712008
	   Memory (MB)          :       69     2100      2100
...
000 (222756.000.000) 07/31 08:49:40 Job submitted from host: <131.225.189.232:9618?addrs=131.225.189.232-9618&noUDP&sock=8982_aaf4_3>
...
001 (222756.000.000) 07/31 08:49:55 Job executing on host: <131.225.206.201:15028?addrs=131.225.206.201-15028>
...
006 (222756.000.000) 07/31 08:50:03 Image size of job updated: 447524
	71  -  MemoryUsage of job (MB)
	72352  -  ResidentSetSize of job (KB)
...
006 (222756.000.000) 07/31 08:52:04 Image size of job updated: 726448
	443  -  MemoryUsage of job (MB)
	452784  -  ResidentSetSize of job (KB)
...
005 (222756.000.000) 07/31 08:52:10 Job terminated.
	(1) Normal termination (return value 65)
		Usr 0 00:00:09, Sys 0 00:00:16  -  Run Remote Usage
		Usr 0 00:00:00, Sys 0 00:00:00  -  Run Local Usage
		Usr 0 00:00:09, Sys 0 00:00:16  -  Total Remote Usage
		Usr 0 00:00:00, Sys 0 00:00:00  -  Total Local Usage
	11950  -  Run Bytes Sent By Job
	44439  -  Run Bytes Received By Job
	11950  -  Total Bytes Sent By Job
	44439  -  Total Bytes Received By Job
	Partitionable Resources :    Usage  Request Allocated
	   Cpus                 :                 1         1
	   Disk (KB)            :  6265769 10000000  11599124
	   Memory (MB)          :      443     2100      2100
...
000 (223311.000.000) 07/31 09:06:10 Job submitted from host: <131.225.189.232:9618?addrs=131.225.189.232-9618&noUDP&sock=8982_aaf4_3>
...
001 (223311.000.000) 07/31 09:09:55 Job executing on host: <131.225.206.163:15731?addrs=131.225.206.163-15731>
...
006 (223311.000.000) 07/31 09:10:03 Image size of job updated: 2
	3  -  MemoryUsage of job (MB)
	2424  -  ResidentSetSize of job (KB)
...
006 (223311.000.000) 07/31 09:11:03 Image size of job updated: 447532
	71  -  MemoryUsage of job (MB)
	72344  -  ResidentSetSize of job (KB)
...
