000 (220581.000.000) 07/31 06:48:27 Job submitted from host: <131.225.189.232:9618?addrs=131.225.189.232-9618&noUDP&sock=8982_aaf4_3>
...
001 (220581.000.000) 07/31 06:48:50 Job executing on host: <131.225.204.46:13066?addrs=131.225.204.46-13066>
...
006 (220581.000.000) 07/31 06:48:59 Image size of job updated: 447524
	71  -  MemoryUsage of job (MB)
	72368  -  ResidentSetSize of job (KB)
...
005 (220581.000.000) 07/31 06:50:38 Job terminated.
	(1) Normal termination (return value 90)
		Usr 0 00:00:00, Sys 0 00:00:13  -  Run Remote Usage
		Usr 0 00:00:00, Sys 0 00:00:00  -  Run Local Usage
		Usr 0 00:00:00, Sys 0 00:00:13  -  Total Remote Usage
		Usr 0 00:00:00, Sys 0 00:00:00  -  Total Local Usage
	9187  -  Run Bytes Sent By Job
	8930  -  Run Bytes Received By Job
	9187  -  Total Bytes Sent By Job
	8930  -  Total Bytes Received By Job
	Partitionable Resources :    Usage  Request Allocated
	   Cpus                 :                 1         1
	   Disk (KB)            :  5344266 10000000  10275657
	   Memory (MB)          :       71     2100      2100
...
000 (221143.000.000) 07/31 07:07:02 Job submitted from host: <131.225.189.232:9618?addrs=131.225.189.232-9618&noUDP&sock=8982_aaf4_3>
...
001 (221143.000.000) 07/31 07:07:22 Job executing on host: <131.225.207.46:11510?addrs=131.225.207.46-11510>
...
006 (221143.000.000) 07/31 07:07:32 Image size of job updated: 447524
	31  -  MemoryUsage of job (MB)
	30996  -  ResidentSetSize of job (KB)
...
006 (221143.000.000) 07/31 07:08:32 Image size of job updated: 447524
	69  -  MemoryUsage of job (MB)
	70344  -  ResidentSetSize of job (KB)
...
005 (221143.000.000) 07/31 07:10:27 Job terminated.
	(1) Normal termination (return value 90)
		Usr 0 00:00:01, Sys 0 00:00:19  -  Run Remote Usage
		Usr 0 00:00:00, Sys 0 00:00:00  -  Run Local Usage
		Usr 0 00:00:01, Sys 0 00:00:19  -  Total Remote Usage
		Usr 0 00:00:00, Sys 0 00:00:00  -  Total Local Usage
	17808  -  Run Bytes Sent By Job
	8930  -  Run Bytes Received By Job
	17808  -  Total Bytes Sent By Job
	8930  -  Total Bytes Received By Job
	Partitionable Resources :    Usage  Request Allocated
	   Cpus                 :                 1         1
	   Disk (KB)            :  4780142 10000000  10234569
	   Memory (MB)          :       69     2100      2100
...
000 (221698.000.000) 07/31 07:11:45 Job submitted from host: <131.225.189.232:9618?addrs=131.225.189.232-9618&noUDP&sock=8982_aaf4_3>
...
001 (221698.000.000) 07/31 07:12:02 Job executing on host: <131.225.204.65:16439?addrs=131.225.204.65-16439>
...
006 (221698.000.000) 07/31 07:12:10 Image size of job updated: 447524
	71  -  MemoryUsage of job (MB)
	72348  -  ResidentSetSize of job (KB)
...
006 (221698.000.000) 07/31 07:14:10 Image size of job updated: 600652
	319  -  MemoryUsage of job (MB)
	326100  -  ResidentSetSize of job (KB)
...
006 (221698.000.000) 07/31 07:14:51 Image size of job updated: 769972
	319  -  MemoryUsage of job (MB)
	326100  -  ResidentSetSize of job (KB)
...
005 (221698.000.000) 07/31 07:14:52 Job terminated.
	(1) Normal termination (return value 65)
		Usr 0 00:00:12, Sys 0 00:00:13  -  Run Remote Usage
		Usr 0 00:00:00, Sys 0 00:00:00  -  Run Local Usage
		Usr 0 00:00:12, Sys 0 00:00:13  -  Total Remote Usage
		Usr 0 00:00:00, Sys 0 00:00:00  -  Total Local Usage
	9948  -  Run Bytes Sent By Job
	8930  -  Run Bytes Received By Job
	9948  -  Total Bytes Sent By Job
	8930  -  Total Bytes Received By Job
	Partitionable Resources :    Usage  Request Allocated
	   Cpus                 :                 1         1
	   Disk (KB)            :  6012879 10000000  10486416
	   Memory (MB)          :      319     2100      2100
...
000 (222260.000.000) 07/31 08:32:33 Job submitted from host: <131.225.189.232:9618?addrs=131.225.189.232-9618&noUDP&sock=8982_aaf4_3>
...
001 (222260.000.000) 07/31 08:32:56 Job executing on host: <131.225.204.95:16175?addrs=131.225.204.95-16175>
...
006 (222260.000.000) 07/31 08:33:04 Image size of job updated: 447524
	71  -  MemoryUsage of job (MB)
	72348  -  ResidentSetSize of job (KB)
...
006 (222260.000.000) 07/31 08:37:05 Image size of job updated: 529912
	250  -  MemoryUsage of job (MB)
	255352  -  ResidentSetSize of job (KB)
...
005 (222260.000.000) 07/31 08:37:14 Job terminated.
	(1) Normal termination (return value 65)
		Usr 0 00:00:06, Sys 0 00:00:16  -  Run Remote Usage
		Usr 0 00:00:00, Sys 0 00:00:00  -  Run Local Usage
		Usr 0 00:00:06, Sys 0 00:00:16  -  Total Remote Usage
		Usr 0 00:00:00, Sys 0 00:00:00  -  Total Local Usage
	22166  -  Run Bytes Sent By Job
	8930  -  Run Bytes Received By Job
	22166  -  Total Bytes Sent By Job
	8930  -  Total Bytes Received By Job
	Partitionable Resources :    Usage  Request Allocated
	   Cpus                 :                 1         1
	   Disk (KB)            :  6015759 10000000  10185897
	   Memory (MB)          :      250     2100      2100
...
000 (222815.000.000) 07/31 08:49:44 Job submitted from host: <131.225.189.232:9618?addrs=131.225.189.232-9618&noUDP&sock=8982_aaf4_3>
...
001 (222815.000.000) 07/31 08:50:07 Job executing on host: <131.225.204.108:37618?addrs=131.225.204.108-37618>
...
006 (222815.000.000) 07/31 08:50:16 Image size of job updated: 447524
	71  -  MemoryUsage of job (MB)
	72348  -  ResidentSetSize of job (KB)
...
006 (222815.000.000) 07/31 08:54:20 Image size of job updated: 750512
	462  -  MemoryUsage of job (MB)
	472316  -  ResidentSetSize of job (KB)
...
005 (222815.000.000) 07/31 08:54:21 Job terminated.
	(1) Normal termination (return value 65)
		Usr 0 00:00:11, Sys 0 00:00:19  -  Run Remote Usage
		Usr 0 00:00:00, Sys 0 00:00:00  -  Run Local Usage
		Usr 0 00:00:11, Sys 0 00:00:19  -  Total Remote Usage
		Usr 0 00:00:00, Sys 0 00:00:00  -  Total Local Usage
	23031  -  Run Bytes Sent By Job
	44439  -  Run Bytes Received By Job
	23031  -  Total Bytes Sent By Job
	44439  -  Total Bytes Received By Job
	Partitionable Resources :    Usage  Request Allocated
	   Cpus                 :                 1         1
	   Disk (KB)            :  5142708 10000000  10271337
	   Memory (MB)          :      462     2100      2100
...
000 (223370.000.000) 07/31 09:06:14 Job submitted from host: <131.225.189.232:9618?addrs=131.225.189.232-9618&noUDP&sock=8982_aaf4_3>
...
