000 (220816.000.000) 07/31 06:49:16 Job submitted from host: <131.225.189.232:9618?addrs=131.225.189.232-9618&noUDP&sock=8982_aaf4_3>
...
001 (220816.000.000) 07/31 06:49:38 Job executing on host: <131.225.191.75:41644?addrs=131.225.191.75-41644>
...
006 (220816.000.000) 07/31 06:49:47 Image size of job updated: 447524
	71  -  MemoryUsage of job (MB)
	72348  -  ResidentSetSize of job (KB)
...
005 (220816.000.000) 07/31 06:51:06 Job terminated.
	(1) Normal termination (return value 90)
		Usr 0 00:00:00, Sys 0 00:00:21  -  Run Remote Usage
		Usr 0 00:00:00, Sys 0 00:00:00  -  Run Local Usage
		Usr 0 00:00:00, Sys 0 00:00:21  -  Total Remote Usage
		Usr 0 00:00:00, Sys 0 00:00:00  -  Total Local Usage
	9376  -  Run Bytes Sent By Job
	8930  -  Run Bytes Received By Job
	9376  -  Total Bytes Sent By Job
	8930  -  Total Bytes Received By Job
	Partitionable Resources :    Usage  Request Allocated
	   Cpus                 :                 1         1
	   Disk (KB)            :  5524490 10000000  15780334
	   Memory (MB)          :       71     2100      2100
...
000 (221378.000.000) 07/31 07:07:44 Job submitted from host: <131.225.189.232:9618?addrs=131.225.189.232-9618&noUDP&sock=8982_aaf4_3>
...
001 (221378.000.000) 07/31 07:08:19 Job executing on host: <131.225.207.111:17365?addrs=131.225.207.111-17365>
...
006 (221378.000.000) 07/31 07:08:28 Image size of job updated: 447524
	71  -  MemoryUsage of job (MB)
	72344  -  ResidentSetSize of job (KB)
...
005 (221378.000.000) 07/31 07:10:43 Job terminated.
	(1) Normal termination (return value 90)
		Usr 0 00:00:00, Sys 0 00:00:17  -  Run Remote Usage
		Usr 0 00:00:00, Sys 0 00:00:00  -  Run Local Usage
		Usr 0 00:00:00, Sys 0 00:00:17  -  Total Remote Usage
		Usr 0 00:00:00, Sys 0 00:00:00  -  Total Local Usage
	14173  -  Run Bytes Sent By Job
	8930  -  Run Bytes Received By Job
	14173  -  Total Bytes Sent By Job
	8930  -  Total Bytes Received By Job
	Partitionable Resources :    Usage  Request Allocated
	   Cpus                 :                 1         1
	   Disk (KB)            :  6022754 10000000  10683579
	   Memory (MB)          :       71     2100      2100
...
000 (221933.000.000) 07/31 07:12:25 Job submitted from host: <131.225.189.232:9618?addrs=131.225.189.232-9618&noUDP&sock=8982_aaf4_3>
...
001 (221933.000.000) 07/31 07:13:11 Job executing on host: <131.225.204.84:7575?addrs=131.225.204.84-7575>
...
006 (221933.000.000) 07/31 07:13:24 Image size of job updated: 447524
	48  -  MemoryUsage of job (MB)
	48480  -  ResidentSetSize of job (KB)
...
006 (221933.000.000) 07/31 07:14:21 Image size of job updated: 447524
	69  -  MemoryUsage of job (MB)
	70320  -  ResidentSetSize of job (KB)
...
006 (221933.000.000) 07/31 07:15:22 Image size of job updated: 447524
	94  -  MemoryUsage of job (MB)
	95528  -  ResidentSetSize of job (KB)
...
006 (221933.000.000) 07/31 07:15:55 Image size of job updated: 772788
	94  -  MemoryUsage of job (MB)
	95528  -  ResidentSetSize of job (KB)
...
005 (221933.000.000) 07/31 07:15:56 Job terminated.
	(1) Normal termination (return value 65)
		Usr 0 00:00:12, Sys 0 00:00:17  -  Run Remote Usage
		Usr 0 00:00:00, Sys 0 00:00:00  -  Run Local Usage
		Usr 0 00:00:12, Sys 0 00:00:17  -  Total Remote Usage
		Usr 0 00:00:00, Sys 0 00:00:00  -  Total Local Usage
	12161  -  Run Bytes Sent By Job
	8930  -  Run Bytes Received By Job
	12161  -  Total Bytes Sent By Job
	8930  -  Total Bytes Received By Job
	Partitionable Resources :    Usage  Request Allocated
	   Cpus                 :                 1         1
	   Disk (KB)            :  6644434 10000000  10342524
	   Memory (MB)          :       94     2100      2100
...
000 (222495.000.000) 07/31 08:32:50 Job submitted from host: <131.225.189.232:9618?addrs=131.225.189.232-9618&noUDP&sock=8982_aaf4_3>
...
001 (222495.000.000) 07/31 08:33:43 Job executing on host: <131.225.204.71:34466?addrs=131.225.204.71-34466>
...
006 (222495.000.000) 07/31 08:33:52 Image size of job updated: 447528
	13  -  MemoryUsage of job (MB)
	12956  -  ResidentSetSize of job (KB)
...
006 (222495.000.000) 07/31 08:34:53 Image size of job updated: 447528
	70  -  MemoryUsage of job (MB)
	71356  -  ResidentSetSize of job (KB)
...
005 (222495.000.000) 07/31 08:38:30 Job terminated.
	(1) Normal termination (return value 65)
		Usr 0 00:00:02, Sys 0 00:00:21  -  Run Remote Usage
		Usr 0 00:00:00, Sys 0 00:00:00  -  Run Local Usage
		Usr 0 00:00:02, Sys 0 00:00:21  -  Total Remote Usage
		Usr 0 00:00:00, Sys 0 00:00:00  -  Total Local Usage
	23015  -  Run Bytes Sent By Job
	8930  -  Run Bytes Received By Job
	23015  -  Total Bytes Sent By Job
	8930  -  Total Bytes Received By Job
	Partitionable Resources :    Usage  Request Allocated
	   Cpus                 :                 1         1
	   Disk (KB)            :  6647312 10000000  10417464
	   Memory (MB)          :       70     2100      2100
...
