000 (220560.000.000) 07/31 06:48:22 Job submitted from host: <131.225.189.232:9618?addrs=131.225.189.232-9618&noUDP&sock=8982_aaf4_3>
...
001 (220560.000.000) 07/31 06:48:46 Job executing on host: <131.225.207.90:23606?addrs=131.225.207.90-23606>
...
006 (220560.000.000) 07/31 06:48:54 Image size of job updated: 447528
	17  -  MemoryUsage of job (MB)
	17052  -  ResidentSetSize of job (KB)
...
006 (220560.000.000) 07/31 06:49:54 Image size of job updated: 447528
	69  -  MemoryUsage of job (MB)
	70404  -  ResidentSetSize of job (KB)
...
005 (220560.000.000) 07/31 06:53:50 Job terminated.
	(1) Normal termination (return value 90)
		Usr 0 00:00:02, Sys 0 00:00:22  -  Run Remote Usage
		Usr 0 00:00:00, Sys 0 00:00:00  -  Run Local Usage
		Usr 0 00:00:02, Sys 0 00:00:22  -  Total Remote Usage
		Usr 0 00:00:00, Sys 0 00:00:00  -  Total Local Usage
	25053  -  Run Bytes Sent By Job
	8930  -  Run Bytes Received By Job
	25053  -  Total Bytes Sent By Job
	8930  -  Total Bytes Received By Job
	Partitionable Resources :    Usage  Request Allocated
	   Cpus                 :                 1         1
	   Disk (KB)            :  5196823 10000000  10173135
	   Memory (MB)          :       69     2100      2100
...
000 (221122.000.000) 07/31 07:06:59 Job submitted from host: <131.225.189.232:9618?addrs=131.225.189.232-9618&noUDP&sock=8982_aaf4_3>
...
001 (221122.000.000) 07/31 07:07:18 Job executing on host: <131.225.206.170:61881?addrs=131.225.206.170-61881>
...
006 (221122.000.000) 07/31 07:07:27 Image size of job updated: 2
	3  -  MemoryUsage of job (MB)
	2428  -  ResidentSetSize of job (KB)
...
006 (221122.000.000) 07/31 07:08:28 Image size of job updated: 447524
	71  -  MemoryUsage of job (MB)
	72344  -  ResidentSetSize of job (KB)
...
000 (221677.000.000) 07/31 07:11:41 Job submitted from host: <131.225.189.232:9618?addrs=131.225.189.232-9618&noUDP&sock=8982_aaf4_3>
...
005 (221122.000.000) 07/31 07:13:07 Job terminated.
	(1) Normal termination (return value 90)
		Usr 0 00:00:02, Sys 0 00:00:28  -  Run Remote Usage
		Usr 0 00:00:00, Sys 0 00:00:00  -  Run Local Usage
		Usr 0 00:00:02, Sys 0 00:00:28  -  Total Remote Usage
		Usr 0 00:00:00, Sys 0 00:00:00  -  Total Local Usage
	29047  -  Run Bytes Sent By Job
	8930  -  Run Bytes Received By Job
	29047  -  Total Bytes Sent By Job
	8930  -  Total Bytes Received By Job
	Partitionable Resources :    Usage  Request Allocated
	   Cpus                 :                 1         1
	   Disk (KB)            :  6205564 10000000  11734316
	   Memory (MB)          :       71     2100      2100
...
001 (221677.000.000) 07/31 07:13:16 Job executing on host: <131.225.191.155:28550?addrs=131.225.191.155-28550>
...
006 (221677.000.000) 07/31 07:13:24 Image size of job updated: 81472
	21  -  MemoryUsage of job (MB)
	20588  -  ResidentSetSize of job (KB)
...
006 (221677.000.000) 07/31 07:14:24 Image size of job updated: 447524
	70  -  MemoryUsage of job (MB)
	71344  -  ResidentSetSize of job (KB)
...
006 (221677.000.000) 07/31 07:16:25 Image size of job updated: 447524
	128  -  MemoryUsage of job (MB)
	130220  -  ResidentSetSize of job (KB)
...
006 (221677.000.000) 07/31 07:17:26 Image size of job updated: 589076
	285  -  MemoryUsage of job (MB)
	291300  -  ResidentSetSize of job (KB)
...
006 (221677.000.000) 07/31 07:18:09 Image size of job updated: 772012
	285  -  MemoryUsage of job (MB)
	291300  -  ResidentSetSize of job (KB)
...
005 (221677.000.000) 07/31 07:18:10 Job terminated.
	(1) Normal termination (return value 65)
		Usr 0 00:00:12, Sys 0 00:00:20  -  Run Remote Usage
		Usr 0 00:00:00, Sys 0 00:00:00  -  Run Local Usage
		Usr 0 00:00:12, Sys 0 00:00:20  -  Total Remote Usage
		Usr 0 00:00:00, Sys 0 00:00:00  -  Total Local Usage
	15709  -  Run Bytes Sent By Job
	8930  -  Run Bytes Received By Job
	15709  -  Total Bytes Sent By Job
	8930  -  Total Bytes Received By Job
	Partitionable Resources :    Usage  Request Allocated
	   Cpus                 :                 1         1
	   Disk (KB)            :  6573688 10000000  12123668
	   Memory (MB)          :      285     2100      2100
...
000 (222239.000.000) 07/31 08:32:32 Job submitted from host: <131.225.189.232:9618?addrs=131.225.189.232-9618&noUDP&sock=8982_aaf4_3>
...
001 (222239.000.000) 07/31 08:32:51 Job executing on host: <131.225.206.51:32535?addrs=131.225.206.51-32535>
...
006 (222239.000.000) 07/31 08:33:00 Image size of job updated: 447524
	71  -  MemoryUsage of job (MB)
	72352  -  ResidentSetSize of job (KB)
...
006 (222239.000.000) 07/31 08:35:02 Image size of job updated: 447524
	156  -  MemoryUsage of job (MB)
	159580  -  ResidentSetSize of job (KB)
...
006 (222239.000.000) 07/31 08:35:14 Image size of job updated: 716464
	156  -  MemoryUsage of job (MB)
	159580  -  ResidentSetSize of job (KB)
...
005 (222239.000.000) 07/31 08:35:15 Job terminated.
	(1) Normal termination (return value 65)
		Usr 0 00:00:10, Sys 0 00:00:17  -  Run Remote Usage
		Usr 0 00:00:00, Sys 0 00:00:00  -  Run Local Usage
		Usr 0 00:00:10, Sys 0 00:00:17  -  Total Remote Usage
		Usr 0 00:00:00, Sys 0 00:00:00  -  Total Local Usage
	11887  -  Run Bytes Sent By Job
	8930  -  Run Bytes Received By Job
	11887  -  Total Bytes Sent By Job
	8930  -  Total Bytes Received By Job
	Partitionable Resources :    Usage  Request Allocated
	   Cpus                 :                 1         1
	   Disk (KB)            :  6576552 10000000  10447878
	   Memory (MB)          :      156     2100      2100
...
000 (222794.000.000) 07/31 08:49:42 Job submitted from host: <131.225.189.232:9618?addrs=131.225.189.232-9618&noUDP&sock=8982_aaf4_3>
...
001 (222794.000.000) 07/31 08:50:03 Job executing on host: <131.225.206.207:65385?addrs=131.225.206.207-65385>
...
006 (222794.000.000) 07/31 08:50:12 Image size of job updated: 447524
	71  -  MemoryUsage of job (MB)
	72436  -  ResidentSetSize of job (KB)
...
006 (222794.000.000) 07/31 08:56:18 Image size of job updated: 772020
	71  -  MemoryUsage of job (MB)
	72436  -  ResidentSetSize of job (KB)
...
005 (222794.000.000) 07/31 08:56:18 Job terminated.
	(1) Normal termination (return value 65)
		Usr 0 00:00:15, Sys 0 00:00:22  -  Run Remote Usage
		Usr 0 00:00:00, Sys 0 00:00:00  -  Run Local Usage
		Usr 0 00:00:15, Sys 0 00:00:22  -  Total Remote Usage
		Usr 0 00:00:00, Sys 0 00:00:00  -  Total Local Usage
	30502  -  Run Bytes Sent By Job
	44439  -  Run Bytes Received By Job
	30502  -  Total Bytes Sent By Job
	44439  -  Total Bytes Received By Job
	Partitionable Resources :    Usage  Request Allocated
	   Cpus                 :                 1         1
	   Disk (KB)            :  6576409 10000000  11707644
	   Memory (MB)          :       71     2100      2100
...
000 (223349.000.000) 07/31 09:06:13 Job submitted from host: <131.225.189.232:9618?addrs=131.225.189.232-9618&noUDP&sock=8982_aaf4_3>
...
