000 (220938.000.000) 07/31 06:49:42 Job submitted from host: <131.225.189.232:9618?addrs=131.225.189.232-9618&noUDP&sock=8982_aaf4_3>
...
001 (220938.000.000) 07/31 06:50:37 Job executing on host: <131.225.206.111:11920?addrs=131.225.206.111-11920>
...
006 (220938.000.000) 07/31 06:50:46 Image size of job updated: 447524
	23  -  MemoryUsage of job (MB)
	23480  -  ResidentSetSize of job (KB)
...
006 (220938.000.000) 07/31 06:51:47 Image size of job updated: 447524
	69  -  MemoryUsage of job (MB)
	70400  -  ResidentSetSize of job (KB)
...
005 (220938.000.000) 07/31 06:55:47 Job terminated.
	(1) Normal termination (return value 90)
		Usr 0 00:00:01, Sys 0 00:00:23  -  Run Remote Usage
		Usr 0 00:00:00, Sys 0 00:00:00  -  Run Local Usage
		Usr 0 00:00:01, Sys 0 00:00:23  -  Total Remote Usage
		Usr 0 00:00:00, Sys 0 00:00:00  -  Total Local Usage
	26151  -  Run Bytes Sent By Job
	8930  -  Run Bytes Received By Job
	26151  -  Total Bytes Sent By Job
	8930  -  Total Bytes Received By Job
	Partitionable Resources :    Usage  Request Allocated
	   Cpus                 :                 1         1
	   Disk (KB)            :  4181015 10000000  10301400
	   Memory (MB)          :       69     2100      2100
...
000 (221500.000.000) 07/31 07:08:05 Job submitted from host: <131.225.189.232:9618?addrs=131.225.189.232-9618&noUDP&sock=8982_aaf4_3>
...
001 (221500.000.000) 07/31 07:08:37 Job executing on host: <131.225.206.194:9227?addrs=131.225.206.194-9227>
...
006 (221500.000.000) 07/31 07:08:52 Image size of job updated: 82872
	9  -  MemoryUsage of job (MB)
	8956  -  ResidentSetSize of job (KB)
...
006 (221500.000.000) 07/31 07:09:47 Image size of job updated: 447524
	71  -  MemoryUsage of job (MB)
	72344  -  ResidentSetSize of job (KB)
...
005 (221500.000.000) 07/31 07:10:50 Job terminated.
	(1) Normal termination (return value 90)
		Usr 0 00:00:00, Sys 0 00:00:15  -  Run Remote Usage
		Usr 0 00:00:00, Sys 0 00:00:00  -  Run Local Usage
		Usr 0 00:00:00, Sys 0 00:00:15  -  Total Remote Usage
		Usr 0 00:00:00, Sys 0 00:00:00  -  Total Local Usage
	9734  -  Run Bytes Sent By Job
	8930  -  Run Bytes Received By Job
	9734  -  Total Bytes Sent By Job
	8930  -  Total Bytes Received By Job
	Partitionable Resources :    Usage  Request Allocated
	   Cpus                 :                 1         1
	   Disk (KB)            :  6565995 10000000  11912600
	   Memory (MB)          :       71     2100      2100
...
000 (222055.000.000) 07/31 07:12:45 Job submitted from host: <131.225.189.232:9618?addrs=131.225.189.232-9618&noUDP&sock=8982_aaf4_3>
...
001 (222055.000.000) 07/31 07:14:16 Job executing on host: <131.225.205.161:18626?addrs=131.225.205.161-18626>
...
006 (222055.000.000) 07/31 07:14:24 Image size of job updated: 447524
	42  -  MemoryUsage of job (MB)
	43004  -  ResidentSetSize of job (KB)
...
006 (222055.000.000) 07/31 07:15:24 Image size of job updated: 447524
	70  -  MemoryUsage of job (MB)
	71352  -  ResidentSetSize of job (KB)
...
006 (222055.000.000) 07/31 07:18:25 Image size of job updated: 447524
	157  -  MemoryUsage of job (MB)
	160208  -  ResidentSetSize of job (KB)
...
006 (222055.000.000) 07/31 07:18:53 Image size of job updated: 672424
	157  -  MemoryUsage of job (MB)
	160208  -  ResidentSetSize of job (KB)
...
005 (222055.000.000) 07/31 07:18:54 Job terminated.
	(1) Normal termination (return value 65)
		Usr 0 00:00:12, Sys 0 00:00:24  -  Run Remote Usage
		Usr 0 00:00:00, Sys 0 00:00:00  -  Run Local Usage
		Usr 0 00:00:12, Sys 0 00:00:24  -  Total Remote Usage
		Usr 0 00:00:00, Sys 0 00:00:00  -  Total Local Usage
	23227  -  Run Bytes Sent By Job
	8930  -  Run Bytes Received By Job
	23227  -  Total Bytes Sent By Job
	8930  -  Total Bytes Received By Job
	Partitionable Resources :    Usage  Request Allocated
	   Cpus                 :                 1         1
	   Disk (KB)            :  6667734 10000000  17125455
	   Memory (MB)          :      157     2100      2100
...
000 (222617.000.000) 07/31 08:32:58 Job submitted from host: <131.225.189.232:9618?addrs=131.225.189.232-9618&noUDP&sock=8982_aaf4_3>
...
001 (222617.000.000) 07/31 08:34:19 Job executing on host: <131.225.190.34:2420?addrs=131.225.190.34-2420>
...
006 (222617.000.000) 07/31 08:34:27 Image size of job updated: 2
	3  -  MemoryUsage of job (MB)
	2424  -  ResidentSetSize of job (KB)
...
006 (222617.000.000) 07/31 08:35:27 Image size of job updated: 447524
	70  -  MemoryUsage of job (MB)
	71356  -  ResidentSetSize of job (KB)
...
006 (222617.000.000) 07/31 08:37:29 Image size of job updated: 447524
	203  -  MemoryUsage of job (MB)
	207592  -  ResidentSetSize of job (KB)
...
006 (222617.000.000) 07/31 08:37:43 Image size of job updated: 772784
	203  -  MemoryUsage of job (MB)
	207592  -  ResidentSetSize of job (KB)
...
005 (222617.000.000) 07/31 08:37:44 Job terminated.
	(1) Normal termination (return value 65)
		Usr 0 00:00:15, Sys 0 00:00:28  -  Run Remote Usage
		Usr 0 00:00:00, Sys 0 00:00:00  -  Run Local Usage
		Usr 0 00:00:15, Sys 0 00:00:28  -  Total Remote Usage
		Usr 0 00:00:00, Sys 0 00:00:00  -  Total Local Usage
	17157  -  Run Bytes Sent By Job
	8930  -  Run Bytes Received By Job
	17157  -  Total Bytes Sent By Job
	8930  -  Total Bytes Received By Job
	Partitionable Resources :    Usage  Request Allocated
	   Cpus                 :                 1         1
	   Disk (KB)            :  6670596 10000000  15768702
	   Memory (MB)          :      203     2100      2100
...
