000 (220741.000.000) 07/31 06:49:00 Job submitted from host: <131.225.189.232:9618?addrs=131.225.189.232-9618&noUDP&sock=8982_aaf4_3>
...
001 (220741.000.000) 07/31 06:49:21 Job executing on host: <131.225.191.132:2310?addrs=131.225.191.132-2310>
...
006 (220741.000.000) 07/31 06:49:30 Image size of job updated: 447524
	71  -  MemoryUsage of job (MB)
	72344  -  ResidentSetSize of job (KB)
...
005 (220741.000.000) 07/31 06:55:12 Job terminated.
	(1) Normal termination (return value 90)
		Usr 0 00:00:02, Sys 0 00:00:14  -  Run Remote Usage
		Usr 0 00:00:00, Sys 0 00:00:00  -  Run Local Usage
		Usr 0 00:00:02, Sys 0 00:00:14  -  Total Remote Usage
		Usr 0 00:00:00, Sys 0 00:00:00  -  Total Local Usage
	31307  -  Run Bytes Sent By Job
	8930  -  Run Bytes Received By Job
	31307  -  Total Bytes Sent By Job
	8930  -  Total Bytes Received By Job
	Partitionable Resources :    Usage  Request Allocated
	   Cpus                 :                 1         1
	   Disk (KB)            :  5590045 10000000  11836332
	   Memory (MB)          :       71     2100      2100
...
000 (221303.000.000) 07/31 07:07:30 Job submitted from host: <131.225.189.232:9618?addrs=131.225.189.232-9618&noUDP&sock=8982_aaf4_3>
...
001 (221303.000.000) 07/31 07:08:04 Job executing on host: <131.225.204.102:9137?addrs=131.225.204.102-9137>
...
006 (221303.000.000) 07/31 07:08:13 Image size of job updated: 2
	3  -  MemoryUsage of job (MB)
	2420  -  ResidentSetSize of job (KB)
...
006 (221303.000.000) 07/31 07:09:14 Image size of job updated: 447524
	71  -  MemoryUsage of job (MB)
	72348  -  ResidentSetSize of job (KB)
...
000 (221858.000.000) 07/31 07:12:13 Job submitted from host: <131.225.189.232:9618?addrs=131.225.189.232-9618&noUDP&sock=8982_aaf4_3>
...
001 (221858.000.000) 07/31 07:12:37 Job executing on host: <131.225.205.186:5315?addrs=131.225.205.186-5315>
...
006 (221858.000.000) 07/31 07:12:46 Image size of job updated: 447524
	71  -  MemoryUsage of job (MB)
	72344  -  ResidentSetSize of job (KB)
...
005 (221303.000.000) 07/31 07:13:21 Job terminated.
	(1) Normal termination (return value 90)
		Usr 0 00:00:01, Sys 0 00:00:23  -  Run Remote Usage
		Usr 0 00:00:00, Sys 0 00:00:00  -  Run Local Usage
		Usr 0 00:00:01, Sys 0 00:00:23  -  Total Remote Usage
		Usr 0 00:00:00, Sys 0 00:00:00  -  Total Local Usage
	26914  -  Run Bytes Sent By Job
	8930  -  Run Bytes Received By Job
	26914  -  Total Bytes Sent By Job
	8930  -  Total Bytes Received By Job
	Partitionable Resources :    Usage  Request Allocated
	   Cpus                 :                 1         1
	   Disk (KB)            :  6271099 10000000  10599900
	   Memory (MB)          :       71     2100      2100
...
006 (221858.000.000) 07/31 07:14:53 Image size of job updated: 447524
	150  -  MemoryUsage of job (MB)
	153504  -  ResidentSetSize of job (KB)
...
006 (221858.000.000) 07/31 07:15:47 Image size of job updated: 778160
	150  -  MemoryUsage of job (MB)
	153504  -  ResidentSetSize of job (KB)
...
005 (221858.000.000) 07/31 07:15:59 Job terminated.
	(1) Normal termination (return value 65)
		Usr 0 00:00:18, Sys 0 00:00:23  -  Run Remote Usage
		Usr 0 00:00:00, Sys 0 00:00:00  -  Run Local Usage
		Usr 0 00:00:18, Sys 0 00:00:23  -  Total Remote Usage
		Usr 0 00:00:00, Sys 0 00:00:00  -  Total Local Usage
	11958  -  Run Bytes Sent By Job
	8930  -  Run Bytes Received By Job
	11958  -  Total Bytes Sent By Job
	8930  -  Total Bytes Received By Job
	Partitionable Resources :    Usage  Request Allocated
	   Cpus                 :                 1         1
	   Disk (KB)            :  6305496 10000000  16860679
	   Memory (MB)          :      150     2100      2100
...
000 (222420.000.000) 07/31 08:32:45 Job submitted from host: <131.225.189.232:9618?addrs=131.225.189.232-9618&noUDP&sock=8982_aaf4_3>
...
001 (222420.000.000) 07/31 08:33:27 Job executing on host: <131.225.204.78:15307?addrs=131.225.204.78-15307>
...
006 (222420.000.000) 07/31 08:33:36 Image size of job updated: 447524
	70  -  MemoryUsage of job (MB)
	71356  -  ResidentSetSize of job (KB)
...
006 (222420.000.000) 07/31 08:37:39 Image size of job updated: 447524
	142  -  MemoryUsage of job (MB)
	145072  -  ResidentSetSize of job (KB)
...
006 (222420.000.000) 07/31 08:37:53 Image size of job updated: 769204
	142  -  MemoryUsage of job (MB)
	145072  -  ResidentSetSize of job (KB)
...
005 (222420.000.000) 07/31 08:37:54 Job terminated.
	(1) Normal termination (return value 65)
		Usr 0 00:00:11, Sys 0 00:00:20  -  Run Remote Usage
		Usr 0 00:00:00, Sys 0 00:00:00  -  Run Local Usage
		Usr 0 00:00:11, Sys 0 00:00:20  -  Total Remote Usage
		Usr 0 00:00:00, Sys 0 00:00:00  -  Total Local Usage
	23516  -  Run Bytes Sent By Job
	8930  -  Run Bytes Received By Job
	23516  -  Total Bytes Sent By Job
	8930  -  Total Bytes Received By Job
	Partitionable Resources :    Usage  Request Allocated
	   Cpus                 :                 1         1
	   Disk (KB)            :  6308374 10000000  10246398
	   Memory (MB)          :      142     2100      2100
...
