000 (220899.000.000) 07/31 06:49:34 Job submitted from host: <131.225.189.232:9618?addrs=131.225.189.232-9618&noUDP&sock=8982_aaf4_3>
...
001 (220899.000.000) 07/31 06:49:57 Job executing on host: <131.225.204.32:15857?addrs=131.225.204.32-15857>
...
006 (220899.000.000) 07/31 06:50:06 Image size of job updated: 2
	3  -  MemoryUsage of job (MB)
	2424  -  ResidentSetSize of job (KB)
...
006 (220899.000.000) 07/31 06:51:07 Image size of job updated: 447524
	70  -  MemoryUsage of job (MB)
	71352  -  ResidentSetSize of job (KB)
...
005 (220899.000.000) 07/31 06:51:29 Job terminated.
	(1) Normal termination (return value 90)
		Usr 0 00:00:00, Sys 0 00:00:16  -  Run Remote Usage
		Usr 0 00:00:00, Sys 0 00:00:00  -  Run Local Usage
		Usr 0 00:00:00, Sys 0 00:00:16  -  Total Remote Usage
		Usr 0 00:00:00, Sys 0 00:00:00  -  Total Local Usage
	9282  -  Run Bytes Sent By Job
	8930  -  Run Bytes Received By Job
	9282  -  Total Bytes Sent By Job
	8930  -  Total Bytes Received By Job
	Partitionable Resources :    Usage  Request Allocated
	   Cpus                 :                 1         1
	   Disk (KB)            :  5835786 10000000  10216656
	   Memory (MB)          :       70     2100      2100
...
000 (221461.000.000) 07/31 07:07:59 Job submitted from host: <131.225.189.232:9618?addrs=131.225.189.232-9618&noUDP&sock=8982_aaf4_3>
...
001 (221461.000.000) 07/31 07:08:41 Job executing on host: <131.225.190.36:65020?addrs=131.225.190.36-65020>
...
006 (221461.000.000) 07/31 07:08:51 Image size of job updated: 2
	3  -  MemoryUsage of job (MB)
	2432  -  ResidentSetSize of job (KB)
...
006 (221461.000.000) 07/31 07:09:51 Image size of job updated: 447524
	70  -  MemoryUsage of job (MB)
	71136  -  ResidentSetSize of job (KB)
...
005 (221461.000.000) 07/31 07:10:46 Job terminated.
	(1) Normal termination (return value 90)
		Usr 0 00:00:01, Sys 0 00:00:25  -  Run Remote Usage
		Usr 0 00:00:00, Sys 0 00:00:00  -  Run Local Usage
		Usr 0 00:00:01, Sys 0 00:00:25  -  Total Remote Usage
		Usr 0 00:00:00, Sys 0 00:00:00  -  Total Local Usage
	12716  -  Run Bytes Sent By Job
	8930  -  Run Bytes Received By Job
	12716  -  Total Bytes Sent By Job
	8930  -  Total Bytes Received By Job
	Partitionable Resources :    Usage  Request Allocated
	   Cpus                 :                 1         1
	   Disk (KB)            :  3764330 10000000  14880764
	   Memory (MB)          :       70     2100      2100
...
000 (222016.000.000) 07/31 07:12:39 Job submitted from host: <131.225.189.232:9618?addrs=131.225.189.232-9618&noUDP&sock=8982_aaf4_3>
...
001 (222016.000.000) 07/31 07:13:59 Job executing on host: <131.225.207.116:5782?addrs=131.225.207.116-5782>
...
006 (222016.000.000) 07/31 07:14:11 Image size of job updated: 183296
	6  -  MemoryUsage of job (MB)
	5960  -  ResidentSetSize of job (KB)
...
006 (222016.000.000) 07/31 07:15:09 Image size of job updated: 447524
	69  -  MemoryUsage of job (MB)
	70440  -  ResidentSetSize of job (KB)
...
006 (222016.000.000) 07/31 07:18:26 Image size of job updated: 621988
	69  -  MemoryUsage of job (MB)
	70440  -  ResidentSetSize of job (KB)
...
005 (222016.000.000) 07/31 07:18:27 Job terminated.
	(1) Normal termination (return value 65)
		Usr 0 00:00:07, Sys 0 00:00:20  -  Run Remote Usage
		Usr 0 00:00:00, Sys 0 00:00:00  -  Run Local Usage
		Usr 0 00:00:07, Sys 0 00:00:20  -  Total Remote Usage
		Usr 0 00:00:00, Sys 0 00:00:00  -  Total Local Usage
	21379  -  Run Bytes Sent By Job
	8930  -  Run Bytes Received By Job
	21379  -  Total Bytes Sent By Job
	8930  -  Total Bytes Received By Job
	Partitionable Resources :    Usage  Request Allocated
	   Cpus                 :                 1         1
	   Disk (KB)            :  6737731 10000000  10269678
	   Memory (MB)          :       69     2100      2100
...
000 (222578.000.000) 07/31 08:32:55 Job submitted from host: <131.225.189.232:9618?addrs=131.225.189.232-9618&noUDP&sock=8982_aaf4_3>
...
001 (222578.000.000) 07/31 08:34:14 Job executing on host: <131.225.191.159:9675?addrs=131.225.191.159-9675>
...
006 (222578.000.000) 07/31 08:34:24 Image size of job updated: 447524
	71  -  MemoryUsage of job (MB)
	71744  -  ResidentSetSize of job (KB)
...
006 (222578.000.000) 07/31 08:35:24 Image size of job updated: 447524
	71  -  MemoryUsage of job (MB)
	72340  -  ResidentSetSize of job (KB)
...
006 (222578.000.000) 07/31 08:36:24 Image size of job updated: 553360
	274  -  MemoryUsage of job (MB)
	280384  -  ResidentSetSize of job (KB)
...
006 (222578.000.000) 07/31 08:36:35 Image size of job updated: 772788
	274  -  MemoryUsage of job (MB)
	280384  -  ResidentSetSize of job (KB)
...
005 (222578.000.000) 07/31 08:36:35 Job terminated.
	(1) Normal termination (return value 65)
		Usr 0 00:00:13, Sys 0 00:00:20  -  Run Remote Usage
		Usr 0 00:00:00, Sys 0 00:00:00  -  Run Local Usage
		Usr 0 00:00:13, Sys 0 00:00:20  -  Total Remote Usage
		Usr 0 00:00:00, Sys 0 00:00:00  -  Total Local Usage
	11615  -  Run Bytes Sent By Job
	8930  -  Run Bytes Received By Job
	11615  -  Total Bytes Sent By Job
	8930  -  Total Bytes Received By Job
	Partitionable Resources :    Usage  Request Allocated
	   Cpus                 :                 1         1
	   Disk (KB)            :  6740589 10000000  11941120
	   Memory (MB)          :      274     2100      2100
...
