000 (220619.000.000) 07/31 06:48:35 Job submitted from host: <131.225.189.232:9618?addrs=131.225.189.232-9618&noUDP&sock=8982_aaf4_3>
...
001 (220619.000.000) 07/31 06:48:57 Job executing on host: <131.225.206.165:16738?addrs=131.225.206.165-16738>
...
006 (220619.000.000) 07/31 06:49:06 Image size of job updated: 447524
	71  -  MemoryUsage of job (MB)
	72348  -  ResidentSetSize of job (KB)
...
005 (220619.000.000) 07/31 06:52:53 Job terminated.
	(1) Normal termination (return value 90)
		Usr 0 00:00:02, Sys 0 00:00:15  -  Run Remote Usage
		Usr 0 00:00:00, Sys 0 00:00:00  -  Run Local Usage
		Usr 0 00:00:02, Sys 0 00:00:15  -  Total Remote Usage
		Usr 0 00:00:00, Sys 0 00:00:00  -  Total Local Usage
	16739  -  Run Bytes Sent By Job
	8930  -  Run Bytes Received By Job
	16739  -  Total Bytes Sent By Job
	8930  -  Total Bytes Received By Job
	Partitionable Resources :    Usage  Request Allocated
	   Cpus                 :                 1         1
	   Disk (KB)            :  5295119 10000000  11294352
	   Memory (MB)          :       71     2100      2100
...
000 (221181.000.000) 07/31 07:07:09 Job submitted from host: <131.225.189.232:9618?addrs=131.225.189.232-9618&noUDP&sock=8982_aaf4_3>
...
001 (221181.000.000) 07/31 07:07:40 Job executing on host: <131.225.207.155:51251?addrs=131.225.207.155-51251>
...
006 (221181.000.000) 07/31 07:07:49 Image size of job updated: 447524
	71  -  MemoryUsage of job (MB)
	72348  -  ResidentSetSize of job (KB)
...
005 (221181.000.000) 07/31 07:11:02 Job terminated.
	(1) Normal termination (return value 90)
		Usr 0 00:00:01, Sys 0 00:00:18  -  Run Remote Usage
		Usr 0 00:00:00, Sys 0 00:00:00  -  Run Local Usage
		Usr 0 00:00:01, Sys 0 00:00:18  -  Total Remote Usage
		Usr 0 00:00:00, Sys 0 00:00:00  -  Total Local Usage
	18512  -  Run Bytes Sent By Job
	8930  -  Run Bytes Received By Job
	18512  -  Total Bytes Sent By Job
	8930  -  Total Bytes Received By Job
	Partitionable Resources :    Usage  Request Allocated
	   Cpus                 :                 1         1
	   Disk (KB)            :  6254706 10000000  10445586
	   Memory (MB)          :       71     2100      2100
...
000 (221736.000.000) 07/31 07:11:51 Job submitted from host: <131.225.189.232:9618?addrs=131.225.189.232-9618&noUDP&sock=8982_aaf4_3>
...
001 (221736.000.000) 07/31 07:12:23 Job executing on host: <131.225.207.192:2298?addrs=131.225.207.192-2298>
...
006 (221736.000.000) 07/31 07:12:32 Image size of job updated: 447536
	25  -  MemoryUsage of job (MB)
	25240  -  ResidentSetSize of job (KB)
...
006 (221736.000.000) 07/31 07:13:33 Image size of job updated: 447536
	69  -  MemoryUsage of job (MB)
	70400  -  ResidentSetSize of job (KB)
...
006 (221736.000.000) 07/31 07:16:36 Image size of job updated: 769968
	474  -  MemoryUsage of job (MB)
	484936  -  ResidentSetSize of job (KB)
...
005 (221736.000.000) 07/31 07:16:41 Job terminated.
	(1) Normal termination (return value 65)
		Usr 0 00:00:12, Sys 0 00:00:21  -  Run Remote Usage
		Usr 0 00:00:00, Sys 0 00:00:00  -  Run Local Usage
		Usr 0 00:00:12, Sys 0 00:00:21  -  Total Remote Usage
		Usr 0 00:00:00, Sys 0 00:00:00  -  Total Local Usage
	21883  -  Run Bytes Sent By Job
	8930  -  Run Bytes Received By Job
	21883  -  Total Bytes Sent By Job
	8930  -  Total Bytes Received By Job
	Partitionable Resources :    Usage  Request Allocated
	   Cpus                 :                 1         1
	   Disk (KB)            :  6455279 10000000  10382328
	   Memory (MB)          :      474     2100      2100
...
000 (222298.000.000) 07/31 08:32:35 Job submitted from host: <131.225.189.232:9618?addrs=131.225.189.232-9618&noUDP&sock=8982_aaf4_3>
...
001 (222298.000.000) 07/31 08:33:03 Job executing on host: <131.225.206.154:8489?addrs=131.225.206.154-8489>
...
006 (222298.000.000) 07/31 08:33:12 Image size of job updated: 68424
	8  -  MemoryUsage of job (MB)
	7176  -  ResidentSetSize of job (KB)
...
006 (222298.000.000) 07/31 08:34:13 Image size of job updated: 447524
	71  -  MemoryUsage of job (MB)
	72348  -  ResidentSetSize of job (KB)
...
006 (222298.000.000) 07/31 08:35:15 Image size of job updated: 493964
	261  -  MemoryUsage of job (MB)
	266924  -  ResidentSetSize of job (KB)
...
006 (222298.000.000) 07/31 08:35:26 Image size of job updated: 769968
	261  -  MemoryUsage of job (MB)
	266924  -  ResidentSetSize of job (KB)
...
005 (222298.000.000) 07/31 08:35:27 Job terminated.
	(1) Normal termination (return value 65)
		Usr 0 00:00:12, Sys 0 00:00:15  -  Run Remote Usage
		Usr 0 00:00:00, Sys 0 00:00:00  -  Run Local Usage
		Usr 0 00:00:12, Sys 0 00:00:15  -  Total Remote Usage
		Usr 0 00:00:00, Sys 0 00:00:00  -  Total Local Usage
	12152  -  Run Bytes Sent By Job
	8930  -  Run Bytes Received By Job
	12152  -  Total Bytes Sent By Job
	8930  -  Total Bytes Received By Job
	Partitionable Resources :    Usage  Request Allocated
	   Cpus                 :                 1         1
	   Disk (KB)            :  6458136 10000000  10429431
	   Memory (MB)          :      261     2100      2100
...
000 (222853.000.000) 07/31 08:49:46 Job submitted from host: <131.225.189.232:9618?addrs=131.225.189.232-9618&noUDP&sock=8982_aaf4_3>
...
001 (222853.000.000) 07/31 08:50:15 Job executing on host: <131.225.206.229:10955?addrs=131.225.206.229-10955>
...
006 (222853.000.000) 07/31 08:50:24 Image size of job updated: 2
	3  -  MemoryUsage of job (MB)
	2424  -  ResidentSetSize of job (KB)
...
006 (222853.000.000) 07/31 08:51:25 Image size of job updated: 447524
	71  -  MemoryUsage of job (MB)
	72344  -  ResidentSetSize of job (KB)
...
006 (222853.000.000) 07/31 08:55:58 Image size of job updated: 486524
	71  -  MemoryUsage of job (MB)
	72344  -  ResidentSetSize of job (KB)
...
005 (222853.000.000) 07/31 08:55:59 Job terminated.
	(1) Normal termination (return value 65)
		Usr 0 00:00:05, Sys 0 00:00:19  -  Run Remote Usage
		Usr 0 00:00:00, Sys 0 00:00:00  -  Run Local Usage
		Usr 0 00:00:05, Sys 0 00:00:19  -  Total Remote Usage
		Usr 0 00:00:00, Sys 0 00:00:00  -  Total Local Usage
	30680  -  Run Bytes Sent By Job
	44439  -  Run Bytes Received By Job
	30680  -  Total Bytes Sent By Job
	44439  -  Total Bytes Received By Job
	Partitionable Resources :    Usage  Request Allocated
	   Cpus                 :                 1         1
	   Disk (KB)            :  6240445 10000000  11975764
	   Memory (MB)          :       71     2100      2100
...
000 (223408.000.000) 07/31 09:06:16 Job submitted from host: <131.225.189.232:9618?addrs=131.225.189.232-9618&noUDP&sock=8982_aaf4_3>
...
