000 (221006.000.000) 07/31 06:49:58 Job submitted from host: <131.225.189.232:9618?addrs=131.225.189.232-9618&noUDP&sock=8982_aaf4_3>
...
001 (221006.000.000) 07/31 06:51:04 Job executing on host: <131.225.206.234:37922?addrs=131.225.206.234-37922>
...
006 (221006.000.000) 07/31 06:51:12 Image size of job updated: 447528
	11  -  MemoryUsage of job (MB)
	10900  -  ResidentSetSize of job (KB)
...
006 (221006.000.000) 07/31 06:52:12 Image size of job updated: 447528
	71  -  MemoryUsage of job (MB)
	72340  -  ResidentSetSize of job (KB)
...
005 (221006.000.000) 07/31 06:54:43 Job terminated.
	(1) Normal termination (return value 90)
		Usr 0 00:00:01, Sys 0 00:00:23  -  Run Remote Usage
		Usr 0 00:00:00, Sys 0 00:00:00  -  Run Local Usage
		Usr 0 00:00:01, Sys 0 00:00:23  -  Total Remote Usage
		Usr 0 00:00:00, Sys 0 00:00:00  -  Total Local Usage
	18162  -  Run Bytes Sent By Job
	8930  -  Run Bytes Received By Job
	18162  -  Total Bytes Sent By Job
	8930  -  Total Bytes Received By Job
	Partitionable Resources :    Usage  Request Allocated
	   Cpus                 :                 1         1
	   Disk (KB)            :  3427343 10000000  11568676
	   Memory (MB)          :       71     2100      2100
...
000 (221568.000.000) 07/31 07:08:17 Job submitted from host: <131.225.189.232:9618?addrs=131.225.189.232-9618&noUDP&sock=8982_aaf4_3>
...
001 (221568.000.000) 07/31 07:09:25 Job executing on host: <131.225.205.179:41504?addrs=131.225.205.179-41504>
...
006 (221568.000.000) 07/31 07:09:33 Image size of job updated: 40612
	4  -  MemoryUsage of job (MB)
	3656  -  ResidentSetSize of job (KB)
...
006 (221568.000.000) 07/31 07:10:33 Image size of job updated: 447524
	69  -  MemoryUsage of job (MB)
	70444  -  ResidentSetSize of job (KB)
...
000 (222123.000.000) 07/31 07:12:57 Job submitted from host: <131.225.189.232:9618?addrs=131.225.189.232-9618&noUDP&sock=8982_aaf4_3>
...
005 (221568.000.000) 07/31 07:13:30 Job terminated.
	(1) Normal termination (return value 90)
		Usr 0 00:00:01, Sys 0 00:00:25  -  Run Remote Usage
		Usr 0 00:00:00, Sys 0 00:00:00  -  Run Local Usage
		Usr 0 00:00:01, Sys 0 00:00:25  -  Total Remote Usage
		Usr 0 00:00:00, Sys 0 00:00:00  -  Total Local Usage
	19964  -  Run Bytes Sent By Job
	8930  -  Run Bytes Received By Job
	19964  -  Total Bytes Sent By Job
	8930  -  Total Bytes Received By Job
	Partitionable Resources :    Usage  Request Allocated
	   Cpus                 :                 1         1
	   Disk (KB)            :  6205556 10000000  17138964
	   Memory (MB)          :       69     2100      2100
...
001 (222123.000.000) 07/31 07:14:45 Job executing on host: <131.225.205.158:33719?addrs=131.225.205.158-33719>
...
006 (222123.000.000) 07/31 07:14:53 Image size of job updated: 75860
	15  -  MemoryUsage of job (MB)
	14552  -  ResidentSetSize of job (KB)
...
006 (222123.000.000) 07/31 07:15:53 Image size of job updated: 447524
	69  -  MemoryUsage of job (MB)
	70428  -  ResidentSetSize of job (KB)
...
006 (222123.000.000) 07/31 07:18:55 Image size of job updated: 493960
	196  -  MemoryUsage of job (MB)
	199988  -  ResidentSetSize of job (KB)
...
006 (222123.000.000) 07/31 07:19:13 Image size of job updated: 702896
	196  -  MemoryUsage of job (MB)
	199988  -  ResidentSetSize of job (KB)
...
005 (222123.000.000) 07/31 07:19:15 Job terminated.
	(1) Normal termination (return value 65)
		Usr 0 00:00:14, Sys 0 00:00:26  -  Run Remote Usage
		Usr 0 00:00:00, Sys 0 00:00:00  -  Run Local Usage
		Usr 0 00:00:14, Sys 0 00:00:26  -  Total Remote Usage
		Usr 0 00:00:00, Sys 0 00:00:00  -  Total Local Usage
	22784  -  Run Bytes Sent By Job
	8930  -  Run Bytes Received By Job
	22784  -  Total Bytes Sent By Job
	8930  -  Total Bytes Received By Job
	Partitionable Resources :    Usage  Request Allocated
	   Cpus                 :                 1         1
	   Disk (KB)            :  6614994 10000000  17100843
	   Memory (MB)          :      196     2100      2100
...
000 (222685.000.000) 07/31 08:33:04 Job submitted from host: <131.225.189.232:9618?addrs=131.225.189.232-9618&noUDP&sock=8982_aaf4_3>
...
001 (222685.000.000) 07/31 08:35:15 Job executing on host: <131.225.207.140:22743?addrs=131.225.207.140-22743>
...
006 (222685.000.000) 07/31 08:35:23 Image size of job updated: 2
	3  -  MemoryUsage of job (MB)
	2424  -  ResidentSetSize of job (KB)
...
006 (222685.000.000) 07/31 08:36:23 Image size of job updated: 447524
	71  -  MemoryUsage of job (MB)
	72348  -  ResidentSetSize of job (KB)
...
006 (222685.000.000) 07/31 08:38:25 Image size of job updated: 447524
	165  -  MemoryUsage of job (MB)
	168056  -  ResidentSetSize of job (KB)
...
006 (222685.000.000) 07/31 08:38:33 Image size of job updated: 772780
	165  -  MemoryUsage of job (MB)
	168056  -  ResidentSetSize of job (KB)
...
005 (222685.000.000) 07/31 08:38:34 Job terminated.
	(1) Normal termination (return value 65)
		Usr 0 00:00:12, Sys 0 00:00:16  -  Run Remote Usage
		Usr 0 00:00:00, Sys 0 00:00:00  -  Run Local Usage
		Usr 0 00:00:12, Sys 0 00:00:16  -  Total Remote Usage
		Usr 0 00:00:00, Sys 0 00:00:00  -  Total Local Usage
	15824  -  Run Bytes Sent By Job
	8930  -  Run Bytes Received By Job
	15824  -  Total Bytes Sent By Job
	8930  -  Total Bytes Received By Job
	Partitionable Resources :    Usage  Request Allocated
	   Cpus                 :                 1         1
	   Disk (KB)            :  6617854 10000000  10498446
	   Memory (MB)          :      165     2100      2100
...
