000 (220771.000.000) 07/31 06:49:07 Job submitted from host: <131.225.189.232:9618?addrs=131.225.189.232-9618&noUDP&sock=8982_aaf4_3>
...
001 (220771.000.000) 07/31 06:49:40 Job executing on host: <131.225.207.152:47169?addrs=131.225.207.152-47169>
...
006 (220771.000.000) 07/31 06:49:48 Image size of job updated: 2
	3  -  MemoryUsage of job (MB)
	2420  -  ResidentSetSize of job (KB)
...
006 (220771.000.000) 07/31 06:50:47 Image size of job updated: 447524
	3  -  MemoryUsage of job (MB)
	2420  -  ResidentSetSize of job (KB)
...
005 (220771.000.000) 07/31 06:50:48 Job terminated.
	(1) Normal termination (return value 90)
		Usr 0 00:00:00, Sys 0 00:00:15  -  Run Remote Usage
		Usr 0 00:00:00, Sys 0 00:00:00  -  Run Local Usage
		Usr 0 00:00:00, Sys 0 00:00:15  -  Total Remote Usage
		Usr 0 00:00:00, Sys 0 00:00:00  -  Total Local Usage
	8223  -  Run Bytes Sent By Job
	8930  -  Run Bytes Received By Job
	8223  -  Total Bytes Sent By Job
	8930  -  Total Bytes Received By Job
	Partitionable Resources :    Usage  Request Allocated
	   Cpus                 :                 1         1
	   Disk (KB)            :   707589 10000000  10113369
	   Memory (MB)          :        3     2100      2100
...
000 (221333.000.000) 07/31 07:07:36 Job submitted from host: <131.225.189.232:9618?addrs=131.225.189.232-9618&noUDP&sock=8982_aaf4_3>
...
001 (221333.000.000) 07/31 07:08:10 Job executing on host: <131.225.204.76:59502?addrs=131.225.204.76-59502>
...
006 (221333.000.000) 07/31 07:08:19 Image size of job updated: 2
	3  -  MemoryUsage of job (MB)
	2428  -  ResidentSetSize of job (KB)
...
006 (221333.000.000) 07/31 07:09:20 Image size of job updated: 447524
	69  -  MemoryUsage of job (MB)
	70292  -  ResidentSetSize of job (KB)
...
000 (221888.000.000) 07/31 07:12:17 Job submitted from host: <131.225.189.232:9618?addrs=131.225.189.232-9618&noUDP&sock=8982_aaf4_3>
...
006 (221333.000.000) 07/31 07:12:22 Image size of job updated: 447524
	69  -  MemoryUsage of job (MB)
	70296  -  ResidentSetSize of job (KB)
...
001 (221888.000.000) 07/31 07:12:29 Job executing on host: <131.225.191.193:46583?addrs=131.225.191.193-46583>
...
006 (221888.000.000) 07/31 07:12:38 Image size of job updated: 2
	3  -  MemoryUsage of job (MB)
	2420  -  ResidentSetSize of job (KB)
...
005 (221333.000.000) 07/31 07:13:03 Job terminated.
	(1) Normal termination (return value 90)
		Usr 0 00:00:02, Sys 0 00:00:23  -  Run Remote Usage
		Usr 0 00:00:00, Sys 0 00:00:00  -  Run Local Usage
		Usr 0 00:00:02, Sys 0 00:00:23  -  Total Remote Usage
		Usr 0 00:00:00, Sys 0 00:00:00  -  Total Local Usage
	27586  -  Run Bytes Sent By Job
	8930  -  Run Bytes Received By Job
	27586  -  Total Bytes Sent By Job
	8930  -  Total Bytes Received By Job
	Partitionable Resources :    Usage  Request Allocated
	   Cpus                 :                 1         1
	   Disk (KB)            :  5894265 10000000  10249830
	   Memory (MB)          :       69     2100      2100
...
006 (221888.000.000) 07/31 07:13:39 Image size of job updated: 447524
	70  -  MemoryUsage of job (MB)
	71352  -  ResidentSetSize of job (KB)
...
006 (221888.000.000) 07/31 07:18:19 Image size of job updated: 614216
	70  -  MemoryUsage of job (MB)
	71352  -  ResidentSetSize of job (KB)
...
005 (221888.000.000) 07/31 07:18:19 Job terminated.
	(1) Normal termination (return value 65)
		Usr 0 00:00:08, Sys 0 00:00:19  -  Run Remote Usage
		Usr 0 00:00:00, Sys 0 00:00:00  -  Run Local Usage
		Usr 0 00:00:08, Sys 0 00:00:19  -  Total Remote Usage
		Usr 0 00:00:00, Sys 0 00:00:00  -  Total Local Usage
	29729  -  Run Bytes Sent By Job
	8930  -  Run Bytes Received By Job
	29729  -  Total Bytes Sent By Job
	8930  -  Total Bytes Received By Job
	Partitionable Resources :    Usage  Request Allocated
	   Cpus                 :                 1         1
	   Disk (KB)            :  6417963 10000000  12228860
	   Memory (MB)          :       70     2100      2100
...
