000 (220985.000.000) 07/31 06:49:52 Job submitted from host: <131.225.189.232:9618?addrs=131.225.189.232-9618&noUDP&sock=8982_aaf4_3>
...
001 (220985.000.000) 07/31 06:50:56 Job executing on host: <131.225.205.158:33719?addrs=131.225.205.158-33719>
...
006 (220985.000.000) 07/31 06:51:05 Image size of job updated: 69716
	8  -  MemoryUsage of job (MB)
	7344  -  ResidentSetSize of job (KB)
...
006 (220985.000.000) 07/31 06:52:06 Image size of job updated: 447524
	69  -  MemoryUsage of job (MB)
	70324  -  ResidentSetSize of job (KB)
...
006 (220985.000.000) 07/31 06:53:08 Image size of job updated: 447524
	69  -  MemoryUsage of job (MB)
	70436  -  ResidentSetSize of job (KB)
...
005 (220985.000.000) 07/31 06:54:55 Job terminated.
	(1) Normal termination (return value 90)
		Usr 0 00:00:01, Sys 0 00:00:21  -  Run Remote Usage
		Usr 0 00:00:00, Sys 0 00:00:00  -  Run Local Usage
		Usr 0 00:00:01, Sys 0 00:00:21  -  Total Remote Usage
		Usr 0 00:00:00, Sys 0 00:00:00  -  Total Local Usage
	22810  -  Run Bytes Sent By Job
	8930  -  Run Bytes Received By Job
	22810  -  Total Bytes Sent By Job
	8930  -  Total Bytes Received By Job
	Partitionable Resources :    Usage  Request Allocated
	   Cpus                 :                 1         1
	   Disk (KB)            :  5016597 10000000  17082286
	   Memory (MB)          :       69     2100      2100
...
000 (221547.000.000) 07/31 07:08:14 Job submitted from host: <131.225.189.232:9618?addrs=131.225.189.232-9618&noUDP&sock=8982_aaf4_3>
...
001 (221547.000.000) 07/31 07:09:18 Job executing on host: <131.225.207.140:22743?addrs=131.225.207.140-22743>
...
006 (221547.000.000) 07/31 07:09:26 Image size of job updated: 2
	3  -  MemoryUsage of job (MB)
	2428  -  ResidentSetSize of job (KB)
...
006 (221547.000.000) 07/31 07:10:26 Image size of job updated: 447524
	70  -  MemoryUsage of job (MB)
	71352  -  ResidentSetSize of job (KB)
...
000 (222102.000.000) 07/31 07:12:53 Job submitted from host: <131.225.189.232:9618?addrs=131.225.189.232-9618&noUDP&sock=8982_aaf4_3>
...
005 (221547.000.000) 07/31 07:13:32 Job terminated.
	(1) Normal termination (return value 90)
		Usr 0 00:00:01, Sys 0 00:00:19  -  Run Remote Usage
		Usr 0 00:00:00, Sys 0 00:00:00  -  Run Local Usage
		Usr 0 00:00:01, Sys 0 00:00:19  -  Total Remote Usage
		Usr 0 00:00:00, Sys 0 00:00:00  -  Total Local Usage
	23166  -  Run Bytes Sent By Job
	8930  -  Run Bytes Received By Job
	23166  -  Total Bytes Sent By Job
	8930  -  Total Bytes Received By Job
	Partitionable Resources :    Usage  Request Allocated
	   Cpus                 :                 1         1
	   Disk (KB)            :  6500471 10000000  10512414
	   Memory (MB)          :       70     2100      2100
...
001 (222102.000.000) 07/31 07:14:33 Job executing on host: <131.225.204.39:14344?addrs=131.225.204.39-14344>
...
006 (222102.000.000) 07/31 07:14:42 Image size of job updated: 447524
	71  -  MemoryUsage of job (MB)
	72364  -  ResidentSetSize of job (KB)
...
006 (222102.000.000) 07/31 07:16:37 Image size of job updated: 772780
	71  -  MemoryUsage of job (MB)
	72364  -  ResidentSetSize of job (KB)
...
005 (222102.000.000) 07/31 07:16:38 Job terminated.
	(1) Normal termination (return value 65)
		Usr 0 00:00:11, Sys 0 00:00:16  -  Run Remote Usage
		Usr 0 00:00:00, Sys 0 00:00:00  -  Run Local Usage
		Usr 0 00:00:11, Sys 0 00:00:16  -  Total Remote Usage
		Usr 0 00:00:00, Sys 0 00:00:00  -  Total Local Usage
	9499  -  Run Bytes Sent By Job
	8930  -  Run Bytes Received By Job
	9499  -  Total Bytes Sent By Job
	8930  -  Total Bytes Received By Job
	Partitionable Resources :    Usage  Request Allocated
	   Cpus                 :                 1         1
	   Disk (KB)            :  6319580 10000000  10379391
	   Memory (MB)          :       71     2100      2100
...
