000 (220689.000.000) 07/31 06:48:49 Job submitted from host: <131.225.189.232:9618?addrs=131.225.189.232-9618&noUDP&sock=8982_aaf4_3>
...
001 (220689.000.000) 07/31 06:49:10 Job executing on host: <131.225.204.102:9137?addrs=131.225.204.102-9137>
...
006 (220689.000.000) 07/31 06:49:19 Image size of job updated: 447524
	71  -  MemoryUsage of job (MB)
	72340  -  ResidentSetSize of job (KB)
...
005 (220689.000.000) 07/31 06:51:03 Job terminated.
	(1) Normal termination (return value 90)
		Usr 0 00:00:00, Sys 0 00:00:17  -  Run Remote Usage
		Usr 0 00:00:00, Sys 0 00:00:00  -  Run Local Usage
		Usr 0 00:00:00, Sys 0 00:00:17  -  Total Remote Usage
		Usr 0 00:00:00, Sys 0 00:00:00  -  Total Local Usage
	11659  -  Run Bytes Sent By Job
	8930  -  Run Bytes Received By Job
	11659  -  Total Bytes Sent By Job
	8930  -  Total Bytes Received By Job
	Partitionable Resources :    Usage  Request Allocated
	   Cpus                 :                 1         1
	   Disk (KB)            :  3623946 10000000  10604937
	   Memory (MB)          :       71     2100      2100
...
000 (221251.000.000) 07/31 07:07:21 Job submitted from host: <131.225.189.232:9618?addrs=131.225.189.232-9618&noUDP&sock=8982_aaf4_3>
...
001 (221251.000.000) 07/31 07:07:53 Job executing on host: <131.225.191.159:9675?addrs=131.225.191.159-9675>
...
006 (221251.000.000) 07/31 07:08:02 Image size of job updated: 447536
	21  -  MemoryUsage of job (MB)
	21140  -  ResidentSetSize of job (KB)
...
006 (221251.000.000) 07/31 07:09:03 Image size of job updated: 447536
	71  -  MemoryUsage of job (MB)
	72340  -  ResidentSetSize of job (KB)
...
000 (221806.000.000) 07/31 07:12:03 Job submitted from host: <131.225.189.232:9618?addrs=131.225.189.232-9618&noUDP&sock=8982_aaf4_3>
...
001 (221806.000.000) 07/31 07:12:23 Job executing on host: <131.225.190.41:60689?addrs=131.225.190.41-60689>
...
006 (221806.000.000) 07/31 07:12:32 Image size of job updated: 447524
	71  -  MemoryUsage of job (MB)
	72348  -  ResidentSetSize of job (KB)
...
005 (221251.000.000) 07/31 07:14:58 Job terminated.
	(1) Normal termination (return value 90)
		Usr 0 00:00:02, Sys 0 00:00:26  -  Run Remote Usage
		Usr 0 00:00:00, Sys 0 00:00:00  -  Run Local Usage
		Usr 0 00:00:02, Sys 0 00:00:26  -  Total Remote Usage
		Usr 0 00:00:00, Sys 0 00:00:00  -  Total Local Usage
	32947  -  Run Bytes Sent By Job
	8930  -  Run Bytes Received By Job
	32947  -  Total Bytes Sent By Job
	8930  -  Total Bytes Received By Job
	Partitionable Resources :    Usage  Request Allocated
	   Cpus                 :                 1         1
	   Disk (KB)            :  5320829 10000000  11796812
	   Memory (MB)          :       71     2100      2100
...
006 (221806.000.000) 07/31 07:15:27 Image size of job updated: 769976
	71  -  MemoryUsage of job (MB)
	72348  -  ResidentSetSize of job (KB)
...
005 (221806.000.000) 07/31 07:15:28 Job terminated.
	(1) Normal termination (return value 65)
		Usr 0 00:00:16, Sys 0 00:00:24  -  Run Remote Usage
		Usr 0 00:00:00, Sys 0 00:00:00  -  Run Local Usage
		Usr 0 00:00:16, Sys 0 00:00:24  -  Total Remote Usage
		Usr 0 00:00:00, Sys 0 00:00:00  -  Total Local Usage
	16232  -  Run Bytes Sent By Job
	8930  -  Run Bytes Received By Job
	16232  -  Total Bytes Sent By Job
	8930  -  Total Bytes Received By Job
	Partitionable Resources :    Usage  Request Allocated
	   Cpus                 :                 1         1
	   Disk (KB)            :  4959774 10000000  14644586
	   Memory (MB)          :       71     2100      2100
...
000 (222368.000.000) 07/31 08:32:41 Job submitted from host: <131.225.189.232:9618?addrs=131.225.189.232-9618&noUDP&sock=8982_aaf4_3>
...
001 (222368.000.000) 07/31 08:33:20 Job executing on host: <131.225.206.111:11920?addrs=131.225.206.111-11920>
...
006 (222368.000.000) 07/31 08:33:28 Image size of job updated: 2
	3  -  MemoryUsage of job (MB)
	2424  -  ResidentSetSize of job (KB)
...
006 (222368.000.000) 07/31 08:34:28 Image size of job updated: 447524
	71  -  MemoryUsage of job (MB)
	72340  -  ResidentSetSize of job (KB)
...
006 (222368.000.000) 07/31 08:37:56 Image size of job updated: 740780
	71  -  MemoryUsage of job (MB)
	72340  -  ResidentSetSize of job (KB)
...
005 (222368.000.000) 07/31 08:37:57 Job terminated.
	(1) Normal termination (return value 65)
		Usr 0 00:00:11, Sys 0 00:00:22  -  Run Remote Usage
		Usr 0 00:00:00, Sys 0 00:00:00  -  Run Local Usage
		Usr 0 00:00:11, Sys 0 00:00:22  -  Total Remote Usage
		Usr 0 00:00:00, Sys 0 00:00:00  -  Total Local Usage
	24602  -  Run Bytes Sent By Job
	8930  -  Run Bytes Received By Job
	24602  -  Total Bytes Sent By Job
	8930  -  Total Bytes Received By Job
	Partitionable Resources :    Usage  Request Allocated
	   Cpus                 :                 1         1
	   Disk (KB)            :  6043994 10000000  10506003
	   Memory (MB)          :       71     2100      2100
...
000 (222923.000.000) 07/31 08:49:51 Job submitted from host: <131.225.189.232:9618?addrs=131.225.189.232-9618&noUDP&sock=8982_aaf4_3>
...
001 (222923.000.000) 07/31 08:50:29 Job executing on host: <131.225.206.118:64017?addrs=131.225.206.118-64017>
...
006 (222923.000.000) 07/31 08:50:38 Image size of job updated: 447532
	69  -  MemoryUsage of job (MB)
	69952  -  ResidentSetSize of job (KB)
...
006 (222923.000.000) 07/31 08:51:39 Image size of job updated: 447532
	69  -  MemoryUsage of job (MB)
	70404  -  ResidentSetSize of job (KB)
...
006 (222923.000.000) 07/31 08:53:41 Image size of job updated: 493968
	261  -  MemoryUsage of job (MB)
	267012  -  ResidentSetSize of job (KB)
...
005 (222923.000.000) 07/31 08:53:51 Job terminated.
	(1) Normal termination (return value 65)
		Usr 0 00:00:04, Sys 0 00:00:15  -  Run Remote Usage
		Usr 0 00:00:00, Sys 0 00:00:00  -  Run Local Usage
		Usr 0 00:00:04, Sys 0 00:00:15  -  Total Remote Usage
		Usr 0 00:00:00, Sys 0 00:00:00  -  Total Local Usage
	15322  -  Run Bytes Sent By Job
	44439  -  Run Bytes Received By Job
	15322  -  Total Bytes Sent By Job
	44439  -  Total Bytes Received By Job
	Partitionable Resources :    Usage  Request Allocated
	   Cpus                 :                 1         1
	   Disk (KB)            :  6109828 10000000  10423776
	   Memory (MB)          :      261     2100      2100
...
000 (223478.000.000) 07/31 09:06:19 Job submitted from host: <131.225.189.232:9618?addrs=131.225.189.232-9618&noUDP&sock=8982_aaf4_3>
...
