000 (220627.000.000) 07/31 06:48:36 Job submitted from host: <131.225.189.232:9618?addrs=131.225.189.232-9618&noUDP&sock=8982_aaf4_3>
...
001 (220627.000.000) 07/31 06:49:00 Job executing on host: <131.225.206.118:64017?addrs=131.225.206.118-64017>
...
006 (220627.000.000) 07/31 06:49:09 Image size of job updated: 2
	3  -  MemoryUsage of job (MB)
	2424  -  ResidentSetSize of job (KB)
...
006 (220627.000.000) 07/31 06:50:10 Image size of job updated: 447524
	71  -  MemoryUsage of job (MB)
	72472  -  ResidentSetSize of job (KB)
...
005 (220627.000.000) 07/31 06:51:07 Job terminated.
	(1) Normal termination (return value 90)
		Usr 0 00:00:00, Sys 0 00:00:09  -  Run Remote Usage
		Usr 0 00:00:00, Sys 0 00:00:00  -  Run Local Usage
		Usr 0 00:00:00, Sys 0 00:00:09  -  Total Remote Usage
		Usr 0 00:00:00, Sys 0 00:00:00  -  Total Local Usage
	12194  -  Run Bytes Sent By Job
	8930  -  Run Bytes Received By Job
	12194  -  Total Bytes Sent By Job
	8930  -  Total Bytes Received By Job
	Partitionable Resources :    Usage  Request Allocated
	   Cpus                 :                 1         1
	   Disk (KB)            :  1903625 10000000  10408914
	   Memory (MB)          :       71     2100      2100
...
000 (221189.000.000) 07/31 07:07:10 Job submitted from host: <131.225.189.232:9618?addrs=131.225.189.232-9618&noUDP&sock=8982_aaf4_3>
...
001 (221189.000.000) 07/31 07:07:41 Job executing on host: <131.225.207.139:60247?addrs=131.225.207.139-60247>
...
006 (221189.000.000) 07/31 07:07:50 Image size of job updated: 2
	3  -  MemoryUsage of job (MB)
	2424  -  ResidentSetSize of job (KB)
...
006 (221189.000.000) 07/31 07:08:39 Image size of job updated: 447524
	3  -  MemoryUsage of job (MB)
	2424  -  ResidentSetSize of job (KB)
...
005 (221189.000.000) 07/31 07:08:40 Job terminated.
	(1) Normal termination (return value 90)
		Usr 0 00:00:00, Sys 0 00:00:08  -  Run Remote Usage
		Usr 0 00:00:00, Sys 0 00:00:00  -  Run Local Usage
		Usr 0 00:00:00, Sys 0 00:00:08  -  Total Remote Usage
		Usr 0 00:00:00, Sys 0 00:00:00  -  Total Local Usage
	7333  -  Run Bytes Sent By Job
	8930  -  Run Bytes Received By Job
	7333  -  Total Bytes Sent By Job
	8930  -  Total Bytes Received By Job
	Partitionable Resources :    Usage  Request Allocated
	   Cpus                 :                 1         1
	   Disk (KB)            :   766052 10000000  10313739
	   Memory (MB)          :        3     2100      2100
...
000 (221744.000.000) 07/31 07:11:53 Job submitted from host: <131.225.189.232:9618?addrs=131.225.189.232-9618&noUDP&sock=8982_aaf4_3>
...
001 (221744.000.000) 07/31 07:12:12 Job executing on host: <131.225.207.57:53683?addrs=131.225.207.57-53683>
...
006 (221744.000.000) 07/31 07:12:21 Image size of job updated: 447524
	71  -  MemoryUsage of job (MB)
	72340  -  ResidentSetSize of job (KB)
...
006 (221744.000.000) 07/31 07:13:25 Image size of job updated: 493964
	261  -  MemoryUsage of job (MB)
	266728  -  ResidentSetSize of job (KB)
...
006 (221744.000.000) 07/31 07:13:36 Image size of job updated: 765360
	261  -  MemoryUsage of job (MB)
	266728  -  ResidentSetSize of job (KB)
...
005 (221744.000.000) 07/31 07:13:36 Job terminated.
	(1) Normal termination (return value 65)
		Usr 0 00:00:11, Sys 0 00:00:06  -  Run Remote Usage
		Usr 0 00:00:00, Sys 0 00:00:00  -  Run Local Usage
		Usr 0 00:00:11, Sys 0 00:00:06  -  Total Remote Usage
		Usr 0 00:00:00, Sys 0 00:00:00  -  Total Local Usage
	6760  -  Run Bytes Sent By Job
	8930  -  Run Bytes Received By Job
	6760  -  Total Bytes Sent By Job
	8930  -  Total Bytes Received By Job
	Partitionable Resources :    Usage  Request Allocated
	   Cpus                 :                 1         1
	   Disk (KB)            :  3083279 10000000  10342176
	   Memory (MB)          :      261     2100      2100
...
000 (222306.000.000) 07/31 08:32:36 Job submitted from host: <131.225.189.232:9618?addrs=131.225.189.232-9618&noUDP&sock=8982_aaf4_3>
...
001 (222306.000.000) 07/31 08:33:05 Job executing on host: <131.225.206.171:9309?addrs=131.225.206.171-9309>
...
006 (222306.000.000) 07/31 08:33:14 Image size of job updated: 447524
	71  -  MemoryUsage of job (MB)
	72352  -  ResidentSetSize of job (KB)
...
006 (222306.000.000) 07/31 08:35:01 Image size of job updated: 764332
	71  -  MemoryUsage of job (MB)
	72352  -  ResidentSetSize of job (KB)
...
005 (222306.000.000) 07/31 08:35:02 Job terminated.
	(1) Normal termination (return value 65)
		Usr 0 00:00:11, Sys 0 00:00:07  -  Run Remote Usage
		Usr 0 00:00:00, Sys 0 00:00:00  -  Run Local Usage
		Usr 0 00:00:11, Sys 0 00:00:07  -  Total Remote Usage
		Usr 0 00:00:00, Sys 0 00:00:00  -  Total Local Usage
	9752  -  Run Bytes Sent By Job
	8930  -  Run Bytes Received By Job
	9752  -  Total Bytes Sent By Job
	8930  -  Total Bytes Received By Job
	Partitionable Resources :    Usage  Request Allocated
	   Cpus                 :                 1         1
	   Disk (KB)            :  2619722 10000000  11979816
	   Memory (MB)          :       71     2100      2100
...
