000 (220652.000.000) 07/31 06:48:41 Job submitted from host: <131.225.189.232:9618?addrs=131.225.189.232-9618&noUDP&sock=8982_aaf4_3>
...
001 (220652.000.000) 07/31 06:49:03 Job executing on host: <131.225.191.156:34555?addrs=131.225.191.156-34555>
...
006 (220652.000.000) 07/31 06:49:12 Image size of job updated: 2
	3  -  MemoryUsage of job (MB)
	2424  -  ResidentSetSize of job (KB)
...
006 (220652.000.000) 07/31 06:50:13 Image size of job updated: 447524
	69  -  MemoryUsage of job (MB)
	70292  -  ResidentSetSize of job (KB)
...
006 (220652.000.000) 07/31 06:52:14 Image size of job updated: 447524
	69  -  MemoryUsage of job (MB)
	70320  -  ResidentSetSize of job (KB)
...
005 (220652.000.000) 07/31 06:53:06 Job terminated.
	(1) Normal termination (return value 90)
		Usr 0 00:00:02, Sys 0 00:00:22  -  Run Remote Usage
		Usr 0 00:00:00, Sys 0 00:00:00  -  Run Local Usage
		Usr 0 00:00:02, Sys 0 00:00:22  -  Total Remote Usage
		Usr 0 00:00:00, Sys 0 00:00:00  -  Total Local Usage
	23357  -  Run Bytes Sent By Job
	8930  -  Run Bytes Received By Job
	23357  -  Total Bytes Sent By Job
	8930  -  Total Bytes Received By Job
	Partitionable Resources :    Usage  Request Allocated
	   Cpus                 :                 1         1
	   Disk (KB)            :  5049364 10000000  12236264
	   Memory (MB)          :       69     2100      2100
...
000 (221214.000.000) 07/31 07:07:15 Job submitted from host: <131.225.189.232:9618?addrs=131.225.189.232-9618&noUDP&sock=8982_aaf4_3>
...
001 (221214.000.000) 07/31 07:07:46 Job executing on host: <131.225.207.150:16449?addrs=131.225.207.150-16449>
...
006 (221214.000.000) 07/31 07:07:55 Image size of job updated: 2
	3  -  MemoryUsage of job (MB)
	2424  -  ResidentSetSize of job (KB)
...
006 (221214.000.000) 07/31 07:08:56 Image size of job updated: 447524
	71  -  MemoryUsage of job (MB)
	72344  -  ResidentSetSize of job (KB)
...
005 (221214.000.000) 07/31 07:09:16 Job terminated.
	(1) Normal termination (return value 90)
		Usr 0 00:00:00, Sys 0 00:00:14  -  Run Remote Usage
		Usr 0 00:00:00, Sys 0 00:00:00  -  Run Local Usage
		Usr 0 00:00:00, Sys 0 00:00:14  -  Total Remote Usage
		Usr 0 00:00:00, Sys 0 00:00:00  -  Total Local Usage
	8761  -  Run Bytes Sent By Job
	8930  -  Run Bytes Received By Job
	8761  -  Total Bytes Sent By Job
	8930  -  Total Bytes Received By Job
	Partitionable Resources :    Usage  Request Allocated
	   Cpus                 :                 1         1
	   Disk (KB)            :  5927017 10000000  10379022
	   Memory (MB)          :       71     2100      2100
...
000 (221769.000.000) 07/31 07:11:57 Job submitted from host: <131.225.189.232:9618?addrs=131.225.189.232-9618&noUDP&sock=8982_aaf4_3>
...
001 (221769.000.000) 07/31 07:12:18 Job executing on host: <131.225.206.229:10955?addrs=131.225.206.229-10955>
...
006 (221769.000.000) 07/31 07:12:27 Image size of job updated: 447524
	71  -  MemoryUsage of job (MB)
	72344  -  ResidentSetSize of job (KB)
...
006 (221769.000.000) 07/31 07:14:29 Image size of job updated: 447524
	76  -  MemoryUsage of job (MB)
	76956  -  ResidentSetSize of job (KB)
...
006 (221769.000.000) 07/31 07:14:52 Image size of job updated: 776372
	76  -  MemoryUsage of job (MB)
	76956  -  ResidentSetSize of job (KB)
...
005 (221769.000.000) 07/31 07:14:53 Job terminated.
	(1) Normal termination (return value 65)
		Usr 0 00:00:13, Sys 0 00:00:16  -  Run Remote Usage
		Usr 0 00:00:00, Sys 0 00:00:00  -  Run Local Usage
		Usr 0 00:00:13, Sys 0 00:00:16  -  Total Remote Usage
		Usr 0 00:00:00, Sys 0 00:00:00  -  Total Local Usage
	9149  -  Run Bytes Sent By Job
	8930  -  Run Bytes Received By Job
	9149  -  Total Bytes Sent By Job
	8930  -  Total Bytes Received By Job
	Partitionable Resources :    Usage  Request Allocated
	   Cpus                 :                 1         1
	   Disk (KB)            :  6438971 10000000  11787304
	   Memory (MB)          :       76     2100      2100
...
000 (222331.000.000) 07/31 08:32:39 Job submitted from host: <131.225.189.232:9618?addrs=131.225.189.232-9618&noUDP&sock=8982_aaf4_3>
...
001 (222331.000.000) 07/31 08:33:10 Job executing on host: <131.225.206.101:25995?addrs=131.225.206.101-25995>
...
006 (222331.000.000) 07/31 08:33:18 Image size of job updated: 447524
	49  -  MemoryUsage of job (MB)
	50052  -  ResidentSetSize of job (KB)
...
006 (222331.000.000) 07/31 08:34:18 Image size of job updated: 447524
	69  -  MemoryUsage of job (MB)
	70412  -  ResidentSetSize of job (KB)
...
006 (222331.000.000) 07/31 08:39:20 Image size of job updated: 447524
	165  -  MemoryUsage of job (MB)
	168108  -  ResidentSetSize of job (KB)
...
006 (222331.000.000) 07/31 08:39:32 Image size of job updated: 727732
	165  -  MemoryUsage of job (MB)
	168108  -  ResidentSetSize of job (KB)
...
005 (222331.000.000) 07/31 08:39:33 Job terminated.
	(1) Normal termination (return value 65)
		Usr 0 00:00:11, Sys 0 00:00:22  -  Run Remote Usage
		Usr 0 00:00:00, Sys 0 00:00:00  -  Run Local Usage
		Usr 0 00:00:11, Sys 0 00:00:22  -  Total Remote Usage
		Usr 0 00:00:00, Sys 0 00:00:00  -  Total Local Usage
	21359  -  Run Bytes Sent By Job
	8930  -  Run Bytes Received By Job
	21359  -  Total Bytes Sent By Job
	8930  -  Total Bytes Received By Job
	Partitionable Resources :    Usage  Request Allocated
	   Cpus                 :                 1         1
	   Disk (KB)            :  6441851 10000000  10500984
	   Memory (MB)          :      165     2100      2100
...
000 (222886.000.000) 07/31 08:49:49 Job submitted from host: <131.225.189.232:9618?addrs=131.225.189.232-9618&noUDP&sock=8982_aaf4_3>
...
001 (222886.000.000) 07/31 08:50:22 Job executing on host: <131.225.204.94:53127?addrs=131.225.204.94-53127>
...
006 (222886.000.000) 07/31 08:50:30 Image size of job updated: 447528
	13  -  MemoryUsage of job (MB)
	12956  -  ResidentSetSize of job (KB)
...
006 (222886.000.000) 07/31 08:51:30 Image size of job updated: 447528
	69  -  MemoryUsage of job (MB)
	70412  -  ResidentSetSize of job (KB)
...
006 (222886.000.000) 07/31 08:52:55 Image size of job updated: 769964
	69  -  MemoryUsage of job (MB)
	70412  -  ResidentSetSize of job (KB)
...
005 (222886.000.000) 07/31 08:52:55 Job terminated.
	(1) Normal termination (return value 65)
		Usr 0 00:00:12, Sys 0 00:00:20  -  Run Remote Usage
		Usr 0 00:00:00, Sys 0 00:00:00  -  Run Local Usage
		Usr 0 00:00:12, Sys 0 00:00:20  -  Total Remote Usage
		Usr 0 00:00:00, Sys 0 00:00:00  -  Total Local Usage
	13271  -  Run Bytes Sent By Job
	44439  -  Run Bytes Received By Job
	13271  -  Total Bytes Sent By Job
	44439  -  Total Bytes Received By Job
	Partitionable Resources :    Usage  Request Allocated
	   Cpus                 :                 1         1
	   Disk (KB)            :  6441681 10000000  10354797
	   Memory (MB)          :       69     2100      2100
...
000 (223441.000.000) 07/31 09:06:17 Job submitted from host: <131.225.189.232:9618?addrs=131.225.189.232-9618&noUDP&sock=8982_aaf4_3>
...
