000 (220504.000.000) 07/31 06:48:10 Job submitted from host: <131.225.189.232:9618?addrs=131.225.189.232-9618&noUDP&sock=8982_aaf4_3>
...
001 (220504.000.000) 07/31 06:48:26 Job executing on host: <131.225.204.119:6589?addrs=131.225.204.119-6589>
...
006 (220504.000.000) 07/31 06:48:35 Image size of job updated: 2
	3  -  MemoryUsage of job (MB)
	2420  -  ResidentSetSize of job (KB)
...
006 (220504.000.000) 07/31 06:49:36 Image size of job updated: 447524
	71  -  MemoryUsage of job (MB)
	72352  -  ResidentSetSize of job (KB)
...
005 (220504.000.000) 07/31 06:51:56 Job terminated.
	(1) Normal termination (return value 90)
		Usr 0 00:00:02, Sys 0 00:00:13  -  Run Remote Usage
		Usr 0 00:00:00, Sys 0 00:00:00  -  Run Local Usage
		Usr 0 00:00:02, Sys 0 00:00:13  -  Total Remote Usage
		Usr 0 00:00:00, Sys 0 00:00:00  -  Total Local Usage
	17339  -  Run Bytes Sent By Job
	8930  -  Run Bytes Received By Job
	17339  -  Total Bytes Sent By Job
	8930  -  Total Bytes Received By Job
	Partitionable Resources :    Usage  Request Allocated
	   Cpus                 :                 1         1
	   Disk (KB)            :  5934098 10000000  10456686
	   Memory (MB)          :       71     2100      2100
...
000 (221066.000.000) 07/31 07:06:49 Job submitted from host: <131.225.189.232:9618?addrs=131.225.189.232-9618&noUDP&sock=8982_aaf4_3>
...
001 (221066.000.000) 07/31 07:07:07 Job executing on host: <131.225.207.161:39856?addrs=131.225.207.161-39856>
...
006 (221066.000.000) 07/31 07:07:16 Image size of job updated: 447524
	71  -  MemoryUsage of job (MB)
	72344  -  ResidentSetSize of job (KB)
...
005 (221066.000.000) 07/31 07:08:16 Job terminated.
	(1) Normal termination (return value 90)
		Usr 0 00:00:00, Sys 0 00:00:18  -  Run Remote Usage
		Usr 0 00:00:00, Sys 0 00:00:00  -  Run Local Usage
		Usr 0 00:00:00, Sys 0 00:00:18  -  Total Remote Usage
		Usr 0 00:00:00, Sys 0 00:00:00  -  Total Local Usage
	8228  -  Run Bytes Sent By Job
	8930  -  Run Bytes Received By Job
	8228  -  Total Bytes Sent By Job
	8930  -  Total Bytes Received By Job
	Partitionable Resources :    Usage  Request Allocated
	   Cpus                 :                 1         1
	   Disk (KB)            :   766052 10000000  10106991
	   Memory (MB)          :       71     2100      2100
...
000 (221621.000.000) 07/31 07:11:31 Job submitted from host: <131.225.189.232:9618?addrs=131.225.189.232-9618&noUDP&sock=8982_aaf4_3>
...
001 (221621.000.000) 07/31 07:11:42 Job executing on host: <131.225.205.183:11118?addrs=131.225.205.183-11118>
...
006 (221621.000.000) 07/31 07:11:50 Image size of job updated: 447524
	71  -  MemoryUsage of job (MB)
	72344  -  ResidentSetSize of job (KB)
...
006 (221621.000.000) 07/31 07:14:51 Image size of job updated: 503224
	168  -  MemoryUsage of job (MB)
	171696  -  ResidentSetSize of job (KB)
...
006 (221621.000.000) 07/31 07:15:22 Image size of job updated: 698800
	168  -  MemoryUsage of job (MB)
	171696  -  ResidentSetSize of job (KB)
...
005 (221621.000.000) 07/31 07:15:23 Job terminated.
	(1) Normal termination (return value 65)
		Usr 0 00:00:14, Sys 0 00:00:22  -  Run Remote Usage
		Usr 0 00:00:00, Sys 0 00:00:00  -  Run Local Usage
		Usr 0 00:00:14, Sys 0 00:00:22  -  Total Remote Usage
		Usr 0 00:00:00, Sys 0 00:00:00  -  Total Local Usage
	14548  -  Run Bytes Sent By Job
	8930  -  Run Bytes Received By Job
	14548  -  Total Bytes Sent By Job
	8930  -  Total Bytes Received By Job
	Partitionable Resources :    Usage  Request Allocated
	   Cpus                 :                 1         1
	   Disk (KB)            :  6357808 10000000  17069358
	   Memory (MB)          :      168     2100      2100
...
000 (222183.000.000) 07/31 08:32:28 Job submitted from host: <131.225.189.232:9618?addrs=131.225.189.232-9618&noUDP&sock=8982_aaf4_3>
...
001 (222183.000.000) 07/31 08:32:41 Job executing on host: <131.225.207.66:14919?addrs=131.225.207.66-14919>
...
006 (222183.000.000) 07/31 08:32:50 Image size of job updated: 2
	3  -  MemoryUsage of job (MB)
	2424  -  ResidentSetSize of job (KB)
...
006 (222183.000.000) 07/31 08:33:51 Image size of job updated: 447524
	71  -  MemoryUsage of job (MB)
	72348  -  ResidentSetSize of job (KB)
...
006 (222183.000.000) 07/31 08:34:52 Image size of job updated: 493960
	264  -  MemoryUsage of job (MB)
	269572  -  ResidentSetSize of job (KB)
...
006 (222183.000.000) 07/31 08:35:02 Image size of job updated: 699820
	264  -  MemoryUsage of job (MB)
	269572  -  ResidentSetSize of job (KB)
...
005 (222183.000.000) 07/31 08:35:02 Job terminated.
	(1) Normal termination (return value 65)
		Usr 0 00:00:08, Sys 0 00:00:12  -  Run Remote Usage
		Usr 0 00:00:00, Sys 0 00:00:00  -  Run Local Usage
		Usr 0 00:00:08, Sys 0 00:00:12  -  Total Remote Usage
		Usr 0 00:00:00, Sys 0 00:00:00  -  Total Local Usage
	9754  -  Run Bytes Sent By Job
	8930  -  Run Bytes Received By Job
	9754  -  Total Bytes Sent By Job
	8930  -  Total Bytes Received By Job
	Partitionable Resources :    Usage  Request Allocated
	   Cpus                 :                 1         1
	   Disk (KB)            :  6360670 10000000  10151868
	   Memory (MB)          :      264     2100      2100
...
