000 (220511.000.000) 07/31 06:48:12 Job submitted from host: <131.225.189.232:9618?addrs=131.225.189.232-9618&noUDP&sock=8982_aaf4_3>
...
001 (220511.000.000) 07/31 06:48:27 Job executing on host: <131.225.206.198:53342?addrs=131.225.206.198-53342>
...
006 (220511.000.000) 07/31 06:48:36 Image size of job updated: 447524
	71  -  MemoryUsage of job (MB)
	72348  -  ResidentSetSize of job (KB)
...
005 (220511.000.000) 07/31 06:50:03 Job terminated.
	(1) Normal termination (return value 90)
		Usr 0 00:00:00, Sys 0 00:00:15  -  Run Remote Usage
		Usr 0 00:00:00, Sys 0 00:00:00  -  Run Local Usage
		Usr 0 00:00:00, Sys 0 00:00:15  -  Total Remote Usage
		Usr 0 00:00:00, Sys 0 00:00:00  -  Total Local Usage
	10609  -  Run Bytes Sent By Job
	8930  -  Run Bytes Received By Job
	10609  -  Total Bytes Sent By Job
	8930  -  Total Bytes Received By Job
	Partitionable Resources :    Usage  Request Allocated
	   Cpus                 :                 1         1
	   Disk (KB)            :  4918282 10000000  11531156
	   Memory (MB)          :       71     2100      2100
...
000 (221073.000.000) 07/31 07:06:51 Job submitted from host: <131.225.189.232:9618?addrs=131.225.189.232-9618&noUDP&sock=8982_aaf4_3>
...
001 (221073.000.000) 07/31 07:07:08 Job executing on host: <131.225.191.137:30135?addrs=131.225.191.137-30135>
...
006 (221073.000.000) 07/31 07:07:17 Image size of job updated: 447524
	71  -  MemoryUsage of job (MB)
	72348  -  ResidentSetSize of job (KB)
...
005 (221073.000.000) 07/31 07:09:13 Job terminated.
	(1) Normal termination (return value 90)
		Usr 0 00:00:00, Sys 0 00:00:17  -  Run Remote Usage
		Usr 0 00:00:00, Sys 0 00:00:00  -  Run Local Usage
		Usr 0 00:00:00, Sys 0 00:00:17  -  Total Remote Usage
		Usr 0 00:00:00, Sys 0 00:00:00  -  Total Local Usage
	10700  -  Run Bytes Sent By Job
	8930  -  Run Bytes Received By Job
	10700  -  Total Bytes Sent By Job
	8930  -  Total Bytes Received By Job
	Partitionable Resources :    Usage  Request Allocated
	   Cpus                 :                 1         1
	   Disk (KB)            :  5451881 10000000  11802392
	   Memory (MB)          :       71     2100      2100
...
000 (221628.000.000) 07/31 07:11:33 Job submitted from host: <131.225.189.232:9618?addrs=131.225.189.232-9618&noUDP&sock=8982_aaf4_3>
...
001 (221628.000.000) 07/31 07:11:49 Job executing on host: <131.225.191.190:24316?addrs=131.225.191.190-24316>
...
006 (221628.000.000) 07/31 07:11:58 Image size of job updated: 316372
	7  -  MemoryUsage of job (MB)
	6732  -  ResidentSetSize of job (KB)
...
006 (221628.000.000) 07/31 07:12:57 Image size of job updated: 447524
	70  -  MemoryUsage of job (MB)
	71360  -  ResidentSetSize of job (KB)
...
006 (221628.000.000) 07/31 07:17:58 Image size of job updated: 447524
	218  -  MemoryUsage of job (MB)
	223088  -  ResidentSetSize of job (KB)
...
006 (221628.000.000) 07/31 07:18:44 Image size of job updated: 769968
	218  -  MemoryUsage of job (MB)
	223088  -  ResidentSetSize of job (KB)
...
005 (221628.000.000) 07/31 07:18:45 Job terminated.
	(1) Normal termination (return value 65)
		Usr 0 00:00:14, Sys 0 00:00:25  -  Run Remote Usage
		Usr 0 00:00:00, Sys 0 00:00:00  -  Run Local Usage
		Usr 0 00:00:14, Sys 0 00:00:25  -  Total Remote Usage
		Usr 0 00:00:00, Sys 0 00:00:00  -  Total Local Usage
	27567  -  Run Bytes Sent By Job
	8930  -  Run Bytes Received By Job
	27567  -  Total Bytes Sent By Job
	8930  -  Total Bytes Received By Job
	Partitionable Resources :    Usage  Request Allocated
	   Cpus                 :                 1         1
	   Disk (KB)            :  6199562 10000000  11553092
	   Memory (MB)          :      218     2100      2100
...
000 (222190.000.000) 07/31 08:32:29 Job submitted from host: <131.225.189.232:9618?addrs=131.225.189.232-9618&noUDP&sock=8982_aaf4_3>
...
001 (222190.000.000) 07/31 08:32:42 Job executing on host: <131.225.206.156:61004?addrs=131.225.206.156-61004>
...
006 (222190.000.000) 07/31 08:32:50 Image size of job updated: 250836
	7  -  MemoryUsage of job (MB)
	6684  -  ResidentSetSize of job (KB)
...
006 (222190.000.000) 07/31 08:33:50 Image size of job updated: 447524
	71  -  MemoryUsage of job (MB)
	72348  -  ResidentSetSize of job (KB)
...
006 (222190.000.000) 07/31 08:35:46 Image size of job updated: 769972
	71  -  MemoryUsage of job (MB)
	72348  -  ResidentSetSize of job (KB)
...
005 (222190.000.000) 07/31 08:35:46 Job terminated.
	(1) Normal termination (return value 65)
		Usr 0 00:00:12, Sys 0 00:00:19  -  Run Remote Usage
		Usr 0 00:00:00, Sys 0 00:00:00  -  Run Local Usage
		Usr 0 00:00:12, Sys 0 00:00:19  -  Total Remote Usage
		Usr 0 00:00:00, Sys 0 00:00:00  -  Total Local Usage
	17101  -  Run Bytes Sent By Job
	8930  -  Run Bytes Received By Job
	17101  -  Total Bytes Sent By Job
	8930  -  Total Bytes Received By Job
	Partitionable Resources :    Usage  Request Allocated
	   Cpus                 :                 1         1
	   Disk (KB)            :  5421393 10000000  10168992
	   Memory (MB)          :       71     2100      2100
...
000 (222745.000.000) 07/31 08:49:39 Job submitted from host: <131.225.189.232:9618?addrs=131.225.189.232-9618&noUDP&sock=8982_aaf4_3>
...
001 (222745.000.000) 07/31 08:49:53 Job executing on host: <131.225.207.188:38940?addrs=131.225.207.188-38940>
...
006 (222745.000.000) 07/31 08:50:02 Image size of job updated: 447524
	69  -  MemoryUsage of job (MB)
	70316  -  ResidentSetSize of job (KB)
...
006 (222745.000.000) 07/31 08:51:03 Image size of job updated: 447524
	69  -  MemoryUsage of job (MB)
	70412  -  ResidentSetSize of job (KB)
...
005 (222745.000.000) 07/31 08:53:47 Job terminated.
	(1) Normal termination (return value 65)
		Usr 0 00:00:03, Sys 0 00:00:20  -  Run Remote Usage
		Usr 0 00:00:00, Sys 0 00:00:00  -  Run Local Usage
		Usr 0 00:00:03, Sys 0 00:00:20  -  Total Remote Usage
		Usr 0 00:00:00, Sys 0 00:00:00  -  Total Local Usage
	20294  -  Run Bytes Sent By Job
	44439  -  Run Bytes Received By Job
	20294  -  Total Bytes Sent By Job
	44439  -  Total Bytes Received By Job
	Partitionable Resources :    Usage  Request Allocated
	   Cpus                 :                 1         1
	   Disk (KB)            :  5634227 10000000  10334661
	   Memory (MB)          :       69     2100      2100
...
000 (223300.000.000) 07/31 09:06:10 Job submitted from host: <131.225.189.232:9618?addrs=131.225.189.232-9618&noUDP&sock=8982_aaf4_3>
...
001 (223300.000.000) 07/31 09:09:12 Job executing on host: <131.225.205.168:60960?addrs=131.225.205.168-60960>
...
006 (223300.000.000) 07/31 09:09:22 Image size of job updated: 111052
	7  -  MemoryUsage of job (MB)
	6892  -  ResidentSetSize of job (KB)
...
006 (223300.000.000) 07/31 09:10:22 Image size of job updated: 447532
	69  -  MemoryUsage of job (MB)
	70408  -  ResidentSetSize of job (KB)
...
