000 (220769.000.000) 07/31 06:49:06 Job submitted from host: <131.225.189.232:9618?addrs=131.225.189.232-9618&noUDP&sock=8982_aaf4_3>
...
001 (220769.000.000) 07/31 06:49:29 Job executing on host: <131.225.206.2:4181?addrs=131.225.206.2-4181>
...
006 (220769.000.000) 07/31 06:49:38 Image size of job updated: 447524
	71  -  MemoryUsage of job (MB)
	72348  -  ResidentSetSize of job (KB)
...
005 (220769.000.000) 07/31 06:55:07 Job terminated.
	(1) Normal termination (return value 90)
		Usr 0 00:00:01, Sys 0 00:00:22  -  Run Remote Usage
		Usr 0 00:00:00, Sys 0 00:00:00  -  Run Local Usage
		Usr 0 00:00:01, Sys 0 00:00:22  -  Total Remote Usage
		Usr 0 00:00:00, Sys 0 00:00:00  -  Total Local Usage
	21493  -  Run Bytes Sent By Job
	8930  -  Run Bytes Received By Job
	21493  -  Total Bytes Sent By Job
	8930  -  Total Bytes Received By Job
	Partitionable Resources :    Usage  Request Allocated
	   Cpus                 :                 1         1
	   Disk (KB)            :  5949609 10000000  10564731
	   Memory (MB)          :       71     2100      2100
...
000 (221331.000.000) 07/31 07:07:36 Job submitted from host: <131.225.189.232:9618?addrs=131.225.189.232-9618&noUDP&sock=8982_aaf4_3>
...
001 (221331.000.000) 07/31 07:08:09 Job executing on host: <131.225.206.118:64017?addrs=131.225.206.118-64017>
...
006 (221331.000.000) 07/31 07:08:18 Image size of job updated: 447536
	69  -  MemoryUsage of job (MB)
	70276  -  ResidentSetSize of job (KB)
...
006 (221331.000.000) 07/31 07:09:19 Image size of job updated: 447536
	69  -  MemoryUsage of job (MB)
	70404  -  ResidentSetSize of job (KB)
...
000 (221886.000.000) 07/31 07:12:17 Job submitted from host: <131.225.189.232:9618?addrs=131.225.189.232-9618&noUDP&sock=8982_aaf4_3>
...
001 (221886.000.000) 07/31 07:12:37 Job executing on host: <131.225.190.36:65020?addrs=131.225.190.36-65020>
...
006 (221886.000.000) 07/31 07:12:46 Image size of job updated: 447524
	58  -  MemoryUsage of job (MB)
	58444  -  ResidentSetSize of job (KB)
...
006 (221886.000.000) 07/31 07:13:48 Image size of job updated: 447524
	70  -  MemoryUsage of job (MB)
	71352  -  ResidentSetSize of job (KB)
...
005 (221331.000.000) 07/31 07:15:23 Job terminated.
	(1) Normal termination (return value 90)
		Usr 0 00:00:01, Sys 0 00:00:21  -  Run Remote Usage
		Usr 0 00:00:00, Sys 0 00:00:00  -  Run Local Usage
		Usr 0 00:00:01, Sys 0 00:00:21  -  Total Remote Usage
		Usr 0 00:00:00, Sys 0 00:00:00  -  Total Local Usage
	34348  -  Run Bytes Sent By Job
	8930  -  Run Bytes Received By Job
	34348  -  Total Bytes Sent By Job
	8930  -  Total Bytes Received By Job
	Partitionable Resources :    Usage  Request Allocated
	   Cpus                 :                 1         1
	   Disk (KB)            :  6569301 10000000  10450908
	   Memory (MB)          :       69     2100      2100
...
006 (221886.000.000) 07/31 07:15:48 Image size of job updated: 605768
	330  -  MemoryUsage of job (MB)
	337176  -  ResidentSetSize of job (KB)
...
006 (221886.000.000) 07/31 07:16:05 Image size of job updated: 772784
	330  -  MemoryUsage of job (MB)
	337176  -  ResidentSetSize of job (KB)
...
005 (221886.000.000) 07/31 07:16:06 Job terminated.
	(1) Normal termination (return value 65)
		Usr 0 00:00:15, Sys 0 00:00:39  -  Run Remote Usage
		Usr 0 00:00:00, Sys 0 00:00:00  -  Run Local Usage
		Usr 0 00:00:15, Sys 0 00:00:39  -  Total Remote Usage
		Usr 0 00:00:00, Sys 0 00:00:00  -  Total Local Usage
	15325  -  Run Bytes Sent By Job
	8930  -  Run Bytes Received By Job
	15325  -  Total Bytes Sent By Job
	8930  -  Total Bytes Received By Job
	Partitionable Resources :    Usage  Request Allocated
	   Cpus                 :                 1         1
	   Disk (KB)            :  6568691 10000000  14761112
	   Memory (MB)          :      330     2100      2100
...
000 (222448.000.000) 07/31 08:32:47 Job submitted from host: <131.225.189.232:9618?addrs=131.225.189.232-9618&noUDP&sock=8982_aaf4_3>
...
001 (222448.000.000) 07/31 08:33:36 Job executing on host: <131.225.207.59:6775?addrs=131.225.207.59-6775>
...
006 (222448.000.000) 07/31 08:33:45 Image size of job updated: 447524
	71  -  MemoryUsage of job (MB)
	72348  -  ResidentSetSize of job (KB)
...
006 (222448.000.000) 07/31 08:37:32 Image size of job updated: 710576
	71  -  MemoryUsage of job (MB)
	72348  -  ResidentSetSize of job (KB)
...
005 (222448.000.000) 07/31 08:37:33 Job terminated.
	(1) Normal termination (return value 65)
		Usr 0 00:00:10, Sys 0 00:00:16  -  Run Remote Usage
		Usr 0 00:00:00, Sys 0 00:00:00  -  Run Local Usage
		Usr 0 00:00:10, Sys 0 00:00:16  -  Total Remote Usage
		Usr 0 00:00:00, Sys 0 00:00:00  -  Total Local Usage
	21680  -  Run Bytes Sent By Job
	8930  -  Run Bytes Received By Job
	21680  -  Total Bytes Sent By Job
	8930  -  Total Bytes Received By Job
	Partitionable Resources :    Usage  Request Allocated
	   Cpus                 :                 1         1
	   Disk (KB)            :  5470549 10000000  10684965
	   Memory (MB)          :       71     2100      2100
...
000 (223003.000.000) 07/31 08:49:54 Job submitted from host: <131.225.189.232:9618?addrs=131.225.189.232-9618&noUDP&sock=8982_aaf4_3>
...
001 (223003.000.000) 07/31 08:50:46 Job executing on host: <131.225.207.46:11510?addrs=131.225.207.46-11510>
...
006 (223003.000.000) 07/31 08:50:54 Image size of job updated: 447524
	55  -  MemoryUsage of job (MB)
	55960  -  ResidentSetSize of job (KB)
...
006 (223003.000.000) 07/31 08:51:54 Image size of job updated: 447524
	70  -  MemoryUsage of job (MB)
	71348  -  ResidentSetSize of job (KB)
...
006 (223003.000.000) 07/31 08:55:32 Image size of job updated: 627108
	70  -  MemoryUsage of job (MB)
	71348  -  ResidentSetSize of job (KB)
...
005 (223003.000.000) 07/31 08:55:33 Job terminated.
	(1) Normal termination (return value 65)
		Usr 0 00:00:07, Sys 0 00:00:17  -  Run Remote Usage
		Usr 0 00:00:00, Sys 0 00:00:00  -  Run Local Usage
		Usr 0 00:00:07, Sys 0 00:00:17  -  Total Remote Usage
		Usr 0 00:00:00, Sys 0 00:00:00  -  Total Local Usage
	24529  -  Run Bytes Sent By Job
	44439  -  Run Bytes Received By Job
	24529  -  Total Bytes Sent By Job
	44439  -  Total Bytes Received By Job
	Partitionable Resources :    Usage  Request Allocated
	   Cpus                 :                 1         1
	   Disk (KB)            :  6043831 10000000  10492386
	   Memory (MB)          :       70     2100      2100
...
000 (223558.000.000) 07/31 09:06:22 Job submitted from host: <131.225.189.232:9618?addrs=131.225.189.232-9618&noUDP&sock=8982_aaf4_3>
...
