000 (220860.000.000) 07/31 06:49:25 Job submitted from host: <131.225.189.232:9618?addrs=131.225.189.232-9618&noUDP&sock=8982_aaf4_3>
...
001 (220860.000.000) 07/31 06:49:46 Job executing on host: <131.225.190.58:16054?addrs=131.225.190.58-16054>
...
006 (220860.000.000) 07/31 06:49:55 Image size of job updated: 2
	3  -  MemoryUsage of job (MB)
	2428  -  ResidentSetSize of job (KB)
...
006 (220860.000.000) 07/31 06:50:56 Image size of job updated: 447524
	70  -  MemoryUsage of job (MB)
	71356  -  ResidentSetSize of job (KB)
...
005 (220860.000.000) 07/31 06:52:34 Job terminated.
	(1) Normal termination (return value 90)
		Usr 0 00:00:02, Sys 0 00:00:28  -  Run Remote Usage
		Usr 0 00:00:00, Sys 0 00:00:00  -  Run Local Usage
		Usr 0 00:00:02, Sys 0 00:00:28  -  Total Remote Usage
		Usr 0 00:00:00, Sys 0 00:00:00  -  Total Local Usage
	12650  -  Run Bytes Sent By Job
	8930  -  Run Bytes Received By Job
	12650  -  Total Bytes Sent By Job
	8930  -  Total Bytes Received By Job
	Partitionable Resources :    Usage  Request Allocated
	   Cpus                 :                 1         1
	   Disk (KB)            :  3591179 10000000  16027034
	   Memory (MB)          :       70     2100      2100
...
000 (221422.000.000) 07/31 07:07:52 Job submitted from host: <131.225.189.232:9618?addrs=131.225.189.232-9618&noUDP&sock=8982_aaf4_3>
...
001 (221422.000.000) 07/31 07:08:28 Job executing on host: <131.225.205.172:20375?addrs=131.225.205.172-20375>
...
006 (221422.000.000) 07/31 07:08:37 Image size of job updated: 447524
	71  -  MemoryUsage of job (MB)
	72352  -  ResidentSetSize of job (KB)
...
005 (221422.000.000) 07/31 07:10:22 Job terminated.
	(1) Normal termination (return value 90)
		Usr 0 00:00:00, Sys 0 00:00:21  -  Run Remote Usage
		Usr 0 00:00:00, Sys 0 00:00:00  -  Run Local Usage
		Usr 0 00:00:00, Sys 0 00:00:21  -  Total Remote Usage
		Usr 0 00:00:00, Sys 0 00:00:00  -  Total Local Usage
	12298  -  Run Bytes Sent By Job
	8930  -  Run Bytes Received By Job
	12298  -  Total Bytes Sent By Job
	8930  -  Total Bytes Received By Job
	Partitionable Resources :    Usage  Request Allocated
	   Cpus                 :                 1         1
	   Disk (KB)            :  4173930 10000000  17021780
	   Memory (MB)          :       71     2100      2100
...
000 (221977.000.000) 07/31 07:12:32 Job submitted from host: <131.225.189.232:9618?addrs=131.225.189.232-9618&noUDP&sock=8982_aaf4_3>
...
001 (221977.000.000) 07/31 07:13:46 Job executing on host: <131.225.206.11:42006?addrs=131.225.206.11-42006>
...
006 (221977.000.000) 07/31 07:13:55 Image size of job updated: 36184
	4  -  MemoryUsage of job (MB)
	3084  -  ResidentSetSize of job (KB)
...
006 (221977.000.000) 07/31 07:14:54 Image size of job updated: 447524
	71  -  MemoryUsage of job (MB)
	72352  -  ResidentSetSize of job (KB)
...
006 (221977.000.000) 07/31 07:18:56 Image size of job updated: 493964
	261  -  MemoryUsage of job (MB)
	266584  -  ResidentSetSize of job (KB)
...
005 (221977.000.000) 07/31 07:19:04 Job terminated.
	(1) Normal termination (return value 65)
		Usr 0 00:00:06, Sys 0 00:00:26  -  Run Remote Usage
		Usr 0 00:00:00, Sys 0 00:00:00  -  Run Local Usage
		Usr 0 00:00:06, Sys 0 00:00:26  -  Total Remote Usage
		Usr 0 00:00:00, Sys 0 00:00:00  -  Total Local Usage
	27088  -  Run Bytes Sent By Job
	8930  -  Run Bytes Received By Job
	27088  -  Total Bytes Sent By Job
	8930  -  Total Bytes Received By Job
	Partitionable Resources :    Usage  Request Allocated
	   Cpus                 :                 1         1
	   Disk (KB)            :  6632390 10000000  10397553
	   Memory (MB)          :      261     2100      2100
...
000 (222539.000.000) 07/31 08:32:53 Job submitted from host: <131.225.189.232:9618?addrs=131.225.189.232-9618&noUDP&sock=8982_aaf4_3>
...
001 (222539.000.000) 07/31 08:33:58 Job executing on host: <131.225.205.183:11118?addrs=131.225.205.183-11118>
...
006 (222539.000.000) 07/31 08:34:07 Image size of job updated: 2
	3  -  MemoryUsage of job (MB)
	2424  -  ResidentSetSize of job (KB)
...
006 (222539.000.000) 07/31 08:35:08 Image size of job updated: 447524
	69  -  MemoryUsage of job (MB)
	70316  -  ResidentSetSize of job (KB)
...
006 (222539.000.000) 07/31 08:37:11 Image size of job updated: 473208
	210  -  MemoryUsage of job (MB)
	214112  -  ResidentSetSize of job (KB)
...
006 (222539.000.000) 07/31 08:37:30 Image size of job updated: 772788
	210  -  MemoryUsage of job (MB)
	214112  -  ResidentSetSize of job (KB)
...
005 (222539.000.000) 07/31 08:37:31 Job terminated.
	(1) Normal termination (return value 65)
		Usr 0 00:00:18, Sys 0 00:00:21  -  Run Remote Usage
		Usr 0 00:00:00, Sys 0 00:00:00  -  Run Local Usage
		Usr 0 00:00:18, Sys 0 00:00:21  -  Total Remote Usage
		Usr 0 00:00:00, Sys 0 00:00:00  -  Total Local Usage
	18803  -  Run Bytes Sent By Job
	8930  -  Run Bytes Received By Job
	18803  -  Total Bytes Sent By Job
	8930  -  Total Bytes Received By Job
	Partitionable Resources :    Usage  Request Allocated
	   Cpus                 :                 1         1
	   Disk (KB)            :  6635250 10000000  17104666
	   Memory (MB)          :      210     2100      2100
...
000 (223094.000.000) 07/31 08:49:58 Job submitted from host: <131.225.189.232:9618?addrs=131.225.189.232-9618&noUDP&sock=8982_aaf4_3>
...
001 (223094.000.000) 07/31 08:51:04 Job executing on host: <131.225.205.190:55293?addrs=131.225.205.190-55293>
...
006 (223094.000.000) 07/31 08:51:13 Image size of job updated: 2
	3  -  MemoryUsage of job (MB)
	2428  -  ResidentSetSize of job (KB)
...
006 (223094.000.000) 07/31 08:52:14 Image size of job updated: 447524
	70  -  MemoryUsage of job (MB)
	71356  -  ResidentSetSize of job (KB)
...
006 (223094.000.000) 07/31 08:53:15 Image size of job updated: 447524
	165  -  MemoryUsage of job (MB)
	168064  -  ResidentSetSize of job (KB)
...
006 (223094.000.000) 07/31 08:53:27 Image size of job updated: 704176
	165  -  MemoryUsage of job (MB)
	168064  -  ResidentSetSize of job (KB)
...
005 (223094.000.000) 07/31 08:53:28 Job terminated.
	(1) Normal termination (return value 65)
		Usr 0 00:00:12, Sys 0 00:00:16  -  Run Remote Usage
		Usr 0 00:00:00, Sys 0 00:00:00  -  Run Local Usage
		Usr 0 00:00:12, Sys 0 00:00:16  -  Total Remote Usage
		Usr 0 00:00:00, Sys 0 00:00:00  -  Total Local Usage
	13021  -  Run Bytes Sent By Job
	44439  -  Run Bytes Received By Job
	13021  -  Total Bytes Sent By Job
	44439  -  Total Bytes Received By Job
	Partitionable Resources :    Usage  Request Allocated
	   Cpus                 :                 1         1
	   Disk (KB)            :  6635082 10000000  17192325
	   Memory (MB)          :      165     2100      2100
...
000 (223649.000.000) 07/31 09:06:26 Job submitted from host: <131.225.189.232:9618?addrs=131.225.189.232-9618&noUDP&sock=8982_aaf4_3>
...
