000 (220673.000.000) 07/31 06:48:46 Job submitted from host: <131.225.189.232:9618?addrs=131.225.189.232-9618&noUDP&sock=8982_aaf4_3>
...
001 (220673.000.000) 07/31 06:49:08 Job executing on host: <131.225.206.51:32535?addrs=131.225.206.51-32535>
...
006 (220673.000.000) 07/31 06:49:17 Image size of job updated: 2
	3  -  MemoryUsage of job (MB)
	2424  -  ResidentSetSize of job (KB)
...
006 (220673.000.000) 07/31 06:50:18 Image size of job updated: 447524
	71  -  MemoryUsage of job (MB)
	72348  -  ResidentSetSize of job (KB)
...
005 (220673.000.000) 07/31 06:54:10 Job terminated.
	(1) Normal termination (return value 90)
		Usr 0 00:00:01, Sys 0 00:00:22  -  Run Remote Usage
		Usr 0 00:00:00, Sys 0 00:00:00  -  Run Local Usage
		Usr 0 00:00:01, Sys 0 00:00:22  -  Total Remote Usage
		Usr 0 00:00:00, Sys 0 00:00:00  -  Total Local Usage
	27958  -  Run Bytes Sent By Job
	8930  -  Run Bytes Received By Job
	27958  -  Total Bytes Sent By Job
	8930  -  Total Bytes Received By Job
	Partitionable Resources :    Usage  Request Allocated
	   Cpus                 :                 1         1
	   Disk (KB)            :  5065753 10000000  10494771
	   Memory (MB)          :       71     2100      2100
...
000 (221235.000.000) 07/31 07:07:19 Job submitted from host: <131.225.189.232:9618?addrs=131.225.189.232-9618&noUDP&sock=8982_aaf4_3>
...
001 (221235.000.000) 07/31 07:07:50 Job executing on host: <131.225.206.161:35541?addrs=131.225.206.161-35541>
...
006 (221235.000.000) 07/31 07:07:59 Image size of job updated: 447524
	39  -  MemoryUsage of job (MB)
	39420  -  ResidentSetSize of job (KB)
...
006 (221235.000.000) 07/31 07:09:00 Image size of job updated: 447524
	71  -  MemoryUsage of job (MB)
	72348  -  ResidentSetSize of job (KB)
...
005 (221235.000.000) 07/31 07:09:33 Job terminated.
	(1) Normal termination (return value 90)
		Usr 0 00:00:01, Sys 0 00:00:10  -  Run Remote Usage
		Usr 0 00:00:00, Sys 0 00:00:00  -  Run Local Usage
		Usr 0 00:00:01, Sys 0 00:00:10  -  Total Remote Usage
		Usr 0 00:00:00, Sys 0 00:00:00  -  Total Local Usage
	8931  -  Run Bytes Sent By Job
	8930  -  Run Bytes Received By Job
	8931  -  Total Bytes Sent By Job
	8930  -  Total Bytes Received By Job
	Partitionable Resources :    Usage  Request Allocated
	   Cpus                 :                 1         1
	   Disk (KB)            :  5681257 10000000  12219716
	   Memory (MB)          :       71     2100      2100
...
000 (221790.000.000) 07/31 07:12:00 Job submitted from host: <131.225.189.232:9618?addrs=131.225.189.232-9618&noUDP&sock=8982_aaf4_3>
...
001 (221790.000.000) 07/31 07:12:20 Job executing on host: <131.225.206.239:3451?addrs=131.225.206.239-3451>
...
006 (221790.000.000) 07/31 07:12:29 Image size of job updated: 447524
	71  -  MemoryUsage of job (MB)
	72352  -  ResidentSetSize of job (KB)
...
006 (221790.000.000) 07/31 07:14:31 Image size of job updated: 455284
	230  -  MemoryUsage of job (MB)
	235168  -  ResidentSetSize of job (KB)
...
006 (221790.000.000) 07/31 07:14:55 Image size of job updated: 527868
	230  -  MemoryUsage of job (MB)
	235168  -  ResidentSetSize of job (KB)
...
005 (221790.000.000) 07/31 07:14:56 Job terminated.
	(1) Normal termination (return value 65)
		Usr 0 00:00:04, Sys 0 00:00:13  -  Run Remote Usage
		Usr 0 00:00:00, Sys 0 00:00:00  -  Run Local Usage
		Usr 0 00:00:04, Sys 0 00:00:13  -  Total Remote Usage
		Usr 0 00:00:00, Sys 0 00:00:00  -  Total Local Usage
	9595  -  Run Bytes Sent By Job
	8930  -  Run Bytes Received By Job
	9595  -  Total Bytes Sent By Job
	8930  -  Total Bytes Received By Job
	Partitionable Resources :    Usage  Request Allocated
	   Cpus                 :                 1         1
	   Disk (KB)            :  6076091 10000000  12034144
	   Memory (MB)          :      230     2100      2100
...
000 (222352.000.000) 07/31 08:32:40 Job submitted from host: <131.225.189.232:9618?addrs=131.225.189.232-9618&noUDP&sock=8982_aaf4_3>
...
001 (222352.000.000) 07/31 08:33:16 Job executing on host: <131.225.206.212:17311?addrs=131.225.206.212-17311>
...
006 (222352.000.000) 07/31 08:33:35 Image size of job updated: 447524
	71  -  MemoryUsage of job (MB)
	72352  -  ResidentSetSize of job (KB)
...
006 (222352.000.000) 07/31 08:37:07 Image size of job updated: 601932
	71  -  MemoryUsage of job (MB)
	72352  -  ResidentSetSize of job (KB)
...
005 (222352.000.000) 07/31 08:37:08 Job terminated.
	(1) Normal termination (return value 65)
		Usr 0 00:00:08, Sys 0 00:00:13  -  Run Remote Usage
		Usr 0 00:00:00, Sys 0 00:00:00  -  Run Local Usage
		Usr 0 00:00:08, Sys 0 00:00:13  -  Total Remote Usage
		Usr 0 00:00:00, Sys 0 00:00:00  -  Total Local Usage
	14806  -  Run Bytes Sent By Job
	8930  -  Run Bytes Received By Job
	14806  -  Total Bytes Sent By Job
	8930  -  Total Bytes Received By Job
	Partitionable Resources :    Usage  Request Allocated
	   Cpus                 :                 1         1
	   Disk (KB)            :  6078964 10000000  11868356
	   Memory (MB)          :       71     2100      2100
...
