000 (221003.000.000) 07/31 06:49:57 Job submitted from host: <131.225.189.232:9618?addrs=131.225.189.232-9618&noUDP&sock=8982_aaf4_3>
...
001 (221003.000.000) 07/31 06:51:03 Job executing on host: <131.225.206.42:17214?addrs=131.225.206.42-17214>
...
006 (221003.000.000) 07/31 06:51:11 Image size of job updated: 447524
	64  -  MemoryUsage of job (MB)
	65324  -  ResidentSetSize of job (KB)
...
006 (221003.000.000) 07/31 06:52:11 Image size of job updated: 447524
	71  -  MemoryUsage of job (MB)
	72344  -  ResidentSetSize of job (KB)
...
005 (221003.000.000) 07/31 06:52:48 Job terminated.
	(1) Normal termination (return value 90)
		Usr 0 00:00:00, Sys 0 00:00:15  -  Run Remote Usage
		Usr 0 00:00:00, Sys 0 00:00:00  -  Run Local Usage
		Usr 0 00:00:00, Sys 0 00:00:15  -  Total Remote Usage
		Usr 0 00:00:00, Sys 0 00:00:00  -  Total Local Usage
	9546  -  Run Bytes Sent By Job
	8930  -  Run Bytes Received By Job
	9546  -  Total Bytes Sent By Job
	8930  -  Total Bytes Received By Job
	Partitionable Resources :    Usage  Request Allocated
	   Cpus                 :                 1         1
	   Disk (KB)            :  5295114 10000000  10425960
	   Memory (MB)          :       71     2100      2100
...
000 (221565.000.000) 07/31 07:08:17 Job submitted from host: <131.225.189.232:9618?addrs=131.225.189.232-9618&noUDP&sock=8982_aaf4_3>
...
001 (221565.000.000) 07/31 07:09:25 Job executing on host: <131.225.205.179:41504?addrs=131.225.205.179-41504>
...
006 (221565.000.000) 07/31 07:09:33 Image size of job updated: 40612
	4  -  MemoryUsage of job (MB)
	3648  -  ResidentSetSize of job (KB)
...
006 (221565.000.000) 07/31 07:10:33 Image size of job updated: 447524
	69  -  MemoryUsage of job (MB)
	70436  -  ResidentSetSize of job (KB)
...
000 (222120.000.000) 07/31 07:12:56 Job submitted from host: <131.225.189.232:9618?addrs=131.225.189.232-9618&noUDP&sock=8982_aaf4_3>
...
005 (221565.000.000) 07/31 07:13:33 Job terminated.
	(1) Normal termination (return value 90)
		Usr 0 00:00:01, Sys 0 00:00:22  -  Run Remote Usage
		Usr 0 00:00:00, Sys 0 00:00:00  -  Run Local Usage
		Usr 0 00:00:01, Sys 0 00:00:22  -  Total Remote Usage
		Usr 0 00:00:00, Sys 0 00:00:00  -  Total Local Usage
	22763  -  Run Bytes Sent By Job
	8930  -  Run Bytes Received By Job
	22763  -  Total Bytes Sent By Job
	8930  -  Total Bytes Received By Job
	Partitionable Resources :    Usage  Request Allocated
	   Cpus                 :                 1         1
	   Disk (KB)            :  4681844 10000000  17138965
	   Memory (MB)          :       69     2100      2100
...
001 (222120.000.000) 07/31 07:14:45 Job executing on host: <131.225.206.165:16738?addrs=131.225.206.165-16738>
...
006 (222120.000.000) 07/31 07:14:53 Image size of job updated: 447536
	34  -  MemoryUsage of job (MB)
	33972  -  ResidentSetSize of job (KB)
...
006 (222120.000.000) 07/31 07:15:53 Image size of job updated: 447536
	69  -  MemoryUsage of job (MB)
	70392  -  ResidentSetSize of job (KB)
...
006 (222120.000.000) 07/31 07:16:53 Image size of job updated: 447536
	69  -  MemoryUsage of job (MB)
	70400  -  ResidentSetSize of job (KB)
...
006 (222120.000.000) 07/31 07:21:56 Image size of job updated: 770740
	479  -  MemoryUsage of job (MB)
	489480  -  ResidentSetSize of job (KB)
...
006 (222120.000.000) 07/31 07:21:59 Image size of job updated: 779956
	479  -  MemoryUsage of job (MB)
	489480  -  ResidentSetSize of job (KB)
...
005 (222120.000.000) 07/31 07:22:01 Job terminated.
	(1) Normal termination (return value 65)
		Usr 0 00:00:14, Sys 0 00:00:24  -  Run Remote Usage
		Usr 0 00:00:00, Sys 0 00:00:00  -  Run Local Usage
		Usr 0 00:00:14, Sys 0 00:00:24  -  Total Remote Usage
		Usr 0 00:00:00, Sys 0 00:00:00  -  Total Local Usage
	29113  -  Run Bytes Sent By Job
	8930  -  Run Bytes Received By Job
	29113  -  Total Bytes Sent By Job
	8930  -  Total Bytes Received By Job
	Partitionable Resources :    Usage  Request Allocated
	   Cpus                 :                 1         1
	   Disk (KB)            :  6562324 10000000  11014672
	   Memory (MB)          :      479     2100      2100
...
