000 (220833.000.000) 07/31 06:49:20 Job submitted from host: <131.225.189.232:9618?addrs=131.225.189.232-9618&noUDP&sock=8982_aaf4_3>
...
001 (220833.000.000) 07/31 06:49:41 Job executing on host: <131.225.205.163:4274?addrs=131.225.205.163-4274>
...
006 (220833.000.000) 07/31 06:49:50 Image size of job updated: 2
	3  -  MemoryUsage of job (MB)
	2420  -  ResidentSetSize of job (KB)
...
006 (220833.000.000) 07/31 06:50:51 Image size of job updated: 447524
	70  -  MemoryUsage of job (MB)
	71360  -  ResidentSetSize of job (KB)
...
005 (220833.000.000) 07/31 06:50:52 Job terminated.
	(1) Normal termination (return value 90)
		Usr 0 00:00:00, Sys 0 00:00:17  -  Run Remote Usage
		Usr 0 00:00:00, Sys 0 00:00:00  -  Run Local Usage
		Usr 0 00:00:00, Sys 0 00:00:17  -  Total Remote Usage
		Usr 0 00:00:00, Sys 0 00:00:00  -  Total Local Usage
	8142  -  Run Bytes Sent By Job
	8930  -  Run Bytes Received By Job
	8142  -  Total Bytes Sent By Job
	8930  -  Total Bytes Received By Job
	Partitionable Resources :    Usage  Request Allocated
	   Cpus                 :                 1         1
	   Disk (KB)            :   773125 10000000  17154809
	   Memory (MB)          :       70     2100      2100
...
000 (221395.000.000) 07/31 07:07:47 Job submitted from host: <131.225.189.232:9618?addrs=131.225.189.232-9618&noUDP&sock=8982_aaf4_3>
...
001 (221395.000.000) 07/31 07:08:22 Job executing on host: <131.225.191.243:63884?addrs=131.225.191.243-63884>
...
006 (221395.000.000) 07/31 07:08:31 Image size of job updated: 2
	3  -  MemoryUsage of job (MB)
	2428  -  ResidentSetSize of job (KB)
...
006 (221395.000.000) 07/31 07:09:32 Image size of job updated: 447524
	70  -  MemoryUsage of job (MB)
	71356  -  ResidentSetSize of job (KB)
...
005 (221395.000.000) 07/31 07:09:48 Job terminated.
	(1) Normal termination (return value 90)
		Usr 0 00:00:00, Sys 0 00:00:18  -  Run Remote Usage
		Usr 0 00:00:00, Sys 0 00:00:00  -  Run Local Usage
		Usr 0 00:00:00, Sys 0 00:00:18  -  Total Remote Usage
		Usr 0 00:00:00, Sys 0 00:00:00  -  Total Local Usage
	8757  -  Run Bytes Sent By Job
	8930  -  Run Bytes Received By Job
	8757  -  Total Bytes Sent By Job
	8930  -  Total Bytes Received By Job
	Partitionable Resources :    Usage  Request Allocated
	   Cpus                 :                 1         1
	   Disk (KB)            :  5271657 10000000  16018102
	   Memory (MB)          :       70     2100      2100
...
000 (221950.000.000) 07/31 07:12:28 Job submitted from host: <131.225.189.232:9618?addrs=131.225.189.232-9618&noUDP&sock=8982_aaf4_3>
...
001 (221950.000.000) 07/31 07:13:28 Job executing on host: <131.225.204.69:34261?addrs=131.225.204.69-34261>
...
006 (221950.000.000) 07/31 07:13:37 Image size of job updated: 102476
	3  -  MemoryUsage of job (MB)
	2468  -  ResidentSetSize of job (KB)
...
006 (221950.000.000) 07/31 07:14:36 Image size of job updated: 447524
	71  -  MemoryUsage of job (MB)
	72344  -  ResidentSetSize of job (KB)
...
006 (221950.000.000) 07/31 07:15:36 Image size of job updated: 772780
	481  -  MemoryUsage of job (MB)
	491832  -  ResidentSetSize of job (KB)
...
005 (221950.000.000) 07/31 07:15:37 Job terminated.
	(1) Normal termination (return value 65)
		Usr 0 00:00:11, Sys 0 00:00:17  -  Run Remote Usage
		Usr 0 00:00:00, Sys 0 00:00:00  -  Run Local Usage
		Usr 0 00:00:11, Sys 0 00:00:17  -  Total Remote Usage
		Usr 0 00:00:00, Sys 0 00:00:00  -  Total Local Usage
	9595  -  Run Bytes Sent By Job
	8930  -  Run Bytes Received By Job
	9595  -  Total Bytes Sent By Job
	8930  -  Total Bytes Received By Job
	Partitionable Resources :    Usage  Request Allocated
	   Cpus                 :                 1         1
	   Disk (KB)            :  5221912 10000000  10379559
	   Memory (MB)          :      481     2100      2100
...
000 (222512.000.000) 07/31 08:32:51 Job submitted from host: <131.225.189.232:9618?addrs=131.225.189.232-9618&noUDP&sock=8982_aaf4_3>
...
001 (222512.000.000) 07/31 08:33:52 Job executing on host: <131.225.190.36:65020?addrs=131.225.190.36-65020>
...
006 (222512.000.000) 07/31 08:34:01 Image size of job updated: 447536
	24  -  MemoryUsage of job (MB)
	24376  -  ResidentSetSize of job (KB)
...
006 (222512.000.000) 07/31 08:35:03 Image size of job updated: 447536
	69  -  MemoryUsage of job (MB)
	70360  -  ResidentSetSize of job (KB)
...
006 (222512.000.000) 07/31 08:37:04 Image size of job updated: 493968
	260  -  MemoryUsage of job (MB)
	266076  -  ResidentSetSize of job (KB)
...
006 (222512.000.000) 07/31 08:37:22 Image size of job updated: 724916
	260  -  MemoryUsage of job (MB)
	266076  -  ResidentSetSize of job (KB)
...
005 (222512.000.000) 07/31 08:37:23 Job terminated.
	(1) Normal termination (return value 65)
		Usr 0 00:00:12, Sys 0 00:00:34  -  Run Remote Usage
		Usr 0 00:00:00, Sys 0 00:00:00  -  Run Local Usage
		Usr 0 00:00:12, Sys 0 00:00:34  -  Total Remote Usage
		Usr 0 00:00:00, Sys 0 00:00:00  -  Total Local Usage
	12385  -  Run Bytes Sent By Job
	8930  -  Run Bytes Received By Job
	12385  -  Total Bytes Sent By Job
	8930  -  Total Bytes Received By Job
	Partitionable Resources :    Usage  Request Allocated
	   Cpus                 :                 1         1
	   Disk (KB)            :  6194586 10000000  14491426
	   Memory (MB)          :      260     2100      2100
...
000 (223067.000.000) 07/31 08:49:57 Job submitted from host: <131.225.189.232:9618?addrs=131.225.189.232-9618&noUDP&sock=8982_aaf4_3>
...
001 (223067.000.000) 07/31 08:51:00 Job executing on host: <131.225.191.69:18084?addrs=131.225.191.69-18084>
...
006 (223067.000.000) 07/31 08:51:08 Image size of job updated: 447524
	71  -  MemoryUsage of job (MB)
	72344  -  ResidentSetSize of job (KB)
...
006 (223067.000.000) 07/31 08:53:09 Image size of job updated: 493968
	260  -  MemoryUsage of job (MB)
	266088  -  ResidentSetSize of job (KB)
...
006 (223067.000.000) 07/31 08:53:25 Image size of job updated: 772788
	260  -  MemoryUsage of job (MB)
	266088  -  ResidentSetSize of job (KB)
...
005 (223067.000.000) 07/31 08:53:26 Job terminated.
	(1) Normal termination (return value 65)
		Usr 0 00:00:16, Sys 0 00:00:22  -  Run Remote Usage
		Usr 0 00:00:00, Sys 0 00:00:00  -  Run Local Usage
		Usr 0 00:00:16, Sys 0 00:00:22  -  Total Remote Usage
		Usr 0 00:00:00, Sys 0 00:00:00  -  Total Local Usage
	11691  -  Run Bytes Sent By Job
	44439  -  Run Bytes Received By Job
	11691  -  Total Bytes Sent By Job
	44439  -  Total Bytes Received By Job
	Partitionable Resources :    Usage  Request Allocated
	   Cpus                 :                 1         1
	   Disk (KB)            :  6194424 10000000  16051964
	   Memory (MB)          :      260     2100      2100
...
000 (223622.000.000) 07/31 09:06:25 Job submitted from host: <131.225.189.232:9618?addrs=131.225.189.232-9618&noUDP&sock=8982_aaf4_3>
...
