000 (220555.000.000) 07/31 06:48:21 Job submitted from host: <131.225.189.232:9618?addrs=131.225.189.232-9618&noUDP&sock=8982_aaf4_3>
...
001 (220555.000.000) 07/31 06:48:35 Job executing on host: <131.225.204.74:25033?addrs=131.225.204.74-25033>
...
006 (220555.000.000) 07/31 06:48:44 Image size of job updated: 2
	3  -  MemoryUsage of job (MB)
	2420  -  ResidentSetSize of job (KB)
...
006 (220555.000.000) 07/31 06:49:44 Image size of job updated: 447524
	71  -  MemoryUsage of job (MB)
	72348  -  ResidentSetSize of job (KB)
...
005 (220555.000.000) 07/31 06:52:12 Job terminated.
	(1) Normal termination (return value 90)
		Usr 0 00:00:01, Sys 0 00:00:19  -  Run Remote Usage
		Usr 0 00:00:00, Sys 0 00:00:00  -  Run Local Usage
		Usr 0 00:00:01, Sys 0 00:00:19  -  Total Remote Usage
		Usr 0 00:00:00, Sys 0 00:00:00  -  Total Local Usage
	19495  -  Run Bytes Sent By Job
	8930  -  Run Bytes Received By Job
	19495  -  Total Bytes Sent By Job
	8930  -  Total Bytes Received By Job
	Partitionable Resources :    Usage  Request Allocated
	   Cpus                 :                 1         1
	   Disk (KB)            :  5770259 10000000  10478883
	   Memory (MB)          :       71     2100      2100
...
000 (221117.000.000) 07/31 07:06:58 Job submitted from host: <131.225.189.232:9618?addrs=131.225.189.232-9618&noUDP&sock=8982_aaf4_3>
...
001 (221117.000.000) 07/31 07:07:17 Job executing on host: <131.225.204.77:57293?addrs=131.225.204.77-57293>
...
006 (221117.000.000) 07/31 07:07:26 Image size of job updated: 447524
	71  -  MemoryUsage of job (MB)
	72344  -  ResidentSetSize of job (KB)
...
000 (221672.000.000) 07/31 07:11:40 Job submitted from host: <131.225.189.232:9618?addrs=131.225.189.232-9618&noUDP&sock=8982_aaf4_3>
...
001 (221672.000.000) 07/31 07:11:49 Job executing on host: <131.225.204.44:36218?addrs=131.225.204.44-36218>
...
006 (221672.000.000) 07/31 07:11:58 Image size of job updated: 447524
	17  -  MemoryUsage of job (MB)
	16752  -  ResidentSetSize of job (KB)
...
005 (221117.000.000) 07/31 07:12:20 Job terminated.
	(1) Normal termination (return value 90)
		Usr 0 00:00:01, Sys 0 00:00:24  -  Run Remote Usage
		Usr 0 00:00:00, Sys 0 00:00:00  -  Run Local Usage
		Usr 0 00:00:01, Sys 0 00:00:24  -  Total Remote Usage
		Usr 0 00:00:00, Sys 0 00:00:00  -  Total Local Usage
	23918  -  Run Bytes Sent By Job
	8930  -  Run Bytes Received By Job
	23918  -  Total Bytes Sent By Job
	8930  -  Total Bytes Received By Job
	Partitionable Resources :    Usage  Request Allocated
	   Cpus                 :                 1         1
	   Disk (KB)            :  5592530 10000000  10314189
	   Memory (MB)          :       71     2100      2100
...
006 (221672.000.000) 07/31 07:12:59 Image size of job updated: 447524
	70  -  MemoryUsage of job (MB)
	71356  -  ResidentSetSize of job (KB)
...
006 (221672.000.000) 07/31 07:17:02 Image size of job updated: 447524
	165  -  MemoryUsage of job (MB)
	168012  -  ResidentSetSize of job (KB)
...
006 (221672.000.000) 07/31 07:17:13 Image size of job updated: 759724
	165  -  MemoryUsage of job (MB)
	168012  -  ResidentSetSize of job (KB)
...
005 (221672.000.000) 07/31 07:17:14 Job terminated.
	(1) Normal termination (return value 65)
		Usr 0 00:00:13, Sys 0 00:00:22  -  Run Remote Usage
		Usr 0 00:00:00, Sys 0 00:00:00  -  Run Local Usage
		Usr 0 00:00:13, Sys 0 00:00:22  -  Total Remote Usage
		Usr 0 00:00:00, Sys 0 00:00:00  -  Total Local Usage
	28836  -  Run Bytes Sent By Job
	8930  -  Run Bytes Received By Job
	28836  -  Total Bytes Sent By Job
	8930  -  Total Bytes Received By Job
	Partitionable Resources :    Usage  Request Allocated
	   Cpus                 :                 1         1
	   Disk (KB)            :  6436848 10000000  13306528
	   Memory (MB)          :      165     2100      2100
...
