000 (220545.000.000) 07/31 06:48:19 Job submitted from host: <131.225.189.232:9618?addrs=131.225.189.232-9618&noUDP&sock=8982_aaf4_3>
...
001 (220545.000.000) 07/31 06:48:34 Job executing on host: <131.225.191.161:17748?addrs=131.225.191.161-17748>
...
006 (220545.000.000) 07/31 06:48:43 Image size of job updated: 447524
	71  -  MemoryUsage of job (MB)
	72344  -  ResidentSetSize of job (KB)
...
005 (220545.000.000) 07/31 06:49:45 Job terminated.
	(1) Normal termination (return value 90)
		Usr 0 00:00:00, Sys 0 00:00:14  -  Run Remote Usage
		Usr 0 00:00:00, Sys 0 00:00:00  -  Run Local Usage
		Usr 0 00:00:00, Sys 0 00:00:14  -  Total Remote Usage
		Usr 0 00:00:00, Sys 0 00:00:00  -  Total Local Usage
	8477  -  Run Bytes Sent By Job
	8930  -  Run Bytes Received By Job
	8477  -  Total Bytes Sent By Job
	8930  -  Total Bytes Received By Job
	Partitionable Resources :    Usage  Request Allocated
	   Cpus                 :                 1         1
	   Disk (KB)            :  6008386 10000000  11485676
	   Memory (MB)          :       71     2100      2100
...
000 (221107.000.000) 07/31 07:06:56 Job submitted from host: <131.225.189.232:9618?addrs=131.225.189.232-9618&noUDP&sock=8982_aaf4_3>
...
001 (221107.000.000) 07/31 07:07:14 Job executing on host: <131.225.206.240:56647?addrs=131.225.206.240-56647>
...
006 (221107.000.000) 07/31 07:07:23 Image size of job updated: 447524
	71  -  MemoryUsage of job (MB)
	72352  -  ResidentSetSize of job (KB)
...
005 (221107.000.000) 07/31 07:10:26 Job terminated.
	(1) Normal termination (return value 90)
		Usr 0 00:00:01, Sys 0 00:00:16  -  Run Remote Usage
		Usr 0 00:00:00, Sys 0 00:00:00  -  Run Local Usage
		Usr 0 00:00:01, Sys 0 00:00:16  -  Total Remote Usage
		Usr 0 00:00:00, Sys 0 00:00:00  -  Total Local Usage
	16017  -  Run Bytes Sent By Job
	8930  -  Run Bytes Received By Job
	16017  -  Total Bytes Sent By Job
	8930  -  Total Bytes Received By Job
	Partitionable Resources :    Usage  Request Allocated
	   Cpus                 :                 1         1
	   Disk (KB)            :  4796524 10000000  11563312
	   Memory (MB)          :       71     2100      2100
...
000 (221662.000.000) 07/31 07:11:38 Job submitted from host: <131.225.189.232:9618?addrs=131.225.189.232-9618&noUDP&sock=8982_aaf4_3>
...
001 (221662.000.000) 07/31 07:11:53 Job executing on host: <131.225.191.130:56709?addrs=131.225.191.130-56709>
...
006 (221662.000.000) 07/31 07:12:02 Image size of job updated: 2
	3  -  MemoryUsage of job (MB)
	2424  -  ResidentSetSize of job (KB)
...
006 (221662.000.000) 07/31 07:13:03 Image size of job updated: 447524
	71  -  MemoryUsage of job (MB)
	72340  -  ResidentSetSize of job (KB)
...
005 (221662.000.000) 07/31 07:17:04 Job terminated.
	(1) Normal termination (return value 65)
		Usr 0 00:00:02, Sys 0 00:00:21  -  Run Remote Usage
		Usr 0 00:00:00, Sys 0 00:00:00  -  Run Local Usage
		Usr 0 00:00:02, Sys 0 00:00:21  -  Total Remote Usage
		Usr 0 00:00:00, Sys 0 00:00:00  -  Total Local Usage
	27555  -  Run Bytes Sent By Job
	8930  -  Run Bytes Received By Job
	27555  -  Total Bytes Sent By Job
	8930  -  Total Bytes Received By Job
	Partitionable Resources :    Usage  Request Allocated
	   Cpus                 :                 1         1
	   Disk (KB)            :  5172774 10000000  11541444
	   Memory (MB)          :       71     2100      2100
...
