000 (220543.000.000) 07/31 06:48:18 Job submitted from host: <131.225.189.232:9618?addrs=131.225.189.232-9618&noUDP&sock=8982_aaf4_3>
...
001 (220543.000.000) 07/31 06:48:34 Job executing on host: <131.225.207.167:1759?addrs=131.225.207.167-1759>
...
006 (220543.000.000) 07/31 06:48:43 Image size of job updated: 447524
	51  -  MemoryUsage of job (MB)
	51456  -  ResidentSetSize of job (KB)
...
006 (220543.000.000) 07/31 06:49:44 Image size of job updated: 447524
	71  -  MemoryUsage of job (MB)
	72348  -  ResidentSetSize of job (KB)
...
005 (220543.000.000) 07/31 06:49:48 Job terminated.
	(1) Normal termination (return value 90)
		Usr 0 00:00:00, Sys 0 00:00:14  -  Run Remote Usage
		Usr 0 00:00:00, Sys 0 00:00:00  -  Run Local Usage
		Usr 0 00:00:00, Sys 0 00:00:14  -  Total Remote Usage
		Usr 0 00:00:00, Sys 0 00:00:00  -  Total Local Usage
	8586  -  Run Bytes Sent By Job
	8930  -  Run Bytes Received By Job
	8586  -  Total Bytes Sent By Job
	8930  -  Total Bytes Received By Job
	Partitionable Resources :    Usage  Request Allocated
	   Cpus                 :                 1         1
	   Disk (KB)            :  5966858 10000000  10534233
	   Memory (MB)          :       71     2100      2100
...
000 (221105.000.000) 07/31 07:06:56 Job submitted from host: <131.225.189.232:9618?addrs=131.225.189.232-9618&noUDP&sock=8982_aaf4_3>
...
001 (221105.000.000) 07/31 07:07:15 Job executing on host: <131.225.206.9:21217?addrs=131.225.206.9-21217>
...
006 (221105.000.000) 07/31 07:07:25 Image size of job updated: 32740
	4  -  MemoryUsage of job (MB)
	4036  -  ResidentSetSize of job (KB)
...
006 (221105.000.000) 07/31 07:08:25 Image size of job updated: 447524
	71  -  MemoryUsage of job (MB)
	72352  -  ResidentSetSize of job (KB)
...
005 (221105.000.000) 07/31 07:08:50 Job terminated.
	(1) Normal termination (return value 90)
		Usr 0 00:00:00, Sys 0 00:00:21  -  Run Remote Usage
		Usr 0 00:00:00, Sys 0 00:00:00  -  Run Local Usage
		Usr 0 00:00:00, Sys 0 00:00:21  -  Total Remote Usage
		Usr 0 00:00:00, Sys 0 00:00:00  -  Total Local Usage
	9046  -  Run Bytes Sent By Job
	8930  -  Run Bytes Received By Job
	9046  -  Total Bytes Sent By Job
	8930  -  Total Bytes Received By Job
	Partitionable Resources :    Usage  Request Allocated
	   Cpus                 :                 1         1
	   Disk (KB)            :  5402729 10000000  10130451
	   Memory (MB)          :       71     2100      2100
...
000 (221660.000.000) 07/31 07:11:38 Job submitted from host: <131.225.189.232:9618?addrs=131.225.189.232-9618&noUDP&sock=8982_aaf4_3>
...
001 (221660.000.000) 07/31 07:11:48 Job executing on host: <131.225.207.161:39856?addrs=131.225.207.161-39856>
...
006 (221660.000.000) 07/31 07:11:57 Image size of job updated: 2
	3  -  MemoryUsage of job (MB)
	2420  -  ResidentSetSize of job (KB)
...
006 (221660.000.000) 07/31 07:12:58 Image size of job updated: 447524
	71  -  MemoryUsage of job (MB)
	72344  -  ResidentSetSize of job (KB)
...
006 (221660.000.000) 07/31 07:15:39 Image size of job updated: 726960
	71  -  MemoryUsage of job (MB)
	72344  -  ResidentSetSize of job (KB)
...
005 (221660.000.000) 07/31 07:15:39 Job terminated.
	(1) Normal termination (return value 65)
		Usr 0 00:00:10, Sys 0 00:00:19  -  Run Remote Usage
		Usr 0 00:00:00, Sys 0 00:00:00  -  Run Local Usage
		Usr 0 00:00:10, Sys 0 00:00:19  -  Total Remote Usage
		Usr 0 00:00:00, Sys 0 00:00:00  -  Total Local Usage
	18969  -  Run Bytes Sent By Job
	8930  -  Run Bytes Received By Job
	18969  -  Total Bytes Sent By Job
	8930  -  Total Bytes Received By Job
	Partitionable Resources :    Usage  Request Allocated
	   Cpus                 :                 1         1
	   Disk (KB)            :  6104399 10000000  10105797
	   Memory (MB)          :       71     2100      2100
...
000 (222222.000.000) 07/31 08:32:31 Job submitted from host: <131.225.189.232:9618?addrs=131.225.189.232-9618&noUDP&sock=8982_aaf4_3>
...
001 (222222.000.000) 07/31 08:32:48 Job executing on host: <131.225.206.39:33234?addrs=131.225.206.39-33234>
...
006 (222222.000.000) 07/31 08:32:57 Image size of job updated: 447532
	71  -  MemoryUsage of job (MB)
	72316  -  ResidentSetSize of job (KB)
...
006 (222222.000.000) 07/31 08:33:58 Image size of job updated: 447532
	71  -  MemoryUsage of job (MB)
	72444  -  ResidentSetSize of job (KB)
...
006 (222222.000.000) 07/31 08:36:48 Image size of job updated: 646060
	71  -  MemoryUsage of job (MB)
	72444  -  ResidentSetSize of job (KB)
...
005 (222222.000.000) 07/31 08:36:48 Job terminated.
	(1) Normal termination (return value 65)
		Usr 0 00:00:08, Sys 0 00:00:17  -  Run Remote Usage
		Usr 0 00:00:00, Sys 0 00:00:00  -  Run Local Usage
		Usr 0 00:00:08, Sys 0 00:00:17  -  Total Remote Usage
		Usr 0 00:00:00, Sys 0 00:00:00  -  Total Local Usage
	20884  -  Run Bytes Sent By Job
	8930  -  Run Bytes Received By Job
	20884  -  Total Bytes Sent By Job
	8930  -  Total Bytes Received By Job
	Partitionable Resources :    Usage  Request Allocated
	   Cpus                 :                 1         1
	   Disk (KB)            :  5405013 10000000  10316289
	   Memory (MB)          :       71     2100      2100
...
000 (222777.000.000) 07/31 08:49:41 Job submitted from host: <131.225.189.232:9618?addrs=131.225.189.232-9618&noUDP&sock=8982_aaf4_3>
...
001 (222777.000.000) 07/31 08:50:00 Job executing on host: <131.225.191.130:56709?addrs=131.225.191.130-56709>
...
006 (222777.000.000) 07/31 08:50:09 Image size of job updated: 447524
	71  -  MemoryUsage of job (MB)
	72344  -  ResidentSetSize of job (KB)
...
006 (222777.000.000) 07/31 08:52:11 Image size of job updated: 621732
	71  -  MemoryUsage of job (MB)
	72344  -  ResidentSetSize of job (KB)
...
005 (222777.000.000) 07/31 08:52:11 Job terminated.
	(1) Normal termination (return value 65)
		Usr 0 00:00:06, Sys 0 00:00:17  -  Run Remote Usage
		Usr 0 00:00:00, Sys 0 00:00:00  -  Run Local Usage
		Usr 0 00:00:06, Sys 0 00:00:17  -  Total Remote Usage
		Usr 0 00:00:00, Sys 0 00:00:00  -  Total Local Usage
	11593  -  Run Bytes Sent By Job
	44439  -  Run Bytes Received By Job
	11593  -  Total Bytes Sent By Job
	44439  -  Total Bytes Received By Job
	Partitionable Resources :    Usage  Request Allocated
	   Cpus                 :                 1         1
	   Disk (KB)            :  4470953 10000000  11599624
	   Memory (MB)          :       71     2100      2100
...
000 (223332.000.000) 07/31 09:06:11 Job submitted from host: <131.225.189.232:9618?addrs=131.225.189.232-9618&noUDP&sock=8982_aaf4_3>
...
