000 (220566.000.000) 07/31 06:48:23 Job submitted from host: <131.225.189.232:9618?addrs=131.225.189.232-9618&noUDP&sock=8982_aaf4_3>
...
001 (220566.000.000) 07/31 06:48:46 Job executing on host: <131.225.207.180:5355?addrs=131.225.207.180-5355>
...
006 (220566.000.000) 07/31 06:48:55 Image size of job updated: 447524
	65  -  MemoryUsage of job (MB)
	65592  -  ResidentSetSize of job (KB)
...
005 (220566.000.000) 07/31 06:49:44 Job terminated.
	(1) Normal termination (return value 90)
		Usr 0 00:00:00, Sys 0 00:00:08  -  Run Remote Usage
		Usr 0 00:00:00, Sys 0 00:00:00  -  Run Local Usage
		Usr 0 00:00:00, Sys 0 00:00:08  -  Total Remote Usage
		Usr 0 00:00:00, Sys 0 00:00:00  -  Total Local Usage
	7048  -  Run Bytes Sent By Job
	8930  -  Run Bytes Received By Job
	7048  -  Total Bytes Sent By Job
	8930  -  Total Bytes Received By Job
	Partitionable Resources :    Usage  Request Allocated
	   Cpus                 :                 1         1
	   Disk (KB)            :   527365 10000000  13261652
	   Memory (MB)          :       65     2100      2100
...
000 (221128.000.000) 07/31 07:07:00 Job submitted from host: <131.225.189.232:9618?addrs=131.225.189.232-9618&noUDP&sock=8982_aaf4_3>
...
001 (221128.000.000) 07/31 07:07:19 Job executing on host: <131.225.207.159:28646?addrs=131.225.207.159-28646>
...
006 (221128.000.000) 07/31 07:07:28 Image size of job updated: 447524
	70  -  MemoryUsage of job (MB)
	71352  -  ResidentSetSize of job (KB)
...
005 (221128.000.000) 07/31 07:08:05 Job terminated.
	(1) Normal termination (return value 90)
		Usr 0 00:00:00, Sys 0 00:00:06  -  Run Remote Usage
		Usr 0 00:00:00, Sys 0 00:00:00  -  Run Local Usage
		Usr 0 00:00:00, Sys 0 00:00:06  -  Total Remote Usage
		Usr 0 00:00:00, Sys 0 00:00:00  -  Total Local Usage
	6261  -  Run Bytes Sent By Job
	8930  -  Run Bytes Received By Job
	6261  -  Total Bytes Sent By Job
	8930  -  Total Bytes Received By Job
	Partitionable Resources :    Usage  Request Allocated
	   Cpus                 :                 1         1
	   Disk (KB)            :   749668 10000000  10473735
	   Memory (MB)          :       70     2100      2100
...
000 (221683.000.000) 07/31 07:11:42 Job submitted from host: <131.225.189.232:9618?addrs=131.225.189.232-9618&noUDP&sock=8982_aaf4_3>
...
001 (221683.000.000) 07/31 07:11:50 Job executing on host: <131.225.207.166:17202?addrs=131.225.207.166-17202>
...
006 (221683.000.000) 07/31 07:11:58 Image size of job updated: 2
	3  -  MemoryUsage of job (MB)
	2428  -  ResidentSetSize of job (KB)
...
006 (221683.000.000) 07/31 07:12:58 Image size of job updated: 447524
	71  -  MemoryUsage of job (MB)
	72440  -  ResidentSetSize of job (KB)
...
006 (221683.000.000) 07/31 07:13:58 Image size of job updated: 447524
	78  -  MemoryUsage of job (MB)
	79172  -  ResidentSetSize of job (KB)
...
006 (221683.000.000) 07/31 07:14:29 Image size of job updated: 567976
	78  -  MemoryUsage of job (MB)
	79172  -  ResidentSetSize of job (KB)
...
005 (221683.000.000) 07/31 07:14:30 Job terminated.
	(1) Normal termination (return value 65)
		Usr 0 00:00:05, Sys 0 00:00:11  -  Run Remote Usage
		Usr 0 00:00:00, Sys 0 00:00:00  -  Run Local Usage
		Usr 0 00:00:05, Sys 0 00:00:11  -  Total Remote Usage
		Usr 0 00:00:00, Sys 0 00:00:00  -  Total Local Usage
	11951  -  Run Bytes Sent By Job
	8930  -  Run Bytes Received By Job
	11951  -  Total Bytes Sent By Job
	8930  -  Total Bytes Received By Job
	Partitionable Resources :    Usage  Request Allocated
	   Cpus                 :                 1         1
	   Disk (KB)            :  3035143 10000000  10103637
	   Memory (MB)          :       78     2100      2100
...
000 (222245.000.000) 07/31 08:32:32 Job submitted from host: <131.225.189.232:9618?addrs=131.225.189.232-9618&noUDP&sock=8982_aaf4_3>
...
001 (222245.000.000) 07/31 08:32:53 Job executing on host: <131.225.206.174:50723?addrs=131.225.206.174-50723>
...
006 (222245.000.000) 07/31 08:33:02 Image size of job updated: 447524
	71  -  MemoryUsage of job (MB)
	72348  -  ResidentSetSize of job (KB)
...
006 (222245.000.000) 07/31 08:35:04 Image size of job updated: 580636
	306  -  MemoryUsage of job (MB)
	312520  -  ResidentSetSize of job (KB)
...
005 (222245.000.000) 07/31 08:35:09 Job terminated.
	(1) Normal termination (return value 65)
		Usr 0 00:00:05, Sys 0 00:00:07  -  Run Remote Usage
		Usr 0 00:00:00, Sys 0 00:00:00  -  Run Local Usage
		Usr 0 00:00:05, Sys 0 00:00:07  -  Total Remote Usage
		Usr 0 00:00:00, Sys 0 00:00:00  -  Total Local Usage
	8953  -  Run Bytes Sent By Job
	8930  -  Run Bytes Received By Job
	8953  -  Total Bytes Sent By Job
	8930  -  Total Bytes Received By Job
	Partitionable Resources :    Usage  Request Allocated
	   Cpus                 :                 1         1
	   Disk (KB)            :  3038008 10000000  11955120
	   Memory (MB)          :      306     2100      2100
...
000 (222800.000.000) 07/31 08:49:43 Job submitted from host: <131.225.189.232:9618?addrs=131.225.189.232-9618&noUDP&sock=8982_aaf4_3>
...
001 (222800.000.000) 07/31 08:50:04 Job executing on host: <131.225.207.40:56990?addrs=131.225.207.40-56990>
...
006 (222800.000.000) 07/31 08:50:13 Image size of job updated: 447524
	71  -  MemoryUsage of job (MB)
	72348  -  ResidentSetSize of job (KB)
...
006 (222800.000.000) 07/31 08:52:47 Image size of job updated: 764340
	396  -  MemoryUsage of job (MB)
	404780  -  ResidentSetSize of job (KB)
...
005 (222800.000.000) 07/31 08:52:50 Job terminated.
	(1) Normal termination (return value 65)
		Usr 0 00:00:11, Sys 0 00:00:11  -  Run Remote Usage
		Usr 0 00:00:00, Sys 0 00:00:00  -  Run Local Usage
		Usr 0 00:00:11, Sys 0 00:00:11  -  Total Remote Usage
		Usr 0 00:00:00, Sys 0 00:00:00  -  Total Local Usage
	11242  -  Run Bytes Sent By Job
	44439  -  Run Bytes Received By Job
	11242  -  Total Bytes Sent By Job
	44439  -  Total Bytes Received By Job
	Partitionable Resources :    Usage  Request Allocated
	   Cpus                 :                 1         1
	   Disk (KB)            :  3037848 10000000  10239759
	   Memory (MB)          :      396     2100      2100
...
000 (223355.000.000) 07/31 09:06:14 Job submitted from host: <131.225.189.232:9618?addrs=131.225.189.232-9618&noUDP&sock=8982_aaf4_3>
...
