000 (220913.000.000) 07/31 06:49:36 Job submitted from host: <131.225.189.232:9618?addrs=131.225.189.232-9618&noUDP&sock=8982_aaf4_3>
...
001 (220913.000.000) 07/31 06:50:13 Job executing on host: <131.225.205.193:60312?addrs=131.225.205.193-60312>
...
006 (220913.000.000) 07/31 06:50:22 Image size of job updated: 381924
	25  -  MemoryUsage of job (MB)
	25176  -  ResidentSetSize of job (KB)
...
006 (220913.000.000) 07/31 06:51:23 Image size of job updated: 447524
	69  -  MemoryUsage of job (MB)
	70408  -  ResidentSetSize of job (KB)
...
005 (220913.000.000) 07/31 06:54:38 Job terminated.
	(1) Normal termination (return value 90)
		Usr 0 00:00:01, Sys 0 00:00:26  -  Run Remote Usage
		Usr 0 00:00:00, Sys 0 00:00:00  -  Run Local Usage
		Usr 0 00:00:01, Sys 0 00:00:26  -  Total Remote Usage
		Usr 0 00:00:00, Sys 0 00:00:00  -  Total Local Usage
	24953  -  Run Bytes Sent By Job
	8930  -  Run Bytes Received By Job
	24953  -  Total Bytes Sent By Job
	8930  -  Total Bytes Received By Job
	Partitionable Resources :    Usage  Request Allocated
	   Cpus                 :                 1         1
	   Disk (KB)            :  6179866 10000000  17110924
	   Memory (MB)          :       69     2100      2100
...
000 (221475.000.000) 07/31 07:08:01 Job submitted from host: <131.225.189.232:9618?addrs=131.225.189.232-9618&noUDP&sock=8982_aaf4_3>
...
001 (221475.000.000) 07/31 07:08:36 Job executing on host: <131.225.205.186:5315?addrs=131.225.205.186-5315>
...
006 (221475.000.000) 07/31 07:08:45 Image size of job updated: 447536
	69  -  MemoryUsage of job (MB)
	70280  -  ResidentSetSize of job (KB)
...
006 (221475.000.000) 07/31 07:09:46 Image size of job updated: 447536
	69  -  MemoryUsage of job (MB)
	70392  -  ResidentSetSize of job (KB)
...
006 (221475.000.000) 07/31 07:10:47 Image size of job updated: 447536
	69  -  MemoryUsage of job (MB)
	70408  -  ResidentSetSize of job (KB)
...
005 (221475.000.000) 07/31 07:11:38 Job terminated.
	(1) Normal termination (return value 90)
		Usr 0 00:00:01, Sys 0 00:00:24  -  Run Remote Usage
		Usr 0 00:00:00, Sys 0 00:00:00  -  Run Local Usage
		Usr 0 00:00:01, Sys 0 00:00:24  -  Total Remote Usage
		Usr 0 00:00:00, Sys 0 00:00:00  -  Total Local Usage
	17860  -  Run Bytes Sent By Job
	8930  -  Run Bytes Received By Job
	17860  -  Total Bytes Sent By Job
	8930  -  Total Bytes Received By Job
	Partitionable Resources :    Usage  Request Allocated
	   Cpus                 :                 1         1
	   Disk (KB)            :  4730991 10000000  17053269
	   Memory (MB)          :       69     2100      2100
...
000 (222030.000.000) 07/31 07:12:41 Job submitted from host: <131.225.189.232:9618?addrs=131.225.189.232-9618&noUDP&sock=8982_aaf4_3>
...
001 (222030.000.000) 07/31 07:14:07 Job executing on host: <131.225.207.155:51251?addrs=131.225.207.155-51251>
...
006 (222030.000.000) 07/31 07:14:16 Image size of job updated: 447524
	51  -  MemoryUsage of job (MB)
	51508  -  ResidentSetSize of job (KB)
...
006 (222030.000.000) 07/31 07:15:17 Image size of job updated: 447524
	71  -  MemoryUsage of job (MB)
	72348  -  ResidentSetSize of job (KB)
...
006 (222030.000.000) 07/31 07:18:19 Image size of job updated: 676532
	395  -  MemoryUsage of job (MB)
	403592  -  ResidentSetSize of job (KB)
...
005 (222030.000.000) 07/31 07:18:21 Job terminated.
	(1) Normal termination (return value 65)
		Usr 0 00:00:08, Sys 0 00:00:21  -  Run Remote Usage
		Usr 0 00:00:00, Sys 0 00:00:00  -  Run Local Usage
		Usr 0 00:00:08, Sys 0 00:00:21  -  Total Remote Usage
		Usr 0 00:00:00, Sys 0 00:00:00  -  Total Local Usage
	21337  -  Run Bytes Sent By Job
	8930  -  Run Bytes Received By Job
	21337  -  Total Bytes Sent By Job
	8930  -  Total Bytes Received By Job
	Partitionable Resources :    Usage  Request Allocated
	   Cpus                 :                 1         1
	   Disk (KB)            :  6662912 10000000  10444221
	   Memory (MB)          :      395     2100      2100
...
000 (222592.000.000) 07/31 08:32:56 Job submitted from host: <131.225.189.232:9618?addrs=131.225.189.232-9618&noUDP&sock=8982_aaf4_3>
...
001 (222592.000.000) 07/31 08:34:00 Job executing on host: <131.225.204.123:52965?addrs=131.225.204.123-52965>
...
006 (222592.000.000) 07/31 08:34:08 Image size of job updated: 102476
	3  -  MemoryUsage of job (MB)
	2464  -  ResidentSetSize of job (KB)
...
006 (222592.000.000) 07/31 08:35:08 Image size of job updated: 447524
	71  -  MemoryUsage of job (MB)
	72352  -  ResidentSetSize of job (KB)
...
006 (222592.000.000) 07/31 08:37:08 Image size of job updated: 486524
	254  -  MemoryUsage of job (MB)
	259092  -  ResidentSetSize of job (KB)
...
006 (222592.000.000) 07/31 08:37:20 Image size of job updated: 772788
	254  -  MemoryUsage of job (MB)
	259092  -  ResidentSetSize of job (KB)
...
005 (222592.000.000) 07/31 08:37:21 Job terminated.
	(1) Normal termination (return value 65)
		Usr 0 00:00:12, Sys 0 00:00:21  -  Run Remote Usage
		Usr 0 00:00:00, Sys 0 00:00:00  -  Run Local Usage
		Usr 0 00:00:12, Sys 0 00:00:21  -  Total Remote Usage
		Usr 0 00:00:00, Sys 0 00:00:00  -  Total Local Usage
	16289  -  Run Bytes Sent By Job
	8930  -  Run Bytes Received By Job
	16289  -  Total Bytes Sent By Job
	8930  -  Total Bytes Received By Job
	Partitionable Resources :    Usage  Request Allocated
	   Cpus                 :                 1         1
	   Disk (KB)            :  6665773 10000000  10421832
	   Memory (MB)          :      254     2100      2100
...
