000 (220993.000.000) 07/31 06:49:55 Job submitted from host: <131.225.189.232:9618?addrs=131.225.189.232-9618&noUDP&sock=8982_aaf4_3>
...
001 (220993.000.000) 07/31 06:50:58 Job executing on host: <131.225.206.236:59687?addrs=131.225.206.236-59687>
...
006 (220993.000.000) 07/31 06:51:31 Image size of job updated: 36468
	4  -  MemoryUsage of job (MB)
	3440  -  ResidentSetSize of job (KB)
...
006 (220993.000.000) 07/31 06:53:08 Image size of job updated: 447524
	4  -  MemoryUsage of job (MB)
	3440  -  ResidentSetSize of job (KB)
...
005 (220993.000.000) 07/31 06:53:09 Job terminated.
	(1) Normal termination (return value 90)
		Usr 0 00:00:00, Sys 0 00:00:15  -  Run Remote Usage
		Usr 0 00:00:00, Sys 0 00:00:00  -  Run Local Usage
		Usr 0 00:00:00, Sys 0 00:00:15  -  Total Remote Usage
		Usr 0 00:00:00, Sys 0 00:00:00  -  Total Local Usage
	8752  -  Run Bytes Sent By Job
	8930  -  Run Bytes Received By Job
	8752  -  Total Bytes Sent By Job
	8930  -  Total Bytes Received By Job
	Partitionable Resources :    Usage  Request Allocated
	   Cpus                 :                 1         1
	   Disk (KB)            :     3072 10000000  10792124
	   Memory (MB)          :        4     2100      2100
...
000 (221555.000.000) 07/31 07:08:15 Job submitted from host: <131.225.189.232:9618?addrs=131.225.189.232-9618&noUDP&sock=8982_aaf4_3>
...
001 (221555.000.000) 07/31 07:09:23 Job executing on host: <131.225.206.4:65083?addrs=131.225.206.4-65083>
...
006 (221555.000.000) 07/31 07:09:31 Image size of job updated: 102476
	3  -  MemoryUsage of job (MB)
	2468  -  ResidentSetSize of job (KB)
...
006 (221555.000.000) 07/31 07:10:31 Image size of job updated: 447524
	69  -  MemoryUsage of job (MB)
	70392  -  ResidentSetSize of job (KB)
...
000 (222110.000.000) 07/31 07:12:54 Job submitted from host: <131.225.189.232:9618?addrs=131.225.189.232-9618&noUDP&sock=8982_aaf4_3>
...
005 (221555.000.000) 07/31 07:14:36 Job terminated.
	(1) Normal termination (return value 90)
		Usr 0 00:00:01, Sys 0 00:00:19  -  Run Remote Usage
		Usr 0 00:00:00, Sys 0 00:00:00  -  Run Local Usage
		Usr 0 00:00:01, Sys 0 00:00:19  -  Total Remote Usage
		Usr 0 00:00:00, Sys 0 00:00:00  -  Total Local Usage
	27768  -  Run Bytes Sent By Job
	8930  -  Run Bytes Received By Job
	27768  -  Total Bytes Sent By Job
	8930  -  Total Bytes Received By Job
	Partitionable Resources :    Usage  Request Allocated
	   Cpus                 :                 1         1
	   Disk (KB)            :  6647932 10000000  10170960
	   Memory (MB)          :       69     2100      2100
...
001 (222110.000.000) 07/31 07:14:38 Job executing on host: <131.225.206.4:65083?addrs=131.225.206.4-65083>
...
006 (222110.000.000) 07/31 07:14:46 Image size of job updated: 381924
	15  -  MemoryUsage of job (MB)
	14940  -  ResidentSetSize of job (KB)
...
006 (222110.000.000) 07/31 07:15:46 Image size of job updated: 447524
	71  -  MemoryUsage of job (MB)
	72348  -  ResidentSetSize of job (KB)
...
005 (222110.000.000) 07/31 07:19:09 Job terminated.
	(1) Normal termination (return value 65)
		Usr 0 00:00:02, Sys 0 00:00:17  -  Run Remote Usage
		Usr 0 00:00:00, Sys 0 00:00:00  -  Run Local Usage
		Usr 0 00:00:02, Sys 0 00:00:17  -  Total Remote Usage
		Usr 0 00:00:00, Sys 0 00:00:00  -  Total Local Usage
	23297  -  Run Bytes Sent By Job
	8930  -  Run Bytes Received By Job
	23297  -  Total Bytes Sent By Job
	8930  -  Total Bytes Received By Job
	Partitionable Resources :    Usage  Request Allocated
	   Cpus                 :                 1         1
	   Disk (KB)            :  6254118 10000000  10170960
	   Memory (MB)          :       71     2100      2100
...
000 (222672.000.000) 07/31 08:33:03 Job submitted from host: <131.225.189.232:9618?addrs=131.225.189.232-9618&noUDP&sock=8982_aaf4_3>
...
001 (222672.000.000) 07/31 08:35:06 Job executing on host: <131.225.207.179:14180?addrs=131.225.207.179-14180>
...
006 (222672.000.000) 07/31 08:35:15 Image size of job updated: 447524
	71  -  MemoryUsage of job (MB)
	72344  -  ResidentSetSize of job (KB)
...
006 (222672.000.000) 07/31 08:37:16 Image size of job updated: 770992
	478  -  MemoryUsage of job (MB)
	488840  -  ResidentSetSize of job (KB)
...
005 (222672.000.000) 07/31 08:37:21 Job terminated.
	(1) Normal termination (return value 65)
		Usr 0 00:00:11, Sys 0 00:00:20  -  Run Remote Usage
		Usr 0 00:00:00, Sys 0 00:00:00  -  Run Local Usage
		Usr 0 00:00:11, Sys 0 00:00:20  -  Total Remote Usage
		Usr 0 00:00:00, Sys 0 00:00:00  -  Total Local Usage
	9754  -  Run Bytes Sent By Job
	8930  -  Run Bytes Received By Job
	9754  -  Total Bytes Sent By Job
	8930  -  Total Bytes Received By Job
	Partitionable Resources :    Usage  Request Allocated
	   Cpus                 :                 1         1
	   Disk (KB)            :  6663717 10000000  10134219
	   Memory (MB)          :      478     2100      2100
...
