000 (220613.000.000) 07/31 06:48:33 Job submitted from host: <131.225.189.232:9618?addrs=131.225.189.232-9618&noUDP&sock=8982_aaf4_3>
...
001 (220613.000.000) 07/31 06:48:56 Job executing on host: <131.225.206.177:16856?addrs=131.225.206.177-16856>
...
006 (220613.000.000) 07/31 06:49:05 Image size of job updated: 2
	3  -  MemoryUsage of job (MB)
	2424  -  ResidentSetSize of job (KB)
...
006 (220613.000.000) 07/31 06:50:06 Image size of job updated: 447524
	70  -  MemoryUsage of job (MB)
	71352  -  ResidentSetSize of job (KB)
...
005 (220613.000.000) 07/31 06:54:27 Job terminated.
	(1) Normal termination (return value 90)
		Usr 0 00:00:02, Sys 0 00:00:22  -  Run Remote Usage
		Usr 0 00:00:00, Sys 0 00:00:00  -  Run Local Usage
		Usr 0 00:00:02, Sys 0 00:00:22  -  Total Remote Usage
		Usr 0 00:00:00, Sys 0 00:00:00  -  Total Local Usage
	29190  -  Run Bytes Sent By Job
	8930  -  Run Bytes Received By Job
	29190  -  Total Bytes Sent By Job
	8930  -  Total Bytes Received By Job
	Partitionable Resources :    Usage  Request Allocated
	   Cpus                 :                 1         1
	   Disk (KB)            :  5835805 10000000  10102998
	   Memory (MB)          :       70     2100      2100
...
000 (221175.000.000) 07/31 07:07:08 Job submitted from host: <131.225.189.232:9618?addrs=131.225.189.232-9618&noUDP&sock=8982_aaf4_3>
...
001 (221175.000.000) 07/31 07:07:39 Job executing on host: <131.225.207.77:26936?addrs=131.225.207.77-26936>
...
006 (221175.000.000) 07/31 07:07:48 Image size of job updated: 447524
	71  -  MemoryUsage of job (MB)
	72348  -  ResidentSetSize of job (KB)
...
000 (221730.000.000) 07/31 07:11:50 Job submitted from host: <131.225.189.232:9618?addrs=131.225.189.232-9618&noUDP&sock=8982_aaf4_3>
...
005 (221175.000.000) 07/31 07:11:56 Job terminated.
	(1) Normal termination (return value 90)
		Usr 0 00:00:01, Sys 0 00:00:20  -  Run Remote Usage
		Usr 0 00:00:00, Sys 0 00:00:00  -  Run Local Usage
		Usr 0 00:00:01, Sys 0 00:00:20  -  Total Remote Usage
		Usr 0 00:00:00, Sys 0 00:00:00  -  Total Local Usage
	12918  -  Run Bytes Sent By Job
	8930  -  Run Bytes Received By Job
	12918  -  Total Bytes Sent By Job
	8930  -  Total Bytes Received By Job
	Partitionable Resources :    Usage  Request Allocated
	   Cpus                 :                 1         1
	   Disk (KB)            :  4386921 10000000  11671608
	   Memory (MB)          :       71     2100      2100
...
001 (221730.000.000) 07/31 07:12:08 Job executing on host: <131.225.206.4:65083?addrs=131.225.206.4-65083>
...
006 (221730.000.000) 07/31 07:12:17 Image size of job updated: 447524
	45  -  MemoryUsage of job (MB)
	46000  -  ResidentSetSize of job (KB)
...
006 (221730.000.000) 07/31 07:13:18 Image size of job updated: 447524
	69  -  MemoryUsage of job (MB)
	70404  -  ResidentSetSize of job (KB)
...
006 (221730.000.000) 07/31 07:18:28 Image size of job updated: 756148
	69  -  MemoryUsage of job (MB)
	70404  -  ResidentSetSize of job (KB)
...
005 (221730.000.000) 07/31 07:18:28 Job terminated.
	(1) Normal termination (return value 65)
		Usr 0 00:00:11, Sys 0 00:00:20  -  Run Remote Usage
		Usr 0 00:00:00, Sys 0 00:00:00  -  Run Local Usage
		Usr 0 00:00:11, Sys 0 00:00:20  -  Total Remote Usage
		Usr 0 00:00:00, Sys 0 00:00:00  -  Total Local Usage
	30822  -  Run Bytes Sent By Job
	8930  -  Run Bytes Received By Job
	30822  -  Total Bytes Sent By Job
	8930  -  Total Bytes Received By Job
	Partitionable Resources :    Usage  Request Allocated
	   Cpus                 :                 1         1
	   Disk (KB)            :  6337580 10000000  10342380
	   Memory (MB)          :       69     2100      2100
...
000 (222292.000.000) 07/31 08:32:35 Job submitted from host: <131.225.189.232:9618?addrs=131.225.189.232-9618&noUDP&sock=8982_aaf4_3>
...
001 (222292.000.000) 07/31 08:33:02 Job executing on host: <131.225.206.130:55675?addrs=131.225.206.130-55675>
...
006 (222292.000.000) 07/31 08:33:11 Image size of job updated: 447524
	71  -  MemoryUsage of job (MB)
	72348  -  ResidentSetSize of job (KB)
...
006 (222292.000.000) 07/31 08:36:00 Image size of job updated: 684212
	71  -  MemoryUsage of job (MB)
	72348  -  ResidentSetSize of job (KB)
...
005 (222292.000.000) 07/31 08:36:01 Job terminated.
	(1) Normal termination (return value 65)
		Usr 0 00:00:10, Sys 0 00:00:13  -  Run Remote Usage
		Usr 0 00:00:00, Sys 0 00:00:00  -  Run Local Usage
		Usr 0 00:00:10, Sys 0 00:00:13  -  Total Remote Usage
		Usr 0 00:00:00, Sys 0 00:00:00  -  Total Local Usage
	14649  -  Run Bytes Sent By Job
	8930  -  Run Bytes Received By Job
	14649  -  Total Bytes Sent By Job
	8930  -  Total Bytes Received By Job
	Partitionable Resources :    Usage  Request Allocated
	   Cpus                 :                 1         1
	   Disk (KB)            :  6043984 10000000  10678668
	   Memory (MB)          :       71     2100      2100
...
000 (222847.000.000) 07/31 08:49:46 Job submitted from host: <131.225.189.232:9618?addrs=131.225.189.232-9618&noUDP&sock=8982_aaf4_3>
...
001 (222847.000.000) 07/31 08:50:15 Job executing on host: <131.225.204.124:51529?addrs=131.225.204.124-51529>
...
006 (222847.000.000) 07/31 08:50:23 Image size of job updated: 447524
	71  -  MemoryUsage of job (MB)
	72344  -  ResidentSetSize of job (KB)
...
006 (222847.000.000) 07/31 08:54:44 Image size of job updated: 583840
	71  -  MemoryUsage of job (MB)
	72344  -  ResidentSetSize of job (KB)
...
005 (222847.000.000) 07/31 08:54:45 Job terminated.
	(1) Normal termination (return value 65)
		Usr 0 00:00:06, Sys 0 00:00:19  -  Run Remote Usage
		Usr 0 00:00:00, Sys 0 00:00:00  -  Run Local Usage
		Usr 0 00:00:06, Sys 0 00:00:19  -  Total Remote Usage
		Usr 0 00:00:00, Sys 0 00:00:00  -  Total Local Usage
	23408  -  Run Bytes Sent By Job
	44439  -  Run Bytes Received By Job
	23408  -  Total Bytes Sent By Job
	44439  -  Total Bytes Received By Job
	Partitionable Resources :    Usage  Request Allocated
	   Cpus                 :                 1         1
	   Disk (KB)            :  6305975 10000000  10508910
	   Memory (MB)          :       71     2100      2100
...
000 (223402.000.000) 07/31 09:06:16 Job submitted from host: <131.225.189.232:9618?addrs=131.225.189.232-9618&noUDP&sock=8982_aaf4_3>
...
