000 (220492.000.000) 07/31 06:48:08 Job submitted from host: <131.225.189.232:9618?addrs=131.225.189.232-9618&noUDP&sock=8982_aaf4_3>
...
001 (220492.000.000) 07/31 06:48:24 Job executing on host: <131.225.206.226:52361?addrs=131.225.206.226-52361>
...
006 (220492.000.000) 07/31 06:48:33 Image size of job updated: 447524
	71  -  MemoryUsage of job (MB)
	72348  -  ResidentSetSize of job (KB)
...
005 (220492.000.000) 07/31 06:49:52 Job terminated.
	(1) Normal termination (return value 90)
		Usr 0 00:00:00, Sys 0 00:00:15  -  Run Remote Usage
		Usr 0 00:00:00, Sys 0 00:00:00  -  Run Local Usage
		Usr 0 00:00:00, Sys 0 00:00:15  -  Total Remote Usage
		Usr 0 00:00:00, Sys 0 00:00:00  -  Total Local Usage
	9985  -  Run Bytes Sent By Job
	8930  -  Run Bytes Received By Job
	9985  -  Total Bytes Sent By Job
	8930  -  Total Bytes Received By Job
	Partitionable Resources :    Usage  Request Allocated
	   Cpus                 :                 1         1
	   Disk (KB)            :  5000202 10000000  11653636
	   Memory (MB)          :       71     2100      2100
...
000 (221054.000.000) 07/31 07:06:47 Job submitted from host: <131.225.189.232:9618?addrs=131.225.189.232-9618&noUDP&sock=8982_aaf4_3>
...
001 (221054.000.000) 07/31 07:07:04 Job executing on host: <131.225.206.199:58589?addrs=131.225.206.199-58589>
...
006 (221054.000.000) 07/31 07:07:12 Image size of job updated: 447524
	71  -  MemoryUsage of job (MB)
	72348  -  ResidentSetSize of job (KB)
...
005 (221054.000.000) 07/31 07:11:02 Job terminated.
	(1) Normal termination (return value 90)
		Usr 0 00:00:01, Sys 0 00:00:19  -  Run Remote Usage
		Usr 0 00:00:00, Sys 0 00:00:00  -  Run Local Usage
		Usr 0 00:00:01, Sys 0 00:00:19  -  Total Remote Usage
		Usr 0 00:00:00, Sys 0 00:00:00  -  Total Local Usage
	21442  -  Run Bytes Sent By Job
	8930  -  Run Bytes Received By Job
	21442  -  Total Bytes Sent By Job
	8930  -  Total Bytes Received By Job
	Partitionable Resources :    Usage  Request Allocated
	   Cpus                 :                 1         1
	   Disk (KB)            :  5320819 10000000  11574660
	   Memory (MB)          :       71     2100      2100
...
000 (221609.000.000) 07/31 07:11:29 Job submitted from host: <131.225.189.232:9618?addrs=131.225.189.232-9618&noUDP&sock=8982_aaf4_3>
...
001 (221609.000.000) 07/31 07:11:36 Job executing on host: <131.225.207.168:29999?addrs=131.225.207.168-29999>
...
006 (221609.000.000) 07/31 07:11:45 Image size of job updated: 447524
	70  -  MemoryUsage of job (MB)
	71464  -  ResidentSetSize of job (KB)
...
006 (221609.000.000) 07/31 07:16:43 Image size of job updated: 493708
	70  -  MemoryUsage of job (MB)
	71464  -  ResidentSetSize of job (KB)
...
005 (221609.000.000) 07/31 07:16:44 Job terminated.
	(1) Normal termination (return value 65)
		Usr 0 00:00:04, Sys 0 00:00:17  -  Run Remote Usage
		Usr 0 00:00:00, Sys 0 00:00:00  -  Run Local Usage
		Usr 0 00:00:04, Sys 0 00:00:17  -  Total Remote Usage
		Usr 0 00:00:00, Sys 0 00:00:00  -  Total Local Usage
	27357  -  Run Bytes Sent By Job
	8930  -  Run Bytes Received By Job
	27357  -  Total Bytes Sent By Job
	8930  -  Total Bytes Received By Job
	Partitionable Resources :    Usage  Request Allocated
	   Cpus                 :                 1         1
	   Disk (KB)            :  5221927 10000000  10165560
	   Memory (MB)          :       70     2100      2100
...
