000 (220876.000.000) 07/31 06:49:29 Job submitted from host: <131.225.189.232:9618?addrs=131.225.189.232-9618&noUDP&sock=8982_aaf4_3>
...
001 (220876.000.000) 07/31 06:49:38 Job executing on host: <131.225.207.182:2483?addrs=131.225.207.182-2483>
...
006 (220876.000.000) 07/31 06:49:47 Image size of job updated: 447524
	71  -  MemoryUsage of job (MB)
	72344  -  ResidentSetSize of job (KB)
...
005 (220876.000.000) 07/31 06:51:27 Job terminated.
	(1) Normal termination (return value 90)
		Usr 0 00:00:00, Sys 0 00:00:15  -  Run Remote Usage
		Usr 0 00:00:00, Sys 0 00:00:00  -  Run Local Usage
		Usr 0 00:00:00, Sys 0 00:00:15  -  Total Remote Usage
		Usr 0 00:00:00, Sys 0 00:00:00  -  Total Local Usage
	10696  -  Run Bytes Sent By Job
	8930  -  Run Bytes Received By Job
	10696  -  Total Bytes Sent By Job
	8930  -  Total Bytes Received By Job
	Partitionable Resources :    Usage  Request Allocated
	   Cpus                 :                 1         1
	   Disk (KB)            :  4525066 10000000  10402287
	   Memory (MB)          :       71     2100      2100
...
000 (221438.000.000) 07/31 07:07:55 Job submitted from host: <131.225.189.232:9618?addrs=131.225.189.232-9618&noUDP&sock=8982_aaf4_3>
...
001 (221438.000.000) 07/31 07:08:31 Job executing on host: <131.225.204.110:49889?addrs=131.225.204.110-49889>
...
006 (221438.000.000) 07/31 07:08:40 Image size of job updated: 2
	3  -  MemoryUsage of job (MB)
	2420  -  ResidentSetSize of job (KB)
...
006 (221438.000.000) 07/31 07:09:41 Image size of job updated: 447524
	71  -  MemoryUsage of job (MB)
	72344  -  ResidentSetSize of job (KB)
...
005 (221438.000.000) 07/31 07:10:44 Job terminated.
	(1) Normal termination (return value 90)
		Usr 0 00:00:01, Sys 0 00:00:16  -  Run Remote Usage
		Usr 0 00:00:00, Sys 0 00:00:00  -  Run Local Usage
		Usr 0 00:00:01, Sys 0 00:00:16  -  Total Remote Usage
		Usr 0 00:00:00, Sys 0 00:00:00  -  Total Local Usage
	13686  -  Run Bytes Sent By Job
	8930  -  Run Bytes Received By Job
	13686  -  Total Bytes Sent By Job
	8930  -  Total Bytes Received By Job
	Partitionable Resources :    Usage  Request Allocated
	   Cpus                 :                 1         1
	   Disk (KB)            :  6500462 10000000  10453932
	   Memory (MB)          :       71     2100      2100
...
000 (221993.000.000) 07/31 07:12:35 Job submitted from host: <131.225.189.232:9618?addrs=131.225.189.232-9618&noUDP&sock=8982_aaf4_3>
...
001 (221993.000.000) 07/31 07:13:56 Job executing on host: <131.225.191.154:54360?addrs=131.225.191.154-54360>
...
006 (221993.000.000) 07/31 07:14:06 Image size of job updated: 2
	3  -  MemoryUsage of job (MB)
	2420  -  ResidentSetSize of job (KB)
...
006 (221993.000.000) 07/31 07:15:06 Image size of job updated: 447524
	69  -  MemoryUsage of job (MB)
	70328  -  ResidentSetSize of job (KB)
...
006 (221993.000.000) 07/31 07:17:06 Image size of job updated: 627108
	352  -  MemoryUsage of job (MB)
	360132  -  ResidentSetSize of job (KB)
...
005 (221993.000.000) 07/31 07:17:10 Job terminated.
	(1) Normal termination (return value 65)
		Usr 0 00:00:07, Sys 0 00:00:17  -  Run Remote Usage
		Usr 0 00:00:00, Sys 0 00:00:00  -  Run Local Usage
		Usr 0 00:00:07, Sys 0 00:00:17  -  Total Remote Usage
		Usr 0 00:00:00, Sys 0 00:00:00  -  Total Local Usage
	15262  -  Run Bytes Sent By Job
	8930  -  Run Bytes Received By Job
	15262  -  Total Bytes Sent By Job
	8930  -  Total Bytes Received By Job
	Partitionable Resources :    Usage  Request Allocated
	   Cpus                 :                 1         1
	   Disk (KB)            :  6622832 10000000  11747272
	   Memory (MB)          :      352     2100      2100
...
000 (222555.000.000) 07/31 08:32:54 Job submitted from host: <131.225.189.232:9618?addrs=131.225.189.232-9618&noUDP&sock=8982_aaf4_3>
...
001 (222555.000.000) 07/31 08:33:57 Job executing on host: <131.225.206.117:9873?addrs=131.225.206.117-9873>
...
006 (222555.000.000) 07/31 08:34:06 Image size of job updated: 2
	3  -  MemoryUsage of job (MB)
	2420  -  ResidentSetSize of job (KB)
...
006 (222555.000.000) 07/31 08:35:07 Image size of job updated: 447524
	70  -  MemoryUsage of job (MB)
	71352  -  ResidentSetSize of job (KB)
...
006 (222555.000.000) 07/31 08:38:09 Image size of job updated: 447524
	167  -  MemoryUsage of job (MB)
	170532  -  ResidentSetSize of job (KB)
...
006 (222555.000.000) 07/31 08:38:22 Image size of job updated: 500672
	167  -  MemoryUsage of job (MB)
	170532  -  ResidentSetSize of job (KB)
...
005 (222555.000.000) 07/31 08:38:23 Job terminated.
	(1) Normal termination (return value 65)
		Usr 0 00:00:05, Sys 0 00:00:17  -  Run Remote Usage
		Usr 0 00:00:00, Sys 0 00:00:00  -  Run Local Usage
		Usr 0 00:00:05, Sys 0 00:00:17  -  Total Remote Usage
		Usr 0 00:00:00, Sys 0 00:00:00  -  Total Local Usage
	22992  -  Run Bytes Sent By Job
	8930  -  Run Bytes Received By Job
	22992  -  Total Bytes Sent By Job
	8930  -  Total Bytes Received By Job
	Partitionable Resources :    Usage  Request Allocated
	   Cpus                 :                 1         1
	   Disk (KB)            :  6625707 10000000  10430508
	   Memory (MB)          :      167     2100      2100
...
