000 (220951.000.000) 07/31 06:49:44 Job submitted from host: <131.225.189.232:9618?addrs=131.225.189.232-9618&noUDP&sock=8982_aaf4_3>
...
001 (220951.000.000) 07/31 06:50:39 Job executing on host: <131.225.207.155:51251?addrs=131.225.207.155-51251>
...
006 (220951.000.000) 07/31 06:50:47 Image size of job updated: 447524
	40  -  MemoryUsage of job (MB)
	40440  -  ResidentSetSize of job (KB)
...
006 (220951.000.000) 07/31 06:51:47 Image size of job updated: 447524
	71  -  MemoryUsage of job (MB)
	72344  -  ResidentSetSize of job (KB)
...
005 (220951.000.000) 07/31 06:51:55 Job terminated.
	(1) Normal termination (return value 90)
		Usr 0 00:00:00, Sys 0 00:00:16  -  Run Remote Usage
		Usr 0 00:00:00, Sys 0 00:00:00  -  Run Local Usage
		Usr 0 00:00:00, Sys 0 00:00:16  -  Total Remote Usage
		Usr 0 00:00:00, Sys 0 00:00:00  -  Total Local Usage
	8678  -  Run Bytes Sent By Job
	8930  -  Run Bytes Received By Job
	8678  -  Total Bytes Sent By Job
	8930  -  Total Bytes Received By Job
	Partitionable Resources :    Usage  Request Allocated
	   Cpus                 :                 1         1
	   Disk (KB)            :  6081546 10000000  10450422
	   Memory (MB)          :       71     2100      2100
...
000 (221513.000.000) 07/31 07:08:07 Job submitted from host: <131.225.189.232:9618?addrs=131.225.189.232-9618&noUDP&sock=8982_aaf4_3>
...
001 (221513.000.000) 07/31 07:08:44 Job executing on host: <131.225.204.59:17004?addrs=131.225.204.59-17004>
...
006 (221513.000.000) 07/31 07:08:52 Image size of job updated: 2
	3  -  MemoryUsage of job (MB)
	2420  -  ResidentSetSize of job (KB)
...
006 (221513.000.000) 07/31 07:09:52 Image size of job updated: 447524
	71  -  MemoryUsage of job (MB)
	72344  -  ResidentSetSize of job (KB)
...
000 (222068.000.000) 07/31 07:12:48 Job submitted from host: <131.225.189.232:9618?addrs=131.225.189.232-9618&noUDP&sock=8982_aaf4_3>
...
005 (221513.000.000) 07/31 07:13:17 Job terminated.
	(1) Normal termination (return value 90)
		Usr 0 00:00:02, Sys 0 00:00:23  -  Run Remote Usage
		Usr 0 00:00:00, Sys 0 00:00:00  -  Run Local Usage
		Usr 0 00:00:02, Sys 0 00:00:23  -  Total Remote Usage
		Usr 0 00:00:00, Sys 0 00:00:00  -  Total Local Usage
	24584  -  Run Bytes Sent By Job
	8930  -  Run Bytes Received By Job
	24584  -  Total Bytes Sent By Job
	8930  -  Total Bytes Received By Job
	Partitionable Resources :    Usage  Request Allocated
	   Cpus                 :                 1         1
	   Disk (KB)            :  5976184 10000000  10588920
	   Memory (MB)          :       71     2100      2100
...
001 (222068.000.000) 07/31 07:14:17 Job executing on host: <131.225.205.164:13355?addrs=131.225.205.164-13355>
...
006 (222068.000.000) 07/31 07:14:27 Image size of job updated: 447524
	70  -  MemoryUsage of job (MB)
	71356  -  ResidentSetSize of job (KB)
...
006 (222068.000.000) 07/31 07:19:30 Image size of job updated: 770740
	412  -  MemoryUsage of job (MB)
	421012  -  ResidentSetSize of job (KB)
...
005 (222068.000.000) 07/31 07:19:51 Job terminated.
	(1) Normal termination (return value 65)
		Usr 0 00:00:19, Sys 0 00:00:29  -  Run Remote Usage
		Usr 0 00:00:00, Sys 0 00:00:00  -  Run Local Usage
		Usr 0 00:00:19, Sys 0 00:00:29  -  Total Remote Usage
		Usr 0 00:00:00, Sys 0 00:00:00  -  Total Local Usage
	25867  -  Run Bytes Sent By Job
	8930  -  Run Bytes Received By Job
	25867  -  Total Bytes Sent By Job
	8930  -  Total Bytes Received By Job
	Partitionable Resources :    Usage  Request Allocated
	   Cpus                 :                 1         1
	   Disk (KB)            :  6606969 10000000  16982940
	   Memory (MB)          :      412     2100      2100
...
000 (222630.000.000) 07/31 08:32:59 Job submitted from host: <131.225.189.232:9618?addrs=131.225.189.232-9618&noUDP&sock=8982_aaf4_3>
...
001 (222630.000.000) 07/31 08:34:14 Job executing on host: <131.225.205.162:52068?addrs=131.225.205.162-52068>
...
006 (222630.000.000) 07/31 08:34:22 Image size of job updated: 2
	3  -  MemoryUsage of job (MB)
	2420  -  ResidentSetSize of job (KB)
...
006 (222630.000.000) 07/31 08:35:22 Image size of job updated: 447524
	70  -  MemoryUsage of job (MB)
	71356  -  ResidentSetSize of job (KB)
...
006 (222630.000.000) 07/31 08:37:22 Image size of job updated: 670376
	70  -  MemoryUsage of job (MB)
	71356  -  ResidentSetSize of job (KB)
...
005 (222630.000.000) 07/31 08:37:23 Job terminated.
	(1) Normal termination (return value 65)
		Usr 0 00:00:13, Sys 0 00:00:31  -  Run Remote Usage
		Usr 0 00:00:00, Sys 0 00:00:00  -  Run Local Usage
		Usr 0 00:00:13, Sys 0 00:00:31  -  Total Remote Usage
		Usr 0 00:00:00, Sys 0 00:00:00  -  Total Local Usage
	15624  -  Run Bytes Sent By Job
	8930  -  Run Bytes Received By Job
	15624  -  Total Bytes Sent By Job
	8930  -  Total Bytes Received By Job
	Partitionable Resources :    Usage  Request Allocated
	   Cpus                 :                 1         1
	   Disk (KB)            :  5945681 10000000  17156244
	   Memory (MB)          :       70     2100      2100
...
000 (223185.000.000) 07/31 08:50:03 Job submitted from host: <131.225.189.232:9618?addrs=131.225.189.232-9618&noUDP&sock=8982_aaf4_3>
...
001 (223185.000.000) 07/31 08:51:24 Job executing on host: <131.225.205.158:33719?addrs=131.225.205.158-33719>
...
006 (223185.000.000) 07/31 08:51:33 Image size of job updated: 447524
	69  -  MemoryUsage of job (MB)
	70164  -  ResidentSetSize of job (KB)
...
006 (223185.000.000) 07/31 08:52:34 Image size of job updated: 447524
	69  -  MemoryUsage of job (MB)
	70396  -  ResidentSetSize of job (KB)
...
006 (223185.000.000) 07/31 08:54:35 Image size of job updated: 765616
	479  -  MemoryUsage of job (MB)
	490320  -  ResidentSetSize of job (KB)
...
006 (223185.000.000) 07/31 08:54:51 Image size of job updated: 770736
	479  -  MemoryUsage of job (MB)
	490320  -  ResidentSetSize of job (KB)
...
005 (223185.000.000) 07/31 08:54:52 Job terminated.
	(1) Normal termination (return value 65)
		Usr 0 00:00:18, Sys 0 00:00:23  -  Run Remote Usage
		Usr 0 00:00:00, Sys 0 00:00:00  -  Run Local Usage
		Usr 0 00:00:18, Sys 0 00:00:23  -  Total Remote Usage
		Usr 0 00:00:00, Sys 0 00:00:00  -  Total Local Usage
	17352  -  Run Bytes Sent By Job
	44439  -  Run Bytes Received By Job
	17352  -  Total Bytes Sent By Job
	44439  -  Total Bytes Received By Job
	Partitionable Resources :    Usage  Request Allocated
	   Cpus                 :                 1         1
	   Disk (KB)            :  6609665 10000000  17165876
	   Memory (MB)          :      479     2100      2100
...
000 (223740.000.000) 07/31 09:06:31 Job submitted from host: <131.225.189.232:9618?addrs=131.225.189.232-9618&noUDP&sock=8982_aaf4_3>
...
