000 (220881.000.000) 07/31 06:49:30 Job submitted from host: <131.225.189.232:9618?addrs=131.225.189.232-9618&noUDP&sock=8982_aaf4_3>
...
001 (220881.000.000) 07/31 06:49:45 Job executing on host: <131.225.207.180:5355?addrs=131.225.207.180-5355>
...
006 (220881.000.000) 07/31 06:49:57 Image size of job updated: 447524
	71  -  MemoryUsage of job (MB)
	72348  -  ResidentSetSize of job (KB)
...
005 (220881.000.000) 07/31 06:51:48 Job terminated.
	(1) Normal termination (return value 90)
		Usr 0 00:00:01, Sys 0 00:00:16  -  Run Remote Usage
		Usr 0 00:00:00, Sys 0 00:00:00  -  Run Local Usage
		Usr 0 00:00:01, Sys 0 00:00:16  -  Total Remote Usage
		Usr 0 00:00:00, Sys 0 00:00:00  -  Total Local Usage
	11035  -  Run Bytes Sent By Job
	8930  -  Run Bytes Received By Job
	11035  -  Total Bytes Sent By Job
	8930  -  Total Bytes Received By Job
	Partitionable Resources :    Usage  Request Allocated
	   Cpus                 :                 1         1
	   Disk (KB)            :  3656714 10000000  13261652
	   Memory (MB)          :       71     2100      2100
...
000 (221443.000.000) 07/31 07:07:56 Job submitted from host: <131.225.189.232:9618?addrs=131.225.189.232-9618&noUDP&sock=8982_aaf4_3>
...
001 (221443.000.000) 07/31 07:08:05 Job executing on host: <131.225.207.70:41490?addrs=131.225.207.70-41490>
...
006 (221443.000.000) 07/31 07:08:13 Image size of job updated: 447524
	71  -  MemoryUsage of job (MB)
	72348  -  ResidentSetSize of job (KB)
...
005 (221443.000.000) 07/31 07:09:34 Job terminated.
	(1) Normal termination (return value 90)
		Usr 0 00:00:00, Sys 0 00:00:14  -  Run Remote Usage
		Usr 0 00:00:00, Sys 0 00:00:00  -  Run Local Usage
		Usr 0 00:00:00, Sys 0 00:00:14  -  Total Remote Usage
		Usr 0 00:00:00, Sys 0 00:00:00  -  Total Local Usage
	9115  -  Run Bytes Sent By Job
	8930  -  Run Bytes Received By Job
	9115  -  Total Bytes Sent By Job
	8930  -  Total Bytes Received By Job
	Partitionable Resources :    Usage  Request Allocated
	   Cpus                 :                 1         1
	   Disk (KB)            :  5795945 10000000  10238742
	   Memory (MB)          :       71     2100      2100
...
000 (221998.000.000) 07/31 07:12:36 Job submitted from host: <131.225.189.232:9618?addrs=131.225.189.232-9618&noUDP&sock=8982_aaf4_3>
...
001 (221998.000.000) 07/31 07:13:56 Job executing on host: <131.225.207.193:40545?addrs=131.225.207.193-40545>
...
006 (221998.000.000) 07/31 07:14:04 Image size of job updated: 102476
	10  -  MemoryUsage of job (MB)
	9760  -  ResidentSetSize of job (KB)
...
006 (221998.000.000) 07/31 07:15:04 Image size of job updated: 447524
	69  -  MemoryUsage of job (MB)
	70312  -  ResidentSetSize of job (KB)
...
006 (221998.000.000) 07/31 07:19:06 Image size of job updated: 686000
	372  -  MemoryUsage of job (MB)
	380268  -  ResidentSetSize of job (KB)
...
006 (221998.000.000) 07/31 07:19:17 Image size of job updated: 772784
	372  -  MemoryUsage of job (MB)
	380268  -  ResidentSetSize of job (KB)
...
005 (221998.000.000) 07/31 07:19:18 Job terminated.
	(1) Normal termination (return value 65)
		Usr 0 00:00:13, Sys 0 00:00:14  -  Run Remote Usage
		Usr 0 00:00:00, Sys 0 00:00:00  -  Run Local Usage
		Usr 0 00:00:13, Sys 0 00:00:14  -  Total Remote Usage
		Usr 0 00:00:00, Sys 0 00:00:00  -  Total Local Usage
	22990  -  Run Bytes Sent By Job
	8930  -  Run Bytes Received By Job
	22990  -  Total Bytes Sent By Job
	8930  -  Total Bytes Received By Job
	Partitionable Resources :    Usage  Request Allocated
	   Cpus                 :                 1         1
	   Disk (KB)            :  6671389 10000000  10111350
	   Memory (MB)          :      372     2100      2100
...
000 (222560.000.000) 07/31 08:32:54 Job submitted from host: <131.225.189.232:9618?addrs=131.225.189.232-9618&noUDP&sock=8982_aaf4_3>
...
001 (222560.000.000) 07/31 08:34:00 Job executing on host: <131.225.207.45:53582?addrs=131.225.207.45-53582>
...
006 (222560.000.000) 07/31 08:34:26 Image size of job updated: 447524
	71  -  MemoryUsage of job (MB)
	72344  -  ResidentSetSize of job (KB)
...
006 (222560.000.000) 07/31 08:37:03 Image size of job updated: 447524
	134  -  MemoryUsage of job (MB)
	136448  -  ResidentSetSize of job (KB)
...
006 (222560.000.000) 07/31 08:37:32 Image size of job updated: 676528
	134  -  MemoryUsage of job (MB)
	136448  -  ResidentSetSize of job (KB)
...
005 (222560.000.000) 07/31 08:37:33 Job terminated.
	(1) Normal termination (return value 65)
		Usr 0 00:00:09, Sys 0 00:00:22  -  Run Remote Usage
		Usr 0 00:00:00, Sys 0 00:00:00  -  Run Local Usage
		Usr 0 00:00:09, Sys 0 00:00:22  -  Total Remote Usage
		Usr 0 00:00:00, Sys 0 00:00:00  -  Total Local Usage
	13632  -  Run Bytes Sent By Job
	8930  -  Run Bytes Received By Job
	13632  -  Total Bytes Sent By Job
	8930  -  Total Bytes Received By Job
	Partitionable Resources :    Usage  Request Allocated
	   Cpus                 :                 1         1
	   Disk (KB)            :  6674247 10000000  10401039
	   Memory (MB)          :      134     2100      2100
...
