000 (220706.000.000) 07/31 06:48:52 Job submitted from host: <131.225.189.232:9618?addrs=131.225.189.232-9618&noUDP&sock=8982_aaf4_3>
...
001 (220706.000.000) 07/31 06:49:13 Job executing on host: <131.225.204.81:28867?addrs=131.225.204.81-28867>
...
006 (220706.000.000) 07/31 06:49:22 Image size of job updated: 447536
	19  -  MemoryUsage of job (MB)
	19100  -  ResidentSetSize of job (KB)
...
006 (220706.000.000) 07/31 06:50:23 Image size of job updated: 447536
	71  -  MemoryUsage of job (MB)
	72348  -  ResidentSetSize of job (KB)
...
005 (220706.000.000) 07/31 06:50:46 Job terminated.
	(1) Normal termination (return value 90)
		Usr 0 00:00:00, Sys 0 00:00:18  -  Run Remote Usage
		Usr 0 00:00:00, Sys 0 00:00:00  -  Run Local Usage
		Usr 0 00:00:00, Sys 0 00:00:18  -  Total Remote Usage
		Usr 0 00:00:00, Sys 0 00:00:00  -  Total Local Usage
	8326  -  Run Bytes Sent By Job
	8930  -  Run Bytes Received By Job
	8326  -  Total Bytes Sent By Job
	8930  -  Total Bytes Received By Job
	Partitionable Resources :    Usage  Request Allocated
	   Cpus                 :                 1         1
	   Disk (KB)            :  6441994 10000000  10434633
	   Memory (MB)          :       71     2100      2100
...
000 (221268.000.000) 07/31 07:07:24 Job submitted from host: <131.225.189.232:9618?addrs=131.225.189.232-9618&noUDP&sock=8982_aaf4_3>
...
001 (221268.000.000) 07/31 07:07:57 Job executing on host: <131.225.204.29:17298?addrs=131.225.204.29-17298>
...
006 (221268.000.000) 07/31 07:08:06 Image size of job updated: 447524
	71  -  MemoryUsage of job (MB)
	72348  -  ResidentSetSize of job (KB)
...
005 (221268.000.000) 07/31 07:09:36 Job terminated.
	(1) Normal termination (return value 90)
		Usr 0 00:00:00, Sys 0 00:00:14  -  Run Remote Usage
		Usr 0 00:00:00, Sys 0 00:00:00  -  Run Local Usage
		Usr 0 00:00:00, Sys 0 00:00:14  -  Total Remote Usage
		Usr 0 00:00:00, Sys 0 00:00:00  -  Total Local Usage
	9903  -  Run Bytes Sent By Job
	8930  -  Run Bytes Received By Job
	9903  -  Total Bytes Sent By Job
	8930  -  Total Bytes Received By Job
	Partitionable Resources :    Usage  Request Allocated
	   Cpus                 :                 1         1
	   Disk (KB)            :  4452456 10000000  10557243
	   Memory (MB)          :       71     2100      2100
...
000 (221823.000.000) 07/31 07:12:06 Job submitted from host: <131.225.189.232:9618?addrs=131.225.189.232-9618&noUDP&sock=8982_aaf4_3>
...
001 (221823.000.000) 07/31 07:12:40 Job executing on host: <131.225.207.186:45076?addrs=131.225.207.186-45076>
...
006 (221823.000.000) 07/31 07:12:48 Image size of job updated: 2
	3  -  MemoryUsage of job (MB)
	2428  -  ResidentSetSize of job (KB)
...
006 (221823.000.000) 07/31 07:13:48 Image size of job updated: 447524
	69  -  MemoryUsage of job (MB)
	70292  -  ResidentSetSize of job (KB)
...
006 (221823.000.000) 07/31 07:14:48 Image size of job updated: 447524
	69  -  MemoryUsage of job (MB)
	70320  -  ResidentSetSize of job (KB)
...
006 (221823.000.000) 07/31 07:18:17 Image size of job updated: 614728
	69  -  MemoryUsage of job (MB)
	70320  -  ResidentSetSize of job (KB)
...
005 (221823.000.000) 07/31 07:18:18 Job terminated.
	(1) Normal termination (return value 65)
		Usr 0 00:00:07, Sys 0 00:00:19  -  Run Remote Usage
		Usr 0 00:00:00, Sys 0 00:00:00  -  Run Local Usage
		Usr 0 00:00:07, Sys 0 00:00:19  -  Total Remote Usage
		Usr 0 00:00:00, Sys 0 00:00:00  -  Total Local Usage
	24420  -  Run Bytes Sent By Job
	8930  -  Run Bytes Received By Job
	24420  -  Total Bytes Sent By Job
	8930  -  Total Bytes Received By Job
	Partitionable Resources :    Usage  Request Allocated
	   Cpus                 :                 1         1
	   Disk (KB)            :  6385191 10000000  10540449
	   Memory (MB)          :       69     2100      2100
...
000 (222385.000.000) 07/31 08:32:42 Job submitted from host: <131.225.189.232:9618?addrs=131.225.189.232-9618&noUDP&sock=8982_aaf4_3>
...
001 (222385.000.000) 07/31 08:33:22 Job executing on host: <131.225.206.188:37401?addrs=131.225.206.188-37401>
...
006 (222385.000.000) 07/31 08:33:31 Image size of job updated: 447524
	71  -  MemoryUsage of job (MB)
	72344  -  ResidentSetSize of job (KB)
...
006 (222385.000.000) 07/31 08:38:11 Image size of job updated: 772020
	71  -  MemoryUsage of job (MB)
	72344  -  ResidentSetSize of job (KB)
...
005 (222385.000.000) 07/31 08:38:12 Job terminated.
	(1) Normal termination (return value 65)
		Usr 0 00:00:11, Sys 0 00:00:20  -  Run Remote Usage
		Usr 0 00:00:00, Sys 0 00:00:00  -  Run Local Usage
		Usr 0 00:00:11, Sys 0 00:00:20  -  Total Remote Usage
		Usr 0 00:00:00, Sys 0 00:00:00  -  Total Local Usage
	22910  -  Run Bytes Sent By Job
	8930  -  Run Bytes Received By Job
	22910  -  Total Bytes Sent By Job
	8930  -  Total Bytes Received By Job
	Partitionable Resources :    Usage  Request Allocated
	   Cpus                 :                 1         1
	   Disk (KB)            :  6011224 10000000  10479855
	   Memory (MB)          :       71     2100      2100
...
000 (222940.000.000) 07/31 08:49:51 Job submitted from host: <131.225.189.232:9618?addrs=131.225.189.232-9618&noUDP&sock=8982_aaf4_3>
...
001 (222940.000.000) 07/31 08:50:34 Job executing on host: <131.225.204.61:23766?addrs=131.225.204.61-23766>
...
006 (222940.000.000) 07/31 08:50:44 Image size of job updated: 447524
	71  -  MemoryUsage of job (MB)
	72348  -  ResidentSetSize of job (KB)
...
006 (222940.000.000) 07/31 08:55:39 Image size of job updated: 764596
	71  -  MemoryUsage of job (MB)
	72348  -  ResidentSetSize of job (KB)
...
005 (222940.000.000) 07/31 08:55:40 Job terminated.
	(1) Normal termination (return value 65)
		Usr 0 00:00:12, Sys 0 00:00:19  -  Run Remote Usage
		Usr 0 00:00:00, Sys 0 00:00:00  -  Run Local Usage
		Usr 0 00:00:12, Sys 0 00:00:19  -  Total Remote Usage
		Usr 0 00:00:00, Sys 0 00:00:00  -  Total Local Usage
	25782  -  Run Bytes Sent By Job
	44439  -  Run Bytes Received By Job
	25782  -  Total Bytes Sent By Job
	44439  -  Total Bytes Received By Job
	Partitionable Resources :    Usage  Request Allocated
	   Cpus                 :                 1         1
	   Disk (KB)            :  5650615 10000000  10310481
	   Memory (MB)          :       71     2100      2100
...
000 (223495.000.000) 07/31 09:06:20 Job submitted from host: <131.225.189.232:9618?addrs=131.225.189.232-9618&noUDP&sock=8982_aaf4_3>
...
