000 (221032.000.000) 07/31 06:50:03 Job submitted from host: <131.225.189.232:9618?addrs=131.225.189.232-9618&noUDP&sock=8982_aaf4_3>
...
001 (221032.000.000) 07/31 06:51:30 Job executing on host: <131.225.206.219:57262?addrs=131.225.206.219-57262>
...
006 (221032.000.000) 07/31 06:51:46 Image size of job updated: 40612
	4  -  MemoryUsage of job (MB)
	3632  -  ResidentSetSize of job (KB)
...
006 (221032.000.000) 07/31 06:52:53 Image size of job updated: 447528
	70  -  MemoryUsage of job (MB)
	71356  -  ResidentSetSize of job (KB)
...
005 (221032.000.000) 07/31 06:53:13 Job terminated.
	(1) Normal termination (return value 90)
		Usr 0 00:00:00, Sys 0 00:00:16  -  Run Remote Usage
		Usr 0 00:00:00, Sys 0 00:00:00  -  Run Local Usage
		Usr 0 00:00:00, Sys 0 00:00:16  -  Total Remote Usage
		Usr 0 00:00:00, Sys 0 00:00:00  -  Total Local Usage
	8568  -  Run Bytes Sent By Job
	8930  -  Run Bytes Received By Job
	8568  -  Total Bytes Sent By Job
	8930  -  Total Bytes Received By Job
	Partitionable Resources :    Usage  Request Allocated
	   Cpus                 :                 1         1
	   Disk (KB)            :  6065162 10000000  11732376
	   Memory (MB)          :       70     2100      2100
...
000 (221594.000.000) 07/31 07:08:21 Job submitted from host: <131.225.189.232:9618?addrs=131.225.189.232-9618&noUDP&sock=8982_aaf4_3>
...
001 (221594.000.000) 07/31 07:09:49 Job executing on host: <131.225.206.207:65385?addrs=131.225.206.207-65385>
...
006 (221594.000.000) 07/31 07:09:57 Image size of job updated: 60320
	8  -  MemoryUsage of job (MB)
	7896  -  ResidentSetSize of job (KB)
...
006 (221594.000.000) 07/31 07:10:57 Image size of job updated: 447524
	71  -  MemoryUsage of job (MB)
	72340  -  ResidentSetSize of job (KB)
...
005 (221594.000.000) 07/31 07:11:15 Job terminated.
	(1) Normal termination (return value 90)
		Usr 0 00:00:00, Sys 0 00:00:16  -  Run Remote Usage
		Usr 0 00:00:00, Sys 0 00:00:00  -  Run Local Usage
		Usr 0 00:00:00, Sys 0 00:00:16  -  Total Remote Usage
		Usr 0 00:00:00, Sys 0 00:00:00  -  Total Local Usage
	8201  -  Run Bytes Sent By Job
	8930  -  Run Bytes Received By Job
	8201  -  Total Bytes Sent By Job
	8930  -  Total Bytes Received By Job
	Partitionable Resources :    Usage  Request Allocated
	   Cpus                 :                 1         1
	   Disk (KB)            :  6627411 10000000  11679392
	   Memory (MB)          :       71     2100      2100
...
000 (222149.000.000) 07/31 07:13:01 Job submitted from host: <131.225.189.232:9618?addrs=131.225.189.232-9618&noUDP&sock=8982_aaf4_3>
...
001 (222149.000.000) 07/31 07:14:54 Job executing on host: <131.225.190.19:40273?addrs=131.225.190.19-40273>
...
006 (222149.000.000) 07/31 07:15:02 Image size of job updated: 447524
	71  -  MemoryUsage of job (MB)
	72348  -  ResidentSetSize of job (KB)
...
006 (222149.000.000) 07/31 07:18:03 Image size of job updated: 772780
	483  -  MemoryUsage of job (MB)
	493584  -  ResidentSetSize of job (KB)
...
005 (222149.000.000) 07/31 07:18:06 Job terminated.
	(1) Normal termination (return value 65)
		Usr 0 00:00:14, Sys 0 00:00:18  -  Run Remote Usage
		Usr 0 00:00:00, Sys 0 00:00:00  -  Run Local Usage
		Usr 0 00:00:14, Sys 0 00:00:18  -  Total Remote Usage
		Usr 0 00:00:00, Sys 0 00:00:00  -  Total Local Usage
	13934  -  Run Bytes Sent By Job
	8930  -  Run Bytes Received By Job
	13934  -  Total Bytes Sent By Job
	8930  -  Total Bytes Received By Job
	Partitionable Resources :    Usage  Request Allocated
	   Cpus                 :                 1         1
	   Disk (KB)            :  6626825 10000000  15933296
	   Memory (MB)          :      483     2100      2100
...
000 (222711.000.000) 07/31 08:33:05 Job submitted from host: <131.225.189.232:9618?addrs=131.225.189.232-9618&noUDP&sock=8982_aaf4_3>
...
001 (222711.000.000) 07/31 08:35:24 Job executing on host: <131.225.207.53:51570?addrs=131.225.207.53-51570>
...
006 (222711.000.000) 07/31 08:35:32 Image size of job updated: 2
	3  -  MemoryUsage of job (MB)
	2424  -  ResidentSetSize of job (KB)
...
006 (222711.000.000) 07/31 08:36:32 Image size of job updated: 447524
	70  -  MemoryUsage of job (MB)
	71360  -  ResidentSetSize of job (KB)
...
006 (222711.000.000) 07/31 08:38:32 Image size of job updated: 447524
	165  -  MemoryUsage of job (MB)
	168088  -  ResidentSetSize of job (KB)
...
006 (222711.000.000) 07/31 08:38:49 Image size of job updated: 465804
	165  -  MemoryUsage of job (MB)
	168088  -  ResidentSetSize of job (KB)
...
005 (222711.000.000) 07/31 08:38:50 Job terminated.
	(1) Normal termination (return value 65)
		Usr 0 00:00:03, Sys 0 00:00:16  -  Run Remote Usage
		Usr 0 00:00:00, Sys 0 00:00:00  -  Run Local Usage
		Usr 0 00:00:03, Sys 0 00:00:16  -  Total Remote Usage
		Usr 0 00:00:00, Sys 0 00:00:00  -  Total Local Usage
	15221  -  Run Bytes Sent By Job
	8930  -  Run Bytes Received By Job
	15221  -  Total Bytes Sent By Job
	8930  -  Total Bytes Received By Job
	Partitionable Resources :    Usage  Request Allocated
	   Cpus                 :                 1         1
	   Disk (KB)            :  6629692 10000000  10129989
	   Memory (MB)          :      165     2100      2100
...
