000 (220497.000.000) 07/31 06:48:09 Job submitted from host: <131.225.189.232:9618?addrs=131.225.189.232-9618&noUDP&sock=8982_aaf4_3>
...
001 (220497.000.000) 07/31 06:48:25 Job executing on host: <131.225.206.199:58589?addrs=131.225.206.199-58589>
...
006 (220497.000.000) 07/31 06:48:34 Image size of job updated: 2
	3  -  MemoryUsage of job (MB)
	2424  -  ResidentSetSize of job (KB)
...
006 (220497.000.000) 07/31 06:49:35 Image size of job updated: 447524
	71  -  MemoryUsage of job (MB)
	72344  -  ResidentSetSize of job (KB)
...
005 (220497.000.000) 07/31 06:50:50 Job terminated.
	(1) Normal termination (return value 90)
		Usr 0 00:00:01, Sys 0 00:00:17  -  Run Remote Usage
		Usr 0 00:00:00, Sys 0 00:00:00  -  Run Local Usage
		Usr 0 00:00:01, Sys 0 00:00:17  -  Total Remote Usage
		Usr 0 00:00:00, Sys 0 00:00:00  -  Total Local Usage
	14253  -  Run Bytes Sent By Job
	8930  -  Run Bytes Received By Job
	14253  -  Total Bytes Sent By Job
	8930  -  Total Bytes Received By Job
	Partitionable Resources :    Usage  Request Allocated
	   Cpus                 :                 1         1
	   Disk (KB)            :  5803023 10000000  11585984
	   Memory (MB)          :       71     2100      2100
...
000 (221059.000.000) 07/31 07:06:48 Job submitted from host: <131.225.189.232:9618?addrs=131.225.189.232-9618&noUDP&sock=8982_aaf4_3>
...
001 (221059.000.000) 07/31 07:07:05 Job executing on host: <131.225.207.152:47169?addrs=131.225.207.152-47169>
...
006 (221059.000.000) 07/31 07:07:14 Image size of job updated: 447524
	71  -  MemoryUsage of job (MB)
	72344  -  ResidentSetSize of job (KB)
...
005 (221059.000.000) 07/31 07:08:39 Job terminated.
	(1) Normal termination (return value 90)
		Usr 0 00:00:00, Sys 0 00:00:13  -  Run Remote Usage
		Usr 0 00:00:00, Sys 0 00:00:00  -  Run Local Usage
		Usr 0 00:00:00, Sys 0 00:00:13  -  Total Remote Usage
		Usr 0 00:00:00, Sys 0 00:00:00  -  Total Local Usage
	7764  -  Run Bytes Sent By Job
	8930  -  Run Bytes Received By Job
	7764  -  Total Bytes Sent By Job
	8930  -  Total Bytes Received By Job
	Partitionable Resources :    Usage  Request Allocated
	   Cpus                 :                 1         1
	   Disk (KB)            :  5693852 10000000  10102161
	   Memory (MB)          :       71     2100      2100
...
000 (221614.000.000) 07/31 07:11:30 Job submitted from host: <131.225.189.232:9618?addrs=131.225.189.232-9618&noUDP&sock=8982_aaf4_3>
...
001 (221614.000.000) 07/31 07:11:37 Job executing on host: <131.225.206.53:45858?addrs=131.225.206.53-45858>
...
006 (221614.000.000) 07/31 07:11:46 Image size of job updated: 447524
	71  -  MemoryUsage of job (MB)
	72348  -  ResidentSetSize of job (KB)
...
006 (221614.000.000) 07/31 07:13:27 Image size of job updated: 493960
	71  -  MemoryUsage of job (MB)
	72348  -  ResidentSetSize of job (KB)
...
005 (221614.000.000) 07/31 07:13:28 Job terminated.
	(1) Normal termination (return value 65)
		Usr 0 00:00:03, Sys 0 00:00:15  -  Run Remote Usage
		Usr 0 00:00:00, Sys 0 00:00:00  -  Run Local Usage
		Usr 0 00:00:03, Sys 0 00:00:15  -  Total Remote Usage
		Usr 0 00:00:00, Sys 0 00:00:00  -  Total Local Usage
	8529  -  Run Bytes Sent By Job
	8930  -  Run Bytes Received By Job
	8529  -  Total Bytes Sent By Job
	8930  -  Total Bytes Received By Job
	Partitionable Resources :    Usage  Request Allocated
	   Cpus                 :                 1         1
	   Disk (KB)            :  5697047 10000000  10364475
	   Memory (MB)          :       71     2100      2100
...
000 (222176.000.000) 07/31 08:32:28 Job submitted from host: <131.225.189.232:9618?addrs=131.225.189.232-9618&noUDP&sock=8982_aaf4_3>
...
001 (222176.000.000) 07/31 08:32:40 Job executing on host: <131.225.206.254:37682?addrs=131.225.206.254-37682>
...
006 (222176.000.000) 07/31 08:32:48 Image size of job updated: 381924
	21  -  MemoryUsage of job (MB)
	21080  -  ResidentSetSize of job (KB)
...
006 (222176.000.000) 07/31 08:33:48 Image size of job updated: 447524
	71  -  MemoryUsage of job (MB)
	72344  -  ResidentSetSize of job (KB)
...
006 (222176.000.000) 07/31 08:34:49 Image size of job updated: 615496
	338  -  MemoryUsage of job (MB)
	345684  -  ResidentSetSize of job (KB)
...
005 (222176.000.000) 07/31 08:34:54 Job terminated.
	(1) Normal termination (return value 65)
		Usr 0 00:00:07, Sys 0 00:00:20  -  Run Remote Usage
		Usr 0 00:00:00, Sys 0 00:00:00  -  Run Local Usage
		Usr 0 00:00:07, Sys 0 00:00:20  -  Total Remote Usage
		Usr 0 00:00:00, Sys 0 00:00:00  -  Total Local Usage
	10019  -  Run Bytes Sent By Job
	8930  -  Run Bytes Received By Job
	10019  -  Total Bytes Sent By Job
	8930  -  Total Bytes Received By Job
	Partitionable Resources :    Usage  Request Allocated
	   Cpus                 :                 1         1
	   Disk (KB)            :  6077773 10000000  11536248
	   Memory (MB)          :      338     2100      2100
...
000 (222731.000.000) 07/31 08:49:38 Job submitted from host: <131.225.189.232:9618?addrs=131.225.189.232-9618&noUDP&sock=8982_aaf4_3>
...
001 (222731.000.000) 07/31 08:49:51 Job executing on host: <131.225.207.136:2428?addrs=131.225.207.136-2428>
...
006 (222731.000.000) 07/31 08:49:59 Image size of job updated: 447524
	71  -  MemoryUsage of job (MB)
	72352  -  ResidentSetSize of job (KB)
...
006 (222731.000.000) 07/31 08:51:46 Image size of job updated: 778164
	71  -  MemoryUsage of job (MB)
	72352  -  ResidentSetSize of job (KB)
...
005 (222731.000.000) 07/31 08:51:46 Job terminated.
	(1) Normal termination (return value 65)
		Usr 0 00:00:13, Sys 0 00:00:14  -  Run Remote Usage
		Usr 0 00:00:00, Sys 0 00:00:00  -  Run Local Usage
		Usr 0 00:00:13, Sys 0 00:00:14  -  Total Remote Usage
		Usr 0 00:00:00, Sys 0 00:00:00  -  Total Local Usage
	9832  -  Run Bytes Sent By Job
	44439  -  Run Bytes Received By Job
	9832  -  Total Bytes Sent By Job
	44439  -  Total Bytes Received By Job
	Partitionable Resources :    Usage  Request Allocated
	   Cpus                 :                 1         1
	   Disk (KB)            :  5617834 10000000  10256952
	   Memory (MB)          :       71     2100      2100
...
000 (223286.000.000) 07/31 09:06:09 Job submitted from host: <131.225.189.232:9618?addrs=131.225.189.232-9618&noUDP&sock=8982_aaf4_3>
...
001 (223286.000.000) 07/31 09:07:21 Job executing on host: <131.225.206.166:53794?addrs=131.225.206.166-53794>
...
006 (223286.000.000) 07/31 09:07:29 Image size of job updated: 447540
	19  -  MemoryUsage of job (MB)
	19100  -  ResidentSetSize of job (KB)
...
006 (223286.000.000) 07/31 09:08:29 Image size of job updated: 447540
	71  -  MemoryUsage of job (MB)
	72348  -  ResidentSetSize of job (KB)
...
006 (223286.000.000) 07/31 09:09:30 Image size of job updated: 799696
	493  -  MemoryUsage of job (MB)
	504336  -  ResidentSetSize of job (KB)
...
006 (223286.000.000) 07/31 09:10:30 Image size of job updated: 979664
	638  -  MemoryUsage of job (MB)
	652400  -  ResidentSetSize of job (KB)
...
