000 (220594.000.000) 07/31 06:48:29 Job submitted from host: <131.225.189.232:9618?addrs=131.225.189.232-9618&noUDP&sock=8982_aaf4_3>
...
001 (220594.000.000) 07/31 06:48:52 Job executing on host: <131.225.206.240:56647?addrs=131.225.206.240-56647>
...
006 (220594.000.000) 07/31 06:49:01 Image size of job updated: 2
	3  -  MemoryUsage of job (MB)
	2420  -  ResidentSetSize of job (KB)
...
006 (220594.000.000) 07/31 06:50:02 Image size of job updated: 447524
	71  -  MemoryUsage of job (MB)
	72344  -  ResidentSetSize of job (KB)
...
005 (220594.000.000) 07/31 06:50:41 Job terminated.
	(1) Normal termination (return value 90)
		Usr 0 00:00:01, Sys 0 00:00:19  -  Run Remote Usage
		Usr 0 00:00:00, Sys 0 00:00:00  -  Run Local Usage
		Usr 0 00:00:01, Sys 0 00:00:19  -  Total Remote Usage
		Usr 0 00:00:00, Sys 0 00:00:00  -  Total Local Usage
	11326  -  Run Bytes Sent By Job
	8930  -  Run Bytes Received By Job
	11326  -  Total Bytes Sent By Job
	8930  -  Total Bytes Received By Job
	Partitionable Resources :    Usage  Request Allocated
	   Cpus                 :                 1         1
	   Disk (KB)            :  4230154 10000000  11570644
	   Memory (MB)          :       71     2100      2100
...
000 (221156.000.000) 07/31 07:07:05 Job submitted from host: <131.225.189.232:9618?addrs=131.225.189.232-9618&noUDP&sock=8982_aaf4_3>
...
001 (221156.000.000) 07/31 07:07:35 Job executing on host: <131.225.206.237:65172?addrs=131.225.206.237-65172>
...
006 (221156.000.000) 07/31 07:07:44 Image size of job updated: 381924
	15  -  MemoryUsage of job (MB)
	14936  -  ResidentSetSize of job (KB)
...
006 (221156.000.000) 07/31 07:08:45 Image size of job updated: 447524
	71  -  MemoryUsage of job (MB)
	72344  -  ResidentSetSize of job (KB)
...
005 (221156.000.000) 07/31 07:09:03 Job terminated.
	(1) Normal termination (return value 90)
		Usr 0 00:00:00, Sys 0 00:00:15  -  Run Remote Usage
		Usr 0 00:00:00, Sys 0 00:00:00  -  Run Local Usage
		Usr 0 00:00:00, Sys 0 00:00:15  -  Total Remote Usage
		Usr 0 00:00:00, Sys 0 00:00:00  -  Total Local Usage
	9636  -  Run Bytes Sent By Job
	8930  -  Run Bytes Received By Job
	9636  -  Total Bytes Sent By Job
	8930  -  Total Bytes Received By Job
	Partitionable Resources :    Usage  Request Allocated
	   Cpus                 :                 1         1
	   Disk (KB)            :  5582953 10000000  11779432
	   Memory (MB)          :       71     2100      2100
...
000 (221711.000.000) 07/31 07:11:47 Job submitted from host: <131.225.189.232:9618?addrs=131.225.189.232-9618&noUDP&sock=8982_aaf4_3>
...
001 (221711.000.000) 07/31 07:12:11 Job executing on host: <131.225.204.55:64382?addrs=131.225.204.55-64382>
...
006 (221711.000.000) 07/31 07:12:19 Image size of job updated: 447524
	71  -  MemoryUsage of job (MB)
	72452  -  ResidentSetSize of job (KB)
...
006 (221711.000.000) 07/31 07:14:20 Image size of job updated: 447524
	134  -  MemoryUsage of job (MB)
	137180  -  ResidentSetSize of job (KB)
...
006 (221711.000.000) 07/31 07:15:09 Image size of job updated: 765108
	134  -  MemoryUsage of job (MB)
	137180  -  ResidentSetSize of job (KB)
...
005 (221711.000.000) 07/31 07:15:10 Job terminated.
	(1) Normal termination (return value 65)
		Usr 0 00:00:11, Sys 0 00:00:20  -  Run Remote Usage
		Usr 0 00:00:00, Sys 0 00:00:00  -  Run Local Usage
		Usr 0 00:00:11, Sys 0 00:00:20  -  Total Remote Usage
		Usr 0 00:00:00, Sys 0 00:00:00  -  Total Local Usage
	9243  -  Run Bytes Sent By Job
	8930  -  Run Bytes Received By Job
	9243  -  Total Bytes Sent By Job
	8930  -  Total Bytes Received By Job
	Partitionable Resources :    Usage  Request Allocated
	   Cpus                 :                 1         1
	   Disk (KB)            :  6524567 10000000  12532264
	   Memory (MB)          :      134     2100      2100
...
000 (222273.000.000) 07/31 08:32:34 Job submitted from host: <131.225.189.232:9618?addrs=131.225.189.232-9618&noUDP&sock=8982_aaf4_3>
...
001 (222273.000.000) 07/31 08:32:58 Job executing on host: <131.225.206.185:46507?addrs=131.225.206.185-46507>
...
006 (222273.000.000) 07/31 08:33:07 Image size of job updated: 153960
	18  -  MemoryUsage of job (MB)
	17960  -  ResidentSetSize of job (KB)
...
006 (222273.000.000) 07/31 08:34:08 Image size of job updated: 447524
	71  -  MemoryUsage of job (MB)
	72308  -  ResidentSetSize of job (KB)
...
006 (222273.000.000) 07/31 08:37:11 Image size of job updated: 447524
	71  -  MemoryUsage of job (MB)
	72336  -  ResidentSetSize of job (KB)
...
006 (222273.000.000) 07/31 08:38:11 Image size of job updated: 769968
	479  -  MemoryUsage of job (MB)
	489952  -  ResidentSetSize of job (KB)
...
005 (222273.000.000) 07/31 08:38:19 Job terminated.
	(1) Normal termination (return value 65)
		Usr 0 00:00:12, Sys 0 00:00:24  -  Run Remote Usage
		Usr 0 00:00:00, Sys 0 00:00:00  -  Run Local Usage
		Usr 0 00:00:12, Sys 0 00:00:24  -  Total Remote Usage
		Usr 0 00:00:00, Sys 0 00:00:00  -  Total Local Usage
	24018  -  Run Bytes Sent By Job
	8930  -  Run Bytes Received By Job
	24018  -  Total Bytes Sent By Job
	8930  -  Total Bytes Received By Job
	Partitionable Resources :    Usage  Request Allocated
	   Cpus                 :                 1         1
	   Disk (KB)            :  6527449 10000000  10653414
	   Memory (MB)          :      479     2100      2100
...
000 (222828.000.000) 07/31 08:49:45 Job submitted from host: <131.225.189.232:9618?addrs=131.225.189.232-9618&noUDP&sock=8982_aaf4_3>
...
001 (222828.000.000) 07/31 08:50:10 Job executing on host: <131.225.207.175:25053?addrs=131.225.207.175-25053>
...
006 (222828.000.000) 07/31 08:50:19 Image size of job updated: 2
	3  -  MemoryUsage of job (MB)
	2420  -  ResidentSetSize of job (KB)
...
006 (222828.000.000) 07/31 08:51:20 Image size of job updated: 447524
	71  -  MemoryUsage of job (MB)
	72352  -  ResidentSetSize of job (KB)
...
006 (222828.000.000) 07/31 08:53:04 Image size of job updated: 541692
	71  -  MemoryUsage of job (MB)
	72352  -  ResidentSetSize of job (KB)
...
005 (222828.000.000) 07/31 08:53:04 Job terminated.
	(1) Normal termination (return value 65)
		Usr 0 00:00:05, Sys 0 00:00:12  -  Run Remote Usage
		Usr 0 00:00:00, Sys 0 00:00:00  -  Run Local Usage
		Usr 0 00:00:05, Sys 0 00:00:12  -  Total Remote Usage
		Usr 0 00:00:00, Sys 0 00:00:00  -  Total Local Usage
	13374  -  Run Bytes Sent By Job
	44439  -  Run Bytes Received By Job
	13374  -  Total Bytes Sent By Job
	44439  -  Total Bytes Received By Job
	Partitionable Resources :    Usage  Request Allocated
	   Cpus                 :                 1         1
	   Disk (KB)            :  6527276 10000000  10416582
	   Memory (MB)          :       71     2100      2100
...
000 (223383.000.000) 07/31 09:06:15 Job submitted from host: <131.225.189.232:9618?addrs=131.225.189.232-9618&noUDP&sock=8982_aaf4_3>
...
