000 (220971.000.000) 07/31 06:49:49 Job submitted from host: <131.225.189.232:9618?addrs=131.225.189.232-9618&noUDP&sock=8982_aaf4_3>
...
001 (220971.000.000) 07/31 06:50:51 Job executing on host: <131.225.206.208:5672?addrs=131.225.206.208-5672>
...
006 (220971.000.000) 07/31 06:51:01 Image size of job updated: 2
	3  -  MemoryUsage of job (MB)
	2428  -  ResidentSetSize of job (KB)
...
006 (220971.000.000) 07/31 06:52:01 Image size of job updated: 447524
	71  -  MemoryUsage of job (MB)
	72364  -  ResidentSetSize of job (KB)
...
005 (220971.000.000) 07/31 06:52:09 Job terminated.
	(1) Normal termination (return value 90)
		Usr 0 00:00:00, Sys 0 00:00:19  -  Run Remote Usage
		Usr 0 00:00:00, Sys 0 00:00:00  -  Run Local Usage
		Usr 0 00:00:00, Sys 0 00:00:19  -  Total Remote Usage
		Usr 0 00:00:00, Sys 0 00:00:00  -  Total Local Usage
	9024  -  Run Bytes Sent By Job
	8930  -  Run Bytes Received By Job
	9024  -  Total Bytes Sent By Job
	8930  -  Total Bytes Received By Job
	Partitionable Resources :    Usage  Request Allocated
	   Cpus                 :                 1         1
	   Disk (KB)            :  6081546 10000000  11572864
	   Memory (MB)          :       71     2100      2100
...
000 (221533.000.000) 07/31 07:08:11 Job submitted from host: <131.225.189.232:9618?addrs=131.225.189.232-9618&noUDP&sock=8982_aaf4_3>
...
001 (221533.000.000) 07/31 07:09:06 Job executing on host: <131.225.204.31:49055?addrs=131.225.204.31-49055>
...
006 (221533.000.000) 07/31 07:09:14 Image size of job updated: 447532
	23  -  MemoryUsage of job (MB)
	23196  -  ResidentSetSize of job (KB)
...
006 (221533.000.000) 07/31 07:10:14 Image size of job updated: 447532
	71  -  MemoryUsage of job (MB)
	72348  -  ResidentSetSize of job (KB)
...
000 (222088.000.000) 07/31 07:12:51 Job submitted from host: <131.225.189.232:9618?addrs=131.225.189.232-9618&noUDP&sock=8982_aaf4_3>
...
005 (221533.000.000) 07/31 07:14:06 Job terminated.
	(1) Normal termination (return value 90)
		Usr 0 00:00:02, Sys 0 00:00:19  -  Run Remote Usage
		Usr 0 00:00:00, Sys 0 00:00:00  -  Run Local Usage
		Usr 0 00:00:02, Sys 0 00:00:19  -  Total Remote Usage
		Usr 0 00:00:00, Sys 0 00:00:00  -  Total Local Usage
	26622  -  Run Bytes Sent By Job
	8930  -  Run Bytes Received By Job
	26622  -  Total Bytes Sent By Job
	8930  -  Total Bytes Received By Job
	Partitionable Resources :    Usage  Request Allocated
	   Cpus                 :                 1         1
	   Disk (KB)            :  5697655 10000000  10333938
	   Memory (MB)          :       71     2100      2100
...
001 (222088.000.000) 07/31 07:14:25 Job executing on host: <131.225.204.33:65431?addrs=131.225.204.33-65431>
...
006 (222088.000.000) 07/31 07:14:34 Image size of job updated: 40612
	4  -  MemoryUsage of job (MB)
	3652  -  ResidentSetSize of job (KB)
...
006 (222088.000.000) 07/31 07:15:36 Image size of job updated: 447528
	69  -  MemoryUsage of job (MB)
	70468  -  ResidentSetSize of job (KB)
...
006 (222088.000.000) 07/31 07:19:28 Image size of job updated: 772788
	69  -  MemoryUsage of job (MB)
	70468  -  ResidentSetSize of job (KB)
...
005 (222088.000.000) 07/31 07:19:29 Job terminated.
	(1) Normal termination (return value 65)
		Usr 0 00:00:13, Sys 0 00:00:20  -  Run Remote Usage
		Usr 0 00:00:00, Sys 0 00:00:00  -  Run Local Usage
		Usr 0 00:00:13, Sys 0 00:00:20  -  Total Remote Usage
		Usr 0 00:00:00, Sys 0 00:00:00  -  Total Local Usage
	22065  -  Run Bytes Sent By Job
	8930  -  Run Bytes Received By Job
	22065  -  Total Bytes Sent By Job
	8930  -  Total Bytes Received By Job
	Partitionable Resources :    Usage  Request Allocated
	   Cpus                 :                 1         1
	   Disk (KB)            :  4812323 10000000  10498140
	   Memory (MB)          :       69     2100      2100
...
