000 (220900.000.000) 07/31 06:49:34 Job submitted from host: <131.225.189.232:9618?addrs=131.225.189.232-9618&noUDP&sock=8982_aaf4_3>
...
001 (220900.000.000) 07/31 06:49:59 Job executing on host: <131.225.207.143:60999?addrs=131.225.207.143-60999>
...
006 (220900.000.000) 07/31 06:50:08 Image size of job updated: 381924
	19  -  MemoryUsage of job (MB)
	19096  -  ResidentSetSize of job (KB)
...
006 (220900.000.000) 07/31 06:51:09 Image size of job updated: 447524
	71  -  MemoryUsage of job (MB)
	72344  -  ResidentSetSize of job (KB)
...
005 (220900.000.000) 07/31 06:53:36 Job terminated.
	(1) Normal termination (return value 90)
		Usr 0 00:00:01, Sys 0 00:00:20  -  Run Remote Usage
		Usr 0 00:00:00, Sys 0 00:00:00  -  Run Local Usage
		Usr 0 00:00:01, Sys 0 00:00:20  -  Total Remote Usage
		Usr 0 00:00:00, Sys 0 00:00:00  -  Total Local Usage
	21061  -  Run Bytes Sent By Job
	8930  -  Run Bytes Received By Job
	21061  -  Total Bytes Sent By Job
	8930  -  Total Bytes Received By Job
	Partitionable Resources :    Usage  Request Allocated
	   Cpus                 :                 1         1
	   Disk (KB)            :  5295125 10000000  10465500
	   Memory (MB)          :       71     2100      2100
...
000 (221462.000.000) 07/31 07:07:59 Job submitted from host: <131.225.189.232:9618?addrs=131.225.189.232-9618&noUDP&sock=8982_aaf4_3>
...
001 (221462.000.000) 07/31 07:08:33 Job executing on host: <131.225.206.241:46332?addrs=131.225.206.241-46332>
...
006 (221462.000.000) 07/31 07:08:45 Image size of job updated: 2
	3  -  MemoryUsage of job (MB)
	2420  -  ResidentSetSize of job (KB)
...
006 (221462.000.000) 07/31 07:09:43 Image size of job updated: 447524
	70  -  MemoryUsage of job (MB)
	71244  -  ResidentSetSize of job (KB)
...
000 (222017.000.000) 07/31 07:12:39 Job submitted from host: <131.225.189.232:9618?addrs=131.225.189.232-9618&noUDP&sock=8982_aaf4_3>
...
001 (222017.000.000) 07/31 07:13:59 Job executing on host: <131.225.190.31:64999?addrs=131.225.190.31-64999>
...
006 (222017.000.000) 07/31 07:14:08 Image size of job updated: 2
	3  -  MemoryUsage of job (MB)
	2428  -  ResidentSetSize of job (KB)
...
006 (222017.000.000) 07/31 07:15:14 Image size of job updated: 447524
	69  -  MemoryUsage of job (MB)
	70292  -  ResidentSetSize of job (KB)
...
006 (222017.000.000) 07/31 07:17:11 Image size of job updated: 447524
	69  -  MemoryUsage of job (MB)
	70296  -  ResidentSetSize of job (KB)
...
005 (221462.000.000) 07/31 07:17:25 Job terminated.
	(1) Normal termination (return value 90)
		Usr 0 00:00:02, Sys 0 00:00:26  -  Run Remote Usage
		Usr 0 00:00:00, Sys 0 00:00:00  -  Run Local Usage
		Usr 0 00:00:02, Sys 0 00:00:26  -  Total Remote Usage
		Usr 0 00:00:00, Sys 0 00:00:00  -  Total Local Usage
	34179  -  Run Bytes Sent By Job
	8930  -  Run Bytes Received By Job
	34179  -  Total Bytes Sent By Job
	8930  -  Total Bytes Received By Job
	Partitionable Resources :    Usage  Request Allocated
	   Cpus                 :                 1         1
	   Disk (KB)            :  6008960 10000000  11965344
	   Memory (MB)          :       70     2100      2100
...
006 (222017.000.000) 07/31 07:18:55 Image size of job updated: 772788
	69  -  MemoryUsage of job (MB)
	70296  -  ResidentSetSize of job (KB)
...
005 (222017.000.000) 07/31 07:18:56 Job terminated.
	(1) Normal termination (return value 65)
		Usr 0 00:00:15, Sys 0 00:00:23  -  Run Remote Usage
		Usr 0 00:00:00, Sys 0 00:00:00  -  Run Local Usage
		Usr 0 00:00:15, Sys 0 00:00:23  -  Total Remote Usage
		Usr 0 00:00:00, Sys 0 00:00:00  -  Total Local Usage
	20578  -  Run Bytes Sent By Job
	8930  -  Run Bytes Received By Job
	20578  -  Total Bytes Sent By Job
	8930  -  Total Bytes Received By Job
	Partitionable Resources :    Usage  Request Allocated
	   Cpus                 :                 1         1
	   Disk (KB)            :  6606323 10000000  15440832
	   Memory (MB)          :       69     2100      2100
...
