000 (220731.000.000) 07/31 06:48:58 Job submitted from host: <131.225.189.232:9618?addrs=131.225.189.232-9618&noUDP&sock=8982_aaf4_3>
...
001 (220731.000.000) 07/31 06:49:26 Job executing on host: <131.225.204.120:53561?addrs=131.225.204.120-53561>
...
006 (220731.000.000) 07/31 06:49:35 Image size of job updated: 2
	3  -  MemoryUsage of job (MB)
	2420  -  ResidentSetSize of job (KB)
...
006 (220731.000.000) 07/31 06:50:36 Image size of job updated: 447524
	71  -  MemoryUsage of job (MB)
	72380  -  ResidentSetSize of job (KB)
...
005 (220731.000.000) 07/31 06:53:36 Job terminated.
	(1) Normal termination (return value 90)
		Usr 0 00:00:01, Sys 0 00:00:16  -  Run Remote Usage
		Usr 0 00:00:00, Sys 0 00:00:00  -  Run Local Usage
		Usr 0 00:00:01, Sys 0 00:00:16  -  Total Remote Usage
		Usr 0 00:00:00, Sys 0 00:00:00  -  Total Local Usage
	22820  -  Run Bytes Sent By Job
	8930  -  Run Bytes Received By Job
	22820  -  Total Bytes Sent By Job
	8930  -  Total Bytes Received By Job
	Partitionable Resources :    Usage  Request Allocated
	   Cpus                 :                 1         1
	   Disk (KB)            :  4492308 10000000  10378413
	   Memory (MB)          :       71     2100      2100
...
000 (221293.000.000) 07/31 07:07:28 Job submitted from host: <131.225.189.232:9618?addrs=131.225.189.232-9618&noUDP&sock=8982_aaf4_3>
...
001 (221293.000.000) 07/31 07:08:02 Job executing on host: <131.225.206.13:36512?addrs=131.225.206.13-36512>
...
006 (221293.000.000) 07/31 07:08:11 Image size of job updated: 2
	3  -  MemoryUsage of job (MB)
	2416  -  ResidentSetSize of job (KB)
...
006 (221293.000.000) 07/31 07:09:12 Image size of job updated: 447524
	71  -  MemoryUsage of job (MB)
	72348  -  ResidentSetSize of job (KB)
...
005 (221293.000.000) 07/31 07:10:18 Job terminated.
	(1) Normal termination (return value 90)
		Usr 0 00:00:00, Sys 0 00:00:15  -  Run Remote Usage
		Usr 0 00:00:00, Sys 0 00:00:00  -  Run Local Usage
		Usr 0 00:00:00, Sys 0 00:00:15  -  Total Remote Usage
		Usr 0 00:00:00, Sys 0 00:00:00  -  Total Local Usage
	13979  -  Run Bytes Sent By Job
	8930  -  Run Bytes Received By Job
	13979  -  Total Bytes Sent By Job
	8930  -  Total Bytes Received By Job
	Partitionable Resources :    Usage  Request Allocated
	   Cpus                 :                 1         1
	   Disk (KB)            :  5845102 10000000  10224720
	   Memory (MB)          :       71     2100      2100
...
000 (221848.000.000) 07/31 07:12:11 Job submitted from host: <131.225.189.232:9618?addrs=131.225.189.232-9618&noUDP&sock=8982_aaf4_3>
...
001 (221848.000.000) 07/31 07:12:29 Job executing on host: <131.225.189.73:27200?addrs=131.225.189.73-27200>
...
006 (221848.000.000) 07/31 07:12:38 Image size of job updated: 2
	3  -  MemoryUsage of job (MB)
	2428  -  ResidentSetSize of job (KB)
...
006 (221848.000.000) 07/31 07:13:39 Image size of job updated: 447524
	71  -  MemoryUsage of job (MB)
	72348  -  ResidentSetSize of job (KB)
...
006 (221848.000.000) 07/31 07:14:40 Image size of job updated: 447524
	120  -  MemoryUsage of job (MB)
	122840  -  ResidentSetSize of job (KB)
...
006 (221848.000.000) 07/31 07:15:02 Image size of job updated: 769968
	120  -  MemoryUsage of job (MB)
	122840  -  ResidentSetSize of job (KB)
...
005 (221848.000.000) 07/31 07:15:03 Job terminated.
	(1) Normal termination (return value 65)
		Usr 0 00:00:18, Sys 0 00:00:28  -  Run Remote Usage
		Usr 0 00:00:00, Sys 0 00:00:00  -  Run Local Usage
		Usr 0 00:00:18, Sys 0 00:00:28  -  Total Remote Usage
		Usr 0 00:00:00, Sys 0 00:00:00  -  Total Local Usage
	11717  -  Run Bytes Sent By Job
	8930  -  Run Bytes Received By Job
	11717  -  Total Bytes Sent By Job
	8930  -  Total Bytes Received By Job
	Partitionable Resources :    Usage  Request Allocated
	   Cpus                 :                 1         1
	   Disk (KB)            :  6080827 10000000  15557436
	   Memory (MB)          :      120     2100      2100
...
