000 (220621.000.000) 07/31 06:48:35 Job submitted from host: <131.225.189.232:9618?addrs=131.225.189.232-9618&noUDP&sock=8982_aaf4_3>
...
001 (220621.000.000) 07/31 06:48:58 Job executing on host: <131.225.207.146:34152?addrs=131.225.207.146-34152>
...
006 (220621.000.000) 07/31 06:49:07 Image size of job updated: 447524
	71  -  MemoryUsage of job (MB)
	72420  -  ResidentSetSize of job (KB)
...
005 (220621.000.000) 07/31 06:51:34 Job terminated.
	(1) Normal termination (return value 90)
		Usr 0 00:00:01, Sys 0 00:00:11  -  Run Remote Usage
		Usr 0 00:00:00, Sys 0 00:00:00  -  Run Local Usage
		Usr 0 00:00:01, Sys 0 00:00:11  -  Total Remote Usage
		Usr 0 00:00:00, Sys 0 00:00:00  -  Total Local Usage
	14217  -  Run Bytes Sent By Job
	8930  -  Run Bytes Received By Job
	14217  -  Total Bytes Sent By Job
	8930  -  Total Bytes Received By Job
	Partitionable Resources :    Usage  Request Allocated
	   Cpus                 :                 1         1
	   Disk (KB)            :  3525646 10000000  10175325
	   Memory (MB)          :       71     2100      2100
...
000 (221183.000.000) 07/31 07:07:09 Job submitted from host: <131.225.189.232:9618?addrs=131.225.189.232-9618&noUDP&sock=8982_aaf4_3>
...
001 (221183.000.000) 07/31 07:07:40 Job executing on host: <131.225.207.189:33214?addrs=131.225.207.189-33214>
...
006 (221183.000.000) 07/31 07:07:49 Image size of job updated: 447524
	71  -  MemoryUsage of job (MB)
	72360  -  ResidentSetSize of job (KB)
...
005 (221183.000.000) 07/31 07:08:31 Job terminated.
	(1) Normal termination (return value 90)
		Usr 0 00:00:00, Sys 0 00:00:10  -  Run Remote Usage
		Usr 0 00:00:00, Sys 0 00:00:00  -  Run Local Usage
		Usr 0 00:00:00, Sys 0 00:00:10  -  Total Remote Usage
		Usr 0 00:00:00, Sys 0 00:00:00  -  Total Local Usage
	6621  -  Run Bytes Sent By Job
	8930  -  Run Bytes Received By Job
	6621  -  Total Bytes Sent By Job
	8930  -  Total Bytes Received By Job
	Partitionable Resources :    Usage  Request Allocated
	   Cpus                 :                 1         1
	   Disk (KB)            :   815204 10000000  13293668
	   Memory (MB)          :       71     2100      2100
...
000 (221738.000.000) 07/31 07:11:52 Job submitted from host: <131.225.189.232:9618?addrs=131.225.189.232-9618&noUDP&sock=8982_aaf4_3>
...
001 (221738.000.000) 07/31 07:12:10 Job executing on host: <131.225.206.164:5908?addrs=131.225.206.164-5908>
...
006 (221738.000.000) 07/31 07:12:19 Image size of job updated: 447536
	25  -  MemoryUsage of job (MB)
	25244  -  ResidentSetSize of job (KB)
...
006 (221738.000.000) 07/31 07:13:20 Image size of job updated: 447536
	69  -  MemoryUsage of job (MB)
	70404  -  ResidentSetSize of job (KB)
...
006 (221738.000.000) 07/31 07:16:56 Image size of job updated: 666284
	69  -  MemoryUsage of job (MB)
	70404  -  ResidentSetSize of job (KB)
...
005 (221738.000.000) 07/31 07:16:56 Job terminated.
	(1) Normal termination (return value 65)
		Usr 0 00:00:09, Sys 0 00:00:13  -  Run Remote Usage
		Usr 0 00:00:00, Sys 0 00:00:00  -  Run Local Usage
		Usr 0 00:00:09, Sys 0 00:00:13  -  Total Remote Usage
		Usr 0 00:00:00, Sys 0 00:00:00  -  Total Local Usage
	22895  -  Run Bytes Sent By Job
	8930  -  Run Bytes Received By Job
	22895  -  Total Bytes Sent By Job
	8930  -  Total Bytes Received By Job
	Partitionable Resources :    Usage  Request Allocated
	   Cpus                 :                 1         1
	   Disk (KB)            :  3485220 10000000  11541384
	   Memory (MB)          :       69     2100      2100
...
000 (222300.000.000) 07/31 08:32:35 Job submitted from host: <131.225.189.232:9618?addrs=131.225.189.232-9618&noUDP&sock=8982_aaf4_3>
...
001 (222300.000.000) 07/31 08:33:04 Job executing on host: <131.225.204.81:28867?addrs=131.225.204.81-28867>
...
006 (222300.000.000) 07/31 08:33:13 Image size of job updated: 447524
	23  -  MemoryUsage of job (MB)
	23200  -  ResidentSetSize of job (KB)
...
006 (222300.000.000) 07/31 08:34:14 Image size of job updated: 447524
	71  -  MemoryUsage of job (MB)
	72340  -  ResidentSetSize of job (KB)
...
006 (222300.000.000) 07/31 08:35:13 Image size of job updated: 640936
	71  -  MemoryUsage of job (MB)
	72340  -  ResidentSetSize of job (KB)
...
005 (222300.000.000) 07/31 08:35:14 Job terminated.
	(1) Normal termination (return value 65)
		Usr 0 00:00:07, Sys 0 00:00:12  -  Run Remote Usage
		Usr 0 00:00:00, Sys 0 00:00:00  -  Run Local Usage
		Usr 0 00:00:07, Sys 0 00:00:12  -  Total Remote Usage
		Usr 0 00:00:00, Sys 0 00:00:00  -  Total Local Usage
	12425  -  Run Bytes Sent By Job
	8930  -  Run Bytes Received By Job
	12425  -  Total Bytes Sent By Job
	8930  -  Total Bytes Received By Job
	Partitionable Resources :    Usage  Request Allocated
	   Cpus                 :                 1         1
	   Disk (KB)            :  2816331 10000000  10414446
	   Memory (MB)          :       71     2100      2100
...
000 (222855.000.000) 07/31 08:49:46 Job submitted from host: <131.225.189.232:9618?addrs=131.225.189.232-9618&noUDP&sock=8982_aaf4_3>
...
001 (222855.000.000) 07/31 08:50:15 Job executing on host: <131.225.206.41:8370?addrs=131.225.206.41-8370>
...
006 (222855.000.000) 07/31 08:50:24 Image size of job updated: 2
	3  -  MemoryUsage of job (MB)
	2424  -  ResidentSetSize of job (KB)
...
006 (222855.000.000) 07/31 08:51:25 Image size of job updated: 447524
	70  -  MemoryUsage of job (MB)
	71356  -  ResidentSetSize of job (KB)
...
006 (222855.000.000) 07/31 08:52:45 Image size of job updated: 766644
	70  -  MemoryUsage of job (MB)
	71356  -  ResidentSetSize of job (KB)
...
005 (222855.000.000) 07/31 08:52:45 Job terminated.
	(1) Normal termination (return value 65)
		Usr 0 00:00:14, Sys 0 00:00:10  -  Run Remote Usage
		Usr 0 00:00:00, Sys 0 00:00:00  -  Run Local Usage
		Usr 0 00:00:14, Sys 0 00:00:10  -  Total Remote Usage
		Usr 0 00:00:00, Sys 0 00:00:00  -  Total Local Usage
	14536  -  Run Bytes Sent By Job
	44439  -  Run Bytes Received By Job
	14536  -  Total Bytes Sent By Job
	44439  -  Total Bytes Received By Job
	Partitionable Resources :    Usage  Request Allocated
	   Cpus                 :                 1         1
	   Disk (KB)            :  3848366 10000000  10275366
	   Memory (MB)          :       70     2100      2100
...
000 (223410.000.000) 07/31 09:06:16 Job submitted from host: <131.225.189.232:9618?addrs=131.225.189.232-9618&noUDP&sock=8982_aaf4_3>
...
