000 (220710.000.000) 07/31 06:48:53 Job submitted from host: <131.225.189.232:9618?addrs=131.225.189.232-9618&noUDP&sock=8982_aaf4_3>
...
001 (220710.000.000) 07/31 06:49:16 Job executing on host: <131.225.191.191:42435?addrs=131.225.191.191-42435>
...
006 (220710.000.000) 07/31 06:49:25 Image size of job updated: 2
	3  -  MemoryUsage of job (MB)
	2420  -  ResidentSetSize of job (KB)
...
006 (220710.000.000) 07/31 06:50:26 Image size of job updated: 447524
	70  -  MemoryUsage of job (MB)
	71348  -  ResidentSetSize of job (KB)
...
005 (220710.000.000) 07/31 06:54:28 Job terminated.
	(1) Normal termination (return value 90)
		Usr 0 00:00:01, Sys 0 00:00:19  -  Run Remote Usage
		Usr 0 00:00:00, Sys 0 00:00:00  -  Run Local Usage
		Usr 0 00:00:01, Sys 0 00:00:19  -  Total Remote Usage
		Usr 0 00:00:00, Sys 0 00:00:00  -  Total Local Usage
	28809  -  Run Bytes Sent By Job
	8930  -  Run Bytes Received By Job
	28809  -  Total Bytes Sent By Job
	8930  -  Total Bytes Received By Job
	Partitionable Resources :    Usage  Request Allocated
	   Cpus                 :                 1         1
	   Disk (KB)            :  5131289 10000000  12052616
	   Memory (MB)          :       70     2100      2100
...
000 (221272.000.000) 07/31 07:07:25 Job submitted from host: <131.225.189.232:9618?addrs=131.225.189.232-9618&noUDP&sock=8982_aaf4_3>
...
001 (221272.000.000) 07/31 07:07:57 Job executing on host: <131.225.206.41:8370?addrs=131.225.206.41-8370>
...
006 (221272.000.000) 07/31 07:08:06 Image size of job updated: 447524
	71  -  MemoryUsage of job (MB)
	72352  -  ResidentSetSize of job (KB)
...
005 (221272.000.000) 07/31 07:12:02 Job terminated.
	(1) Normal termination (return value 90)
		Usr 0 00:00:02, Sys 0 00:00:19  -  Run Remote Usage
		Usr 0 00:00:00, Sys 0 00:00:00  -  Run Local Usage
		Usr 0 00:00:02, Sys 0 00:00:19  -  Total Remote Usage
		Usr 0 00:00:00, Sys 0 00:00:00  -  Total Local Usage
	22705  -  Run Bytes Sent By Job
	8930  -  Run Bytes Received By Job
	22705  -  Total Bytes Sent By Job
	8930  -  Total Bytes Received By Job
	Partitionable Resources :    Usage  Request Allocated
	   Cpus                 :                 1         1
	   Disk (KB)            :  4894835 10000000  10267335
	   Memory (MB)          :       71     2100      2100
...
000 (221827.000.000) 07/31 07:12:07 Job submitted from host: <131.225.189.232:9618?addrs=131.225.189.232-9618&noUDP&sock=8982_aaf4_3>
...
001 (221827.000.000) 07/31 07:12:23 Job executing on host: <131.225.204.77:57293?addrs=131.225.204.77-57293>
...
006 (221827.000.000) 07/31 07:12:31 Image size of job updated: 63868
	10  -  MemoryUsage of job (MB)
	9516  -  ResidentSetSize of job (KB)
...
006 (221827.000.000) 07/31 07:13:31 Image size of job updated: 447524
	69  -  MemoryUsage of job (MB)
	70444  -  ResidentSetSize of job (KB)
...
006 (221827.000.000) 07/31 07:15:33 Image size of job updated: 447524
	214  -  MemoryUsage of job (MB)
	218548  -  ResidentSetSize of job (KB)
...
006 (221827.000.000) 07/31 07:16:36 Image size of job updated: 629932
	306  -  MemoryUsage of job (MB)
	313236  -  ResidentSetSize of job (KB)
...
005 (221827.000.000) 07/31 07:16:53 Job terminated.
	(1) Normal termination (return value 65)
		Usr 0 00:00:07, Sys 0 00:00:17  -  Run Remote Usage
		Usr 0 00:00:00, Sys 0 00:00:00  -  Run Local Usage
		Usr 0 00:00:07, Sys 0 00:00:17  -  Total Remote Usage
		Usr 0 00:00:00, Sys 0 00:00:00  -  Total Local Usage
	11353  -  Run Bytes Sent By Job
	8930  -  Run Bytes Received By Job
	11353  -  Total Bytes Sent By Job
	8930  -  Total Bytes Received By Job
	Partitionable Resources :    Usage  Request Allocated
	   Cpus                 :                 1         1
	   Disk (KB)            :  6272219 10000000  10314189
	   Memory (MB)          :      306     2100      2100
...
000 (222389.000.000) 07/31 08:32:42 Job submitted from host: <131.225.189.232:9618?addrs=131.225.189.232-9618&noUDP&sock=8982_aaf4_3>
...
001 (222389.000.000) 07/31 08:33:24 Job executing on host: <131.225.204.76:59502?addrs=131.225.204.76-59502>
...
006 (222389.000.000) 07/31 08:33:33 Image size of job updated: 447460
	29  -  MemoryUsage of job (MB)
	29300  -  ResidentSetSize of job (KB)
...
006 (222389.000.000) 07/31 08:34:35 Image size of job updated: 447524
	71  -  MemoryUsage of job (MB)
	72352  -  ResidentSetSize of job (KB)
...
006 (222389.000.000) 07/31 08:36:35 Image size of job updated: 769968
	476  -  MemoryUsage of job (MB)
	486516  -  ResidentSetSize of job (KB)
...
005 (222389.000.000) 07/31 08:36:54 Job terminated.
	(1) Normal termination (return value 65)
		Usr 0 00:00:12, Sys 0 00:00:18  -  Run Remote Usage
		Usr 0 00:00:00, Sys 0 00:00:00  -  Run Local Usage
		Usr 0 00:00:12, Sys 0 00:00:18  -  Total Remote Usage
		Usr 0 00:00:00, Sys 0 00:00:00  -  Total Local Usage
	17278  -  Run Bytes Sent By Job
	8930  -  Run Bytes Received By Job
	17278  -  Total Bytes Sent By Job
	8930  -  Total Bytes Received By Job
	Partitionable Resources :    Usage  Request Allocated
	   Cpus                 :                 1         1
	   Disk (KB)            :  6275093 10000000  10242810
	   Memory (MB)          :      476     2100      2100
...
000 (222944.000.000) 07/31 08:49:51 Job submitted from host: <131.225.189.232:9618?addrs=131.225.189.232-9618&noUDP&sock=8982_aaf4_3>
...
001 (222944.000.000) 07/31 08:50:33 Job executing on host: <131.225.206.43:59052?addrs=131.225.206.43-59052>
...
006 (222944.000.000) 07/31 08:50:41 Image size of job updated: 447532
	26  -  MemoryUsage of job (MB)
	26272  -  ResidentSetSize of job (KB)
...
006 (222944.000.000) 07/31 08:51:41 Image size of job updated: 447532
	69  -  MemoryUsage of job (MB)
	70324  -  ResidentSetSize of job (KB)
...
006 (222944.000.000) 07/31 08:52:41 Image size of job updated: 447532
	69  -  MemoryUsage of job (MB)
	70336  -  ResidentSetSize of job (KB)
...
006 (222944.000.000) 07/31 08:56:39 Image size of job updated: 629672
	69  -  MemoryUsage of job (MB)
	70336  -  ResidentSetSize of job (KB)
...
005 (222944.000.000) 07/31 08:56:40 Job terminated.
	(1) Normal termination (return value 65)
		Usr 0 00:00:08, Sys 0 00:00:14  -  Run Remote Usage
		Usr 0 00:00:00, Sys 0 00:00:00  -  Run Local Usage
		Usr 0 00:00:08, Sys 0 00:00:14  -  Total Remote Usage
		Usr 0 00:00:00, Sys 0 00:00:00  -  Total Local Usage
	31442  -  Run Bytes Sent By Job
	44439  -  Run Bytes Received By Job
	31442  -  Total Bytes Sent By Job
	44439  -  Total Bytes Received By Job
	Partitionable Resources :    Usage  Request Allocated
	   Cpus                 :                 1         1
	   Disk (KB)            :  5486781 10000000  13218972
	   Memory (MB)          :       69     2100      2100
...
000 (223499.000.000) 07/31 09:06:20 Job submitted from host: <131.225.189.232:9618?addrs=131.225.189.232-9618&noUDP&sock=8982_aaf4_3>
...
