000 (220542.000.000) 07/31 06:48:18 Job submitted from host: <131.225.189.232:9618?addrs=131.225.189.232-9618&noUDP&sock=8982_aaf4_3>
...
001 (220542.000.000) 07/31 06:48:33 Job executing on host: <131.225.206.213:62224?addrs=131.225.206.213-62224>
...
006 (220542.000.000) 07/31 06:48:42 Image size of job updated: 447524
	71  -  MemoryUsage of job (MB)
	72348  -  ResidentSetSize of job (KB)
...
005 (220542.000.000) 07/31 06:50:51 Job terminated.
	(1) Normal termination (return value 90)
		Usr 0 00:00:01, Sys 0 00:00:18  -  Run Remote Usage
		Usr 0 00:00:00, Sys 0 00:00:00  -  Run Local Usage
		Usr 0 00:00:01, Sys 0 00:00:18  -  Total Remote Usage
		Usr 0 00:00:00, Sys 0 00:00:00  -  Total Local Usage
	14147  -  Run Bytes Sent By Job
	8930  -  Run Bytes Received By Job
	14147  -  Total Bytes Sent By Job
	8930  -  Total Bytes Received By Job
	Partitionable Resources :    Usage  Request Allocated
	   Cpus                 :                 1         1
	   Disk (KB)            :  5803023 10000000  11767208
	   Memory (MB)          :       71     2100      2100
...
000 (221104.000.000) 07/31 07:06:56 Job submitted from host: <131.225.189.232:9618?addrs=131.225.189.232-9618&noUDP&sock=8982_aaf4_3>
...
001 (221104.000.000) 07/31 07:07:15 Job executing on host: <131.225.206.156:61004?addrs=131.225.206.156-61004>
...
006 (221104.000.000) 07/31 07:07:24 Image size of job updated: 447524
	71  -  MemoryUsage of job (MB)
	72348  -  ResidentSetSize of job (KB)
...
000 (221659.000.000) 07/31 07:11:38 Job submitted from host: <131.225.189.232:9618?addrs=131.225.189.232-9618&noUDP&sock=8982_aaf4_3>
...
001 (221659.000.000) 07/31 07:11:53 Job executing on host: <131.225.206.198:53342?addrs=131.225.206.198-53342>
...
006 (221659.000.000) 07/31 07:12:02 Image size of job updated: 2
	3  -  MemoryUsage of job (MB)
	2420  -  ResidentSetSize of job (KB)
...
006 (221659.000.000) 07/31 07:13:03 Image size of job updated: 447524
	71  -  MemoryUsage of job (MB)
	72348  -  ResidentSetSize of job (KB)
...
005 (221104.000.000) 07/31 07:13:14 Job terminated.
	(1) Normal termination (return value 90)
		Usr 0 00:00:01, Sys 0 00:00:22  -  Run Remote Usage
		Usr 0 00:00:00, Sys 0 00:00:00  -  Run Local Usage
		Usr 0 00:00:01, Sys 0 00:00:22  -  Total Remote Usage
		Usr 0 00:00:00, Sys 0 00:00:00  -  Total Local Usage
	26834  -  Run Bytes Sent By Job
	8930  -  Run Bytes Received By Job
	26834  -  Total Bytes Sent By Job
	8930  -  Total Bytes Received By Job
	Partitionable Resources :    Usage  Request Allocated
	   Cpus                 :                 1         1
	   Disk (KB)            :  5419128 10000000  10161969
	   Memory (MB)          :       71     2100      2100
...
006 (221659.000.000) 07/31 07:18:29 Image size of job updated: 765364
	71  -  MemoryUsage of job (MB)
	72348  -  ResidentSetSize of job (KB)
...
005 (221659.000.000) 07/31 07:18:30 Job terminated.
	(1) Normal termination (return value 65)
		Usr 0 00:00:12, Sys 0 00:00:19  -  Run Remote Usage
		Usr 0 00:00:00, Sys 0 00:00:00  -  Run Local Usage
		Usr 0 00:00:12, Sys 0 00:00:19  -  Total Remote Usage
		Usr 0 00:00:00, Sys 0 00:00:00  -  Total Local Usage
	29851  -  Run Bytes Sent By Job
	8930  -  Run Bytes Received By Job
	29851  -  Total Bytes Sent By Job
	8930  -  Total Bytes Received By Job
	Partitionable Resources :    Usage  Request Allocated
	   Cpus                 :                 1         1
	   Disk (KB)            :  5992181 10000000  11238312
	   Memory (MB)          :       71     2100      2100
...
000 (222221.000.000) 07/31 08:32:31 Job submitted from host: <131.225.189.232:9618?addrs=131.225.189.232-9618&noUDP&sock=8982_aaf4_3>
...
001 (222221.000.000) 07/31 08:32:48 Job executing on host: <131.225.204.32:15857?addrs=131.225.204.32-15857>
...
006 (222221.000.000) 07/31 08:32:57 Image size of job updated: 2
	3  -  MemoryUsage of job (MB)
	2424  -  ResidentSetSize of job (KB)
...
006 (222221.000.000) 07/31 08:33:58 Image size of job updated: 447524
	73  -  MemoryUsage of job (MB)
	74368  -  ResidentSetSize of job (KB)
...
006 (222221.000.000) 07/31 08:35:00 Image size of job updated: 595996
	313  -  MemoryUsage of job (MB)
	320500  -  ResidentSetSize of job (KB)
...
005 (222221.000.000) 07/31 08:35:12 Job terminated.
	(1) Normal termination (return value 65)
		Usr 0 00:00:07, Sys 0 00:00:20  -  Run Remote Usage
		Usr 0 00:00:00, Sys 0 00:00:00  -  Run Local Usage
		Usr 0 00:00:07, Sys 0 00:00:20  -  Total Remote Usage
		Usr 0 00:00:00, Sys 0 00:00:00  -  Total Local Usage
	13289  -  Run Bytes Sent By Job
	8930  -  Run Bytes Received By Job
	13289  -  Total Bytes Sent By Job
	8930  -  Total Bytes Received By Job
	Partitionable Resources :    Usage  Request Allocated
	   Cpus                 :                 1         1
	   Disk (KB)            :  5995032 10000000  10265292
	   Memory (MB)          :      313     2100      2100
...
