000 (220940.000.000) 07/31 06:49:42 Job submitted from host: <131.225.189.232:9618?addrs=131.225.189.232-9618&noUDP&sock=8982_aaf4_3>
...
001 (220940.000.000) 07/31 06:50:37 Job executing on host: <131.225.207.183:7093?addrs=131.225.207.183-7093>
...
006 (220940.000.000) 07/31 06:50:46 Image size of job updated: 2
	3  -  MemoryUsage of job (MB)
	2424  -  ResidentSetSize of job (KB)
...
006 (220940.000.000) 07/31 06:51:45 Image size of job updated: 447524
	70  -  MemoryUsage of job (MB)
	71356  -  ResidentSetSize of job (KB)
...
005 (220940.000.000) 07/31 06:56:20 Job terminated.
	(1) Normal termination (return value 90)
		Usr 0 00:00:01, Sys 0 00:00:20  -  Run Remote Usage
		Usr 0 00:00:00, Sys 0 00:00:00  -  Run Local Usage
		Usr 0 00:00:01, Sys 0 00:00:20  -  Total Remote Usage
		Usr 0 00:00:00, Sys 0 00:00:00  -  Total Local Usage
	20098  -  Run Bytes Sent By Job
	8930  -  Run Bytes Received By Job
	20098  -  Total Bytes Sent By Job
	8930  -  Total Bytes Received By Job
	Partitionable Resources :    Usage  Request Allocated
	   Cpus                 :                 1         1
	   Disk (KB)            :  5817200 10000000  10206153
	   Memory (MB)          :       70     2100      2100
...
000 (221502.000.000) 07/31 07:08:06 Job submitted from host: <131.225.189.232:9618?addrs=131.225.189.232-9618&noUDP&sock=8982_aaf4_3>
...
001 (221502.000.000) 07/31 07:08:38 Job executing on host: <131.225.206.205:32485?addrs=131.225.206.205-32485>
...
006 (221502.000.000) 07/31 07:08:46 Image size of job updated: 2
	3  -  MemoryUsage of job (MB)
	2424  -  ResidentSetSize of job (KB)
...
006 (221502.000.000) 07/31 07:09:46 Image size of job updated: 447524
	71  -  MemoryUsage of job (MB)
	72352  -  ResidentSetSize of job (KB)
...
000 (222057.000.000) 07/31 07:12:46 Job submitted from host: <131.225.189.232:9618?addrs=131.225.189.232-9618&noUDP&sock=8982_aaf4_3>
...
005 (221502.000.000) 07/31 07:13:39 Job terminated.
	(1) Normal termination (return value 90)
		Usr 0 00:00:01, Sys 0 00:00:22  -  Run Remote Usage
		Usr 0 00:00:00, Sys 0 00:00:00  -  Run Local Usage
		Usr 0 00:00:01, Sys 0 00:00:22  -  Total Remote Usage
		Usr 0 00:00:00, Sys 0 00:00:00  -  Total Local Usage
	27079  -  Run Bytes Sent By Job
	8930  -  Run Bytes Received By Job
	27079  -  Total Bytes Sent By Job
	8930  -  Total Bytes Received By Job
	Partitionable Resources :    Usage  Request Allocated
	   Cpus                 :                 1         1
	   Disk (KB)            :  5566584 10000000  11755488
	   Memory (MB)          :       71     2100      2100
...
001 (222057.000.000) 07/31 07:14:16 Job executing on host: <131.225.205.191:62187?addrs=131.225.205.191-62187>
...
006 (222057.000.000) 07/31 07:14:24 Image size of job updated: 40612
	4  -  MemoryUsage of job (MB)
	3648  -  ResidentSetSize of job (KB)
...
006 (222057.000.000) 07/31 07:15:24 Image size of job updated: 447524
	70  -  MemoryUsage of job (MB)
	71132  -  ResidentSetSize of job (KB)
...
006 (222057.000.000) 07/31 07:19:22 Image size of job updated: 771000
	70  -  MemoryUsage of job (MB)
	71132  -  ResidentSetSize of job (KB)
...
005 (222057.000.000) 07/31 07:19:23 Job terminated.
	(1) Normal termination (return value 65)
		Usr 0 00:00:19, Sys 0 00:00:29  -  Run Remote Usage
		Usr 0 00:00:00, Sys 0 00:00:00  -  Run Local Usage
		Usr 0 00:00:19, Sys 0 00:00:29  -  Total Remote Usage
		Usr 0 00:00:00, Sys 0 00:00:00  -  Total Local Usage
	22788  -  Run Bytes Sent By Job
	8930  -  Run Bytes Received By Job
	22788  -  Total Bytes Sent By Job
	8930  -  Total Bytes Received By Job
	Partitionable Resources :    Usage  Request Allocated
	   Cpus                 :                 1         1
	   Disk (KB)            :  6627799 10000000  17089376
	   Memory (MB)          :       70     2100      2100
...
000 (222619.000.000) 07/31 08:32:58 Job submitted from host: <131.225.189.232:9618?addrs=131.225.189.232-9618&noUDP&sock=8982_aaf4_3>
...
001 (222619.000.000) 07/31 08:34:10 Job executing on host: <131.225.205.162:52068?addrs=131.225.205.162-52068>
...
006 (222619.000.000) 07/31 08:34:18 Image size of job updated: 447528
	71  -  MemoryUsage of job (MB)
	72344  -  ResidentSetSize of job (KB)
...
006 (222619.000.000) 07/31 08:37:20 Image size of job updated: 537588
	257  -  MemoryUsage of job (MB)
	262828  -  ResidentSetSize of job (KB)
...
006 (222619.000.000) 07/31 08:37:29 Image size of job updated: 752560
	257  -  MemoryUsage of job (MB)
	262828  -  ResidentSetSize of job (KB)
...
005 (222619.000.000) 07/31 08:37:30 Job terminated.
	(1) Normal termination (return value 65)
		Usr 0 00:00:16, Sys 0 00:00:31  -  Run Remote Usage
		Usr 0 00:00:00, Sys 0 00:00:00  -  Run Local Usage
		Usr 0 00:00:16, Sys 0 00:00:31  -  Total Remote Usage
		Usr 0 00:00:00, Sys 0 00:00:00  -  Total Local Usage
	18228  -  Run Bytes Sent By Job
	8930  -  Run Bytes Received By Job
	18228  -  Total Bytes Sent By Job
	8930  -  Total Bytes Received By Job
	Partitionable Resources :    Usage  Request Allocated
	   Cpus                 :                 1         1
	   Disk (KB)            :  6630663 10000000  17156245
	   Memory (MB)          :      257     2100      2100
...
000 (223174.000.000) 07/31 08:50:02 Job submitted from host: <131.225.189.232:9618?addrs=131.225.189.232-9618&noUDP&sock=8982_aaf4_3>
...
001 (223174.000.000) 07/31 08:51:20 Job executing on host: <131.225.191.226:14321?addrs=131.225.191.226-14321>
...
006 (223174.000.000) 07/31 08:51:28 Image size of job updated: 68556
	8  -  MemoryUsage of job (MB)
	7380  -  ResidentSetSize of job (KB)
...
006 (223174.000.000) 07/31 08:52:28 Image size of job updated: 447524
	69  -  MemoryUsage of job (MB)
	70404  -  ResidentSetSize of job (KB)
...
006 (223174.000.000) 07/31 08:53:28 Image size of job updated: 447524
	69  -  MemoryUsage of job (MB)
	70412  -  ResidentSetSize of job (KB)
...
006 (223174.000.000) 07/31 08:55:01 Image size of job updated: 770996
	69  -  MemoryUsage of job (MB)
	70412  -  ResidentSetSize of job (KB)
...
005 (223174.000.000) 07/31 08:55:02 Job terminated.
	(1) Normal termination (return value 65)
		Usr 0 00:00:15, Sys 0 00:00:23  -  Run Remote Usage
		Usr 0 00:00:00, Sys 0 00:00:00  -  Run Local Usage
		Usr 0 00:00:15, Sys 0 00:00:23  -  Total Remote Usage
		Usr 0 00:00:00, Sys 0 00:00:00  -  Total Local Usage
	18823  -  Run Bytes Sent By Job
	44439  -  Run Bytes Received By Job
	18823  -  Total Bytes Sent By Job
	44439  -  Total Bytes Received By Job
	Partitionable Resources :    Usage  Request Allocated
	   Cpus                 :                 1         1
	   Disk (KB)            :  6630501 10000000  15966558
	   Memory (MB)          :       69     2100      2100
...
000 (223729.000.000) 07/31 09:06:30 Job submitted from host: <131.225.189.232:9618?addrs=131.225.189.232-9618&noUDP&sock=8982_aaf4_3>
...
