000 (220508.000.000) 07/31 06:48:11 Job submitted from host: <131.225.189.232:9618?addrs=131.225.189.232-9618&noUDP&sock=8982_aaf4_3>
...
001 (220508.000.000) 07/31 06:48:27 Job executing on host: <131.225.207.182:2483?addrs=131.225.207.182-2483>
...
006 (220508.000.000) 07/31 06:48:36 Image size of job updated: 447524
	71  -  MemoryUsage of job (MB)
	72344  -  ResidentSetSize of job (KB)
...
005 (220508.000.000) 07/31 06:49:36 Job terminated.
	(1) Normal termination (return value 90)
		Usr 0 00:00:00, Sys 0 00:00:13  -  Run Remote Usage
		Usr 0 00:00:00, Sys 0 00:00:00  -  Run Local Usage
		Usr 0 00:00:00, Sys 0 00:00:13  -  Total Remote Usage
		Usr 0 00:00:00, Sys 0 00:00:00  -  Total Local Usage
	7957  -  Run Bytes Sent By Job
	8930  -  Run Bytes Received By Job
	7957  -  Total Bytes Sent By Job
	8930  -  Total Bytes Received By Job
	Partitionable Resources :    Usage  Request Allocated
	   Cpus                 :                 1         1
	   Disk (KB)            :   822277 10000000  10402287
	   Memory (MB)          :       71     2100      2100
...
000 (221070.000.000) 07/31 07:06:50 Job submitted from host: <131.225.189.232:9618?addrs=131.225.189.232-9618&noUDP&sock=8982_aaf4_3>
...
001 (221070.000.000) 07/31 07:07:07 Job executing on host: <131.225.204.44:36218?addrs=131.225.204.44-36218>
...
006 (221070.000.000) 07/31 07:07:16 Image size of job updated: 381924
	15  -  MemoryUsage of job (MB)
	14936  -  ResidentSetSize of job (KB)
...
006 (221070.000.000) 07/31 07:08:17 Image size of job updated: 447524
	71  -  MemoryUsage of job (MB)
	72344  -  ResidentSetSize of job (KB)
...
005 (221070.000.000) 07/31 07:09:11 Job terminated.
	(1) Normal termination (return value 90)
		Usr 0 00:00:01, Sys 0 00:00:17  -  Run Remote Usage
		Usr 0 00:00:00, Sys 0 00:00:00  -  Run Local Usage
		Usr 0 00:00:01, Sys 0 00:00:17  -  Total Remote Usage
		Usr 0 00:00:00, Sys 0 00:00:00  -  Total Local Usage
	12212  -  Run Bytes Sent By Job
	8930  -  Run Bytes Received By Job
	12212  -  Total Bytes Sent By Job
	8930  -  Total Bytes Received By Job
	Partitionable Resources :    Usage  Request Allocated
	   Cpus                 :                 1         1
	   Disk (KB)            :  4927593 10000000  13309472
	   Memory (MB)          :       71     2100      2100
...
000 (221625.000.000) 07/31 07:11:32 Job submitted from host: <131.225.189.232:9618?addrs=131.225.189.232-9618&noUDP&sock=8982_aaf4_3>
...
001 (221625.000.000) 07/31 07:11:43 Job executing on host: <131.225.207.139:60247?addrs=131.225.207.139-60247>
...
006 (221625.000.000) 07/31 07:11:51 Image size of job updated: 447524
	71  -  MemoryUsage of job (MB)
	72424  -  ResidentSetSize of job (KB)
...
006 (221625.000.000) 07/31 07:13:48 Image size of job updated: 701616
	71  -  MemoryUsage of job (MB)
	72424  -  ResidentSetSize of job (KB)
...
005 (221625.000.000) 07/31 07:13:48 Job terminated.
	(1) Normal termination (return value 65)
		Usr 0 00:00:09, Sys 0 00:00:15  -  Run Remote Usage
		Usr 0 00:00:00, Sys 0 00:00:00  -  Run Local Usage
		Usr 0 00:00:09, Sys 0 00:00:15  -  Total Remote Usage
		Usr 0 00:00:00, Sys 0 00:00:00  -  Total Local Usage
	9519  -  Run Bytes Sent By Job
	8930  -  Run Bytes Received By Job
	9519  -  Total Bytes Sent By Job
	8930  -  Total Bytes Received By Job
	Partitionable Resources :    Usage  Request Allocated
	   Cpus                 :                 1         1
	   Disk (KB)            :  5172760 10000000  10312917
	   Memory (MB)          :       71     2100      2100
...
