000 (220725.000.000) 07/31 06:48:56 Job submitted from host: <131.225.189.232:9618?addrs=131.225.189.232-9618&noUDP&sock=8982_aaf4_3>
...
001 (220725.000.000) 07/31 06:49:18 Job executing on host: <131.225.207.67:18158?addrs=131.225.207.67-18158>
...
006 (220725.000.000) 07/31 06:49:27 Image size of job updated: 447524
	71  -  MemoryUsage of job (MB)
	72348  -  ResidentSetSize of job (KB)
...
005 (220725.000.000) 07/31 06:53:30 Job terminated.
	(1) Normal termination (return value 90)
		Usr 0 00:00:01, Sys 0 00:00:18  -  Run Remote Usage
		Usr 0 00:00:00, Sys 0 00:00:00  -  Run Local Usage
		Usr 0 00:00:01, Sys 0 00:00:18  -  Total Remote Usage
		Usr 0 00:00:00, Sys 0 00:00:00  -  Total Local Usage
	23878  -  Run Bytes Sent By Job
	8930  -  Run Bytes Received By Job
	23878  -  Total Bytes Sent By Job
	8930  -  Total Bytes Received By Job
	Partitionable Resources :    Usage  Request Allocated
	   Cpus                 :                 1         1
	   Disk (KB)            :  4795452 10000000  10313382
	   Memory (MB)          :       71     2100      2100
...
000 (221287.000.000) 07/31 07:07:27 Job submitted from host: <131.225.189.232:9618?addrs=131.225.189.232-9618&noUDP&sock=8982_aaf4_3>
...
001 (221287.000.000) 07/31 07:08:01 Job executing on host: <131.225.206.155:62837?addrs=131.225.206.155-62837>
...
006 (221287.000.000) 07/31 07:08:10 Image size of job updated: 447524
	70  -  MemoryUsage of job (MB)
	71348  -  ResidentSetSize of job (KB)
...
000 (221842.000.000) 07/31 07:12:10 Job submitted from host: <131.225.189.232:9618?addrs=131.225.189.232-9618&noUDP&sock=8982_aaf4_3>
...
005 (221287.000.000) 07/31 07:12:14 Job terminated.
	(1) Normal termination (return value 90)
		Usr 0 00:00:01, Sys 0 00:00:18  -  Run Remote Usage
		Usr 0 00:00:00, Sys 0 00:00:00  -  Run Local Usage
		Usr 0 00:00:01, Sys 0 00:00:18  -  Total Remote Usage
		Usr 0 00:00:00, Sys 0 00:00:00  -  Total Local Usage
	23457  -  Run Bytes Sent By Job
	8930  -  Run Bytes Received By Job
	23457  -  Total Bytes Sent By Job
	8930  -  Total Bytes Received By Job
	Partitionable Resources :    Usage  Request Allocated
	   Cpus                 :                 1         1
	   Disk (KB)            :  4845683 10000000  10682373
	   Memory (MB)          :       70     2100      2100
...
001 (221842.000.000) 07/31 07:12:28 Job executing on host: <131.225.207.164:23946?addrs=131.225.207.164-23946>
...
006 (221842.000.000) 07/31 07:12:37 Image size of job updated: 447524
	71  -  MemoryUsage of job (MB)
	72344  -  ResidentSetSize of job (KB)
...
006 (221842.000.000) 07/31 07:15:11 Image size of job updated: 737716
	71  -  MemoryUsage of job (MB)
	72344  -  ResidentSetSize of job (KB)
...
005 (221842.000.000) 07/31 07:15:12 Job terminated.
	(1) Normal termination (return value 65)
		Usr 0 00:00:09, Sys 0 00:00:16  -  Run Remote Usage
		Usr 0 00:00:00, Sys 0 00:00:00  -  Run Local Usage
		Usr 0 00:00:09, Sys 0 00:00:16  -  Total Remote Usage
		Usr 0 00:00:00, Sys 0 00:00:00  -  Total Local Usage
	13128  -  Run Bytes Sent By Job
	8930  -  Run Bytes Received By Job
	13128  -  Total Bytes Sent By Job
	8930  -  Total Bytes Received By Job
	Partitionable Resources :    Usage  Request Allocated
	   Cpus                 :                 1         1
	   Disk (KB)            :  6326157 10000000  10408485
	   Memory (MB)          :       71     2100      2100
...
000 (222404.000.000) 07/31 08:32:45 Job submitted from host: <131.225.189.232:9618?addrs=131.225.189.232-9618&noUDP&sock=8982_aaf4_3>
...
001 (222404.000.000) 07/31 08:33:27 Job executing on host: <131.225.191.159:9675?addrs=131.225.191.159-9675>
...
006 (222404.000.000) 07/31 08:33:35 Image size of job updated: 447524
	71  -  MemoryUsage of job (MB)
	72432  -  ResidentSetSize of job (KB)
...
006 (222404.000.000) 07/31 08:37:39 Image size of job updated: 447524
	103  -  MemoryUsage of job (MB)
	104508  -  ResidentSetSize of job (KB)
...
006 (222404.000.000) 07/31 08:38:08 Image size of job updated: 772016
	103  -  MemoryUsage of job (MB)
	104508  -  ResidentSetSize of job (KB)
...
005 (222404.000.000) 07/31 08:38:09 Job terminated.
	(1) Normal termination (return value 65)
		Usr 0 00:00:12, Sys 0 00:00:18  -  Run Remote Usage
		Usr 0 00:00:00, Sys 0 00:00:00  -  Run Local Usage
		Usr 0 00:00:12, Sys 0 00:00:18  -  Total Remote Usage
		Usr 0 00:00:00, Sys 0 00:00:00  -  Total Local Usage
	23033  -  Run Bytes Sent By Job
	8930  -  Run Bytes Received By Job
	23033  -  Total Bytes Sent By Job
	8930  -  Total Bytes Received By Job
	Partitionable Resources :    Usage  Request Allocated
	   Cpus                 :                 1         1
	   Disk (KB)            :  6329034 10000000  11941684
	   Memory (MB)          :      103     2100      2100
...
000 (222959.000.000) 07/31 08:49:52 Job submitted from host: <131.225.189.232:9618?addrs=131.225.189.232-9618&noUDP&sock=8982_aaf4_3>
...
001 (222959.000.000) 07/31 08:50:37 Job executing on host: <131.225.207.118:63186?addrs=131.225.207.118-63186>
...
006 (222959.000.000) 07/31 08:50:45 Image size of job updated: 447524
	71  -  MemoryUsage of job (MB)
	72348  -  ResidentSetSize of job (KB)
...
006 (222959.000.000) 07/31 08:54:46 Image size of job updated: 776372
	71  -  MemoryUsage of job (MB)
	72348  -  ResidentSetSize of job (KB)
...
005 (222959.000.000) 07/31 08:54:48 Job terminated.
	(1) Normal termination (return value 65)
		Usr 0 00:00:14, Sys 0 00:00:15  -  Run Remote Usage
		Usr 0 00:00:00, Sys 0 00:00:00  -  Run Local Usage
		Usr 0 00:00:14, Sys 0 00:00:15  -  Total Remote Usage
		Usr 0 00:00:00, Sys 0 00:00:00  -  Total Local Usage
	19617  -  Run Bytes Sent By Job
	44439  -  Run Bytes Received By Job
	19617  -  Total Bytes Sent By Job
	44439  -  Total Bytes Received By Job
	Partitionable Resources :    Usage  Request Allocated
	   Cpus                 :                 1         1
	   Disk (KB)            :  4303794 10000000  10303584
	   Memory (MB)          :       71     2100      2100
...
000 (223514.000.000) 07/31 09:06:20 Job submitted from host: <131.225.189.232:9618?addrs=131.225.189.232-9618&noUDP&sock=8982_aaf4_3>
...
