000 (220776.000.000) 07/31 06:49:08 Job submitted from host: <131.225.189.232:9618?addrs=131.225.189.232-9618&noUDP&sock=8982_aaf4_3>
...
001 (220776.000.000) 07/31 06:49:30 Job executing on host: <131.225.207.57:53683?addrs=131.225.207.57-53683>
...
006 (220776.000.000) 07/31 06:49:39 Image size of job updated: 447532
	13  -  MemoryUsage of job (MB)
	12940  -  ResidentSetSize of job (KB)
...
006 (220776.000.000) 07/31 06:50:40 Image size of job updated: 447532
	69  -  MemoryUsage of job (MB)
	70412  -  ResidentSetSize of job (KB)
...
005 (220776.000.000) 07/31 06:54:17 Job terminated.
	(1) Normal termination (return value 90)
		Usr 0 00:00:01, Sys 0 00:00:18  -  Run Remote Usage
		Usr 0 00:00:00, Sys 0 00:00:00  -  Run Local Usage
		Usr 0 00:00:01, Sys 0 00:00:18  -  Total Remote Usage
		Usr 0 00:00:00, Sys 0 00:00:00  -  Total Local Usage
	21454  -  Run Bytes Sent By Job
	8930  -  Run Bytes Received By Job
	21454  -  Total Bytes Sent By Job
	8930  -  Total Bytes Received By Job
	Partitionable Resources :    Usage  Request Allocated
	   Cpus                 :                 1         1
	   Disk (KB)            :  4525076 10000000  10498371
	   Memory (MB)          :       69     2100      2100
...
000 (221338.000.000) 07/31 07:07:37 Job submitted from host: <131.225.189.232:9618?addrs=131.225.189.232-9618&noUDP&sock=8982_aaf4_3>
...
001 (221338.000.000) 07/31 07:08:10 Job executing on host: <131.225.204.41:44778?addrs=131.225.204.41-44778>
...
006 (221338.000.000) 07/31 07:08:19 Image size of job updated: 447524
	71  -  MemoryUsage of job (MB)
	72428  -  ResidentSetSize of job (KB)
...
000 (221893.000.000) 07/31 07:12:18 Job submitted from host: <131.225.189.232:9618?addrs=131.225.189.232-9618&noUDP&sock=8982_aaf4_3>
...
001 (221893.000.000) 07/31 07:12:44 Job executing on host: <131.225.207.174:4725?addrs=131.225.207.174-4725>
...
006 (221893.000.000) 07/31 07:12:52 Image size of job updated: 447524
	71  -  MemoryUsage of job (MB)
	72348  -  ResidentSetSize of job (KB)
...
005 (221338.000.000) 07/31 07:13:13 Job terminated.
	(1) Normal termination (return value 90)
		Usr 0 00:00:01, Sys 0 00:00:20  -  Run Remote Usage
		Usr 0 00:00:00, Sys 0 00:00:00  -  Run Local Usage
		Usr 0 00:00:01, Sys 0 00:00:20  -  Total Remote Usage
		Usr 0 00:00:00, Sys 0 00:00:00  -  Total Local Usage
	27950  -  Run Bytes Sent By Job
	8930  -  Run Bytes Received By Job
	27950  -  Total Bytes Sent By Job
	8930  -  Total Bytes Received By Job
	Partitionable Resources :    Usage  Request Allocated
	   Cpus                 :                 1         1
	   Disk (KB)            :  5763192 10000000  10514673
	   Memory (MB)          :       71     2100      2100
...
006 (221893.000.000) 07/31 07:15:53 Image size of job updated: 725936
	440  -  MemoryUsage of job (MB)
	449556  -  ResidentSetSize of job (KB)
...
005 (221893.000.000) 07/31 07:16:04 Job terminated.
	(1) Normal termination (return value 65)
		Usr 0 00:00:10, Sys 0 00:00:20  -  Run Remote Usage
		Usr 0 00:00:00, Sys 0 00:00:00  -  Run Local Usage
		Usr 0 00:00:10, Sys 0 00:00:20  -  Total Remote Usage
		Usr 0 00:00:00, Sys 0 00:00:00  -  Total Local Usage
	9955  -  Run Bytes Sent By Job
	8930  -  Run Bytes Received By Job
	9955  -  Total Bytes Sent By Job
	8930  -  Total Bytes Received By Job
	Partitionable Resources :    Usage  Request Allocated
	   Cpus                 :                 1         1
	   Disk (KB)            :  6653927 10000000  10468155
	   Memory (MB)          :      440     2100      2100
...
