000 (220837.000.000) 07/31 06:49:21 Job submitted from host: <131.225.189.232:9618?addrs=131.225.189.232-9618&noUDP&sock=8982_aaf4_3>
...
001 (220837.000.000) 07/31 06:49:42 Job executing on host: <131.225.205.164:13355?addrs=131.225.205.164-13355>
...
006 (220837.000.000) 07/31 06:49:51 Image size of job updated: 447524
	71  -  MemoryUsage of job (MB)
	72348  -  ResidentSetSize of job (KB)
...
005 (220837.000.000) 07/31 06:51:13 Job terminated.
	(1) Normal termination (return value 90)
		Usr 0 00:00:00, Sys 0 00:00:20  -  Run Remote Usage
		Usr 0 00:00:00, Sys 0 00:00:00  -  Run Local Usage
		Usr 0 00:00:00, Sys 0 00:00:20  -  Total Remote Usage
		Usr 0 00:00:00, Sys 0 00:00:00  -  Total Local Usage
	10095  -  Run Bytes Sent By Job
	8930  -  Run Bytes Received By Job
	10095  -  Total Bytes Sent By Job
	8930  -  Total Bytes Received By Job
	Partitionable Resources :    Usage  Request Allocated
	   Cpus                 :                 1         1
	   Disk (KB)            :  5934090 10000000  17025160
	   Memory (MB)          :       71     2100      2100
...
000 (221399.000.000) 07/31 07:07:48 Job submitted from host: <131.225.189.232:9618?addrs=131.225.189.232-9618&noUDP&sock=8982_aaf4_3>
...
001 (221399.000.000) 07/31 07:08:22 Job executing on host: <131.225.191.138:60659?addrs=131.225.191.138-60659>
...
006 (221399.000.000) 07/31 07:08:31 Image size of job updated: 2
	3  -  MemoryUsage of job (MB)
	2424  -  ResidentSetSize of job (KB)
...
006 (221399.000.000) 07/31 07:09:32 Image size of job updated: 447524
	71  -  MemoryUsage of job (MB)
	72344  -  ResidentSetSize of job (KB)
...
005 (221399.000.000) 07/31 07:11:13 Job terminated.
	(1) Normal termination (return value 90)
		Usr 0 00:00:01, Sys 0 00:00:18  -  Run Remote Usage
		Usr 0 00:00:00, Sys 0 00:00:00  -  Run Local Usage
		Usr 0 00:00:01, Sys 0 00:00:18  -  Total Remote Usage
		Usr 0 00:00:00, Sys 0 00:00:00  -  Total Local Usage
	15674  -  Run Bytes Sent By Job
	8930  -  Run Bytes Received By Job
	15674  -  Total Bytes Sent By Job
	8930  -  Total Bytes Received By Job
	Partitionable Resources :    Usage  Request Allocated
	   Cpus                 :                 1         1
	   Disk (KB)            :  5271661 10000000  12124748
	   Memory (MB)          :       71     2100      2100
...
000 (221954.000.000) 07/31 07:12:29 Job submitted from host: <131.225.189.232:9618?addrs=131.225.189.232-9618&noUDP&sock=8982_aaf4_3>
...
001 (221954.000.000) 07/31 07:13:29 Job executing on host: <131.225.206.53:45858?addrs=131.225.206.53-45858>
...
006 (221954.000.000) 07/31 07:13:38 Image size of job updated: 2
	3  -  MemoryUsage of job (MB)
	2424  -  ResidentSetSize of job (KB)
...
006 (221954.000.000) 07/31 07:14:39 Image size of job updated: 447524
	71  -  MemoryUsage of job (MB)
	72348  -  ResidentSetSize of job (KB)
...
006 (221954.000.000) 07/31 07:15:28 Image size of job updated: 493964
	71  -  MemoryUsage of job (MB)
	72348  -  ResidentSetSize of job (KB)
...
005 (221954.000.000) 07/31 07:15:29 Job terminated.
	(1) Normal termination (return value 65)
		Usr 0 00:00:04, Sys 0 00:00:18  -  Run Remote Usage
		Usr 0 00:00:00, Sys 0 00:00:00  -  Run Local Usage
		Usr 0 00:00:04, Sys 0 00:00:18  -  Total Remote Usage
		Usr 0 00:00:00, Sys 0 00:00:00  -  Total Local Usage
	11006  -  Run Bytes Sent By Job
	8930  -  Run Bytes Received By Job
	11006  -  Total Bytes Sent By Job
	8930  -  Total Bytes Received By Job
	Partitionable Resources :    Usage  Request Allocated
	   Cpus                 :                 1         1
	   Disk (KB)            :  5680664 10000000  10364475
	   Memory (MB)          :       71     2100      2100
...
