000 (220998.000.000) 07/31 06:49:56 Job submitted from host: <131.225.189.232:9618?addrs=131.225.189.232-9618&noUDP&sock=8982_aaf4_3>
...
001 (220998.000.000) 07/31 06:51:03 Job executing on host: <131.225.190.31:64999?addrs=131.225.190.31-64999>
...
006 (220998.000.000) 07/31 06:51:12 Image size of job updated: 365536
	15  -  MemoryUsage of job (MB)
	14936  -  ResidentSetSize of job (KB)
...
006 (220998.000.000) 07/31 06:52:13 Image size of job updated: 447524
	71  -  MemoryUsage of job (MB)
	72348  -  ResidentSetSize of job (KB)
...
005 (220998.000.000) 07/31 06:53:22 Job terminated.
	(1) Normal termination (return value 90)
		Usr 0 00:00:00, Sys 0 00:00:31  -  Run Remote Usage
		Usr 0 00:00:00, Sys 0 00:00:00  -  Run Local Usage
		Usr 0 00:00:00, Sys 0 00:00:31  -  Total Remote Usage
		Usr 0 00:00:00, Sys 0 00:00:00  -  Total Local Usage
	11573  -  Run Bytes Sent By Job
	8930  -  Run Bytes Received By Job
	11573  -  Total Bytes Sent By Job
	8930  -  Total Bytes Received By Job
	Partitionable Resources :    Usage  Request Allocated
	   Cpus                 :                 1         1
	   Disk (KB)            :  6573070 10000000  14854268
	   Memory (MB)          :       71     2100      2100
...
000 (221560.000.000) 07/31 07:08:16 Job submitted from host: <131.225.189.232:9618?addrs=131.225.189.232-9618&noUDP&sock=8982_aaf4_3>
...
001 (221560.000.000) 07/31 07:09:23 Job executing on host: <131.225.191.155:28550?addrs=131.225.191.155-28550>
...
006 (221560.000.000) 07/31 07:09:50 Image size of job updated: 447524
	69  -  MemoryUsage of job (MB)
	70404  -  ResidentSetSize of job (KB)
...
005 (221560.000.000) 07/31 07:12:52 Job terminated.
	(1) Normal termination (return value 90)
		Usr 0 00:00:01, Sys 0 00:00:18  -  Run Remote Usage
		Usr 0 00:00:00, Sys 0 00:00:00  -  Run Local Usage
		Usr 0 00:00:01, Sys 0 00:00:18  -  Total Remote Usage
		Usr 0 00:00:00, Sys 0 00:00:00  -  Total Local Usage
	15495  -  Run Bytes Sent By Job
	8930  -  Run Bytes Received By Job
	15495  -  Total Bytes Sent By Job
	8930  -  Total Bytes Received By Job
	Partitionable Resources :    Usage  Request Allocated
	   Cpus                 :                 1         1
	   Disk (KB)            :  1159269 10000000  12207336
	   Memory (MB)          :       69     2100      2100
...
000 (222115.000.000) 07/31 07:12:55 Job submitted from host: <131.225.189.232:9618?addrs=131.225.189.232-9618&noUDP&sock=8982_aaf4_3>
...
001 (222115.000.000) 07/31 07:14:42 Job executing on host: <131.225.205.166:50235?addrs=131.225.205.166-50235>
...
006 (222115.000.000) 07/31 07:14:50 Image size of job updated: 447524
	71  -  MemoryUsage of job (MB)
	72352  -  ResidentSetSize of job (KB)
...
006 (222115.000.000) 07/31 07:16:51 Image size of job updated: 447524
	197  -  MemoryUsage of job (MB)
	200888  -  ResidentSetSize of job (KB)
...
006 (222115.000.000) 07/31 07:17:10 Image size of job updated: 760500
	197  -  MemoryUsage of job (MB)
	200888  -  ResidentSetSize of job (KB)
...
005 (222115.000.000) 07/31 07:17:11 Job terminated.
	(1) Normal termination (return value 65)
		Usr 0 00:00:14, Sys 0 00:00:18  -  Run Remote Usage
		Usr 0 00:00:00, Sys 0 00:00:00  -  Run Local Usage
		Usr 0 00:00:14, Sys 0 00:00:18  -  Total Remote Usage
		Usr 0 00:00:00, Sys 0 00:00:00  -  Total Local Usage
	12053  -  Run Bytes Sent By Job
	8930  -  Run Bytes Received By Job
	12053  -  Total Bytes Sent By Job
	8930  -  Total Bytes Received By Job
	Partitionable Resources :    Usage  Request Allocated
	   Cpus                 :                 1         1
	   Disk (KB)            :  6701526 10000000  17057192
	   Memory (MB)          :      197     2100      2100
...
000 (222677.000.000) 07/31 08:33:03 Job submitted from host: <131.225.189.232:9618?addrs=131.225.189.232-9618&noUDP&sock=8982_aaf4_3>
...
001 (222677.000.000) 07/31 08:35:09 Job executing on host: <131.225.204.80:38130?addrs=131.225.204.80-38130>
...
006 (222677.000.000) 07/31 08:35:17 Image size of job updated: 447524
	71  -  MemoryUsage of job (MB)
	72340  -  ResidentSetSize of job (KB)
...
006 (222677.000.000) 07/31 08:37:18 Image size of job updated: 601676
	326  -  MemoryUsage of job (MB)
	333100  -  ResidentSetSize of job (KB)
...
005 (222677.000.000) 07/31 08:37:26 Job terminated.
	(1) Normal termination (return value 65)
		Usr 0 00:00:06, Sys 0 00:00:14  -  Run Remote Usage
		Usr 0 00:00:00, Sys 0 00:00:00  -  Run Local Usage
		Usr 0 00:00:06, Sys 0 00:00:14  -  Total Remote Usage
		Usr 0 00:00:00, Sys 0 00:00:00  -  Total Local Usage
	11334  -  Run Bytes Sent By Job
	8930  -  Run Bytes Received By Job
	11334  -  Total Bytes Sent By Job
	8930  -  Total Bytes Received By Job
	Partitionable Resources :    Usage  Request Allocated
	   Cpus                 :                 1         1
	   Disk (KB)            :  6704393 10000000  10463571
	   Memory (MB)          :      326     2100      2100
...
