000 (220514.000.000) 07/31 06:48:12 Job submitted from host: <131.225.189.232:9618?addrs=131.225.189.232-9618&noUDP&sock=8982_aaf4_3>
...
001 (220514.000.000) 07/31 06:48:27 Job executing on host: <131.225.207.66:14919?addrs=131.225.207.66-14919>
...
006 (220514.000.000) 07/31 06:48:36 Image size of job updated: 447524
	71  -  MemoryUsage of job (MB)
	72348  -  ResidentSetSize of job (KB)
...
005 (220514.000.000) 07/31 06:50:56 Job terminated.
	(1) Normal termination (return value 90)
		Usr 0 00:00:02, Sys 0 00:00:13  -  Run Remote Usage
		Usr 0 00:00:00, Sys 0 00:00:00  -  Run Local Usage
		Usr 0 00:00:02, Sys 0 00:00:13  -  Total Remote Usage
		Usr 0 00:00:00, Sys 0 00:00:00  -  Total Local Usage
	14879  -  Run Bytes Sent By Job
	8930  -  Run Bytes Received By Job
	14879  -  Total Bytes Sent By Job
	8930  -  Total Bytes Received By Job
	Partitionable Resources :    Usage  Request Allocated
	   Cpus                 :                 1         1
	   Disk (KB)            :  5704719 10000000  10182726
	   Memory (MB)          :       71     2100      2100
...
000 (221076.000.000) 07/31 07:06:51 Job submitted from host: <131.225.189.232:9618?addrs=131.225.189.232-9618&noUDP&sock=8982_aaf4_3>
...
001 (221076.000.000) 07/31 07:07:09 Job executing on host: <131.225.206.205:32485?addrs=131.225.206.205-32485>
...
006 (221076.000.000) 07/31 07:07:18 Image size of job updated: 447524
	73  -  MemoryUsage of job (MB)
	74368  -  ResidentSetSize of job (KB)
...
005 (221076.000.000) 07/31 07:08:35 Job terminated.
	(1) Normal termination (return value 90)
		Usr 0 00:00:00, Sys 0 00:00:13  -  Run Remote Usage
		Usr 0 00:00:00, Sys 0 00:00:00  -  Run Local Usage
		Usr 0 00:00:00, Sys 0 00:00:13  -  Total Remote Usage
		Usr 0 00:00:00, Sys 0 00:00:00  -  Total Local Usage
	8030  -  Run Bytes Sent By Job
	8930  -  Run Bytes Received By Job
	8030  -  Total Bytes Sent By Job
	8930  -  Total Bytes Received By Job
	Partitionable Resources :    Usage  Request Allocated
	   Cpus                 :                 1         1
	   Disk (KB)            :  6096315 10000000  11755488
	   Memory (MB)          :       73     2100      2100
...
000 (221631.000.000) 07/31 07:11:33 Job submitted from host: <131.225.189.232:9618?addrs=131.225.189.232-9618&noUDP&sock=8982_aaf4_3>
...
001 (221631.000.000) 07/31 07:11:44 Job executing on host: <131.225.206.119:54524?addrs=131.225.206.119-54524>
...
006 (221631.000.000) 07/31 07:11:52 Image size of job updated: 2
	3  -  MemoryUsage of job (MB)
	2428  -  ResidentSetSize of job (KB)
...
006 (221631.000.000) 07/31 07:12:52 Image size of job updated: 447524
	71  -  MemoryUsage of job (MB)
	72344  -  ResidentSetSize of job (KB)
...
006 (221631.000.000) 07/31 07:16:55 Image size of job updated: 447524
	117  -  MemoryUsage of job (MB)
	118812  -  ResidentSetSize of job (KB)
...
006 (221631.000.000) 07/31 07:17:04 Image size of job updated: 644264
	117  -  MemoryUsage of job (MB)
	118812  -  ResidentSetSize of job (KB)
...
005 (221631.000.000) 07/31 07:17:05 Job terminated.
	(1) Normal termination (return value 65)
		Usr 0 00:00:09, Sys 0 00:00:16  -  Run Remote Usage
		Usr 0 00:00:00, Sys 0 00:00:00  -  Run Local Usage
		Usr 0 00:00:09, Sys 0 00:00:16  -  Total Remote Usage
		Usr 0 00:00:00, Sys 0 00:00:00  -  Total Local Usage
	27533  -  Run Bytes Sent By Job
	8930  -  Run Bytes Received By Job
	27533  -  Total Bytes Sent By Job
	8930  -  Total Bytes Received By Job
	Partitionable Resources :    Usage  Request Allocated
	   Cpus                 :                 1         1
	   Disk (KB)            :  6095743 10000000  10323774
	   Memory (MB)          :      117     2100      2100
...
000 (222193.000.000) 07/31 08:32:29 Job submitted from host: <131.225.189.232:9618?addrs=131.225.189.232-9618&noUDP&sock=8982_aaf4_3>
...
001 (222193.000.000) 07/31 08:32:43 Job executing on host: <131.225.204.83:38868?addrs=131.225.204.83-38868>
...
006 (222193.000.000) 07/31 08:32:52 Image size of job updated: 145860
	10  -  MemoryUsage of job (MB)
	10016  -  ResidentSetSize of job (KB)
...
006 (222193.000.000) 07/31 08:33:54 Image size of job updated: 447524
	69  -  MemoryUsage of job (MB)
	70564  -  ResidentSetSize of job (KB)
...
006 (222193.000.000) 07/31 08:34:54 Image size of job updated: 493964
	173  -  MemoryUsage of job (MB)
	176660  -  ResidentSetSize of job (KB)
...
006 (222193.000.000) 07/31 08:35:03 Image size of job updated: 777396
	173  -  MemoryUsage of job (MB)
	176660  -  ResidentSetSize of job (KB)
...
005 (222193.000.000) 07/31 08:35:03 Job terminated.
	(1) Normal termination (return value 65)
		Usr 0 00:00:15, Sys 0 00:00:15  -  Run Remote Usage
		Usr 0 00:00:00, Sys 0 00:00:00  -  Run Local Usage
		Usr 0 00:00:15, Sys 0 00:00:15  -  Total Remote Usage
		Usr 0 00:00:00, Sys 0 00:00:00  -  Total Local Usage
	10622  -  Run Bytes Sent By Job
	8930  -  Run Bytes Received By Job
	10622  -  Total Bytes Sent By Job
	8930  -  Total Bytes Received By Job
	Partitionable Resources :    Usage  Request Allocated
	   Cpus                 :                 1         1
	   Disk (KB)            :  6098594 10000000  10071993
	   Memory (MB)          :      173     2100      2100
...
