000 (220631.000.000) 07/31 06:48:37 Job submitted from host: <131.225.189.232:9618?addrs=131.225.189.232-9618&noUDP&sock=8982_aaf4_3>
...
001 (220631.000.000) 07/31 06:49:01 Job executing on host: <131.225.207.116:5782?addrs=131.225.207.116-5782>
...
006 (220631.000.000) 07/31 06:49:10 Image size of job updated: 447524
	71  -  MemoryUsage of job (MB)
	72348  -  ResidentSetSize of job (KB)
...
005 (220631.000.000) 07/31 06:53:00 Job terminated.
	(1) Normal termination (return value 90)
		Usr 0 00:00:01, Sys 0 00:00:09  -  Run Remote Usage
		Usr 0 00:00:00, Sys 0 00:00:00  -  Run Local Usage
		Usr 0 00:00:01, Sys 0 00:00:09  -  Total Remote Usage
		Usr 0 00:00:00, Sys 0 00:00:00  -  Total Local Usage
	17486  -  Run Bytes Sent By Job
	8930  -  Run Bytes Received By Job
	17486  -  Total Bytes Sent By Job
	8930  -  Total Bytes Received By Job
	Partitionable Resources :    Usage  Request Allocated
	   Cpus                 :                 1         1
	   Disk (KB)            :  2755599 10000000  10234206
	   Memory (MB)          :       71     2100      2100
...
000 (221193.000.000) 07/31 07:07:11 Job submitted from host: <131.225.189.232:9618?addrs=131.225.189.232-9618&noUDP&sock=8982_aaf4_3>
...
001 (221193.000.000) 07/31 07:07:42 Job executing on host: <131.225.204.59:17004?addrs=131.225.204.59-17004>
...
006 (221193.000.000) 07/31 07:07:51 Image size of job updated: 2
	3  -  MemoryUsage of job (MB)
	2424  -  ResidentSetSize of job (KB)
...
006 (221193.000.000) 07/31 07:08:41 Image size of job updated: 447524
	3  -  MemoryUsage of job (MB)
	2424  -  ResidentSetSize of job (KB)
...
005 (221193.000.000) 07/31 07:08:41 Job terminated.
	(1) Normal termination (return value 90)
		Usr 0 00:00:00, Sys 0 00:00:09  -  Run Remote Usage
		Usr 0 00:00:00, Sys 0 00:00:00  -  Run Local Usage
		Usr 0 00:00:00, Sys 0 00:00:09  -  Total Remote Usage
		Usr 0 00:00:00, Sys 0 00:00:00  -  Total Local Usage
	6175  -  Run Bytes Sent By Job
	8930  -  Run Bytes Received By Job
	6175  -  Total Bytes Sent By Job
	8930  -  Total Bytes Received By Job
	Partitionable Resources :    Usage  Request Allocated
	   Cpus                 :                 1         1
	   Disk (KB)            :   819420 10000000  10588920
	   Memory (MB)          :        3     2100      2100
...
000 (221748.000.000) 07/31 07:11:53 Job submitted from host: <131.225.189.232:9618?addrs=131.225.189.232-9618&noUDP&sock=8982_aaf4_3>
...
001 (221748.000.000) 07/31 07:12:12 Job executing on host: <131.225.204.106:26356?addrs=131.225.204.106-26356>
...
006 (221748.000.000) 07/31 07:12:21 Image size of job updated: 447524
	71  -  MemoryUsage of job (MB)
	72348  -  ResidentSetSize of job (KB)
...
006 (221748.000.000) 07/31 07:13:22 Image size of job updated: 447524
	140  -  MemoryUsage of job (MB)
	142960  -  ResidentSetSize of job (KB)
...
006 (221748.000.000) 07/31 07:13:36 Image size of job updated: 608076
	140  -  MemoryUsage of job (MB)
	142960  -  ResidentSetSize of job (KB)
...
005 (221748.000.000) 07/31 07:13:37 Job terminated.
	(1) Normal termination (return value 65)
		Usr 0 00:00:06, Sys 0 00:00:10  -  Run Remote Usage
		Usr 0 00:00:00, Sys 0 00:00:00  -  Run Local Usage
		Usr 0 00:00:06, Sys 0 00:00:10  -  Total Remote Usage
		Usr 0 00:00:00, Sys 0 00:00:00  -  Total Local Usage
	7814  -  Run Bytes Sent By Job
	8930  -  Run Bytes Received By Job
	7814  -  Total Bytes Sent By Job
	8930  -  Total Bytes Received By Job
	Partitionable Resources :    Usage  Request Allocated
	   Cpus                 :                 1         1
	   Disk (KB)            :  3851018 10000000  10268445
	   Memory (MB)          :      140     2100      2100
...
000 (222310.000.000) 07/31 08:32:36 Job submitted from host: <131.225.189.232:9618?addrs=131.225.189.232-9618&noUDP&sock=8982_aaf4_3>
...
001 (222310.000.000) 07/31 08:33:06 Job executing on host: <131.225.191.138:60659?addrs=131.225.191.138-60659>
...
006 (222310.000.000) 07/31 08:33:15 Image size of job updated: 2
	3  -  MemoryUsage of job (MB)
	2420  -  ResidentSetSize of job (KB)
...
006 (222310.000.000) 07/31 08:34:16 Image size of job updated: 447524
	70  -  MemoryUsage of job (MB)
	71360  -  ResidentSetSize of job (KB)
...
006 (222310.000.000) 07/31 08:34:56 Image size of job updated: 708272
	70  -  MemoryUsage of job (MB)
	71360  -  ResidentSetSize of job (KB)
...
005 (222310.000.000) 07/31 08:34:56 Job terminated.
	(1) Normal termination (return value 65)
		Usr 0 00:00:09, Sys 0 00:00:08  -  Run Remote Usage
		Usr 0 00:00:00, Sys 0 00:00:00  -  Run Local Usage
		Usr 0 00:00:09, Sys 0 00:00:08  -  Total Remote Usage
		Usr 0 00:00:00, Sys 0 00:00:00  -  Total Local Usage
	7452  -  Run Bytes Sent By Job
	8930  -  Run Bytes Received By Job
	7452  -  Total Bytes Sent By Job
	8930  -  Total Bytes Received By Job
	Partitionable Resources :    Usage  Request Allocated
	   Cpus                 :                 1         1
	   Disk (KB)            :  3288849 10000000  12173020
	   Memory (MB)          :       70     2100      2100
...
