000 (220945.000.000) 07/31 06:49:43 Job submitted from host: <131.225.189.232:9618?addrs=131.225.189.232-9618&noUDP&sock=8982_aaf4_3>
...
001 (220945.000.000) 07/31 06:50:45 Job executing on host: <131.225.206.194:9227?addrs=131.225.206.194-9227>
...
006 (220945.000.000) 07/31 06:50:53 Image size of job updated: 447524
	71  -  MemoryUsage of job (MB)
	72348  -  ResidentSetSize of job (KB)
...
005 (220945.000.000) 07/31 06:53:24 Job terminated.
	(1) Normal termination (return value 90)
		Usr 0 00:00:01, Sys 0 00:00:17  -  Run Remote Usage
		Usr 0 00:00:00, Sys 0 00:00:00  -  Run Local Usage
		Usr 0 00:00:01, Sys 0 00:00:17  -  Total Remote Usage
		Usr 0 00:00:00, Sys 0 00:00:00  -  Total Local Usage
	13429  -  Run Bytes Sent By Job
	8930  -  Run Bytes Received By Job
	13429  -  Total Bytes Sent By Job
	8930  -  Total Bytes Received By Job
	Partitionable Resources :    Usage  Request Allocated
	   Cpus                 :                 1         1
	   Disk (KB)            :  5852173 10000000  11920160
	   Memory (MB)          :       71     2100      2100
...
000 (221507.000.000) 07/31 07:08:06 Job submitted from host: <131.225.189.232:9618?addrs=131.225.189.232-9618&noUDP&sock=8982_aaf4_3>
...
001 (221507.000.000) 07/31 07:08:42 Job executing on host: <131.225.190.31:64999?addrs=131.225.190.31-64999>
...
006 (221507.000.000) 07/31 07:08:50 Image size of job updated: 14556
	2  -  MemoryUsage of job (MB)
	1980  -  ResidentSetSize of job (KB)
...
006 (221507.000.000) 07/31 07:09:50 Image size of job updated: 447524
	69  -  MemoryUsage of job (MB)
	70408  -  ResidentSetSize of job (KB)
...
000 (222062.000.000) 07/31 07:12:47 Job submitted from host: <131.225.189.232:9618?addrs=131.225.189.232-9618&noUDP&sock=8982_aaf4_3>
...
001 (222062.000.000) 07/31 07:14:16 Job executing on host: <131.225.204.29:17298?addrs=131.225.204.29-17298>
...
006 (222062.000.000) 07/31 07:14:25 Image size of job updated: 2
	3  -  MemoryUsage of job (MB)
	2420  -  ResidentSetSize of job (KB)
...
005 (221507.000.000) 07/31 07:14:58 Job terminated.
	(1) Normal termination (return value 90)
		Usr 0 00:00:02, Sys 0 00:00:34  -  Run Remote Usage
		Usr 0 00:00:00, Sys 0 00:00:00  -  Run Local Usage
		Usr 0 00:00:02, Sys 0 00:00:34  -  Total Remote Usage
		Usr 0 00:00:00, Sys 0 00:00:00  -  Total Local Usage
	26267  -  Run Bytes Sent By Job
	8930  -  Run Bytes Received By Job
	26267  -  Total Bytes Sent By Job
	8930  -  Total Bytes Received By Job
	Partitionable Resources :    Usage  Request Allocated
	   Cpus                 :                 1         1
	   Disk (KB)            :  5681273 10000000  15418354
	   Memory (MB)          :       69     2100      2100
...
006 (222062.000.000) 07/31 07:15:26 Image size of job updated: 447524
	71  -  MemoryUsage of job (MB)
	72344  -  ResidentSetSize of job (KB)
...
006 (222062.000.000) 07/31 07:17:27 Image size of job updated: 672420
	347  -  MemoryUsage of job (MB)
	355028  -  ResidentSetSize of job (KB)
...
006 (222062.000.000) 07/31 07:17:36 Image size of job updated: 773036
	347  -  MemoryUsage of job (MB)
	355028  -  ResidentSetSize of job (KB)
...
005 (222062.000.000) 07/31 07:17:36 Job terminated.
	(1) Normal termination (return value 65)
		Usr 0 00:00:12, Sys 0 00:00:23  -  Run Remote Usage
		Usr 0 00:00:00, Sys 0 00:00:00  -  Run Local Usage
		Usr 0 00:00:12, Sys 0 00:00:23  -  Total Remote Usage
		Usr 0 00:00:00, Sys 0 00:00:00  -  Total Local Usage
	14645  -  Run Bytes Sent By Job
	8930  -  Run Bytes Received By Job
	14645  -  Total Bytes Sent By Job
	8930  -  Total Bytes Received By Job
	Partitionable Resources :    Usage  Request Allocated
	   Cpus                 :                 1         1
	   Disk (KB)            :  6684312 10000000  10458855
	   Memory (MB)          :      347     2100      2100
...
000 (222624.000.000) 07/31 08:32:58 Job submitted from host: <131.225.189.232:9618?addrs=131.225.189.232-9618&noUDP&sock=8982_aaf4_3>
...
001 (222624.000.000) 07/31 08:34:12 Job executing on host: <131.225.205.180:30887?addrs=131.225.205.180-30887>
...
006 (222624.000.000) 07/31 08:34:21 Image size of job updated: 447536
	27  -  MemoryUsage of job (MB)
	27296  -  ResidentSetSize of job (KB)
...
006 (222624.000.000) 07/31 08:35:22 Image size of job updated: 447536
	69  -  MemoryUsage of job (MB)
	70416  -  ResidentSetSize of job (KB)
...
006 (222624.000.000) 07/31 08:38:23 Image size of job updated: 447536
	102  -  MemoryUsage of job (MB)
	103788  -  ResidentSetSize of job (KB)
...
006 (222624.000.000) 07/31 08:39:04 Image size of job updated: 779956
	102  -  MemoryUsage of job (MB)
	103788  -  ResidentSetSize of job (KB)
...
005 (222624.000.000) 07/31 08:39:05 Job terminated.
	(1) Normal termination (return value 65)
		Usr 0 00:00:20, Sys 0 00:00:28  -  Run Remote Usage
		Usr 0 00:00:00, Sys 0 00:00:00  -  Run Local Usage
		Usr 0 00:00:20, Sys 0 00:00:28  -  Total Remote Usage
		Usr 0 00:00:00, Sys 0 00:00:00  -  Total Local Usage
	22304  -  Run Bytes Sent By Job
	8930  -  Run Bytes Received By Job
	22304  -  Total Bytes Sent By Job
	8930  -  Total Bytes Received By Job
	Partitionable Resources :    Usage  Request Allocated
	   Cpus                 :                 1         1
	   Disk (KB)            :  6687187 10000000  17129175
	   Memory (MB)          :      102     2100      2100
...
000 (223179.000.000) 07/31 08:50:02 Job submitted from host: <131.225.189.232:9618?addrs=131.225.189.232-9618&noUDP&sock=8982_aaf4_3>
...
001 (223179.000.000) 07/31 08:51:22 Job executing on host: <131.225.205.192:16216?addrs=131.225.205.192-16216>
...
006 (223179.000.000) 07/31 08:51:31 Image size of job updated: 447524
	71  -  MemoryUsage of job (MB)
	72348  -  ResidentSetSize of job (KB)
...
006 (223179.000.000) 07/31 08:54:31 Image size of job updated: 549628
	270  -  MemoryUsage of job (MB)
	276372  -  ResidentSetSize of job (KB)
...
006 (223179.000.000) 07/31 08:54:47 Image size of job updated: 772788
	270  -  MemoryUsage of job (MB)
	276372  -  ResidentSetSize of job (KB)
...
005 (223179.000.000) 07/31 08:54:48 Job terminated.
	(1) Normal termination (return value 65)
		Usr 0 00:00:16, Sys 0 00:00:21  -  Run Remote Usage
		Usr 0 00:00:00, Sys 0 00:00:00  -  Run Local Usage
		Usr 0 00:00:16, Sys 0 00:00:21  -  Total Remote Usage
		Usr 0 00:00:00, Sys 0 00:00:00  -  Total Local Usage
	16463  -  Run Bytes Sent By Job
	44439  -  Run Bytes Received By Job
	16463  -  Total Bytes Sent By Job
	44439  -  Total Bytes Received By Job
	Partitionable Resources :    Usage  Request Allocated
	   Cpus                 :                 1         1
	   Disk (KB)            :  6687019 10000000  17130982
	   Memory (MB)          :      270     2100      2100
...
000 (223734.000.000) 07/31 09:06:30 Job submitted from host: <131.225.189.232:9618?addrs=131.225.189.232-9618&noUDP&sock=8982_aaf4_3>
...
