000 (220565.000.000) 07/31 06:48:23 Job submitted from host: <131.225.189.232:9618?addrs=131.225.189.232-9618&noUDP&sock=8982_aaf4_3>
...
001 (220565.000.000) 07/31 06:48:46 Job executing on host: <131.225.206.234:37922?addrs=131.225.206.234-37922>
...
006 (220565.000.000) 07/31 06:48:55 Image size of job updated: 447536
	17  -  MemoryUsage of job (MB)
	17052  -  ResidentSetSize of job (KB)
...
006 (220565.000.000) 07/31 06:49:56 Image size of job updated: 447536
	71  -  MemoryUsage of job (MB)
	72348  -  ResidentSetSize of job (KB)
...
005 (220565.000.000) 07/31 06:53:58 Job terminated.
	(1) Normal termination (return value 90)
		Usr 0 00:00:02, Sys 0 00:00:21  -  Run Remote Usage
		Usr 0 00:00:00, Sys 0 00:00:00  -  Run Local Usage
		Usr 0 00:00:02, Sys 0 00:00:21  -  Total Remote Usage
		Usr 0 00:00:00, Sys 0 00:00:00  -  Total Local Usage
	22939  -  Run Bytes Sent By Job
	8930  -  Run Bytes Received By Job
	22939  -  Total Bytes Sent By Job
	8930  -  Total Bytes Received By Job
	Partitionable Resources :    Usage  Request Allocated
	   Cpus                 :                 1         1
	   Disk (KB)            :  5606422 10000000  11570932
	   Memory (MB)          :       71     2100      2100
...
000 (221127.000.000) 07/31 07:06:59 Job submitted from host: <131.225.189.232:9618?addrs=131.225.189.232-9618&noUDP&sock=8982_aaf4_3>
...
001 (221127.000.000) 07/31 07:07:20 Job executing on host: <131.225.206.240:56647?addrs=131.225.206.240-56647>
...
006 (221127.000.000) 07/31 07:07:29 Image size of job updated: 2
	3  -  MemoryUsage of job (MB)
	2424  -  ResidentSetSize of job (KB)
...
006 (221127.000.000) 07/31 07:08:30 Image size of job updated: 447524
	70  -  MemoryUsage of job (MB)
	71356  -  ResidentSetSize of job (KB)
...
000 (221682.000.000) 07/31 07:11:42 Job submitted from host: <131.225.189.232:9618?addrs=131.225.189.232-9618&noUDP&sock=8982_aaf4_3>
...
001 (221682.000.000) 07/31 07:11:49 Job executing on host: <131.225.191.226:14321?addrs=131.225.191.226-14321>
...
006 (221682.000.000) 07/31 07:11:59 Image size of job updated: 2
	3  -  MemoryUsage of job (MB)
	2432  -  ResidentSetSize of job (KB)
...
006 (221682.000.000) 07/31 07:12:57 Image size of job updated: 447524
	71  -  MemoryUsage of job (MB)
	72352  -  ResidentSetSize of job (KB)
...
005 (221127.000.000) 07/31 07:13:55 Job terminated.
	(1) Normal termination (return value 90)
		Usr 0 00:00:02, Sys 0 00:00:26  -  Run Remote Usage
		Usr 0 00:00:00, Sys 0 00:00:00  -  Run Local Usage
		Usr 0 00:00:02, Sys 0 00:00:26  -  Total Remote Usage
		Usr 0 00:00:00, Sys 0 00:00:00  -  Total Local Usage
	30131  -  Run Bytes Sent By Job
	8930  -  Run Bytes Received By Job
	30131  -  Total Bytes Sent By Job
	8930  -  Total Bytes Received By Job
	Partitionable Resources :    Usage  Request Allocated
	   Cpus                 :                 1         1
	   Disk (KB)            :  6123645 10000000  11562828
	   Memory (MB)          :       70     2100      2100
...
006 (221682.000.000) 07/31 07:13:57 Image size of job updated: 447524
	190  -  MemoryUsage of job (MB)
	194252  -  ResidentSetSize of job (KB)
...
006 (221682.000.000) 07/31 07:14:17 Image size of job updated: 730292
	190  -  MemoryUsage of job (MB)
	194252  -  ResidentSetSize of job (KB)
...
005 (221682.000.000) 07/31 07:14:17 Job terminated.
	(1) Normal termination (return value 65)
		Usr 0 00:00:14, Sys 0 00:00:31  -  Run Remote Usage
		Usr 0 00:00:00, Sys 0 00:00:00  -  Run Local Usage
		Usr 0 00:00:14, Sys 0 00:00:31  -  Total Remote Usage
		Usr 0 00:00:00, Sys 0 00:00:00  -  Total Local Usage
	11350  -  Run Bytes Sent By Job
	8930  -  Run Bytes Received By Job
	11350  -  Total Bytes Sent By Job
	8930  -  Total Bytes Received By Job
	Partitionable Resources :    Usage  Request Allocated
	   Cpus                 :                 1         1
	   Disk (KB)            :  6450376 10000000  15676096
	   Memory (MB)          :      190     2100      2100
...
000 (222244.000.000) 07/31 08:32:32 Job submitted from host: <131.225.189.232:9618?addrs=131.225.189.232-9618&noUDP&sock=8982_aaf4_3>
...
001 (222244.000.000) 07/31 08:32:51 Job executing on host: <131.225.204.108:37618?addrs=131.225.204.108-37618>
...
006 (222244.000.000) 07/31 08:32:59 Image size of job updated: 447524
	71  -  MemoryUsage of job (MB)
	72340  -  ResidentSetSize of job (KB)
...
006 (222244.000.000) 07/31 08:35:00 Image size of job updated: 520952
	241  -  MemoryUsage of job (MB)
	246200  -  ResidentSetSize of job (KB)
...
005 (222244.000.000) 07/31 08:35:01 Job terminated.
	(1) Normal termination (return value 65)
		Usr 0 00:00:04, Sys 0 00:00:15  -  Run Remote Usage
		Usr 0 00:00:00, Sys 0 00:00:00  -  Run Local Usage
		Usr 0 00:00:04, Sys 0 00:00:15  -  Total Remote Usage
		Usr 0 00:00:00, Sys 0 00:00:00  -  Total Local Usage
	11429  -  Run Bytes Sent By Job
	8930  -  Run Bytes Received By Job
	11429  -  Total Bytes Sent By Job
	8930  -  Total Bytes Received By Job
	Partitionable Resources :    Usage  Request Allocated
	   Cpus                 :                 1         1
	   Disk (KB)            :  4520267 10000000  10274748
	   Memory (MB)          :      241     2100      2100
...
000 (222799.000.000) 07/31 08:49:43 Job submitted from host: <131.225.189.232:9618?addrs=131.225.189.232-9618&noUDP&sock=8982_aaf4_3>
...
001 (222799.000.000) 07/31 08:50:04 Job executing on host: <131.225.207.79:52411?addrs=131.225.207.79-52411>
...
006 (222799.000.000) 07/31 08:50:13 Image size of job updated: 447524
	71  -  MemoryUsage of job (MB)
	72348  -  ResidentSetSize of job (KB)
...
006 (222799.000.000) 07/31 08:54:36 Image size of job updated: 670640
	71  -  MemoryUsage of job (MB)
	72348  -  ResidentSetSize of job (KB)
...
005 (222799.000.000) 07/31 08:54:37 Job terminated.
	(1) Normal termination (return value 65)
		Usr 0 00:00:09, Sys 0 00:00:16  -  Run Remote Usage
		Usr 0 00:00:00, Sys 0 00:00:00  -  Run Local Usage
		Usr 0 00:00:09, Sys 0 00:00:16  -  Total Remote Usage
		Usr 0 00:00:00, Sys 0 00:00:00  -  Total Local Usage
	24119  -  Run Bytes Sent By Job
	44439  -  Run Bytes Received By Job
	24119  -  Total Bytes Sent By Job
	44439  -  Total Bytes Received By Job
	Partitionable Resources :    Usage  Request Allocated
	   Cpus                 :                 1         1
	   Disk (KB)            :  6404280 10000000  13234844
	   Memory (MB)          :       71     2100      2100
...
000 (223354.000.000) 07/31 09:06:13 Job submitted from host: <131.225.189.232:9618?addrs=131.225.189.232-9618&noUDP&sock=8982_aaf4_3>
...
