000 (220798.000.000) 07/31 06:49:13 Job submitted from host: <131.225.189.232:9618?addrs=131.225.189.232-9618&noUDP&sock=8982_aaf4_3>
...
001 (220798.000.000) 07/31 06:49:35 Job executing on host: <131.225.207.183:7093?addrs=131.225.207.183-7093>
...
006 (220798.000.000) 07/31 06:49:44 Image size of job updated: 2
	3  -  MemoryUsage of job (MB)
	2424  -  ResidentSetSize of job (KB)
...
006 (220798.000.000) 07/31 06:50:45 Image size of job updated: 447524
	71  -  MemoryUsage of job (MB)
	72344  -  ResidentSetSize of job (KB)
...
005 (220798.000.000) 07/31 06:55:18 Job terminated.
	(1) Normal termination (return value 90)
		Usr 0 00:00:01, Sys 0 00:00:21  -  Run Remote Usage
		Usr 0 00:00:00, Sys 0 00:00:00  -  Run Local Usage
		Usr 0 00:00:01, Sys 0 00:00:21  -  Total Remote Usage
		Usr 0 00:00:00, Sys 0 00:00:00  -  Total Local Usage
	24766  -  Run Bytes Sent By Job
	8930  -  Run Bytes Received By Job
	24766  -  Total Bytes Sent By Job
	8930  -  Total Bytes Received By Job
	Partitionable Resources :    Usage  Request Allocated
	   Cpus                 :                 1         1
	   Disk (KB)            :  5561356 10000000  10283943
	   Memory (MB)          :       71     2100      2100
...
000 (221360.000.000) 07/31 07:07:41 Job submitted from host: <131.225.189.232:9618?addrs=131.225.189.232-9618&noUDP&sock=8982_aaf4_3>
...
001 (221360.000.000) 07/31 07:08:20 Job executing on host: <131.225.207.91:5502?addrs=131.225.207.91-5502>
...
006 (221360.000.000) 07/31 07:08:29 Image size of job updated: 447528
	69  -  MemoryUsage of job (MB)
	70340  -  ResidentSetSize of job (KB)
...
006 (221360.000.000) 07/31 07:09:30 Image size of job updated: 447528
	69  -  MemoryUsage of job (MB)
	70460  -  ResidentSetSize of job (KB)
...
000 (221915.000.000) 07/31 07:12:22 Job submitted from host: <131.225.189.232:9618?addrs=131.225.189.232-9618&noUDP&sock=8982_aaf4_3>
...
001 (221915.000.000) 07/31 07:12:54 Job executing on host: <131.225.206.154:8489?addrs=131.225.206.154-8489>
...
006 (221915.000.000) 07/31 07:13:03 Image size of job updated: 159332
	20  -  MemoryUsage of job (MB)
	20448  -  ResidentSetSize of job (KB)
...
006 (221915.000.000) 07/31 07:14:04 Image size of job updated: 447524
	69  -  MemoryUsage of job (MB)
	70568  -  ResidentSetSize of job (KB)
...
005 (221360.000.000) 07/31 07:14:15 Job terminated.
	(1) Normal termination (return value 90)
		Usr 0 00:00:02, Sys 0 00:00:21  -  Run Remote Usage
		Usr 0 00:00:00, Sys 0 00:00:00  -  Run Local Usage
		Usr 0 00:00:02, Sys 0 00:00:21  -  Total Remote Usage
		Usr 0 00:00:00, Sys 0 00:00:00  -  Total Local Usage
	29818  -  Run Bytes Sent By Job
	8930  -  Run Bytes Received By Job
	29818  -  Total Bytes Sent By Job
	8930  -  Total Bytes Received By Job
	Partitionable Resources :    Usage  Request Allocated
	   Cpus                 :                 1         1
	   Disk (KB)            :  5992572 10000000  10470120
	   Memory (MB)          :       69     2100      2100
...
006 (221915.000.000) 07/31 07:18:53 Image size of job updated: 605764
	69  -  MemoryUsage of job (MB)
	70568  -  ResidentSetSize of job (KB)
...
005 (221915.000.000) 07/31 07:18:54 Job terminated.
	(1) Normal termination (return value 65)
		Usr 0 00:00:08, Sys 0 00:00:20  -  Run Remote Usage
		Usr 0 00:00:00, Sys 0 00:00:00  -  Run Local Usage
		Usr 0 00:00:08, Sys 0 00:00:20  -  Total Remote Usage
		Usr 0 00:00:00, Sys 0 00:00:00  -  Total Local Usage
	27523  -  Run Bytes Sent By Job
	8930  -  Run Bytes Received By Job
	27523  -  Total Bytes Sent By Job
	8930  -  Total Bytes Received By Job
	Partitionable Resources :    Usage  Request Allocated
	   Cpus                 :                 1         1
	   Disk (KB)            :  5418536 10000000  10413360
	   Memory (MB)          :       69     2100      2100
...
