000 (220846.000.000) 07/31 06:49:22 Job submitted from host: <131.225.189.232:9618?addrs=131.225.189.232-9618&noUDP&sock=8982_aaf4_3>
...
001 (220846.000.000) 07/31 06:49:44 Job executing on host: <131.225.206.171:9309?addrs=131.225.206.171-9309>
...
006 (220846.000.000) 07/31 06:49:54 Image size of job updated: 447524
	71  -  MemoryUsage of job (MB)
	72344  -  ResidentSetSize of job (KB)
...
005 (220846.000.000) 07/31 06:55:38 Job terminated.
	(1) Normal termination (return value 90)
		Usr 0 00:00:02, Sys 0 00:00:23  -  Run Remote Usage
		Usr 0 00:00:00, Sys 0 00:00:00  -  Run Local Usage
		Usr 0 00:00:02, Sys 0 00:00:23  -  Total Remote Usage
		Usr 0 00:00:00, Sys 0 00:00:00  -  Total Local Usage
	28103  -  Run Bytes Sent By Job
	8930  -  Run Bytes Received By Job
	28103  -  Total Bytes Sent By Job
	8930  -  Total Bytes Received By Job
	Partitionable Resources :    Usage  Request Allocated
	   Cpus                 :                 1         1
	   Disk (KB)            :  5229594 10000000  11985132
	   Memory (MB)          :       71     2100      2100
...
000 (221408.000.000) 07/31 07:07:49 Job submitted from host: <131.225.189.232:9618?addrs=131.225.189.232-9618&noUDP&sock=8982_aaf4_3>
...
001 (221408.000.000) 07/31 07:08:24 Job executing on host: <131.225.190.31:64999?addrs=131.225.190.31-64999>
...
006 (221408.000.000) 07/31 07:08:33 Image size of job updated: 68556
	8  -  MemoryUsage of job (MB)
	7372  -  ResidentSetSize of job (KB)
...
006 (221408.000.000) 07/31 07:09:34 Image size of job updated: 447524
	69  -  MemoryUsage of job (MB)
	70204  -  ResidentSetSize of job (KB)
...
006 (221408.000.000) 07/31 07:10:35 Image size of job updated: 447524
	69  -  MemoryUsage of job (MB)
	70316  -  ResidentSetSize of job (KB)
...
000 (221963.000.000) 07/31 07:12:30 Job submitted from host: <131.225.189.232:9618?addrs=131.225.189.232-9618&noUDP&sock=8982_aaf4_3>
...
005 (221408.000.000) 07/31 07:13:04 Job terminated.
	(1) Normal termination (return value 90)
		Usr 0 00:00:01, Sys 0 00:00:28  -  Run Remote Usage
		Usr 0 00:00:00, Sys 0 00:00:00  -  Run Local Usage
		Usr 0 00:00:01, Sys 0 00:00:28  -  Total Remote Usage
		Usr 0 00:00:00, Sys 0 00:00:00  -  Total Local Usage
	26151  -  Run Bytes Sent By Job
	8930  -  Run Bytes Received By Job
	26151  -  Total Bytes Sent By Job
	8930  -  Total Bytes Received By Job
	Partitionable Resources :    Usage  Request Allocated
	   Cpus                 :                 1         1
	   Disk (KB)            :  6008953 10000000  15144610
	   Memory (MB)          :       69     2100      2100
...
001 (221963.000.000) 07/31 07:13:31 Job executing on host: <131.225.207.54:28276?addrs=131.225.207.54-28276>
...
006 (221963.000.000) 07/31 07:13:41 Image size of job updated: 447524
	71  -  MemoryUsage of job (MB)
	72352  -  ResidentSetSize of job (KB)
...
006 (221963.000.000) 07/31 07:16:55 Image size of job updated: 709304
	71  -  MemoryUsage of job (MB)
	72352  -  ResidentSetSize of job (KB)
...
005 (221963.000.000) 07/31 07:16:56 Job terminated.
	(1) Normal termination (return value 65)
		Usr 0 00:00:11, Sys 0 00:00:14  -  Run Remote Usage
		Usr 0 00:00:00, Sys 0 00:00:00  -  Run Local Usage
		Usr 0 00:00:11, Sys 0 00:00:14  -  Total Remote Usage
		Usr 0 00:00:00, Sys 0 00:00:00  -  Total Local Usage
	16956  -  Run Bytes Sent By Job
	8930  -  Run Bytes Received By Job
	16956  -  Total Bytes Sent By Job
	8930  -  Total Bytes Received By Job
	Partitionable Resources :    Usage  Request Allocated
	   Cpus                 :                 1         1
	   Disk (KB)            :  6604575 10000000  10229166
	   Memory (MB)          :       71     2100      2100
...
000 (222525.000.000) 07/31 08:32:52 Job submitted from host: <131.225.189.232:9618?addrs=131.225.189.232-9618&noUDP&sock=8982_aaf4_3>
...
001 (222525.000.000) 07/31 08:33:55 Job executing on host: <131.225.205.196:48973?addrs=131.225.205.196-48973>
...
006 (222525.000.000) 07/31 08:34:03 Image size of job updated: 2
	3  -  MemoryUsage of job (MB)
	2424  -  ResidentSetSize of job (KB)
...
006 (222525.000.000) 07/31 08:35:03 Image size of job updated: 447524
	69  -  MemoryUsage of job (MB)
	70292  -  ResidentSetSize of job (KB)
...
006 (222525.000.000) 07/31 08:37:04 Image size of job updated: 447524
	121  -  MemoryUsage of job (MB)
	123012  -  ResidentSetSize of job (KB)
...
006 (222525.000.000) 07/31 08:37:26 Image size of job updated: 772788
	121  -  MemoryUsage of job (MB)
	123012  -  ResidentSetSize of job (KB)
...
005 (222525.000.000) 07/31 08:37:28 Job terminated.
	(1) Normal termination (return value 65)
		Usr 0 00:00:20, Sys 0 00:00:22  -  Run Remote Usage
		Usr 0 00:00:00, Sys 0 00:00:00  -  Run Local Usage
		Usr 0 00:00:20, Sys 0 00:00:22  -  Total Remote Usage
		Usr 0 00:00:00, Sys 0 00:00:00  -  Total Local Usage
	18361  -  Run Bytes Sent By Job
	8930  -  Run Bytes Received By Job
	18361  -  Total Bytes Sent By Job
	8930  -  Total Bytes Received By Job
	Partitionable Resources :    Usage  Request Allocated
	   Cpus                 :                 1         1
	   Disk (KB)            :  6607444 10000000  17100823
	   Memory (MB)          :      121     2100      2100
...
000 (223080.000.000) 07/31 08:49:57 Job submitted from host: <131.225.189.232:9618?addrs=131.225.189.232-9618&noUDP&sock=8982_aaf4_3>
...
001 (223080.000.000) 07/31 08:51:02 Job executing on host: <131.225.191.79:63682?addrs=131.225.191.79-63682>
...
006 (223080.000.000) 07/31 08:51:10 Image size of job updated: 447524
	70  -  MemoryUsage of job (MB)
	71260  -  ResidentSetSize of job (KB)
...
006 (223080.000.000) 07/31 08:54:11 Image size of job updated: 451460
	226  -  MemoryUsage of job (MB)
	230616  -  ResidentSetSize of job (KB)
...
006 (223080.000.000) 07/31 08:54:33 Image size of job updated: 772788
	226  -  MemoryUsage of job (MB)
	230616  -  ResidentSetSize of job (KB)
...
005 (223080.000.000) 07/31 08:54:34 Job terminated.
	(1) Normal termination (return value 65)
		Usr 0 00:00:15, Sys 0 00:00:21  -  Run Remote Usage
		Usr 0 00:00:00, Sys 0 00:00:00  -  Run Local Usage
		Usr 0 00:00:15, Sys 0 00:00:21  -  Total Remote Usage
		Usr 0 00:00:00, Sys 0 00:00:00  -  Total Local Usage
	18785  -  Run Bytes Sent By Job
	44439  -  Run Bytes Received By Job
	18785  -  Total Bytes Sent By Job
	44439  -  Total Bytes Received By Job
	Partitionable Resources :    Usage  Request Allocated
	   Cpus                 :                 1         1
	   Disk (KB)            :  6607282 10000000  16071896
	   Memory (MB)          :      226     2100      2100
...
000 (223635.000.000) 07/31 09:06:26 Job submitted from host: <131.225.189.232:9618?addrs=131.225.189.232-9618&noUDP&sock=8982_aaf4_3>
...
