000 (220973.000.000) 07/31 06:49:49 Job submitted from host: <131.225.189.232:9618?addrs=131.225.189.232-9618&noUDP&sock=8982_aaf4_3>
...
001 (220973.000.000) 07/31 06:50:54 Job executing on host: <131.225.205.163:4274?addrs=131.225.205.163-4274>
...
006 (220973.000.000) 07/31 06:51:02 Image size of job updated: 447524
	12  -  MemoryUsage of job (MB)
	11292  -  ResidentSetSize of job (KB)
...
006 (220973.000.000) 07/31 06:52:02 Image size of job updated: 447524
	71  -  MemoryUsage of job (MB)
	72344  -  ResidentSetSize of job (KB)
...
005 (220973.000.000) 07/31 06:52:12 Job terminated.
	(1) Normal termination (return value 90)
		Usr 0 00:00:00, Sys 0 00:00:17  -  Run Remote Usage
		Usr 0 00:00:00, Sys 0 00:00:00  -  Run Local Usage
		Usr 0 00:00:00, Sys 0 00:00:17  -  Total Remote Usage
		Usr 0 00:00:00, Sys 0 00:00:00  -  Total Local Usage
	9014  -  Run Bytes Sent By Job
	8930  -  Run Bytes Received By Job
	9014  -  Total Bytes Sent By Job
	8930  -  Total Bytes Received By Job
	Partitionable Resources :    Usage  Request Allocated
	   Cpus                 :                 1         1
	   Disk (KB)            :  5950475 10000000  17154809
	   Memory (MB)          :       71     2100      2100
...
000 (221535.000.000) 07/31 07:08:12 Job submitted from host: <131.225.189.232:9618?addrs=131.225.189.232-9618&noUDP&sock=8982_aaf4_3>
...
001 (221535.000.000) 07/31 07:09:08 Job executing on host: <131.225.206.228:30712?addrs=131.225.206.228-30712>
...
006 (221535.000.000) 07/31 07:09:18 Image size of job updated: 2
	3  -  MemoryUsage of job (MB)
	2424  -  ResidentSetSize of job (KB)
...
006 (221535.000.000) 07/31 07:10:18 Image size of job updated: 447524
	71  -  MemoryUsage of job (MB)
	72348  -  ResidentSetSize of job (KB)
...
005 (221535.000.000) 07/31 07:10:51 Job terminated.
	(1) Normal termination (return value 90)
		Usr 0 00:00:01, Sys 0 00:00:18  -  Run Remote Usage
		Usr 0 00:00:00, Sys 0 00:00:00  -  Run Local Usage
		Usr 0 00:00:01, Sys 0 00:00:18  -  Total Remote Usage
		Usr 0 00:00:00, Sys 0 00:00:00  -  Total Local Usage
	10967  -  Run Bytes Sent By Job
	8930  -  Run Bytes Received By Job
	10967  -  Total Bytes Sent By Job
	8930  -  Total Bytes Received By Job
	Partitionable Resources :    Usage  Request Allocated
	   Cpus                 :                 1         1
	   Disk (KB)            :  4649066 10000000  11795552
	   Memory (MB)          :       71     2100      2100
...
000 (222090.000.000) 07/31 07:12:51 Job submitted from host: <131.225.189.232:9618?addrs=131.225.189.232-9618&noUDP&sock=8982_aaf4_3>
...
001 (222090.000.000) 07/31 07:14:27 Job executing on host: <131.225.204.31:49055?addrs=131.225.204.31-49055>
...
006 (222090.000.000) 07/31 07:14:36 Image size of job updated: 2
	3  -  MemoryUsage of job (MB)
	2424  -  ResidentSetSize of job (KB)
...
006 (222090.000.000) 07/31 07:15:37 Image size of job updated: 447524
	71  -  MemoryUsage of job (MB)
	72348  -  ResidentSetSize of job (KB)
...
006 (222090.000.000) 07/31 07:19:20 Image size of job updated: 772784
	71  -  MemoryUsage of job (MB)
	72348  -  ResidentSetSize of job (KB)
...
005 (222090.000.000) 07/31 07:19:21 Job terminated.
	(1) Normal termination (return value 65)
		Usr 0 00:00:12, Sys 0 00:00:24  -  Run Remote Usage
		Usr 0 00:00:00, Sys 0 00:00:00  -  Run Local Usage
		Usr 0 00:00:12, Sys 0 00:00:24  -  Total Remote Usage
		Usr 0 00:00:00, Sys 0 00:00:00  -  Total Local Usage
	25126  -  Run Bytes Sent By Job
	8930  -  Run Bytes Received By Job
	25126  -  Total Bytes Sent By Job
	8930  -  Total Bytes Received By Job
	Partitionable Resources :    Usage  Request Allocated
	   Cpus                 :                 1         1
	   Disk (KB)            :  6008359 10000000  10333728
	   Memory (MB)          :       71     2100      2100
...
000 (222652.000.000) 07/31 08:33:01 Job submitted from host: <131.225.189.232:9618?addrs=131.225.189.232-9618&noUDP&sock=8982_aaf4_3>
...
001 (222652.000.000) 07/31 08:34:38 Job executing on host: <131.225.207.41:50739?addrs=131.225.207.41-50739>
...
006 (222652.000.000) 07/31 08:34:46 Image size of job updated: 2
	3  -  MemoryUsage of job (MB)
	2424  -  ResidentSetSize of job (KB)
...
006 (222652.000.000) 07/31 08:35:46 Image size of job updated: 447524
	71  -  MemoryUsage of job (MB)
	72344  -  ResidentSetSize of job (KB)
...
006 (222652.000.000) 07/31 08:36:46 Image size of job updated: 772784
	479  -  MemoryUsage of job (MB)
	490432  -  ResidentSetSize of job (KB)
...
005 (222652.000.000) 07/31 08:37:00 Job terminated.
	(1) Normal termination (return value 65)
		Usr 0 00:00:11, Sys 0 00:00:14  -  Run Remote Usage
		Usr 0 00:00:00, Sys 0 00:00:00  -  Run Local Usage
		Usr 0 00:00:11, Sys 0 00:00:14  -  Total Remote Usage
		Usr 0 00:00:00, Sys 0 00:00:00  -  Total Local Usage
	9493  -  Run Bytes Sent By Job
	8930  -  Run Bytes Received By Job
	9493  -  Total Bytes Sent By Job
	8930  -  Total Bytes Received By Job
	Partitionable Resources :    Usage  Request Allocated
	   Cpus                 :                 1         1
	   Disk (KB)            :  6727817 10000000  10489188
	   Memory (MB)          :      479     2100      2100
...
000 (223207.000.000) 07/31 08:50:04 Job submitted from host: <131.225.189.232:9618?addrs=131.225.189.232-9618&noUDP&sock=8982_aaf4_3>
...
001 (223207.000.000) 07/31 08:51:26 Job executing on host: <131.225.191.80:57423?addrs=131.225.191.80-57423>
...
006 (223207.000.000) 07/31 08:51:35 Image size of job updated: 447524
	14  -  MemoryUsage of job (MB)
	14292  -  ResidentSetSize of job (KB)
...
006 (223207.000.000) 07/31 08:52:36 Image size of job updated: 447524
	70  -  MemoryUsage of job (MB)
	71140  -  ResidentSetSize of job (KB)
...
006 (223207.000.000) 07/31 08:54:37 Image size of job updated: 772784
	70  -  MemoryUsage of job (MB)
	71140  -  ResidentSetSize of job (KB)
...
005 (223207.000.000) 07/31 08:55:08 Job terminated.
	(1) Normal termination (return value 65)
		Usr 0 00:00:15, Sys 0 00:00:24  -  Run Remote Usage
		Usr 0 00:00:00, Sys 0 00:00:00  -  Run Local Usage
		Usr 0 00:00:15, Sys 0 00:00:24  -  Total Remote Usage
		Usr 0 00:00:00, Sys 0 00:00:00  -  Total Local Usage
	16552  -  Run Bytes Sent By Job
	44439  -  Run Bytes Received By Job
	16552  -  Total Bytes Sent By Job
	44439  -  Total Bytes Received By Job
	Partitionable Resources :    Usage  Request Allocated
	   Cpus                 :                 1         1
	   Disk (KB)            :  5394359 10000000  15959828
	   Memory (MB)          :       70     2100      2100
...
000 (223762.000.000) 07/31 09:06:32 Job submitted from host: <131.225.189.232:9618?addrs=131.225.189.232-9618&noUDP&sock=8982_aaf4_3>
...
