000 (220752.000.000) 07/31 06:49:02 Job submitted from host: <131.225.189.232:9618?addrs=131.225.189.232-9618&noUDP&sock=8982_aaf4_3>
...
001 (220752.000.000) 07/31 06:49:23 Job executing on host: <131.225.204.54:51967?addrs=131.225.204.54-51967>
...
006 (220752.000.000) 07/31 06:49:32 Image size of job updated: 2
	3  -  MemoryUsage of job (MB)
	2420  -  ResidentSetSize of job (KB)
...
006 (220752.000.000) 07/31 06:50:33 Image size of job updated: 447524
	71  -  MemoryUsage of job (MB)
	72344  -  ResidentSetSize of job (KB)
...
005 (220752.000.000) 07/31 06:53:32 Job terminated.
	(1) Normal termination (return value 90)
		Usr 0 00:00:02, Sys 0 00:00:11  -  Run Remote Usage
		Usr 0 00:00:00, Sys 0 00:00:00  -  Run Local Usage
		Usr 0 00:00:02, Sys 0 00:00:11  -  Total Remote Usage
		Usr 0 00:00:00, Sys 0 00:00:00  -  Total Local Usage
	23536  -  Run Bytes Sent By Job
	8930  -  Run Bytes Received By Job
	23536  -  Total Bytes Sent By Job
	8930  -  Total Bytes Received By Job
	Partitionable Resources :    Usage  Request Allocated
	   Cpus                 :                 1         1
	   Disk (KB)            :  4525076 10000000  10680684
	   Memory (MB)          :       71     2100      2100
...
000 (221314.000.000) 07/31 07:07:33 Job submitted from host: <131.225.189.232:9618?addrs=131.225.189.232-9618&noUDP&sock=8982_aaf4_3>
...
001 (221314.000.000) 07/31 07:08:06 Job executing on host: <131.225.207.164:23946?addrs=131.225.207.164-23946>
...
006 (221314.000.000) 07/31 07:08:15 Image size of job updated: 2
	3  -  MemoryUsage of job (MB)
	2420  -  ResidentSetSize of job (KB)
...
006 (221314.000.000) 07/31 07:09:16 Image size of job updated: 447524
	70  -  MemoryUsage of job (MB)
	71352  -  ResidentSetSize of job (KB)
...
005 (221314.000.000) 07/31 07:10:03 Job terminated.
	(1) Normal termination (return value 90)
		Usr 0 00:00:01, Sys 0 00:00:15  -  Run Remote Usage
		Usr 0 00:00:00, Sys 0 00:00:00  -  Run Local Usage
		Usr 0 00:00:01, Sys 0 00:00:15  -  Total Remote Usage
		Usr 0 00:00:00, Sys 0 00:00:00  -  Total Local Usage
	12114  -  Run Bytes Sent By Job
	8930  -  Run Bytes Received By Job
	12114  -  Total Bytes Sent By Job
	8930  -  Total Bytes Received By Job
	Partitionable Resources :    Usage  Request Allocated
	   Cpus                 :                 1         1
	   Disk (KB)            :  3977321 10000000  10408506
	   Memory (MB)          :       70     2100      2100
...
000 (221869.000.000) 07/31 07:12:14 Job submitted from host: <131.225.189.232:9618?addrs=131.225.189.232-9618&noUDP&sock=8982_aaf4_3>
...
001 (221869.000.000) 07/31 07:12:35 Job executing on host: <131.225.205.188:51915?addrs=131.225.205.188-51915>
...
006 (221869.000.000) 07/31 07:12:44 Image size of job updated: 447524
	71  -  MemoryUsage of job (MB)
	72344  -  ResidentSetSize of job (KB)
...
006 (221869.000.000) 07/31 07:14:46 Image size of job updated: 491920
	261  -  MemoryUsage of job (MB)
	267224  -  ResidentSetSize of job (KB)
...
006 (221869.000.000) 07/31 07:14:59 Image size of job updated: 769972
	261  -  MemoryUsage of job (MB)
	267224  -  ResidentSetSize of job (KB)
...
005 (221869.000.000) 07/31 07:15:00 Job terminated.
	(1) Normal termination (return value 65)
		Usr 0 00:00:18, Sys 0 00:00:15  -  Run Remote Usage
		Usr 0 00:00:00, Sys 0 00:00:00  -  Run Local Usage
		Usr 0 00:00:18, Sys 0 00:00:15  -  Total Remote Usage
		Usr 0 00:00:00, Sys 0 00:00:00  -  Total Local Usage
	9509  -  Run Bytes Sent By Job
	8930  -  Run Bytes Received By Job
	9509  -  Total Bytes Sent By Job
	8930  -  Total Bytes Received By Job
	Partitionable Resources :    Usage  Request Allocated
	   Cpus                 :                 1         1
	   Disk (KB)            :  5997331 10000000  17066764
	   Memory (MB)          :      261     2100      2100
...
