000 (220802.000.000) 07/31 06:49:13 Job submitted from host: <131.225.189.232:9618?addrs=131.225.189.232-9618&noUDP&sock=8982_aaf4_3>
...
001 (220802.000.000) 07/31 06:49:36 Job executing on host: <131.225.207.111:17365?addrs=131.225.207.111-17365>
...
006 (220802.000.000) 07/31 06:49:45 Image size of job updated: 2
	3  -  MemoryUsage of job (MB)
	2424  -  ResidentSetSize of job (KB)
...
006 (220802.000.000) 07/31 06:50:46 Image size of job updated: 447524
	71  -  MemoryUsage of job (MB)
	72348  -  ResidentSetSize of job (KB)
...
005 (220802.000.000) 07/31 06:51:04 Job terminated.
	(1) Normal termination (return value 90)
		Usr 0 00:00:00, Sys 0 00:00:14  -  Run Remote Usage
		Usr 0 00:00:00, Sys 0 00:00:00  -  Run Local Usage
		Usr 0 00:00:00, Sys 0 00:00:14  -  Total Remote Usage
		Usr 0 00:00:00, Sys 0 00:00:00  -  Total Local Usage
	9717  -  Run Bytes Sent By Job
	8930  -  Run Bytes Received By Job
	9717  -  Total Bytes Sent By Job
	8930  -  Total Bytes Received By Job
	Partitionable Resources :    Usage  Request Allocated
	   Cpus                 :                 1         1
	   Disk (KB)            :  5229578 10000000  10688142
	   Memory (MB)          :       71     2100      2100
...
000 (221364.000.000) 07/31 07:07:42 Job submitted from host: <131.225.189.232:9618?addrs=131.225.189.232-9618&noUDP&sock=8982_aaf4_3>
...
001 (221364.000.000) 07/31 07:08:16 Job executing on host: <131.225.204.29:17298?addrs=131.225.204.29-17298>
...
006 (221364.000.000) 07/31 07:08:25 Image size of job updated: 447524
	16  -  MemoryUsage of job (MB)
	15868  -  ResidentSetSize of job (KB)
...
006 (221364.000.000) 07/31 07:09:26 Image size of job updated: 447524
	71  -  MemoryUsage of job (MB)
	72348  -  ResidentSetSize of job (KB)
...
000 (221919.000.000) 07/31 07:12:23 Job submitted from host: <131.225.189.232:9618?addrs=131.225.189.232-9618&noUDP&sock=8982_aaf4_3>
...
001 (221919.000.000) 07/31 07:12:57 Job executing on host: <131.225.206.154:8489?addrs=131.225.206.154-8489>
...
006 (221919.000.000) 07/31 07:13:07 Image size of job updated: 2
	3  -  MemoryUsage of job (MB)
	2420  -  ResidentSetSize of job (KB)
...
005 (221364.000.000) 07/31 07:14:00 Job terminated.
	(1) Normal termination (return value 90)
		Usr 0 00:00:01, Sys 0 00:00:24  -  Run Remote Usage
		Usr 0 00:00:00, Sys 0 00:00:00  -  Run Local Usage
		Usr 0 00:00:01, Sys 0 00:00:24  -  Total Remote Usage
		Usr 0 00:00:00, Sys 0 00:00:00  -  Total Local Usage
	30540  -  Run Bytes Sent By Job
	8930  -  Run Bytes Received By Job
	30540  -  Total Bytes Sent By Job
	8930  -  Total Bytes Received By Job
	Partitionable Resources :    Usage  Request Allocated
	   Cpus                 :                 1         1
	   Disk (KB)            :  6058109 10000000  10556544
	   Memory (MB)          :       71     2100      2100
...
006 (221919.000.000) 07/31 07:14:07 Image size of job updated: 447524
	71  -  MemoryUsage of job (MB)
	72348  -  ResidentSetSize of job (KB)
...
006 (221919.000.000) 07/31 07:16:07 Image size of job updated: 447524
	199  -  MemoryUsage of job (MB)
	203100  -  ResidentSetSize of job (KB)
...
006 (221919.000.000) 07/31 07:16:48 Image size of job updated: 734636
	199  -  MemoryUsage of job (MB)
	203100  -  ResidentSetSize of job (KB)
...
005 (221919.000.000) 07/31 07:16:48 Job terminated.
	(1) Normal termination (return value 65)
		Usr 0 00:00:11, Sys 0 00:00:23  -  Run Remote Usage
		Usr 0 00:00:00, Sys 0 00:00:00  -  Run Local Usage
		Usr 0 00:00:11, Sys 0 00:00:23  -  Total Remote Usage
		Usr 0 00:00:00, Sys 0 00:00:00  -  Total Local Usage
	14850  -  Run Bytes Sent By Job
	8930  -  Run Bytes Received By Job
	14850  -  Total Bytes Sent By Job
	8930  -  Total Bytes Received By Job
	Partitionable Resources :    Usage  Request Allocated
	   Cpus                 :                 1         1
	   Disk (KB)            :  6649705 10000000  10412688
	   Memory (MB)          :      199     2100      2100
...
000 (222481.000.000) 07/31 08:32:49 Job submitted from host: <131.225.189.232:9618?addrs=131.225.189.232-9618&noUDP&sock=8982_aaf4_3>
...
001 (222481.000.000) 07/31 08:33:46 Job executing on host: <131.225.205.179:41504?addrs=131.225.205.179-41504>
...
006 (222481.000.000) 07/31 08:33:55 Image size of job updated: 2
	3  -  MemoryUsage of job (MB)
	2428  -  ResidentSetSize of job (KB)
...
006 (222481.000.000) 07/31 08:34:56 Image size of job updated: 447524
	69  -  MemoryUsage of job (MB)
	70176  -  ResidentSetSize of job (KB)
...
006 (222481.000.000) 07/31 08:36:27 Image size of job updated: 772788
	69  -  MemoryUsage of job (MB)
	70176  -  ResidentSetSize of job (KB)
...
005 (222481.000.000) 07/31 08:36:28 Job terminated.
	(1) Normal termination (return value 65)
		Usr 0 00:00:16, Sys 0 00:00:17  -  Run Remote Usage
		Usr 0 00:00:00, Sys 0 00:00:00  -  Run Local Usage
		Usr 0 00:00:16, Sys 0 00:00:17  -  Total Remote Usage
		Usr 0 00:00:00, Sys 0 00:00:00  -  Total Local Usage
	12835  -  Run Bytes Sent By Job
	8930  -  Run Bytes Received By Job
	12835  -  Total Bytes Sent By Job
	8930  -  Total Bytes Received By Job
	Partitionable Resources :    Usage  Request Allocated
	   Cpus                 :                 1         1
	   Disk (KB)            :  6652570 10000000  17164115
	   Memory (MB)          :       69     2100      2100
...
