000 (220635.000.000) 07/31 06:48:38 Job submitted from host: <131.225.189.232:9618?addrs=131.225.189.232-9618&noUDP&sock=8982_aaf4_3>
...
001 (220635.000.000) 07/31 06:48:59 Job executing on host: <131.225.206.4:65083?addrs=131.225.206.4-65083>
...
006 (220635.000.000) 07/31 06:49:08 Image size of job updated: 447524
	71  -  MemoryUsage of job (MB)
	72348  -  ResidentSetSize of job (KB)
...
005 (220635.000.000) 07/31 06:50:57 Job terminated.
	(1) Normal termination (return value 90)
		Usr 0 00:00:00, Sys 0 00:00:15  -  Run Remote Usage
		Usr 0 00:00:00, Sys 0 00:00:00  -  Run Local Usage
		Usr 0 00:00:00, Sys 0 00:00:15  -  Total Remote Usage
		Usr 0 00:00:00, Sys 0 00:00:00  -  Total Local Usage
	11589  -  Run Bytes Sent By Job
	8930  -  Run Bytes Received By Job
	11589  -  Total Bytes Sent By Job
	8930  -  Total Bytes Received By Job
	Partitionable Resources :    Usage  Request Allocated
	   Cpus                 :                 1         1
	   Disk (KB)            :  3869706 10000000  10269432
	   Memory (MB)          :       71     2100      2100
...
000 (221197.000.000) 07/31 07:07:13 Job submitted from host: <131.225.189.232:9618?addrs=131.225.189.232-9618&noUDP&sock=8982_aaf4_3>
...
001 (221197.000.000) 07/31 07:07:43 Job executing on host: <131.225.204.40:55706?addrs=131.225.204.40-55706>
...
006 (221197.000.000) 07/31 07:07:52 Image size of job updated: 2
	3  -  MemoryUsage of job (MB)
	2428  -  ResidentSetSize of job (KB)
...
006 (221197.000.000) 07/31 07:08:53 Image size of job updated: 447524
	71  -  MemoryUsage of job (MB)
	72348  -  ResidentSetSize of job (KB)
...
005 (221197.000.000) 07/31 07:08:54 Job terminated.
	(1) Normal termination (return value 90)
		Usr 0 00:00:00, Sys 0 00:00:13  -  Run Remote Usage
		Usr 0 00:00:00, Sys 0 00:00:00  -  Run Local Usage
		Usr 0 00:00:00, Sys 0 00:00:13  -  Total Remote Usage
		Usr 0 00:00:00, Sys 0 00:00:00  -  Total Local Usage
	8413  -  Run Bytes Sent By Job
	8930  -  Run Bytes Received By Job
	8413  -  Total Bytes Sent By Job
	8930  -  Total Bytes Received By Job
	Partitionable Resources :    Usage  Request Allocated
	   Cpus                 :                 1         1
	   Disk (KB)            :   798820 10000000  10227681
	   Memory (MB)          :       71     2100      2100
...
000 (221752.000.000) 07/31 07:11:54 Job submitted from host: <131.225.189.232:9618?addrs=131.225.189.232-9618&noUDP&sock=8982_aaf4_3>
...
001 (221752.000.000) 07/31 07:12:13 Job executing on host: <131.225.207.91:5502?addrs=131.225.207.91-5502>
...
006 (221752.000.000) 07/31 07:12:22 Image size of job updated: 447524
	71  -  MemoryUsage of job (MB)
	72352  -  ResidentSetSize of job (KB)
...
006 (221752.000.000) 07/31 07:14:19 Image size of job updated: 769972
	71  -  MemoryUsage of job (MB)
	72352  -  ResidentSetSize of job (KB)
...
005 (221752.000.000) 07/31 07:14:21 Job terminated.
	(1) Normal termination (return value 65)
		Usr 0 00:00:12, Sys 0 00:00:16  -  Run Remote Usage
		Usr 0 00:00:00, Sys 0 00:00:00  -  Run Local Usage
		Usr 0 00:00:12, Sys 0 00:00:16  -  Total Remote Usage
		Usr 0 00:00:00, Sys 0 00:00:00  -  Total Local Usage
	9743  -  Run Bytes Sent By Job
	8930  -  Run Bytes Received By Job
	9743  -  Total Bytes Sent By Job
	8930  -  Total Bytes Received By Job
	Partitionable Resources :    Usage  Request Allocated
	   Cpus                 :                 1         1
	   Disk (KB)            :  4091414 10000000  10342560
	   Memory (MB)          :       71     2100      2100
...
000 (222314.000.000) 07/31 08:32:37 Job submitted from host: <131.225.189.232:9618?addrs=131.225.189.232-9618&noUDP&sock=8982_aaf4_3>
...
001 (222314.000.000) 07/31 08:33:10 Job executing on host: <131.225.207.97:13418?addrs=131.225.207.97-13418>
...
006 (222314.000.000) 07/31 08:33:18 Image size of job updated: 17420
	2  -  MemoryUsage of job (MB)
	1780  -  ResidentSetSize of job (KB)
...
006 (222314.000.000) 07/31 08:34:18 Image size of job updated: 447524
	69  -  MemoryUsage of job (MB)
	70284  -  ResidentSetSize of job (KB)
...
006 (222314.000.000) 07/31 08:36:19 Image size of job updated: 447524
	69  -  MemoryUsage of job (MB)
	70292  -  ResidentSetSize of job (KB)
...
006 (222314.000.000) 07/31 08:37:49 Image size of job updated: 769976
	69  -  MemoryUsage of job (MB)
	70292  -  ResidentSetSize of job (KB)
...
005 (222314.000.000) 07/31 08:37:49 Job terminated.
	(1) Normal termination (return value 65)
		Usr 0 00:00:12, Sys 0 00:00:17  -  Run Remote Usage
		Usr 0 00:00:00, Sys 0 00:00:00  -  Run Local Usage
		Usr 0 00:00:12, Sys 0 00:00:17  -  Total Remote Usage
		Usr 0 00:00:00, Sys 0 00:00:00  -  Total Local Usage
	22656  -  Run Bytes Sent By Job
	8930  -  Run Bytes Received By Job
	22656  -  Total Bytes Sent By Job
	8930  -  Total Bytes Received By Job
	Partitionable Resources :    Usage  Request Allocated
	   Cpus                 :                 1         1
	   Disk (KB)            :  6027609 10000000  13130752
	   Memory (MB)          :       69     2100      2100
...
