000 (220665.000.000) 07/31 06:48:44 Job submitted from host: <131.225.189.232:9618?addrs=131.225.189.232-9618&noUDP&sock=8982_aaf4_3>
...
001 (220665.000.000) 07/31 06:49:07 Job executing on host: <131.225.207.46:11510?addrs=131.225.207.46-11510>
...
006 (220665.000.000) 07/31 06:49:15 Image size of job updated: 2
	3  -  MemoryUsage of job (MB)
	2424  -  ResidentSetSize of job (KB)
...
006 (220665.000.000) 07/31 06:50:15 Image size of job updated: 447524
	70  -  MemoryUsage of job (MB)
	71240  -  ResidentSetSize of job (KB)
...
005 (220665.000.000) 07/31 06:54:18 Job terminated.
	(1) Normal termination (return value 90)
		Usr 0 00:00:02, Sys 0 00:00:22  -  Run Remote Usage
		Usr 0 00:00:00, Sys 0 00:00:00  -  Run Local Usage
		Usr 0 00:00:02, Sys 0 00:00:22  -  Total Remote Usage
		Usr 0 00:00:00, Sys 0 00:00:00  -  Total Local Usage
	24048  -  Run Bytes Sent By Job
	8930  -  Run Bytes Received By Job
	24048  -  Total Bytes Sent By Job
	8930  -  Total Bytes Received By Job
	Partitionable Resources :    Usage  Request Allocated
	   Cpus                 :                 1         1
	   Disk (KB)            :  4017174 10000000  10241670
	   Memory (MB)          :       70     2100      2100
...
000 (221227.000.000) 07/31 07:07:17 Job submitted from host: <131.225.189.232:9618?addrs=131.225.189.232-9618&noUDP&sock=8982_aaf4_3>
...
001 (221227.000.000) 07/31 07:07:48 Job executing on host: <131.225.206.212:17311?addrs=131.225.206.212-17311>
...
006 (221227.000.000) 07/31 07:07:57 Image size of job updated: 2
	3  -  MemoryUsage of job (MB)
	2424  -  ResidentSetSize of job (KB)
...
006 (221227.000.000) 07/31 07:08:58 Image size of job updated: 447524
	71  -  MemoryUsage of job (MB)
	72348  -  ResidentSetSize of job (KB)
...
005 (221227.000.000) 07/31 07:09:46 Job terminated.
	(1) Normal termination (return value 90)
		Usr 0 00:00:01, Sys 0 00:00:10  -  Run Remote Usage
		Usr 0 00:00:00, Sys 0 00:00:00  -  Run Local Usage
		Usr 0 00:00:01, Sys 0 00:00:10  -  Total Remote Usage
		Usr 0 00:00:00, Sys 0 00:00:00  -  Total Local Usage
	9640  -  Run Bytes Sent By Job
	8930  -  Run Bytes Received By Job
	9640  -  Total Bytes Sent By Job
	8930  -  Total Bytes Received By Job
	Partitionable Resources :    Usage  Request Allocated
	   Cpus                 :                 1         1
	   Disk (KB)            :  2617446 10000000  11889892
	   Memory (MB)          :       71     2100      2100
...
000 (221782.000.000) 07/31 07:11:59 Job submitted from host: <131.225.189.232:9618?addrs=131.225.189.232-9618&noUDP&sock=8982_aaf4_3>
...
001 (221782.000.000) 07/31 07:12:19 Job executing on host: <131.225.204.62:22110?addrs=131.225.204.62-22110>
...
006 (221782.000.000) 07/31 07:12:28 Image size of job updated: 447524
	71  -  MemoryUsage of job (MB)
	72344  -  ResidentSetSize of job (KB)
...
006 (221782.000.000) 07/31 07:14:30 Image size of job updated: 486524
	255  -  MemoryUsage of job (MB)
	261116  -  ResidentSetSize of job (KB)
...
006 (221782.000.000) 07/31 07:14:49 Image size of job updated: 607304
	255  -  MemoryUsage of job (MB)
	261116  -  ResidentSetSize of job (KB)
...
005 (221782.000.000) 07/31 07:14:49 Job terminated.
	(1) Normal termination (return value 65)
		Usr 0 00:00:06, Sys 0 00:00:13  -  Run Remote Usage
		Usr 0 00:00:00, Sys 0 00:00:00  -  Run Local Usage
		Usr 0 00:00:06, Sys 0 00:00:13  -  Total Remote Usage
		Usr 0 00:00:00, Sys 0 00:00:00  -  Total Local Usage
	9507  -  Run Bytes Sent By Job
	8930  -  Run Bytes Received By Job
	9507  -  Total Bytes Sent By Job
	8930  -  Total Bytes Received By Job
	Partitionable Resources :    Usage  Request Allocated
	   Cpus                 :                 1         1
	   Disk (KB)            :  6240331 10000000  10461372
	   Memory (MB)          :      255     2100      2100
...
000 (222344.000.000) 07/31 08:32:39 Job submitted from host: <131.225.189.232:9618?addrs=131.225.189.232-9618&noUDP&sock=8982_aaf4_3>
...
001 (222344.000.000) 07/31 08:33:14 Job executing on host: <131.225.206.185:46507?addrs=131.225.206.185-46507>
...
006 (222344.000.000) 07/31 08:33:22 Image size of job updated: 447524
	71  -  MemoryUsage of job (MB)
	72344  -  ResidentSetSize of job (KB)
...
006 (222344.000.000) 07/31 08:36:24 Image size of job updated: 447524
	74  -  MemoryUsage of job (MB)
	75408  -  ResidentSetSize of job (KB)
...
006 (222344.000.000) 07/31 08:37:24 Image size of job updated: 772016
	74  -  MemoryUsage of job (MB)
	75408  -  ResidentSetSize of job (KB)
...
005 (222344.000.000) 07/31 08:37:25 Job terminated.
	(1) Normal termination (return value 65)
		Usr 0 00:00:14, Sys 0 00:00:20  -  Run Remote Usage
		Usr 0 00:00:00, Sys 0 00:00:00  -  Run Local Usage
		Usr 0 00:00:14, Sys 0 00:00:20  -  Total Remote Usage
		Usr 0 00:00:00, Sys 0 00:00:00  -  Total Local Usage
	13949  -  Run Bytes Sent By Job
	8930  -  Run Bytes Received By Job
	13949  -  Total Bytes Sent By Job
	8930  -  Total Bytes Received By Job
	Partitionable Resources :    Usage  Request Allocated
	   Cpus                 :                 1         1
	   Disk (KB)            :  6243203 10000000  10651869
	   Memory (MB)          :       74     2100      2100
...
