000 (220568.000.000) 07/31 06:48:24 Job submitted from host: <131.225.189.232:9618?addrs=131.225.189.232-9618&noUDP&sock=8982_aaf4_3>
...
001 (220568.000.000) 07/31 06:48:47 Job executing on host: <131.225.206.18:10358?addrs=131.225.206.18-10358>
...
006 (220568.000.000) 07/31 06:48:56 Image size of job updated: 447524
	71  -  MemoryUsage of job (MB)
	72344  -  ResidentSetSize of job (KB)
...
005 (220568.000.000) 07/31 06:50:57 Job terminated.
	(1) Normal termination (return value 90)
		Usr 0 00:00:00, Sys 0 00:00:18  -  Run Remote Usage
		Usr 0 00:00:00, Sys 0 00:00:00  -  Run Local Usage
		Usr 0 00:00:00, Sys 0 00:00:18  -  Total Remote Usage
		Usr 0 00:00:00, Sys 0 00:00:00  -  Total Local Usage
	11135  -  Run Bytes Sent By Job
	8930  -  Run Bytes Received By Job
	11135  -  Total Bytes Sent By Job
	8930  -  Total Bytes Received By Job
	Partitionable Resources :    Usage  Request Allocated
	   Cpus                 :                 1         1
	   Disk (KB)            :  3755018 10000000  10324710
	   Memory (MB)          :       71     2100      2100
...
000 (221130.000.000) 07/31 07:07:00 Job submitted from host: <131.225.189.232:9618?addrs=131.225.189.232-9618&noUDP&sock=8982_aaf4_3>
...
001 (221130.000.000) 07/31 07:07:19 Job executing on host: <131.225.191.131:51883?addrs=131.225.191.131-51883>
...
006 (221130.000.000) 07/31 07:07:28 Image size of job updated: 2
	3  -  MemoryUsage of job (MB)
	2424  -  ResidentSetSize of job (KB)
...
006 (221130.000.000) 07/31 07:08:29 Image size of job updated: 447524
	69  -  MemoryUsage of job (MB)
	70292  -  ResidentSetSize of job (KB)
...
005 (221130.000.000) 07/31 07:10:18 Job terminated.
	(1) Normal termination (return value 90)
		Usr 0 00:00:00, Sys 0 00:00:17  -  Run Remote Usage
		Usr 0 00:00:00, Sys 0 00:00:00  -  Run Local Usage
		Usr 0 00:00:00, Sys 0 00:00:17  -  Total Remote Usage
		Usr 0 00:00:00, Sys 0 00:00:00  -  Total Local Usage
	11656  -  Run Bytes Sent By Job
	8930  -  Run Bytes Received By Job
	11656  -  Total Bytes Sent By Job
	8930  -  Total Bytes Received By Job
	Partitionable Resources :    Usage  Request Allocated
	   Cpus                 :                 1         1
	   Disk (KB)            :  4026473 10000000  11468516
	   Memory (MB)          :       69     2100      2100
...
000 (221685.000.000) 07/31 07:11:43 Job submitted from host: <131.225.189.232:9618?addrs=131.225.189.232-9618&noUDP&sock=8982_aaf4_3>
...
001 (221685.000.000) 07/31 07:11:51 Job executing on host: <131.225.205.162:52068?addrs=131.225.205.162-52068>
...
006 (221685.000.000) 07/31 07:11:59 Image size of job updated: 447524
	71  -  MemoryUsage of job (MB)
	72400  -  ResidentSetSize of job (KB)
...
006 (221685.000.000) 07/31 07:15:00 Image size of job updated: 707760
	422  -  MemoryUsage of job (MB)
	431240  -  ResidentSetSize of job (KB)
...
005 (221685.000.000) 07/31 07:15:03 Job terminated.
	(1) Normal termination (return value 65)
		Usr 0 00:00:13, Sys 0 00:00:18  -  Run Remote Usage
		Usr 0 00:00:00, Sys 0 00:00:00  -  Run Local Usage
		Usr 0 00:00:13, Sys 0 00:00:18  -  Total Remote Usage
		Usr 0 00:00:00, Sys 0 00:00:00  -  Total Local Usage
	15249  -  Run Bytes Sent By Job
	8930  -  Run Bytes Received By Job
	15249  -  Total Bytes Sent By Job
	8930  -  Total Bytes Received By Job
	Partitionable Resources :    Usage  Request Allocated
	   Cpus                 :                 1         1
	   Disk (KB)            :  5941928 10000000  17090210
	   Memory (MB)          :      422     2100      2100
...
