000 (220789.000.000) 07/31 06:49:11 Job submitted from host: <131.225.189.232:9618?addrs=131.225.189.232-9618&noUDP&sock=8982_aaf4_3>
...
001 (220789.000.000) 07/31 06:49:33 Job executing on host: <131.225.207.57:53683?addrs=131.225.207.57-53683>
...
006 (220789.000.000) 07/31 06:49:42 Image size of job updated: 447532
	19  -  MemoryUsage of job (MB)
	19092  -  ResidentSetSize of job (KB)
...
006 (220789.000.000) 07/31 06:50:43 Image size of job updated: 447532
	71  -  MemoryUsage of job (MB)
	72348  -  ResidentSetSize of job (KB)
...
005 (220789.000.000) 07/31 06:52:28 Job terminated.
	(1) Normal termination (return value 90)
		Usr 0 00:00:01, Sys 0 00:00:21  -  Run Remote Usage
		Usr 0 00:00:00, Sys 0 00:00:00  -  Run Local Usage
		Usr 0 00:00:01, Sys 0 00:00:21  -  Total Remote Usage
		Usr 0 00:00:00, Sys 0 00:00:00  -  Total Local Usage
	14152  -  Run Bytes Sent By Job
	8930  -  Run Bytes Received By Job
	14152  -  Total Bytes Sent By Job
	8930  -  Total Bytes Received By Job
	Partitionable Resources :    Usage  Request Allocated
	   Cpus                 :                 1         1
	   Disk (KB)            :  5634638 10000000  10480680
	   Memory (MB)          :       71     2100      2100
...
000 (221351.000.000) 07/31 07:07:39 Job submitted from host: <131.225.189.232:9618?addrs=131.225.189.232-9618&noUDP&sock=8982_aaf4_3>
...
001 (221351.000.000) 07/31 07:08:14 Job executing on host: <131.225.204.98:42544?addrs=131.225.204.98-42544>
...
006 (221351.000.000) 07/31 07:08:23 Image size of job updated: 447524
	71  -  MemoryUsage of job (MB)
	72352  -  ResidentSetSize of job (KB)
...
000 (221906.000.000) 07/31 07:12:20 Job submitted from host: <131.225.189.232:9618?addrs=131.225.189.232-9618&noUDP&sock=8982_aaf4_3>
...
001 (221906.000.000) 07/31 07:12:52 Job executing on host: <131.225.191.226:14321?addrs=131.225.191.226-14321>
...
006 (221906.000.000) 07/31 07:13:00 Image size of job updated: 102488
	3  -  MemoryUsage of job (MB)
	2476  -  ResidentSetSize of job (KB)
...
006 (221906.000.000) 07/31 07:14:00 Image size of job updated: 447524
	69  -  MemoryUsage of job (MB)
	70440  -  ResidentSetSize of job (KB)
...
005 (221351.000.000) 07/31 07:15:37 Job terminated.
	(1) Normal termination (return value 90)
		Usr 0 00:00:00, Sys 0 00:00:11  -  Run Remote Usage
		Usr 0 00:00:00, Sys 0 00:00:00  -  Run Local Usage
		Usr 0 00:00:00, Sys 0 00:00:11  -  Total Remote Usage
		Usr 0 00:00:00, Sys 0 00:00:00  -  Total Local Usage
	22985  -  Run Bytes Sent By Job
	8930  -  Run Bytes Received By Job
	22985  -  Total Bytes Sent By Job
	8930  -  Total Bytes Received By Job
	Partitionable Resources :    Usage  Request Allocated
	   Cpus                 :                 1         1
	   Disk (KB)            :  4107374 10000000  10352952
	   Memory (MB)          :       71     2100      2100
...
006 (221906.000.000) 07/31 07:16:02 Image size of job updated: 447524
	164  -  MemoryUsage of job (MB)
	167824  -  ResidentSetSize of job (KB)
...
006 (221906.000.000) 07/31 07:16:30 Image size of job updated: 772792
	164  -  MemoryUsage of job (MB)
	167824  -  ResidentSetSize of job (KB)
...
005 (221906.000.000) 07/31 07:16:31 Job terminated.
	(1) Normal termination (return value 65)
		Usr 0 00:00:16, Sys 0 00:00:28  -  Run Remote Usage
		Usr 0 00:00:00, Sys 0 00:00:00  -  Run Local Usage
		Usr 0 00:00:16, Sys 0 00:00:28  -  Total Remote Usage
		Usr 0 00:00:00, Sys 0 00:00:00  -  Total Local Usage
	17912  -  Run Bytes Sent By Job
	8930  -  Run Bytes Received By Job
	17912  -  Total Bytes Sent By Job
	8930  -  Total Bytes Received By Job
	Partitionable Resources :    Usage  Request Allocated
	   Cpus                 :                 1         1
	   Disk (KB)            :  6759906 10000000  15676148
	   Memory (MB)          :      164     2100      2100
...
000 (222468.000.000) 07/31 08:32:48 Job submitted from host: <131.225.189.232:9618?addrs=131.225.189.232-9618&noUDP&sock=8982_aaf4_3>
...
001 (222468.000.000) 07/31 08:33:40 Job executing on host: <131.225.191.155:28550?addrs=131.225.191.155-28550>
...
006 (222468.000.000) 07/31 08:33:49 Image size of job updated: 2
	3  -  MemoryUsage of job (MB)
	2416  -  ResidentSetSize of job (KB)
...
006 (222468.000.000) 07/31 08:34:50 Image size of job updated: 447524
	69  -  MemoryUsage of job (MB)
	70292  -  ResidentSetSize of job (KB)
...
006 (222468.000.000) 07/31 08:35:51 Image size of job updated: 447524
	69  -  MemoryUsage of job (MB)
	70320  -  ResidentSetSize of job (KB)
...
006 (222468.000.000) 07/31 08:37:52 Image size of job updated: 447524
	165  -  MemoryUsage of job (MB)
	168032  -  ResidentSetSize of job (KB)
...
006 (222468.000.000) 07/31 08:38:18 Image size of job updated: 772784
	165  -  MemoryUsage of job (MB)
	168032  -  ResidentSetSize of job (KB)
...
005 (222468.000.000) 07/31 08:38:19 Job terminated.
	(1) Normal termination (return value 65)
		Usr 0 00:00:13, Sys 0 00:00:16  -  Run Remote Usage
		Usr 0 00:00:00, Sys 0 00:00:00  -  Run Local Usage
		Usr 0 00:00:13, Sys 0 00:00:16  -  Total Remote Usage
		Usr 0 00:00:00, Sys 0 00:00:00  -  Total Local Usage
	22557  -  Run Bytes Sent By Job
	8930  -  Run Bytes Received By Job
	22557  -  Total Bytes Sent By Job
	8930  -  Total Bytes Received By Job
	Partitionable Resources :    Usage  Request Allocated
	   Cpus                 :                 1         1
	   Disk (KB)            :  6762776 10000000  12419600
	   Memory (MB)          :      165     2100      2100
...
000 (223023.000.000) 07/31 08:49:55 Job submitted from host: <131.225.189.232:9618?addrs=131.225.189.232-9618&noUDP&sock=8982_aaf4_3>
...
001 (223023.000.000) 07/31 08:50:49 Job executing on host: <131.225.206.130:55675?addrs=131.225.206.130-55675>
...
006 (223023.000.000) 07/31 08:50:58 Image size of job updated: 447524
	71  -  MemoryUsage of job (MB)
	72432  -  ResidentSetSize of job (KB)
...
006 (223023.000.000) 07/31 08:53:00 Image size of job updated: 566952
	292  -  MemoryUsage of job (MB)
	298492  -  ResidentSetSize of job (KB)
...
005 (223023.000.000) 07/31 08:53:11 Job terminated.
	(1) Normal termination (return value 65)
		Usr 0 00:00:07, Sys 0 00:00:14  -  Run Remote Usage
		Usr 0 00:00:00, Sys 0 00:00:00  -  Run Local Usage
		Usr 0 00:00:07, Sys 0 00:00:14  -  Total Remote Usage
		Usr 0 00:00:00, Sys 0 00:00:00  -  Total Local Usage
	13286  -  Run Bytes Sent By Job
	44439  -  Run Bytes Received By Job
	13286  -  Total Bytes Sent By Job
	44439  -  Total Bytes Received By Job
	Partitionable Resources :    Usage  Request Allocated
	   Cpus                 :                 1         1
	   Disk (KB)            :  6762606 10000000  10669275
	   Memory (MB)          :      292     2100      2100
...
000 (223578.000.000) 07/31 09:06:23 Job submitted from host: <131.225.189.232:9618?addrs=131.225.189.232-9618&noUDP&sock=8982_aaf4_3>
...
