000 (220574.000.000) 07/31 06:48:25 Job submitted from host: <131.225.189.232:9618?addrs=131.225.189.232-9618&noUDP&sock=8982_aaf4_3>
...
001 (220574.000.000) 07/31 06:48:48 Job executing on host: <131.225.206.240:56647?addrs=131.225.206.240-56647>
...
006 (220574.000.000) 07/31 06:48:57 Image size of job updated: 447524
	71  -  MemoryUsage of job (MB)
	72344  -  ResidentSetSize of job (KB)
...
005 (220574.000.000) 07/31 06:53:48 Job terminated.
	(1) Normal termination (return value 90)
		Usr 0 00:00:02, Sys 0 00:00:20  -  Run Remote Usage
		Usr 0 00:00:00, Sys 0 00:00:00  -  Run Local Usage
		Usr 0 00:00:02, Sys 0 00:00:20  -  Total Remote Usage
		Usr 0 00:00:00, Sys 0 00:00:00  -  Total Local Usage
	25323  -  Run Bytes Sent By Job
	8930  -  Run Bytes Received By Job
	25323  -  Total Bytes Sent By Job
	8930  -  Total Bytes Received By Job
	Partitionable Resources :    Usage  Request Allocated
	   Cpus                 :                 1         1
	   Disk (KB)            :  5704728 10000000  11570760
	   Memory (MB)          :       71     2100      2100
...
000 (221136.000.000) 07/31 07:07:01 Job submitted from host: <131.225.189.232:9618?addrs=131.225.189.232-9618&noUDP&sock=8982_aaf4_3>
...
001 (221136.000.000) 07/31 07:07:21 Job executing on host: <131.225.206.156:61004?addrs=131.225.206.156-61004>
...
006 (221136.000.000) 07/31 07:07:30 Image size of job updated: 2
	3  -  MemoryUsage of job (MB)
	2424  -  ResidentSetSize of job (KB)
...
006 (221136.000.000) 07/31 07:08:31 Image size of job updated: 447524
	71  -  MemoryUsage of job (MB)
	72344  -  ResidentSetSize of job (KB)
...
005 (221136.000.000) 07/31 07:09:22 Job terminated.
	(1) Normal termination (return value 90)
		Usr 0 00:00:00, Sys 0 00:00:19  -  Run Remote Usage
		Usr 0 00:00:00, Sys 0 00:00:00  -  Run Local Usage
		Usr 0 00:00:00, Sys 0 00:00:19  -  Total Remote Usage
		Usr 0 00:00:00, Sys 0 00:00:00  -  Total Local Usage
	11320  -  Run Bytes Sent By Job
	8930  -  Run Bytes Received By Job
	11320  -  Total Bytes Sent By Job
	8930  -  Total Bytes Received By Job
	Partitionable Resources :    Usage  Request Allocated
	   Cpus                 :                 1         1
	   Disk (KB)            :  4157545 10000000  10161045
	   Memory (MB)          :       71     2100      2100
...
000 (221691.000.000) 07/31 07:11:44 Job submitted from host: <131.225.189.232:9618?addrs=131.225.189.232-9618&noUDP&sock=8982_aaf4_3>
...
001 (221691.000.000) 07/31 07:11:57 Job executing on host: <131.225.205.162:52068?addrs=131.225.205.162-52068>
...
006 (221691.000.000) 07/31 07:12:06 Image size of job updated: 447524
	71  -  MemoryUsage of job (MB)
	72344  -  ResidentSetSize of job (KB)
...
006 (221691.000.000) 07/31 07:15:02 Image size of job updated: 708020
	71  -  MemoryUsage of job (MB)
	72344  -  ResidentSetSize of job (KB)
...
005 (221691.000.000) 07/31 07:15:03 Job terminated.
	(1) Normal termination (return value 65)
		Usr 0 00:00:16, Sys 0 00:00:28  -  Run Remote Usage
		Usr 0 00:00:00, Sys 0 00:00:00  -  Run Local Usage
		Usr 0 00:00:16, Sys 0 00:00:28  -  Total Remote Usage
		Usr 0 00:00:00, Sys 0 00:00:00  -  Total Local Usage
	14808  -  Run Bytes Sent By Job
	8930  -  Run Bytes Received By Job
	14808  -  Total Bytes Sent By Job
	8930  -  Total Bytes Received By Job
	Partitionable Resources :    Usage  Request Allocated
	   Cpus                 :                 1         1
	   Disk (KB)            :  6315382 10000000  17090037
	   Memory (MB)          :       71     2100      2100
...
