000 (220927.000.000) 07/31 06:49:39 Job submitted from host: <131.225.189.232:9618?addrs=131.225.189.232-9618&noUDP&sock=8982_aaf4_3>
...
001 (220927.000.000) 07/31 06:50:22 Job executing on host: <131.225.204.103:41640?addrs=131.225.204.103-41640>
...
006 (220927.000.000) 07/31 06:50:44 Image size of job updated: 40612
	4  -  MemoryUsage of job (MB)
	3648  -  ResidentSetSize of job (KB)
...
006 (220927.000.000) 07/31 06:52:21 Image size of job updated: 447532
	4  -  MemoryUsage of job (MB)
	3648  -  ResidentSetSize of job (KB)
...
005 (220927.000.000) 07/31 06:52:22 Job terminated.
	(1) Normal termination (return value 90)
		Usr 0 00:00:00, Sys 0 00:00:16  -  Run Remote Usage
		Usr 0 00:00:00, Sys 0 00:00:00  -  Run Local Usage
		Usr 0 00:00:00, Sys 0 00:00:16  -  Total Remote Usage
		Usr 0 00:00:00, Sys 0 00:00:00  -  Total Local Usage
	10094  -  Run Bytes Sent By Job
	8930  -  Run Bytes Received By Job
	10094  -  Total Bytes Sent By Job
	8930  -  Total Bytes Received By Job
	Partitionable Resources :    Usage  Request Allocated
	   Cpus                 :                 1         1
	   Disk (KB)            :      549 10000000  10358250
	   Memory (MB)          :        4     2100      2100
...
000 (221489.000.000) 07/31 07:08:03 Job submitted from host: <131.225.189.232:9618?addrs=131.225.189.232-9618&noUDP&sock=8982_aaf4_3>
...
001 (221489.000.000) 07/31 07:08:39 Job executing on host: <131.225.205.186:5315?addrs=131.225.205.186-5315>
...
006 (221489.000.000) 07/31 07:08:48 Image size of job updated: 447524
	71  -  MemoryUsage of job (MB)
	72344  -  ResidentSetSize of job (KB)
...
005 (221489.000.000) 07/31 07:11:36 Job terminated.
	(1) Normal termination (return value 90)
		Usr 0 00:00:01, Sys 0 00:00:24  -  Run Remote Usage
		Usr 0 00:00:00, Sys 0 00:00:00  -  Run Local Usage
		Usr 0 00:00:01, Sys 0 00:00:24  -  Total Remote Usage
		Usr 0 00:00:00, Sys 0 00:00:00  -  Total Local Usage
	17392  -  Run Bytes Sent By Job
	8930  -  Run Bytes Received By Job
	17392  -  Total Bytes Sent By Job
	8930  -  Total Bytes Received By Job
	Partitionable Resources :    Usage  Request Allocated
	   Cpus                 :                 1         1
	   Disk (KB)            :  4780143 10000000  17051577
	   Memory (MB)          :       71     2100      2100
...
000 (222044.000.000) 07/31 07:12:44 Job submitted from host: <131.225.189.232:9618?addrs=131.225.189.232-9618&noUDP&sock=8982_aaf4_3>
...
001 (222044.000.000) 07/31 07:14:12 Job executing on host: <131.225.204.122:4504?addrs=131.225.204.122-4504>
...
006 (222044.000.000) 07/31 07:14:21 Image size of job updated: 68556
	8  -  MemoryUsage of job (MB)
	7372  -  ResidentSetSize of job (KB)
...
006 (222044.000.000) 07/31 07:15:23 Image size of job updated: 447524
	71  -  MemoryUsage of job (MB)
	72348  -  ResidentSetSize of job (KB)
...
006 (222044.000.000) 07/31 07:19:23 Image size of job updated: 567208
	290  -  MemoryUsage of job (MB)
	296832  -  ResidentSetSize of job (KB)
...
006 (222044.000.000) 07/31 07:19:46 Image size of job updated: 710580
	290  -  MemoryUsage of job (MB)
	296832  -  ResidentSetSize of job (KB)
...
005 (222044.000.000) 07/31 07:19:47 Job terminated.
	(1) Normal termination (return value 65)
		Usr 0 00:00:11, Sys 0 00:00:17  -  Run Remote Usage
		Usr 0 00:00:00, Sys 0 00:00:00  -  Run Local Usage
		Usr 0 00:00:11, Sys 0 00:00:17  -  Total Remote Usage
		Usr 0 00:00:00, Sys 0 00:00:00  -  Total Local Usage
	26548  -  Run Bytes Sent By Job
	8930  -  Run Bytes Received By Job
	26548  -  Total Bytes Sent By Job
	8930  -  Total Bytes Received By Job
	Partitionable Resources :    Usage  Request Allocated
	   Cpus                 :                 1         1
	   Disk (KB)            :  6660505 10000000  10330479
	   Memory (MB)          :      290     2100      2100
...
000 (222606.000.000) 07/31 08:32:57 Job submitted from host: <131.225.189.232:9618?addrs=131.225.189.232-9618&noUDP&sock=8982_aaf4_3>
...
001 (222606.000.000) 07/31 08:34:07 Job executing on host: <131.225.191.224:27141?addrs=131.225.191.224-27141>
...
006 (222606.000.000) 07/31 08:34:16 Image size of job updated: 2
	3  -  MemoryUsage of job (MB)
	2424  -  ResidentSetSize of job (KB)
...
006 (222606.000.000) 07/31 08:35:17 Image size of job updated: 447524
	70  -  MemoryUsage of job (MB)
	71356  -  ResidentSetSize of job (KB)
...
006 (222606.000.000) 07/31 08:36:17 Image size of job updated: 447524
	135  -  MemoryUsage of job (MB)
	137356  -  ResidentSetSize of job (KB)
...
006 (222606.000.000) 07/31 08:37:10 Image size of job updated: 772788
	135  -  MemoryUsage of job (MB)
	137356  -  ResidentSetSize of job (KB)
...
005 (222606.000.000) 07/31 08:37:11 Job terminated.
	(1) Normal termination (return value 65)
		Usr 0 00:00:14, Sys 0 00:00:19  -  Run Remote Usage
		Usr 0 00:00:00, Sys 0 00:00:00  -  Run Local Usage
		Usr 0 00:00:14, Sys 0 00:00:19  -  Total Remote Usage
		Usr 0 00:00:00, Sys 0 00:00:00  -  Total Local Usage
	13119  -  Run Bytes Sent By Job
	8930  -  Run Bytes Received By Job
	13119  -  Total Bytes Sent By Job
	8930  -  Total Bytes Received By Job
	Partitionable Resources :    Usage  Request Allocated
	   Cpus                 :                 1         1
	   Disk (KB)            :  6663360 10000000  16077340
	   Memory (MB)          :      135     2100      2100
...
