000 (220618.000.000) 07/31 06:48:35 Job submitted from host: <131.225.189.232:9618?addrs=131.225.189.232-9618&noUDP&sock=8982_aaf4_3>
...
001 (220618.000.000) 07/31 06:48:57 Job executing on host: <131.225.207.46:11510?addrs=131.225.207.46-11510>
...
006 (220618.000.000) 07/31 06:49:06 Image size of job updated: 447524
	71  -  MemoryUsage of job (MB)
	72344  -  ResidentSetSize of job (KB)
...
005 (220618.000.000) 07/31 06:50:20 Job terminated.
	(1) Normal termination (return value 90)
		Usr 0 00:00:00, Sys 0 00:00:16  -  Run Remote Usage
		Usr 0 00:00:00, Sys 0 00:00:00  -  Run Local Usage
		Usr 0 00:00:00, Sys 0 00:00:16  -  Total Remote Usage
		Usr 0 00:00:00, Sys 0 00:00:00  -  Total Local Usage
	8848  -  Run Bytes Sent By Job
	8930  -  Run Bytes Received By Job
	8848  -  Total Bytes Sent By Job
	8930  -  Total Bytes Received By Job
	Partitionable Resources :    Usage  Request Allocated
	   Cpus                 :                 1         1
	   Disk (KB)            :  6130698 10000000  10243140
	   Memory (MB)          :       71     2100      2100
...
000 (221180.000.000) 07/31 07:07:09 Job submitted from host: <131.225.189.232:9618?addrs=131.225.189.232-9618&noUDP&sock=8982_aaf4_3>
...
001 (221180.000.000) 07/31 07:08:08 Job executing on host: <131.225.207.166:17202?addrs=131.225.207.166-17202>
...
006 (221180.000.000) 07/31 07:08:16 Image size of job updated: 102472
	3  -  MemoryUsage of job (MB)
	2368  -  ResidentSetSize of job (KB)
...
006 (221180.000.000) 07/31 07:09:22 Image size of job updated: 447524
	71  -  MemoryUsage of job (MB)
	72348  -  ResidentSetSize of job (KB)
...
005 (221180.000.000) 07/31 07:11:48 Job terminated.
	(1) Normal termination (return value 90)
		Usr 0 00:00:00, Sys 0 00:00:12  -  Run Remote Usage
		Usr 0 00:00:00, Sys 0 00:00:00  -  Run Local Usage
		Usr 0 00:00:00, Sys 0 00:00:12  -  Total Remote Usage
		Usr 0 00:00:00, Sys 0 00:00:00  -  Total Local Usage
	12376  -  Run Bytes Sent By Job
	8930  -  Run Bytes Received By Job
	12376  -  Total Bytes Sent By Job
	8930  -  Total Bytes Received By Job
	Partitionable Resources :    Usage  Request Allocated
	   Cpus                 :                 1         1
	   Disk (KB)            :  4922047 10000000  10103637
	   Memory (MB)          :       71     2100      2100
...
000 (221735.000.000) 07/31 07:11:51 Job submitted from host: <131.225.189.232:9618?addrs=131.225.189.232-9618&noUDP&sock=8982_aaf4_3>
...
001 (221735.000.000) 07/31 07:12:10 Job executing on host: <131.225.207.181:3598?addrs=131.225.207.181-3598>
...
006 (221735.000.000) 07/31 07:12:19 Image size of job updated: 2
	3  -  MemoryUsage of job (MB)
	2424  -  ResidentSetSize of job (KB)
...
006 (221735.000.000) 07/31 07:13:20 Image size of job updated: 447524
	71  -  MemoryUsage of job (MB)
	72344  -  ResidentSetSize of job (KB)
...
006 (221735.000.000) 07/31 07:15:21 Image size of job updated: 458848
	233  -  MemoryUsage of job (MB)
	238552  -  ResidentSetSize of job (KB)
...
006 (221735.000.000) 07/31 07:15:55 Image size of job updated: 769972
	233  -  MemoryUsage of job (MB)
	238552  -  ResidentSetSize of job (KB)
...
005 (221735.000.000) 07/31 07:15:56 Job terminated.
	(1) Normal termination (return value 65)
		Usr 0 00:00:12, Sys 0 00:00:19  -  Run Remote Usage
		Usr 0 00:00:00, Sys 0 00:00:00  -  Run Local Usage
		Usr 0 00:00:12, Sys 0 00:00:19  -  Total Remote Usage
		Usr 0 00:00:00, Sys 0 00:00:00  -  Total Local Usage
	15447  -  Run Bytes Sent By Job
	8930  -  Run Bytes Received By Job
	15447  -  Total Bytes Sent By Job
	8930  -  Total Bytes Received By Job
	Partitionable Resources :    Usage  Request Allocated
	   Cpus                 :                 1         1
	   Disk (KB)            :  6434578 10000000  10275285
	   Memory (MB)          :      233     2100      2100
...
000 (222297.000.000) 07/31 08:32:35 Job submitted from host: <131.225.189.232:9618?addrs=131.225.189.232-9618&noUDP&sock=8982_aaf4_3>
...
001 (222297.000.000) 07/31 08:33:03 Job executing on host: <131.225.206.41:8370?addrs=131.225.206.41-8370>
...
006 (222297.000.000) 07/31 08:33:12 Image size of job updated: 447524
	71  -  MemoryUsage of job (MB)
	72348  -  ResidentSetSize of job (KB)
...
006 (222297.000.000) 07/31 08:35:07 Image size of job updated: 541940
	71  -  MemoryUsage of job (MB)
	72348  -  ResidentSetSize of job (KB)
...
005 (222297.000.000) 07/31 08:35:07 Job terminated.
	(1) Normal termination (return value 65)
		Usr 0 00:00:05, Sys 0 00:00:14  -  Run Remote Usage
		Usr 0 00:00:00, Sys 0 00:00:00  -  Run Local Usage
		Usr 0 00:00:05, Sys 0 00:00:14  -  Total Remote Usage
		Usr 0 00:00:00, Sys 0 00:00:00  -  Total Local Usage
	11250  -  Run Bytes Sent By Job
	8930  -  Run Bytes Received By Job
	11250  -  Total Bytes Sent By Job
	8930  -  Total Bytes Received By Job
	Partitionable Resources :    Usage  Request Allocated
	   Cpus                 :                 1         1
	   Disk (KB)            :  4614163 10000000  10280859
	   Memory (MB)          :       71     2100      2100
...
