000 (220550.000.000) 07/31 06:48:20 Job submitted from host: <131.225.189.232:9618?addrs=131.225.189.232-9618&noUDP&sock=8982_aaf4_3>
...
001 (220550.000.000) 07/31 06:48:35 Job executing on host: <131.225.207.49:46758?addrs=131.225.207.49-46758>
...
006 (220550.000.000) 07/31 06:48:44 Image size of job updated: 102476
	3  -  MemoryUsage of job (MB)
	2532  -  ResidentSetSize of job (KB)
...
006 (220550.000.000) 07/31 06:49:44 Image size of job updated: 447524
	71  -  MemoryUsage of job (MB)
	72348  -  ResidentSetSize of job (KB)
...
005 (220550.000.000) 07/31 06:50:34 Job terminated.
	(1) Normal termination (return value 90)
		Usr 0 00:00:00, Sys 0 00:00:18  -  Run Remote Usage
		Usr 0 00:00:00, Sys 0 00:00:00  -  Run Local Usage
		Usr 0 00:00:00, Sys 0 00:00:18  -  Total Remote Usage
		Usr 0 00:00:00, Sys 0 00:00:00  -  Total Local Usage
	8937  -  Run Bytes Sent By Job
	8930  -  Run Bytes Received By Job
	8937  -  Total Bytes Sent By Job
	8930  -  Total Bytes Received By Job
	Partitionable Resources :    Usage  Request Allocated
	   Cpus                 :                 1         1
	   Disk (KB)            :  3968008 10000000  10425933
	   Memory (MB)          :       71     2100      2100
...
000 (221112.000.000) 07/31 07:06:57 Job submitted from host: <131.225.189.232:9618?addrs=131.225.189.232-9618&noUDP&sock=8982_aaf4_3>
...
001 (221112.000.000) 07/31 07:07:16 Job executing on host: <131.225.207.181:3598?addrs=131.225.207.181-3598>
...
006 (221112.000.000) 07/31 07:07:25 Image size of job updated: 447524
	71  -  MemoryUsage of job (MB)
	72344  -  ResidentSetSize of job (KB)
...
005 (221112.000.000) 07/31 07:11:16 Job terminated.
	(1) Normal termination (return value 90)
		Usr 0 00:00:01, Sys 0 00:00:19  -  Run Remote Usage
		Usr 0 00:00:00, Sys 0 00:00:00  -  Run Local Usage
		Usr 0 00:00:01, Sys 0 00:00:19  -  Total Remote Usage
		Usr 0 00:00:00, Sys 0 00:00:00  -  Total Local Usage
	21168  -  Run Bytes Sent By Job
	8930  -  Run Bytes Received By Job
	21168  -  Total Bytes Sent By Job
	8930  -  Total Bytes Received By Job
	Partitionable Resources :    Usage  Request Allocated
	   Cpus                 :                 1         1
	   Disk (KB)            :  5340782 10000000  10279320
	   Memory (MB)          :       71     2100      2100
...
000 (221667.000.000) 07/31 07:11:39 Job submitted from host: <131.225.189.232:9618?addrs=131.225.189.232-9618&noUDP&sock=8982_aaf4_3>
...
001 (221667.000.000) 07/31 07:11:53 Job executing on host: <131.225.204.37:14425?addrs=131.225.204.37-14425>
...
006 (221667.000.000) 07/31 07:12:02 Image size of job updated: 447532
	21  -  MemoryUsage of job (MB)
	21140  -  ResidentSetSize of job (KB)
...
006 (221667.000.000) 07/31 07:13:02 Image size of job updated: 447532
	69  -  MemoryUsage of job (MB)
	70276  -  ResidentSetSize of job (KB)
...
006 (221667.000.000) 07/31 07:14:02 Image size of job updated: 447532
	69  -  MemoryUsage of job (MB)
	70284  -  ResidentSetSize of job (KB)
...
006 (221667.000.000) 07/31 07:17:34 Image size of job updated: 770228
	69  -  MemoryUsage of job (MB)
	70284  -  ResidentSetSize of job (KB)
...
005 (221667.000.000) 07/31 07:17:34 Job terminated.
	(1) Normal termination (return value 65)
		Usr 0 00:00:12, Sys 0 00:00:25  -  Run Remote Usage
		Usr 0 00:00:00, Sys 0 00:00:00  -  Run Local Usage
		Usr 0 00:00:12, Sys 0 00:00:25  -  Total Remote Usage
		Usr 0 00:00:00, Sys 0 00:00:00  -  Total Local Usage
	29153  -  Run Bytes Sent By Job
	8930  -  Run Bytes Received By Job
	29153  -  Total Bytes Sent By Job
	8930  -  Total Bytes Received By Job
	Partitionable Resources :    Usage  Request Allocated
	   Cpus                 :                 1         1
	   Disk (KB)            :  6188587 10000000  10259028
	   Memory (MB)          :       69     2100      2100
...
