000 (220698.000.000) 07/31 06:48:51 Job submitted from host: <131.225.189.232:9618?addrs=131.225.189.232-9618&noUDP&sock=8982_aaf4_3>
...
001 (220698.000.000) 07/31 06:49:12 Job executing on host: <131.225.207.186:45076?addrs=131.225.207.186-45076>
...
006 (220698.000.000) 07/31 06:49:21 Image size of job updated: 447524
	70  -  MemoryUsage of job (MB)
	71480  -  ResidentSetSize of job (KB)
...
005 (220698.000.000) 07/31 06:53:01 Job terminated.
	(1) Normal termination (return value 90)
		Usr 0 00:00:01, Sys 0 00:00:17  -  Run Remote Usage
		Usr 0 00:00:00, Sys 0 00:00:00  -  Run Local Usage
		Usr 0 00:00:01, Sys 0 00:00:17  -  Total Remote Usage
		Usr 0 00:00:00, Sys 0 00:00:00  -  Total Local Usage
	21754  -  Run Bytes Sent By Job
	8930  -  Run Bytes Received By Job
	21754  -  Total Bytes Sent By Job
	8930  -  Total Bytes Received By Job
	Partitionable Resources :    Usage  Request Allocated
	   Cpus                 :                 1         1
	   Disk (KB)            :  5114900 10000000  10502880
	   Memory (MB)          :       70     2100      2100
...
000 (221260.000.000) 07/31 07:07:23 Job submitted from host: <131.225.189.232:9618?addrs=131.225.189.232-9618&noUDP&sock=8982_aaf4_3>
...
001 (221260.000.000) 07/31 07:07:55 Job executing on host: <131.225.206.51:32535?addrs=131.225.206.51-32535>
...
006 (221260.000.000) 07/31 07:08:04 Image size of job updated: 2
	3  -  MemoryUsage of job (MB)
	2424  -  ResidentSetSize of job (KB)
...
006 (221260.000.000) 07/31 07:09:05 Image size of job updated: 447524
	70  -  MemoryUsage of job (MB)
	71352  -  ResidentSetSize of job (KB)
...
005 (221260.000.000) 07/31 07:10:57 Job terminated.
	(1) Normal termination (return value 90)
		Usr 0 00:00:01, Sys 0 00:00:21  -  Run Remote Usage
		Usr 0 00:00:00, Sys 0 00:00:00  -  Run Local Usage
		Usr 0 00:00:01, Sys 0 00:00:21  -  Total Remote Usage
		Usr 0 00:00:00, Sys 0 00:00:00  -  Total Local Usage
	15755  -  Run Bytes Sent By Job
	8930  -  Run Bytes Received By Job
	15755  -  Total Bytes Sent By Job
	8930  -  Total Bytes Received By Job
	Partitionable Resources :    Usage  Request Allocated
	   Cpus                 :                 1         1
	   Disk (KB)            :  3944556 10000000  10485888
	   Memory (MB)          :       70     2100      2100
...
000 (221815.000.000) 07/31 07:12:05 Job submitted from host: <131.225.189.232:9618?addrs=131.225.189.232-9618&noUDP&sock=8982_aaf4_3>
...
001 (221815.000.000) 07/31 07:12:26 Job executing on host: <131.225.191.224:27141?addrs=131.225.191.224-27141>
...
006 (221815.000.000) 07/31 07:12:35 Image size of job updated: 447536
	26  -  MemoryUsage of job (MB)
	26428  -  ResidentSetSize of job (KB)
...
006 (221815.000.000) 07/31 07:13:36 Image size of job updated: 447536
	70  -  MemoryUsage of job (MB)
	71484  -  ResidentSetSize of job (KB)
...
006 (221815.000.000) 07/31 07:21:39 Image size of job updated: 769976
	70  -  MemoryUsage of job (MB)
	71484  -  ResidentSetSize of job (KB)
...
005 (221815.000.000) 07/31 07:21:41 Job terminated.
	(1) Normal termination (return value 65)
		Usr 0 00:00:18, Sys 0 00:00:43  -  Run Remote Usage
		Usr 0 00:00:00, Sys 0 00:00:00  -  Run Local Usage
		Usr 0 00:00:18, Sys 0 00:00:43  -  Total Remote Usage
		Usr 0 00:00:00, Sys 0 00:00:00  -  Total Local Usage
	28862  -  Run Bytes Sent By Job
	8930  -  Run Bytes Received By Job
	28862  -  Total Bytes Sent By Job
	8930  -  Total Bytes Received By Job
	Partitionable Resources :    Usage  Request Allocated
	   Cpus                 :                 1         1
	   Disk (KB)            :  6178828 10000000  15043474
	   Memory (MB)          :       70     2100      2100
...
000 (222377.000.000) 07/31 08:32:41 Job submitted from host: <131.225.189.232:9618?addrs=131.225.189.232-9618&noUDP&sock=8982_aaf4_3>
...
001 (222377.000.000) 07/31 08:33:22 Job executing on host: <131.225.206.189:32833?addrs=131.225.206.189-32833>
...
006 (222377.000.000) 07/31 08:33:30 Image size of job updated: 447524
	71  -  MemoryUsage of job (MB)
	72340  -  ResidentSetSize of job (KB)
...
006 (222377.000.000) 07/31 08:40:34 Image size of job updated: 447524
	129  -  MemoryUsage of job (MB)
	131768  -  ResidentSetSize of job (KB)
...
006 (222377.000.000) 07/31 08:41:35 Image size of job updated: 552104
	273  -  MemoryUsage of job (MB)
	278604  -  ResidentSetSize of job (KB)
...
006 (222377.000.000) 07/31 08:41:52 Image size of job updated: 669616
	273  -  MemoryUsage of job (MB)
	278604  -  ResidentSetSize of job (KB)
...
005 (222377.000.000) 07/31 08:41:53 Job terminated.
	(1) Normal termination (return value 65)
		Usr 0 00:00:08, Sys 0 00:00:19  -  Run Remote Usage
		Usr 0 00:00:00, Sys 0 00:00:00  -  Run Local Usage
		Usr 0 00:00:08, Sys 0 00:00:19  -  Total Remote Usage
		Usr 0 00:00:00, Sys 0 00:00:00  -  Total Local Usage
	21075  -  Run Bytes Sent By Job
	8930  -  Run Bytes Received By Job
	21075  -  Total Bytes Sent By Job
	8930  -  Total Bytes Received By Job
	Partitionable Resources :    Usage  Request Allocated
	   Cpus                 :                 1         1
	   Disk (KB)            :  6258204 10000000  11322356
	   Memory (MB)          :      273     2100      2100
...
