000 (220748.000.000) 07/31 06:49:01 Job submitted from host: <131.225.189.232:9618?addrs=131.225.189.232-9618&noUDP&sock=8982_aaf4_3>
...
001 (220748.000.000) 07/31 06:49:22 Job executing on host: <131.225.204.82:42014?addrs=131.225.204.82-42014>
...
006 (220748.000.000) 07/31 06:49:31 Image size of job updated: 447524
	68  -  MemoryUsage of job (MB)
	69340  -  ResidentSetSize of job (KB)
...
006 (220748.000.000) 07/31 06:50:32 Image size of job updated: 447524
	69  -  MemoryUsage of job (MB)
	70324  -  ResidentSetSize of job (KB)
...
005 (220748.000.000) 07/31 06:54:28 Job terminated.
	(1) Normal termination (return value 90)
		Usr 0 00:00:02, Sys 0 00:00:15  -  Run Remote Usage
		Usr 0 00:00:00, Sys 0 00:00:00  -  Run Local Usage
		Usr 0 00:00:02, Sys 0 00:00:15  -  Total Remote Usage
		Usr 0 00:00:00, Sys 0 00:00:00  -  Total Local Usage
	20814  -  Run Bytes Sent By Job
	8930  -  Run Bytes Received By Job
	20814  -  Total Bytes Sent By Job
	8930  -  Total Bytes Received By Job
	Partitionable Resources :    Usage  Request Allocated
	   Cpus                 :                 1         1
	   Disk (KB)            :  3968019 10000000  10404279
	   Memory (MB)          :       69     2100      2100
...
000 (221310.000.000) 07/31 07:07:31 Job submitted from host: <131.225.189.232:9618?addrs=131.225.189.232-9618&noUDP&sock=8982_aaf4_3>
...
001 (221310.000.000) 07/31 07:08:05 Job executing on host: <131.225.207.164:23946?addrs=131.225.207.164-23946>
...
006 (221310.000.000) 07/31 07:08:14 Image size of job updated: 381924
	15  -  MemoryUsage of job (MB)
	14940  -  ResidentSetSize of job (KB)
...
006 (221310.000.000) 07/31 07:09:15 Image size of job updated: 447524
	69  -  MemoryUsage of job (MB)
	70412  -  ResidentSetSize of job (KB)
...
005 (221310.000.000) 07/31 07:10:07 Job terminated.
	(1) Normal termination (return value 90)
		Usr 0 00:00:01, Sys 0 00:00:17  -  Run Remote Usage
		Usr 0 00:00:00, Sys 0 00:00:00  -  Run Local Usage
		Usr 0 00:00:01, Sys 0 00:00:17  -  Total Remote Usage
		Usr 0 00:00:00, Sys 0 00:00:00  -  Total Local Usage
	12684  -  Run Bytes Sent By Job
	8930  -  Run Bytes Received By Job
	12684  -  Total Bytes Sent By Job
	8930  -  Total Bytes Received By Job
	Partitionable Resources :    Usage  Request Allocated
	   Cpus                 :                 1         1
	   Disk (KB)            :  3027049 10000000  10408506
	   Memory (MB)          :       69     2100      2100
...
000 (221865.000.000) 07/31 07:12:14 Job submitted from host: <131.225.189.232:9618?addrs=131.225.189.232-9618&noUDP&sock=8982_aaf4_3>
...
001 (221865.000.000) 07/31 07:12:32 Job executing on host: <131.225.205.192:16216?addrs=131.225.205.192-16216>
...
006 (221865.000.000) 07/31 07:12:41 Image size of job updated: 447524
	71  -  MemoryUsage of job (MB)
	72344  -  ResidentSetSize of job (KB)
...
006 (221865.000.000) 07/31 07:14:43 Image size of job updated: 447524
	167  -  MemoryUsage of job (MB)
	170084  -  ResidentSetSize of job (KB)
...
006 (221865.000.000) 07/31 07:15:24 Image size of job updated: 769968
	167  -  MemoryUsage of job (MB)
	170084  -  ResidentSetSize of job (KB)
...
005 (221865.000.000) 07/31 07:15:25 Job terminated.
	(1) Normal termination (return value 65)
		Usr 0 00:00:17, Sys 0 00:00:21  -  Run Remote Usage
		Usr 0 00:00:00, Sys 0 00:00:00  -  Run Local Usage
		Usr 0 00:00:17, Sys 0 00:00:21  -  Total Remote Usage
		Usr 0 00:00:00, Sys 0 00:00:00  -  Total Local Usage
	11328  -  Run Bytes Sent By Job
	8930  -  Run Bytes Received By Job
	11328  -  Total Bytes Sent By Job
	8930  -  Total Bytes Received By Job
	Partitionable Resources :    Usage  Request Allocated
	   Cpus                 :                 1         1
	   Disk (KB)            :  6188355 10000000  17053282
	   Memory (MB)          :      167     2100      2100
...
000 (222427.000.000) 07/31 08:32:46 Job submitted from host: <131.225.189.232:9618?addrs=131.225.189.232-9618&noUDP&sock=8982_aaf4_3>
...
001 (222427.000.000) 07/31 08:33:29 Job executing on host: <131.225.206.184:32304?addrs=131.225.206.184-32304>
...
006 (222427.000.000) 07/31 08:33:38 Image size of job updated: 2
	3  -  MemoryUsage of job (MB)
	2420  -  ResidentSetSize of job (KB)
...
006 (222427.000.000) 07/31 08:34:39 Image size of job updated: 447524
	70  -  MemoryUsage of job (MB)
	71356  -  ResidentSetSize of job (KB)
...
006 (222427.000.000) 07/31 08:37:34 Image size of job updated: 624292
	70  -  MemoryUsage of job (MB)
	71356  -  ResidentSetSize of job (KB)
...
005 (222427.000.000) 07/31 08:37:35 Job terminated.
	(1) Normal termination (return value 65)
		Usr 0 00:00:08, Sys 0 00:00:16  -  Run Remote Usage
		Usr 0 00:00:00, Sys 0 00:00:00  -  Run Local Usage
		Usr 0 00:00:08, Sys 0 00:00:16  -  Total Remote Usage
		Usr 0 00:00:00, Sys 0 00:00:00  -  Total Local Usage
	21389  -  Run Bytes Sent By Job
	8930  -  Run Bytes Received By Job
	21389  -  Total Bytes Sent By Job
	8930  -  Total Bytes Received By Job
	Partitionable Resources :    Usage  Request Allocated
	   Cpus                 :                 1         1
	   Disk (KB)            :  5290325 10000000  10520487
	   Memory (MB)          :       70     2100      2100
...
000 (222982.000.000) 07/31 08:49:53 Job submitted from host: <131.225.189.232:9618?addrs=131.225.189.232-9618&noUDP&sock=8982_aaf4_3>
...
001 (222982.000.000) 07/31 08:50:42 Job executing on host: <131.225.204.61:23766?addrs=131.225.204.61-23766>
...
006 (222982.000.000) 07/31 08:50:50 Image size of job updated: 447524
	71  -  MemoryUsage of job (MB)
	72348  -  ResidentSetSize of job (KB)
...
006 (222982.000.000) 07/31 08:52:50 Image size of job updated: 615752
	339  -  MemoryUsage of job (MB)
	346880  -  ResidentSetSize of job (KB)
...
005 (222982.000.000) 07/31 08:53:04 Job terminated.
	(1) Normal termination (return value 65)
		Usr 0 00:00:07, Sys 0 00:00:17  -  Run Remote Usage
		Usr 0 00:00:00, Sys 0 00:00:00  -  Run Local Usage
		Usr 0 00:00:07, Sys 0 00:00:17  -  Total Remote Usage
		Usr 0 00:00:00, Sys 0 00:00:00  -  Total Local Usage
	12990  -  Run Bytes Sent By Job
	44439  -  Run Bytes Received By Job
	12990  -  Total Bytes Sent By Job
	44439  -  Total Bytes Received By Job
	Partitionable Resources :    Usage  Request Allocated
	   Cpus                 :                 1         1
	   Disk (KB)            :  6191061 10000000  10309023
	   Memory (MB)          :      339     2100      2100
...
000 (223537.000.000) 07/31 09:06:21 Job submitted from host: <131.225.189.232:9618?addrs=131.225.189.232-9618&noUDP&sock=8982_aaf4_3>
...
