000 (220905.000.000) 07/31 06:49:35 Job submitted from host: <131.225.189.232:9618?addrs=131.225.189.232-9618&noUDP&sock=8982_aaf4_3>
...
001 (220905.000.000) 07/31 06:50:15 Job executing on host: <131.225.204.83:38868?addrs=131.225.204.83-38868>
...
006 (220905.000.000) 07/31 06:50:23 Image size of job updated: 2
	3  -  MemoryUsage of job (MB)
	2424  -  ResidentSetSize of job (KB)
...
006 (220905.000.000) 07/31 06:51:23 Image size of job updated: 447524
	69  -  MemoryUsage of job (MB)
	70368  -  ResidentSetSize of job (KB)
...
005 (220905.000.000) 07/31 06:51:56 Job terminated.
	(1) Normal termination (return value 90)
		Usr 0 00:00:00, Sys 0 00:00:17  -  Run Remote Usage
		Usr 0 00:00:00, Sys 0 00:00:00  -  Run Local Usage
		Usr 0 00:00:00, Sys 0 00:00:17  -  Total Remote Usage
		Usr 0 00:00:00, Sys 0 00:00:00  -  Total Local Usage
	9366  -  Run Bytes Sent By Job
	8930  -  Run Bytes Received By Job
	9366  -  Total Bytes Sent By Job
	8930  -  Total Bytes Received By Job
	Partitionable Resources :    Usage  Request Allocated
	   Cpus                 :                 1         1
	   Disk (KB)            :  5245962 10000000  13312576
	   Memory (MB)          :       69     2100      2100
...
000 (221467.000.000) 07/31 07:08:00 Job submitted from host: <131.225.189.232:9618?addrs=131.225.189.232-9618&noUDP&sock=8982_aaf4_3>
...
001 (221467.000.000) 07/31 07:08:36 Job executing on host: <131.225.190.15:35961?addrs=131.225.190.15-35961>
...
006 (221467.000.000) 07/31 07:08:44 Image size of job updated: 447524
	69  -  MemoryUsage of job (MB)
	70284  -  ResidentSetSize of job (KB)
...
006 (221467.000.000) 07/31 07:09:44 Image size of job updated: 447524
	69  -  MemoryUsage of job (MB)
	70404  -  ResidentSetSize of job (KB)
...
006 (221467.000.000) 07/31 07:10:44 Image size of job updated: 447524
	69  -  MemoryUsage of job (MB)
	70412  -  ResidentSetSize of job (KB)
...
005 (221467.000.000) 07/31 07:12:05 Job terminated.
	(1) Normal termination (return value 90)
		Usr 0 00:00:01, Sys 0 00:00:22  -  Run Remote Usage
		Usr 0 00:00:00, Sys 0 00:00:00  -  Run Local Usage
		Usr 0 00:00:01, Sys 0 00:00:22  -  Total Remote Usage
		Usr 0 00:00:00, Sys 0 00:00:00  -  Total Local Usage
	16938  -  Run Bytes Sent By Job
	8930  -  Run Bytes Received By Job
	16938  -  Total Bytes Sent By Job
	8930  -  Total Bytes Received By Job
	Partitionable Resources :    Usage  Request Allocated
	   Cpus                 :                 1         1
	   Disk (KB)            :  6592809 10000000  15705644
	   Memory (MB)          :       69     2100      2100
...
000 (222022.000.000) 07/31 07:12:40 Job submitted from host: <131.225.189.232:9618?addrs=131.225.189.232-9618&noUDP&sock=8982_aaf4_3>
...
001 (222022.000.000) 07/31 07:14:03 Job executing on host: <131.225.204.105:13405?addrs=131.225.204.105-13405>
...
006 (222022.000.000) 07/31 07:14:11 Image size of job updated: 447524
	71  -  MemoryUsage of job (MB)
	72348  -  ResidentSetSize of job (KB)
...
006 (222022.000.000) 07/31 07:15:59 Image size of job updated: 705712
	71  -  MemoryUsage of job (MB)
	72348  -  ResidentSetSize of job (KB)
...
005 (222022.000.000) 07/31 07:16:00 Job terminated.
	(1) Normal termination (return value 65)
		Usr 0 00:00:08, Sys 0 00:00:16  -  Run Remote Usage
		Usr 0 00:00:00, Sys 0 00:00:00  -  Run Local Usage
		Usr 0 00:00:08, Sys 0 00:00:16  -  Total Remote Usage
		Usr 0 00:00:00, Sys 0 00:00:00  -  Total Local Usage
	9859  -  Run Bytes Sent By Job
	8930  -  Run Bytes Received By Job
	9859  -  Total Bytes Sent By Job
	8930  -  Total Bytes Received By Job
	Partitionable Resources :    Usage  Request Allocated
	   Cpus                 :                 1         1
	   Disk (KB)            :  5795352 10000000  10104894
	   Memory (MB)          :       71     2100      2100
...
000 (222584.000.000) 07/31 08:32:56 Job submitted from host: <131.225.189.232:9618?addrs=131.225.189.232-9618&noUDP&sock=8982_aaf4_3>
...
001 (222584.000.000) 07/31 08:34:04 Job executing on host: <131.225.191.223:52551?addrs=131.225.191.223-52551>
...
006 (222584.000.000) 07/31 08:34:14 Image size of job updated: 447532
	19  -  MemoryUsage of job (MB)
	19088  -  ResidentSetSize of job (KB)
...
006 (222584.000.000) 07/31 08:35:14 Image size of job updated: 447532
	70  -  MemoryUsage of job (MB)
	71448  -  ResidentSetSize of job (KB)
...
006 (222584.000.000) 07/31 08:37:15 Image size of job updated: 772784
	480  -  MemoryUsage of job (MB)
	491352  -  ResidentSetSize of job (KB)
...
005 (222584.000.000) 07/31 08:37:19 Job terminated.
	(1) Normal termination (return value 65)
		Usr 0 00:00:14, Sys 0 00:00:20  -  Run Remote Usage
		Usr 0 00:00:00, Sys 0 00:00:00  -  Run Local Usage
		Usr 0 00:00:14, Sys 0 00:00:20  -  Total Remote Usage
		Usr 0 00:00:00, Sys 0 00:00:00  -  Total Local Usage
	14081  -  Run Bytes Sent By Job
	8930  -  Run Bytes Received By Job
	14081  -  Total Bytes Sent By Job
	8930  -  Total Bytes Received By Job
	Partitionable Resources :    Usage  Request Allocated
	   Cpus                 :                 1         1
	   Disk (KB)            :  6595082 10000000  15788756
	   Memory (MB)          :      480     2100      2100
...
000 (223139.000.000) 07/31 08:50:00 Job submitted from host: <131.225.189.232:9618?addrs=131.225.189.232-9618&noUDP&sock=8982_aaf4_3>
...
001 (223139.000.000) 07/31 08:51:12 Job executing on host: <131.225.204.86:61374?addrs=131.225.204.86-61374>
...
006 (223139.000.000) 07/31 08:51:23 Image size of job updated: 2
	3  -  MemoryUsage of job (MB)
	2424  -  ResidentSetSize of job (KB)
...
006 (223139.000.000) 07/31 08:52:22 Image size of job updated: 447524
	71  -  MemoryUsage of job (MB)
	72352  -  ResidentSetSize of job (KB)
...
006 (223139.000.000) 07/31 08:53:57 Image size of job updated: 714924
	71  -  MemoryUsage of job (MB)
	72352  -  ResidentSetSize of job (KB)
...
005 (223139.000.000) 07/31 08:53:57 Job terminated.
	(1) Normal termination (return value 65)
		Usr 0 00:00:10, Sys 0 00:00:18  -  Run Remote Usage
		Usr 0 00:00:00, Sys 0 00:00:00  -  Run Local Usage
		Usr 0 00:00:10, Sys 0 00:00:18  -  Total Remote Usage
		Usr 0 00:00:00, Sys 0 00:00:00  -  Total Local Usage
	14241  -  Run Bytes Sent By Job
	44439  -  Run Bytes Received By Job
	14241  -  Total Bytes Sent By Job
	44439  -  Total Bytes Received By Job
	Partitionable Resources :    Usage  Request Allocated
	   Cpus                 :                 1         1
	   Disk (KB)            :  6502574 10000000  10213965
	   Memory (MB)          :       71     2100      2100
...
000 (223694.000.000) 07/31 09:06:28 Job submitted from host: <131.225.189.232:9618?addrs=131.225.189.232-9618&noUDP&sock=8982_aaf4_3>
...
