000 (220558.000.000) 07/31 06:48:21 Job submitted from host: <131.225.189.232:9618?addrs=131.225.189.232-9618&noUDP&sock=8982_aaf4_3>
...
001 (220558.000.000) 07/31 06:48:45 Job executing on host: <131.225.204.77:57293?addrs=131.225.204.77-57293>
...
006 (220558.000.000) 07/31 06:48:54 Image size of job updated: 447524
	69  -  MemoryUsage of job (MB)
	70280  -  ResidentSetSize of job (KB)
...
006 (220558.000.000) 07/31 06:49:55 Image size of job updated: 447524
	69  -  MemoryUsage of job (MB)
	70408  -  ResidentSetSize of job (KB)
...
005 (220558.000.000) 07/31 06:51:41 Job terminated.
	(1) Normal termination (return value 90)
		Usr 0 00:00:00, Sys 0 00:00:17  -  Run Remote Usage
		Usr 0 00:00:00, Sys 0 00:00:00  -  Run Local Usage
		Usr 0 00:00:00, Sys 0 00:00:17  -  Total Remote Usage
		Usr 0 00:00:00, Sys 0 00:00:00  -  Total Local Usage
	9541  -  Run Bytes Sent By Job
	8930  -  Run Bytes Received By Job
	9541  -  Total Bytes Sent By Job
	8930  -  Total Bytes Received By Job
	Partitionable Resources :    Usage  Request Allocated
	   Cpus                 :                 1         1
	   Disk (KB)            :  4639754 10000000  10326204
	   Memory (MB)          :       69     2100      2100
...
000 (221120.000.000) 07/31 07:06:58 Job submitted from host: <131.225.189.232:9618?addrs=131.225.189.232-9618&noUDP&sock=8982_aaf4_3>
...
001 (221120.000.000) 07/31 07:07:17 Job executing on host: <131.225.207.153:11574?addrs=131.225.207.153-11574>
...
006 (221120.000.000) 07/31 07:07:26 Image size of job updated: 447524
	71  -  MemoryUsage of job (MB)
	72344  -  ResidentSetSize of job (KB)
...
005 (221120.000.000) 07/31 07:10:33 Job terminated.
	(1) Normal termination (return value 90)
		Usr 0 00:00:01, Sys 0 00:00:16  -  Run Remote Usage
		Usr 0 00:00:00, Sys 0 00:00:00  -  Run Local Usage
		Usr 0 00:00:01, Sys 0 00:00:16  -  Total Remote Usage
		Usr 0 00:00:00, Sys 0 00:00:00  -  Total Local Usage
	13362  -  Run Bytes Sent By Job
	8930  -  Run Bytes Received By Job
	13362  -  Total Bytes Sent By Job
	8930  -  Total Bytes Received By Job
	Partitionable Resources :    Usage  Request Allocated
	   Cpus                 :                 1         1
	   Disk (KB)            :  3993705 10000000  13040196
	   Memory (MB)          :       71     2100      2100
...
000 (221675.000.000) 07/31 07:11:40 Job submitted from host: <131.225.189.232:9618?addrs=131.225.189.232-9618&noUDP&sock=8982_aaf4_3>
...
001 (221675.000.000) 07/31 07:12:02 Job executing on host: <131.225.207.116:5782?addrs=131.225.207.116-5782>
...
006 (221675.000.000) 07/31 07:12:15 Image size of job updated: 2
	3  -  MemoryUsage of job (MB)
	2424  -  ResidentSetSize of job (KB)
...
006 (221675.000.000) 07/31 07:13:15 Image size of job updated: 447524
	71  -  MemoryUsage of job (MB)
	72348  -  ResidentSetSize of job (KB)
...
006 (221675.000.000) 07/31 07:15:21 Image size of job updated: 588820
	271  -  MemoryUsage of job (MB)
	277192  -  ResidentSetSize of job (KB)
...
006 (221675.000.000) 07/31 07:15:41 Image size of job updated: 769968
	271  -  MemoryUsage of job (MB)
	277192  -  ResidentSetSize of job (KB)
...
005 (221675.000.000) 07/31 07:15:42 Job terminated.
	(1) Normal termination (return value 65)
		Usr 0 00:00:14, Sys 0 00:00:16  -  Run Remote Usage
		Usr 0 00:00:00, Sys 0 00:00:00  -  Run Local Usage
		Usr 0 00:00:14, Sys 0 00:00:16  -  Total Remote Usage
		Usr 0 00:00:00, Sys 0 00:00:00  -  Total Local Usage
	14088  -  Run Bytes Sent By Job
	8930  -  Run Bytes Received By Job
	14088  -  Total Bytes Sent By Job
	8930  -  Total Bytes Received By Job
	Partitionable Resources :    Usage  Request Allocated
	   Cpus                 :                 1         1
	   Disk (KB)            :  6222232 10000000  13074340
	   Memory (MB)          :      271     2100      2100
...
