000 (220616.000.000) 07/31 06:48:34 Job submitted from host: <131.225.189.232:9618?addrs=131.225.189.232-9618&noUDP&sock=8982_aaf4_3>
...
001 (220616.000.000) 07/31 06:48:56 Job executing on host: <131.225.206.219:57262?addrs=131.225.206.219-57262>
...
006 (220616.000.000) 07/31 06:49:05 Image size of job updated: 2
	3  -  MemoryUsage of job (MB)
	2420  -  ResidentSetSize of job (KB)
...
006 (220616.000.000) 07/31 06:50:06 Image size of job updated: 447524
	70  -  MemoryUsage of job (MB)
	71356  -  ResidentSetSize of job (KB)
...
005 (220616.000.000) 07/31 06:51:48 Job terminated.
	(1) Normal termination (return value 90)
		Usr 0 00:00:01, Sys 0 00:00:19  -  Run Remote Usage
		Usr 0 00:00:00, Sys 0 00:00:00  -  Run Local Usage
		Usr 0 00:00:01, Sys 0 00:00:19  -  Total Remote Usage
		Usr 0 00:00:00, Sys 0 00:00:00  -  Total Local Usage
	15221  -  Run Bytes Sent By Job
	8930  -  Run Bytes Received By Job
	15221  -  Total Bytes Sent By Job
	8930  -  Total Bytes Received By Job
	Partitionable Resources :    Usage  Request Allocated
	   Cpus                 :                 1         1
	   Disk (KB)            :  5262351 10000000  11941380
	   Memory (MB)          :       70     2100      2100
...
000 (221178.000.000) 07/31 07:07:08 Job submitted from host: <131.225.189.232:9618?addrs=131.225.189.232-9618&noUDP&sock=8982_aaf4_3>
...
001 (221178.000.000) 07/31 07:07:39 Job executing on host: <131.225.204.108:37618?addrs=131.225.204.108-37618>
...
006 (221178.000.000) 07/31 07:07:48 Image size of job updated: 250836
	7  -  MemoryUsage of job (MB)
	6684  -  ResidentSetSize of job (KB)
...
006 (221178.000.000) 07/31 07:08:49 Image size of job updated: 447524
	69  -  MemoryUsage of job (MB)
	70320  -  ResidentSetSize of job (KB)
...
005 (221178.000.000) 07/31 07:11:30 Job terminated.
	(1) Normal termination (return value 90)
		Usr 0 00:00:01, Sys 0 00:00:19  -  Run Remote Usage
		Usr 0 00:00:00, Sys 0 00:00:00  -  Run Local Usage
		Usr 0 00:00:01, Sys 0 00:00:19  -  Total Remote Usage
		Usr 0 00:00:00, Sys 0 00:00:00  -  Total Local Usage
	20456  -  Run Bytes Sent By Job
	8930  -  Run Bytes Received By Job
	20456  -  Total Bytes Sent By Job
	8930  -  Total Bytes Received By Job
	Partitionable Resources :    Usage  Request Allocated
	   Cpus                 :                 1         1
	   Disk (KB)            :  5468274 10000000  10287696
	   Memory (MB)          :       69     2100      2100
...
000 (221733.000.000) 07/31 07:11:51 Job submitted from host: <131.225.189.232:9618?addrs=131.225.189.232-9618&noUDP&sock=8982_aaf4_3>
...
001 (221733.000.000) 07/31 07:12:09 Job executing on host: <131.225.206.193:38008?addrs=131.225.206.193-38008>
...
006 (221733.000.000) 07/31 07:12:18 Image size of job updated: 2
	3  -  MemoryUsage of job (MB)
	2420  -  ResidentSetSize of job (KB)
...
006 (221733.000.000) 07/31 07:13:19 Image size of job updated: 447524
	69  -  MemoryUsage of job (MB)
	70328  -  ResidentSetSize of job (KB)
...
006 (221733.000.000) 07/31 07:18:14 Image size of job updated: 706744
	69  -  MemoryUsage of job (MB)
	70328  -  ResidentSetSize of job (KB)
...
005 (221733.000.000) 07/31 07:18:14 Job terminated.
	(1) Normal termination (return value 65)
		Usr 0 00:00:11, Sys 0 00:00:21  -  Run Remote Usage
		Usr 0 00:00:00, Sys 0 00:00:00  -  Run Local Usage
		Usr 0 00:00:11, Sys 0 00:00:21  -  Total Remote Usage
		Usr 0 00:00:00, Sys 0 00:00:00  -  Total Local Usage
	31675  -  Run Bytes Sent By Job
	8930  -  Run Bytes Received By Job
	31675  -  Total Bytes Sent By Job
	8930  -  Total Bytes Received By Job
	Partitionable Resources :    Usage  Request Allocated
	   Cpus                 :                 1         1
	   Disk (KB)            :  5664299 10000000  11760020
	   Memory (MB)          :       69     2100      2100
...
