000 (221004.000.000) 07/31 06:49:57 Job submitted from host: <131.225.189.232:9618?addrs=131.225.189.232-9618&noUDP&sock=8982_aaf4_3>
...
001 (221004.000.000) 07/31 06:51:04 Job executing on host: <131.225.205.188:51915?addrs=131.225.205.188-51915>
...
006 (221004.000.000) 07/31 06:51:42 Image size of job updated: 40612
	4  -  MemoryUsage of job (MB)
	3632  -  ResidentSetSize of job (KB)
...
006 (221004.000.000) 07/31 06:53:21 Image size of job updated: 447524
	4  -  MemoryUsage of job (MB)
	3632  -  ResidentSetSize of job (KB)
...
005 (221004.000.000) 07/31 06:53:22 Job terminated.
	(1) Normal termination (return value 90)
		Usr 0 00:00:00, Sys 0 00:00:18  -  Run Remote Usage
		Usr 0 00:00:00, Sys 0 00:00:00  -  Run Local Usage
		Usr 0 00:00:00, Sys 0 00:00:18  -  Total Remote Usage
		Usr 0 00:00:00, Sys 0 00:00:00  -  Total Local Usage
	9184  -  Run Bytes Sent By Job
	8930  -  Run Bytes Received By Job
	9184  -  Total Bytes Sent By Job
	8930  -  Total Bytes Received By Job
	Partitionable Resources :    Usage  Request Allocated
	   Cpus                 :                 1         1
	   Disk (KB)            :      549 10000000  17050630
	   Memory (MB)          :        4     2100      2100
...
000 (221566.000.000) 07/31 07:08:17 Job submitted from host: <131.225.189.232:9618?addrs=131.225.189.232-9618&noUDP&sock=8982_aaf4_3>
...
001 (221566.000.000) 07/31 07:09:25 Job executing on host: <131.225.204.93:60435?addrs=131.225.204.93-60435>
...
006 (221566.000.000) 07/31 07:09:33 Image size of job updated: 447524
	48  -  MemoryUsage of job (MB)
	48624  -  ResidentSetSize of job (KB)
...
006 (221566.000.000) 07/31 07:10:33 Image size of job updated: 447524
	70  -  MemoryUsage of job (MB)
	71352  -  ResidentSetSize of job (KB)
...
000 (222121.000.000) 07/31 07:12:56 Job submitted from host: <131.225.189.232:9618?addrs=131.225.189.232-9618&noUDP&sock=8982_aaf4_3>
...
005 (221566.000.000) 07/31 07:13:11 Job terminated.
	(1) Normal termination (return value 90)
		Usr 0 00:00:00, Sys 0 00:00:12  -  Run Remote Usage
		Usr 0 00:00:00, Sys 0 00:00:00  -  Run Local Usage
		Usr 0 00:00:00, Sys 0 00:00:12  -  Total Remote Usage
		Usr 0 00:00:00, Sys 0 00:00:00  -  Total Local Usage
	13364  -  Run Bytes Sent By Job
	8930  -  Run Bytes Received By Job
	13364  -  Total Bytes Sent By Job
	8930  -  Total Bytes Received By Job
	Partitionable Resources :    Usage  Request Allocated
	   Cpus                 :                 1         1
	   Disk (KB)            :  6200930 10000000  10322826
	   Memory (MB)          :       70     2100      2100
...
001 (222121.000.000) 07/31 07:14:45 Job executing on host: <131.225.205.158:33719?addrs=131.225.205.158-33719>
...
006 (222121.000.000) 07/31 07:14:53 Image size of job updated: 102476
	2  -  MemoryUsage of job (MB)
	1980  -  ResidentSetSize of job (KB)
...
006 (222121.000.000) 07/31 07:15:53 Image size of job updated: 447524
	69  -  MemoryUsage of job (MB)
	70404  -  ResidentSetSize of job (KB)
...
006 (222121.000.000) 07/31 07:18:55 Image size of job updated: 447524
	165  -  MemoryUsage of job (MB)
	168032  -  ResidentSetSize of job (KB)
...
006 (222121.000.000) 07/31 07:19:13 Image size of job updated: 701104
	165  -  MemoryUsage of job (MB)
	168032  -  ResidentSetSize of job (KB)
...
005 (222121.000.000) 07/31 07:19:15 Job terminated.
	(1) Normal termination (return value 65)
		Usr 0 00:00:13, Sys 0 00:00:24  -  Run Remote Usage
		Usr 0 00:00:00, Sys 0 00:00:00  -  Run Local Usage
		Usr 0 00:00:13, Sys 0 00:00:24  -  Total Remote Usage
		Usr 0 00:00:00, Sys 0 00:00:00  -  Total Local Usage
	23566  -  Run Bytes Sent By Job
	8930  -  Run Bytes Received By Job
	23566  -  Total Bytes Sent By Job
	8930  -  Total Bytes Received By Job
	Partitionable Resources :    Usage  Request Allocated
	   Cpus                 :                 1         1
	   Disk (KB)            :  6515879 10000000  17100985
	   Memory (MB)          :      165     2100      2100
...
000 (222683.000.000) 07/31 08:33:04 Job submitted from host: <131.225.189.232:9618?addrs=131.225.189.232-9618&noUDP&sock=8982_aaf4_3>
...
001 (222683.000.000) 07/31 08:35:14 Job executing on host: <131.225.204.32:15857?addrs=131.225.204.32-15857>
...
006 (222683.000.000) 07/31 08:35:22 Image size of job updated: 82284
	21  -  MemoryUsage of job (MB)
	21432  -  ResidentSetSize of job (KB)
...
006 (222683.000.000) 07/31 08:36:22 Image size of job updated: 447524
	71  -  MemoryUsage of job (MB)
	72348  -  ResidentSetSize of job (KB)
...
006 (222683.000.000) 07/31 08:38:22 Image size of job updated: 568488
	294  -  MemoryUsage of job (MB)
	300528  -  ResidentSetSize of job (KB)
...
005 (222683.000.000) 07/31 08:38:27 Job terminated.
	(1) Normal termination (return value 65)
		Usr 0 00:00:06, Sys 0 00:00:17  -  Run Remote Usage
		Usr 0 00:00:00, Sys 0 00:00:00  -  Run Local Usage
		Usr 0 00:00:06, Sys 0 00:00:17  -  Total Remote Usage
		Usr 0 00:00:00, Sys 0 00:00:00  -  Total Local Usage
	16274  -  Run Bytes Sent By Job
	8930  -  Run Bytes Received By Job
	16274  -  Total Bytes Sent By Job
	8930  -  Total Bytes Received By Job
	Partitionable Resources :    Usage  Request Allocated
	   Cpus                 :                 1         1
	   Disk (KB)            :  6518740 10000000  10265292
	   Memory (MB)          :      294     2100      2100
...
