000 (220869.000.000) 07/31 06:49:27 Job submitted from host: <131.225.189.232:9618?addrs=131.225.189.232-9618&noUDP&sock=8982_aaf4_3>
...
001 (220869.000.000) 07/31 06:49:48 Job executing on host: <131.225.205.186:5315?addrs=131.225.205.186-5315>
...
006 (220869.000.000) 07/31 06:49:57 Image size of job updated: 447524
	47  -  MemoryUsage of job (MB)
	47568  -  ResidentSetSize of job (KB)
...
006 (220869.000.000) 07/31 06:50:59 Image size of job updated: 447524
	69  -  MemoryUsage of job (MB)
	70400  -  ResidentSetSize of job (KB)
...
005 (220869.000.000) 07/31 06:53:37 Job terminated.
	(1) Normal termination (return value 90)
		Usr 0 00:00:01, Sys 0 00:00:22  -  Run Remote Usage
		Usr 0 00:00:00, Sys 0 00:00:00  -  Run Local Usage
		Usr 0 00:00:01, Sys 0 00:00:22  -  Total Remote Usage
		Usr 0 00:00:00, Sys 0 00:00:00  -  Total Local Usage
	16422  -  Run Bytes Sent By Job
	8930  -  Run Bytes Received By Job
	16422  -  Total Bytes Sent By Job
	8930  -  Total Bytes Received By Job
	Partitionable Resources :    Usage  Request Allocated
	   Cpus                 :                 1         1
	   Disk (KB)            :  5261196 10000000  17061187
	   Memory (MB)          :       69     2100      2100
...
000 (221431.000.000) 07/31 07:07:53 Job submitted from host: <131.225.189.232:9618?addrs=131.225.189.232-9618&noUDP&sock=8982_aaf4_3>
...
001 (221431.000.000) 07/31 07:08:29 Job executing on host: <131.225.205.152:10112?addrs=131.225.205.152-10112>
...
006 (221431.000.000) 07/31 07:08:39 Image size of job updated: 447524
	71  -  MemoryUsage of job (MB)
	72348  -  ResidentSetSize of job (KB)
...
005 (221431.000.000) 07/31 07:10:03 Job terminated.
	(1) Normal termination (return value 90)
		Usr 0 00:00:00, Sys 0 00:00:15  -  Run Remote Usage
		Usr 0 00:00:00, Sys 0 00:00:00  -  Run Local Usage
		Usr 0 00:00:00, Sys 0 00:00:15  -  Total Remote Usage
		Usr 0 00:00:00, Sys 0 00:00:00  -  Total Local Usage
	9207  -  Run Bytes Sent By Job
	8930  -  Run Bytes Received By Job
	9207  -  Total Bytes Sent By Job
	8930  -  Total Bytes Received By Job
	Partitionable Resources :    Usage  Request Allocated
	   Cpus                 :                 1         1
	   Disk (KB)            :  4321384 10000000  17108788
	   Memory (MB)          :       71     2100      2100
...
000 (221986.000.000) 07/31 07:12:34 Job submitted from host: <131.225.189.232:9618?addrs=131.225.189.232-9618&noUDP&sock=8982_aaf4_3>
...
001 (221986.000.000) 07/31 07:13:49 Job executing on host: <131.225.206.129:8155?addrs=131.225.206.129-8155>
...
006 (221986.000.000) 07/31 07:13:57 Image size of job updated: 102480
	3  -  MemoryUsage of job (MB)
	2468  -  ResidentSetSize of job (KB)
...
006 (221986.000.000) 07/31 07:14:57 Image size of job updated: 447524
	71  -  MemoryUsage of job (MB)
	72344  -  ResidentSetSize of job (KB)
...
006 (221986.000.000) 07/31 07:18:16 Image size of job updated: 505596
	71  -  MemoryUsage of job (MB)
	72344  -  ResidentSetSize of job (KB)
...
005 (221986.000.000) 07/31 07:18:17 Job terminated.
	(1) Normal termination (return value 65)
		Usr 0 00:00:05, Sys 0 00:00:19  -  Run Remote Usage
		Usr 0 00:00:00, Sys 0 00:00:00  -  Run Local Usage
		Usr 0 00:00:05, Sys 0 00:00:19  -  Total Remote Usage
		Usr 0 00:00:00, Sys 0 00:00:00  -  Total Local Usage
	22683  -  Run Bytes Sent By Job
	8930  -  Run Bytes Received By Job
	22683  -  Total Bytes Sent By Job
	8930  -  Total Bytes Received By Job
	Partitionable Resources :    Usage  Request Allocated
	   Cpus                 :                 1         1
	   Disk (KB)            :  6543900 10000000  10481379
	   Memory (MB)          :       71     2100      2100
...
