000 (220770.000.000) 07/31 06:49:07 Job submitted from host: <131.225.189.232:9618?addrs=131.225.189.232-9618&noUDP&sock=8982_aaf4_3>
...
001 (220770.000.000) 07/31 06:49:30 Job executing on host: <131.225.207.70:41490?addrs=131.225.207.70-41490>
...
006 (220770.000.000) 07/31 06:49:38 Image size of job updated: 2
	3  -  MemoryUsage of job (MB)
	2424  -  ResidentSetSize of job (KB)
...
006 (220770.000.000) 07/31 06:50:38 Image size of job updated: 447524
	71  -  MemoryUsage of job (MB)
	72348  -  ResidentSetSize of job (KB)
...
005 (220770.000.000) 07/31 06:51:34 Job terminated.
	(1) Normal termination (return value 90)
		Usr 0 00:00:00, Sys 0 00:00:19  -  Run Remote Usage
		Usr 0 00:00:00, Sys 0 00:00:00  -  Run Local Usage
		Usr 0 00:00:00, Sys 0 00:00:19  -  Total Remote Usage
		Usr 0 00:00:00, Sys 0 00:00:00  -  Total Local Usage
	9822  -  Run Bytes Sent By Job
	8930  -  Run Bytes Received By Job
	9822  -  Total Bytes Sent By Job
	8930  -  Total Bytes Received By Job
	Partitionable Resources :    Usage  Request Allocated
	   Cpus                 :                 1         1
	   Disk (KB)            :  5344266 10000000  10154313
	   Memory (MB)          :       71     2100      2100
...
000 (221332.000.000) 07/31 07:07:36 Job submitted from host: <131.225.189.232:9618?addrs=131.225.189.232-9618&noUDP&sock=8982_aaf4_3>
...
001 (221332.000.000) 07/31 07:08:10 Job executing on host: <131.225.207.57:53683?addrs=131.225.207.57-53683>
...
006 (221332.000.000) 07/31 07:08:19 Image size of job updated: 447524
	71  -  MemoryUsage of job (MB)
	72344  -  ResidentSetSize of job (KB)
...
005 (221332.000.000) 07/31 07:09:53 Job terminated.
	(1) Normal termination (return value 90)
		Usr 0 00:00:00, Sys 0 00:00:14  -  Run Remote Usage
		Usr 0 00:00:00, Sys 0 00:00:00  -  Run Local Usage
		Usr 0 00:00:00, Sys 0 00:00:14  -  Total Remote Usage
		Usr 0 00:00:00, Sys 0 00:00:00  -  Total Local Usage
	10836  -  Run Bytes Sent By Job
	8930  -  Run Bytes Received By Job
	10836  -  Total Bytes Sent By Job
	8930  -  Total Bytes Received By Job
	Partitionable Resources :    Usage  Request Allocated
	   Cpus                 :                 1         1
	   Disk (KB)            :  4354153 10000000  10493598
	   Memory (MB)          :       71     2100      2100
...
000 (221887.000.000) 07/31 07:12:17 Job submitted from host: <131.225.189.232:9618?addrs=131.225.189.232-9618&noUDP&sock=8982_aaf4_3>
...
001 (221887.000.000) 07/31 07:12:29 Job executing on host: <131.225.206.230:48074?addrs=131.225.206.230-48074>
...
006 (221887.000.000) 07/31 07:12:37 Image size of job updated: 381924
	15  -  MemoryUsage of job (MB)
	14940  -  ResidentSetSize of job (KB)
...
006 (221887.000.000) 07/31 07:13:37 Image size of job updated: 447524
	70  -  MemoryUsage of job (MB)
	71356  -  ResidentSetSize of job (KB)
...
006 (221887.000.000) 07/31 07:14:38 Image size of job updated: 606796
	331  -  MemoryUsage of job (MB)
	338480  -  ResidentSetSize of job (KB)
...
005 (221887.000.000) 07/31 07:14:46 Job terminated.
	(1) Normal termination (return value 65)
		Usr 0 00:00:06, Sys 0 00:00:14  -  Run Remote Usage
		Usr 0 00:00:00, Sys 0 00:00:00  -  Run Local Usage
		Usr 0 00:00:06, Sys 0 00:00:14  -  Total Remote Usage
		Usr 0 00:00:00, Sys 0 00:00:00  -  Total Local Usage
	9948  -  Run Bytes Sent By Job
	8930  -  Run Bytes Received By Job
	9948  -  Total Bytes Sent By Job
	8930  -  Total Bytes Received By Job
	Partitionable Resources :    Usage  Request Allocated
	   Cpus                 :                 1         1
	   Disk (KB)            :  6680349 10000000  12032044
	   Memory (MB)          :      331     2100      2100
...
000 (222449.000.000) 07/31 08:32:47 Job submitted from host: <131.225.189.232:9618?addrs=131.225.189.232-9618&noUDP&sock=8982_aaf4_3>
...
001 (222449.000.000) 07/31 08:33:36 Job executing on host: <131.225.191.193:46583?addrs=131.225.191.193-46583>
...
006 (222449.000.000) 07/31 08:33:45 Image size of job updated: 447524
	71  -  MemoryUsage of job (MB)
	72384  -  ResidentSetSize of job (KB)
...
006 (222449.000.000) 07/31 08:35:47 Image size of job updated: 550832
	271  -  MemoryUsage of job (MB)
	277228  -  ResidentSetSize of job (KB)
...
006 (222449.000.000) 07/31 08:36:01 Image size of job updated: 772784
	271  -  MemoryUsage of job (MB)
	277228  -  ResidentSetSize of job (KB)
...
005 (222449.000.000) 07/31 08:36:02 Job terminated.
	(1) Normal termination (return value 65)
		Usr 0 00:00:12, Sys 0 00:00:14  -  Run Remote Usage
		Usr 0 00:00:00, Sys 0 00:00:00  -  Run Local Usage
		Usr 0 00:00:12, Sys 0 00:00:14  -  Total Remote Usage
		Usr 0 00:00:00, Sys 0 00:00:00  -  Total Local Usage
	11006  -  Run Bytes Sent By Job
	8930  -  Run Bytes Received By Job
	11006  -  Total Bytes Sent By Job
	8930  -  Total Bytes Received By Job
	Partitionable Resources :    Usage  Request Allocated
	   Cpus                 :                 1         1
	   Disk (KB)            :  6683217 10000000  12213904
	   Memory (MB)          :      271     2100      2100
...
000 (223004.000.000) 07/31 08:49:54 Job submitted from host: <131.225.189.232:9618?addrs=131.225.189.232-9618&noUDP&sock=8982_aaf4_3>
...
001 (223004.000.000) 07/31 08:50:46 Job executing on host: <131.225.206.203:40800?addrs=131.225.206.203-40800>
...
006 (223004.000.000) 07/31 08:50:54 Image size of job updated: 381924
	15  -  MemoryUsage of job (MB)
	14944  -  ResidentSetSize of job (KB)
...
006 (223004.000.000) 07/31 08:51:54 Image size of job updated: 447524
	71  -  MemoryUsage of job (MB)
	72352  -  ResidentSetSize of job (KB)
...
006 (223004.000.000) 07/31 08:52:54 Image size of job updated: 730800
	447  -  MemoryUsage of job (MB)
	457244  -  ResidentSetSize of job (KB)
...
006 (223004.000.000) 07/31 08:53:09 Image size of job updated: 772784
	447  -  MemoryUsage of job (MB)
	457244  -  ResidentSetSize of job (KB)
...
005 (223004.000.000) 07/31 08:53:10 Job terminated.
	(1) Normal termination (return value 65)
		Usr 0 00:00:12, Sys 0 00:00:14  -  Run Remote Usage
		Usr 0 00:00:00, Sys 0 00:00:00  -  Run Local Usage
		Usr 0 00:00:12, Sys 0 00:00:14  -  Total Remote Usage
		Usr 0 00:00:00, Sys 0 00:00:00  -  Total Local Usage
	12109  -  Run Bytes Sent By Job
	44439  -  Run Bytes Received By Job
	12109  -  Total Bytes Sent By Job
	44439  -  Total Bytes Received By Job
	Partitionable Resources :    Usage  Request Allocated
	   Cpus                 :                 1         1
	   Disk (KB)            :  6683057 10000000  12285324
	   Memory (MB)          :      447     2100      2100
...
000 (223559.000.000) 07/31 09:06:22 Job submitted from host: <131.225.189.232:9618?addrs=131.225.189.232-9618&noUDP&sock=8982_aaf4_3>
...
