000 (220722.000.000) 07/31 06:48:56 Job submitted from host: <131.225.189.232:9618?addrs=131.225.189.232-9618&noUDP&sock=8982_aaf4_3>
...
001 (220722.000.000) 07/31 06:49:17 Job executing on host: <131.225.206.136:54233?addrs=131.225.206.136-54233>
...
006 (220722.000.000) 07/31 06:49:26 Image size of job updated: 2
	3  -  MemoryUsage of job (MB)
	2424  -  ResidentSetSize of job (KB)
...
006 (220722.000.000) 07/31 06:50:27 Image size of job updated: 447524
	71  -  MemoryUsage of job (MB)
	72344  -  ResidentSetSize of job (KB)
...
005 (220722.000.000) 07/31 06:53:31 Job terminated.
	(1) Normal termination (return value 90)
		Usr 0 00:00:01, Sys 0 00:00:16  -  Run Remote Usage
		Usr 0 00:00:00, Sys 0 00:00:00  -  Run Local Usage
		Usr 0 00:00:01, Sys 0 00:00:16  -  Total Remote Usage
		Usr 0 00:00:00, Sys 0 00:00:00  -  Total Local Usage
	22893  -  Run Bytes Sent By Job
	8930  -  Run Bytes Received By Job
	22893  -  Total Bytes Sent By Job
	8930  -  Total Bytes Received By Job
	Partitionable Resources :    Usage  Request Allocated
	   Cpus                 :                 1         1
	   Disk (KB)            :  4577384 10000000  10411251
	   Memory (MB)          :       71     2100      2100
...
000 (221284.000.000) 07/31 07:07:27 Job submitted from host: <131.225.189.232:9618?addrs=131.225.189.232-9618&noUDP&sock=8982_aaf4_3>
...
001 (221284.000.000) 07/31 07:08:00 Job executing on host: <131.225.191.146:62855?addrs=131.225.191.146-62855>
...
006 (221284.000.000) 07/31 07:08:09 Image size of job updated: 447524
	28  -  MemoryUsage of job (MB)
	27756  -  ResidentSetSize of job (KB)
...
006 (221284.000.000) 07/31 07:09:10 Image size of job updated: 447524
	69  -  MemoryUsage of job (MB)
	70292  -  ResidentSetSize of job (KB)
...
000 (221839.000.000) 07/31 07:12:09 Job submitted from host: <131.225.189.232:9618?addrs=131.225.189.232-9618&noUDP&sock=8982_aaf4_3>
...
001 (221839.000.000) 07/31 07:12:36 Job executing on host: <131.225.206.19:25695?addrs=131.225.206.19-25695>
...
006 (221839.000.000) 07/31 07:12:45 Image size of job updated: 447524
	71  -  MemoryUsage of job (MB)
	72344  -  ResidentSetSize of job (KB)
...
006 (221839.000.000) 07/31 07:14:47 Image size of job updated: 447524
	182  -  MemoryUsage of job (MB)
	185644  -  ResidentSetSize of job (KB)
...
005 (221284.000.000) 07/31 07:15:03 Job terminated.
	(1) Normal termination (return value 90)
		Usr 0 00:00:03, Sys 0 00:00:15  -  Run Remote Usage
		Usr 0 00:00:00, Sys 0 00:00:00  -  Run Local Usage
		Usr 0 00:00:03, Sys 0 00:00:15  -  Total Remote Usage
		Usr 0 00:00:00, Sys 0 00:00:00  -  Total Local Usage
	32268  -  Run Bytes Sent By Job
	8930  -  Run Bytes Received By Job
	32268  -  Total Bytes Sent By Job
	8930  -  Total Bytes Received By Job
	Partitionable Resources :    Usage  Request Allocated
	   Cpus                 :                 1         1
	   Disk (KB)            :  5435517 10000000  12022828
	   Memory (MB)          :       69     2100      2100
...
006 (221839.000.000) 07/31 07:15:33 Image size of job updated: 769968
	182  -  MemoryUsage of job (MB)
	185644  -  ResidentSetSize of job (KB)
...
005 (221839.000.000) 07/31 07:15:34 Job terminated.
	(1) Normal termination (return value 65)
		Usr 0 00:00:11, Sys 0 00:00:18  -  Run Remote Usage
		Usr 0 00:00:00, Sys 0 00:00:00  -  Run Local Usage
		Usr 0 00:00:11, Sys 0 00:00:18  -  Total Remote Usage
		Usr 0 00:00:00, Sys 0 00:00:00  -  Total Local Usage
	9606  -  Run Bytes Sent By Job
	8930  -  Run Bytes Received By Job
	9606  -  Total Bytes Sent By Job
	8930  -  Total Bytes Received By Job
	Partitionable Resources :    Usage  Request Allocated
	   Cpus                 :                 1         1
	   Disk (KB)            :  6098369 10000000  13136624
	   Memory (MB)          :      182     2100      2100
...
000 (222401.000.000) 07/31 08:32:44 Job submitted from host: <131.225.189.232:9618?addrs=131.225.189.232-9618&noUDP&sock=8982_aaf4_3>
...
001 (222401.000.000) 07/31 08:33:25 Job executing on host: <131.225.206.22:55240?addrs=131.225.206.22-55240>
...
006 (222401.000.000) 07/31 08:33:34 Image size of job updated: 447524
	71  -  MemoryUsage of job (MB)
	72348  -  ResidentSetSize of job (KB)
...
006 (222401.000.000) 07/31 08:38:38 Image size of job updated: 488588
	201  -  MemoryUsage of job (MB)
	205800  -  ResidentSetSize of job (KB)
...
006 (222401.000.000) 07/31 08:39:24 Image size of job updated: 768944
	201  -  MemoryUsage of job (MB)
	205800  -  ResidentSetSize of job (KB)
...
005 (222401.000.000) 07/31 08:39:25 Job terminated.
	(1) Normal termination (return value 65)
		Usr 0 00:00:12, Sys 0 00:00:19  -  Run Remote Usage
		Usr 0 00:00:00, Sys 0 00:00:00  -  Run Local Usage
		Usr 0 00:00:12, Sys 0 00:00:19  -  Total Remote Usage
		Usr 0 00:00:00, Sys 0 00:00:00  -  Total Local Usage
	18127  -  Run Bytes Sent By Job
	8930  -  Run Bytes Received By Job
	18127  -  Total Bytes Sent By Job
	8930  -  Total Bytes Received By Job
	Partitionable Resources :    Usage  Request Allocated
	   Cpus                 :                 1         1
	   Disk (KB)            :  6101245 10000000  10329447
	   Memory (MB)          :      201     2100      2100
...
