000 (220911.000.000) 07/31 06:49:36 Job submitted from host: <131.225.189.232:9618?addrs=131.225.189.232-9618&noUDP&sock=8982_aaf4_3>
...
001 (220911.000.000) 07/31 06:50:13 Job executing on host: <131.225.205.193:60312?addrs=131.225.205.193-60312>
...
006 (220911.000.000) 07/31 06:50:22 Image size of job updated: 381924
	29  -  MemoryUsage of job (MB)
	28960  -  ResidentSetSize of job (KB)
...
006 (220911.000.000) 07/31 06:51:23 Image size of job updated: 447524
	69  -  MemoryUsage of job (MB)
	70412  -  ResidentSetSize of job (KB)
...
005 (220911.000.000) 07/31 06:54:42 Job terminated.
	(1) Normal termination (return value 90)
		Usr 0 00:00:01, Sys 0 00:00:27  -  Run Remote Usage
		Usr 0 00:00:00, Sys 0 00:00:00  -  Run Local Usage
		Usr 0 00:00:01, Sys 0 00:00:27  -  Total Remote Usage
		Usr 0 00:00:00, Sys 0 00:00:00  -  Total Local Usage
	24958  -  Run Bytes Sent By Job
	8930  -  Run Bytes Received By Job
	24958  -  Total Bytes Sent By Job
	8930  -  Total Bytes Received By Job
	Partitionable Resources :    Usage  Request Allocated
	   Cpus                 :                 1         1
	   Disk (KB)            :  5884953 10000000  17110924
	   Memory (MB)          :       69     2100      2100
...
000 (221473.000.000) 07/31 07:08:01 Job submitted from host: <131.225.189.232:9618?addrs=131.225.189.232-9618&noUDP&sock=8982_aaf4_3>
...
001 (221473.000.000) 07/31 07:08:36 Job executing on host: <131.225.205.192:16216?addrs=131.225.205.192-16216>
...
006 (221473.000.000) 07/31 07:08:45 Image size of job updated: 447524
	71  -  MemoryUsage of job (MB)
	72348  -  ResidentSetSize of job (KB)
...
005 (221473.000.000) 07/31 07:10:29 Job terminated.
	(1) Normal termination (return value 90)
		Usr 0 00:00:01, Sys 0 00:00:22  -  Run Remote Usage
		Usr 0 00:00:00, Sys 0 00:00:00  -  Run Local Usage
		Usr 0 00:00:01, Sys 0 00:00:22  -  Total Remote Usage
		Usr 0 00:00:00, Sys 0 00:00:00  -  Total Local Usage
	12009  -  Run Bytes Sent By Job
	8930  -  Run Bytes Received By Job
	12009  -  Total Bytes Sent By Job
	8930  -  Total Bytes Received By Job
	Partitionable Resources :    Usage  Request Allocated
	   Cpus                 :                 1         1
	   Disk (KB)            :  3846250 10000000  17054476
	   Memory (MB)          :       71     2100      2100
...
000 (222028.000.000) 07/31 07:12:41 Job submitted from host: <131.225.189.232:9618?addrs=131.225.189.232-9618&noUDP&sock=8982_aaf4_3>
...
001 (222028.000.000) 07/31 07:14:05 Job executing on host: <131.225.191.224:27141?addrs=131.225.191.224-27141>
...
006 (222028.000.000) 07/31 07:14:14 Image size of job updated: 2
	3  -  MemoryUsage of job (MB)
	2432  -  ResidentSetSize of job (KB)
...
006 (222028.000.000) 07/31 07:15:15 Image size of job updated: 447524
	71  -  MemoryUsage of job (MB)
	72344  -  ResidentSetSize of job (KB)
...
006 (222028.000.000) 07/31 07:22:18 Image size of job updated: 447524
	165  -  MemoryUsage of job (MB)
	168748  -  ResidentSetSize of job (KB)
...
006 (222028.000.000) 07/31 07:23:20 Image size of job updated: 712112
	165  -  MemoryUsage of job (MB)
	168748  -  ResidentSetSize of job (KB)
...
005 (222028.000.000) 07/31 07:23:55 Job terminated.
	(1) Normal termination (return value 65)
		Usr 0 00:00:13, Sys 0 00:00:27  -  Run Remote Usage
		Usr 0 00:00:00, Sys 0 00:00:00  -  Run Local Usage
		Usr 0 00:00:13, Sys 0 00:00:27  -  Total Remote Usage
		Usr 0 00:00:00, Sys 0 00:00:00  -  Total Local Usage
	27518  -  Run Bytes Sent By Job
	8930  -  Run Bytes Received By Job
	27518  -  Total Bytes Sent By Job
	8930  -  Total Bytes Received By Job
	Partitionable Resources :    Usage  Request Allocated
	   Cpus                 :                 1         1
	   Disk (KB)            :  6523345 10000000  15172422
	   Memory (MB)          :      165     2100      2100
...
