000 (220961.000.000) 07/31 06:49:46 Job submitted from host: <131.225.189.232:9618?addrs=131.225.189.232-9618&noUDP&sock=8982_aaf4_3>
...
001 (220961.000.000) 07/31 06:50:44 Job executing on host: <131.225.206.53:45858?addrs=131.225.206.53-45858>
...
006 (220961.000.000) 07/31 06:50:52 Image size of job updated: 2
	3  -  MemoryUsage of job (MB)
	2420  -  ResidentSetSize of job (KB)
...
006 (220961.000.000) 07/31 06:51:52 Image size of job updated: 447524
	71  -  MemoryUsage of job (MB)
	72344  -  ResidentSetSize of job (KB)
...
005 (220961.000.000) 07/31 06:55:41 Job terminated.
	(1) Normal termination (return value 90)
		Usr 0 00:00:01, Sys 0 00:00:18  -  Run Remote Usage
		Usr 0 00:00:00, Sys 0 00:00:00  -  Run Local Usage
		Usr 0 00:00:01, Sys 0 00:00:18  -  Total Remote Usage
		Usr 0 00:00:00, Sys 0 00:00:00  -  Total Local Usage
	27851  -  Run Bytes Sent By Job
	8930  -  Run Bytes Received By Job
	27851  -  Total Bytes Sent By Job
	8930  -  Total Bytes Received By Job
	Partitionable Resources :    Usage  Request Allocated
	   Cpus                 :                 1         1
	   Disk (KB)            :  4869145 10000000  10371669
	   Memory (MB)          :       71     2100      2100
...
000 (221523.000.000) 07/31 07:08:09 Job submitted from host: <131.225.189.232:9618?addrs=131.225.189.232-9618&noUDP&sock=8982_aaf4_3>
...
001 (221523.000.000) 07/31 07:08:56 Job executing on host: <131.225.207.53:51570?addrs=131.225.207.53-51570>
...
006 (221523.000.000) 07/31 07:09:05 Image size of job updated: 447524
	35  -  MemoryUsage of job (MB)
	35460  -  ResidentSetSize of job (KB)
...
006 (221523.000.000) 07/31 07:10:06 Image size of job updated: 447524
	71  -  MemoryUsage of job (MB)
	72348  -  ResidentSetSize of job (KB)
...
000 (222078.000.000) 07/31 07:12:49 Job submitted from host: <131.225.189.232:9618?addrs=131.225.189.232-9618&noUDP&sock=8982_aaf4_3>
...
005 (221523.000.000) 07/31 07:13:12 Job terminated.
	(1) Normal termination (return value 90)
		Usr 0 00:00:01, Sys 0 00:00:20  -  Run Remote Usage
		Usr 0 00:00:00, Sys 0 00:00:00  -  Run Local Usage
		Usr 0 00:00:01, Sys 0 00:00:20  -  Total Remote Usage
		Usr 0 00:00:00, Sys 0 00:00:00  -  Total Local Usage
	23895  -  Run Bytes Sent By Job
	8930  -  Run Bytes Received By Job
	23895  -  Total Bytes Sent By Job
	8930  -  Total Bytes Received By Job
	Partitionable Resources :    Usage  Request Allocated
	   Cpus                 :                 1         1
	   Disk (KB)            :  6713465 10000000  10164735
	   Memory (MB)          :       71     2100      2100
...
001 (222078.000.000) 07/31 07:14:21 Job executing on host: <131.225.191.223:52551?addrs=131.225.191.223-52551>
...
006 (222078.000.000) 07/31 07:14:31 Image size of job updated: 447528
	19  -  MemoryUsage of job (MB)
	19088  -  ResidentSetSize of job (KB)
...
006 (222078.000.000) 07/31 07:15:29 Image size of job updated: 447528
	69  -  MemoryUsage of job (MB)
	70408  -  ResidentSetSize of job (KB)
...
006 (222078.000.000) 07/31 07:17:05 Image size of job updated: 754352
	69  -  MemoryUsage of job (MB)
	70408  -  ResidentSetSize of job (KB)
...
005 (222078.000.000) 07/31 07:17:06 Job terminated.
	(1) Normal termination (return value 65)
		Usr 0 00:00:14, Sys 0 00:00:24  -  Run Remote Usage
		Usr 0 00:00:00, Sys 0 00:00:00  -  Run Local Usage
		Usr 0 00:00:14, Sys 0 00:00:24  -  Total Remote Usage
		Usr 0 00:00:00, Sys 0 00:00:00  -  Total Local Usage
	13926  -  Run Bytes Sent By Job
	8930  -  Run Bytes Received By Job
	13926  -  Total Bytes Sent By Job
	8930  -  Total Bytes Received By Job
	Partitionable Resources :    Usage  Request Allocated
	   Cpus                 :                 1         1
	   Disk (KB)            :  6728026 10000000  16012802
	   Memory (MB)          :       69     2100      2100
...
