000 (220788.000.000) 07/31 06:49:10 Job submitted from host: <131.225.189.232:9618?addrs=131.225.189.232-9618&noUDP&sock=8982_aaf4_3>
...
001 (220788.000.000) 07/31 06:49:33 Job executing on host: <131.225.206.159:25306?addrs=131.225.206.159-25306>
...
006 (220788.000.000) 07/31 06:49:42 Image size of job updated: 2
	3  -  MemoryUsage of job (MB)
	2428  -  ResidentSetSize of job (KB)
...
006 (220788.000.000) 07/31 06:50:43 Image size of job updated: 447524
	70  -  MemoryUsage of job (MB)
	71356  -  ResidentSetSize of job (KB)
...
005 (220788.000.000) 07/31 06:52:19 Job terminated.
	(1) Normal termination (return value 90)
		Usr 0 00:00:01, Sys 0 00:00:20  -  Run Remote Usage
		Usr 0 00:00:00, Sys 0 00:00:00  -  Run Local Usage
		Usr 0 00:00:01, Sys 0 00:00:20  -  Total Remote Usage
		Usr 0 00:00:00, Sys 0 00:00:00  -  Total Local Usage
	16074  -  Run Bytes Sent By Job
	8930  -  Run Bytes Received By Job
	16074  -  Total Bytes Sent By Job
	8930  -  Total Bytes Received By Job
	Partitionable Resources :    Usage  Request Allocated
	   Cpus                 :                 1         1
	   Disk (KB)            :  5262351 10000000  10242846
	   Memory (MB)          :       70     2100      2100
...
000 (221350.000.000) 07/31 07:07:39 Job submitted from host: <131.225.189.232:9618?addrs=131.225.189.232-9618&noUDP&sock=8982_aaf4_3>
...
001 (221350.000.000) 07/31 07:08:14 Job executing on host: <131.225.207.116:5782?addrs=131.225.207.116-5782>
...
006 (221350.000.000) 07/31 07:08:22 Image size of job updated: 447524
	71  -  MemoryUsage of job (MB)
	72352  -  ResidentSetSize of job (KB)
...
005 (221350.000.000) 07/31 07:11:37 Job terminated.
	(1) Normal termination (return value 90)
		Usr 0 00:00:01, Sys 0 00:00:18  -  Run Remote Usage
		Usr 0 00:00:00, Sys 0 00:00:00  -  Run Local Usage
		Usr 0 00:00:01, Sys 0 00:00:18  -  Total Remote Usage
		Usr 0 00:00:00, Sys 0 00:00:00  -  Total Local Usage
	15478  -  Run Bytes Sent By Job
	8930  -  Run Bytes Received By Job
	15478  -  Total Bytes Sent By Job
	8930  -  Total Bytes Received By Job
	Partitionable Resources :    Usage  Request Allocated
	   Cpus                 :                 1         1
	   Disk (KB)            :  6369392 10000000  10269816
	   Memory (MB)          :       71     2100      2100
...
000 (221905.000.000) 07/31 07:12:20 Job submitted from host: <131.225.189.232:9618?addrs=131.225.189.232-9618&noUDP&sock=8982_aaf4_3>
...
001 (221905.000.000) 07/31 07:12:48 Job executing on host: <131.225.190.26:28901?addrs=131.225.190.26-28901>
...
006 (221905.000.000) 07/31 07:12:57 Image size of job updated: 2
	3  -  MemoryUsage of job (MB)
	2428  -  ResidentSetSize of job (KB)
...
006 (221905.000.000) 07/31 07:13:58 Image size of job updated: 447524
	70  -  MemoryUsage of job (MB)
	71356  -  ResidentSetSize of job (KB)
...
006 (221905.000.000) 07/31 07:15:58 Image size of job updated: 619340
	346  -  MemoryUsage of job (MB)
	353544  -  ResidentSetSize of job (KB)
...
006 (221905.000.000) 07/31 07:16:07 Image size of job updated: 772788
	346  -  MemoryUsage of job (MB)
	353544  -  ResidentSetSize of job (KB)
...
005 (221905.000.000) 07/31 07:16:08 Job terminated.
	(1) Normal termination (return value 65)
		Usr 0 00:00:18, Sys 0 00:00:22  -  Run Remote Usage
		Usr 0 00:00:00, Sys 0 00:00:00  -  Run Local Usage
		Usr 0 00:00:18, Sys 0 00:00:22  -  Total Remote Usage
		Usr 0 00:00:00, Sys 0 00:00:00  -  Total Local Usage
	13046  -  Run Bytes Sent By Job
	8930  -  Run Bytes Received By Job
	13046  -  Total Bytes Sent By Job
	8930  -  Total Bytes Received By Job
	Partitionable Resources :    Usage  Request Allocated
	   Cpus                 :                 1         1
	   Disk (KB)            :  6641102 10000000  15634658
	   Memory (MB)          :      346     2100      2100
...
000 (222467.000.000) 07/31 08:32:48 Job submitted from host: <131.225.189.232:9618?addrs=131.225.189.232-9618&noUDP&sock=8982_aaf4_3>
...
001 (222467.000.000) 07/31 08:33:40 Job executing on host: <131.225.191.157:25051?addrs=131.225.191.157-25051>
...
006 (222467.000.000) 07/31 08:33:49 Image size of job updated: 2
	3  -  MemoryUsage of job (MB)
	2416  -  ResidentSetSize of job (KB)
...
006 (222467.000.000) 07/31 08:34:50 Image size of job updated: 447524
	69  -  MemoryUsage of job (MB)
	70296  -  ResidentSetSize of job (KB)
...
006 (222467.000.000) 07/31 08:38:22 Image size of job updated: 772788
	69  -  MemoryUsage of job (MB)
	70296  -  ResidentSetSize of job (KB)
...
005 (222467.000.000) 07/31 08:38:22 Job terminated.
	(1) Normal termination (return value 65)
		Usr 0 00:00:12, Sys 0 00:00:19  -  Run Remote Usage
		Usr 0 00:00:00, Sys 0 00:00:00  -  Run Local Usage
		Usr 0 00:00:12, Sys 0 00:00:19  -  Total Remote Usage
		Usr 0 00:00:00, Sys 0 00:00:00  -  Total Local Usage
	23471  -  Run Bytes Sent By Job
	8930  -  Run Bytes Received By Job
	23471  -  Total Bytes Sent By Job
	8930  -  Total Bytes Received By Job
	Partitionable Resources :    Usage  Request Allocated
	   Cpus                 :                 1         1
	   Disk (KB)            :  6643978 10000000  11572512
	   Memory (MB)          :       69     2100      2100
...
