000 (220600.000.000) 07/31 06:48:30 Job submitted from host: <131.225.189.232:9618?addrs=131.225.189.232-9618&noUDP&sock=8982_aaf4_3>
...
001 (220600.000.000) 07/31 06:48:53 Job executing on host: <131.225.206.242:5865?addrs=131.225.206.242-5865>
...
006 (220600.000.000) 07/31 06:49:02 Image size of job updated: 447524
	71  -  MemoryUsage of job (MB)
	72348  -  ResidentSetSize of job (KB)
...
005 (220600.000.000) 07/31 06:54:12 Job terminated.
	(1) Normal termination (return value 90)
		Usr 0 00:00:02, Sys 0 00:00:19  -  Run Remote Usage
		Usr 0 00:00:00, Sys 0 00:00:00  -  Run Local Usage
		Usr 0 00:00:02, Sys 0 00:00:19  -  Total Remote Usage
		Usr 0 00:00:00, Sys 0 00:00:00  -  Total Local Usage
	26387  -  Run Bytes Sent By Job
	8930  -  Run Bytes Received By Job
	26387  -  Total Bytes Sent By Job
	8930  -  Total Bytes Received By Job
	Partitionable Resources :    Usage  Request Allocated
	   Cpus                 :                 1         1
	   Disk (KB)            :  5950491 10000000  11846324
	   Memory (MB)          :       71     2100      2100
...
000 (221162.000.000) 07/31 07:07:06 Job submitted from host: <131.225.189.232:9618?addrs=131.225.189.232-9618&noUDP&sock=8982_aaf4_3>
...
001 (221162.000.000) 07/31 07:07:36 Job executing on host: <131.225.206.43:59052?addrs=131.225.206.43-59052>
...
006 (221162.000.000) 07/31 07:07:45 Image size of job updated: 447524
	71  -  MemoryUsage of job (MB)
	72352  -  ResidentSetSize of job (KB)
...
000 (221717.000.000) 07/31 07:11:48 Job submitted from host: <131.225.189.232:9618?addrs=131.225.189.232-9618&noUDP&sock=8982_aaf4_3>
...
001 (221717.000.000) 07/31 07:12:06 Job executing on host: <131.225.206.234:37922?addrs=131.225.206.234-37922>
...
006 (221717.000.000) 07/31 07:12:15 Image size of job updated: 447528
	69  -  MemoryUsage of job (MB)
	70284  -  ResidentSetSize of job (KB)
...
005 (221162.000.000) 07/31 07:12:47 Job terminated.
	(1) Normal termination (return value 90)
		Usr 0 00:00:01, Sys 0 00:00:18  -  Run Remote Usage
		Usr 0 00:00:00, Sys 0 00:00:00  -  Run Local Usage
		Usr 0 00:00:01, Sys 0 00:00:18  -  Total Remote Usage
		Usr 0 00:00:00, Sys 0 00:00:00  -  Total Local Usage
	27797  -  Run Bytes Sent By Job
	8930  -  Run Bytes Received By Job
	27797  -  Total Bytes Sent By Job
	8930  -  Total Bytes Received By Job
	Partitionable Resources :    Usage  Request Allocated
	   Cpus                 :                 1         1
	   Disk (KB)            :  5189752 10000000  10389117
	   Memory (MB)          :       71     2100      2100
...
006 (221717.000.000) 07/31 07:13:16 Image size of job updated: 447528
	69  -  MemoryUsage of job (MB)
	70404  -  ResidentSetSize of job (KB)
...
006 (221717.000.000) 07/31 07:14:17 Image size of job updated: 447528
	69  -  MemoryUsage of job (MB)
	70412  -  ResidentSetSize of job (KB)
...
006 (221717.000.000) 07/31 07:16:17 Image size of job updated: 447528
	115  -  MemoryUsage of job (MB)
	117068  -  ResidentSetSize of job (KB)
...
006 (221717.000.000) 07/31 07:17:02 Image size of job updated: 769972
	115  -  MemoryUsage of job (MB)
	117068  -  ResidentSetSize of job (KB)
...
005 (221717.000.000) 07/31 07:17:02 Job terminated.
	(1) Normal termination (return value 65)
		Usr 0 00:00:15, Sys 0 00:00:17  -  Run Remote Usage
		Usr 0 00:00:00, Sys 0 00:00:00  -  Run Local Usage
		Usr 0 00:00:15, Sys 0 00:00:17  -  Total Remote Usage
		Usr 0 00:00:00, Sys 0 00:00:00  -  Total Local Usage
	15701  -  Run Bytes Sent By Job
	8930  -  Run Bytes Received By Job
	15701  -  Total Bytes Sent By Job
	8930  -  Total Bytes Received By Job
	Partitionable Resources :    Usage  Request Allocated
	   Cpus                 :                 1         1
	   Disk (KB)            :  6052536 10000000  11550496
	   Memory (MB)          :      115     2100      2100
...
