000 (220641.000.000) 07/31 06:48:39 Job submitted from host: <131.225.189.232:9618?addrs=131.225.189.232-9618&noUDP&sock=8982_aaf4_3>
...
001 (220641.000.000) 07/31 06:49:00 Job executing on host: <131.225.204.103:41640?addrs=131.225.204.103-41640>
...
006 (220641.000.000) 07/31 06:49:09 Image size of job updated: 447524
	71  -  MemoryUsage of job (MB)
	72344  -  ResidentSetSize of job (KB)
...
005 (220641.000.000) 07/31 06:51:19 Job terminated.
	(1) Normal termination (return value 90)
		Usr 0 00:00:02, Sys 0 00:00:13  -  Run Remote Usage
		Usr 0 00:00:00, Sys 0 00:00:00  -  Run Local Usage
		Usr 0 00:00:02, Sys 0 00:00:13  -  Total Remote Usage
		Usr 0 00:00:00, Sys 0 00:00:00  -  Total Local Usage
	13350  -  Run Bytes Sent By Job
	8930  -  Run Bytes Received By Job
	13350  -  Total Bytes Sent By Job
	8930  -  Total Bytes Received By Job
	Partitionable Resources :    Usage  Request Allocated
	   Cpus                 :                 1         1
	   Disk (KB)            :  6294543 10000000  10358670
	   Memory (MB)          :       71     2100      2100
...
000 (221203.000.000) 07/31 07:07:13 Job submitted from host: <131.225.189.232:9618?addrs=131.225.189.232-9618&noUDP&sock=8982_aaf4_3>
...
001 (221203.000.000) 07/31 07:07:44 Job executing on host: <131.225.206.117:9873?addrs=131.225.206.117-9873>
...
006 (221203.000.000) 07/31 07:07:53 Image size of job updated: 103652
	10  -  MemoryUsage of job (MB)
	10120  -  ResidentSetSize of job (KB)
...
006 (221203.000.000) 07/31 07:08:54 Image size of job updated: 447524
	71  -  MemoryUsage of job (MB)
	72344  -  ResidentSetSize of job (KB)
...
000 (221758.000.000) 07/31 07:11:55 Job submitted from host: <131.225.189.232:9618?addrs=131.225.189.232-9618&noUDP&sock=8982_aaf4_3>
...
001 (221758.000.000) 07/31 07:12:14 Job executing on host: <131.225.206.85:57633?addrs=131.225.206.85-57633>
...
006 (221758.000.000) 07/31 07:12:22 Image size of job updated: 447524
	71  -  MemoryUsage of job (MB)
	72348  -  ResidentSetSize of job (KB)
...
005 (221203.000.000) 07/31 07:12:28 Job terminated.
	(1) Normal termination (return value 90)
		Usr 0 00:00:02, Sys 0 00:00:13  -  Run Remote Usage
		Usr 0 00:00:00, Sys 0 00:00:00  -  Run Local Usage
		Usr 0 00:00:02, Sys 0 00:00:13  -  Total Remote Usage
		Usr 0 00:00:00, Sys 0 00:00:00  -  Total Local Usage
	25057  -  Run Bytes Sent By Job
	8930  -  Run Bytes Received By Job
	25057  -  Total Bytes Sent By Job
	8930  -  Total Bytes Received By Job
	Partitionable Resources :    Usage  Request Allocated
	   Cpus                 :                 1         1
	   Disk (KB)            :  5877879 10000000  10454601
	   Memory (MB)          :       71     2100      2100
...
006 (221758.000.000) 07/31 07:18:26 Image size of job updated: 447524
	118  -  MemoryUsage of job (MB)
	120196  -  ResidentSetSize of job (KB)
...
006 (221758.000.000) 07/31 07:18:42 Image size of job updated: 494564
	118  -  MemoryUsage of job (MB)
	120196  -  ResidentSetSize of job (KB)
...
005 (221758.000.000) 07/31 07:18:44 Job terminated.
	(1) Normal termination (return value 65)
		Usr 0 00:00:07, Sys 0 00:00:15  -  Run Remote Usage
		Usr 0 00:00:00, Sys 0 00:00:00  -  Run Local Usage
		Usr 0 00:00:07, Sys 0 00:00:15  -  Total Remote Usage
		Usr 0 00:00:00, Sys 0 00:00:00  -  Total Local Usage
	29043  -  Run Bytes Sent By Job
	8930  -  Run Bytes Received By Job
	29043  -  Total Bytes Sent By Job
	8930  -  Total Bytes Received By Job
	Partitionable Resources :    Usage  Request Allocated
	   Cpus                 :                 1         1
	   Disk (KB)            :  6537735 10000000  10405089
	   Memory (MB)          :      118     2100      2100
...
000 (222320.000.000) 07/31 08:32:38 Job submitted from host: <131.225.189.232:9618?addrs=131.225.189.232-9618&noUDP&sock=8982_aaf4_3>
...
001 (222320.000.000) 07/31 08:33:09 Job executing on host: <131.225.206.207:65385?addrs=131.225.206.207-65385>
...
006 (222320.000.000) 07/31 08:33:17 Image size of job updated: 447524
	69  -  MemoryUsage of job (MB)
	70484  -  ResidentSetSize of job (KB)
...
006 (222320.000.000) 07/31 08:36:04 Image size of job updated: 769972
	69  -  MemoryUsage of job (MB)
	70484  -  ResidentSetSize of job (KB)
...
005 (222320.000.000) 07/31 08:36:04 Job terminated.
	(1) Normal termination (return value 65)
		Usr 0 00:00:12, Sys 0 00:00:22  -  Run Remote Usage
		Usr 0 00:00:00, Sys 0 00:00:00  -  Run Local Usage
		Usr 0 00:00:12, Sys 0 00:00:22  -  Total Remote Usage
		Usr 0 00:00:00, Sys 0 00:00:00  -  Total Local Usage
	15323  -  Run Bytes Sent By Job
	8930  -  Run Bytes Received By Job
	15323  -  Total Bytes Sent By Job
	8930  -  Total Bytes Received By Job
	Partitionable Resources :    Usage  Request Allocated
	   Cpus                 :                 1         1
	   Disk (KB)            :  6027601 10000000  11712396
	   Memory (MB)          :       69     2100      2100
...
