000 (220597.000.000) 07/31 06:48:30 Job submitted from host: <131.225.189.232:9618?addrs=131.225.189.232-9618&noUDP&sock=8982_aaf4_3>
...
001 (220597.000.000) 07/31 06:48:52 Job executing on host: <131.225.206.4:65083?addrs=131.225.206.4-65083>
...
006 (220597.000.000) 07/31 06:49:01 Image size of job updated: 447524
	71  -  MemoryUsage of job (MB)
	72348  -  ResidentSetSize of job (KB)
...
005 (220597.000.000) 07/31 06:54:33 Job terminated.
	(1) Normal termination (return value 90)
		Usr 0 00:00:01, Sys 0 00:00:19  -  Run Remote Usage
		Usr 0 00:00:00, Sys 0 00:00:00  -  Run Local Usage
		Usr 0 00:00:01, Sys 0 00:00:19  -  Total Remote Usage
		Usr 0 00:00:00, Sys 0 00:00:00  -  Total Local Usage
	29213  -  Run Bytes Sent By Job
	8930  -  Run Bytes Received By Job
	29213  -  Total Bytes Sent By Job
	8930  -  Total Bytes Received By Job
	Partitionable Resources :    Usage  Request Allocated
	   Cpus                 :                 1         1
	   Disk (KB)            :  5983261 10000000  10269570
	   Memory (MB)          :       71     2100      2100
...
000 (221159.000.000) 07/31 07:07:05 Job submitted from host: <131.225.189.232:9618?addrs=131.225.189.232-9618&noUDP&sock=8982_aaf4_3>
...
001 (221159.000.000) 07/31 07:07:35 Job executing on host: <131.225.206.242:5865?addrs=131.225.206.242-5865>
...
006 (221159.000.000) 07/31 07:07:44 Image size of job updated: 447524
	71  -  MemoryUsage of job (MB)
	72344  -  ResidentSetSize of job (KB)
...
000 (221714.000.000) 07/31 07:11:48 Job submitted from host: <131.225.189.232:9618?addrs=131.225.189.232-9618&noUDP&sock=8982_aaf4_3>
...
001 (221714.000.000) 07/31 07:12:06 Job executing on host: <131.225.204.99:39948?addrs=131.225.204.99-39948>
...
006 (221714.000.000) 07/31 07:12:14 Image size of job updated: 447524
	71  -  MemoryUsage of job (MB)
	72348  -  ResidentSetSize of job (KB)
...
006 (221714.000.000) 07/31 07:14:14 Image size of job updated: 478804
	247  -  MemoryUsage of job (MB)
	252816  -  ResidentSetSize of job (KB)
...
006 (221714.000.000) 07/31 07:14:24 Image size of job updated: 588312
	247  -  MemoryUsage of job (MB)
	252816  -  ResidentSetSize of job (KB)
...
005 (221714.000.000) 07/31 07:14:24 Job terminated.
	(1) Normal termination (return value 65)
		Usr 0 00:00:05, Sys 0 00:00:16  -  Run Remote Usage
		Usr 0 00:00:00, Sys 0 00:00:00  -  Run Local Usage
		Usr 0 00:00:05, Sys 0 00:00:16  -  Total Remote Usage
		Usr 0 00:00:00, Sys 0 00:00:00  -  Total Local Usage
	8988  -  Run Bytes Sent By Job
	8930  -  Run Bytes Received By Job
	8988  -  Total Bytes Sent By Job
	8930  -  Total Bytes Received By Job
	Partitionable Resources :    Usage  Request Allocated
	   Cpus                 :                 1         1
	   Disk (KB)            :  6453486 10000000  10144854
	   Memory (MB)          :      247     2100      2100
...
005 (221159.000.000) 07/31 07:15:13 Job terminated.
	(1) Normal termination (return value 90)
		Usr 0 00:00:02, Sys 0 00:00:23  -  Run Remote Usage
		Usr 0 00:00:00, Sys 0 00:00:00  -  Run Local Usage
		Usr 0 00:00:02, Sys 0 00:00:23  -  Total Remote Usage
		Usr 0 00:00:00, Sys 0 00:00:00  -  Total Local Usage
	30204  -  Run Bytes Sent By Job
	8930  -  Run Bytes Received By Job
	30204  -  Total Bytes Sent By Job
	8930  -  Total Bytes Received By Job
	Partitionable Resources :    Usage  Request Allocated
	   Cpus                 :                 1         1
	   Disk (KB)            :  5861499 10000000  11833628
	   Memory (MB)          :       71     2100      2100
...
000 (222276.000.000) 07/31 08:32:34 Job submitted from host: <131.225.189.232:9618?addrs=131.225.189.232-9618&noUDP&sock=8982_aaf4_3>
...
001 (222276.000.000) 07/31 08:32:58 Job executing on host: <131.225.206.53:45858?addrs=131.225.206.53-45858>
...
006 (222276.000.000) 07/31 08:33:07 Image size of job updated: 447524
	47  -  MemoryUsage of job (MB)
	47876  -  ResidentSetSize of job (KB)
...
006 (222276.000.000) 07/31 08:34:08 Image size of job updated: 447524
	70  -  MemoryUsage of job (MB)
	71460  -  ResidentSetSize of job (KB)
...
006 (222276.000.000) 07/31 08:35:07 Image size of job updated: 753584
	70  -  MemoryUsage of job (MB)
	71460  -  ResidentSetSize of job (KB)
...
005 (222276.000.000) 07/31 08:35:08 Job terminated.
	(1) Normal termination (return value 65)
		Usr 0 00:00:10, Sys 0 00:00:16  -  Run Remote Usage
		Usr 0 00:00:00, Sys 0 00:00:00  -  Run Local Usage
		Usr 0 00:00:10, Sys 0 00:00:16  -  Total Remote Usage
		Usr 0 00:00:00, Sys 0 00:00:00  -  Total Local Usage
	11899  -  Run Bytes Sent By Job
	8930  -  Run Bytes Received By Job
	11899  -  Total Bytes Sent By Job
	8930  -  Total Bytes Received By Job
	Partitionable Resources :    Usage  Request Allocated
	   Cpus                 :                 1         1
	   Disk (KB)            :  4798795 10000000  10334769
	   Memory (MB)          :       70     2100      2100
...
000 (222831.000.000) 07/31 08:49:45 Job submitted from host: <131.225.189.232:9618?addrs=131.225.189.232-9618&noUDP&sock=8982_aaf4_3>
...
001 (222831.000.000) 07/31 08:50:11 Job executing on host: <131.225.206.53:45858?addrs=131.225.206.53-45858>
...
006 (222831.000.000) 07/31 08:50:19 Image size of job updated: 447524
	71  -  MemoryUsage of job (MB)
	72348  -  ResidentSetSize of job (KB)
...
006 (222831.000.000) 07/31 08:56:04 Image size of job updated: 753580
	71  -  MemoryUsage of job (MB)
	72348  -  ResidentSetSize of job (KB)
...
005 (222831.000.000) 07/31 08:56:05 Job terminated.
	(1) Normal termination (return value 65)
		Usr 0 00:00:11, Sys 0 00:00:19  -  Run Remote Usage
		Usr 0 00:00:00, Sys 0 00:00:00  -  Run Local Usage
		Usr 0 00:00:11, Sys 0 00:00:19  -  Total Remote Usage
		Usr 0 00:00:00, Sys 0 00:00:00  -  Total Local Usage
	29328  -  Run Bytes Sent By Job
	44439  -  Run Bytes Received By Job
	29328  -  Total Bytes Sent By Job
	44439  -  Total Bytes Received By Job
	Partitionable Resources :    Usage  Request Allocated
	   Cpus                 :                 1         1
	   Disk (KB)            :  6092988 10000000  10330197
	   Memory (MB)          :       71     2100      2100
...
000 (223386.000.000) 07/31 09:06:15 Job submitted from host: <131.225.189.232:9618?addrs=131.225.189.232-9618&noUDP&sock=8982_aaf4_3>
...
