000 (220680.000.000) 07/31 06:48:47 Job submitted from host: <131.225.189.232:9618?addrs=131.225.189.232-9618&noUDP&sock=8982_aaf4_3>
...
001 (220680.000.000) 07/31 06:49:09 Job executing on host: <131.225.207.189:33214?addrs=131.225.207.189-33214>
...
006 (220680.000.000) 07/31 06:49:18 Image size of job updated: 447524
	23  -  MemoryUsage of job (MB)
	22968  -  ResidentSetSize of job (KB)
...
006 (220680.000.000) 07/31 06:50:19 Image size of job updated: 447524
	71  -  MemoryUsage of job (MB)
	72348  -  ResidentSetSize of job (KB)
...
005 (220680.000.000) 07/31 06:51:14 Job terminated.
	(1) Normal termination (return value 90)
		Usr 0 00:00:00, Sys 0 00:00:17  -  Run Remote Usage
		Usr 0 00:00:00, Sys 0 00:00:00  -  Run Local Usage
		Usr 0 00:00:00, Sys 0 00:00:17  -  Total Remote Usage
		Usr 0 00:00:00, Sys 0 00:00:00  -  Total Local Usage
	9117  -  Run Bytes Sent By Job
	8930  -  Run Bytes Received By Job
	9117  -  Total Bytes Sent By Job
	8930  -  Total Bytes Received By Job
	Partitionable Resources :    Usage  Request Allocated
	   Cpus                 :                 1         1
	   Disk (KB)            :  5934090 10000000  13305524
	   Memory (MB)          :       71     2100      2100
...
000 (221242.000.000) 07/31 07:07:20 Job submitted from host: <131.225.189.232:9618?addrs=131.225.189.232-9618&noUDP&sock=8982_aaf4_3>
...
001 (221242.000.000) 07/31 07:07:52 Job executing on host: <131.225.204.84:7575?addrs=131.225.204.84-7575>
...
006 (221242.000.000) 07/31 07:08:01 Image size of job updated: 2
	3  -  MemoryUsage of job (MB)
	2424  -  ResidentSetSize of job (KB)
...
006 (221242.000.000) 07/31 07:09:02 Image size of job updated: 447524
	69  -  MemoryUsage of job (MB)
	70292  -  ResidentSetSize of job (KB)
...
005 (221242.000.000) 07/31 07:09:19 Job terminated.
	(1) Normal termination (return value 90)
		Usr 0 00:00:00, Sys 0 00:00:15  -  Run Remote Usage
		Usr 0 00:00:00, Sys 0 00:00:00  -  Run Local Usage
		Usr 0 00:00:00, Sys 0 00:00:15  -  Total Remote Usage
		Usr 0 00:00:00, Sys 0 00:00:00  -  Total Local Usage
	9447  -  Run Bytes Sent By Job
	8930  -  Run Bytes Received By Job
	9447  -  Total Bytes Sent By Job
	8930  -  Total Bytes Received By Job
	Partitionable Resources :    Usage  Request Allocated
	   Cpus                 :                 1         1
	   Disk (KB)            :  5730409 10000000  10533189
	   Memory (MB)          :       69     2100      2100
...
000 (221797.000.000) 07/31 07:12:01 Job submitted from host: <131.225.189.232:9618?addrs=131.225.189.232-9618&noUDP&sock=8982_aaf4_3>
...
001 (221797.000.000) 07/31 07:12:25 Job executing on host: <131.225.190.19:40273?addrs=131.225.190.19-40273>
...
006 (221797.000.000) 07/31 07:12:34 Image size of job updated: 102484
	3  -  MemoryUsage of job (MB)
	2472  -  ResidentSetSize of job (KB)
...
006 (221797.000.000) 07/31 07:13:37 Image size of job updated: 447524
	71  -  MemoryUsage of job (MB)
	72352  -  ResidentSetSize of job (KB)
...
006 (221797.000.000) 07/31 07:14:36 Image size of job updated: 447524
	150  -  MemoryUsage of job (MB)
	152820  -  ResidentSetSize of job (KB)
...
006 (221797.000.000) 07/31 07:15:37 Image size of job updated: 772020
	150  -  MemoryUsage of job (MB)
	152820  -  ResidentSetSize of job (KB)
...
005 (221797.000.000) 07/31 07:17:18 Job terminated.
	(1) Normal termination (return value 65)
		Usr 0 00:00:14, Sys 0 00:00:20  -  Run Remote Usage
		Usr 0 00:00:00, Sys 0 00:00:00  -  Run Local Usage
		Usr 0 00:00:14, Sys 0 00:00:20  -  Total Remote Usage
		Usr 0 00:00:00, Sys 0 00:00:00  -  Total Local Usage
	11082  -  Run Bytes Sent By Job
	8930  -  Run Bytes Received By Job
	11082  -  Total Bytes Sent By Job
	8930  -  Total Bytes Received By Job
	Partitionable Resources :    Usage  Request Allocated
	   Cpus                 :                 1         1
	   Disk (KB)            :  6537279 10000000  15531976
	   Memory (MB)          :      150     2100      2100
...
000 (222359.000.000) 07/31 08:32:40 Job submitted from host: <131.225.189.232:9618?addrs=131.225.189.232-9618&noUDP&sock=8982_aaf4_3>
...
001 (222359.000.000) 07/31 08:33:16 Job executing on host: <131.225.206.189:32833?addrs=131.225.206.189-32833>
...
006 (222359.000.000) 07/31 08:33:25 Image size of job updated: 447524
	71  -  MemoryUsage of job (MB)
	72344  -  ResidentSetSize of job (KB)
...
006 (222359.000.000) 07/31 08:40:28 Image size of job updated: 447524
	126  -  MemoryUsage of job (MB)
	128012  -  ResidentSetSize of job (KB)
...
006 (222359.000.000) 07/31 08:41:29 Image size of job updated: 554148
	272  -  MemoryUsage of job (MB)
	278312  -  ResidentSetSize of job (KB)
...
006 (222359.000.000) 07/31 08:41:52 Image size of job updated: 671656
	272  -  MemoryUsage of job (MB)
	278312  -  ResidentSetSize of job (KB)
...
005 (222359.000.000) 07/31 08:41:53 Job terminated.
	(1) Normal termination (return value 65)
		Usr 0 00:00:08, Sys 0 00:00:18  -  Run Remote Usage
		Usr 0 00:00:00, Sys 0 00:00:00  -  Run Local Usage
		Usr 0 00:00:08, Sys 0 00:00:18  -  Total Remote Usage
		Usr 0 00:00:00, Sys 0 00:00:00  -  Total Local Usage
	18357  -  Run Bytes Sent By Job
	8930  -  Run Bytes Received By Job
	18357  -  Total Bytes Sent By Job
	8930  -  Total Bytes Received By Job
	Partitionable Resources :    Usage  Request Allocated
	   Cpus                 :                 1         1
	   Disk (KB)            :  6540153 10000000  11324168
	   Memory (MB)          :      272     2100      2100
...
000 (222914.000.000) 07/31 08:49:50 Job submitted from host: <131.225.189.232:9618?addrs=131.225.189.232-9618&noUDP&sock=8982_aaf4_3>
...
001 (222914.000.000) 07/31 08:50:27 Job executing on host: <131.225.206.240:56647?addrs=131.225.206.240-56647>
...
006 (222914.000.000) 07/31 08:50:36 Image size of job updated: 447532
	33  -  MemoryUsage of job (MB)
	33408  -  ResidentSetSize of job (KB)
...
006 (222914.000.000) 07/31 08:51:37 Image size of job updated: 447532
	69  -  MemoryUsage of job (MB)
	70400  -  ResidentSetSize of job (KB)
...
006 (222914.000.000) 07/31 08:56:37 Image size of job updated: 671656
	388  -  MemoryUsage of job (MB)
	396472  -  ResidentSetSize of job (KB)
...
005 (222914.000.000) 07/31 08:56:38 Job terminated.
	(1) Normal termination (return value 65)
		Usr 0 00:00:08, Sys 0 00:00:20  -  Run Remote Usage
		Usr 0 00:00:00, Sys 0 00:00:00  -  Run Local Usage
		Usr 0 00:00:08, Sys 0 00:00:20  -  Total Remote Usage
		Usr 0 00:00:00, Sys 0 00:00:00  -  Total Local Usage
	32504  -  Run Bytes Sent By Job
	44439  -  Run Bytes Received By Job
	32504  -  Total Bytes Sent By Job
	44439  -  Total Bytes Received By Job
	Partitionable Resources :    Usage  Request Allocated
	   Cpus                 :                 1         1
	   Disk (KB)            :  5470397 10000000  11699640
	   Memory (MB)          :      388     2100      2100
...
000 (223469.000.000) 07/31 09:06:19 Job submitted from host: <131.225.189.232:9618?addrs=131.225.189.232-9618&noUDP&sock=8982_aaf4_3>
...
