000 (220668.000.000) 07/31 06:48:45 Job submitted from host: <131.225.189.232:9618?addrs=131.225.189.232-9618&noUDP&sock=8982_aaf4_3>
...
001 (220668.000.000) 07/31 06:49:08 Job executing on host: <131.225.207.146:34152?addrs=131.225.207.146-34152>
...
006 (220668.000.000) 07/31 06:49:16 Image size of job updated: 2
	3  -  MemoryUsage of job (MB)
	2424  -  ResidentSetSize of job (KB)
...
006 (220668.000.000) 07/31 06:50:16 Image size of job updated: 447524
	71  -  MemoryUsage of job (MB)
	72344  -  ResidentSetSize of job (KB)
...
005 (220668.000.000) 07/31 06:51:18 Job terminated.
	(1) Normal termination (return value 90)
		Usr 0 00:00:01, Sys 0 00:00:12  -  Run Remote Usage
		Usr 0 00:00:00, Sys 0 00:00:00  -  Run Local Usage
		Usr 0 00:00:01, Sys 0 00:00:12  -  Total Remote Usage
		Usr 0 00:00:00, Sys 0 00:00:00  -  Total Local Usage
	13709  -  Run Bytes Sent By Job
	8930  -  Run Bytes Received By Job
	13709  -  Total Bytes Sent By Job
	8930  -  Total Bytes Received By Job
	Partitionable Resources :    Usage  Request Allocated
	   Cpus                 :                 1         1
	   Disk (KB)            :  3787791 10000000  10174833
	   Memory (MB)          :       71     2100      2100
...
000 (221230.000.000) 07/31 07:07:18 Job submitted from host: <131.225.189.232:9618?addrs=131.225.189.232-9618&noUDP&sock=8982_aaf4_3>
...
001 (221230.000.000) 07/31 07:07:49 Job executing on host: <131.225.206.20:32487?addrs=131.225.206.20-32487>
...
006 (221230.000.000) 07/31 07:07:58 Image size of job updated: 447524
	71  -  MemoryUsage of job (MB)
	72348  -  ResidentSetSize of job (KB)
...
005 (221230.000.000) 07/31 07:09:27 Job terminated.
	(1) Normal termination (return value 90)
		Usr 0 00:00:01, Sys 0 00:00:06  -  Run Remote Usage
		Usr 0 00:00:00, Sys 0 00:00:00  -  Run Local Usage
		Usr 0 00:00:01, Sys 0 00:00:06  -  Total Remote Usage
		Usr 0 00:00:00, Sys 0 00:00:00  -  Total Local Usage
	8214  -  Run Bytes Sent By Job
	8930  -  Run Bytes Received By Job
	8214  -  Total Bytes Sent By Job
	8930  -  Total Bytes Received By Job
	Partitionable Resources :    Usage  Request Allocated
	   Cpus                 :                 1         1
	   Disk (KB)            :  2371687 10000000  10656087
	   Memory (MB)          :       71     2100      2100
...
000 (221785.000.000) 07/31 07:11:59 Job submitted from host: <131.225.189.232:9618?addrs=131.225.189.232-9618&noUDP&sock=8982_aaf4_3>
...
001 (221785.000.000) 07/31 07:12:26 Job executing on host: <131.225.206.127:19171?addrs=131.225.206.127-19171>
...
006 (221785.000.000) 07/31 07:12:35 Image size of job updated: 447524
	71  -  MemoryUsage of job (MB)
	72348  -  ResidentSetSize of job (KB)
...
006 (221785.000.000) 07/31 07:14:11 Image size of job updated: 704436
	71  -  MemoryUsage of job (MB)
	72348  -  ResidentSetSize of job (KB)
...
005 (221785.000.000) 07/31 07:14:11 Job terminated.
	(1) Normal termination (return value 65)
		Usr 0 00:00:09, Sys 0 00:00:08  -  Run Remote Usage
		Usr 0 00:00:00, Sys 0 00:00:00  -  Run Local Usage
		Usr 0 00:00:09, Sys 0 00:00:08  -  Total Remote Usage
		Usr 0 00:00:00, Sys 0 00:00:00  -  Total Local Usage
	7030  -  Run Bytes Sent By Job
	8930  -  Run Bytes Received By Job
	7030  -  Total Bytes Sent By Job
	8930  -  Total Bytes Received By Job
	Partitionable Resources :    Usage  Request Allocated
	   Cpus                 :                 1         1
	   Disk (KB)            :  3846519 10000000  10343109
	   Memory (MB)          :       71     2100      2100
...
