000 (220520.000.000) 07/31 06:48:14 Job submitted from host: <131.225.189.232:9618?addrs=131.225.189.232-9618&noUDP&sock=8982_aaf4_3>
...
001 (220520.000.000) 07/31 06:48:29 Job executing on host: <131.225.207.95:35935?addrs=131.225.207.95-35935>
...
006 (220520.000.000) 07/31 06:48:38 Image size of job updated: 447524
	71  -  MemoryUsage of job (MB)
	72372  -  ResidentSetSize of job (KB)
...
005 (220520.000.000) 07/31 06:51:13 Job terminated.
	(1) Normal termination (return value 90)
		Usr 0 00:00:02, Sys 0 00:00:13  -  Run Remote Usage
		Usr 0 00:00:00, Sys 0 00:00:00  -  Run Local Usage
		Usr 0 00:00:02, Sys 0 00:00:13  -  Total Remote Usage
		Usr 0 00:00:00, Sys 0 00:00:00  -  Total Local Usage
	15770  -  Run Bytes Sent By Job
	8930  -  Run Bytes Received By Job
	15770  -  Total Bytes Sent By Job
	8930  -  Total Bytes Received By Job
	Partitionable Resources :    Usage  Request Allocated
	   Cpus                 :                 1         1
	   Disk (KB)            :  5426191 10000000  10410495
	   Memory (MB)          :       71     2100      2100
...
000 (221082.000.000) 07/31 07:06:52 Job submitted from host: <131.225.189.232:9618?addrs=131.225.189.232-9618&noUDP&sock=8982_aaf4_3>
...
001 (221082.000.000) 07/31 07:07:10 Job executing on host: <131.225.206.42:17214?addrs=131.225.206.42-17214>
...
006 (221082.000.000) 07/31 07:07:19 Image size of job updated: 2
	3  -  MemoryUsage of job (MB)
	2424  -  ResidentSetSize of job (KB)
...
006 (221082.000.000) 07/31 07:08:20 Image size of job updated: 447524
	71  -  MemoryUsage of job (MB)
	72348  -  ResidentSetSize of job (KB)
...
005 (221082.000.000) 07/31 07:08:55 Job terminated.
	(1) Normal termination (return value 90)
		Usr 0 00:00:00, Sys 0 00:00:14  -  Run Remote Usage
		Usr 0 00:00:00, Sys 0 00:00:00  -  Run Local Usage
		Usr 0 00:00:00, Sys 0 00:00:14  -  Total Remote Usage
		Usr 0 00:00:00, Sys 0 00:00:00  -  Total Local Usage
	8568  -  Run Bytes Sent By Job
	8930  -  Run Bytes Received By Job
	8568  -  Total Bytes Sent By Job
	8930  -  Total Bytes Received By Job
	Partitionable Resources :    Usage  Request Allocated
	   Cpus                 :                 1         1
	   Disk (KB)            :  6041705 10000000  10417500
	   Memory (MB)          :       71     2100      2100
...
000 (221637.000.000) 07/31 07:11:34 Job submitted from host: <131.225.189.232:9618?addrs=131.225.189.232-9618&noUDP&sock=8982_aaf4_3>
...
001 (221637.000.000) 07/31 07:11:44 Job executing on host: <131.225.204.53:56699?addrs=131.225.204.53-56699>
...
006 (221637.000.000) 07/31 07:11:53 Image size of job updated: 447524
	71  -  MemoryUsage of job (MB)
	72348  -  ResidentSetSize of job (KB)
...
006 (221637.000.000) 07/31 07:13:54 Image size of job updated: 493964
	71  -  MemoryUsage of job (MB)
	72348  -  ResidentSetSize of job (KB)
...
005 (221637.000.000) 07/31 07:13:54 Job terminated.
	(1) Normal termination (return value 65)
		Usr 0 00:00:04, Sys 0 00:00:19  -  Run Remote Usage
		Usr 0 00:00:00, Sys 0 00:00:00  -  Run Local Usage
		Usr 0 00:00:04, Sys 0 00:00:19  -  Total Remote Usage
		Usr 0 00:00:00, Sys 0 00:00:00  -  Total Local Usage
	9060  -  Run Bytes Sent By Job
	8930  -  Run Bytes Received By Job
	9060  -  Total Bytes Sent By Job
	8930  -  Total Bytes Received By Job
	Partitionable Resources :    Usage  Request Allocated
	   Cpus                 :                 1         1
	   Disk (KB)            :  3976726 10000000  10115298
	   Memory (MB)          :       71     2100      2100
...
000 (222199.000.000) 07/31 08:32:29 Job submitted from host: <131.225.189.232:9618?addrs=131.225.189.232-9618&noUDP&sock=8982_aaf4_3>
...
001 (222199.000.000) 07/31 08:32:44 Job executing on host: <131.225.206.170:61881?addrs=131.225.206.170-61881>
...
006 (222199.000.000) 07/31 08:32:52 Image size of job updated: 447532
	69  -  MemoryUsage of job (MB)
	70284  -  ResidentSetSize of job (KB)
...
006 (222199.000.000) 07/31 08:33:52 Image size of job updated: 447532
	69  -  MemoryUsage of job (MB)
	70404  -  ResidentSetSize of job (KB)
...
005 (222199.000.000) 07/31 08:36:35 Job terminated.
	(1) Normal termination (return value 65)
		Usr 0 00:00:02, Sys 0 00:00:18  -  Run Remote Usage
		Usr 0 00:00:00, Sys 0 00:00:00  -  Run Local Usage
		Usr 0 00:00:02, Sys 0 00:00:18  -  Total Remote Usage
		Usr 0 00:00:00, Sys 0 00:00:00  -  Total Local Usage
	21366  -  Run Bytes Sent By Job
	8930  -  Run Bytes Received By Job
	21366  -  Total Bytes Sent By Job
	8930  -  Total Bytes Received By Job
	Partitionable Resources :    Usage  Request Allocated
	   Cpus                 :                 1         1
	   Disk (KB)            :  5486934 10000000  11682304
	   Memory (MB)          :       69     2100      2100
...
