000 (220873.000.000) 07/31 06:49:28 Job submitted from host: <131.225.189.232:9618?addrs=131.225.189.232-9618&noUDP&sock=8982_aaf4_3>
...
001 (220873.000.000) 07/31 06:49:49 Job executing on host: <131.225.190.19:40273?addrs=131.225.190.19-40273>
...
006 (220873.000.000) 07/31 06:49:59 Image size of job updated: 2
	3  -  MemoryUsage of job (MB)
	2428  -  ResidentSetSize of job (KB)
...
006 (220873.000.000) 07/31 06:50:59 Image size of job updated: 447524
	71  -  MemoryUsage of job (MB)
	72344  -  ResidentSetSize of job (KB)
...
005 (220873.000.000) 07/31 06:54:44 Job terminated.
	(1) Normal termination (return value 90)
		Usr 0 00:00:00, Sys 0 00:00:24  -  Run Remote Usage
		Usr 0 00:00:00, Sys 0 00:00:00  -  Run Local Usage
		Usr 0 00:00:00, Sys 0 00:00:24  -  Total Remote Usage
		Usr 0 00:00:00, Sys 0 00:00:00  -  Total Local Usage
	13672  -  Run Bytes Sent By Job
	8930  -  Run Bytes Received By Job
	13672  -  Total Bytes Sent By Job
	8930  -  Total Bytes Received By Job
	Partitionable Resources :    Usage  Request Allocated
	   Cpus                 :                 1         1
	   Disk (KB)            :  6474768 10000000  15836440
	   Memory (MB)          :       71     2100      2100
...
000 (221435.000.000) 07/31 07:07:54 Job submitted from host: <131.225.189.232:9618?addrs=131.225.189.232-9618&noUDP&sock=8982_aaf4_3>
...
001 (221435.000.000) 07/31 07:08:31 Job executing on host: <131.225.205.166:50235?addrs=131.225.205.166-50235>
...
006 (221435.000.000) 07/31 07:08:40 Image size of job updated: 447532
	25  -  MemoryUsage of job (MB)
	25244  -  ResidentSetSize of job (KB)
...
006 (221435.000.000) 07/31 07:09:41 Image size of job updated: 447532
	70  -  MemoryUsage of job (MB)
	71356  -  ResidentSetSize of job (KB)
...
005 (221435.000.000) 07/31 07:10:10 Job terminated.
	(1) Normal termination (return value 90)
		Usr 0 00:00:00, Sys 0 00:00:18  -  Run Remote Usage
		Usr 0 00:00:00, Sys 0 00:00:00  -  Run Local Usage
		Usr 0 00:00:00, Sys 0 00:00:18  -  Total Remote Usage
		Usr 0 00:00:00, Sys 0 00:00:00  -  Total Local Usage
	9739  -  Run Bytes Sent By Job
	8930  -  Run Bytes Received By Job
	9739  -  Total Bytes Sent By Job
	8930  -  Total Bytes Received By Job
	Partitionable Resources :    Usage  Request Allocated
	   Cpus                 :                 1         1
	   Disk (KB)            :  5366441 10000000  17058952
	   Memory (MB)          :       70     2100      2100
...
000 (221990.000.000) 07/31 07:12:34 Job submitted from host: <131.225.189.232:9618?addrs=131.225.189.232-9618&noUDP&sock=8982_aaf4_3>
...
001 (221990.000.000) 07/31 07:13:51 Job executing on host: <131.225.207.152:47169?addrs=131.225.207.152-47169>
...
006 (221990.000.000) 07/31 07:13:59 Image size of job updated: 2
	3  -  MemoryUsage of job (MB)
	2420  -  ResidentSetSize of job (KB)
...
006 (221990.000.000) 07/31 07:14:59 Image size of job updated: 447524
	71  -  MemoryUsage of job (MB)
	72348  -  ResidentSetSize of job (KB)
...
006 (221990.000.000) 07/31 07:16:09 Image size of job updated: 639148
	364  -  MemoryUsage of job (MB)
	372056  -  ResidentSetSize of job (KB)
...
006 (221990.000.000) 07/31 07:16:28 Image size of job updated: 775092
	364  -  MemoryUsage of job (MB)
	372056  -  ResidentSetSize of job (KB)
...
005 (221990.000.000) 07/31 07:16:29 Job terminated.
	(1) Normal termination (return value 65)
		Usr 0 00:00:13, Sys 0 00:00:18  -  Run Remote Usage
		Usr 0 00:00:00, Sys 0 00:00:00  -  Run Local Usage
		Usr 0 00:00:13, Sys 0 00:00:18  -  Total Remote Usage
		Usr 0 00:00:00, Sys 0 00:00:00  -  Total Local Usage
	10310  -  Run Bytes Sent By Job
	8930  -  Run Bytes Received By Job
	10310  -  Total Bytes Sent By Job
	8930  -  Total Bytes Received By Job
	Partitionable Resources :    Usage  Request Allocated
	   Cpus                 :                 1         1
	   Disk (KB)            :  6650151 10000000  10102161
	   Memory (MB)          :      364     2100      2100
...
