000 (220772.000.000) 07/31 06:49:07 Job submitted from host: <131.225.189.232:9618?addrs=131.225.189.232-9618&noUDP&sock=8982_aaf4_3>
...
001 (220772.000.000) 07/31 06:49:30 Job executing on host: <131.225.204.76:59502?addrs=131.225.204.76-59502>
...
006 (220772.000.000) 07/31 06:49:38 Image size of job updated: 447524
	39  -  MemoryUsage of job (MB)
	39080  -  ResidentSetSize of job (KB)
...
006 (220772.000.000) 07/31 06:50:38 Image size of job updated: 447524
	69  -  MemoryUsage of job (MB)
	70280  -  ResidentSetSize of job (KB)
...
006 (220772.000.000) 07/31 06:51:38 Image size of job updated: 447524
	69  -  MemoryUsage of job (MB)
	70288  -  ResidentSetSize of job (KB)
...
005 (220772.000.000) 07/31 06:54:11 Job terminated.
	(1) Normal termination (return value 90)
		Usr 0 00:00:01, Sys 0 00:00:18  -  Run Remote Usage
		Usr 0 00:00:00, Sys 0 00:00:00  -  Run Local Usage
		Usr 0 00:00:01, Sys 0 00:00:18  -  Total Remote Usage
		Usr 0 00:00:00, Sys 0 00:00:00  -  Total Local Usage
	23014  -  Run Bytes Sent By Job
	8930  -  Run Bytes Received By Job
	23014  -  Total Bytes Sent By Job
	8930  -  Total Bytes Received By Job
	Partitionable Resources :    Usage  Request Allocated
	   Cpus                 :                 1         1
	   Disk (KB)            :  5934103 10000000  10259730
	   Memory (MB)          :       69     2100      2100
...
000 (221334.000.000) 07/31 07:07:36 Job submitted from host: <131.225.189.232:9618?addrs=131.225.189.232-9618&noUDP&sock=8982_aaf4_3>
...
001 (221334.000.000) 07/31 07:08:11 Job executing on host: <131.225.206.236:59687?addrs=131.225.206.236-59687>
...
006 (221334.000.000) 07/31 07:08:20 Image size of job updated: 447524
	71  -  MemoryUsage of job (MB)
	72344  -  ResidentSetSize of job (KB)
...
000 (221889.000.000) 07/31 07:12:18 Job submitted from host: <131.225.189.232:9618?addrs=131.225.189.232-9618&noUDP&sock=8982_aaf4_3>
...
001 (221889.000.000) 07/31 07:12:31 Job executing on host: <131.225.204.41:44778?addrs=131.225.204.41-44778>
...
006 (221889.000.000) 07/31 07:12:39 Image size of job updated: 99680
	10  -  MemoryUsage of job (MB)
	9768  -  ResidentSetSize of job (KB)
...
006 (221889.000.000) 07/31 07:13:39 Image size of job updated: 447524
	69  -  MemoryUsage of job (MB)
	70276  -  ResidentSetSize of job (KB)
...
005 (221334.000.000) 07/31 07:14:32 Job terminated.
	(1) Normal termination (return value 90)
		Usr 0 00:00:02, Sys 0 00:00:21  -  Run Remote Usage
		Usr 0 00:00:00, Sys 0 00:00:00  -  Run Local Usage
		Usr 0 00:00:02, Sys 0 00:00:21  -  Total Remote Usage
		Usr 0 00:00:00, Sys 0 00:00:00  -  Total Local Usage
	28230  -  Run Bytes Sent By Job
	8930  -  Run Bytes Received By Job
	28230  -  Total Bytes Sent By Job
	8930  -  Total Bytes Received By Job
	Partitionable Resources :    Usage  Request Allocated
	   Cpus                 :                 1         1
	   Disk (KB)            :  6467708 10000000  11972300
	   Memory (MB)          :       71     2100      2100
...
006 (221889.000.000) 07/31 07:14:39 Image size of job updated: 447524
	69  -  MemoryUsage of job (MB)
	70284  -  ResidentSetSize of job (KB)
...
006 (221889.000.000) 07/31 07:16:33 Image size of job updated: 771000
	69  -  MemoryUsage of job (MB)
	70284  -  ResidentSetSize of job (KB)
...
005 (221889.000.000) 07/31 07:16:34 Job terminated.
	(1) Normal termination (return value 65)
		Usr 0 00:00:12, Sys 0 00:00:18  -  Run Remote Usage
		Usr 0 00:00:00, Sys 0 00:00:00  -  Run Local Usage
		Usr 0 00:00:12, Sys 0 00:00:18  -  Total Remote Usage
		Usr 0 00:00:00, Sys 0 00:00:00  -  Total Local Usage
	20570  -  Run Bytes Sent By Job
	8930  -  Run Bytes Received By Job
	20570  -  Total Bytes Sent By Job
	8930  -  Total Bytes Received By Job
	Partitionable Resources :    Usage  Request Allocated
	   Cpus                 :                 1         1
	   Disk (KB)            :  5877282 10000000  10514613
	   Memory (MB)          :       69     2100      2100
...
000 (222451.000.000) 07/31 08:32:47 Job submitted from host: <131.225.189.232:9618?addrs=131.225.189.232-9618&noUDP&sock=8982_aaf4_3>
...
001 (222451.000.000) 07/31 08:33:36 Job executing on host: <131.225.204.66:53648?addrs=131.225.204.66-53648>
...
006 (222451.000.000) 07/31 08:33:45 Image size of job updated: 447524
	68  -  MemoryUsage of job (MB)
	68752  -  ResidentSetSize of job (KB)
...
006 (222451.000.000) 07/31 08:34:46 Image size of job updated: 447524
	70  -  MemoryUsage of job (MB)
	71356  -  ResidentSetSize of job (KB)
...
006 (222451.000.000) 07/31 08:37:40 Image size of job updated: 457168
	70  -  MemoryUsage of job (MB)
	71356  -  ResidentSetSize of job (KB)
...
005 (222451.000.000) 07/31 08:37:41 Job terminated.
	(1) Normal termination (return value 65)
		Usr 0 00:00:03, Sys 0 00:00:18  -  Run Remote Usage
		Usr 0 00:00:00, Sys 0 00:00:00  -  Run Local Usage
		Usr 0 00:00:03, Sys 0 00:00:18  -  Total Remote Usage
		Usr 0 00:00:00, Sys 0 00:00:00  -  Total Local Usage
	21134  -  Run Bytes Sent By Job
	8930  -  Run Bytes Received By Job
	21134  -  Total Bytes Sent By Job
	8930  -  Total Bytes Received By Job
	Partitionable Resources :    Usage  Request Allocated
	   Cpus                 :                 1         1
	   Disk (KB)            :  5798229 10000000  10442679
	   Memory (MB)          :       70     2100      2100
...
