000 (220735.000.000) 07/31 06:48:58 Job submitted from host: <131.225.189.232:9618?addrs=131.225.189.232-9618&noUDP&sock=8982_aaf4_3>
...
001 (220735.000.000) 07/31 06:49:20 Job executing on host: <131.225.206.159:25306?addrs=131.225.206.159-25306>
...
006 (220735.000.000) 07/31 06:49:29 Image size of job updated: 447524
	71  -  MemoryUsage of job (MB)
	72348  -  ResidentSetSize of job (KB)
...
005 (220735.000.000) 07/31 06:52:03 Job terminated.
	(1) Normal termination (return value 90)
		Usr 0 00:00:01, Sys 0 00:00:17  -  Run Remote Usage
		Usr 0 00:00:00, Sys 0 00:00:00  -  Run Local Usage
		Usr 0 00:00:01, Sys 0 00:00:17  -  Total Remote Usage
		Usr 0 00:00:00, Sys 0 00:00:00  -  Total Local Usage
	16627  -  Run Bytes Sent By Job
	8930  -  Run Bytes Received By Job
	16627  -  Total Bytes Sent By Job
	8930  -  Total Bytes Received By Job
	Partitionable Resources :    Usage  Request Allocated
	   Cpus                 :                 1         1
	   Disk (KB)            :  4918287 10000000  10255737
	   Memory (MB)          :       71     2100      2100
...
000 (221297.000.000) 07/31 07:07:29 Job submitted from host: <131.225.189.232:9618?addrs=131.225.189.232-9618&noUDP&sock=8982_aaf4_3>
...
001 (221297.000.000) 07/31 07:08:03 Job executing on host: <131.225.204.31:49055?addrs=131.225.204.31-49055>
...
006 (221297.000.000) 07/31 07:08:12 Image size of job updated: 447524
	36  -  MemoryUsage of job (MB)
	36348  -  ResidentSetSize of job (KB)
...
006 (221297.000.000) 07/31 07:09:13 Image size of job updated: 447524
	69  -  MemoryUsage of job (MB)
	70284  -  ResidentSetSize of job (KB)
...
006 (221297.000.000) 07/31 07:10:15 Image size of job updated: 447524
	69  -  MemoryUsage of job (MB)
	70320  -  ResidentSetSize of job (KB)
...
000 (221852.000.000) 07/31 07:12:12 Job submitted from host: <131.225.189.232:9618?addrs=131.225.189.232-9618&noUDP&sock=8982_aaf4_3>
...
001 (221852.000.000) 07/31 07:12:30 Job executing on host: <131.225.207.72:54845?addrs=131.225.207.72-54845>
...
006 (221852.000.000) 07/31 07:12:39 Image size of job updated: 447528
	13  -  MemoryUsage of job (MB)
	12956  -  ResidentSetSize of job (KB)
...
006 (221852.000.000) 07/31 07:13:40 Image size of job updated: 447528
	71  -  MemoryUsage of job (MB)
	72348  -  ResidentSetSize of job (KB)
...
005 (221297.000.000) 07/31 07:14:26 Job terminated.
	(1) Normal termination (return value 90)
		Usr 0 00:00:02, Sys 0 00:00:24  -  Run Remote Usage
		Usr 0 00:00:00, Sys 0 00:00:00  -  Run Local Usage
		Usr 0 00:00:02, Sys 0 00:00:24  -  Total Remote Usage
		Usr 0 00:00:00, Sys 0 00:00:00  -  Total Local Usage
	30686  -  Run Bytes Sent By Job
	8930  -  Run Bytes Received By Job
	30686  -  Total Bytes Sent By Job
	8930  -  Total Bytes Received By Job
	Partitionable Resources :    Usage  Request Allocated
	   Cpus                 :                 1         1
	   Disk (KB)            :  5943422 10000000  10333728
	   Memory (MB)          :       69     2100      2100
...
006 (221852.000.000) 07/31 07:16:42 Image size of job updated: 669612
	384  -  MemoryUsage of job (MB)
	392512  -  ResidentSetSize of job (KB)
...
006 (221852.000.000) 07/31 07:16:59 Image size of job updated: 769972
	384  -  MemoryUsage of job (MB)
	392512  -  ResidentSetSize of job (KB)
...
005 (221852.000.000) 07/31 07:17:00 Job terminated.
	(1) Normal termination (return value 65)
		Usr 0 00:00:12, Sys 0 00:00:22  -  Run Remote Usage
		Usr 0 00:00:00, Sys 0 00:00:00  -  Run Local Usage
		Usr 0 00:00:12, Sys 0 00:00:22  -  Total Remote Usage
		Usr 0 00:00:00, Sys 0 00:00:00  -  Total Local Usage
	21199  -  Run Bytes Sent By Job
	8930  -  Run Bytes Received By Job
	21199  -  Total Bytes Sent By Job
	8930  -  Total Bytes Received By Job
	Partitionable Resources :    Usage  Request Allocated
	   Cpus                 :                 1         1
	   Disk (KB)            :  6062871 10000000  10383105
	   Memory (MB)          :      384     2100      2100
...
000 (222414.000.000) 07/31 08:32:45 Job submitted from host: <131.225.189.232:9618?addrs=131.225.189.232-9618&noUDP&sock=8982_aaf4_3>
...
001 (222414.000.000) 07/31 08:33:25 Job executing on host: <131.225.204.103:41640?addrs=131.225.204.103-41640>
...
006 (222414.000.000) 07/31 08:33:34 Image size of job updated: 447524
	71  -  MemoryUsage of job (MB)
	72348  -  ResidentSetSize of job (KB)
...
006 (222414.000.000) 07/31 08:35:36 Image size of job updated: 644272
	370  -  MemoryUsage of job (MB)
	378296  -  ResidentSetSize of job (KB)
...
005 (222414.000.000) 07/31 08:35:48 Job terminated.
	(1) Normal termination (return value 65)
		Usr 0 00:00:09, Sys 0 00:00:14  -  Run Remote Usage
		Usr 0 00:00:00, Sys 0 00:00:00  -  Run Local Usage
		Usr 0 00:00:09, Sys 0 00:00:14  -  Total Remote Usage
		Usr 0 00:00:00, Sys 0 00:00:00  -  Total Local Usage
	10892  -  Run Bytes Sent By Job
	8930  -  Run Bytes Received By Job
	10892  -  Total Bytes Sent By Job
	8930  -  Total Bytes Received By Job
	Partitionable Resources :    Usage  Request Allocated
	   Cpus                 :                 1         1
	   Disk (KB)            :  6065728 10000000  10474746
	   Memory (MB)          :      370     2100      2100
...
