000 (220821.000.000) 07/31 06:49:17 Job submitted from host: <131.225.189.232:9618?addrs=131.225.189.232-9618&noUDP&sock=8982_aaf4_3>
...
001 (220821.000.000) 07/31 06:49:39 Job executing on host: <131.225.190.36:65020?addrs=131.225.190.36-65020>
...
006 (220821.000.000) 07/31 06:49:48 Image size of job updated: 447524
	71  -  MemoryUsage of job (MB)
	72344  -  ResidentSetSize of job (KB)
...
005 (220821.000.000) 07/31 06:51:38 Job terminated.
	(1) Normal termination (return value 90)
		Usr 0 00:00:02, Sys 0 00:00:25  -  Run Remote Usage
		Usr 0 00:00:00, Sys 0 00:00:00  -  Run Local Usage
		Usr 0 00:00:02, Sys 0 00:00:25  -  Total Remote Usage
		Usr 0 00:00:00, Sys 0 00:00:00  -  Total Local Usage
	12116  -  Run Bytes Sent By Job
	8930  -  Run Bytes Received By Job
	12116  -  Total Bytes Sent By Job
	8930  -  Total Bytes Received By Job
	Partitionable Resources :    Usage  Request Allocated
	   Cpus                 :                 1         1
	   Disk (KB)            :  4115467 10000000  15128856
	   Memory (MB)          :       71     2100      2100
...
000 (221383.000.000) 07/31 07:07:45 Job submitted from host: <131.225.189.232:9618?addrs=131.225.189.232-9618&noUDP&sock=8982_aaf4_3>
...
001 (221383.000.000) 07/31 07:08:20 Job executing on host: <131.225.190.41:60689?addrs=131.225.190.41-60689>
...
006 (221383.000.000) 07/31 07:08:29 Image size of job updated: 2
	3  -  MemoryUsage of job (MB)
	2424  -  ResidentSetSize of job (KB)
...
006 (221383.000.000) 07/31 07:09:30 Image size of job updated: 447524
	69  -  MemoryUsage of job (MB)
	70408  -  ResidentSetSize of job (KB)
...
005 (221383.000.000) 07/31 07:10:18 Job terminated.
	(1) Normal termination (return value 90)
		Usr 0 00:00:00, Sys 0 00:00:20  -  Run Remote Usage
		Usr 0 00:00:00, Sys 0 00:00:00  -  Run Local Usage
		Usr 0 00:00:00, Sys 0 00:00:20  -  Total Remote Usage
		Usr 0 00:00:00, Sys 0 00:00:00  -  Total Local Usage
	12044  -  Run Bytes Sent By Job
	8930  -  Run Bytes Received By Job
	12044  -  Total Bytes Sent By Job
	8930  -  Total Bytes Received By Job
	Partitionable Resources :    Usage  Request Allocated
	   Cpus                 :                 1         1
	   Disk (KB)            :  4223082 10000000  14689886
	   Memory (MB)          :       69     2100      2100
...
000 (221938.000.000) 07/31 07:12:26 Job submitted from host: <131.225.189.232:9618?addrs=131.225.189.232-9618&noUDP&sock=8982_aaf4_3>
...
001 (221938.000.000) 07/31 07:13:13 Job executing on host: <131.225.207.186:45076?addrs=131.225.207.186-45076>
...
006 (221938.000.000) 07/31 07:13:22 Image size of job updated: 2
	3  -  MemoryUsage of job (MB)
	2424  -  ResidentSetSize of job (KB)
...
006 (221938.000.000) 07/31 07:14:23 Image size of job updated: 447524
	71  -  MemoryUsage of job (MB)
	72348  -  ResidentSetSize of job (KB)
...
006 (221938.000.000) 07/31 07:15:23 Image size of job updated: 640936
	71  -  MemoryUsage of job (MB)
	72348  -  ResidentSetSize of job (KB)
...
005 (221938.000.000) 07/31 07:15:24 Job terminated.
	(1) Normal termination (return value 65)
		Usr 0 00:00:07, Sys 0 00:00:14  -  Run Remote Usage
		Usr 0 00:00:00, Sys 0 00:00:00  -  Run Local Usage
		Usr 0 00:00:07, Sys 0 00:00:14  -  Total Remote Usage
		Usr 0 00:00:00, Sys 0 00:00:00  -  Total Local Usage
	9857  -  Run Bytes Sent By Job
	8930  -  Run Bytes Received By Job
	9857  -  Total Bytes Sent By Job
	8930  -  Total Bytes Received By Job
	Partitionable Resources :    Usage  Request Allocated
	   Cpus                 :                 1         1
	   Disk (KB)            :  4435478 10000000  10539771
	   Memory (MB)          :       71     2100      2100
...
000 (222500.000.000) 07/31 08:32:50 Job submitted from host: <131.225.189.232:9618?addrs=131.225.189.232-9618&noUDP&sock=8982_aaf4_3>
...
001 (222500.000.000) 07/31 08:33:50 Job executing on host: <131.225.190.41:60689?addrs=131.225.190.41-60689>
...
006 (222500.000.000) 07/31 08:33:58 Image size of job updated: 159200
	20  -  MemoryUsage of job (MB)
	19660  -  ResidentSetSize of job (KB)
...
006 (222500.000.000) 07/31 08:34:58 Image size of job updated: 447524
	69  -  MemoryUsage of job (MB)
	70320  -  ResidentSetSize of job (KB)
...
006 (222500.000.000) 07/31 08:36:45 Image size of job updated: 772792
	69  -  MemoryUsage of job (MB)
	70320  -  ResidentSetSize of job (KB)
...
005 (222500.000.000) 07/31 08:36:46 Job terminated.
	(1) Normal termination (return value 65)
		Usr 0 00:00:14, Sys 0 00:00:22  -  Run Remote Usage
		Usr 0 00:00:00, Sys 0 00:00:00  -  Run Local Usage
		Usr 0 00:00:14, Sys 0 00:00:22  -  Total Remote Usage
		Usr 0 00:00:00, Sys 0 00:00:00  -  Total Local Usage
	14382  -  Run Bytes Sent By Job
	8930  -  Run Bytes Received By Job
	14382  -  Total Bytes Sent By Job
	8930  -  Total Bytes Received By Job
	Partitionable Resources :    Usage  Request Allocated
	   Cpus                 :                 1         1
	   Disk (KB)            :  6617425 10000000  15086170
	   Memory (MB)          :       69     2100      2100
...
000 (223055.000.000) 07/31 08:49:56 Job submitted from host: <131.225.189.232:9618?addrs=131.225.189.232-9618&noUDP&sock=8982_aaf4_3>
...
001 (223055.000.000) 07/31 08:50:56 Job executing on host: <131.225.191.77:32337?addrs=131.225.191.77-32337>
...
006 (223055.000.000) 07/31 08:51:05 Image size of job updated: 447524
	71  -  MemoryUsage of job (MB)
	72348  -  ResidentSetSize of job (KB)
...
006 (223055.000.000) 07/31 08:53:07 Image size of job updated: 556196
	277  -  MemoryUsage of job (MB)
	282768  -  ResidentSetSize of job (KB)
...
005 (223055.000.000) 07/31 08:53:30 Job terminated.
	(1) Normal termination (return value 65)
		Usr 0 00:00:17, Sys 0 00:00:16  -  Run Remote Usage
		Usr 0 00:00:00, Sys 0 00:00:00  -  Run Local Usage
		Usr 0 00:00:17, Sys 0 00:00:16  -  Total Remote Usage
		Usr 0 00:00:00, Sys 0 00:00:00  -  Total Local Usage
	12933  -  Run Bytes Sent By Job
	44439  -  Run Bytes Received By Job
	12933  -  Total Bytes Sent By Job
	44439  -  Total Bytes Received By Job
	Partitionable Resources :    Usage  Request Allocated
	   Cpus                 :                 1         1
	   Disk (KB)            :  6665309 10000000  15962626
	   Memory (MB)          :      277     2100      2100
...
000 (223610.000.000) 07/31 09:06:25 Job submitted from host: <131.225.189.232:9618?addrs=131.225.189.232-9618&noUDP&sock=8982_aaf4_3>
...
