000 (221017.000.000) 07/31 06:50:00 Job submitted from host: <131.225.189.232:9618?addrs=131.225.189.232-9618&noUDP&sock=8982_aaf4_3>
...
001 (221017.000.000) 07/31 06:51:11 Job executing on host: <131.225.191.161:17748?addrs=131.225.191.161-17748>
...
006 (221017.000.000) 07/31 06:51:19 Image size of job updated: 2
	3  -  MemoryUsage of job (MB)
	2420  -  ResidentSetSize of job (KB)
...
006 (221017.000.000) 07/31 06:52:19 Image size of job updated: 447524
	71  -  MemoryUsage of job (MB)
	72348  -  ResidentSetSize of job (KB)
...
006 (221017.000.000) 07/31 06:55:20 Image size of job updated: 447524
	71  -  MemoryUsage of job (MB)
	72352  -  ResidentSetSize of job (KB)
...
005 (221017.000.000) 07/31 06:56:48 Job terminated.
	(1) Normal termination (return value 90)
		Usr 0 00:00:02, Sys 0 00:00:20  -  Run Remote Usage
		Usr 0 00:00:00, Sys 0 00:00:00  -  Run Local Usage
		Usr 0 00:00:02, Sys 0 00:00:20  -  Total Remote Usage
		Usr 0 00:00:00, Sys 0 00:00:00  -  Total Local Usage
	26066  -  Run Bytes Sent By Job
	8930  -  Run Bytes Received By Job
	26066  -  Total Bytes Sent By Job
	8930  -  Total Bytes Received By Job
	Partitionable Resources :    Usage  Request Allocated
	   Cpus                 :                 1         1
	   Disk (KB)            :  6048794 10000000  11485676
	   Memory (MB)          :       71     2100      2100
...
000 (221579.000.000) 07/31 07:08:19 Job submitted from host: <131.225.189.232:9618?addrs=131.225.189.232-9618&noUDP&sock=8982_aaf4_3>
...
001 (221579.000.000) 07/31 07:09:28 Job executing on host: <131.225.204.69:34261?addrs=131.225.204.69-34261>
...
006 (221579.000.000) 07/31 07:09:42 Image size of job updated: 447524
	71  -  MemoryUsage of job (MB)
	72348  -  ResidentSetSize of job (KB)
...
000 (222134.000.000) 07/31 07:12:58 Job submitted from host: <131.225.189.232:9618?addrs=131.225.189.232-9618&noUDP&sock=8982_aaf4_3>
...
005 (221579.000.000) 07/31 07:13:25 Job terminated.
	(1) Normal termination (return value 90)
		Usr 0 00:00:01, Sys 0 00:00:21  -  Run Remote Usage
		Usr 0 00:00:00, Sys 0 00:00:00  -  Run Local Usage
		Usr 0 00:00:01, Sys 0 00:00:21  -  Total Remote Usage
		Usr 0 00:00:00, Sys 0 00:00:00  -  Total Local Usage
	22694  -  Run Bytes Sent By Job
	8930  -  Run Bytes Received By Job
	22694  -  Total Bytes Sent By Job
	8930  -  Total Bytes Received By Job
	Partitionable Resources :    Usage  Request Allocated
	   Cpus                 :                 1         1
	   Disk (KB)            :  5419124 10000000  10379559
	   Memory (MB)          :       71     2100      2100
...
001 (222134.000.000) 07/31 07:14:49 Job executing on host: <131.225.205.184:3858?addrs=131.225.205.184-3858>
...
006 (222134.000.000) 07/31 07:14:57 Image size of job updated: 447528
	19  -  MemoryUsage of job (MB)
	19100  -  ResidentSetSize of job (KB)
...
006 (222134.000.000) 07/31 07:15:57 Image size of job updated: 447528
	70  -  MemoryUsage of job (MB)
	71356  -  ResidentSetSize of job (KB)
...
006 (222134.000.000) 07/31 07:16:30 Image size of job updated: 739508
	70  -  MemoryUsage of job (MB)
	71356  -  ResidentSetSize of job (KB)
...
005 (222134.000.000) 07/31 07:16:31 Job terminated.
	(1) Normal termination (return value 65)
		Usr 0 00:00:15, Sys 0 00:00:19  -  Run Remote Usage
		Usr 0 00:00:00, Sys 0 00:00:00  -  Run Local Usage
		Usr 0 00:00:15, Sys 0 00:00:19  -  Total Remote Usage
		Usr 0 00:00:00, Sys 0 00:00:00  -  Total Local Usage
	9344  -  Run Bytes Sent By Job
	8930  -  Run Bytes Received By Job
	9344  -  Total Bytes Sent By Job
	8930  -  Total Bytes Received By Job
	Partitionable Resources :    Usage  Request Allocated
	   Cpus                 :                 1         1
	   Disk (KB)            :  6254104 10000000  17123656
	   Memory (MB)          :       70     2100      2100
...
