000 (220909.000.000) 07/31 06:49:36 Job submitted from host: <131.225.189.232:9618?addrs=131.225.189.232-9618&noUDP&sock=8982_aaf4_3>
...
001 (220909.000.000) 07/31 06:50:13 Job executing on host: <131.225.205.193:60312?addrs=131.225.205.193-60312>
...
006 (220909.000.000) 07/31 06:50:21 Image size of job updated: 447532
	11  -  MemoryUsage of job (MB)
	10908  -  ResidentSetSize of job (KB)
...
006 (220909.000.000) 07/31 06:51:21 Image size of job updated: 447532
	69  -  MemoryUsage of job (MB)
	70412  -  ResidentSetSize of job (KB)
...
005 (220909.000.000) 07/31 06:54:36 Job terminated.
	(1) Normal termination (return value 90)
		Usr 0 00:00:01, Sys 0 00:00:23  -  Run Remote Usage
		Usr 0 00:00:00, Sys 0 00:00:00  -  Run Local Usage
		Usr 0 00:00:01, Sys 0 00:00:23  -  Total Remote Usage
		Usr 0 00:00:00, Sys 0 00:00:00  -  Total Local Usage
	24499  -  Run Bytes Sent By Job
	8930  -  Run Bytes Received By Job
	24499  -  Total Bytes Sent By Job
	8930  -  Total Bytes Received By Job
	Partitionable Resources :    Usage  Request Allocated
	   Cpus                 :                 1         1
	   Disk (KB)            :  6294553 10000000  17130511
	   Memory (MB)          :       69     2100      2100
...
000 (221471.000.000) 07/31 07:08:00 Job submitted from host: <131.225.189.232:9618?addrs=131.225.189.232-9618&noUDP&sock=8982_aaf4_3>
...
001 (221471.000.000) 07/31 07:08:36 Job executing on host: <131.225.205.180:30887?addrs=131.225.205.180-30887>
...
006 (221471.000.000) 07/31 07:08:45 Image size of job updated: 2
	3  -  MemoryUsage of job (MB)
	2424  -  ResidentSetSize of job (KB)
...
006 (221471.000.000) 07/31 07:09:46 Image size of job updated: 447524
	70  -  MemoryUsage of job (MB)
	71356  -  ResidentSetSize of job (KB)
...
005 (221471.000.000) 07/31 07:10:31 Job terminated.
	(1) Normal termination (return value 90)
		Usr 0 00:00:00, Sys 0 00:00:18  -  Run Remote Usage
		Usr 0 00:00:00, Sys 0 00:00:00  -  Run Local Usage
		Usr 0 00:00:00, Sys 0 00:00:18  -  Total Remote Usage
		Usr 0 00:00:00, Sys 0 00:00:00  -  Total Local Usage
	12031  -  Run Bytes Sent By Job
	8930  -  Run Bytes Received By Job
	12031  -  Total Bytes Sent By Job
	8930  -  Total Bytes Received By Job
	Partitionable Resources :    Usage  Request Allocated
	   Cpus                 :                 1         1
	   Disk (KB)            :  4124778 10000000  17102466
	   Memory (MB)          :       70     2100      2100
...
000 (222026.000.000) 07/31 07:12:40 Job submitted from host: <131.225.189.232:9618?addrs=131.225.189.232-9618&noUDP&sock=8982_aaf4_3>
...
001 (222026.000.000) 07/31 07:14:04 Job executing on host: <131.225.204.61:23766?addrs=131.225.204.61-23766>
...
006 (222026.000.000) 07/31 07:14:12 Image size of job updated: 447524
	71  -  MemoryUsage of job (MB)
	72340  -  ResidentSetSize of job (KB)
...
006 (222026.000.000) 07/31 07:17:14 Image size of job updated: 503224
	221  -  MemoryUsage of job (MB)
	225768  -  ResidentSetSize of job (KB)
...
006 (222026.000.000) 07/31 07:18:14 Image size of job updated: 741040
	221  -  MemoryUsage of job (MB)
	225768  -  ResidentSetSize of job (KB)
...
005 (222026.000.000) 07/31 07:18:26 Job terminated.
	(1) Normal termination (return value 65)
		Usr 0 00:00:11, Sys 0 00:00:19  -  Run Remote Usage
		Usr 0 00:00:00, Sys 0 00:00:00  -  Run Local Usage
		Usr 0 00:00:11, Sys 0 00:00:19  -  Total Remote Usage
		Usr 0 00:00:00, Sys 0 00:00:00  -  Total Local Usage
	11175  -  Run Bytes Sent By Job
	8930  -  Run Bytes Received By Job
	11175  -  Total Bytes Sent By Job
	8930  -  Total Bytes Received By Job
	Partitionable Resources :    Usage  Request Allocated
	   Cpus                 :                 1         1
	   Disk (KB)            :  6626511 10000000  10345485
	   Memory (MB)          :      221     2100      2100
...
000 (222588.000.000) 07/31 08:32:56 Job submitted from host: <131.225.189.232:9618?addrs=131.225.189.232-9618&noUDP&sock=8982_aaf4_3>
...
001 (222588.000.000) 07/31 08:33:58 Job executing on host: <131.225.204.109:22621?addrs=131.225.204.109-22621>
...
006 (222588.000.000) 07/31 08:34:07 Image size of job updated: 447524
	71  -  MemoryUsage of job (MB)
	72344  -  ResidentSetSize of job (KB)
...
006 (222588.000.000) 07/31 08:37:05 Image size of job updated: 779184
	71  -  MemoryUsage of job (MB)
	72344  -  ResidentSetSize of job (KB)
...
005 (222588.000.000) 07/31 08:37:06 Job terminated.
	(1) Normal termination (return value 65)
		Usr 0 00:00:13, Sys 0 00:00:18  -  Run Remote Usage
		Usr 0 00:00:00, Sys 0 00:00:00  -  Run Local Usage
		Usr 0 00:00:13, Sys 0 00:00:18  -  Total Remote Usage
		Usr 0 00:00:00, Sys 0 00:00:00  -  Total Local Usage
	13542  -  Run Bytes Sent By Job
	8930  -  Run Bytes Received By Job
	13542  -  Total Bytes Sent By Job
	8930  -  Total Bytes Received By Job
	Partitionable Resources :    Usage  Request Allocated
	   Cpus                 :                 1         1
	   Disk (KB)            :  6629379 10000000  10484829
	   Memory (MB)          :       71     2100      2100
...
