000 (220917.000.000) 07/31 06:49:37 Job submitted from host: <131.225.189.232:9618?addrs=131.225.189.232-9618&noUDP&sock=8982_aaf4_3>
...
001 (220917.000.000) 07/31 06:50:13 Job executing on host: <131.225.204.99:39948?addrs=131.225.204.99-39948>
...
006 (220917.000.000) 07/31 06:50:22 Image size of job updated: 447536
	15  -  MemoryUsage of job (MB)
	15000  -  ResidentSetSize of job (KB)
...
006 (220917.000.000) 07/31 06:51:23 Image size of job updated: 447536
	71  -  MemoryUsage of job (MB)
	72344  -  ResidentSetSize of job (KB)
...
005 (220917.000.000) 07/31 06:51:33 Job terminated.
	(1) Normal termination (return value 90)
		Usr 0 00:00:00, Sys 0 00:00:15  -  Run Remote Usage
		Usr 0 00:00:00, Sys 0 00:00:00  -  Run Local Usage
		Usr 0 00:00:00, Sys 0 00:00:15  -  Total Remote Usage
		Usr 0 00:00:00, Sys 0 00:00:00  -  Total Local Usage
	8588  -  Run Bytes Sent By Job
	8930  -  Run Bytes Received By Job
	8588  -  Total Bytes Sent By Job
	8930  -  Total Bytes Received By Job
	Partitionable Resources :    Usage  Request Allocated
	   Cpus                 :                 1         1
	   Disk (KB)            :  6654986 10000000  10349112
	   Memory (MB)          :       71     2100      2100
...
000 (221479.000.000) 07/31 07:08:02 Job submitted from host: <131.225.189.232:9618?addrs=131.225.189.232-9618&noUDP&sock=8982_aaf4_3>
...
001 (221479.000.000) 07/31 07:08:37 Job executing on host: <131.225.191.77:32337?addrs=131.225.191.77-32337>
...
006 (221479.000.000) 07/31 07:08:47 Image size of job updated: 2
	3  -  MemoryUsage of job (MB)
	2428  -  ResidentSetSize of job (KB)
...
006 (221479.000.000) 07/31 07:09:47 Image size of job updated: 447524
	70  -  MemoryUsage of job (MB)
	71140  -  ResidentSetSize of job (KB)
...
000 (222034.000.000) 07/31 07:12:42 Job submitted from host: <131.225.189.232:9618?addrs=131.225.189.232-9618&noUDP&sock=8982_aaf4_3>
...
005 (221479.000.000) 07/31 07:12:57 Job terminated.
	(1) Normal termination (return value 90)
		Usr 0 00:00:01, Sys 0 00:00:23  -  Run Remote Usage
		Usr 0 00:00:00, Sys 0 00:00:00  -  Run Local Usage
		Usr 0 00:00:01, Sys 0 00:00:23  -  Total Remote Usage
		Usr 0 00:00:00, Sys 0 00:00:00  -  Total Local Usage
	16813  -  Run Bytes Sent By Job
	8930  -  Run Bytes Received By Job
	16813  -  Total Bytes Sent By Job
	8930  -  Total Bytes Received By Job
	Partitionable Resources :    Usage  Request Allocated
	   Cpus                 :                 1         1
	   Disk (KB)            :  4681839 10000000  15206334
	   Memory (MB)          :       70     2100      2100
...
001 (222034.000.000) 07/31 07:14:08 Job executing on host: <131.225.204.54:51967?addrs=131.225.204.54-51967>
...
006 (222034.000.000) 07/31 07:14:16 Image size of job updated: 2
	3  -  MemoryUsage of job (MB)
	2420  -  ResidentSetSize of job (KB)
...
006 (222034.000.000) 07/31 07:15:16 Image size of job updated: 447524
	70  -  MemoryUsage of job (MB)
	71356  -  ResidentSetSize of job (KB)
...
006 (222034.000.000) 07/31 07:18:35 Image size of job updated: 773044
	70  -  MemoryUsage of job (MB)
	71356  -  ResidentSetSize of job (KB)
...
005 (222034.000.000) 07/31 07:18:36 Job terminated.
	(1) Normal termination (return value 65)
		Usr 0 00:00:14, Sys 0 00:00:11  -  Run Remote Usage
		Usr 0 00:00:00, Sys 0 00:00:00  -  Run Local Usage
		Usr 0 00:00:14, Sys 0 00:00:11  -  Total Remote Usage
		Usr 0 00:00:00, Sys 0 00:00:00  -  Total Local Usage
	21945  -  Run Bytes Sent By Job
	8930  -  Run Bytes Received By Job
	21945  -  Total Bytes Sent By Job
	8930  -  Total Bytes Received By Job
	Partitionable Resources :    Usage  Request Allocated
	   Cpus                 :                 1         1
	   Disk (KB)            :  6708187 10000000  10679205
	   Memory (MB)          :       70     2100      2100
...
000 (222596.000.000) 07/31 08:32:56 Job submitted from host: <131.225.189.232:9618?addrs=131.225.189.232-9618&noUDP&sock=8982_aaf4_3>
...
001 (222596.000.000) 07/31 08:34:05 Job executing on host: <131.225.191.77:32337?addrs=131.225.191.77-32337>
...
006 (222596.000.000) 07/31 08:34:14 Image size of job updated: 2
	3  -  MemoryUsage of job (MB)
	2428  -  ResidentSetSize of job (KB)
...
006 (222596.000.000) 07/31 08:35:15 Image size of job updated: 447524
	72  -  MemoryUsage of job (MB)
	73468  -  ResidentSetSize of job (KB)
...
006 (222596.000.000) 07/31 08:36:49 Image size of job updated: 773048
	72  -  MemoryUsage of job (MB)
	73468  -  ResidentSetSize of job (KB)
...
005 (222596.000.000) 07/31 08:36:50 Job terminated.
	(1) Normal termination (return value 65)
		Usr 0 00:00:16, Sys 0 00:00:19  -  Run Remote Usage
		Usr 0 00:00:00, Sys 0 00:00:00  -  Run Local Usage
		Usr 0 00:00:16, Sys 0 00:00:19  -  Total Remote Usage
		Usr 0 00:00:00, Sys 0 00:00:00  -  Total Local Usage
	14350  -  Run Bytes Sent By Job
	8930  -  Run Bytes Received By Job
	14350  -  Total Bytes Sent By Job
	8930  -  Total Bytes Received By Job
	Partitionable Resources :    Usage  Request Allocated
	   Cpus                 :                 1         1
	   Disk (KB)            :  6711047 10000000  15969738
	   Memory (MB)          :       72     2100      2100
...
