000 (220546.000.000) 07/31 06:48:19 Job submitted from host: <131.225.189.232:9618?addrs=131.225.189.232-9618&noUDP&sock=8982_aaf4_3>
...
001 (220546.000.000) 07/31 06:48:36 Job executing on host: <131.225.204.55:64382?addrs=131.225.204.55-64382>
...
006 (220546.000.000) 07/31 06:48:45 Image size of job updated: 2
	3  -  MemoryUsage of job (MB)
	2424  -  ResidentSetSize of job (KB)
...
006 (220546.000.000) 07/31 06:49:09 Image size of job updated: 447524
	3  -  MemoryUsage of job (MB)
	2424  -  ResidentSetSize of job (KB)
...
005 (220546.000.000) 07/31 06:49:10 Job terminated.
	(1) Normal termination (return value 90)
		Usr 0 00:00:00, Sys 0 00:00:07  -  Run Remote Usage
		Usr 0 00:00:00, Sys 0 00:00:00  -  Run Local Usage
		Usr 0 00:00:00, Sys 0 00:00:07  -  Total Remote Usage
		Usr 0 00:00:00, Sys 0 00:00:00  -  Total Local Usage
	5111  -  Run Bytes Sent By Job
	8930  -  Run Bytes Received By Job
	5111  -  Total Bytes Sent By Job
	8930  -  Total Bytes Received By Job
	Partitionable Resources :    Usage  Request Allocated
	   Cpus                 :                 1         1
	   Disk (KB)            :   773125 10000000  10298826
	   Memory (MB)          :        3     2100      2100
...
000 (221108.000.000) 07/31 07:06:56 Job submitted from host: <131.225.189.232:9618?addrs=131.225.189.232-9618&noUDP&sock=8982_aaf4_3>
...
001 (221108.000.000) 07/31 07:07:16 Job executing on host: <131.225.207.53:51570?addrs=131.225.207.53-51570>
...
006 (221108.000.000) 07/31 07:07:25 Image size of job updated: 447524
	71  -  MemoryUsage of job (MB)
	72344  -  ResidentSetSize of job (KB)
...
005 (221108.000.000) 07/31 07:08:37 Job terminated.
	(1) Normal termination (return value 90)
		Usr 0 00:00:00, Sys 0 00:00:08  -  Run Remote Usage
		Usr 0 00:00:00, Sys 0 00:00:00  -  Run Local Usage
		Usr 0 00:00:00, Sys 0 00:00:08  -  Total Remote Usage
		Usr 0 00:00:00, Sys 0 00:00:00  -  Total Local Usage
	9274  -  Run Bytes Sent By Job
	8930  -  Run Bytes Received By Job
	9274  -  Total Bytes Sent By Job
	8930  -  Total Bytes Received By Job
	Partitionable Resources :    Usage  Request Allocated
	   Cpus                 :                 1         1
	   Disk (KB)            :  2814057 10000000  10165257
	   Memory (MB)          :       71     2100      2100
...
000 (221663.000.000) 07/31 07:11:38 Job submitted from host: <131.225.189.232:9618?addrs=131.225.189.232-9618&noUDP&sock=8982_aaf4_3>
...
001 (221663.000.000) 07/31 07:11:53 Job executing on host: <131.225.191.156:34555?addrs=131.225.191.156-34555>
...
006 (221663.000.000) 07/31 07:12:02 Image size of job updated: 2
	3  -  MemoryUsage of job (MB)
	2424  -  ResidentSetSize of job (KB)
...
006 (221663.000.000) 07/31 07:13:03 Image size of job updated: 447524
	71  -  MemoryUsage of job (MB)
	72344  -  ResidentSetSize of job (KB)
...
006 (221663.000.000) 07/31 07:15:48 Image size of job updated: 618652
	71  -  MemoryUsage of job (MB)
	72344  -  ResidentSetSize of job (KB)
...
005 (221663.000.000) 07/31 07:15:48 Job terminated.
	(1) Normal termination (return value 65)
		Usr 0 00:00:07, Sys 0 00:00:12  -  Run Remote Usage
		Usr 0 00:00:00, Sys 0 00:00:00  -  Run Local Usage
		Usr 0 00:00:07, Sys 0 00:00:12  -  Total Remote Usage
		Usr 0 00:00:00, Sys 0 00:00:00  -  Total Local Usage
	18430  -  Run Bytes Sent By Job
	8930  -  Run Bytes Received By Job
	18430  -  Total Bytes Sent By Job
	8930  -  Total Bytes Received By Job
	Partitionable Resources :    Usage  Request Allocated
	   Cpus                 :                 1         1
	   Disk (KB)            :  2747936 10000000  12129248
	   Memory (MB)          :       71     2100      2100
...
000 (222225.000.000) 07/31 08:32:31 Job submitted from host: <131.225.189.232:9618?addrs=131.225.189.232-9618&noUDP&sock=8982_aaf4_3>
...
001 (222225.000.000) 07/31 08:32:49 Job executing on host: <131.225.206.201:15028?addrs=131.225.206.201-15028>
...
006 (222225.000.000) 07/31 08:32:58 Image size of job updated: 447524
	71  -  MemoryUsage of job (MB)
	72348  -  ResidentSetSize of job (KB)
...
006 (222225.000.000) 07/31 08:33:59 Image size of job updated: 447524
	165  -  MemoryUsage of job (MB)
	168052  -  ResidentSetSize of job (KB)
...
006 (222225.000.000) 07/31 08:34:28 Image size of job updated: 765360
	165  -  MemoryUsage of job (MB)
	168052  -  ResidentSetSize of job (KB)
...
005 (222225.000.000) 07/31 08:34:28 Job terminated.
	(1) Normal termination (return value 65)
		Usr 0 00:00:12, Sys 0 00:00:10  -  Run Remote Usage
		Usr 0 00:00:00, Sys 0 00:00:00  -  Run Local Usage
		Usr 0 00:00:12, Sys 0 00:00:10  -  Total Remote Usage
		Usr 0 00:00:00, Sys 0 00:00:00  -  Total Local Usage
	8136  -  Run Bytes Sent By Job
	8930  -  Run Bytes Received By Job
	8136  -  Total Bytes Sent By Job
	8930  -  Total Bytes Received By Job
	Partitionable Resources :    Usage  Request Allocated
	   Cpus                 :                 1         1
	   Disk (KB)            :  3039931 10000000  11605444
	   Memory (MB)          :      165     2100      2100
...
000 (222780.000.000) 07/31 08:49:41 Job submitted from host: <131.225.189.232:9618?addrs=131.225.189.232-9618&noUDP&sock=8982_aaf4_3>
...
001 (222780.000.000) 07/31 08:50:00 Job executing on host: <131.225.207.184:16797?addrs=131.225.207.184-16797>
...
006 (222780.000.000) 07/31 08:50:08 Image size of job updated: 447524
	71  -  MemoryUsage of job (MB)
	72344  -  ResidentSetSize of job (KB)
...
006 (222780.000.000) 07/31 08:51:50 Image size of job updated: 764344
	71  -  MemoryUsage of job (MB)
	72344  -  ResidentSetSize of job (KB)
...
005 (222780.000.000) 07/31 08:51:50 Job terminated.
	(1) Normal termination (return value 65)
		Usr 0 00:00:12, Sys 0 00:00:07  -  Run Remote Usage
		Usr 0 00:00:00, Sys 0 00:00:00  -  Run Local Usage
		Usr 0 00:00:12, Sys 0 00:00:07  -  Total Remote Usage
		Usr 0 00:00:00, Sys 0 00:00:00  -  Total Local Usage
	9806  -  Run Bytes Sent By Job
	44439  -  Run Bytes Received By Job
	9806  -  Total Bytes Sent By Job
	44439  -  Total Bytes Received By Job
	Partitionable Resources :    Usage  Request Allocated
	   Cpus                 :                 1         1
	   Disk (KB)            :  2816169 10000000  10307553
	   Memory (MB)          :       71     2100      2100
...
000 (223335.000.000) 07/31 09:06:11 Job submitted from host: <131.225.189.232:9618?addrs=131.225.189.232-9618&noUDP&sock=8982_aaf4_3>
...
