000 (220944.000.000) 07/31 06:49:43 Job submitted from host: <131.225.189.232:9618?addrs=131.225.189.232-9618&noUDP&sock=8982_aaf4_3>
...
001 (220944.000.000) 07/31 06:50:35 Job executing on host: <131.225.207.49:46758?addrs=131.225.207.49-46758>
...
006 (220944.000.000) 07/31 06:50:44 Image size of job updated: 2
	3  -  MemoryUsage of job (MB)
	2424  -  ResidentSetSize of job (KB)
...
006 (220944.000.000) 07/31 06:51:45 Image size of job updated: 447524
	71  -  MemoryUsage of job (MB)
	72344  -  ResidentSetSize of job (KB)
...
005 (220944.000.000) 07/31 06:52:10 Job terminated.
	(1) Normal termination (return value 90)
		Usr 0 00:00:00, Sys 0 00:00:20  -  Run Remote Usage
		Usr 0 00:00:00, Sys 0 00:00:00  -  Run Local Usage
		Usr 0 00:00:00, Sys 0 00:00:20  -  Total Remote Usage
		Usr 0 00:00:00, Sys 0 00:00:00  -  Total Local Usage
	9265  -  Run Bytes Sent By Job
	8930  -  Run Bytes Received By Job
	9265  -  Total Bytes Sent By Job
	8930  -  Total Bytes Received By Job
	Partitionable Resources :    Usage  Request Allocated
	   Cpus                 :                 1         1
	   Disk (KB)            :  5983242 10000000  10425933
	   Memory (MB)          :       71     2100      2100
...
000 (221506.000.000) 07/31 07:08:06 Job submitted from host: <131.225.189.232:9618?addrs=131.225.189.232-9618&noUDP&sock=8982_aaf4_3>
...
001 (221506.000.000) 07/31 07:08:41 Job executing on host: <131.225.190.31:64999?addrs=131.225.190.31-64999>
...
006 (221506.000.000) 07/31 07:08:51 Image size of job updated: 342928
	11  -  MemoryUsage of job (MB)
	11124  -  ResidentSetSize of job (KB)
...
006 (221506.000.000) 07/31 07:09:51 Image size of job updated: 447524
	69  -  MemoryUsage of job (MB)
	70432  -  ResidentSetSize of job (KB)
...
000 (222061.000.000) 07/31 07:12:46 Job submitted from host: <131.225.189.232:9618?addrs=131.225.189.232-9618&noUDP&sock=8982_aaf4_3>
...
005 (221506.000.000) 07/31 07:13:57 Job terminated.
	(1) Normal termination (return value 90)
		Usr 0 00:00:01, Sys 0 00:00:24  -  Run Remote Usage
		Usr 0 00:00:00, Sys 0 00:00:00  -  Run Local Usage
		Usr 0 00:00:01, Sys 0 00:00:24  -  Total Remote Usage
		Usr 0 00:00:00, Sys 0 00:00:00  -  Total Local Usage
	29382  -  Run Bytes Sent By Job
	8930  -  Run Bytes Received By Job
	29382  -  Total Bytes Sent By Job
	8930  -  Total Bytes Received By Job
	Partitionable Resources :    Usage  Request Allocated
	   Cpus                 :                 1         1
	   Disk (KB)            :  6467710 10000000  15440832
	   Memory (MB)          :       69     2100      2100
...
001 (222061.000.000) 07/31 07:14:16 Job executing on host: <131.225.205.191:62187?addrs=131.225.205.191-62187>
...
006 (222061.000.000) 07/31 07:14:26 Image size of job updated: 102476
	3  -  MemoryUsage of job (MB)
	2472  -  ResidentSetSize of job (KB)
...
006 (222061.000.000) 07/31 07:15:26 Image size of job updated: 447524
	70  -  MemoryUsage of job (MB)
	71136  -  ResidentSetSize of job (KB)
...
006 (222061.000.000) 07/31 07:19:28 Image size of job updated: 770740
	70  -  MemoryUsage of job (MB)
	71136  -  ResidentSetSize of job (KB)
...
005 (222061.000.000) 07/31 07:20:06 Job terminated.
	(1) Normal termination (return value 65)
		Usr 0 00:00:19, Sys 0 00:00:32  -  Run Remote Usage
		Usr 0 00:00:00, Sys 0 00:00:00  -  Run Local Usage
		Usr 0 00:00:19, Sys 0 00:00:32  -  Total Remote Usage
		Usr 0 00:00:00, Sys 0 00:00:00  -  Total Local Usage
	22510  -  Run Bytes Sent By Job
	8930  -  Run Bytes Received By Job
	22510  -  Total Bytes Sent By Job
	8930  -  Total Bytes Received By Job
	Partitionable Resources :    Usage  Request Allocated
	   Cpus                 :                 1         1
	   Disk (KB)            :  6602041 10000000  17089373
	   Memory (MB)          :       70     2100      2100
...
000 (222623.000.000) 07/31 08:32:58 Job submitted from host: <131.225.189.232:9618?addrs=131.225.189.232-9618&noUDP&sock=8982_aaf4_3>
...
001 (222623.000.000) 07/31 08:34:12 Job executing on host: <131.225.205.186:5315?addrs=131.225.205.186-5315>
...
006 (222623.000.000) 07/31 08:34:21 Image size of job updated: 447524
	70  -  MemoryUsage of job (MB)
	71272  -  ResidentSetSize of job (KB)
...
006 (222623.000.000) 07/31 08:35:21 Image size of job updated: 447524
	70  -  MemoryUsage of job (MB)
	71368  -  ResidentSetSize of job (KB)
...
006 (222623.000.000) 07/31 08:37:21 Image size of job updated: 447524
	164  -  MemoryUsage of job (MB)
	167716  -  ResidentSetSize of job (KB)
...
006 (222623.000.000) 07/31 08:37:59 Image size of job updated: 770992
	164  -  MemoryUsage of job (MB)
	167716  -  ResidentSetSize of job (KB)
...
005 (222623.000.000) 07/31 08:38:00 Job terminated.
	(1) Normal termination (return value 65)
		Usr 0 00:00:15, Sys 0 00:00:24  -  Run Remote Usage
		Usr 0 00:00:00, Sys 0 00:00:00  -  Run Local Usage
		Usr 0 00:00:15, Sys 0 00:00:24  -  Total Remote Usage
		Usr 0 00:00:00, Sys 0 00:00:00  -  Total Local Usage
	17802  -  Run Bytes Sent By Job
	8930  -  Run Bytes Received By Job
	17802  -  Total Bytes Sent By Job
	8930  -  Total Bytes Received By Job
	Partitionable Resources :    Usage  Request Allocated
	   Cpus                 :                 1         1
	   Disk (KB)            :  6604904 10000000  17073607
	   Memory (MB)          :      164     2100      2100
...
000 (223178.000.000) 07/31 08:50:02 Job submitted from host: <131.225.189.232:9618?addrs=131.225.189.232-9618&noUDP&sock=8982_aaf4_3>
...
001 (223178.000.000) 07/31 08:51:22 Job executing on host: <131.225.205.196:48973?addrs=131.225.205.196-48973>
...
006 (223178.000.000) 07/31 08:51:31 Image size of job updated: 447532
	66  -  MemoryUsage of job (MB)
	67396  -  ResidentSetSize of job (KB)
...
006 (223178.000.000) 07/31 08:52:31 Image size of job updated: 447532
	69  -  MemoryUsage of job (MB)
	70312  -  ResidentSetSize of job (KB)
...
006 (223178.000.000) 07/31 08:53:31 Image size of job updated: 447532
	69  -  MemoryUsage of job (MB)
	70408  -  ResidentSetSize of job (KB)
...
006 (223178.000.000) 07/31 08:54:31 Image size of job updated: 693940
	365  -  MemoryUsage of job (MB)
	373416  -  ResidentSetSize of job (KB)
...
005 (223178.000.000) 07/31 08:54:35 Job terminated.
	(1) Normal termination (return value 65)
		Usr 0 00:00:13, Sys 0 00:00:23  -  Run Remote Usage
		Usr 0 00:00:00, Sys 0 00:00:00  -  Run Local Usage
		Usr 0 00:00:13, Sys 0 00:00:23  -  Total Remote Usage
		Usr 0 00:00:00, Sys 0 00:00:00  -  Total Local Usage
	16982  -  Run Bytes Sent By Job
	44439  -  Run Bytes Received By Job
	16982  -  Total Bytes Sent By Job
	44439  -  Total Bytes Received By Job
	Partitionable Resources :    Usage  Request Allocated
	   Cpus                 :                 1         1
	   Disk (KB)            :  6604742 10000000  17089740
	   Memory (MB)          :      365     2100      2100
...
000 (223733.000.000) 07/31 09:06:30 Job submitted from host: <131.225.189.232:9618?addrs=131.225.189.232-9618&noUDP&sock=8982_aaf4_3>
...
