000 (220505.000.000) 07/31 06:48:11 Job submitted from host: <131.225.189.232:9618?addrs=131.225.189.232-9618&noUDP&sock=8982_aaf4_3>
...
001 (220505.000.000) 07/31 06:48:27 Job executing on host: <131.225.204.105:13405?addrs=131.225.204.105-13405>
...
006 (220505.000.000) 07/31 06:48:36 Image size of job updated: 447524
	71  -  MemoryUsage of job (MB)
	72352  -  ResidentSetSize of job (KB)
...
005 (220505.000.000) 07/31 06:50:59 Job terminated.
	(1) Normal termination (return value 90)
		Usr 0 00:00:01, Sys 0 00:00:20  -  Run Remote Usage
		Usr 0 00:00:00, Sys 0 00:00:00  -  Run Local Usage
		Usr 0 00:00:01, Sys 0 00:00:20  -  Total Remote Usage
		Usr 0 00:00:00, Sys 0 00:00:00  -  Total Local Usage
	14951  -  Run Bytes Sent By Job
	8930  -  Run Bytes Received By Job
	14951  -  Total Bytes Sent By Job
	8930  -  Total Bytes Received By Job
	Partitionable Resources :    Usage  Request Allocated
	   Cpus                 :                 1         1
	   Disk (KB)            :  6081551 10000000  10110684
	   Memory (MB)          :       71     2100      2100
...
000 (221067.000.000) 07/31 07:06:50 Job submitted from host: <131.225.189.232:9618?addrs=131.225.189.232-9618&noUDP&sock=8982_aaf4_3>
...
001 (221067.000.000) 07/31 07:07:07 Job executing on host: <131.225.206.107:12501?addrs=131.225.206.107-12501>
...
006 (221067.000.000) 07/31 07:07:16 Image size of job updated: 381924
	15  -  MemoryUsage of job (MB)
	14940  -  ResidentSetSize of job (KB)
...
006 (221067.000.000) 07/31 07:08:17 Image size of job updated: 447524
	70  -  MemoryUsage of job (MB)
	71352  -  ResidentSetSize of job (KB)
...
006 (221067.000.000) 07/31 07:09:18 Image size of job updated: 447524
	70  -  MemoryUsage of job (MB)
	71356  -  ResidentSetSize of job (KB)
...
000 (221622.000.000) 07/31 07:11:32 Job submitted from host: <131.225.189.232:9618?addrs=131.225.189.232-9618&noUDP&sock=8982_aaf4_3>
...
005 (221067.000.000) 07/31 07:11:39 Job terminated.
	(1) Normal termination (return value 90)
		Usr 0 00:00:01, Sys 0 00:00:17  -  Run Remote Usage
		Usr 0 00:00:00, Sys 0 00:00:00  -  Run Local Usage
		Usr 0 00:00:01, Sys 0 00:00:17  -  Total Remote Usage
		Usr 0 00:00:00, Sys 0 00:00:00  -  Total Local Usage
	24279  -  Run Bytes Sent By Job
	8930  -  Run Bytes Received By Job
	24279  -  Total Bytes Sent By Job
	8930  -  Total Bytes Received By Job
	Partitionable Resources :    Usage  Request Allocated
	   Cpus                 :                 1         1
	   Disk (KB)            :  6238327 10000000  10444863
	   Memory (MB)          :       70     2100      2100
...
001 (221622.000.000) 07/31 07:11:41 Job executing on host: <131.225.206.107:12501?addrs=131.225.206.107-12501>
...
006 (221622.000.000) 07/31 07:11:49 Image size of job updated: 2
	3  -  MemoryUsage of job (MB)
	2424  -  ResidentSetSize of job (KB)
...
006 (221622.000.000) 07/31 07:12:49 Image size of job updated: 447524
	71  -  MemoryUsage of job (MB)
	72344  -  ResidentSetSize of job (KB)
...
006 (221622.000.000) 07/31 07:18:23 Image size of job updated: 493964
	71  -  MemoryUsage of job (MB)
	72344  -  ResidentSetSize of job (KB)
...
005 (221622.000.000) 07/31 07:18:24 Job terminated.
	(1) Normal termination (return value 65)
		Usr 0 00:00:05, Sys 0 00:00:19  -  Run Remote Usage
		Usr 0 00:00:00, Sys 0 00:00:00  -  Run Local Usage
		Usr 0 00:00:05, Sys 0 00:00:19  -  Total Remote Usage
		Usr 0 00:00:00, Sys 0 00:00:00  -  Total Local Usage
	33288  -  Run Bytes Sent By Job
	8930  -  Run Bytes Received By Job
	33288  -  Total Bytes Sent By Job
	8930  -  Total Bytes Received By Job
	Partitionable Resources :    Usage  Request Allocated
	   Cpus                 :                 1         1
	   Disk (KB)            :  6385199 10000000  10444863
	   Memory (MB)          :       71     2100      2100
...
000 (222184.000.000) 07/31 08:32:28 Job submitted from host: <131.225.189.232:9618?addrs=131.225.189.232-9618&noUDP&sock=8982_aaf4_3>
...
001 (222184.000.000) 07/31 08:32:57 Job executing on host: <131.225.207.86:31642?addrs=131.225.207.86-31642>
...
006 (222184.000.000) 07/31 08:33:05 Image size of job updated: 57444
	7  -  MemoryUsage of job (MB)
	7100  -  ResidentSetSize of job (KB)
...
006 (222184.000.000) 07/31 08:34:32 Image size of job updated: 447524
	70  -  MemoryUsage of job (MB)
	71360  -  ResidentSetSize of job (KB)
...
006 (222184.000.000) 07/31 08:42:13 Image size of job updated: 772016
	474  -  MemoryUsage of job (MB)
	484660  -  ResidentSetSize of job (KB)
...
005 (222184.000.000) 07/31 08:42:14 Job terminated.
	(1) Normal termination (return value 65)
		Usr 0 00:00:12, Sys 0 00:00:21  -  Run Remote Usage
		Usr 0 00:00:00, Sys 0 00:00:00  -  Run Local Usage
		Usr 0 00:00:12, Sys 0 00:00:21  -  Total Remote Usage
		Usr 0 00:00:00, Sys 0 00:00:00  -  Total Local Usage
	24548  -  Run Bytes Sent By Job
	8930  -  Run Bytes Received By Job
	24548  -  Total Bytes Sent By Job
	8930  -  Total Bytes Received By Job
	Partitionable Resources :    Usage  Request Allocated
	   Cpus                 :                 1         1
	   Disk (KB)            :  6575203 10000000  10275351
	   Memory (MB)          :      474     2100      2100
...
