000 (221005.000.000) 07/31 06:49:57 Job submitted from host: <131.225.189.232:9618?addrs=131.225.189.232-9618&noUDP&sock=8982_aaf4_3>
...
001 (221005.000.000) 07/31 06:51:03 Job executing on host: <131.225.205.153:56309?addrs=131.225.205.153-56309>
...
006 (221005.000.000) 07/31 06:51:11 Image size of job updated: 75184
	15  -  MemoryUsage of job (MB)
	14588  -  ResidentSetSize of job (KB)
...
006 (221005.000.000) 07/31 06:52:11 Image size of job updated: 447524
	69  -  MemoryUsage of job (MB)
	70204  -  ResidentSetSize of job (KB)
...
005 (221005.000.000) 07/31 06:53:35 Job terminated.
	(1) Normal termination (return value 90)
		Usr 0 00:00:00, Sys 0 00:00:20  -  Run Remote Usage
		Usr 0 00:00:00, Sys 0 00:00:00  -  Run Local Usage
		Usr 0 00:00:00, Sys 0 00:00:20  -  Total Remote Usage
		Usr 0 00:00:00, Sys 0 00:00:00  -  Total Local Usage
	12399  -  Run Bytes Sent By Job
	8930  -  Run Bytes Received By Job
	12399  -  Total Bytes Sent By Job
	8930  -  Total Bytes Received By Job
	Partitionable Resources :    Usage  Request Allocated
	   Cpus                 :                 1         1
	   Disk (KB)            :  3476490 10000000  17108037
	   Memory (MB)          :       69     2100      2100
...
000 (221567.000.000) 07/31 07:08:17 Job submitted from host: <131.225.189.232:9618?addrs=131.225.189.232-9618&noUDP&sock=8982_aaf4_3>
...
001 (221567.000.000) 07/31 07:09:25 Job executing on host: <131.225.191.155:28550?addrs=131.225.191.155-28550>
...
006 (221567.000.000) 07/31 07:09:50 Image size of job updated: 447528
	71  -  MemoryUsage of job (MB)
	72344  -  ResidentSetSize of job (KB)
...
000 (222122.000.000) 07/31 07:12:56 Job submitted from host: <131.225.189.232:9618?addrs=131.225.189.232-9618&noUDP&sock=8982_aaf4_3>
...
005 (221567.000.000) 07/31 07:13:15 Job terminated.
	(1) Normal termination (return value 90)
		Usr 0 00:00:01, Sys 0 00:00:23  -  Run Remote Usage
		Usr 0 00:00:00, Sys 0 00:00:00  -  Run Local Usage
		Usr 0 00:00:01, Sys 0 00:00:23  -  Total Remote Usage
		Usr 0 00:00:00, Sys 0 00:00:00  -  Total Local Usage
	14585  -  Run Bytes Sent By Job
	8930  -  Run Bytes Received By Job
	14585  -  Total Bytes Sent By Job
	8930  -  Total Bytes Received By Job
	Partitionable Resources :    Usage  Request Allocated
	   Cpus                 :                 1         1
	   Disk (KB)            :   749669 10000000  12168524
	   Memory (MB)          :       71     2100      2100
...
001 (222122.000.000) 07/31 07:14:45 Job executing on host: <131.225.206.165:16738?addrs=131.225.206.165-16738>
...
006 (222122.000.000) 07/31 07:14:53 Image size of job updated: 447536
	21  -  MemoryUsage of job (MB)
	20648  -  ResidentSetSize of job (KB)
...
006 (222122.000.000) 07/31 07:15:53 Image size of job updated: 447536
	69  -  MemoryUsage of job (MB)
	70396  -  ResidentSetSize of job (KB)
...
006 (222122.000.000) 07/31 07:16:53 Image size of job updated: 447536
	69  -  MemoryUsage of job (MB)
	70404  -  ResidentSetSize of job (KB)
...
006 (222122.000.000) 07/31 07:18:54 Image size of job updated: 447536
	69  -  MemoryUsage of job (MB)
	70408  -  ResidentSetSize of job (KB)
...
006 (222122.000.000) 07/31 07:21:57 Image size of job updated: 772784
	451  -  MemoryUsage of job (MB)
	461776  -  ResidentSetSize of job (KB)
...
006 (222122.000.000) 07/31 07:22:28 Image size of job updated: 780208
	451  -  MemoryUsage of job (MB)
	461776  -  ResidentSetSize of job (KB)
...
005 (222122.000.000) 07/31 07:22:29 Job terminated.
	(1) Normal termination (return value 65)
		Usr 0 00:00:14, Sys 0 00:00:23  -  Run Remote Usage
		Usr 0 00:00:00, Sys 0 00:00:00  -  Run Local Usage
		Usr 0 00:00:14, Sys 0 00:00:23  -  Total Remote Usage
		Usr 0 00:00:00, Sys 0 00:00:00  -  Total Local Usage
	28595  -  Run Bytes Sent By Job
	8930  -  Run Bytes Received By Job
	28595  -  Total Bytes Sent By Job
	8930  -  Total Bytes Received By Job
	Partitionable Resources :    Usage  Request Allocated
	   Cpus                 :                 1         1
	   Disk (KB)            :  6675202 10000000  11589820
	   Memory (MB)          :      451     2100      2100
...
000 (222684.000.000) 07/31 08:33:04 Job submitted from host: <131.225.189.232:9618?addrs=131.225.189.232-9618&noUDP&sock=8982_aaf4_3>
...
001 (222684.000.000) 07/31 08:35:13 Job executing on host: <131.225.204.43:33025?addrs=131.225.204.43-33025>
...
006 (222684.000.000) 07/31 08:35:23 Image size of job updated: 447524
	71  -  MemoryUsage of job (MB)
	72352  -  ResidentSetSize of job (KB)
...
006 (222684.000.000) 07/31 08:36:56 Image size of job updated: 772784
	71  -  MemoryUsage of job (MB)
	72352  -  ResidentSetSize of job (KB)
...
005 (222684.000.000) 07/31 08:36:56 Job terminated.
	(1) Normal termination (return value 65)
		Usr 0 00:00:11, Sys 0 00:00:14  -  Run Remote Usage
		Usr 0 00:00:00, Sys 0 00:00:00  -  Run Local Usage
		Usr 0 00:00:11, Sys 0 00:00:14  -  Total Remote Usage
		Usr 0 00:00:00, Sys 0 00:00:00  -  Total Local Usage
	9674  -  Run Bytes Sent By Job
	8930  -  Run Bytes Received By Job
	9674  -  Total Bytes Sent By Job
	8930  -  Total Bytes Received By Job
	Partitionable Resources :    Usage  Request Allocated
	   Cpus                 :                 1         1
	   Disk (KB)            :  6254908 10000000  10509519
	   Memory (MB)          :       71     2100      2100
...
