000 (220902.000.000) 07/31 06:49:34 Job submitted from host: <131.225.189.232:9618?addrs=131.225.189.232-9618&noUDP&sock=8982_aaf4_3>
...
001 (220902.000.000) 07/31 06:50:05 Job executing on host: <131.225.206.198:53342?addrs=131.225.206.198-53342>
...
006 (220902.000.000) 07/31 06:50:13 Image size of job updated: 447536
	17  -  MemoryUsage of job (MB)
	17048  -  ResidentSetSize of job (KB)
...
006 (220902.000.000) 07/31 06:51:13 Image size of job updated: 447536
	70  -  MemoryUsage of job (MB)
	71352  -  ResidentSetSize of job (KB)
...
005 (220902.000.000) 07/31 06:54:02 Job terminated.
	(1) Normal termination (return value 90)
		Usr 0 00:00:02, Sys 0 00:00:19  -  Run Remote Usage
		Usr 0 00:00:00, Sys 0 00:00:00  -  Run Local Usage
		Usr 0 00:00:02, Sys 0 00:00:19  -  Total Remote Usage
		Usr 0 00:00:00, Sys 0 00:00:00  -  Total Local Usage
	21424  -  Run Bytes Sent By Job
	8930  -  Run Bytes Received By Job
	21424  -  Total Bytes Sent By Job
	8930  -  Total Bytes Received By Job
	Partitionable Resources :    Usage  Request Allocated
	   Cpus                 :                 1         1
	   Disk (KB)            :  4721684 10000000  11531156
	   Memory (MB)          :       70     2100      2100
...
000 (221464.000.000) 07/31 07:07:59 Job submitted from host: <131.225.189.232:9618?addrs=131.225.189.232-9618&noUDP&sock=8982_aaf4_3>
...
001 (221464.000.000) 07/31 07:08:36 Job executing on host: <131.225.190.31:64999?addrs=131.225.190.31-64999>
...
006 (221464.000.000) 07/31 07:08:44 Image size of job updated: 447524
	71  -  MemoryUsage of job (MB)
	72344  -  ResidentSetSize of job (KB)
...
000 (222019.000.000) 07/31 07:12:39 Job submitted from host: <131.225.189.232:9618?addrs=131.225.189.232-9618&noUDP&sock=8982_aaf4_3>
...
005 (221464.000.000) 07/31 07:13:19 Job terminated.
	(1) Normal termination (return value 90)
		Usr 0 00:00:01, Sys 0 00:00:26  -  Run Remote Usage
		Usr 0 00:00:00, Sys 0 00:00:00  -  Run Local Usage
		Usr 0 00:00:01, Sys 0 00:00:26  -  Total Remote Usage
		Usr 0 00:00:00, Sys 0 00:00:00  -  Total Local Usage
	26108  -  Run Bytes Sent By Job
	8930  -  Run Bytes Received By Job
	26108  -  Total Bytes Sent By Job
	8930  -  Total Bytes Received By Job
	Partitionable Resources :    Usage  Request Allocated
	   Cpus                 :                 1         1
	   Disk (KB)            :  5927033 10000000  15143580
	   Memory (MB)          :       71     2100      2100
...
001 (222019.000.000) 07/31 07:14:00 Job executing on host: <131.225.204.103:41640?addrs=131.225.204.103-41640>
...
006 (222019.000.000) 07/31 07:14:08 Image size of job updated: 2
	3  -  MemoryUsage of job (MB)
	2424  -  ResidentSetSize of job (KB)
...
006 (222019.000.000) 07/31 07:15:08 Image size of job updated: 447524
	71  -  MemoryUsage of job (MB)
	72376  -  ResidentSetSize of job (KB)
...
006 (222019.000.000) 07/31 07:19:08 Image size of job updated: 772792
	71  -  MemoryUsage of job (MB)
	72376  -  ResidentSetSize of job (KB)
...
005 (222019.000.000) 07/31 07:19:09 Job terminated.
	(1) Normal termination (return value 65)
		Usr 0 00:00:12, Sys 0 00:00:22  -  Run Remote Usage
		Usr 0 00:00:00, Sys 0 00:00:00  -  Run Local Usage
		Usr 0 00:00:12, Sys 0 00:00:22  -  Total Remote Usage
		Usr 0 00:00:00, Sys 0 00:00:00  -  Total Local Usage
	27200  -  Run Bytes Sent By Job
	8930  -  Run Bytes Received By Job
	27200  -  Total Bytes Sent By Job
	8930  -  Total Bytes Received By Job
	Partitionable Resources :    Usage  Request Allocated
	   Cpus                 :                 1         1
	   Disk (KB)            :  5615143 10000000  10102830
	   Memory (MB)          :       71     2100      2100
...
000 (222581.000.000) 07/31 08:32:55 Job submitted from host: <131.225.189.232:9618?addrs=131.225.189.232-9618&noUDP&sock=8982_aaf4_3>
...
001 (222581.000.000) 07/31 08:34:06 Job executing on host: <131.225.191.153:31312?addrs=131.225.191.153-31312>
...
006 (222581.000.000) 07/31 08:34:17 Image size of job updated: 2
	3  -  MemoryUsage of job (MB)
	2424  -  ResidentSetSize of job (KB)
...
006 (222581.000.000) 07/31 08:35:17 Image size of job updated: 447524
	69  -  MemoryUsage of job (MB)
	70440  -  ResidentSetSize of job (KB)
...
006 (222581.000.000) 07/31 08:36:17 Image size of job updated: 447524
	69  -  MemoryUsage of job (MB)
	70448  -  ResidentSetSize of job (KB)
...
006 (222581.000.000) 07/31 08:38:17 Image size of job updated: 447524
	164  -  MemoryUsage of job (MB)
	167496  -  ResidentSetSize of job (KB)
...
006 (222581.000.000) 07/31 08:39:29 Image size of job updated: 733360
	164  -  MemoryUsage of job (MB)
	167496  -  ResidentSetSize of job (KB)
...
005 (222581.000.000) 07/31 08:39:30 Job terminated.
	(1) Normal termination (return value 65)
		Usr 0 00:00:10, Sys 0 00:00:19  -  Run Remote Usage
		Usr 0 00:00:00, Sys 0 00:00:00  -  Run Local Usage
		Usr 0 00:00:10, Sys 0 00:00:19  -  Total Remote Usage
		Usr 0 00:00:00, Sys 0 00:00:00  -  Total Local Usage
	18344  -  Run Bytes Sent By Job
	8930  -  Run Bytes Received By Job
	18344  -  Total Bytes Sent By Job
	8930  -  Total Bytes Received By Job
	Partitionable Resources :    Usage  Request Allocated
	   Cpus                 :                 1         1
	   Disk (KB)            :  6807494 10000000  11826784
	   Memory (MB)          :      164     2100      2100
...
000 (223136.000.000) 07/31 08:50:00 Job submitted from host: <131.225.189.232:9618?addrs=131.225.189.232-9618&noUDP&sock=8982_aaf4_3>
...
001 (223136.000.000) 07/31 08:51:12 Job executing on host: <131.225.206.20:32487?addrs=131.225.206.20-32487>
...
006 (223136.000.000) 07/31 08:51:21 Image size of job updated: 447524
	65  -  MemoryUsage of job (MB)
	66116  -  ResidentSetSize of job (KB)
...
006 (223136.000.000) 07/31 08:52:22 Image size of job updated: 447524
	71  -  MemoryUsage of job (MB)
	72348  -  ResidentSetSize of job (KB)
...
006 (223136.000.000) 07/31 08:53:03 Image size of job updated: 772784
	71  -  MemoryUsage of job (MB)
	72348  -  ResidentSetSize of job (KB)
...
005 (223136.000.000) 07/31 08:53:03 Job terminated.
	(1) Normal termination (return value 65)
		Usr 0 00:00:10, Sys 0 00:00:19  -  Run Remote Usage
		Usr 0 00:00:00, Sys 0 00:00:00  -  Run Local Usage
		Usr 0 00:00:10, Sys 0 00:00:19  -  Total Remote Usage
		Usr 0 00:00:00, Sys 0 00:00:00  -  Total Local Usage
	10700  -  Run Bytes Sent By Job
	44439  -  Run Bytes Received By Job
	10700  -  Total Bytes Sent By Job
	44439  -  Total Bytes Received By Job
	Partitionable Resources :    Usage  Request Allocated
	   Cpus                 :                 1         1
	   Disk (KB)            :  5437609 10000000  10630371
	   Memory (MB)          :       71     2100      2100
...
000 (223691.000.000) 07/31 09:06:28 Job submitted from host: <131.225.189.232:9618?addrs=131.225.189.232-9618&noUDP&sock=8982_aaf4_3>
...
