000 (221014.000.000) 07/31 06:49:59 Job submitted from host: <131.225.189.232:9618?addrs=131.225.189.232-9618&noUDP&sock=8982_aaf4_3>
...
001 (221014.000.000) 07/31 06:51:14 Job executing on host: <131.225.191.76:5321?addrs=131.225.191.76-5321>
...
006 (221014.000.000) 07/31 06:51:23 Image size of job updated: 447524
	71  -  MemoryUsage of job (MB)
	72344  -  ResidentSetSize of job (KB)
...
005 (221014.000.000) 07/31 06:53:01 Job terminated.
	(1) Normal termination (return value 90)
		Usr 0 00:00:00, Sys 0 00:00:18  -  Run Remote Usage
		Usr 0 00:00:00, Sys 0 00:00:00  -  Run Local Usage
		Usr 0 00:00:00, Sys 0 00:00:18  -  Total Remote Usage
		Usr 0 00:00:00, Sys 0 00:00:00  -  Total Local Usage
	11497  -  Run Bytes Sent By Job
	8930  -  Run Bytes Received By Job
	11497  -  Total Bytes Sent By Job
	8930  -  Total Bytes Received By Job
	Partitionable Resources :    Usage  Request Allocated
	   Cpus                 :                 1         1
	   Disk (KB)            :  4492299 10000000  15276800
	   Memory (MB)          :       71     2100      2100
...
000 (221576.000.000) 07/31 07:08:18 Job submitted from host: <131.225.189.232:9618?addrs=131.225.189.232-9618&noUDP&sock=8982_aaf4_3>
...
001 (221576.000.000) 07/31 07:09:26 Job executing on host: <131.225.207.158:15205?addrs=131.225.207.158-15205>
...
006 (221576.000.000) 07/31 07:09:35 Image size of job updated: 2
	3  -  MemoryUsage of job (MB)
	2416  -  ResidentSetSize of job (KB)
...
006 (221576.000.000) 07/31 07:10:37 Image size of job updated: 447524
	71  -  MemoryUsage of job (MB)
	72472  -  ResidentSetSize of job (KB)
...
005 (221576.000.000) 07/31 07:11:05 Job terminated.
	(1) Normal termination (return value 90)
		Usr 0 00:00:00, Sys 0 00:00:16  -  Run Remote Usage
		Usr 0 00:00:00, Sys 0 00:00:00  -  Run Local Usage
		Usr 0 00:00:00, Sys 0 00:00:16  -  Total Remote Usage
		Usr 0 00:00:00, Sys 0 00:00:00  -  Total Local Usage
	8649  -  Run Bytes Sent By Job
	8930  -  Run Bytes Received By Job
	8649  -  Total Bytes Sent By Job
	8930  -  Total Bytes Received By Job
	Partitionable Resources :    Usage  Request Allocated
	   Cpus                 :                 1         1
	   Disk (KB)            :  6598762 10000000  13138948
	   Memory (MB)          :       71     2100      2100
...
000 (222131.000.000) 07/31 07:12:58 Job submitted from host: <131.225.189.232:9618?addrs=131.225.189.232-9618&noUDP&sock=8982_aaf4_3>
...
001 (222131.000.000) 07/31 07:14:49 Job executing on host: <131.225.205.153:56309?addrs=131.225.205.153-56309>
...
006 (222131.000.000) 07/31 07:14:57 Image size of job updated: 2
	3  -  MemoryUsage of job (MB)
	2432  -  ResidentSetSize of job (KB)
...
006 (222131.000.000) 07/31 07:15:57 Image size of job updated: 447524
	70  -  MemoryUsage of job (MB)
	71240  -  ResidentSetSize of job (KB)
...
006 (222131.000.000) 07/31 07:19:00 Image size of job updated: 708528
	423  -  MemoryUsage of job (MB)
	432344  -  ResidentSetSize of job (KB)
...
006 (222131.000.000) 07/31 07:19:14 Image size of job updated: 772784
	423  -  MemoryUsage of job (MB)
	432344  -  ResidentSetSize of job (KB)
...
005 (222131.000.000) 07/31 07:19:15 Job terminated.
	(1) Normal termination (return value 65)
		Usr 0 00:00:17, Sys 0 00:00:28  -  Run Remote Usage
		Usr 0 00:00:00, Sys 0 00:00:00  -  Run Local Usage
		Usr 0 00:00:17, Sys 0 00:00:28  -  Total Remote Usage
		Usr 0 00:00:00, Sys 0 00:00:00  -  Total Local Usage
	21879  -  Run Bytes Sent By Job
	8930  -  Run Bytes Received By Job
	21879  -  Total Bytes Sent By Job
	8930  -  Total Bytes Received By Job
	Partitionable Resources :    Usage  Request Allocated
	   Cpus                 :                 1         1
	   Disk (KB)            :  6811553 10000000  17132570
	   Memory (MB)          :      423     2100      2100
...
000 (222693.000.000) 07/31 08:33:04 Job submitted from host: <131.225.189.232:9618?addrs=131.225.189.232-9618&noUDP&sock=8982_aaf4_3>
...
001 (222693.000.000) 07/31 08:35:15 Job executing on host: <131.225.207.97:13418?addrs=131.225.207.97-13418>
...
006 (222693.000.000) 07/31 08:35:25 Image size of job updated: 2
	3  -  MemoryUsage of job (MB)
	2420  -  ResidentSetSize of job (KB)
...
006 (222693.000.000) 07/31 08:36:25 Image size of job updated: 447524
	69  -  MemoryUsage of job (MB)
	70448  -  ResidentSetSize of job (KB)
...
006 (222693.000.000) 07/31 08:38:28 Image size of job updated: 773040
	482  -  MemoryUsage of job (MB)
	493248  -  ResidentSetSize of job (KB)
...
005 (222693.000.000) 07/31 08:38:33 Job terminated.
	(1) Normal termination (return value 65)
		Usr 0 00:00:11, Sys 0 00:00:16  -  Run Remote Usage
		Usr 0 00:00:00, Sys 0 00:00:00  -  Run Local Usage
		Usr 0 00:00:11, Sys 0 00:00:16  -  Total Remote Usage
		Usr 0 00:00:00, Sys 0 00:00:00  -  Total Local Usage
	17747  -  Run Bytes Sent By Job
	8930  -  Run Bytes Received By Job
	17747  -  Total Bytes Sent By Job
	8930  -  Total Bytes Received By Job
	Partitionable Resources :    Usage  Request Allocated
	   Cpus                 :                 1         1
	   Disk (KB)            :  6814415 10000000  12742748
	   Memory (MB)          :      482     2100      2100
...
000 (223248.000.000) 07/31 08:50:06 Job submitted from host: <131.225.189.232:9618?addrs=131.225.189.232-9618&noUDP&sock=8982_aaf4_3>
...
001 (223248.000.000) 07/31 08:51:42 Job executing on host: <131.225.206.10:49429?addrs=131.225.206.10-49429>
...
006 (223248.000.000) 07/31 08:51:51 Image size of job updated: 447524
	62  -  MemoryUsage of job (MB)
	62832  -  ResidentSetSize of job (KB)
...
006 (223248.000.000) 07/31 08:52:52 Image size of job updated: 447524
	71  -  MemoryUsage of job (MB)
	72344  -  ResidentSetSize of job (KB)
...
006 (223248.000.000) 07/31 08:56:54 Image size of job updated: 447524
	163  -  MemoryUsage of job (MB)
	166480  -  ResidentSetSize of job (KB)
...
006 (223248.000.000) 07/31 08:57:22 Image size of job updated: 756660
	163  -  MemoryUsage of job (MB)
	166480  -  ResidentSetSize of job (KB)
...
005 (223248.000.000) 07/31 08:57:24 Job terminated.
	(1) Normal termination (return value 65)
		Usr 0 00:00:11, Sys 0 00:00:19  -  Run Remote Usage
		Usr 0 00:00:00, Sys 0 00:00:00  -  Run Local Usage
		Usr 0 00:00:11, Sys 0 00:00:19  -  Total Remote Usage
		Usr 0 00:00:00, Sys 0 00:00:00  -  Total Local Usage
	28428  -  Run Bytes Sent By Job
	44439  -  Run Bytes Received By Job
	28428  -  Total Bytes Sent By Job
	44439  -  Total Bytes Received By Job
	Partitionable Resources :    Usage  Request Allocated
	   Cpus                 :                 1         1
	   Disk (KB)            :  6814264 10000000  10049556
	   Memory (MB)          :      163     2100      2100
...
000 (223803.000.000) 07/31 09:06:34 Job submitted from host: <131.225.189.232:9618?addrs=131.225.189.232-9618&noUDP&sock=8982_aaf4_3>
...
