000 (220974.000.000) 07/31 06:49:50 Job submitted from host: <131.225.189.232:9618?addrs=131.225.189.232-9618&noUDP&sock=8982_aaf4_3>
...
001 (220974.000.000) 07/31 06:50:52 Job executing on host: <131.225.206.213:62224?addrs=131.225.206.213-62224>
...
006 (220974.000.000) 07/31 06:51:01 Image size of job updated: 447532
	23  -  MemoryUsage of job (MB)
	23200  -  ResidentSetSize of job (KB)
...
006 (220974.000.000) 07/31 06:52:03 Image size of job updated: 447532
	71  -  MemoryUsage of job (MB)
	72352  -  ResidentSetSize of job (KB)
...
005 (220974.000.000) 07/31 06:55:46 Job terminated.
	(1) Normal termination (return value 90)
		Usr 0 00:00:01, Sys 0 00:00:22  -  Run Remote Usage
		Usr 0 00:00:00, Sys 0 00:00:00  -  Run Local Usage
		Usr 0 00:00:01, Sys 0 00:00:22  -  Total Remote Usage
		Usr 0 00:00:00, Sys 0 00:00:00  -  Total Local Usage
	26423  -  Run Bytes Sent By Job
	8930  -  Run Bytes Received By Job
	26423  -  Total Bytes Sent By Job
	8930  -  Total Bytes Received By Job
	Partitionable Resources :    Usage  Request Allocated
	   Cpus                 :                 1         1
	   Disk (KB)            :  4803609 10000000  11767208
	   Memory (MB)          :       71     2100      2100
...
000 (221536.000.000) 07/31 07:08:12 Job submitted from host: <131.225.189.232:9618?addrs=131.225.189.232-9618&noUDP&sock=8982_aaf4_3>
...
001 (221536.000.000) 07/31 07:09:11 Job executing on host: <131.225.206.177:16856?addrs=131.225.206.177-16856>
...
006 (221536.000.000) 07/31 07:09:20 Image size of job updated: 2
	3  -  MemoryUsage of job (MB)
	2420  -  ResidentSetSize of job (KB)
...
006 (221536.000.000) 07/31 07:10:21 Image size of job updated: 447524
	71  -  MemoryUsage of job (MB)
	72344  -  ResidentSetSize of job (KB)
...
005 (221536.000.000) 07/31 07:11:08 Job terminated.
	(1) Normal termination (return value 90)
		Usr 0 00:00:01, Sys 0 00:00:16  -  Run Remote Usage
		Usr 0 00:00:00, Sys 0 00:00:00  -  Run Local Usage
		Usr 0 00:00:01, Sys 0 00:00:16  -  Total Remote Usage
		Usr 0 00:00:00, Sys 0 00:00:00  -  Total Local Usage
	9998  -  Run Bytes Sent By Job
	8930  -  Run Bytes Received By Job
	9998  -  Total Bytes Sent By Job
	8930  -  Total Bytes Received By Job
	Partitionable Resources :    Usage  Request Allocated
	   Cpus                 :                 1         1
	   Disk (KB)            :  3666024 10000000  10095747
	   Memory (MB)          :       71     2100      2100
...
000 (222091.000.000) 07/31 07:12:51 Job submitted from host: <131.225.189.232:9618?addrs=131.225.189.232-9618&noUDP&sock=8982_aaf4_3>
...
001 (222091.000.000) 07/31 07:14:28 Job executing on host: <131.225.205.193:60312?addrs=131.225.205.193-60312>
...
006 (222091.000.000) 07/31 07:14:36 Image size of job updated: 447524
	71  -  MemoryUsage of job (MB)
	72348  -  ResidentSetSize of job (KB)
...
006 (222091.000.000) 07/31 07:16:23 Image size of job updated: 772280
	71  -  MemoryUsage of job (MB)
	72348  -  ResidentSetSize of job (KB)
...
005 (222091.000.000) 07/31 07:16:24 Job terminated.
	(1) Normal termination (return value 65)
		Usr 0 00:00:15, Sys 0 00:00:19  -  Run Remote Usage
		Usr 0 00:00:00, Sys 0 00:00:00  -  Run Local Usage
		Usr 0 00:00:15, Sys 0 00:00:19  -  Total Remote Usage
		Usr 0 00:00:00, Sys 0 00:00:00  -  Total Local Usage
	10132  -  Run Bytes Sent By Job
	8930  -  Run Bytes Received By Job
	10132  -  Total Bytes Sent By Job
	8930  -  Total Bytes Received By Job
	Partitionable Resources :    Usage  Request Allocated
	   Cpus                 :                 1         1
	   Disk (KB)            :  5516824 10000000  17160094
	   Memory (MB)          :       71     2100      2100
...
