000 (220743.000.000) 07/31 06:49:00 Job submitted from host: <131.225.189.232:9618?addrs=131.225.189.232-9618&noUDP&sock=8982_aaf4_3>
...
001 (220743.000.000) 07/31 06:49:21 Job executing on host: <131.225.204.66:53648?addrs=131.225.204.66-53648>
...
006 (220743.000.000) 07/31 06:49:30 Image size of job updated: 447524
	71  -  MemoryUsage of job (MB)
	72344  -  ResidentSetSize of job (KB)
...
005 (220743.000.000) 07/31 06:52:18 Job terminated.
	(1) Normal termination (return value 90)
		Usr 0 00:00:01, Sys 0 00:00:18  -  Run Remote Usage
		Usr 0 00:00:00, Sys 0 00:00:00  -  Run Local Usage
		Usr 0 00:00:01, Sys 0 00:00:18  -  Total Remote Usage
		Usr 0 00:00:00, Sys 0 00:00:00  -  Total Local Usage
	12379  -  Run Bytes Sent By Job
	8930  -  Run Bytes Received By Job
	12379  -  Total Bytes Sent By Job
	8930  -  Total Bytes Received By Job
	Partitionable Resources :    Usage  Request Allocated
	   Cpus                 :                 1         1
	   Disk (KB)            :  4033546 10000000  10273695
	   Memory (MB)          :       71     2100      2100
...
000 (221305.000.000) 07/31 07:07:30 Job submitted from host: <131.225.189.232:9618?addrs=131.225.189.232-9618&noUDP&sock=8982_aaf4_3>
...
001 (221305.000.000) 07/31 07:08:04 Job executing on host: <131.225.204.111:64921?addrs=131.225.204.111-64921>
...
006 (221305.000.000) 07/31 07:08:13 Image size of job updated: 447536
	16  -  MemoryUsage of job (MB)
	15620  -  ResidentSetSize of job (KB)
...
006 (221305.000.000) 07/31 07:09:14 Image size of job updated: 447536
	71  -  MemoryUsage of job (MB)
	72444  -  ResidentSetSize of job (KB)
...
000 (221860.000.000) 07/31 07:12:13 Job submitted from host: <131.225.189.232:9618?addrs=131.225.189.232-9618&noUDP&sock=8982_aaf4_3>
...
001 (221860.000.000) 07/31 07:12:31 Job executing on host: <131.225.205.162:52068?addrs=131.225.205.162-52068>
...
006 (221860.000.000) 07/31 07:12:40 Image size of job updated: 447528
	23  -  MemoryUsage of job (MB)
	23200  -  ResidentSetSize of job (KB)
...
005 (221305.000.000) 07/31 07:12:52 Job terminated.
	(1) Normal termination (return value 90)
		Usr 0 00:00:02, Sys 0 00:00:22  -  Run Remote Usage
		Usr 0 00:00:00, Sys 0 00:00:00  -  Run Local Usage
		Usr 0 00:00:02, Sys 0 00:00:22  -  Total Remote Usage
		Usr 0 00:00:00, Sys 0 00:00:00  -  Total Local Usage
	26620  -  Run Bytes Sent By Job
	8930  -  Run Bytes Received By Job
	26620  -  Total Bytes Sent By Job
	8930  -  Total Bytes Received By Job
	Partitionable Resources :    Usage  Request Allocated
	   Cpus                 :                 1         1
	   Disk (KB)            :  5828728 10000000  10479480
	   Memory (MB)          :       71     2100      2100
...
006 (221860.000.000) 07/31 07:13:41 Image size of job updated: 447528
	70  -  MemoryUsage of job (MB)
	71360  -  ResidentSetSize of job (KB)
...
006 (221860.000.000) 07/31 07:15:21 Image size of job updated: 548604
	70  -  MemoryUsage of job (MB)
	71360  -  ResidentSetSize of job (KB)
...
005 (221860.000.000) 07/31 07:15:22 Job terminated.
	(1) Normal termination (return value 65)
		Usr 0 00:00:08, Sys 0 00:00:25  -  Run Remote Usage
		Usr 0 00:00:00, Sys 0 00:00:00  -  Run Local Usage
		Usr 0 00:00:08, Sys 0 00:00:25  -  Total Remote Usage
		Usr 0 00:00:00, Sys 0 00:00:00  -  Total Local Usage
	15409  -  Run Bytes Sent By Job
	8930  -  Run Bytes Received By Job
	15409  -  Total Bytes Sent By Job
	8930  -  Total Bytes Received By Job
	Partitionable Resources :    Usage  Request Allocated
	   Cpus                 :                 1         1
	   Disk (KB)            :  5500445 10000000  17083622
	   Memory (MB)          :       70     2100      2100
...
000 (222422.000.000) 07/31 08:32:46 Job submitted from host: <131.225.189.232:9618?addrs=131.225.189.232-9618&noUDP&sock=8982_aaf4_3>
...
001 (222422.000.000) 07/31 08:33:33 Job executing on host: <131.225.204.84:7575?addrs=131.225.204.84-7575>
...
006 (222422.000.000) 07/31 08:33:41 Image size of job updated: 2
	3  -  MemoryUsage of job (MB)
	2420  -  ResidentSetSize of job (KB)
...
006 (222422.000.000) 07/31 08:34:41 Image size of job updated: 447524
	71  -  MemoryUsage of job (MB)
	72344  -  ResidentSetSize of job (KB)
...
006 (222422.000.000) 07/31 08:37:44 Image size of job updated: 447524
	96  -  MemoryUsage of job (MB)
	97548  -  ResidentSetSize of job (KB)
...
006 (222422.000.000) 07/31 08:38:44 Image size of job updated: 478804
	96  -  MemoryUsage of job (MB)
	97548  -  ResidentSetSize of job (KB)
...
005 (222422.000.000) 07/31 08:38:45 Job terminated.
	(1) Normal termination (return value 65)
		Usr 0 00:00:04, Sys 0 00:00:23  -  Run Remote Usage
		Usr 0 00:00:00, Sys 0 00:00:00  -  Run Local Usage
		Usr 0 00:00:04, Sys 0 00:00:23  -  Total Remote Usage
		Usr 0 00:00:00, Sys 0 00:00:00  -  Total Local Usage
	21871  -  Run Bytes Sent By Job
	8930  -  Run Bytes Received By Job
	21871  -  Total Bytes Sent By Job
	8930  -  Total Bytes Received By Job
	Partitionable Resources :    Usage  Request Allocated
	   Cpus                 :                 1         1
	   Disk (KB)            :  6512383 10000000  10061352
	   Memory (MB)          :       96     2100      2100
...
000 (222977.000.000) 07/31 08:49:53 Job submitted from host: <131.225.189.232:9618?addrs=131.225.189.232-9618&noUDP&sock=8982_aaf4_3>
...
001 (222977.000.000) 07/31 08:50:40 Job executing on host: <131.225.206.55:9544?addrs=131.225.206.55-9544>
...
006 (222977.000.000) 07/31 08:50:49 Image size of job updated: 447524
	55  -  MemoryUsage of job (MB)
	55796  -  ResidentSetSize of job (KB)
...
006 (222977.000.000) 07/31 08:51:51 Image size of job updated: 447524
	69  -  MemoryUsage of job (MB)
	70296  -  ResidentSetSize of job (KB)
...
006 (222977.000.000) 07/31 08:54:51 Image size of job updated: 447524
	69  -  MemoryUsage of job (MB)
	70300  -  ResidentSetSize of job (KB)
...
006 (222977.000.000) 07/31 08:56:59 Image size of job updated: 559012
	282  -  MemoryUsage of job (MB)
	288108  -  ResidentSetSize of job (KB)
...
005 (222977.000.000) 07/31 08:57:23 Job terminated.
	(1) Normal termination (return value 65)
		Usr 0 00:00:06, Sys 0 00:00:19  -  Run Remote Usage
		Usr 0 00:00:00, Sys 0 00:00:00  -  Run Local Usage
		Usr 0 00:00:06, Sys 0 00:00:19  -  Total Remote Usage
		Usr 0 00:00:00, Sys 0 00:00:00  -  Total Local Usage
	27499  -  Run Bytes Sent By Job
	44439  -  Run Bytes Received By Job
	27499  -  Total Bytes Sent By Job
	44439  -  Total Bytes Received By Job
	Partitionable Resources :    Usage  Request Allocated
	   Cpus                 :                 1         1
	   Disk (KB)            :  6512227 10000000  10325385
	   Memory (MB)          :      282     2100      2100
...
000 (223532.000.000) 07/31 09:06:21 Job submitted from host: <131.225.189.232:9618?addrs=131.225.189.232-9618&noUDP&sock=8982_aaf4_3>
...
