000 (220523.000.000) 07/31 06:48:14 Job submitted from host: <131.225.189.232:9618?addrs=131.225.189.232-9618&noUDP&sock=8982_aaf4_3>
...
001 (220523.000.000) 07/31 06:48:30 Job executing on host: <131.225.207.59:6775?addrs=131.225.207.59-6775>
...
006 (220523.000.000) 07/31 06:48:39 Image size of job updated: 2
	3  -  MemoryUsage of job (MB)
	2420  -  ResidentSetSize of job (KB)
...
006 (220523.000.000) 07/31 06:49:40 Image size of job updated: 447524
	70  -  MemoryUsage of job (MB)
	71356  -  ResidentSetSize of job (KB)
...
005 (220523.000.000) 07/31 06:50:53 Job terminated.
	(1) Normal termination (return value 90)
		Usr 0 00:00:02, Sys 0 00:00:11  -  Run Remote Usage
		Usr 0 00:00:00, Sys 0 00:00:00  -  Run Local Usage
		Usr 0 00:00:02, Sys 0 00:00:11  -  Total Remote Usage
		Usr 0 00:00:00, Sys 0 00:00:00  -  Total Local Usage
	14773  -  Run Bytes Sent By Job
	8930  -  Run Bytes Received By Job
	14773  -  Total Bytes Sent By Job
	8930  -  Total Bytes Received By Job
	Partitionable Resources :    Usage  Request Allocated
	   Cpus                 :                 1         1
	   Disk (KB)            :  5819408 10000000  10691688
	   Memory (MB)          :       70     2100      2100
...
000 (221085.000.000) 07/31 07:06:53 Job submitted from host: <131.225.189.232:9618?addrs=131.225.189.232-9618&noUDP&sock=8982_aaf4_3>
...
001 (221085.000.000) 07/31 07:07:11 Job executing on host: <131.225.207.136:2428?addrs=131.225.207.136-2428>
...
006 (221085.000.000) 07/31 07:07:20 Image size of job updated: 447524
	71  -  MemoryUsage of job (MB)
	72348  -  ResidentSetSize of job (KB)
...
005 (221085.000.000) 07/31 07:09:22 Job terminated.
	(1) Normal termination (return value 90)
		Usr 0 00:00:01, Sys 0 00:00:19  -  Run Remote Usage
		Usr 0 00:00:00, Sys 0 00:00:00  -  Run Local Usage
		Usr 0 00:00:01, Sys 0 00:00:19  -  Total Remote Usage
		Usr 0 00:00:00, Sys 0 00:00:00  -  Total Local Usage
	13357  -  Run Bytes Sent By Job
	8930  -  Run Bytes Received By Job
	13357  -  Total Bytes Sent By Job
	8930  -  Total Bytes Received By Job
	Partitionable Resources :    Usage  Request Allocated
	   Cpus                 :                 1         1
	   Disk (KB)            :  4616297 10000000  10198356
	   Memory (MB)          :       71     2100      2100
...
000 (221640.000.000) 07/31 07:11:34 Job submitted from host: <131.225.189.232:9618?addrs=131.225.189.232-9618&noUDP&sock=8982_aaf4_3>
...
001 (221640.000.000) 07/31 07:11:45 Job executing on host: <131.225.206.240:56647?addrs=131.225.206.240-56647>
...
006 (221640.000.000) 07/31 07:11:55 Image size of job updated: 2
	3  -  MemoryUsage of job (MB)
	2420  -  ResidentSetSize of job (KB)
...
006 (221640.000.000) 07/31 07:12:55 Image size of job updated: 447524
	71  -  MemoryUsage of job (MB)
	72348  -  ResidentSetSize of job (KB)
...
006 (221640.000.000) 07/31 07:17:57 Image size of job updated: 447524
	104  -  MemoryUsage of job (MB)
	105956  -  ResidentSetSize of job (KB)
...
006 (221640.000.000) 07/31 07:18:20 Image size of job updated: 603724
	104  -  MemoryUsage of job (MB)
	105956  -  ResidentSetSize of job (KB)
...
005 (221640.000.000) 07/31 07:18:21 Job terminated.
	(1) Normal termination (return value 65)
		Usr 0 00:00:07, Sys 0 00:00:18  -  Run Remote Usage
		Usr 0 00:00:00, Sys 0 00:00:00  -  Run Local Usage
		Usr 0 00:00:07, Sys 0 00:00:18  -  Total Remote Usage
		Usr 0 00:00:00, Sys 0 00:00:00  -  Total Local Usage
	29783  -  Run Bytes Sent By Job
	8930  -  Run Bytes Received By Job
	29783  -  Total Bytes Sent By Job
	8930  -  Total Bytes Received By Job
	Partitionable Resources :    Usage  Request Allocated
	   Cpus                 :                 1         1
	   Disk (KB)            :  6089981 10000000  11429324
	   Memory (MB)          :      104     2100      2100
...
