000 (220867.000.000) 07/31 06:49:26 Job submitted from host: <131.225.189.232:9618?addrs=131.225.189.232-9618&noUDP&sock=8982_aaf4_3>
...
001 (220867.000.000) 07/31 06:49:48 Job executing on host: <131.225.205.192:16216?addrs=131.225.205.192-16216>
...
006 (220867.000.000) 07/31 06:49:56 Image size of job updated: 2
	3  -  MemoryUsage of job (MB)
	2424  -  ResidentSetSize of job (KB)
...
006 (220867.000.000) 07/31 06:50:56 Image size of job updated: 447524
	70  -  MemoryUsage of job (MB)
	71352  -  ResidentSetSize of job (KB)
...
005 (220867.000.000) 07/31 06:52:53 Job terminated.
	(1) Normal termination (return value 90)
		Usr 0 00:00:00, Sys 0 00:00:22  -  Run Remote Usage
		Usr 0 00:00:00, Sys 0 00:00:00  -  Run Local Usage
		Usr 0 00:00:00, Sys 0 00:00:22  -  Total Remote Usage
		Usr 0 00:00:00, Sys 0 00:00:00  -  Total Local Usage
	12565  -  Run Bytes Sent By Job
	8930  -  Run Bytes Received By Job
	12565  -  Total Bytes Sent By Job
	8930  -  Total Bytes Received By Job
	Partitionable Resources :    Usage  Request Allocated
	   Cpus                 :                 1         1
	   Disk (KB)            :  3771402 10000000  17032081
	   Memory (MB)          :       70     2100      2100
...
000 (221429.000.000) 07/31 07:07:53 Job submitted from host: <131.225.189.232:9618?addrs=131.225.189.232-9618&noUDP&sock=8982_aaf4_3>
...
001 (221429.000.000) 07/31 07:08:29 Job executing on host: <131.225.205.153:56309?addrs=131.225.205.153-56309>
...
006 (221429.000.000) 07/31 07:08:38 Image size of job updated: 2
	3  -  MemoryUsage of job (MB)
	2424  -  ResidentSetSize of job (KB)
...
006 (221429.000.000) 07/31 07:09:40 Image size of job updated: 447524
	70  -  MemoryUsage of job (MB)
	71136  -  ResidentSetSize of job (KB)
...
005 (221429.000.000) 07/31 07:10:25 Job terminated.
	(1) Normal termination (return value 90)
		Usr 0 00:00:00, Sys 0 00:00:19  -  Run Remote Usage
		Usr 0 00:00:00, Sys 0 00:00:00  -  Run Local Usage
		Usr 0 00:00:00, Sys 0 00:00:19  -  Total Remote Usage
		Usr 0 00:00:00, Sys 0 00:00:00  -  Total Local Usage
	11767  -  Run Bytes Sent By Job
	8930  -  Run Bytes Received By Job
	11767  -  Total Bytes Sent By Job
	8930  -  Total Bytes Received By Job
	Partitionable Resources :    Usage  Request Allocated
	   Cpus                 :                 1         1
	   Disk (KB)            :  5779561 10000000  17154773
	   Memory (MB)          :       70     2100      2100
...
000 (221984.000.000) 07/31 07:12:33 Job submitted from host: <131.225.189.232:9618?addrs=131.225.189.232-9618&noUDP&sock=8982_aaf4_3>
...
001 (221984.000.000) 07/31 07:13:47 Job executing on host: <131.225.206.18:10358?addrs=131.225.206.18-10358>
...
006 (221984.000.000) 07/31 07:13:56 Image size of job updated: 447524
	71  -  MemoryUsage of job (MB)
	72344  -  ResidentSetSize of job (KB)
...
006 (221984.000.000) 07/31 07:19:02 Image size of job updated: 761776
	411  -  MemoryUsage of job (MB)
	420488  -  ResidentSetSize of job (KB)
...
005 (221984.000.000) 07/31 07:19:09 Job terminated.
	(1) Normal termination (return value 65)
		Usr 0 00:00:12, Sys 0 00:00:27  -  Run Remote Usage
		Usr 0 00:00:00, Sys 0 00:00:00  -  Run Local Usage
		Usr 0 00:00:12, Sys 0 00:00:27  -  Total Remote Usage
		Usr 0 00:00:00, Sys 0 00:00:00  -  Total Local Usage
	26407  -  Run Bytes Sent By Job
	8930  -  Run Bytes Received By Job
	26407  -  Total Bytes Sent By Job
	8930  -  Total Bytes Received By Job
	Partitionable Resources :    Usage  Request Allocated
	   Cpus                 :                 1         1
	   Disk (KB)            :  6611422 10000000  10012287
	   Memory (MB)          :      411     2100      2100
...
