000 (220571.000.000) 07/31 06:48:24 Job submitted from host: <131.225.189.232:9618?addrs=131.225.189.232-9618&noUDP&sock=8982_aaf4_3>
...
001 (220571.000.000) 07/31 06:48:46 Job executing on host: <131.225.207.118:63186?addrs=131.225.207.118-63186>
...
006 (220571.000.000) 07/31 06:48:55 Image size of job updated: 381924
	15  -  MemoryUsage of job (MB)
	14940  -  ResidentSetSize of job (KB)
...
006 (220571.000.000) 07/31 06:49:56 Image size of job updated: 447524
	71  -  MemoryUsage of job (MB)
	72348  -  ResidentSetSize of job (KB)
...
005 (220571.000.000) 07/31 06:52:31 Job terminated.
	(1) Normal termination (return value 90)
		Usr 0 00:00:02, Sys 0 00:00:22  -  Run Remote Usage
		Usr 0 00:00:00, Sys 0 00:00:00  -  Run Local Usage
		Usr 0 00:00:02, Sys 0 00:00:22  -  Total Remote Usage
		Usr 0 00:00:00, Sys 0 00:00:00  -  Total Local Usage
	20367  -  Run Bytes Sent By Job
	8930  -  Run Bytes Received By Job
	20367  -  Total Bytes Sent By Job
	8930  -  Total Bytes Received By Job
	Partitionable Resources :    Usage  Request Allocated
	   Cpus                 :                 1         1
	   Disk (KB)            :  5803029 10000000  10236240
	   Memory (MB)          :       71     2100      2100
...
000 (221133.000.000) 07/31 07:07:00 Job submitted from host: <131.225.189.232:9618?addrs=131.225.189.232-9618&noUDP&sock=8982_aaf4_3>
...
001 (221133.000.000) 07/31 07:07:20 Job executing on host: <131.225.207.180:5355?addrs=131.225.207.180-5355>
...
006 (221133.000.000) 07/31 07:07:29 Image size of job updated: 2
	3  -  MemoryUsage of job (MB)
	2424  -  ResidentSetSize of job (KB)
...
006 (221133.000.000) 07/31 07:08:30 Image size of job updated: 447524
	71  -  MemoryUsage of job (MB)
	72348  -  ResidentSetSize of job (KB)
...
005 (221133.000.000) 07/31 07:09:12 Job terminated.
	(1) Normal termination (return value 90)
		Usr 0 00:00:01, Sys 0 00:00:19  -  Run Remote Usage
		Usr 0 00:00:00, Sys 0 00:00:00  -  Run Local Usage
		Usr 0 00:00:01, Sys 0 00:00:19  -  Total Remote Usage
		Usr 0 00:00:00, Sys 0 00:00:00  -  Total Local Usage
	10951  -  Run Bytes Sent By Job
	8930  -  Run Bytes Received By Job
	10951  -  Total Bytes Sent By Job
	8930  -  Total Bytes Received By Job
	Partitionable Resources :    Usage  Request Allocated
	   Cpus                 :                 1         1
	   Disk (KB)            :  3960941 10000000  13249788
	   Memory (MB)          :       71     2100      2100
...
000 (221688.000.000) 07/31 07:11:43 Job submitted from host: <131.225.189.232:9618?addrs=131.225.189.232-9618&noUDP&sock=8982_aaf4_3>
...
001 (221688.000.000) 07/31 07:11:56 Job executing on host: <131.225.191.253:34683?addrs=131.225.191.253-34683>
...
006 (221688.000.000) 07/31 07:12:05 Image size of job updated: 42516
	4  -  MemoryUsage of job (MB)
	3228  -  ResidentSetSize of job (KB)
...
006 (221688.000.000) 07/31 07:13:06 Image size of job updated: 447524
	69  -  MemoryUsage of job (MB)
	70396  -  ResidentSetSize of job (KB)
...
006 (221688.000.000) 07/31 07:15:07 Image size of job updated: 447524
	69  -  MemoryUsage of job (MB)
	70404  -  ResidentSetSize of job (KB)
...
006 (221688.000.000) 07/31 07:16:09 Image size of job updated: 486524
	200  -  MemoryUsage of job (MB)
	203852  -  ResidentSetSize of job (KB)
...
006 (221688.000.000) 07/31 07:17:07 Image size of job updated: 769968
	200  -  MemoryUsage of job (MB)
	203852  -  ResidentSetSize of job (KB)
...
005 (221688.000.000) 07/31 07:17:12 Job terminated.
	(1) Normal termination (return value 65)
		Usr 0 00:00:18, Sys 0 00:00:33  -  Run Remote Usage
		Usr 0 00:00:00, Sys 0 00:00:00  -  Run Local Usage
		Usr 0 00:00:18, Sys 0 00:00:33  -  Total Remote Usage
		Usr 0 00:00:00, Sys 0 00:00:00  -  Total Local Usage
	17829  -  Run Bytes Sent By Job
	8930  -  Run Bytes Received By Job
	17829  -  Total Bytes Sent By Job
	8930  -  Total Bytes Received By Job
	Partitionable Resources :    Usage  Request Allocated
	   Cpus                 :                 1         1
	   Disk (KB)            :  6159283 10000000  14987734
	   Memory (MB)          :      200     2100      2100
...
