000 (220779.000.000) 07/31 06:49:08 Job submitted from host: <131.225.189.232:9618?addrs=131.225.189.232-9618&noUDP&sock=8982_aaf4_3>
...
001 (220779.000.000) 07/31 06:49:30 Job executing on host: <131.225.207.183:7093?addrs=131.225.207.183-7093>
...
006 (220779.000.000) 07/31 06:49:39 Image size of job updated: 447524
	71  -  MemoryUsage of job (MB)
	72352  -  ResidentSetSize of job (KB)
...
005 (220779.000.000) 07/31 06:52:02 Job terminated.
	(1) Normal termination (return value 90)
		Usr 0 00:00:01, Sys 0 00:00:20  -  Run Remote Usage
		Usr 0 00:00:00, Sys 0 00:00:00  -  Run Local Usage
		Usr 0 00:00:01, Sys 0 00:00:20  -  Total Remote Usage
		Usr 0 00:00:00, Sys 0 00:00:00  -  Total Local Usage
	14161  -  Run Bytes Sent By Job
	8930  -  Run Bytes Received By Job
	14161  -  Total Bytes Sent By Job
	8930  -  Total Bytes Received By Job
	Partitionable Resources :    Usage  Request Allocated
	   Cpus                 :                 1         1
	   Disk (KB)            :  6297394 10000000  10289430
	   Memory (MB)          :       71     2100      2100
...
000 (221341.000.000) 07/31 07:07:38 Job submitted from host: <131.225.189.232:9618?addrs=131.225.189.232-9618&noUDP&sock=8982_aaf4_3>
...
001 (221341.000.000) 07/31 07:08:11 Job executing on host: <131.225.204.118:52953?addrs=131.225.204.118-52953>
...
006 (221341.000.000) 07/31 07:08:20 Image size of job updated: 447524
	71  -  MemoryUsage of job (MB)
	72340  -  ResidentSetSize of job (KB)
...
005 (221341.000.000) 07/31 07:10:34 Job terminated.
	(1) Normal termination (return value 90)
		Usr 0 00:00:01, Sys 0 00:00:18  -  Run Remote Usage
		Usr 0 00:00:00, Sys 0 00:00:00  -  Run Local Usage
		Usr 0 00:00:01, Sys 0 00:00:18  -  Total Remote Usage
		Usr 0 00:00:00, Sys 0 00:00:00  -  Total Local Usage
	12344  -  Run Bytes Sent By Job
	8930  -  Run Bytes Received By Job
	12344  -  Total Bytes Sent By Job
	8930  -  Total Bytes Received By Job
	Partitionable Resources :    Usage  Request Allocated
	   Cpus                 :                 1         1
	   Disk (KB)            :  3813481 10000000  10286787
	   Memory (MB)          :       71     2100      2100
...
000 (221896.000.000) 07/31 07:12:19 Job submitted from host: <131.225.189.232:9618?addrs=131.225.189.232-9618&noUDP&sock=8982_aaf4_3>
...
001 (221896.000.000) 07/31 07:12:45 Job executing on host: <131.225.206.180:5016?addrs=131.225.206.180-5016>
...
006 (221896.000.000) 07/31 07:12:54 Image size of job updated: 2
	3  -  MemoryUsage of job (MB)
	2420  -  ResidentSetSize of job (KB)
...
006 (221896.000.000) 07/31 07:13:53 Image size of job updated: 447524
	71  -  MemoryUsage of job (MB)
	72352  -  ResidentSetSize of job (KB)
...
006 (221896.000.000) 07/31 07:18:57 Image size of job updated: 447524
	137  -  MemoryUsage of job (MB)
	139712  -  ResidentSetSize of job (KB)
...
005 (221896.000.000) 07/31 07:18:58 Job terminated.
	(1) Normal termination (return value 65)
		Usr 0 00:00:01, Sys 0 00:00:19  -  Run Remote Usage
		Usr 0 00:00:00, Sys 0 00:00:00  -  Run Local Usage
		Usr 0 00:00:01, Sys 0 00:00:19  -  Total Remote Usage
		Usr 0 00:00:00, Sys 0 00:00:00  -  Total Local Usage
	25752  -  Run Bytes Sent By Job
	8930  -  Run Bytes Received By Job
	25752  -  Total Bytes Sent By Job
	8930  -  Total Bytes Received By Job
	Partitionable Resources :    Usage  Request Allocated
	   Cpus                 :                 1         1
	   Disk (KB)            :  6666114 10000000  10268649
	   Memory (MB)          :      137     2100      2100
...
000 (222458.000.000) 07/31 08:32:48 Job submitted from host: <131.225.189.232:9618?addrs=131.225.189.232-9618&noUDP&sock=8982_aaf4_3>
...
001 (222458.000.000) 07/31 08:33:38 Job executing on host: <131.225.207.186:45076?addrs=131.225.207.186-45076>
...
006 (222458.000.000) 07/31 08:33:47 Image size of job updated: 447524
	71  -  MemoryUsage of job (MB)
	72340  -  ResidentSetSize of job (KB)
...
006 (222458.000.000) 07/31 08:37:44 Image size of job updated: 523256
	71  -  MemoryUsage of job (MB)
	72340  -  ResidentSetSize of job (KB)
...
005 (222458.000.000) 07/31 08:37:45 Job terminated.
	(1) Normal termination (return value 65)
		Usr 0 00:00:05, Sys 0 00:00:20  -  Run Remote Usage
		Usr 0 00:00:00, Sys 0 00:00:00  -  Run Local Usage
		Usr 0 00:00:05, Sys 0 00:00:20  -  Total Remote Usage
		Usr 0 00:00:00, Sys 0 00:00:00  -  Total Local Usage
	21717  -  Run Bytes Sent By Job
	8930  -  Run Bytes Received By Job
	21717  -  Total Bytes Sent By Job
	8930  -  Total Bytes Received By Job
	Partitionable Resources :    Usage  Request Allocated
	   Cpus                 :                 1         1
	   Disk (KB)            :  5355861 10000000  10520364
	   Memory (MB)          :       71     2100      2100
...
000 (223013.000.000) 07/31 08:49:54 Job submitted from host: <131.225.189.232:9618?addrs=131.225.189.232-9618&noUDP&sock=8982_aaf4_3>
...
001 (223013.000.000) 07/31 08:50:47 Job executing on host: <131.225.207.105:28619?addrs=131.225.207.105-28619>
...
006 (223013.000.000) 07/31 08:50:56 Image size of job updated: 2
	3  -  MemoryUsage of job (MB)
	2420  -  ResidentSetSize of job (KB)
...
006 (223013.000.000) 07/31 08:51:57 Image size of job updated: 447524
	69  -  MemoryUsage of job (MB)
	70296  -  ResidentSetSize of job (KB)
...
006 (223013.000.000) 07/31 08:52:42 Image size of job updated: 672428
	69  -  MemoryUsage of job (MB)
	70296  -  ResidentSetSize of job (KB)
...
005 (223013.000.000) 07/31 08:52:42 Job terminated.
	(1) Normal termination (return value 65)
		Usr 0 00:00:07, Sys 0 00:00:14  -  Run Remote Usage
		Usr 0 00:00:00, Sys 0 00:00:00  -  Run Local Usage
		Usr 0 00:00:07, Sys 0 00:00:14  -  Total Remote Usage
		Usr 0 00:00:00, Sys 0 00:00:00  -  Total Local Usage
	10449  -  Run Bytes Sent By Job
	44439  -  Run Bytes Received By Job
	10449  -  Total Bytes Sent By Job
	44439  -  Total Bytes Received By Job
	Partitionable Resources :    Usage  Request Allocated
	   Cpus                 :                 1         1
	   Disk (KB)            :  5699753 10000000  10444203
	   Memory (MB)          :       69     2100      2100
...
000 (223568.000.000) 07/31 09:06:23 Job submitted from host: <131.225.189.232:9618?addrs=131.225.189.232-9618&noUDP&sock=8982_aaf4_3>
...
