000 (220626.000.000) 07/31 06:48:36 Job submitted from host: <131.225.189.232:9618?addrs=131.225.189.232-9618&noUDP&sock=8982_aaf4_3>
...
001 (220626.000.000) 07/31 06:49:00 Job executing on host: <131.225.207.159:28646?addrs=131.225.207.159-28646>
...
006 (220626.000.000) 07/31 06:49:09 Image size of job updated: 447524
	71  -  MemoryUsage of job (MB)
	72348  -  ResidentSetSize of job (KB)
...
005 (220626.000.000) 07/31 06:50:18 Job terminated.
	(1) Normal termination (return value 90)
		Usr 0 00:00:00, Sys 0 00:00:17  -  Run Remote Usage
		Usr 0 00:00:00, Sys 0 00:00:00  -  Run Local Usage
		Usr 0 00:00:00, Sys 0 00:00:17  -  Total Remote Usage
		Usr 0 00:00:00, Sys 0 00:00:00  -  Total Local Usage
	8664  -  Run Bytes Sent By Job
	8930  -  Run Bytes Received By Job
	8664  -  Total Bytes Sent By Job
	8930  -  Total Bytes Received By Job
	Partitionable Resources :    Usage  Request Allocated
	   Cpus                 :                 1         1
	   Disk (KB)            :  5835786 10000000  10479075
	   Memory (MB)          :       71     2100      2100
...
000 (221188.000.000) 07/31 07:07:10 Job submitted from host: <131.225.189.232:9618?addrs=131.225.189.232-9618&noUDP&sock=8982_aaf4_3>
...
001 (221188.000.000) 07/31 07:07:41 Job executing on host: <131.225.207.49:46758?addrs=131.225.207.49-46758>
...
006 (221188.000.000) 07/31 07:07:50 Image size of job updated: 447524
	71  -  MemoryUsage of job (MB)
	72344  -  ResidentSetSize of job (KB)
...
005 (221188.000.000) 07/31 07:09:13 Job terminated.
	(1) Normal termination (return value 90)
		Usr 0 00:00:00, Sys 0 00:00:16  -  Run Remote Usage
		Usr 0 00:00:00, Sys 0 00:00:00  -  Run Local Usage
		Usr 0 00:00:00, Sys 0 00:00:16  -  Total Remote Usage
		Usr 0 00:00:00, Sys 0 00:00:00  -  Total Local Usage
	10181  -  Run Bytes Sent By Job
	8930  -  Run Bytes Received By Job
	10181  -  Total Bytes Sent By Job
	8930  -  Total Bytes Received By Job
	Partitionable Resources :    Usage  Request Allocated
	   Cpus                 :                 1         1
	   Disk (KB)            :  4665449 10000000  10460241
	   Memory (MB)          :       71     2100      2100
...
000 (221743.000.000) 07/31 07:11:52 Job submitted from host: <131.225.189.232:9618?addrs=131.225.189.232-9618&noUDP&sock=8982_aaf4_3>
...
001 (221743.000.000) 07/31 07:12:11 Job executing on host: <131.225.206.51:32535?addrs=131.225.206.51-32535>
...
006 (221743.000.000) 07/31 07:12:20 Image size of job updated: 447528
	9  -  MemoryUsage of job (MB)
	8856  -  ResidentSetSize of job (KB)
...
006 (221743.000.000) 07/31 07:13:22 Image size of job updated: 447528
	69  -  MemoryUsage of job (MB)
	70408  -  ResidentSetSize of job (KB)
...
006 (221743.000.000) 07/31 07:18:51 Image size of job updated: 769972
	69  -  MemoryUsage of job (MB)
	70408  -  ResidentSetSize of job (KB)
...
005 (221743.000.000) 07/31 07:18:52 Job terminated.
	(1) Normal termination (return value 65)
		Usr 0 00:00:16, Sys 0 00:00:22  -  Run Remote Usage
		Usr 0 00:00:00, Sys 0 00:00:00  -  Run Local Usage
		Usr 0 00:00:16, Sys 0 00:00:22  -  Total Remote Usage
		Usr 0 00:00:00, Sys 0 00:00:00  -  Total Local Usage
	29309  -  Run Bytes Sent By Job
	8930  -  Run Bytes Received By Job
	29309  -  Total Bytes Sent By Job
	8930  -  Total Bytes Received By Job
	Partitionable Resources :    Usage  Request Allocated
	   Cpus                 :                 1         1
	   Disk (KB)            :  5942827 10000000  10484787
	   Memory (MB)          :       69     2100      2100
...
000 (222305.000.000) 07/31 08:32:36 Job submitted from host: <131.225.189.232:9618?addrs=131.225.189.232-9618&noUDP&sock=8982_aaf4_3>
...
001 (222305.000.000) 07/31 08:33:05 Job executing on host: <131.225.207.194:36448?addrs=131.225.207.194-36448>
...
006 (222305.000.000) 07/31 08:33:14 Image size of job updated: 447524
	71  -  MemoryUsage of job (MB)
	72348  -  ResidentSetSize of job (KB)
...
006 (222305.000.000) 07/31 08:35:16 Image size of job updated: 447524
	165  -  MemoryUsage of job (MB)
	167996  -  ResidentSetSize of job (KB)
...
006 (222305.000.000) 07/31 08:35:35 Image size of job updated: 669612
	165  -  MemoryUsage of job (MB)
	167996  -  ResidentSetSize of job (KB)
...
005 (222305.000.000) 07/31 08:35:35 Job terminated.
	(1) Normal termination (return value 65)
		Usr 0 00:00:07, Sys 0 00:00:16  -  Run Remote Usage
		Usr 0 00:00:00, Sys 0 00:00:00  -  Run Local Usage
		Usr 0 00:00:07, Sys 0 00:00:16  -  Total Remote Usage
		Usr 0 00:00:00, Sys 0 00:00:00  -  Total Local Usage
	9317  -  Run Bytes Sent By Job
	8930  -  Run Bytes Received By Job
	9317  -  Total Bytes Sent By Job
	8930  -  Total Bytes Received By Job
	Partitionable Resources :    Usage  Request Allocated
	   Cpus                 :                 1         1
	   Disk (KB)            :  6139511 10000000  12878376
	   Memory (MB)          :      165     2100      2100
...
