000 (220506.000.000) 07/31 06:48:11 Job submitted from host: <131.225.189.232:9618?addrs=131.225.189.232-9618&noUDP&sock=8982_aaf4_3>
...
001 (220506.000.000) 07/31 06:48:26 Job executing on host: <131.225.206.129:8155?addrs=131.225.206.129-8155>
...
006 (220506.000.000) 07/31 06:48:35 Image size of job updated: 447524
	71  -  MemoryUsage of job (MB)
	72352  -  ResidentSetSize of job (KB)
...
005 (220506.000.000) 07/31 06:49:17 Job terminated.
	(1) Normal termination (return value 90)
		Usr 0 00:00:00, Sys 0 00:00:08  -  Run Remote Usage
		Usr 0 00:00:00, Sys 0 00:00:00  -  Run Local Usage
		Usr 0 00:00:00, Sys 0 00:00:08  -  Total Remote Usage
		Usr 0 00:00:00, Sys 0 00:00:00  -  Total Local Usage
	6714  -  Run Bytes Sent By Job
	8930  -  Run Bytes Received By Job
	6714  -  Total Bytes Sent By Job
	8930  -  Total Bytes Received By Job
	Partitionable Resources :    Usage  Request Allocated
	   Cpus                 :                 1         1
	   Disk (KB)            :   592901 10000000  10355880
	   Memory (MB)          :       71     2100      2100
...
000 (221068.000.000) 07/31 07:06:50 Job submitted from host: <131.225.189.232:9618?addrs=131.225.189.232-9618&noUDP&sock=8982_aaf4_3>
...
001 (221068.000.000) 07/31 07:07:07 Job executing on host: <131.225.207.70:41490?addrs=131.225.207.70-41490>
...
006 (221068.000.000) 07/31 07:07:16 Image size of job updated: 447524
	24  -  MemoryUsage of job (MB)
	24028  -  ResidentSetSize of job (KB)
...
005 (221068.000.000) 07/31 07:08:02 Job terminated.
	(1) Normal termination (return value 90)
		Usr 0 00:00:00, Sys 0 00:00:07  -  Run Remote Usage
		Usr 0 00:00:00, Sys 0 00:00:00  -  Run Local Usage
		Usr 0 00:00:00, Sys 0 00:00:07  -  Total Remote Usage
		Usr 0 00:00:00, Sys 0 00:00:00  -  Total Local Usage
	5214  -  Run Bytes Sent By Job
	8930  -  Run Bytes Received By Job
	5214  -  Total Bytes Sent By Job
	8930  -  Total Bytes Received By Job
	Partitionable Resources :    Usage  Request Allocated
	   Cpus                 :                 1         1
	   Disk (KB)            :   798820 10000000  10238742
	   Memory (MB)          :       24     2100      2100
...
000 (221623.000.000) 07/31 07:11:32 Job submitted from host: <131.225.189.232:9618?addrs=131.225.189.232-9618&noUDP&sock=8982_aaf4_3>
...
001 (221623.000.000) 07/31 07:11:41 Job executing on host: <131.225.190.29:47208?addrs=131.225.190.29-47208>
...
006 (221623.000.000) 07/31 07:11:49 Image size of job updated: 447524
	69  -  MemoryUsage of job (MB)
	70280  -  ResidentSetSize of job (KB)
...
006 (221623.000.000) 07/31 07:12:49 Image size of job updated: 447524
	69  -  MemoryUsage of job (MB)
	70288  -  ResidentSetSize of job (KB)
...
006 (221623.000.000) 07/31 07:13:26 Image size of job updated: 757936
	69  -  MemoryUsage of job (MB)
	70288  -  ResidentSetSize of job (KB)
...
005 (221623.000.000) 07/31 07:13:26 Job terminated.
	(1) Normal termination (return value 65)
		Usr 0 00:00:14, Sys 0 00:00:09  -  Run Remote Usage
		Usr 0 00:00:00, Sys 0 00:00:00  -  Run Local Usage
		Usr 0 00:00:14, Sys 0 00:00:09  -  Total Remote Usage
		Usr 0 00:00:00, Sys 0 00:00:00  -  Total Local Usage
	8885  -  Run Bytes Sent By Job
	8930  -  Run Bytes Received By Job
	8885  -  Total Bytes Sent By Job
	8930  -  Total Bytes Received By Job
	Partitionable Resources :    Usage  Request Allocated
	   Cpus                 :                 1         1
	   Disk (KB)            :  3121684 10000000  15846568
	   Memory (MB)          :       69     2100      2100
...
000 (222185.000.000) 07/31 08:32:28 Job submitted from host: <131.225.189.232:9618?addrs=131.225.189.232-9618&noUDP&sock=8982_aaf4_3>
...
001 (222185.000.000) 07/31 08:32:41 Job executing on host: <131.225.207.136:2428?addrs=131.225.207.136-2428>
...
006 (222185.000.000) 07/31 08:32:50 Image size of job updated: 447524
	71  -  MemoryUsage of job (MB)
	72344  -  ResidentSetSize of job (KB)
...
006 (222185.000.000) 07/31 08:33:51 Image size of job updated: 488588
	257  -  MemoryUsage of job (MB)
	262496  -  ResidentSetSize of job (KB)
...
006 (222185.000.000) 07/31 08:34:24 Image size of job updated: 494864
	257  -  MemoryUsage of job (MB)
	262496  -  ResidentSetSize of job (KB)
...
005 (222185.000.000) 07/31 08:34:25 Job terminated.
	(1) Normal termination (return value 65)
		Usr 0 00:00:04, Sys 0 00:00:07  -  Run Remote Usage
		Usr 0 00:00:00, Sys 0 00:00:00  -  Run Local Usage
		Usr 0 00:00:04, Sys 0 00:00:07  -  Total Remote Usage
		Usr 0 00:00:00, Sys 0 00:00:00  -  Total Local Usage
	6127  -  Run Bytes Sent By Job
	8930  -  Run Bytes Received By Job
	6127  -  Total Bytes Sent By Job
	8930  -  Total Bytes Received By Job
	Partitionable Resources :    Usage  Request Allocated
	   Cpus                 :                 1         1
	   Disk (KB)            :  3124549 10000000  10261104
	   Memory (MB)          :      257     2100      2100
...
000 (222740.000.000) 07/31 08:49:39 Job submitted from host: <131.225.189.232:9618?addrs=131.225.189.232-9618&noUDP&sock=8982_aaf4_3>
...
001 (222740.000.000) 07/31 08:49:53 Job executing on host: <131.225.206.238:55117?addrs=131.225.206.238-55117>
...
006 (222740.000.000) 07/31 08:50:02 Image size of job updated: 447524
	71  -  MemoryUsage of job (MB)
	72344  -  ResidentSetSize of job (KB)
...
006 (222740.000.000) 07/31 08:51:03 Image size of job updated: 447524
	165  -  MemoryUsage of job (MB)
	167996  -  ResidentSetSize of job (KB)
...
006 (222740.000.000) 07/31 08:51:41 Image size of job updated: 663976
	165  -  MemoryUsage of job (MB)
	167996  -  ResidentSetSize of job (KB)
...
005 (222740.000.000) 07/31 08:51:42 Job terminated.
	(1) Normal termination (return value 65)
		Usr 0 00:00:08, Sys 0 00:00:07  -  Run Remote Usage
		Usr 0 00:00:00, Sys 0 00:00:00  -  Run Local Usage
		Usr 0 00:00:08, Sys 0 00:00:07  -  Total Remote Usage
		Usr 0 00:00:00, Sys 0 00:00:00  -  Total Local Usage
	8056  -  Run Bytes Sent By Job
	44439  -  Run Bytes Received By Job
	8056  -  Total Bytes Sent By Job
	44439  -  Total Bytes Received By Job
	Partitionable Resources :    Usage  Request Allocated
	   Cpus                 :                 1         1
	   Disk (KB)            :  3124388 10000000  11787216
	   Memory (MB)          :      165     2100      2100
...
000 (223295.000.000) 07/31 09:06:10 Job submitted from host: <131.225.189.232:9618?addrs=131.225.189.232-9618&noUDP&sock=8982_aaf4_3>
...
001 (223295.000.000) 07/31 09:08:52 Job executing on host: <131.225.205.196:48973?addrs=131.225.205.196-48973>
...
006 (223295.000.000) 07/31 09:09:00 Image size of job updated: 447532
	71  -  MemoryUsage of job (MB)
	72372  -  ResidentSetSize of job (KB)
...
