000 (220994.000.000) 07/31 06:49:55 Job submitted from host: <131.225.189.232:9618?addrs=131.225.189.232-9618&noUDP&sock=8982_aaf4_3>
...
001 (220994.000.000) 07/31 06:51:00 Job executing on host: <131.225.204.106:26356?addrs=131.225.204.106-26356>
...
006 (220994.000.000) 07/31 06:51:09 Image size of job updated: 447524
	71  -  MemoryUsage of job (MB)
	72344  -  ResidentSetSize of job (KB)
...
005 (220994.000.000) 07/31 06:52:41 Job terminated.
	(1) Normal termination (return value 90)
		Usr 0 00:00:00, Sys 0 00:00:18  -  Run Remote Usage
		Usr 0 00:00:00, Sys 0 00:00:00  -  Run Local Usage
		Usr 0 00:00:00, Sys 0 00:00:18  -  Total Remote Usage
		Usr 0 00:00:00, Sys 0 00:00:00  -  Total Local Usage
	9811  -  Run Bytes Sent By Job
	8930  -  Run Bytes Received By Job
	9811  -  Total Bytes Sent By Job
	8930  -  Total Bytes Received By Job
	Partitionable Resources :    Usage  Request Allocated
	   Cpus                 :                 1         1
	   Disk (KB)            :  4115465 10000000  10146579
	   Memory (MB)          :       71     2100      2100
...
000 (221556.000.000) 07/31 07:08:15 Job submitted from host: <131.225.189.232:9618?addrs=131.225.189.232-9618&noUDP&sock=8982_aaf4_3>
...
001 (221556.000.000) 07/31 07:09:23 Job executing on host: <131.225.207.66:14919?addrs=131.225.207.66-14919>
...
006 (221556.000.000) 07/31 07:09:33 Image size of job updated: 2
	3  -  MemoryUsage of job (MB)
	2424  -  ResidentSetSize of job (KB)
...
006 (221556.000.000) 07/31 07:10:33 Image size of job updated: 447524
	71  -  MemoryUsage of job (MB)
	72352  -  ResidentSetSize of job (KB)
...
005 (221556.000.000) 07/31 07:11:17 Job terminated.
	(1) Normal termination (return value 90)
		Usr 0 00:00:01, Sys 0 00:00:12  -  Run Remote Usage
		Usr 0 00:00:00, Sys 0 00:00:00  -  Run Local Usage
		Usr 0 00:00:01, Sys 0 00:00:12  -  Total Remote Usage
		Usr 0 00:00:00, Sys 0 00:00:00  -  Total Local Usage
	10876  -  Run Bytes Sent By Job
	8930  -  Run Bytes Received By Job
	10876  -  Total Bytes Sent By Job
	8930  -  Total Bytes Received By Job
	Partitionable Resources :    Usage  Request Allocated
	   Cpus                 :                 1         1
	   Disk (KB)            :  3485800 10000000  13309136
	   Memory (MB)          :       71     2100      2100
...
000 (222111.000.000) 07/31 07:12:55 Job submitted from host: <131.225.189.232:9618?addrs=131.225.189.232-9618&noUDP&sock=8982_aaf4_3>
...
001 (222111.000.000) 07/31 07:14:42 Job executing on host: <131.225.191.74:54794?addrs=131.225.191.74-54794>
...
006 (222111.000.000) 07/31 07:14:51 Image size of job updated: 40612
	4  -  MemoryUsage of job (MB)
	3656  -  ResidentSetSize of job (KB)
...
006 (222111.000.000) 07/31 07:15:52 Image size of job updated: 447524
	69  -  MemoryUsage of job (MB)
	70412  -  ResidentSetSize of job (KB)
...
006 (222111.000.000) 07/31 07:17:35 Image size of job updated: 772788
	69  -  MemoryUsage of job (MB)
	70412  -  ResidentSetSize of job (KB)
...
005 (222111.000.000) 07/31 07:17:36 Job terminated.
	(1) Normal termination (return value 65)
		Usr 0 00:00:14, Sys 0 00:00:23  -  Run Remote Usage
		Usr 0 00:00:00, Sys 0 00:00:00  -  Run Local Usage
		Usr 0 00:00:14, Sys 0 00:00:23  -  Total Remote Usage
		Usr 0 00:00:00, Sys 0 00:00:00  -  Total Local Usage
	14450  -  Run Bytes Sent By Job
	8930  -  Run Bytes Received By Job
	14450  -  Total Bytes Sent By Job
	8930  -  Total Bytes Received By Job
	Partitionable Resources :    Usage  Request Allocated
	   Cpus                 :                 1         1
	   Disk (KB)            :  6551186 10000000  15884238
	   Memory (MB)          :       69     2100      2100
...
000 (222673.000.000) 07/31 08:33:03 Job submitted from host: <131.225.189.232:9618?addrs=131.225.189.232-9618&noUDP&sock=8982_aaf4_3>
...
001 (222673.000.000) 07/31 08:35:32 Job executing on host: <131.225.207.102:53438?addrs=131.225.207.102-53438>
...
006 (222673.000.000) 07/31 08:35:41 Image size of job updated: 2
	3  -  MemoryUsage of job (MB)
	2420  -  ResidentSetSize of job (KB)
...
006 (222673.000.000) 07/31 08:36:42 Image size of job updated: 447524
	71  -  MemoryUsage of job (MB)
	72348  -  ResidentSetSize of job (KB)
...
006 (222673.000.000) 07/31 08:38:42 Image size of job updated: 447524
	165  -  MemoryUsage of job (MB)
	168084  -  ResidentSetSize of job (KB)
...
006 (222673.000.000) 07/31 08:38:49 Image size of job updated: 772784
	165  -  MemoryUsage of job (MB)
	168084  -  ResidentSetSize of job (KB)
...
005 (222673.000.000) 07/31 08:38:50 Job terminated.
	(1) Normal termination (return value 65)
		Usr 0 00:00:13, Sys 0 00:00:18  -  Run Remote Usage
		Usr 0 00:00:00, Sys 0 00:00:00  -  Run Local Usage
		Usr 0 00:00:13, Sys 0 00:00:18  -  Total Remote Usage
		Usr 0 00:00:00, Sys 0 00:00:00  -  Total Local Usage
	16007  -  Run Bytes Sent By Job
	8930  -  Run Bytes Received By Job
	16007  -  Total Bytes Sent By Job
	8930  -  Total Bytes Received By Job
	Partitionable Resources :    Usage  Request Allocated
	   Cpus                 :                 1         1
	   Disk (KB)            :  6668777 10000000  10307739
	   Memory (MB)          :      165     2100      2100
...
