000 (220894.000.000) 07/31 06:49:33 Job submitted from host: <131.225.189.232:9618?addrs=131.225.189.232-9618&noUDP&sock=8982_aaf4_3>
...
001 (220894.000.000) 07/31 06:49:52 Job executing on host: <131.225.205.176:16183?addrs=131.225.205.176-16183>
...
006 (220894.000.000) 07/31 06:50:01 Image size of job updated: 159200
	20  -  MemoryUsage of job (MB)
	20112  -  ResidentSetSize of job (KB)
...
006 (220894.000.000) 07/31 06:51:02 Image size of job updated: 447524
	70  -  MemoryUsage of job (MB)
	70764  -  ResidentSetSize of job (KB)
...
005 (220894.000.000) 07/31 06:53:41 Job terminated.
	(1) Normal termination (return value 90)
		Usr 0 00:00:01, Sys 0 00:00:27  -  Run Remote Usage
		Usr 0 00:00:00, Sys 0 00:00:00  -  Run Local Usage
		Usr 0 00:00:01, Sys 0 00:00:27  -  Total Remote Usage
		Usr 0 00:00:00, Sys 0 00:00:00  -  Total Local Usage
	21575  -  Run Bytes Sent By Job
	8930  -  Run Bytes Received By Job
	21575  -  Total Bytes Sent By Job
	8930  -  Total Bytes Received By Job
	Partitionable Resources :    Usage  Request Allocated
	   Cpus                 :                 1         1
	   Disk (KB)            :  5639189 10000000  17043376
	   Memory (MB)          :       70     2100      2100
...
000 (221456.000.000) 07/31 07:07:58 Job submitted from host: <131.225.189.232:9618?addrs=131.225.189.232-9618&noUDP&sock=8982_aaf4_3>
...
001 (221456.000.000) 07/31 07:08:34 Job executing on host: <131.225.191.77:32337?addrs=131.225.191.77-32337>
...
006 (221456.000.000) 07/31 07:08:44 Image size of job updated: 447524
	14  -  MemoryUsage of job (MB)
	13520  -  ResidentSetSize of job (KB)
...
006 (221456.000.000) 07/31 07:09:44 Image size of job updated: 447524
	69  -  MemoryUsage of job (MB)
	70404  -  ResidentSetSize of job (KB)
...
006 (221456.000.000) 07/31 07:10:44 Image size of job updated: 447524
	69  -  MemoryUsage of job (MB)
	70412  -  ResidentSetSize of job (KB)
...
005 (221456.000.000) 07/31 07:12:26 Job terminated.
	(1) Normal termination (return value 90)
		Usr 0 00:00:01, Sys 0 00:00:25  -  Run Remote Usage
		Usr 0 00:00:00, Sys 0 00:00:00  -  Run Local Usage
		Usr 0 00:00:01, Sys 0 00:00:25  -  Total Remote Usage
		Usr 0 00:00:00, Sys 0 00:00:00  -  Total Local Usage
	15216  -  Run Bytes Sent By Job
	8930  -  Run Bytes Received By Job
	15216  -  Total Bytes Sent By Job
	8930  -  Total Bytes Received By Job
	Partitionable Resources :    Usage  Request Allocated
	   Cpus                 :                 1         1
	   Disk (KB)            :  5812335 10000000  15206364
	   Memory (MB)          :       69     2100      2100
...
000 (222011.000.000) 07/31 07:12:38 Job submitted from host: <131.225.189.232:9618?addrs=131.225.189.232-9618&noUDP&sock=8982_aaf4_3>
...
001 (222011.000.000) 07/31 07:13:58 Job executing on host: <131.225.206.240:56647?addrs=131.225.206.240-56647>
...
006 (222011.000.000) 07/31 07:14:07 Image size of job updated: 2
	3  -  MemoryUsage of job (MB)
	2424  -  ResidentSetSize of job (KB)
...
006 (222011.000.000) 07/31 07:15:08 Image size of job updated: 447524
	71  -  MemoryUsage of job (MB)
	72352  -  ResidentSetSize of job (KB)
...
006 (222011.000.000) 07/31 07:19:10 Image size of job updated: 447524
	140  -  MemoryUsage of job (MB)
	143108  -  ResidentSetSize of job (KB)
...
006 (222011.000.000) 07/31 07:19:21 Image size of job updated: 690612
	140  -  MemoryUsage of job (MB)
	143108  -  ResidentSetSize of job (KB)
...
005 (222011.000.000) 07/31 07:19:22 Job terminated.
	(1) Normal termination (return value 65)
		Usr 0 00:00:10, Sys 0 00:00:22  -  Run Remote Usage
		Usr 0 00:00:00, Sys 0 00:00:00  -  Run Local Usage
		Usr 0 00:00:10, Sys 0 00:00:22  -  Total Remote Usage
		Usr 0 00:00:00, Sys 0 00:00:00  -  Total Local Usage
	25057  -  Run Bytes Sent By Job
	8930  -  Run Bytes Received By Job
	25057  -  Total Bytes Sent By Job
	8930  -  Total Bytes Received By Job
	Partitionable Resources :    Usage  Request Allocated
	   Cpus                 :                 1         1
	   Disk (KB)            :  6680064 10000000  11562828
	   Memory (MB)          :      140     2100      2100
...
000 (222573.000.000) 07/31 08:32:55 Job submitted from host: <131.225.189.232:9618?addrs=131.225.189.232-9618&noUDP&sock=8982_aaf4_3>
...
001 (222573.000.000) 07/31 08:34:02 Job executing on host: <131.225.206.161:35541?addrs=131.225.206.161-35541>
...
006 (222573.000.000) 07/31 08:34:11 Image size of job updated: 2
	3  -  MemoryUsage of job (MB)
	2420  -  ResidentSetSize of job (KB)
...
006 (222573.000.000) 07/31 08:35:13 Image size of job updated: 447524
	71  -  MemoryUsage of job (MB)
	72352  -  ResidentSetSize of job (KB)
...
006 (222573.000.000) 07/31 08:36:34 Image size of job updated: 772788
	71  -  MemoryUsage of job (MB)
	72352  -  ResidentSetSize of job (KB)
...
005 (222573.000.000) 07/31 08:36:35 Job terminated.
	(1) Normal termination (return value 65)
		Usr 0 00:00:12, Sys 0 00:00:19  -  Run Remote Usage
		Usr 0 00:00:00, Sys 0 00:00:00  -  Run Local Usage
		Usr 0 00:00:12, Sys 0 00:00:19  -  Total Remote Usage
		Usr 0 00:00:00, Sys 0 00:00:00  -  Total Local Usage
	12228  -  Run Bytes Sent By Job
	8930  -  Run Bytes Received By Job
	12228  -  Total Bytes Sent By Job
	8930  -  Total Bytes Received By Job
	Partitionable Resources :    Usage  Request Allocated
	   Cpus                 :                 1         1
	   Disk (KB)            :  6682918 10000000  12322116
	   Memory (MB)          :       71     2100      2100
...
