000 (220886.000.000) 07/31 06:49:31 Job submitted from host: <131.225.189.232:9618?addrs=131.225.189.232-9618&noUDP&sock=8982_aaf4_3>
...
001 (220886.000.000) 07/31 06:49:51 Job executing on host: <131.225.191.253:34683?addrs=131.225.191.253-34683>
...
006 (220886.000.000) 07/31 06:50:00 Image size of job updated: 2
	3  -  MemoryUsage of job (MB)
	2428  -  ResidentSetSize of job (KB)
...
006 (220886.000.000) 07/31 06:51:01 Image size of job updated: 447524
	71  -  MemoryUsage of job (MB)
	72340  -  ResidentSetSize of job (KB)
...
005 (220886.000.000) 07/31 06:52:31 Job terminated.
	(1) Normal termination (return value 90)
		Usr 0 00:00:03, Sys 0 00:00:32  -  Run Remote Usage
		Usr 0 00:00:00, Sys 0 00:00:00  -  Run Local Usage
		Usr 0 00:00:03, Sys 0 00:00:32  -  Total Remote Usage
		Usr 0 00:00:00, Sys 0 00:00:00  -  Total Local Usage
	16189  -  Run Bytes Sent By Job
	8930  -  Run Bytes Received By Job
	16189  -  Total Bytes Sent By Job
	8930  -  Total Bytes Received By Job
	Partitionable Resources :    Usage  Request Allocated
	   Cpus                 :                 1         1
	   Disk (KB)            :  5491728 10000000  15883124
	   Memory (MB)          :       71     2100      2100
...
000 (221448.000.000) 07/31 07:07:56 Job submitted from host: <131.225.189.232:9618?addrs=131.225.189.232-9618&noUDP&sock=8982_aaf4_3>
...
001 (221448.000.000) 07/31 07:08:32 Job executing on host: <131.225.204.64:36228?addrs=131.225.204.64-36228>
...
006 (221448.000.000) 07/31 07:08:41 Image size of job updated: 82304
	21  -  MemoryUsage of job (MB)
	21428  -  ResidentSetSize of job (KB)
...
006 (221448.000.000) 07/31 07:09:42 Image size of job updated: 447524
	71  -  MemoryUsage of job (MB)
	72348  -  ResidentSetSize of job (KB)
...
005 (221448.000.000) 07/31 07:12:26 Job terminated.
	(1) Normal termination (return value 90)
		Usr 0 00:00:01, Sys 0 00:00:21  -  Run Remote Usage
		Usr 0 00:00:00, Sys 0 00:00:00  -  Run Local Usage
		Usr 0 00:00:01, Sys 0 00:00:21  -  Total Remote Usage
		Usr 0 00:00:00, Sys 0 00:00:00  -  Total Local Usage
	22369  -  Run Bytes Sent By Job
	8930  -  Run Bytes Received By Job
	22369  -  Total Bytes Sent By Job
	8930  -  Total Bytes Received By Job
	Partitionable Resources :    Usage  Request Allocated
	   Cpus                 :                 1         1
	   Disk (KB)            :  5369971 10000000  10188426
	   Memory (MB)          :       71     2100      2100
...
000 (222003.000.000) 07/31 07:12:37 Job submitted from host: <131.225.189.232:9618?addrs=131.225.189.232-9618&noUDP&sock=8982_aaf4_3>
...
001 (222003.000.000) 07/31 07:13:54 Job executing on host: <131.225.205.187:52979?addrs=131.225.205.187-52979>
...
006 (222003.000.000) 07/31 07:14:03 Image size of job updated: 2
	3  -  MemoryUsage of job (MB)
	2424  -  ResidentSetSize of job (KB)
...
006 (222003.000.000) 07/31 07:15:03 Image size of job updated: 447524
	69  -  MemoryUsage of job (MB)
	70288  -  ResidentSetSize of job (KB)
...
006 (222003.000.000) 07/31 07:19:05 Image size of job updated: 597016
	263  -  MemoryUsage of job (MB)
	268880  -  ResidentSetSize of job (KB)
...
006 (222003.000.000) 07/31 07:19:28 Image size of job updated: 770740
	263  -  MemoryUsage of job (MB)
	268880  -  ResidentSetSize of job (KB)
...
005 (222003.000.000) 07/31 07:19:32 Job terminated.
	(1) Normal termination (return value 65)
		Usr 0 00:00:17, Sys 0 00:00:35  -  Run Remote Usage
		Usr 0 00:00:00, Sys 0 00:00:00  -  Run Local Usage
		Usr 0 00:00:17, Sys 0 00:00:35  -  Total Remote Usage
		Usr 0 00:00:00, Sys 0 00:00:00  -  Total Local Usage
	26939  -  Run Bytes Sent By Job
	8930  -  Run Bytes Received By Job
	26939  -  Total Bytes Sent By Job
	8930  -  Total Bytes Received By Job
	Partitionable Resources :    Usage  Request Allocated
	   Cpus                 :                 1         1
	   Disk (KB)            :  6533320 10000000  17108300
	   Memory (MB)          :      263     2100      2100
...
000 (222565.000.000) 07/31 08:32:54 Job submitted from host: <131.225.189.232:9618?addrs=131.225.189.232-9618&noUDP&sock=8982_aaf4_3>
...
001 (222565.000.000) 07/31 08:34:02 Job executing on host: <131.225.206.200:35523?addrs=131.225.206.200-35523>
...
006 (222565.000.000) 07/31 08:34:10 Image size of job updated: 447524
	71  -  MemoryUsage of job (MB)
	72348  -  ResidentSetSize of job (KB)
...
006 (222565.000.000) 07/31 08:36:10 Image size of job updated: 739244
	455  -  MemoryUsage of job (MB)
	465680  -  ResidentSetSize of job (KB)
...
005 (222565.000.000) 07/31 08:36:11 Job terminated.
	(1) Normal termination (return value 65)
		Usr 0 00:00:10, Sys 0 00:00:17  -  Run Remote Usage
		Usr 0 00:00:00, Sys 0 00:00:00  -  Run Local Usage
		Usr 0 00:00:10, Sys 0 00:00:17  -  Total Remote Usage
		Usr 0 00:00:00, Sys 0 00:00:00  -  Total Local Usage
	10101  -  Run Bytes Sent By Job
	8930  -  Run Bytes Received By Job
	10101  -  Total Bytes Sent By Job
	8930  -  Total Bytes Received By Job
	Partitionable Resources :    Usage  Request Allocated
	   Cpus                 :                 1         1
	   Disk (KB)            :  5519691 10000000  12168288
	   Memory (MB)          :      455     2100      2100
...
