000 (220923.000.000) 07/31 06:49:38 Job submitted from host: <131.225.189.232:9618?addrs=131.225.189.232-9618&noUDP&sock=8982_aaf4_3>
...
001 (220923.000.000) 07/31 06:50:22 Job executing on host: <131.225.207.179:14180?addrs=131.225.207.179-14180>
...
006 (220923.000.000) 07/31 06:50:31 Image size of job updated: 381924
	15  -  MemoryUsage of job (MB)
	14940  -  ResidentSetSize of job (KB)
...
006 (220923.000.000) 07/31 06:51:32 Image size of job updated: 447524
	70  -  MemoryUsage of job (MB)
	71356  -  ResidentSetSize of job (KB)
...
005 (220923.000.000) 07/31 06:54:11 Job terminated.
	(1) Normal termination (return value 90)
		Usr 0 00:00:01, Sys 0 00:00:22  -  Run Remote Usage
		Usr 0 00:00:00, Sys 0 00:00:00  -  Run Local Usage
		Usr 0 00:00:01, Sys 0 00:00:22  -  Total Remote Usage
		Usr 0 00:00:00, Sys 0 00:00:00  -  Total Local Usage
	21688  -  Run Bytes Sent By Job
	8930  -  Run Bytes Received By Job
	21688  -  Total Bytes Sent By Job
	8930  -  Total Bytes Received By Job
	Partitionable Resources :    Usage  Request Allocated
	   Cpus                 :                 1         1
	   Disk (KB)            :  4836373 10000000  10178181
	   Memory (MB)          :       70     2100      2100
...
000 (221485.000.000) 07/31 07:08:03 Job submitted from host: <131.225.189.232:9618?addrs=131.225.189.232-9618&noUDP&sock=8982_aaf4_3>
...
001 (221485.000.000) 07/31 07:08:38 Job executing on host: <131.225.205.186:5315?addrs=131.225.205.186-5315>
...
006 (221485.000.000) 07/31 07:08:47 Image size of job updated: 447524
	69  -  MemoryUsage of job (MB)
	70280  -  ResidentSetSize of job (KB)
...
006 (221485.000.000) 07/31 07:09:48 Image size of job updated: 447524
	69  -  MemoryUsage of job (MB)
	70408  -  ResidentSetSize of job (KB)
...
005 (221485.000.000) 07/31 07:11:19 Job terminated.
	(1) Normal termination (return value 90)
		Usr 0 00:00:01, Sys 0 00:00:24  -  Run Remote Usage
		Usr 0 00:00:00, Sys 0 00:00:00  -  Run Local Usage
		Usr 0 00:00:01, Sys 0 00:00:24  -  Total Remote Usage
		Usr 0 00:00:00, Sys 0 00:00:00  -  Total Local Usage
	16207  -  Run Bytes Sent By Job
	8930  -  Run Bytes Received By Job
	16207  -  Total Bytes Sent By Job
	8930  -  Total Bytes Received By Job
	Partitionable Resources :    Usage  Request Allocated
	   Cpus                 :                 1         1
	   Disk (KB)            :  5353583 10000000  17051578
	   Memory (MB)          :       69     2100      2100
...
000 (222040.000.000) 07/31 07:12:43 Job submitted from host: <131.225.189.232:9618?addrs=131.225.189.232-9618&noUDP&sock=8982_aaf4_3>
...
001 (222040.000.000) 07/31 07:14:11 Job executing on host: <131.225.205.152:10112?addrs=131.225.205.152-10112>
...
006 (222040.000.000) 07/31 07:14:20 Image size of job updated: 2
	3  -  MemoryUsage of job (MB)
	2424  -  ResidentSetSize of job (KB)
...
006 (222040.000.000) 07/31 07:15:20 Image size of job updated: 447524
	70  -  MemoryUsage of job (MB)
	71144  -  ResidentSetSize of job (KB)
...
006 (222040.000.000) 07/31 07:16:18 Image size of job updated: 722352
	70  -  MemoryUsage of job (MB)
	71144  -  ResidentSetSize of job (KB)
...
005 (222040.000.000) 07/31 07:16:19 Job terminated.
	(1) Normal termination (return value 65)
		Usr 0 00:00:13, Sys 0 00:00:17  -  Run Remote Usage
		Usr 0 00:00:00, Sys 0 00:00:00  -  Run Local Usage
		Usr 0 00:00:13, Sys 0 00:00:17  -  Total Remote Usage
		Usr 0 00:00:00, Sys 0 00:00:00  -  Total Local Usage
	10835  -  Run Bytes Sent By Job
	8930  -  Run Bytes Received By Job
	10835  -  Total Bytes Sent By Job
	8930  -  Total Bytes Received By Job
	Partitionable Resources :    Usage  Request Allocated
	   Cpus                 :                 1         1
	   Disk (KB)            :  4271639 10000000  17107942
	   Memory (MB)          :       70     2100      2100
...
000 (222602.000.000) 07/31 08:32:57 Job submitted from host: <131.225.189.232:9618?addrs=131.225.189.232-9618&noUDP&sock=8982_aaf4_3>
...
001 (222602.000.000) 07/31 08:34:07 Job executing on host: <131.225.205.165:41808?addrs=131.225.205.165-41808>
...
006 (222602.000.000) 07/31 08:34:15 Image size of job updated: 447524
	71  -  MemoryUsage of job (MB)
	72348  -  ResidentSetSize of job (KB)
...
006 (222602.000.000) 07/31 08:37:05 Image size of job updated: 769460
	71  -  MemoryUsage of job (MB)
	72348  -  ResidentSetSize of job (KB)
...
005 (222602.000.000) 07/31 08:37:06 Job terminated.
	(1) Normal termination (return value 65)
		Usr 0 00:00:16, Sys 0 00:00:25  -  Run Remote Usage
		Usr 0 00:00:00, Sys 0 00:00:00  -  Run Local Usage
		Usr 0 00:00:16, Sys 0 00:00:25  -  Total Remote Usage
		Usr 0 00:00:00, Sys 0 00:00:00  -  Total Local Usage
	13188  -  Run Bytes Sent By Job
	8930  -  Run Bytes Received By Job
	13188  -  Total Bytes Sent By Job
	8930  -  Total Bytes Received By Job
	Partitionable Resources :    Usage  Request Allocated
	   Cpus                 :                 1         1
	   Disk (KB)            :  6673270 10000000  17177059
	   Memory (MB)          :       71     2100      2100
...
