000 (220694.000.000) 07/31 06:48:50 Job submitted from host: <131.225.189.232:9618?addrs=131.225.189.232-9618&noUDP&sock=8982_aaf4_3>
...
001 (220694.000.000) 07/31 06:49:11 Job executing on host: <131.225.206.53:45858?addrs=131.225.206.53-45858>
...
006 (220694.000.000) 07/31 06:49:20 Image size of job updated: 2
	3  -  MemoryUsage of job (MB)
	2424  -  ResidentSetSize of job (KB)
...
006 (220694.000.000) 07/31 06:50:21 Image size of job updated: 447524
	71  -  MemoryUsage of job (MB)
	72344  -  ResidentSetSize of job (KB)
...
005 (220694.000.000) 07/31 06:50:42 Job terminated.
	(1) Normal termination (return value 90)
		Usr 0 00:00:00, Sys 0 00:00:15  -  Run Remote Usage
		Usr 0 00:00:00, Sys 0 00:00:00  -  Run Local Usage
		Usr 0 00:00:00, Sys 0 00:00:15  -  Total Remote Usage
		Usr 0 00:00:00, Sys 0 00:00:00  -  Total Local Usage
	9634  -  Run Bytes Sent By Job
	8930  -  Run Bytes Received By Job
	9634  -  Total Bytes Sent By Job
	8930  -  Total Bytes Received By Job
	Partitionable Resources :    Usage  Request Allocated
	   Cpus                 :                 1         1
	   Disk (KB)            :  5053978 10000000  10371669
	   Memory (MB)          :       71     2100      2100
...
000 (221256.000.000) 07/31 07:07:22 Job submitted from host: <131.225.189.232:9618?addrs=131.225.189.232-9618&noUDP&sock=8982_aaf4_3>
...
001 (221256.000.000) 07/31 07:07:54 Job executing on host: <131.225.207.162:57873?addrs=131.225.207.162-57873>
...
006 (221256.000.000) 07/31 07:08:03 Image size of job updated: 2
	3  -  MemoryUsage of job (MB)
	2424  -  ResidentSetSize of job (KB)
...
006 (221256.000.000) 07/31 07:09:04 Image size of job updated: 447524
	71  -  MemoryUsage of job (MB)
	72344  -  ResidentSetSize of job (KB)
...
005 (221256.000.000) 07/31 07:11:31 Job terminated.
	(1) Normal termination (return value 90)
		Usr 0 00:00:01, Sys 0 00:00:18  -  Run Remote Usage
		Usr 0 00:00:00, Sys 0 00:00:00  -  Run Local Usage
		Usr 0 00:00:01, Sys 0 00:00:18  -  Total Remote Usage
		Usr 0 00:00:00, Sys 0 00:00:00  -  Total Local Usage
	20676  -  Run Bytes Sent By Job
	8930  -  Run Bytes Received By Job
	20676  -  Total Bytes Sent By Job
	8930  -  Total Bytes Received By Job
	Partitionable Resources :    Usage  Request Allocated
	   Cpus                 :                 1         1
	   Disk (KB)            :  5517427 10000000  10376208
	   Memory (MB)          :       71     2100      2100
...
000 (221811.000.000) 07/31 07:12:04 Job submitted from host: <131.225.189.232:9618?addrs=131.225.189.232-9618&noUDP&sock=8982_aaf4_3>
...
001 (221811.000.000) 07/31 07:12:23 Job executing on host: <131.225.206.85:57633?addrs=131.225.206.85-57633>
...
006 (221811.000.000) 07/31 07:12:32 Image size of job updated: 447524
	69  -  MemoryUsage of job (MB)
	70284  -  ResidentSetSize of job (KB)
...
006 (221811.000.000) 07/31 07:13:33 Image size of job updated: 447524
	69  -  MemoryUsage of job (MB)
	70412  -  ResidentSetSize of job (KB)
...
006 (221811.000.000) 07/31 07:15:35 Image size of job updated: 487968
	255  -  MemoryUsage of job (MB)
	260748  -  ResidentSetSize of job (KB)
...
006 (221811.000.000) 07/31 07:16:17 Image size of job updated: 779440
	255  -  MemoryUsage of job (MB)
	260748  -  ResidentSetSize of job (KB)
...
005 (221811.000.000) 07/31 07:16:18 Job terminated.
	(1) Normal termination (return value 65)
		Usr 0 00:00:14, Sys 0 00:00:21  -  Run Remote Usage
		Usr 0 00:00:00, Sys 0 00:00:00  -  Run Local Usage
		Usr 0 00:00:14, Sys 0 00:00:21  -  Total Remote Usage
		Usr 0 00:00:00, Sys 0 00:00:00  -  Total Local Usage
	12918  -  Run Bytes Sent By Job
	8930  -  Run Bytes Received By Job
	12918  -  Total Bytes Sent By Job
	8930  -  Total Bytes Received By Job
	Partitionable Resources :    Usage  Request Allocated
	   Cpus                 :                 1         1
	   Disk (KB)            :  6187987 10000000  10404729
	   Memory (MB)          :      255     2100      2100
...
000 (222373.000.000) 07/31 08:32:41 Job submitted from host: <131.225.189.232:9618?addrs=131.225.189.232-9618&noUDP&sock=8982_aaf4_3>
...
001 (222373.000.000) 07/31 08:33:20 Job executing on host: <131.225.206.22:55240?addrs=131.225.206.22-55240>
...
006 (222373.000.000) 07/31 08:33:29 Image size of job updated: 447524
	71  -  MemoryUsage of job (MB)
	72348  -  ResidentSetSize of job (KB)
...
006 (222373.000.000) 07/31 08:37:33 Image size of job updated: 447524
	102  -  MemoryUsage of job (MB)
	103512  -  ResidentSetSize of job (KB)
...
006 (222373.000.000) 07/31 08:38:34 Image size of job updated: 488588
	202  -  MemoryUsage of job (MB)
	205904  -  ResidentSetSize of job (KB)
...
006 (222373.000.000) 07/31 08:39:08 Image size of job updated: 768944
	202  -  MemoryUsage of job (MB)
	205904  -  ResidentSetSize of job (KB)
...
005 (222373.000.000) 07/31 08:39:09 Job terminated.
	(1) Normal termination (return value 65)
		Usr 0 00:00:12, Sys 0 00:00:20  -  Run Remote Usage
		Usr 0 00:00:00, Sys 0 00:00:00  -  Run Local Usage
		Usr 0 00:00:12, Sys 0 00:00:20  -  Total Remote Usage
		Usr 0 00:00:00, Sys 0 00:00:00  -  Total Local Usage
	16161  -  Run Bytes Sent By Job
	8930  -  Run Bytes Received By Job
	16161  -  Total Bytes Sent By Job
	8930  -  Total Bytes Received By Job
	Partitionable Resources :    Usage  Request Allocated
	   Cpus                 :                 1         1
	   Disk (KB)            :  6190858 10000000  10329666
	   Memory (MB)          :      202     2100      2100
...
000 (222928.000.000) 07/31 08:49:51 Job submitted from host: <131.225.189.232:9618?addrs=131.225.189.232-9618&noUDP&sock=8982_aaf4_3>
...
001 (222928.000.000) 07/31 08:50:29 Job executing on host: <131.225.206.189:32833?addrs=131.225.206.189-32833>
...
006 (222928.000.000) 07/31 08:50:38 Image size of job updated: 2
	3  -  MemoryUsage of job (MB)
	2428  -  ResidentSetSize of job (KB)
...
006 (222928.000.000) 07/31 08:51:39 Image size of job updated: 447524
	69  -  MemoryUsage of job (MB)
	70300  -  ResidentSetSize of job (KB)
...
006 (222928.000.000) 07/31 08:52:40 Image size of job updated: 447524
	69  -  MemoryUsage of job (MB)
	70308  -  ResidentSetSize of job (KB)
...
005 (222928.000.000) 07/31 08:59:40 Job terminated.
	(1) Normal termination (return value 65)
		Usr 0 00:00:01, Sys 0 00:00:16  -  Run Remote Usage
		Usr 0 00:00:00, Sys 0 00:00:00  -  Run Local Usage
		Usr 0 00:00:01, Sys 0 00:00:16  -  Total Remote Usage
		Usr 0 00:00:00, Sys 0 00:00:00  -  Total Local Usage
	21214  -  Run Bytes Sent By Job
	44439  -  Run Bytes Received By Job
	21214  -  Total Bytes Sent By Job
	44439  -  Total Bytes Received By Job
	Partitionable Resources :    Usage  Request Allocated
	   Cpus                 :                 1         1
	   Disk (KB)            :  4669051 10000000  11316068
	   Memory (MB)          :       69     2100      2100
...
000 (223483.000.000) 07/31 09:06:19 Job submitted from host: <131.225.189.232:9618?addrs=131.225.189.232-9618&noUDP&sock=8982_aaf4_3>
...
