000 (220495.000.000) 07/31 06:48:09 Job submitted from host: <131.225.189.232:9618?addrs=131.225.189.232-9618&noUDP&sock=8982_aaf4_3>
...
001 (220495.000.000) 07/31 06:48:24 Job executing on host: <131.225.207.188:38940?addrs=131.225.207.188-38940>
...
006 (220495.000.000) 07/31 06:48:33 Image size of job updated: 68556
	8  -  MemoryUsage of job (MB)
	7384  -  ResidentSetSize of job (KB)
...
006 (220495.000.000) 07/31 06:49:34 Image size of job updated: 447524
	71  -  MemoryUsage of job (MB)
	72348  -  ResidentSetSize of job (KB)
...
005 (220495.000.000) 07/31 06:50:38 Job terminated.
	(1) Normal termination (return value 90)
		Usr 0 00:00:01, Sys 0 00:00:19  -  Run Remote Usage
		Usr 0 00:00:00, Sys 0 00:00:00  -  Run Local Usage
		Usr 0 00:00:01, Sys 0 00:00:19  -  Total Remote Usage
		Usr 0 00:00:00, Sys 0 00:00:00  -  Total Local Usage
	13092  -  Run Bytes Sent By Job
	8930  -  Run Bytes Received By Job
	13092  -  Total Bytes Sent By Job
	8930  -  Total Bytes Received By Job
	Partitionable Resources :    Usage  Request Allocated
	   Cpus                 :                 1         1
	   Disk (KB)            :  6583550 10000000  10321344
	   Memory (MB)          :       71     2100      2100
...
000 (221057.000.000) 07/31 07:06:48 Job submitted from host: <131.225.189.232:9618?addrs=131.225.189.232-9618&noUDP&sock=8982_aaf4_3>
...
001 (221057.000.000) 07/31 07:07:05 Job executing on host: <131.225.204.32:15857?addrs=131.225.204.32-15857>
...
006 (221057.000.000) 07/31 07:07:14 Image size of job updated: 447524
	71  -  MemoryUsage of job (MB)
	72344  -  ResidentSetSize of job (KB)
...
005 (221057.000.000) 07/31 07:10:24 Job terminated.
	(1) Normal termination (return value 90)
		Usr 0 00:00:01, Sys 0 00:00:18  -  Run Remote Usage
		Usr 0 00:00:00, Sys 0 00:00:00  -  Run Local Usage
		Usr 0 00:00:01, Sys 0 00:00:18  -  Total Remote Usage
		Usr 0 00:00:00, Sys 0 00:00:00  -  Total Local Usage
	18783  -  Run Bytes Sent By Job
	8930  -  Run Bytes Received By Job
	18783  -  Total Bytes Sent By Job
	8930  -  Total Bytes Received By Job
	Partitionable Resources :    Usage  Request Allocated
	   Cpus                 :                 1         1
	   Disk (KB)            :  6516851 10000000  10208034
	   Memory (MB)          :       71     2100      2100
...
000 (221612.000.000) 07/31 07:11:30 Job submitted from host: <131.225.189.232:9618?addrs=131.225.189.232-9618&noUDP&sock=8982_aaf4_3>
...
001 (221612.000.000) 07/31 07:11:37 Job executing on host: <131.225.206.222:59732?addrs=131.225.206.222-59732>
...
006 (221612.000.000) 07/31 07:11:45 Image size of job updated: 447524
	71  -  MemoryUsage of job (MB)
	72340  -  ResidentSetSize of job (KB)
...
006 (221612.000.000) 07/31 07:13:45 Image size of job updated: 686768
	401  -  MemoryUsage of job (MB)
	409676  -  ResidentSetSize of job (KB)
...
006 (221612.000.000) 07/31 07:13:55 Image size of job updated: 770224
	401  -  MemoryUsage of job (MB)
	409676  -  ResidentSetSize of job (KB)
...
005 (221612.000.000) 07/31 07:13:56 Job terminated.
	(1) Normal termination (return value 65)
		Usr 0 00:00:11, Sys 0 00:00:17  -  Run Remote Usage
		Usr 0 00:00:00, Sys 0 00:00:00  -  Run Local Usage
		Usr 0 00:00:11, Sys 0 00:00:17  -  Total Remote Usage
		Usr 0 00:00:00, Sys 0 00:00:00  -  Total Local Usage
	9109  -  Run Bytes Sent By Job
	8930  -  Run Bytes Received By Job
	9109  -  Total Bytes Sent By Job
	8930  -  Total Bytes Received By Job
	Partitionable Resources :    Usage  Request Allocated
	   Cpus                 :                 1         1
	   Disk (KB)            :  6592265 10000000  11898400
	   Memory (MB)          :      401     2100      2100
...
000 (222174.000.000) 07/31 08:32:28 Job submitted from host: <131.225.189.232:9618?addrs=131.225.189.232-9618&noUDP&sock=8982_aaf4_3>
...
001 (222174.000.000) 07/31 08:32:39 Job executing on host: <131.225.206.180:5016?addrs=131.225.206.180-5016>
...
006 (222174.000.000) 07/31 08:32:47 Image size of job updated: 447524
	71  -  MemoryUsage of job (MB)
	72348  -  ResidentSetSize of job (KB)
...
006 (222174.000.000) 07/31 08:36:50 Image size of job updated: 546552
	267  -  MemoryUsage of job (MB)
	273312  -  ResidentSetSize of job (KB)
...
005 (222174.000.000) 07/31 08:37:01 Job terminated.
	(1) Normal termination (return value 65)
		Usr 0 00:00:05, Sys 0 00:00:19  -  Run Remote Usage
		Usr 0 00:00:00, Sys 0 00:00:00  -  Run Local Usage
		Usr 0 00:00:05, Sys 0 00:00:19  -  Total Remote Usage
		Usr 0 00:00:00, Sys 0 00:00:00  -  Total Local Usage
	20229  -  Run Bytes Sent By Job
	8930  -  Run Bytes Received By Job
	20229  -  Total Bytes Sent By Job
	8930  -  Total Bytes Received By Job
	Partitionable Resources :    Usage  Request Allocated
	   Cpus                 :                 1         1
	   Disk (KB)            :  6595143 10000000  10244805
	   Memory (MB)          :      267     2100      2100
...
000 (222729.000.000) 07/31 08:49:38 Job submitted from host: <131.225.189.232:9618?addrs=131.225.189.232-9618&noUDP&sock=8982_aaf4_3>
...
001 (222729.000.000) 07/31 08:49:51 Job executing on host: <131.225.207.66:14919?addrs=131.225.207.66-14919>
...
006 (222729.000.000) 07/31 08:50:00 Image size of job updated: 447524
	70  -  MemoryUsage of job (MB)
	71480  -  ResidentSetSize of job (KB)
...
006 (222729.000.000) 07/31 08:52:24 Image size of job updated: 588824
	70  -  MemoryUsage of job (MB)
	71480  -  ResidentSetSize of job (KB)
...
005 (222729.000.000) 07/31 08:52:24 Job terminated.
	(1) Normal termination (return value 65)
		Usr 0 00:00:06, Sys 0 00:00:16  -  Run Remote Usage
		Usr 0 00:00:00, Sys 0 00:00:00  -  Run Local Usage
		Usr 0 00:00:06, Sys 0 00:00:16  -  Total Remote Usage
		Usr 0 00:00:00, Sys 0 00:00:00  -  Total Local Usage
	13546  -  Run Bytes Sent By Job
	44439  -  Run Bytes Received By Job
	13546  -  Total Bytes Sent By Job
	44439  -  Total Bytes Received By Job
	Partitionable Resources :    Usage  Request Allocated
	   Cpus                 :                 1         1
	   Disk (KB)            :  6518958 10000000  10147098
	   Memory (MB)          :       70     2100      2100
...
000 (223284.000.000) 07/31 09:06:09 Job submitted from host: <131.225.189.232:9618?addrs=131.225.189.232-9618&noUDP&sock=8982_aaf4_3>
...
001 (223284.000.000) 07/31 09:07:21 Job executing on host: <131.225.204.56:7893?addrs=131.225.204.56-7893>
...
006 (223284.000.000) 07/31 09:07:29 Image size of job updated: 102476
	3  -  MemoryUsage of job (MB)
	2464  -  ResidentSetSize of job (KB)
...
006 (223284.000.000) 07/31 09:08:29 Image size of job updated: 447532
	73  -  MemoryUsage of job (MB)
	74368  -  ResidentSetSize of job (KB)
...
006 (223284.000.000) 07/31 09:09:29 Image size of job updated: 742840
	457  -  MemoryUsage of job (MB)
	467160  -  ResidentSetSize of job (KB)
...
006 (223284.000.000) 07/31 09:10:30 Image size of job updated: 980180
	637  -  MemoryUsage of job (MB)
	652092  -  ResidentSetSize of job (KB)
...
