000 (220863.000.000) 07/31 06:49:26 Job submitted from host: <131.225.189.232:9618?addrs=131.225.189.232-9618&noUDP&sock=8982_aaf4_3>
...
001 (220863.000.000) 07/31 06:49:47 Job executing on host: <131.225.191.226:14321?addrs=131.225.191.226-14321>
...
006 (220863.000.000) 07/31 06:49:56 Image size of job updated: 447524
	71  -  MemoryUsage of job (MB)
	72348  -  ResidentSetSize of job (KB)
...
005 (220863.000.000) 07/31 06:51:43 Job terminated.
	(1) Normal termination (return value 90)
		Usr 0 00:00:02, Sys 0 00:00:25  -  Run Remote Usage
		Usr 0 00:00:00, Sys 0 00:00:00  -  Run Local Usage
		Usr 0 00:00:02, Sys 0 00:00:25  -  Total Remote Usage
		Usr 0 00:00:00, Sys 0 00:00:00  -  Total Local Usage
	12210  -  Run Bytes Sent By Job
	8930  -  Run Bytes Received By Job
	12210  -  Total Bytes Sent By Job
	8930  -  Total Bytes Received By Job
	Partitionable Resources :    Usage  Request Allocated
	   Cpus                 :                 1         1
	   Disk (KB)            :  3738635 10000000  15985186
	   Memory (MB)          :       71     2100      2100
...
000 (221425.000.000) 07/31 07:07:52 Job submitted from host: <131.225.189.232:9618?addrs=131.225.189.232-9618&noUDP&sock=8982_aaf4_3>
...
001 (221425.000.000) 07/31 07:08:29 Job executing on host: <131.225.205.184:3858?addrs=131.225.205.184-3858>
...
006 (221425.000.000) 07/31 07:08:37 Image size of job updated: 447524
	48  -  MemoryUsage of job (MB)
	48720  -  ResidentSetSize of job (KB)
...
006 (221425.000.000) 07/31 07:09:37 Image size of job updated: 447524
	70  -  MemoryUsage of job (MB)
	71356  -  ResidentSetSize of job (KB)
...
005 (221425.000.000) 07/31 07:10:09 Job terminated.
	(1) Normal termination (return value 90)
		Usr 0 00:00:00, Sys 0 00:00:18  -  Run Remote Usage
		Usr 0 00:00:00, Sys 0 00:00:00  -  Run Local Usage
		Usr 0 00:00:00, Sys 0 00:00:18  -  Total Remote Usage
		Usr 0 00:00:00, Sys 0 00:00:00  -  Total Local Usage
	10068  -  Run Bytes Sent By Job
	8930  -  Run Bytes Received By Job
	10068  -  Total Bytes Sent By Job
	8930  -  Total Bytes Received By Job
	Partitionable Resources :    Usage  Request Allocated
	   Cpus                 :                 1         1
	   Disk (KB)            :  4935417 10000000  17129185
	   Memory (MB)          :       70     2100      2100
...
000 (221980.000.000) 07/31 07:12:33 Job submitted from host: <131.225.189.232:9618?addrs=131.225.189.232-9618&noUDP&sock=8982_aaf4_3>
...
001 (221980.000.000) 07/31 07:13:46 Job executing on host: <131.225.191.151:10822?addrs=131.225.191.151-10822>
...
006 (221980.000.000) 07/31 07:13:55 Image size of job updated: 447524
	71  -  MemoryUsage of job (MB)
	72344  -  ResidentSetSize of job (KB)
...
006 (221980.000.000) 07/31 07:15:46 Image size of job updated: 772784
	71  -  MemoryUsage of job (MB)
	72344  -  ResidentSetSize of job (KB)
...
005 (221980.000.000) 07/31 07:15:47 Job terminated.
	(1) Normal termination (return value 65)
		Usr 0 00:00:11, Sys 0 00:00:17  -  Run Remote Usage
		Usr 0 00:00:00, Sys 0 00:00:00  -  Run Local Usage
		Usr 0 00:00:11, Sys 0 00:00:17  -  Total Remote Usage
		Usr 0 00:00:00, Sys 0 00:00:00  -  Total Local Usage
	10488  -  Run Bytes Sent By Job
	8930  -  Run Bytes Received By Job
	10488  -  Total Bytes Sent By Job
	8930  -  Total Bytes Received By Job
	Partitionable Resources :    Usage  Request Allocated
	   Cpus                 :                 1         1
	   Disk (KB)            :  5271064 10000000  11932508
	   Memory (MB)          :       71     2100      2100
...
000 (222542.000.000) 07/31 08:32:53 Job submitted from host: <131.225.189.232:9618?addrs=131.225.189.232-9618&noUDP&sock=8982_aaf4_3>
...
001 (222542.000.000) 07/31 08:33:48 Job executing on host: <131.225.207.44:50236?addrs=131.225.207.44-50236>
...
006 (222542.000.000) 07/31 08:33:57 Image size of job updated: 2
	3  -  MemoryUsage of job (MB)
	2424  -  ResidentSetSize of job (KB)
...
006 (222542.000.000) 07/31 08:34:58 Image size of job updated: 447524
	69  -  MemoryUsage of job (MB)
	70416  -  ResidentSetSize of job (KB)
...
006 (222542.000.000) 07/31 08:37:58 Image size of job updated: 772784
	69  -  MemoryUsage of job (MB)
	70416  -  ResidentSetSize of job (KB)
...
005 (222542.000.000) 07/31 08:37:59 Job terminated.
	(1) Normal termination (return value 65)
		Usr 0 00:00:11, Sys 0 00:00:17  -  Run Remote Usage
		Usr 0 00:00:00, Sys 0 00:00:00  -  Run Local Usage
		Usr 0 00:00:11, Sys 0 00:00:17  -  Total Remote Usage
		Usr 0 00:00:00, Sys 0 00:00:00  -  Total Local Usage
	14529  -  Run Bytes Sent By Job
	8930  -  Run Bytes Received By Job
	14529  -  Total Bytes Sent By Job
	8930  -  Total Bytes Received By Job
	Partitionable Resources :    Usage  Request Allocated
	   Cpus                 :                 1         1
	   Disk (KB)            :  6385228 10000000  10541604
	   Memory (MB)          :       69     2100      2100
...
000 (223097.000.000) 07/31 08:49:58 Job submitted from host: <131.225.189.232:9618?addrs=131.225.189.232-9618&noUDP&sock=8982_aaf4_3>
...
001 (223097.000.000) 07/31 08:51:04 Job executing on host: <131.225.205.157:55276?addrs=131.225.205.157-55276>
...
006 (223097.000.000) 07/31 08:51:13 Image size of job updated: 447524
	70  -  MemoryUsage of job (MB)
	71456  -  ResidentSetSize of job (KB)
...
006 (223097.000.000) 07/31 08:55:15 Image size of job updated: 447524
	136  -  MemoryUsage of job (MB)
	138712  -  ResidentSetSize of job (KB)
...
006 (223097.000.000) 07/31 08:55:40 Image size of job updated: 756400
	136  -  MemoryUsage of job (MB)
	138712  -  ResidentSetSize of job (KB)
...
005 (223097.000.000) 07/31 08:55:41 Job terminated.
	(1) Normal termination (return value 65)
		Usr 0 00:00:16, Sys 0 00:00:24  -  Run Remote Usage
		Usr 0 00:00:00, Sys 0 00:00:00  -  Run Local Usage
		Usr 0 00:00:16, Sys 0 00:00:24  -  Total Remote Usage
		Usr 0 00:00:00, Sys 0 00:00:00  -  Total Local Usage
	22433  -  Run Bytes Sent By Job
	44439  -  Run Bytes Received By Job
	22433  -  Total Bytes Sent By Job
	44439  -  Total Bytes Received By Job
	Partitionable Resources :    Usage  Request Allocated
	   Cpus                 :                 1         1
	   Disk (KB)            :  6607836 10000000  17203306
	   Memory (MB)          :      136     2100      2100
...
000 (223652.000.000) 07/31 09:06:26 Job submitted from host: <131.225.189.232:9618?addrs=131.225.189.232-9618&noUDP&sock=8982_aaf4_3>
...
