000 (221023.000.000) 07/31 06:50:01 Job submitted from host: <131.225.189.232:9618?addrs=131.225.189.232-9618&noUDP&sock=8982_aaf4_3>
...
001 (221023.000.000) 07/31 06:51:14 Job executing on host: <131.225.207.140:22743?addrs=131.225.207.140-22743>
...
006 (221023.000.000) 07/31 06:51:22 Image size of job updated: 2
	3  -  MemoryUsage of job (MB)
	2424  -  ResidentSetSize of job (KB)
...
006 (221023.000.000) 07/31 06:52:22 Image size of job updated: 447524
	71  -  MemoryUsage of job (MB)
	72360  -  ResidentSetSize of job (KB)
...
005 (221023.000.000) 07/31 06:54:22 Job terminated.
	(1) Normal termination (return value 90)
		Usr 0 00:00:01, Sys 0 00:00:16  -  Run Remote Usage
		Usr 0 00:00:00, Sys 0 00:00:00  -  Run Local Usage
		Usr 0 00:00:01, Sys 0 00:00:16  -  Total Remote Usage
		Usr 0 00:00:00, Sys 0 00:00:00  -  Total Local Usage
	18246  -  Run Bytes Sent By Job
	8930  -  Run Bytes Received By Job
	18246  -  Total Bytes Sent By Job
	8930  -  Total Bytes Received By Job
	Partitionable Resources :    Usage  Request Allocated
	   Cpus                 :                 1         1
	   Disk (KB)            :  3083279 10000000  10516098
	   Memory (MB)          :       71     2100      2100
...
000 (221585.000.000) 07/31 07:08:20 Job submitted from host: <131.225.189.232:9618?addrs=131.225.189.232-9618&noUDP&sock=8982_aaf4_3>
...
001 (221585.000.000) 07/31 07:09:44 Job executing on host: <131.225.204.77:57293?addrs=131.225.204.77-57293>
...
006 (221585.000.000) 07/31 07:09:53 Image size of job updated: 2
	3  -  MemoryUsage of job (MB)
	2424  -  ResidentSetSize of job (KB)
...
006 (221585.000.000) 07/31 07:10:55 Image size of job updated: 447524
	70  -  MemoryUsage of job (MB)
	71352  -  ResidentSetSize of job (KB)
...
005 (221585.000.000) 07/31 07:12:22 Job terminated.
	(1) Normal termination (return value 90)
		Usr 0 00:00:00, Sys 0 00:00:19  -  Run Remote Usage
		Usr 0 00:00:00, Sys 0 00:00:00  -  Run Local Usage
		Usr 0 00:00:00, Sys 0 00:00:19  -  Total Remote Usage
		Usr 0 00:00:00, Sys 0 00:00:00  -  Total Local Usage
	9028  -  Run Bytes Sent By Job
	8930  -  Run Bytes Received By Job
	9028  -  Total Bytes Sent By Job
	8930  -  Total Bytes Received By Job
	Partitionable Resources :    Usage  Request Allocated
	   Cpus                 :                 1         1
	   Disk (KB)            :  6700065 10000000  10315146
	   Memory (MB)          :       70     2100      2100
...
000 (222140.000.000) 07/31 07:13:00 Job submitted from host: <131.225.189.232:9618?addrs=131.225.189.232-9618&noUDP&sock=8982_aaf4_3>
...
001 (222140.000.000) 07/31 07:14:51 Job executing on host: <131.225.204.62:22110?addrs=131.225.204.62-22110>
...
006 (222140.000.000) 07/31 07:14:59 Image size of job updated: 447532
	15  -  MemoryUsage of job (MB)
	15004  -  ResidentSetSize of job (KB)
...
006 (222140.000.000) 07/31 07:15:59 Image size of job updated: 447532
	70  -  MemoryUsage of job (MB)
	71356  -  ResidentSetSize of job (KB)
...
006 (222140.000.000) 07/31 07:18:36 Image size of job updated: 589084
	70  -  MemoryUsage of job (MB)
	71356  -  ResidentSetSize of job (KB)
...
005 (222140.000.000) 07/31 07:18:37 Job terminated.
	(1) Normal termination (return value 65)
		Usr 0 00:00:06, Sys 0 00:00:16  -  Run Remote Usage
		Usr 0 00:00:00, Sys 0 00:00:00  -  Run Local Usage
		Usr 0 00:00:06, Sys 0 00:00:16  -  Total Remote Usage
		Usr 0 00:00:00, Sys 0 00:00:00  -  Total Local Usage
	20193  -  Run Bytes Sent By Job
	8930  -  Run Bytes Received By Job
	20193  -  Total Bytes Sent By Job
	8930  -  Total Bytes Received By Job
	Partitionable Resources :    Usage  Request Allocated
	   Cpus                 :                 1         1
	   Disk (KB)            :  6090274 10000000  10461372
	   Memory (MB)          :       70     2100      2100
...
000 (222702.000.000) 07/31 08:33:05 Job submitted from host: <131.225.189.232:9618?addrs=131.225.189.232-9618&noUDP&sock=8982_aaf4_3>
...
001 (222702.000.000) 07/31 08:35:17 Job executing on host: <131.225.207.91:5502?addrs=131.225.207.91-5502>
...
006 (222702.000.000) 07/31 08:35:26 Image size of job updated: 2
	3  -  MemoryUsage of job (MB)
	2424  -  ResidentSetSize of job (KB)
...
006 (222702.000.000) 07/31 08:36:28 Image size of job updated: 447524
	70  -  MemoryUsage of job (MB)
	71352  -  ResidentSetSize of job (KB)
...
006 (222702.000.000) 07/31 08:37:04 Image size of job updated: 672432
	70  -  MemoryUsage of job (MB)
	71352  -  ResidentSetSize of job (KB)
...
005 (222702.000.000) 07/31 08:37:05 Job terminated.
	(1) Normal termination (return value 65)
		Usr 0 00:00:08, Sys 0 00:00:11  -  Run Remote Usage
		Usr 0 00:00:00, Sys 0 00:00:00  -  Run Local Usage
		Usr 0 00:00:08, Sys 0 00:00:11  -  Total Remote Usage
		Usr 0 00:00:00, Sys 0 00:00:00  -  Total Local Usage
	9828  -  Run Bytes Sent By Job
	8930  -  Run Bytes Received By Job
	9828  -  Total Bytes Sent By Job
	8930  -  Total Bytes Received By Job
	Partitionable Resources :    Usage  Request Allocated
	   Cpus                 :                 1         1
	   Disk (KB)            :  6158668 10000000  10505628
	   Memory (MB)          :       70     2100      2100
...
