000 (220575.000.000) 07/31 06:48:25 Job submitted from host: <131.225.189.232:9618?addrs=131.225.189.232-9618&noUDP&sock=8982_aaf4_3>
...
001 (220575.000.000) 07/31 06:48:48 Job executing on host: <131.225.207.53:51570?addrs=131.225.207.53-51570>
...
006 (220575.000.000) 07/31 06:48:57 Image size of job updated: 447524
	71  -  MemoryUsage of job (MB)
	72344  -  ResidentSetSize of job (KB)
...
005 (220575.000.000) 07/31 06:51:52 Job terminated.
	(1) Normal termination (return value 90)
		Usr 0 00:00:01, Sys 0 00:00:17  -  Run Remote Usage
		Usr 0 00:00:00, Sys 0 00:00:00  -  Run Local Usage
		Usr 0 00:00:01, Sys 0 00:00:17  -  Total Remote Usage
		Usr 0 00:00:00, Sys 0 00:00:00  -  Total Local Usage
	18236  -  Run Bytes Sent By Job
	8930  -  Run Bytes Received By Job
	18236  -  Total Bytes Sent By Job
	8930  -  Total Bytes Received By Job
	Partitionable Resources :    Usage  Request Allocated
	   Cpus                 :                 1         1
	   Disk (KB)            :  4623375 10000000  10174515
	   Memory (MB)          :       71     2100      2100
...
000 (221137.000.000) 07/31 07:07:01 Job submitted from host: <131.225.189.232:9618?addrs=131.225.189.232-9618&noUDP&sock=8982_aaf4_3>
...
001 (221137.000.000) 07/31 07:07:22 Job executing on host: <131.225.207.181:3598?addrs=131.225.207.181-3598>
...
006 (221137.000.000) 07/31 07:07:31 Image size of job updated: 2
	3  -  MemoryUsage of job (MB)
	2424  -  ResidentSetSize of job (KB)
...
006 (221137.000.000) 07/31 07:08:32 Image size of job updated: 447524
	71  -  MemoryUsage of job (MB)
	72348  -  ResidentSetSize of job (KB)
...
006 (221137.000.000) 07/31 07:09:33 Image size of job updated: 447524
	71  -  MemoryUsage of job (MB)
	72364  -  ResidentSetSize of job (KB)
...
005 (221137.000.000) 07/31 07:11:09 Job terminated.
	(1) Normal termination (return value 90)
		Usr 0 00:00:01, Sys 0 00:00:16  -  Run Remote Usage
		Usr 0 00:00:00, Sys 0 00:00:00  -  Run Local Usage
		Usr 0 00:00:01, Sys 0 00:00:16  -  Total Remote Usage
		Usr 0 00:00:00, Sys 0 00:00:00  -  Total Local Usage
	20359  -  Run Bytes Sent By Job
	8930  -  Run Bytes Received By Job
	20359  -  Total Bytes Sent By Job
	8930  -  Total Bytes Received By Job
	Partitionable Resources :    Usage  Request Allocated
	   Cpus                 :                 1         1
	   Disk (KB)            :  5255282 10000000  10278765
	   Memory (MB)          :       71     2100      2100
...
000 (221692.000.000) 07/31 07:11:44 Job submitted from host: <131.225.189.232:9618?addrs=131.225.189.232-9618&noUDP&sock=8982_aaf4_3>
...
001 (221692.000.000) 07/31 07:11:57 Job executing on host: <131.225.206.129:8155?addrs=131.225.206.129-8155>
...
006 (221692.000.000) 07/31 07:12:06 Image size of job updated: 447524
	71  -  MemoryUsage of job (MB)
	72352  -  ResidentSetSize of job (KB)
...
006 (221692.000.000) 07/31 07:13:47 Image size of job updated: 727728
	71  -  MemoryUsage of job (MB)
	72352  -  ResidentSetSize of job (KB)
...
005 (221692.000.000) 07/31 07:13:47 Job terminated.
	(1) Normal termination (return value 65)
		Usr 0 00:00:10, Sys 0 00:00:15  -  Run Remote Usage
		Usr 0 00:00:00, Sys 0 00:00:00  -  Run Local Usage
		Usr 0 00:00:10, Sys 0 00:00:15  -  Total Remote Usage
		Usr 0 00:00:00, Sys 0 00:00:00  -  Total Local Usage
	9762  -  Run Bytes Sent By Job
	8930  -  Run Bytes Received By Job
	9762  -  Total Bytes Sent By Job
	8930  -  Total Bytes Received By Job
	Partitionable Resources :    Usage  Request Allocated
	   Cpus                 :                 1         1
	   Disk (KB)            :  5533208 10000000  10481379
	   Memory (MB)          :       71     2100      2100
...
000 (222254.000.000) 07/31 08:32:33 Job submitted from host: <131.225.189.232:9618?addrs=131.225.189.232-9618&noUDP&sock=8982_aaf4_3>
...
001 (222254.000.000) 07/31 08:32:54 Job executing on host: <131.225.207.79:52411?addrs=131.225.207.79-52411>
...
006 (222254.000.000) 07/31 08:33:03 Image size of job updated: 447524
	71  -  MemoryUsage of job (MB)
	72344  -  ResidentSetSize of job (KB)
...
006 (222254.000.000) 07/31 08:36:31 Image size of job updated: 769968
	71  -  MemoryUsage of job (MB)
	72344  -  ResidentSetSize of job (KB)
...
005 (222254.000.000) 07/31 08:36:39 Job terminated.
	(1) Normal termination (return value 65)
		Usr 0 00:00:13, Sys 0 00:00:14  -  Run Remote Usage
		Usr 0 00:00:00, Sys 0 00:00:00  -  Run Local Usage
		Usr 0 00:00:13, Sys 0 00:00:14  -  Total Remote Usage
		Usr 0 00:00:00, Sys 0 00:00:00  -  Total Local Usage
	14626  -  Run Bytes Sent By Job
	8930  -  Run Bytes Received By Job
	14626  -  Total Bytes Sent By Job
	8930  -  Total Bytes Received By Job
	Partitionable Resources :    Usage  Request Allocated
	   Cpus                 :                 1         1
	   Disk (KB)            :  5814608 10000000  13251428
	   Memory (MB)          :       71     2100      2100
...
