000 (220654.000.000) 07/31 06:48:42 Job submitted from host: <131.225.189.232:9618?addrs=131.225.189.232-9618&noUDP&sock=8982_aaf4_3>
...
001 (220654.000.000) 07/31 06:49:04 Job executing on host: <131.225.207.91:5502?addrs=131.225.207.91-5502>
...
006 (220654.000.000) 07/31 06:49:13 Image size of job updated: 447524
	69  -  MemoryUsage of job (MB)
	70284  -  ResidentSetSize of job (KB)
...
006 (220654.000.000) 07/31 06:50:14 Image size of job updated: 447524
	69  -  MemoryUsage of job (MB)
	70404  -  ResidentSetSize of job (KB)
...
006 (220654.000.000) 07/31 06:52:16 Image size of job updated: 447524
	69  -  MemoryUsage of job (MB)
	70412  -  ResidentSetSize of job (KB)
...
005 (220654.000.000) 07/31 06:53:37 Job terminated.
	(1) Normal termination (return value 90)
		Usr 0 00:00:01, Sys 0 00:00:19  -  Run Remote Usage
		Usr 0 00:00:00, Sys 0 00:00:00  -  Run Local Usage
		Usr 0 00:00:01, Sys 0 00:00:19  -  Total Remote Usage
		Usr 0 00:00:00, Sys 0 00:00:00  -  Total Local Usage
	25051  -  Run Bytes Sent By Job
	8930  -  Run Bytes Received By Job
	25051  -  Total Bytes Sent By Job
	8930  -  Total Bytes Received By Job
	Partitionable Resources :    Usage  Request Allocated
	   Cpus                 :                 1         1
	   Disk (KB)            :  5917721 10000000  10386729
	   Memory (MB)          :       69     2100      2100
...
000 (221216.000.000) 07/31 07:07:16 Job submitted from host: <131.225.189.232:9618?addrs=131.225.189.232-9618&noUDP&sock=8982_aaf4_3>
...
001 (221216.000.000) 07/31 07:07:46 Job executing on host: <131.225.206.2:4181?addrs=131.225.206.2-4181>
...
006 (221216.000.000) 07/31 07:07:55 Image size of job updated: 447524
	71  -  MemoryUsage of job (MB)
	72348  -  ResidentSetSize of job (KB)
...
005 (221216.000.000) 07/31 07:09:51 Job terminated.
	(1) Normal termination (return value 90)
		Usr 0 00:00:00, Sys 0 00:00:13  -  Run Remote Usage
		Usr 0 00:00:00, Sys 0 00:00:00  -  Run Local Usage
		Usr 0 00:00:00, Sys 0 00:00:13  -  Total Remote Usage
		Usr 0 00:00:00, Sys 0 00:00:00  -  Total Local Usage
	10428  -  Run Bytes Sent By Job
	8930  -  Run Bytes Received By Job
	10428  -  Total Bytes Sent By Job
	8930  -  Total Bytes Received By Job
	Partitionable Resources :    Usage  Request Allocated
	   Cpus                 :                 1         1
	   Disk (KB)            :  4517993 10000000  10625208
	   Memory (MB)          :       71     2100      2100
...
000 (221771.000.000) 07/31 07:11:57 Job submitted from host: <131.225.189.232:9618?addrs=131.225.189.232-9618&noUDP&sock=8982_aaf4_3>
...
001 (221771.000.000) 07/31 07:12:15 Job executing on host: <131.225.204.36:9074?addrs=131.225.204.36-9074>
...
006 (221771.000.000) 07/31 07:12:24 Image size of job updated: 447524
	62  -  MemoryUsage of job (MB)
	63068  -  ResidentSetSize of job (KB)
...
006 (221771.000.000) 07/31 07:13:23 Image size of job updated: 447524
	70  -  MemoryUsage of job (MB)
	71256  -  ResidentSetSize of job (KB)
...
006 (221771.000.000) 07/31 07:14:23 Image size of job updated: 493964
	261  -  MemoryUsage of job (MB)
	266808  -  ResidentSetSize of job (KB)
...
006 (221771.000.000) 07/31 07:14:59 Image size of job updated: 741556
	261  -  MemoryUsage of job (MB)
	266808  -  ResidentSetSize of job (KB)
...
005 (221771.000.000) 07/31 07:15:00 Job terminated.
	(1) Normal termination (return value 65)
		Usr 0 00:00:10, Sys 0 00:00:16  -  Run Remote Usage
		Usr 0 00:00:00, Sys 0 00:00:00  -  Run Local Usage
		Usr 0 00:00:10, Sys 0 00:00:16  -  Total Remote Usage
		Usr 0 00:00:00, Sys 0 00:00:00  -  Total Local Usage
	11081  -  Run Bytes Sent By Job
	8930  -  Run Bytes Received By Job
	11081  -  Total Bytes Sent By Job
	8930  -  Total Bytes Received By Job
	Partitionable Resources :    Usage  Request Allocated
	   Cpus                 :                 1         1
	   Disk (KB)            :  6551091 10000000  10263486
	   Memory (MB)          :      261     2100      2100
...
