000 (220889.000.000) 07/31 06:49:32 Job submitted from host: <131.225.189.232:9618?addrs=131.225.189.232-9618&noUDP&sock=8982_aaf4_3>
...
001 (220889.000.000) 07/31 06:49:51 Job executing on host: <131.225.205.162:52068?addrs=131.225.205.162-52068>
...
006 (220889.000.000) 07/31 06:50:00 Image size of job updated: 447524
	43  -  MemoryUsage of job (MB)
	43128  -  ResidentSetSize of job (KB)
...
006 (220889.000.000) 07/31 06:51:01 Image size of job updated: 447524
	70  -  MemoryUsage of job (MB)
	71352  -  ResidentSetSize of job (KB)
...
005 (220889.000.000) 07/31 06:53:06 Job terminated.
	(1) Normal termination (return value 90)
		Usr 0 00:00:03, Sys 0 00:00:30  -  Run Remote Usage
		Usr 0 00:00:00, Sys 0 00:00:00  -  Run Local Usage
		Usr 0 00:00:03, Sys 0 00:00:30  -  Total Remote Usage
		Usr 0 00:00:00, Sys 0 00:00:00  -  Total Local Usage
	16979  -  Run Bytes Sent By Job
	8930  -  Run Bytes Received By Job
	16979  -  Total Bytes Sent By Job
	8930  -  Total Bytes Received By Job
	Partitionable Resources :    Usage  Request Allocated
	   Cpus                 :                 1         1
	   Disk (KB)            :  4885520 10000000  17093132
	   Memory (MB)          :       70     2100      2100
...
000 (221451.000.000) 07/31 07:07:57 Job submitted from host: <131.225.189.232:9618?addrs=131.225.189.232-9618&noUDP&sock=8982_aaf4_3>
...
001 (221451.000.000) 07/31 07:08:32 Job executing on host: <131.225.207.193:40545?addrs=131.225.207.193-40545>
...
006 (221451.000.000) 07/31 07:08:41 Image size of job updated: 447524
	71  -  MemoryUsage of job (MB)
	72348  -  ResidentSetSize of job (KB)
...
005 (221451.000.000) 07/31 07:10:27 Job terminated.
	(1) Normal termination (return value 90)
		Usr 0 00:00:01, Sys 0 00:00:20  -  Run Remote Usage
		Usr 0 00:00:00, Sys 0 00:00:00  -  Run Local Usage
		Usr 0 00:00:01, Sys 0 00:00:20  -  Total Remote Usage
		Usr 0 00:00:00, Sys 0 00:00:00  -  Total Local Usage
	12197  -  Run Bytes Sent By Job
	8930  -  Run Bytes Received By Job
	12197  -  Total Bytes Sent By Job
	8930  -  Total Bytes Received By Job
	Partitionable Resources :    Usage  Request Allocated
	   Cpus                 :                 1         1
	   Disk (KB)            :  4354153 10000000  13093924
	   Memory (MB)          :       71     2100      2100
...
000 (222006.000.000) 07/31 07:12:37 Job submitted from host: <131.225.189.232:9618?addrs=131.225.189.232-9618&noUDP&sock=8982_aaf4_3>
...
001 (222006.000.000) 07/31 07:13:54 Job executing on host: <131.225.204.59:17004?addrs=131.225.204.59-17004>
...
006 (222006.000.000) 07/31 07:14:02 Image size of job updated: 2
	3  -  MemoryUsage of job (MB)
	2424  -  ResidentSetSize of job (KB)
...
006 (222006.000.000) 07/31 07:15:02 Image size of job updated: 447524
	71  -  MemoryUsage of job (MB)
	72348  -  ResidentSetSize of job (KB)
...
006 (222006.000.000) 07/31 07:17:02 Image size of job updated: 447524
	165  -  MemoryUsage of job (MB)
	167996  -  ResidentSetSize of job (KB)
...
006 (222006.000.000) 07/31 07:17:55 Image size of job updated: 647084
	165  -  MemoryUsage of job (MB)
	167996  -  ResidentSetSize of job (KB)
...
005 (222006.000.000) 07/31 07:17:56 Job terminated.
	(1) Normal termination (return value 65)
		Usr 0 00:00:15, Sys 0 00:00:23  -  Run Remote Usage
		Usr 0 00:00:00, Sys 0 00:00:00  -  Run Local Usage
		Usr 0 00:00:15, Sys 0 00:00:23  -  Total Remote Usage
		Usr 0 00:00:00, Sys 0 00:00:00  -  Total Local Usage
	14636  -  Run Bytes Sent By Job
	8930  -  Run Bytes Received By Job
	14636  -  Total Bytes Sent By Job
	8930  -  Total Bytes Received By Job
	Partitionable Resources :    Usage  Request Allocated
	   Cpus                 :                 1         1
	   Disk (KB)            :  6712747 10000000  10587591
	   Memory (MB)          :      165     2100      2100
...
000 (222568.000.000) 07/31 08:32:55 Job submitted from host: <131.225.189.232:9618?addrs=131.225.189.232-9618&noUDP&sock=8982_aaf4_3>
...
001 (222568.000.000) 07/31 08:34:02 Job executing on host: <131.225.191.154:54360?addrs=131.225.191.154-54360>
...
006 (222568.000.000) 07/31 08:34:10 Image size of job updated: 447532
	15  -  MemoryUsage of job (MB)
	15000  -  ResidentSetSize of job (KB)
...
006 (222568.000.000) 07/31 08:35:10 Image size of job updated: 447532
	71  -  MemoryUsage of job (MB)
	72344  -  ResidentSetSize of job (KB)
...
006 (222568.000.000) 07/31 08:38:12 Image size of job updated: 585120
	309  -  MemoryUsage of job (MB)
	316124  -  ResidentSetSize of job (KB)
...
005 (222568.000.000) 07/31 08:38:20 Job terminated.
	(1) Normal termination (return value 65)
		Usr 0 00:00:06, Sys 0 00:00:18  -  Run Remote Usage
		Usr 0 00:00:00, Sys 0 00:00:00  -  Run Local Usage
		Usr 0 00:00:06, Sys 0 00:00:18  -  Total Remote Usage
		Usr 0 00:00:00, Sys 0 00:00:00  -  Total Local Usage
	20985  -  Run Bytes Sent By Job
	8930  -  Run Bytes Received By Job
	20985  -  Total Bytes Sent By Job
	8930  -  Total Bytes Received By Job
	Partitionable Resources :    Usage  Request Allocated
	   Cpus                 :                 1         1
	   Disk (KB)            :  6715620 10000000  12146172
	   Memory (MB)          :      309     2100      2100
...
000 (223123.000.000) 07/31 08:49:59 Job submitted from host: <131.225.189.232:9618?addrs=131.225.189.232-9618&noUDP&sock=8982_aaf4_3>
...
001 (223123.000.000) 07/31 08:51:09 Job executing on host: <131.225.207.37:52953?addrs=131.225.207.37-52953>
...
006 (223123.000.000) 07/31 08:51:19 Image size of job updated: 447524
	71  -  MemoryUsage of job (MB)
	72348  -  ResidentSetSize of job (KB)
...
006 (223123.000.000) 07/31 08:54:19 Image size of job updated: 493960
	261  -  MemoryUsage of job (MB)
	266740  -  ResidentSetSize of job (KB)
...
006 (223123.000.000) 07/31 08:54:36 Image size of job updated: 760492
	261  -  MemoryUsage of job (MB)
	266740  -  ResidentSetSize of job (KB)
...
005 (223123.000.000) 07/31 08:54:37 Job terminated.
	(1) Normal termination (return value 65)
		Usr 0 00:00:11, Sys 0 00:00:18  -  Run Remote Usage
		Usr 0 00:00:00, Sys 0 00:00:00  -  Run Local Usage
		Usr 0 00:00:11, Sys 0 00:00:18  -  Total Remote Usage
		Usr 0 00:00:00, Sys 0 00:00:00  -  Total Local Usage
	17341  -  Run Bytes Sent By Job
	44439  -  Run Bytes Received By Job
	17341  -  Total Bytes Sent By Job
	44439  -  Total Bytes Received By Job
	Partitionable Resources :    Usage  Request Allocated
	   Cpus                 :                 1         1
	   Disk (KB)            :  6715455 10000000  10571136
	   Memory (MB)          :      261     2100      2100
...
000 (223678.000.000) 07/31 09:06:27 Job submitted from host: <131.225.189.232:9618?addrs=131.225.189.232-9618&noUDP&sock=8982_aaf4_3>
...
