000 (220853.000.000) 07/31 06:49:24 Job submitted from host: <131.225.189.232:9618?addrs=131.225.189.232-9618&noUDP&sock=8982_aaf4_3>
...
001 (220853.000.000) 07/31 06:49:45 Job executing on host: <131.225.205.162:52068?addrs=131.225.205.162-52068>
...
006 (220853.000.000) 07/31 06:49:54 Image size of job updated: 447524
	69  -  MemoryUsage of job (MB)
	70296  -  ResidentSetSize of job (KB)
...
006 (220853.000.000) 07/31 06:50:56 Image size of job updated: 447524
	69  -  MemoryUsage of job (MB)
	70416  -  ResidentSetSize of job (KB)
...
005 (220853.000.000) 07/31 06:52:54 Job terminated.
	(1) Normal termination (return value 90)
		Usr 0 00:00:01, Sys 0 00:00:20  -  Run Remote Usage
		Usr 0 00:00:00, Sys 0 00:00:00  -  Run Local Usage
		Usr 0 00:00:01, Sys 0 00:00:20  -  Total Remote Usage
		Usr 0 00:00:00, Sys 0 00:00:00  -  Total Local Usage
	18382  -  Run Bytes Sent By Job
	8930  -  Run Bytes Received By Job
	18382  -  Total Bytes Sent By Job
	8930  -  Total Bytes Received By Job
	Partitionable Resources :    Usage  Request Allocated
	   Cpus                 :                 1         1
	   Disk (KB)            :  3935248 10000000  17093282
	   Memory (MB)          :       69     2100      2100
...
000 (221415.000.000) 07/31 07:07:51 Job submitted from host: <131.225.189.232:9618?addrs=131.225.189.232-9618&noUDP&sock=8982_aaf4_3>
...
001 (221415.000.000) 07/31 07:08:26 Job executing on host: <131.225.191.223:52551?addrs=131.225.191.223-52551>
...
006 (221415.000.000) 07/31 07:08:35 Image size of job updated: 2
	3  -  MemoryUsage of job (MB)
	2428  -  ResidentSetSize of job (KB)
...
006 (221415.000.000) 07/31 07:09:37 Image size of job updated: 447524
	69  -  MemoryUsage of job (MB)
	70348  -  ResidentSetSize of job (KB)
...
005 (221415.000.000) 07/31 07:11:26 Job terminated.
	(1) Normal termination (return value 90)
		Usr 0 00:00:02, Sys 0 00:00:26  -  Run Remote Usage
		Usr 0 00:00:00, Sys 0 00:00:00  -  Run Local Usage
		Usr 0 00:00:02, Sys 0 00:00:26  -  Total Remote Usage
		Usr 0 00:00:00, Sys 0 00:00:00  -  Total Local Usage
	17802  -  Run Bytes Sent By Job
	8930  -  Run Bytes Received By Job
	17802  -  Total Bytes Sent By Job
	8930  -  Total Bytes Received By Job
	Partitionable Resources :    Usage  Request Allocated
	   Cpus                 :                 1         1
	   Disk (KB)            :  5058671 10000000  16013154
	   Memory (MB)          :       69     2100      2100
...
000 (221970.000.000) 07/31 07:12:31 Job submitted from host: <131.225.189.232:9618?addrs=131.225.189.232-9618&noUDP&sock=8982_aaf4_3>
...
001 (221970.000.000) 07/31 07:13:36 Job executing on host: <131.225.207.57:53683?addrs=131.225.207.57-53683>
...
006 (221970.000.000) 07/31 07:13:44 Image size of job updated: 447524
	23  -  MemoryUsage of job (MB)
	23208  -  ResidentSetSize of job (KB)
...
006 (221970.000.000) 07/31 07:14:44 Image size of job updated: 447524
	69  -  MemoryUsage of job (MB)
	70412  -  ResidentSetSize of job (KB)
...
006 (221970.000.000) 07/31 07:17:48 Image size of job updated: 447524
	165  -  MemoryUsage of job (MB)
	167980  -  ResidentSetSize of job (KB)
...
006 (221970.000.000) 07/31 07:18:19 Image size of job updated: 770736
	165  -  MemoryUsage of job (MB)
	167980  -  ResidentSetSize of job (KB)
...
005 (221970.000.000) 07/31 07:18:20 Job terminated.
	(1) Normal termination (return value 65)
		Usr 0 00:00:12, Sys 0 00:00:21  -  Run Remote Usage
		Usr 0 00:00:00, Sys 0 00:00:00  -  Run Local Usage
		Usr 0 00:00:12, Sys 0 00:00:21  -  Total Remote Usage
		Usr 0 00:00:00, Sys 0 00:00:00  -  Total Local Usage
	15000  -  Run Bytes Sent By Job
	8930  -  Run Bytes Received By Job
	15000  -  Total Bytes Sent By Job
	8930  -  Total Bytes Received By Job
	Partitionable Resources :    Usage  Request Allocated
	   Cpus                 :                 1         1
	   Disk (KB)            :  6601444 10000000  10493559
	   Memory (MB)          :      165     2100      2100
...
000 (222532.000.000) 07/31 08:32:52 Job submitted from host: <131.225.189.232:9618?addrs=131.225.189.232-9618&noUDP&sock=8982_aaf4_3>
...
001 (222532.000.000) 07/31 08:33:57 Job executing on host: <131.225.205.181:33762?addrs=131.225.205.181-33762>
...
006 (222532.000.000) 07/31 08:34:05 Image size of job updated: 2
	3  -  MemoryUsage of job (MB)
	2428  -  ResidentSetSize of job (KB)
...
006 (222532.000.000) 07/31 08:35:05 Image size of job updated: 447524
	70  -  MemoryUsage of job (MB)
	71356  -  ResidentSetSize of job (KB)
...
006 (222532.000.000) 07/31 08:36:09 Image size of job updated: 770996
	477  -  MemoryUsage of job (MB)
	487856  -  ResidentSetSize of job (KB)
...
005 (222532.000.000) 07/31 08:36:15 Job terminated.
	(1) Normal termination (return value 65)
		Usr 0 00:00:15, Sys 0 00:00:19  -  Run Remote Usage
		Usr 0 00:00:00, Sys 0 00:00:00  -  Run Local Usage
		Usr 0 00:00:15, Sys 0 00:00:19  -  Total Remote Usage
		Usr 0 00:00:00, Sys 0 00:00:00  -  Total Local Usage
	10289  -  Run Bytes Sent By Job
	8930  -  Run Bytes Received By Job
	10289  -  Total Bytes Sent By Job
	8930  -  Total Bytes Received By Job
	Partitionable Resources :    Usage  Request Allocated
	   Cpus                 :                 1         1
	   Disk (KB)            :  6604308 10000000  17145889
	   Memory (MB)          :      477     2100      2100
...
