000 (220572.000.000) 07/31 06:48:25 Job submitted from host: <131.225.189.232:9618?addrs=131.225.189.232-9618&noUDP&sock=8982_aaf4_3>
...
001 (220572.000.000) 07/31 06:48:48 Job executing on host: <131.225.206.3:38467?addrs=131.225.206.3-38467>
...
006 (220572.000.000) 07/31 06:48:57 Image size of job updated: 447528
	71  -  MemoryUsage of job (MB)
	72448  -  ResidentSetSize of job (KB)
...
005 (220572.000.000) 07/31 06:51:21 Job terminated.
	(1) Normal termination (return value 90)
		Usr 0 00:00:01, Sys 0 00:00:16  -  Run Remote Usage
		Usr 0 00:00:00, Sys 0 00:00:00  -  Run Local Usage
		Usr 0 00:00:01, Sys 0 00:00:16  -  Total Remote Usage
		Usr 0 00:00:00, Sys 0 00:00:00  -  Total Local Usage
	13261  -  Run Bytes Sent By Job
	8930  -  Run Bytes Received By Job
	13261  -  Total Bytes Sent By Job
	8930  -  Total Bytes Received By Job
	Partitionable Resources :    Usage  Request Allocated
	   Cpus                 :                 1         1
	   Disk (KB)            :  3181578 10000000  10181457
	   Memory (MB)          :       71     2100      2100
...
000 (221134.000.000) 07/31 07:07:01 Job submitted from host: <131.225.189.232:9618?addrs=131.225.189.232-9618&noUDP&sock=8982_aaf4_3>
...
001 (221134.000.000) 07/31 07:07:19 Job executing on host: <131.225.206.180:5016?addrs=131.225.206.180-5016>
...
006 (221134.000.000) 07/31 07:07:28 Image size of job updated: 447524
	71  -  MemoryUsage of job (MB)
	72348  -  ResidentSetSize of job (KB)
...
000 (221689.000.000) 07/31 07:11:43 Job submitted from host: <131.225.189.232:9618?addrs=131.225.189.232-9618&noUDP&sock=8982_aaf4_3>
...
001 (221689.000.000) 07/31 07:11:55 Job executing on host: <131.225.204.54:51967?addrs=131.225.204.54-51967>
...
006 (221689.000.000) 07/31 07:12:03 Image size of job updated: 447524
	71  -  MemoryUsage of job (MB)
	72344  -  ResidentSetSize of job (KB)
...
005 (221134.000.000) 07/31 07:12:43 Job terminated.
	(1) Normal termination (return value 90)
		Usr 0 00:00:01, Sys 0 00:00:20  -  Run Remote Usage
		Usr 0 00:00:00, Sys 0 00:00:00  -  Run Local Usage
		Usr 0 00:00:01, Sys 0 00:00:20  -  Total Remote Usage
		Usr 0 00:00:00, Sys 0 00:00:00  -  Total Local Usage
	28948  -  Run Bytes Sent By Job
	8930  -  Run Bytes Received By Job
	28948  -  Total Bytes Sent By Job
	8930  -  Total Bytes Received By Job
	Partitionable Resources :    Usage  Request Allocated
	   Cpus                 :                 1         1
	   Disk (KB)            :  6254717 10000000  10268649
	   Memory (MB)          :       71     2100      2100
...
006 (221689.000.000) 07/31 07:14:03 Image size of job updated: 493968
	261  -  MemoryUsage of job (MB)
	266408  -  ResidentSetSize of job (KB)
...
006 (221689.000.000) 07/31 07:14:06 Image size of job updated: 772024
	261  -  MemoryUsage of job (MB)
	266408  -  ResidentSetSize of job (KB)
...
005 (221689.000.000) 07/31 07:14:06 Job terminated.
	(1) Normal termination (return value 65)
		Usr 0 00:00:12, Sys 0 00:00:11  -  Run Remote Usage
		Usr 0 00:00:00, Sys 0 00:00:00  -  Run Local Usage
		Usr 0 00:00:12, Sys 0 00:00:11  -  Total Remote Usage
		Usr 0 00:00:00, Sys 0 00:00:00  -  Total Local Usage
	8623  -  Run Bytes Sent By Job
	8930  -  Run Bytes Received By Job
	8623  -  Total Bytes Sent By Job
	8930  -  Total Bytes Received By Job
	Partitionable Resources :    Usage  Request Allocated
	   Cpus                 :                 1         1
	   Disk (KB)            :  6388373 10000000  10679205
	   Memory (MB)          :      261     2100      2100
...
000 (222251.000.000) 07/31 08:32:32 Job submitted from host: <131.225.189.232:9618?addrs=131.225.189.232-9618&noUDP&sock=8982_aaf4_3>
...
001 (222251.000.000) 07/31 08:32:54 Job executing on host: <131.225.206.206:31171?addrs=131.225.206.206-31171>
...
006 (222251.000.000) 07/31 08:33:02 Image size of job updated: 2
	3  -  MemoryUsage of job (MB)
	2424  -  ResidentSetSize of job (KB)
...
006 (222251.000.000) 07/31 08:34:02 Image size of job updated: 447524
	69  -  MemoryUsage of job (MB)
	70364  -  ResidentSetSize of job (KB)
...
006 (222251.000.000) 07/31 08:36:04 Image size of job updated: 772020
	483  -  MemoryUsage of job (MB)
	493724  -  ResidentSetSize of job (KB)
...
005 (222251.000.000) 07/31 08:36:06 Job terminated.
	(1) Normal termination (return value 65)
		Usr 0 00:00:13, Sys 0 00:00:16  -  Run Remote Usage
		Usr 0 00:00:00, Sys 0 00:00:00  -  Run Local Usage
		Usr 0 00:00:13, Sys 0 00:00:16  -  Total Remote Usage
		Usr 0 00:00:00, Sys 0 00:00:00  -  Total Local Usage
	14993  -  Run Bytes Sent By Job
	8930  -  Run Bytes Received By Job
	14993  -  Total Bytes Sent By Job
	8930  -  Total Bytes Received By Job
	Partitionable Resources :    Usage  Request Allocated
	   Cpus                 :                 1         1
	   Disk (KB)            :  5699920 10000000  12124932
	   Memory (MB)          :      483     2100      2100
...
000 (222806.000.000) 07/31 08:49:43 Job submitted from host: <131.225.189.232:9618?addrs=131.225.189.232-9618&noUDP&sock=8982_aaf4_3>
...
001 (222806.000.000) 07/31 08:50:05 Job executing on host: <131.225.191.156:34555?addrs=131.225.191.156-34555>
...
006 (222806.000.000) 07/31 08:50:14 Image size of job updated: 2
	3  -  MemoryUsage of job (MB)
	2424  -  ResidentSetSize of job (KB)
...
006 (222806.000.000) 07/31 08:51:15 Image size of job updated: 447524
	69  -  MemoryUsage of job (MB)
	70316  -  ResidentSetSize of job (KB)
...
006 (222806.000.000) 07/31 08:56:12 Image size of job updated: 717232
	69  -  MemoryUsage of job (MB)
	70316  -  ResidentSetSize of job (KB)
...
005 (222806.000.000) 07/31 08:56:13 Job terminated.
	(1) Normal termination (return value 65)
		Usr 0 00:00:11, Sys 0 00:00:26  -  Run Remote Usage
		Usr 0 00:00:00, Sys 0 00:00:00  -  Run Local Usage
		Usr 0 00:00:11, Sys 0 00:00:26  -  Total Remote Usage
		Usr 0 00:00:00, Sys 0 00:00:00  -  Total Local Usage
	30737  -  Run Bytes Sent By Job
	44439  -  Run Bytes Received By Job
	30737  -  Total Bytes Sent By Job
	44439  -  Total Bytes Received By Job
	Partitionable Resources :    Usage  Request Allocated
	   Cpus                 :                 1         1
	   Disk (KB)            :  5732540 10000000  12171244
	   Memory (MB)          :       69     2100      2100
...
000 (223361.000.000) 07/31 09:06:14 Job submitted from host: <131.225.189.232:9618?addrs=131.225.189.232-9618&noUDP&sock=8982_aaf4_3>
...
