000 (220705.000.000) 07/31 06:48:52 Job submitted from host: <131.225.189.232:9618?addrs=131.225.189.232-9618&noUDP&sock=8982_aaf4_3>
...
001 (220705.000.000) 07/31 06:49:14 Job executing on host: <131.225.207.41:50739?addrs=131.225.207.41-50739>
...
006 (220705.000.000) 07/31 06:49:23 Image size of job updated: 2
	3  -  MemoryUsage of job (MB)
	2420  -  ResidentSetSize of job (KB)
...
006 (220705.000.000) 07/31 06:50:24 Image size of job updated: 447524
	71  -  MemoryUsage of job (MB)
	72348  -  ResidentSetSize of job (KB)
...
005 (220705.000.000) 07/31 06:51:52 Job terminated.
	(1) Normal termination (return value 90)
		Usr 0 00:00:01, Sys 0 00:00:11  -  Run Remote Usage
		Usr 0 00:00:00, Sys 0 00:00:00  -  Run Local Usage
		Usr 0 00:00:01, Sys 0 00:00:11  -  Total Remote Usage
		Usr 0 00:00:00, Sys 0 00:00:00  -  Total Local Usage
	16082  -  Run Bytes Sent By Job
	8930  -  Run Bytes Received By Job
	16082  -  Total Bytes Sent By Job
	8930  -  Total Bytes Received By Job
	Partitionable Resources :    Usage  Request Allocated
	   Cpus                 :                 1         1
	   Disk (KB)            :  3279887 10000000  10521174
	   Memory (MB)          :       71     2100      2100
...
000 (221267.000.000) 07/31 07:07:24 Job submitted from host: <131.225.189.232:9618?addrs=131.225.189.232-9618&noUDP&sock=8982_aaf4_3>
...
001 (221267.000.000) 07/31 07:07:56 Job executing on host: <131.225.204.41:44778?addrs=131.225.204.41-44778>
...
006 (221267.000.000) 07/31 07:08:06 Image size of job updated: 447524
	71  -  MemoryUsage of job (MB)
	72348  -  ResidentSetSize of job (KB)
...
005 (221267.000.000) 07/31 07:10:52 Job terminated.
	(1) Normal termination (return value 90)
		Usr 0 00:00:01, Sys 0 00:00:09  -  Run Remote Usage
		Usr 0 00:00:00, Sys 0 00:00:00  -  Run Local Usage
		Usr 0 00:00:01, Sys 0 00:00:09  -  Total Remote Usage
		Usr 0 00:00:00, Sys 0 00:00:00  -  Total Local Usage
	16424  -  Run Bytes Sent By Job
	8930  -  Run Bytes Received By Job
	16424  -  Total Bytes Sent By Job
	8930  -  Total Bytes Received By Job
	Partitionable Resources :    Usage  Request Allocated
	   Cpus                 :                 1         1
	   Disk (KB)            :  2994286 10000000  10514922
	   Memory (MB)          :       71     2100      2100
...
000 (221822.000.000) 07/31 07:12:06 Job submitted from host: <131.225.189.232:9618?addrs=131.225.189.232-9618&noUDP&sock=8982_aaf4_3>
...
001 (221822.000.000) 07/31 07:12:16 Job executing on host: <131.225.191.146:62855?addrs=131.225.191.146-62855>
...
006 (221822.000.000) 07/31 07:12:25 Image size of job updated: 447524
	47  -  MemoryUsage of job (MB)
	48028  -  ResidentSetSize of job (KB)
...
006 (221822.000.000) 07/31 07:13:26 Image size of job updated: 447524
	69  -  MemoryUsage of job (MB)
	70396  -  ResidentSetSize of job (KB)
...
006 (221822.000.000) 07/31 07:16:55 Image size of job updated: 685752
	69  -  MemoryUsage of job (MB)
	70396  -  ResidentSetSize of job (KB)
...
005 (221822.000.000) 07/31 07:16:55 Job terminated.
	(1) Normal termination (return value 65)
		Usr 0 00:00:09, Sys 0 00:00:14  -  Run Remote Usage
		Usr 0 00:00:00, Sys 0 00:00:00  -  Run Local Usage
		Usr 0 00:00:09, Sys 0 00:00:14  -  Total Remote Usage
		Usr 0 00:00:00, Sys 0 00:00:00  -  Total Local Usage
	21516  -  Run Bytes Sent By Job
	8930  -  Run Bytes Received By Job
	21516  -  Total Bytes Sent By Job
	8930  -  Total Bytes Received By Job
	Partitionable Resources :    Usage  Request Allocated
	   Cpus                 :                 1         1
	   Disk (KB)            :  3714595 10000000  12022828
	   Memory (MB)          :       69     2100      2100
...
