000 (220666.000.000) 07/31 06:48:45 Job submitted from host: <131.225.189.232:9618?addrs=131.225.189.232-9618&noUDP&sock=8982_aaf4_3>
...
001 (220666.000.000) 07/31 06:49:07 Job executing on host: <131.225.206.165:16738?addrs=131.225.206.165-16738>
...
006 (220666.000.000) 07/31 06:49:15 Image size of job updated: 447524
	71  -  MemoryUsage of job (MB)
	72348  -  ResidentSetSize of job (KB)
...
005 (220666.000.000) 07/31 06:51:51 Job terminated.
	(1) Normal termination (return value 90)
		Usr 0 00:00:01, Sys 0 00:00:19  -  Run Remote Usage
		Usr 0 00:00:00, Sys 0 00:00:00  -  Run Local Usage
		Usr 0 00:00:01, Sys 0 00:00:19  -  Total Remote Usage
		Usr 0 00:00:00, Sys 0 00:00:00  -  Total Local Usage
	15095  -  Run Bytes Sent By Job
	8930  -  Run Bytes Received By Job
	15095  -  Total Bytes Sent By Job
	8930  -  Total Bytes Received By Job
	Partitionable Resources :    Usage  Request Allocated
	   Cpus                 :                 1         1
	   Disk (KB)            :  5332662 10000000  11218112
	   Memory (MB)          :       71     2100      2100
...
000 (221228.000.000) 07/31 07:07:18 Job submitted from host: <131.225.189.232:9618?addrs=131.225.189.232-9618&noUDP&sock=8982_aaf4_3>
...
001 (221228.000.000) 07/31 07:07:48 Job executing on host: <131.225.206.19:25695?addrs=131.225.206.19-25695>
...
006 (221228.000.000) 07/31 07:07:57 Image size of job updated: 447524
	71  -  MemoryUsage of job (MB)
	72344  -  ResidentSetSize of job (KB)
...
000 (221783.000.000) 07/31 07:11:59 Job submitted from host: <131.225.189.232:9618?addrs=131.225.189.232-9618&noUDP&sock=8982_aaf4_3>
...
001 (221783.000.000) 07/31 07:12:19 Job executing on host: <131.225.206.212:17311?addrs=131.225.206.212-17311>
...
006 (221783.000.000) 07/31 07:12:28 Image size of job updated: 2
	3  -  MemoryUsage of job (MB)
	2424  -  ResidentSetSize of job (KB)
...
006 (221783.000.000) 07/31 07:13:29 Image size of job updated: 447524
	71  -  MemoryUsage of job (MB)
	72412  -  ResidentSetSize of job (KB)
...
006 (221783.000.000) 07/31 07:14:30 Image size of job updated: 447524
	207  -  MemoryUsage of job (MB)
	211768  -  ResidentSetSize of job (KB)
...
005 (221228.000.000) 07/31 07:14:34 Job terminated.
	(1) Normal termination (return value 90)
		Usr 0 00:00:02, Sys 0 00:00:19  -  Run Remote Usage
		Usr 0 00:00:00, Sys 0 00:00:00  -  Run Local Usage
		Usr 0 00:00:02, Sys 0 00:00:19  -  Total Remote Usage
		Usr 0 00:00:00, Sys 0 00:00:00  -  Total Local Usage
	30290  -  Run Bytes Sent By Job
	8930  -  Run Bytes Received By Job
	30290  -  Total Bytes Sent By Job
	8930  -  Total Bytes Received By Job
	Partitionable Resources :    Usage  Request Allocated
	   Cpus                 :                 1         1
	   Disk (KB)            :  6008958 10000000  12740408
	   Memory (MB)          :       71     2100      2100
...
006 (221783.000.000) 07/31 07:14:40 Image size of job updated: 695216
	207  -  MemoryUsage of job (MB)
	211768  -  ResidentSetSize of job (KB)
...
005 (221783.000.000) 07/31 07:14:40 Job terminated.
	(1) Normal termination (return value 65)
		Usr 0 00:00:09, Sys 0 00:00:10  -  Run Remote Usage
		Usr 0 00:00:00, Sys 0 00:00:00  -  Run Local Usage
		Usr 0 00:00:09, Sys 0 00:00:10  -  Total Remote Usage
		Usr 0 00:00:00, Sys 0 00:00:00  -  Total Local Usage
	8900  -  Run Bytes Sent By Job
	8930  -  Run Bytes Received By Job
	8900  -  Total Bytes Sent By Job
	8930  -  Total Bytes Received By Job
	Partitionable Resources :    Usage  Request Allocated
	   Cpus                 :                 1         1
	   Disk (KB)            :  6138629 10000000  11639292
	   Memory (MB)          :      207     2100      2100
...
000 (222345.000.000) 07/31 08:32:39 Job submitted from host: <131.225.189.232:9618?addrs=131.225.189.232-9618&noUDP&sock=8982_aaf4_3>
...
001 (222345.000.000) 07/31 08:33:12 Job executing on host: <131.225.206.127:19171?addrs=131.225.206.127-19171>
...
006 (222345.000.000) 07/31 08:33:21 Image size of job updated: 381924
	15  -  MemoryUsage of job (MB)
	14940  -  ResidentSetSize of job (KB)
...
006 (222345.000.000) 07/31 08:34:22 Image size of job updated: 447524
	70  -  MemoryUsage of job (MB)
	71356  -  ResidentSetSize of job (KB)
...
005 (222345.000.000) 07/31 08:37:13 Job terminated.
	(1) Normal termination (return value 65)
		Usr 0 00:00:02, Sys 0 00:00:16  -  Run Remote Usage
		Usr 0 00:00:00, Sys 0 00:00:00  -  Run Local Usage
		Usr 0 00:00:02, Sys 0 00:00:16  -  Total Remote Usage
		Usr 0 00:00:00, Sys 0 00:00:00  -  Total Local Usage
	21519  -  Run Bytes Sent By Job
	8930  -  Run Bytes Received By Job
	21519  -  Total Bytes Sent By Job
	8930  -  Total Bytes Received By Job
	Partitionable Resources :    Usage  Request Allocated
	   Cpus                 :                 1         1
	   Disk (KB)            :  5060949 10000000  10603584
	   Memory (MB)          :       70     2100      2100
...
