000 (220690.000.000) 07/31 06:48:49 Job submitted from host: <131.225.189.232:9618?addrs=131.225.189.232-9618&noUDP&sock=8982_aaf4_3>
...
001 (220690.000.000) 07/31 06:49:16 Job executing on host: <131.225.206.206:31171?addrs=131.225.206.206-31171>
...
006 (220690.000.000) 07/31 06:49:25 Image size of job updated: 447524
	71  -  MemoryUsage of job (MB)
	72344  -  ResidentSetSize of job (KB)
...
005 (220690.000.000) 07/31 06:51:33 Job terminated.
	(1) Normal termination (return value 90)
		Usr 0 00:00:01, Sys 0 00:00:18  -  Run Remote Usage
		Usr 0 00:00:00, Sys 0 00:00:00  -  Run Local Usage
		Usr 0 00:00:01, Sys 0 00:00:18  -  Total Remote Usage
		Usr 0 00:00:00, Sys 0 00:00:00  -  Total Local Usage
	11393  -  Run Bytes Sent By Job
	8930  -  Run Bytes Received By Job
	11393  -  Total Bytes Sent By Job
	8930  -  Total Bytes Received By Job
	Partitionable Resources :    Usage  Request Allocated
	   Cpus                 :                 1         1
	   Disk (KB)            :  6132354 10000000  12160400
	   Memory (MB)          :       71     2100      2100
...
000 (221252.000.000) 07/31 07:07:22 Job submitted from host: <131.225.189.232:9618?addrs=131.225.189.232-9618&noUDP&sock=8982_aaf4_3>
...
001 (221252.000.000) 07/31 07:07:54 Job executing on host: <131.225.206.179:1923?addrs=131.225.206.179-1923>
...
006 (221252.000.000) 07/31 07:08:03 Image size of job updated: 2
	3  -  MemoryUsage of job (MB)
	2424  -  ResidentSetSize of job (KB)
...
006 (221252.000.000) 07/31 07:09:04 Image size of job updated: 447524
	71  -  MemoryUsage of job (MB)
	72344  -  ResidentSetSize of job (KB)
...
005 (221252.000.000) 07/31 07:10:07 Job terminated.
	(1) Normal termination (return value 90)
		Usr 0 00:00:01, Sys 0 00:00:19  -  Run Remote Usage
		Usr 0 00:00:00, Sys 0 00:00:00  -  Run Local Usage
		Usr 0 00:00:01, Sys 0 00:00:19  -  Total Remote Usage
		Usr 0 00:00:00, Sys 0 00:00:00  -  Total Local Usage
	13160  -  Run Bytes Sent By Job
	8930  -  Run Bytes Received By Job
	13160  -  Total Bytes Sent By Job
	8930  -  Total Bytes Received By Job
	Partitionable Resources :    Usage  Request Allocated
	   Cpus                 :                 1         1
	   Disk (KB)            :  6074478 10000000  10360230
	   Memory (MB)          :       71     2100      2100
...
000 (221807.000.000) 07/31 07:12:03 Job submitted from host: <131.225.189.232:9618?addrs=131.225.189.232-9618&noUDP&sock=8982_aaf4_3>
...
001 (221807.000.000) 07/31 07:12:26 Job executing on host: <131.225.205.153:56309?addrs=131.225.205.153-56309>
...
006 (221807.000.000) 07/31 07:12:35 Image size of job updated: 447524
	9  -  MemoryUsage of job (MB)
	8196  -  ResidentSetSize of job (KB)
...
006 (221807.000.000) 07/31 07:13:35 Image size of job updated: 447524
	69  -  MemoryUsage of job (MB)
	70368  -  ResidentSetSize of job (KB)
...
006 (221807.000.000) 07/31 07:17:40 Image size of job updated: 769968
	478  -  MemoryUsage of job (MB)
	489372  -  ResidentSetSize of job (KB)
...
005 (221807.000.000) 07/31 07:17:47 Job terminated.
	(1) Normal termination (return value 65)
		Usr 0 00:00:18, Sys 0 00:00:28  -  Run Remote Usage
		Usr 0 00:00:00, Sys 0 00:00:00  -  Run Local Usage
		Usr 0 00:00:18, Sys 0 00:00:28  -  Total Remote Usage
		Usr 0 00:00:00, Sys 0 00:00:00  -  Total Local Usage
	24441  -  Run Bytes Sent By Job
	8930  -  Run Bytes Received By Job
	24441  -  Total Bytes Sent By Job
	8930  -  Total Bytes Received By Job
	Partitionable Resources :    Usage  Request Allocated
	   Cpus                 :                 1         1
	   Disk (KB)            :  6141086 10000000  17127032
	   Memory (MB)          :      478     2100      2100
...
000 (222369.000.000) 07/31 08:32:41 Job submitted from host: <131.225.189.232:9618?addrs=131.225.189.232-9618&noUDP&sock=8982_aaf4_3>
...
001 (222369.000.000) 07/31 08:33:20 Job executing on host: <131.225.204.76:59502?addrs=131.225.204.76-59502>
...
006 (222369.000.000) 07/31 08:33:28 Image size of job updated: 447524
	69  -  MemoryUsage of job (MB)
	70284  -  ResidentSetSize of job (KB)
...
006 (222369.000.000) 07/31 08:34:28 Image size of job updated: 447524
	69  -  MemoryUsage of job (MB)
	70404  -  ResidentSetSize of job (KB)
...
006 (222369.000.000) 07/31 08:35:28 Image size of job updated: 447524
	69  -  MemoryUsage of job (MB)
	70412  -  ResidentSetSize of job (KB)
...
006 (222369.000.000) 07/31 08:36:28 Image size of job updated: 488592
	202  -  MemoryUsage of job (MB)
	206600  -  ResidentSetSize of job (KB)
...
006 (222369.000.000) 07/31 08:36:53 Image size of job updated: 769976
	202  -  MemoryUsage of job (MB)
	206600  -  ResidentSetSize of job (KB)
...
005 (222369.000.000) 07/31 08:36:54 Job terminated.
	(1) Normal termination (return value 65)
		Usr 0 00:00:12, Sys 0 00:00:18  -  Run Remote Usage
		Usr 0 00:00:00, Sys 0 00:00:00  -  Run Local Usage
		Usr 0 00:00:12, Sys 0 00:00:18  -  Total Remote Usage
		Usr 0 00:00:00, Sys 0 00:00:00  -  Total Local Usage
	17428  -  Run Bytes Sent By Job
	8930  -  Run Bytes Received By Job
	17428  -  Total Bytes Sent By Job
	8930  -  Total Bytes Received By Job
	Partitionable Resources :    Usage  Request Allocated
	   Cpus                 :                 1         1
	   Disk (KB)            :  6143945 10000000  10242810
	   Memory (MB)          :      202     2100      2100
...
000 (222924.000.000) 07/31 08:49:51 Job submitted from host: <131.225.189.232:9618?addrs=131.225.189.232-9618&noUDP&sock=8982_aaf4_3>
...
001 (222924.000.000) 07/31 08:50:29 Job executing on host: <131.225.206.208:5672?addrs=131.225.206.208-5672>
...
006 (222924.000.000) 07/31 08:50:38 Image size of job updated: 447524
	71  -  MemoryUsage of job (MB)
	72348  -  ResidentSetSize of job (KB)
...
006 (222924.000.000) 07/31 08:52:58 Image size of job updated: 600396
	71  -  MemoryUsage of job (MB)
	72348  -  ResidentSetSize of job (KB)
...
005 (222924.000.000) 07/31 08:52:59 Job terminated.
	(1) Normal termination (return value 65)
		Usr 0 00:00:06, Sys 0 00:00:16  -  Run Remote Usage
		Usr 0 00:00:00, Sys 0 00:00:00  -  Run Local Usage
		Usr 0 00:00:06, Sys 0 00:00:16  -  Total Remote Usage
		Usr 0 00:00:00, Sys 0 00:00:00  -  Total Local Usage
	13544  -  Run Bytes Sent By Job
	44439  -  Run Bytes Received By Job
	13544  -  Total Bytes Sent By Job
	44439  -  Total Bytes Received By Job
	Partitionable Resources :    Usage  Request Allocated
	   Cpus                 :                 1         1
	   Disk (KB)            :  6143779 10000000  11698332
	   Memory (MB)          :       71     2100      2100
...
000 (223479.000.000) 07/31 09:06:19 Job submitted from host: <131.225.189.232:9618?addrs=131.225.189.232-9618&noUDP&sock=8982_aaf4_3>
...
