000 (220838.000.000) 07/31 06:49:21 Job submitted from host: <131.225.189.232:9618?addrs=131.225.189.232-9618&noUDP&sock=8982_aaf4_3>
...
001 (220838.000.000) 07/31 06:49:42 Job executing on host: <131.225.205.152:10112?addrs=131.225.205.152-10112>
...
006 (220838.000.000) 07/31 06:49:51 Image size of job updated: 447524
	18  -  MemoryUsage of job (MB)
	17680  -  ResidentSetSize of job (KB)
...
006 (220838.000.000) 07/31 06:50:53 Image size of job updated: 447524
	70  -  MemoryUsage of job (MB)
	71352  -  ResidentSetSize of job (KB)
...
005 (220838.000.000) 07/31 06:51:01 Job terminated.
	(1) Normal termination (return value 90)
		Usr 0 00:00:00, Sys 0 00:00:15  -  Run Remote Usage
		Usr 0 00:00:00, Sys 0 00:00:00  -  Run Local Usage
		Usr 0 00:00:00, Sys 0 00:00:15  -  Total Remote Usage
		Usr 0 00:00:00, Sys 0 00:00:00  -  Total Local Usage
	8920  -  Run Bytes Sent By Job
	8930  -  Run Bytes Received By Job
	8920  -  Total Bytes Sent By Job
	8930  -  Total Bytes Received By Job
	Partitionable Resources :    Usage  Request Allocated
	   Cpus                 :                 1         1
	   Disk (KB)            :  6016010 10000000  17086082
	   Memory (MB)          :       70     2100      2100
...
000 (221400.000.000) 07/31 07:07:48 Job submitted from host: <131.225.189.232:9618?addrs=131.225.189.232-9618&noUDP&sock=8982_aaf4_3>
...
001 (221400.000.000) 07/31 07:08:23 Job executing on host: <131.225.204.82:42014?addrs=131.225.204.82-42014>
...
006 (221400.000.000) 07/31 07:08:32 Image size of job updated: 447524
	71  -  MemoryUsage of job (MB)
	72344  -  ResidentSetSize of job (KB)
...
005 (221400.000.000) 07/31 07:11:31 Job terminated.
	(1) Normal termination (return value 90)
		Usr 0 00:00:01, Sys 0 00:00:19  -  Run Remote Usage
		Usr 0 00:00:00, Sys 0 00:00:00  -  Run Local Usage
		Usr 0 00:00:01, Sys 0 00:00:19  -  Total Remote Usage
		Usr 0 00:00:00, Sys 0 00:00:00  -  Total Local Usage
	14157  -  Run Bytes Sent By Job
	8930  -  Run Bytes Received By Job
	14157  -  Total Bytes Sent By Job
	8930  -  Total Bytes Received By Job
	Partitionable Resources :    Usage  Request Allocated
	   Cpus                 :                 1         1
	   Disk (KB)            :  6074478 10000000  10403736
	   Memory (MB)          :       71     2100      2100
...
000 (221955.000.000) 07/31 07:12:29 Job submitted from host: <131.225.189.232:9618?addrs=131.225.189.232-9618&noUDP&sock=8982_aaf4_3>
...
001 (221955.000.000) 07/31 07:13:31 Job executing on host: <131.225.204.51:12312?addrs=131.225.204.51-12312>
...
006 (221955.000.000) 07/31 07:13:40 Image size of job updated: 2
	3  -  MemoryUsage of job (MB)
	2424  -  ResidentSetSize of job (KB)
...
006 (221955.000.000) 07/31 07:14:41 Image size of job updated: 447524
	71  -  MemoryUsage of job (MB)
	72344  -  ResidentSetSize of job (KB)
...
006 (221955.000.000) 07/31 07:15:37 Image size of job updated: 607816
	71  -  MemoryUsage of job (MB)
	72344  -  ResidentSetSize of job (KB)
...
005 (221955.000.000) 07/31 07:15:37 Job terminated.
	(1) Normal termination (return value 65)
		Usr 0 00:00:06, Sys 0 00:00:16  -  Run Remote Usage
		Usr 0 00:00:00, Sys 0 00:00:00  -  Run Local Usage
		Usr 0 00:00:06, Sys 0 00:00:16  -  Total Remote Usage
		Usr 0 00:00:00, Sys 0 00:00:00  -  Total Local Usage
	9593  -  Run Bytes Sent By Job
	8930  -  Run Bytes Received By Job
	9593  -  Total Bytes Sent By Job
	8930  -  Total Bytes Received By Job
	Partitionable Resources :    Usage  Request Allocated
	   Cpus                 :                 1         1
	   Disk (KB)            :  6221336 10000000  10336014
	   Memory (MB)          :       71     2100      2100
...
