000 (220526.000.000) 07/31 06:48:15 Job submitted from host: <131.225.189.232:9618?addrs=131.225.189.232-9618&noUDP&sock=8982_aaf4_3>
...
001 (220526.000.000) 07/31 06:48:30 Job executing on host: <131.225.206.101:25995?addrs=131.225.206.101-25995>
...
006 (220526.000.000) 07/31 06:48:39 Image size of job updated: 447524
	71  -  MemoryUsage of job (MB)
	72348  -  ResidentSetSize of job (KB)
...
005 (220526.000.000) 07/31 06:49:39 Job terminated.
	(1) Normal termination (return value 90)
		Usr 0 00:00:00, Sys 0 00:00:04  -  Run Remote Usage
		Usr 0 00:00:00, Sys 0 00:00:00  -  Run Local Usage
		Usr 0 00:00:00, Sys 0 00:00:04  -  Total Remote Usage
		Usr 0 00:00:00, Sys 0 00:00:00  -  Total Local Usage
	5003  -  Run Bytes Sent By Job
	8930  -  Run Bytes Received By Job
	5003  -  Total Bytes Sent By Job
	8930  -  Total Bytes Received By Job
	Partitionable Resources :    Usage  Request Allocated
	   Cpus                 :                 1         1
	   Disk (KB)            :   773125 10000000  10519422
	   Memory (MB)          :       71     2100      2100
...
000 (221088.000.000) 07/31 07:06:53 Job submitted from host: <131.225.189.232:9618?addrs=131.225.189.232-9618&noUDP&sock=8982_aaf4_3>
...
001 (221088.000.000) 07/31 07:07:11 Job executing on host: <131.225.204.117:50580?addrs=131.225.204.117-50580>
...
006 (221088.000.000) 07/31 07:07:21 Image size of job updated: 447524
	71  -  MemoryUsage of job (MB)
	72344  -  ResidentSetSize of job (KB)
...
005 (221088.000.000) 07/31 07:07:54 Job terminated.
	(1) Normal termination (return value 90)
		Usr 0 00:00:00, Sys 0 00:00:06  -  Run Remote Usage
		Usr 0 00:00:00, Sys 0 00:00:00  -  Run Local Usage
		Usr 0 00:00:00, Sys 0 00:00:06  -  Total Remote Usage
		Usr 0 00:00:00, Sys 0 00:00:00  -  Total Local Usage
	5700  -  Run Bytes Sent By Job
	8930  -  Run Bytes Received By Job
	5700  -  Total Bytes Sent By Job
	8930  -  Total Bytes Received By Job
	Partitionable Resources :    Usage  Request Allocated
	   Cpus                 :                 1         1
	   Disk (KB)            :   700516 10000000  12402776
	   Memory (MB)          :       71     2100      2100
...
000 (221643.000.000) 07/31 07:11:35 Job submitted from host: <131.225.189.232:9618?addrs=131.225.189.232-9618&noUDP&sock=8982_aaf4_3>
...
001 (221643.000.000) 07/31 07:11:45 Job executing on host: <131.225.206.199:58589?addrs=131.225.206.199-58589>
...
006 (221643.000.000) 07/31 07:11:54 Image size of job updated: 2
	3  -  MemoryUsage of job (MB)
	2424  -  ResidentSetSize of job (KB)
...
006 (221643.000.000) 07/31 07:12:56 Image size of job updated: 447524
	164  -  MemoryUsage of job (MB)
	167880  -  ResidentSetSize of job (KB)
...
006 (221643.000.000) 07/31 07:13:28 Image size of job updated: 493960
	164  -  MemoryUsage of job (MB)
	167880  -  ResidentSetSize of job (KB)
...
005 (221643.000.000) 07/31 07:13:28 Job terminated.
	(1) Normal termination (return value 65)
		Usr 0 00:00:04, Sys 0 00:00:06  -  Run Remote Usage
		Usr 0 00:00:00, Sys 0 00:00:00  -  Run Local Usage
		Usr 0 00:00:04, Sys 0 00:00:06  -  Total Remote Usage
		Usr 0 00:00:00, Sys 0 00:00:00  -  Total Local Usage
	6011  -  Run Bytes Sent By Job
	8930  -  Run Bytes Received By Job
	6011  -  Total Bytes Sent By Job
	8930  -  Total Bytes Received By Job
	Partitionable Resources :    Usage  Request Allocated
	   Cpus                 :                 1         1
	   Disk (KB)            :  2937654 10000000  11572056
	   Memory (MB)          :      164     2100      2100
...
000 (222205.000.000) 07/31 08:32:30 Job submitted from host: <131.225.189.232:9618?addrs=131.225.189.232-9618&noUDP&sock=8982_aaf4_3>
...
001 (222205.000.000) 07/31 08:33:10 Job executing on host: <131.225.207.97:13418?addrs=131.225.207.97-13418>
...
006 (222205.000.000) 07/31 08:33:18 Image size of job updated: 102476
	2  -  MemoryUsage of job (MB)
	1776  -  ResidentSetSize of job (KB)
...
006 (222205.000.000) 07/31 08:34:18 Image size of job updated: 447524
	35  -  MemoryUsage of job (MB)
	35396  -  ResidentSetSize of job (KB)
...
006 (222205.000.000) 07/31 08:35:14 Image size of job updated: 764340
	35  -  MemoryUsage of job (MB)
	35396  -  ResidentSetSize of job (KB)
...
005 (222205.000.000) 07/31 08:35:14 Job terminated.
	(1) Normal termination (return value 65)
		Usr 0 00:00:12, Sys 0 00:00:07  -  Run Remote Usage
		Usr 0 00:00:00, Sys 0 00:00:00  -  Run Local Usage
		Usr 0 00:00:12, Sys 0 00:00:07  -  Total Remote Usage
		Usr 0 00:00:00, Sys 0 00:00:00  -  Total Local Usage
	7481  -  Run Bytes Sent By Job
	8930  -  Run Bytes Received By Job
	7481  -  Total Bytes Sent By Job
	8930  -  Total Bytes Received By Job
	Partitionable Resources :    Usage  Request Allocated
	   Cpus                 :                 1         1
	   Disk (KB)            :  2940523 10000000  12742748
	   Memory (MB)          :       35     2100      2100
...
000 (222760.000.000) 07/31 08:49:40 Job submitted from host: <131.225.189.232:9618?addrs=131.225.189.232-9618&noUDP&sock=8982_aaf4_3>
...
001 (222760.000.000) 07/31 08:49:56 Job executing on host: <131.225.207.182:2483?addrs=131.225.207.182-2483>
...
006 (222760.000.000) 07/31 08:50:04 Image size of job updated: 447524
	71  -  MemoryUsage of job (MB)
	72348  -  ResidentSetSize of job (KB)
...
006 (222760.000.000) 07/31 08:51:04 Image size of job updated: 612004
	339  -  MemoryUsage of job (MB)
	346936  -  ResidentSetSize of job (KB)
...
005 (222760.000.000) 07/31 08:51:14 Job terminated.
	(1) Normal termination (return value 65)
		Usr 0 00:00:06, Sys 0 00:00:05  -  Run Remote Usage
		Usr 0 00:00:00, Sys 0 00:00:00  -  Run Local Usage
		Usr 0 00:00:06, Sys 0 00:00:05  -  Total Remote Usage
		Usr 0 00:00:00, Sys 0 00:00:00  -  Total Local Usage
	7105  -  Run Bytes Sent By Job
	44439  -  Run Bytes Received By Job
	7105  -  Total Bytes Sent By Job
	44439  -  Total Bytes Received By Job
	Partitionable Resources :    Usage  Request Allocated
	   Cpus                 :                 1         1
	   Disk (KB)            :  2940361 10000000  10455900
	   Memory (MB)          :      339     2100      2100
...
000 (223315.000.000) 07/31 09:06:10 Job submitted from host: <131.225.189.232:9618?addrs=131.225.189.232-9618&noUDP&sock=8982_aaf4_3>
...
001 (223315.000.000) 07/31 09:10:17 Job executing on host: <131.225.205.195:58304?addrs=131.225.205.195-58304>
...
006 (223315.000.000) 07/31 09:10:25 Image size of job updated: 76004
	15  -  MemoryUsage of job (MB)
	14640  -  ResidentSetSize of job (KB)
...
