000 (220608.000.000) 07/31 06:48:32 Job submitted from host: <131.225.189.232:9618?addrs=131.225.189.232-9618&noUDP&sock=8982_aaf4_3>
...
001 (220608.000.000) 07/31 06:48:54 Job executing on host: <131.225.191.156:34555?addrs=131.225.191.156-34555>
...
006 (220608.000.000) 07/31 06:49:03 Image size of job updated: 447524
	71  -  MemoryUsage of job (MB)
	72344  -  ResidentSetSize of job (KB)
...
005 (220608.000.000) 07/31 06:49:40 Job terminated.
	(1) Normal termination (return value 90)
		Usr 0 00:00:00, Sys 0 00:00:07  -  Run Remote Usage
		Usr 0 00:00:00, Sys 0 00:00:00  -  Run Local Usage
		Usr 0 00:00:00, Sys 0 00:00:07  -  Total Remote Usage
		Usr 0 00:00:00, Sys 0 00:00:00  -  Total Local Usage
	6278  -  Run Bytes Sent By Job
	8930  -  Run Bytes Received By Job
	6278  -  Total Bytes Sent By Job
	8930  -  Total Bytes Received By Job
	Partitionable Resources :    Usage  Request Allocated
	   Cpus                 :                 1         1
	   Disk (KB)            :   674821 10000000  12236444
	   Memory (MB)          :       71     2100      2100
...
000 (221170.000.000) 07/31 07:07:07 Job submitted from host: <131.225.189.232:9618?addrs=131.225.189.232-9618&noUDP&sock=8982_aaf4_3>
...
001 (221170.000.000) 07/31 07:07:37 Job executing on host: <131.225.207.146:34152?addrs=131.225.207.146-34152>
...
006 (221170.000.000) 07/31 07:07:46 Image size of job updated: 2
	3  -  MemoryUsage of job (MB)
	2420  -  ResidentSetSize of job (KB)
...
006 (221170.000.000) 07/31 07:08:47 Image size of job updated: 447524
	3  -  MemoryUsage of job (MB)
	2584  -  ResidentSetSize of job (KB)
...
005 (221170.000.000) 07/31 07:09:19 Job terminated.
	(1) Normal termination (return value 90)
		Usr 0 00:00:00, Sys 0 00:00:07  -  Run Remote Usage
		Usr 0 00:00:00, Sys 0 00:00:00  -  Run Local Usage
		Usr 0 00:00:00, Sys 0 00:00:07  -  Total Remote Usage
		Usr 0 00:00:00, Sys 0 00:00:00  -  Total Local Usage
	6006  -  Run Bytes Sent By Job
	8930  -  Run Bytes Received By Job
	6006  -  Total Bytes Sent By Job
	8930  -  Total Bytes Received By Job
	Partitionable Resources :    Usage  Request Allocated
	   Cpus                 :                 1         1
	   Disk (KB)            :   618596 10000000  10168020
	   Memory (MB)          :        3     2100      2100
...
000 (221725.000.000) 07/31 07:11:49 Job submitted from host: <131.225.189.232:9618?addrs=131.225.189.232-9618&noUDP&sock=8982_aaf4_3>
...
001 (221725.000.000) 07/31 07:12:07 Job executing on host: <131.225.207.153:11574?addrs=131.225.207.153-11574>
...
006 (221725.000.000) 07/31 07:12:16 Image size of job updated: 447536
	19  -  MemoryUsage of job (MB)
	19096  -  ResidentSetSize of job (KB)
...
006 (221725.000.000) 07/31 07:13:17 Image size of job updated: 447536
	69  -  MemoryUsage of job (MB)
	70408  -  ResidentSetSize of job (KB)
...
006 (221725.000.000) 07/31 07:16:17 Image size of job updated: 542380
	69  -  MemoryUsage of job (MB)
	70408  -  ResidentSetSize of job (KB)
...
005 (221725.000.000) 07/31 07:16:18 Job terminated.
	(1) Normal termination (return value 65)
		Usr 0 00:00:05, Sys 0 00:00:09  -  Run Remote Usage
		Usr 0 00:00:00, Sys 0 00:00:00  -  Run Local Usage
		Usr 0 00:00:05, Sys 0 00:00:09  -  Total Remote Usage
		Usr 0 00:00:00, Sys 0 00:00:00  -  Total Local Usage
	16093  -  Run Bytes Sent By Job
	8930  -  Run Bytes Received By Job
	16093  -  Total Bytes Sent By Job
	8930  -  Total Bytes Received By Job
	Partitionable Resources :    Usage  Request Allocated
	   Cpus                 :                 1         1
	   Disk (KB)            :  2469405 10000000  13040168
	   Memory (MB)          :       69     2100      2100
...
000 (222287.000.000) 07/31 08:32:35 Job submitted from host: <131.225.189.232:9618?addrs=131.225.189.232-9618&noUDP&sock=8982_aaf4_3>
...
001 (222287.000.000) 07/31 08:33:02 Job executing on host: <131.225.206.162:10328?addrs=131.225.206.162-10328>
...
006 (222287.000.000) 07/31 08:33:10 Image size of job updated: 447536
	17  -  MemoryUsage of job (MB)
	17048  -  ResidentSetSize of job (KB)
...
006 (222287.000.000) 07/31 08:34:10 Image size of job updated: 447536
	165  -  MemoryUsage of job (MB)
	168696  -  ResidentSetSize of job (KB)
...
006 (222287.000.000) 07/31 08:34:30 Image size of job updated: 542376
	165  -  MemoryUsage of job (MB)
	168696  -  ResidentSetSize of job (KB)
...
005 (222287.000.000) 07/31 08:34:30 Job terminated.
	(1) Normal termination (return value 65)
		Usr 0 00:00:04, Sys 0 00:00:07  -  Run Remote Usage
		Usr 0 00:00:00, Sys 0 00:00:00  -  Run Local Usage
		Usr 0 00:00:04, Sys 0 00:00:07  -  Total Remote Usage
		Usr 0 00:00:00, Sys 0 00:00:00  -  Total Local Usage
	7972  -  Run Bytes Sent By Job
	8930  -  Run Bytes Received By Job
	7972  -  Total Bytes Sent By Job
	8930  -  Total Bytes Received By Job
	Partitionable Resources :    Usage  Request Allocated
	   Cpus                 :                 1         1
	   Disk (KB)            :  3068242 10000000  11857280
	   Memory (MB)          :      165     2100      2100
...
