000 (220992.000.000) 07/31 06:49:55 Job submitted from host: <131.225.189.232:9618?addrs=131.225.189.232-9618&noUDP&sock=8982_aaf4_3>
...
001 (220992.000.000) 07/31 06:50:58 Job executing on host: <131.225.207.66:14919?addrs=131.225.207.66-14919>
...
006 (220992.000.000) 07/31 06:51:06 Image size of job updated: 447524
	71  -  MemoryUsage of job (MB)
	72344  -  ResidentSetSize of job (KB)
...
005 (220992.000.000) 07/31 06:52:23 Job terminated.
	(1) Normal termination (return value 90)
		Usr 0 00:00:01, Sys 0 00:00:12  -  Run Remote Usage
		Usr 0 00:00:00, Sys 0 00:00:00  -  Run Local Usage
		Usr 0 00:00:01, Sys 0 00:00:12  -  Total Remote Usage
		Usr 0 00:00:00, Sys 0 00:00:00  -  Total Local Usage
	8849  -  Run Bytes Sent By Job
	8930  -  Run Bytes Received By Job
	8849  -  Total Bytes Sent By Job
	8930  -  Total Bytes Received By Job
	Partitionable Resources :    Usage  Request Allocated
	   Cpus                 :                 1         1
	   Disk (KB)            :  5966858 10000000  10182726
	   Memory (MB)          :       71     2100      2100
...
000 (221554.000.000) 07/31 07:08:15 Job submitted from host: <131.225.189.232:9618?addrs=131.225.189.232-9618&noUDP&sock=8982_aaf4_3>
...
001 (221554.000.000) 07/31 07:09:23 Job executing on host: <131.225.206.193:38008?addrs=131.225.206.193-38008>
...
006 (221554.000.000) 07/31 07:09:31 Image size of job updated: 2
	3  -  MemoryUsage of job (MB)
	2424  -  ResidentSetSize of job (KB)
...
006 (221554.000.000) 07/31 07:10:43 Image size of job updated: 447524
	3  -  MemoryUsage of job (MB)
	2600  -  ResidentSetSize of job (KB)
...
005 (221554.000.000) 07/31 07:10:44 Job terminated.
	(1) Normal termination (return value 90)
		Usr 0 00:00:00, Sys 0 00:00:17  -  Run Remote Usage
		Usr 0 00:00:00, Sys 0 00:00:00  -  Run Local Usage
		Usr 0 00:00:00, Sys 0 00:00:17  -  Total Remote Usage
		Usr 0 00:00:00, Sys 0 00:00:00  -  Total Local Usage
	8228  -  Run Bytes Sent By Job
	8930  -  Run Bytes Received By Job
	8228  -  Total Bytes Sent By Job
	8930  -  Total Bytes Received By Job
	Partitionable Resources :    Usage  Request Allocated
	   Cpus                 :                 1         1
	   Disk (KB)            :  6625190 10000000  11761520
	   Memory (MB)          :        3     2100      2100
...
000 (222109.000.000) 07/31 07:12:54 Job submitted from host: <131.225.189.232:9618?addrs=131.225.189.232-9618&noUDP&sock=8982_aaf4_3>
...
001 (222109.000.000) 07/31 07:14:38 Job executing on host: <131.225.191.134:57505?addrs=131.225.191.134-57505>
...
006 (222109.000.000) 07/31 07:14:46 Image size of job updated: 447528
	19  -  MemoryUsage of job (MB)
	19096  -  ResidentSetSize of job (KB)
...
006 (222109.000.000) 07/31 07:15:46 Image size of job updated: 447528
	71  -  MemoryUsage of job (MB)
	72344  -  ResidentSetSize of job (KB)
...
006 (222109.000.000) 07/31 07:19:19 Image size of job updated: 724912
	71  -  MemoryUsage of job (MB)
	72344  -  ResidentSetSize of job (KB)
...
005 (222109.000.000) 07/31 07:19:21 Job terminated.
	(1) Normal termination (return value 65)
		Usr 0 00:00:10, Sys 0 00:00:17  -  Run Remote Usage
		Usr 0 00:00:00, Sys 0 00:00:00  -  Run Local Usage
		Usr 0 00:00:10, Sys 0 00:00:17  -  Total Remote Usage
		Usr 0 00:00:00, Sys 0 00:00:00  -  Total Local Usage
	24874  -  Run Bytes Sent By Job
	8930  -  Run Bytes Received By Job
	24874  -  Total Bytes Sent By Job
	8930  -  Total Bytes Received By Job
	Partitionable Resources :    Usage  Request Allocated
	   Cpus                 :                 1         1
	   Disk (KB)            :  6069879 10000000  12158292
	   Memory (MB)          :       71     2100      2100
...
000 (222671.000.000) 07/31 08:33:03 Job submitted from host: <131.225.189.232:9618?addrs=131.225.189.232-9618&noUDP&sock=8982_aaf4_3>
...
001 (222671.000.000) 07/31 08:35:05 Job executing on host: <131.225.204.44:36218?addrs=131.225.204.44-36218>
...
006 (222671.000.000) 07/31 08:35:15 Image size of job updated: 447524
	71  -  MemoryUsage of job (MB)
	72352  -  ResidentSetSize of job (KB)
...
005 (222671.000.000) 07/31 08:36:54 Job terminated.
	(1) Normal termination (return value 65)
		Usr 0 00:00:02, Sys 0 00:00:14  -  Run Remote Usage
		Usr 0 00:00:00, Sys 0 00:00:00  -  Run Local Usage
		Usr 0 00:00:02, Sys 0 00:00:14  -  Total Remote Usage
		Usr 0 00:00:00, Sys 0 00:00:00  -  Total Local Usage
	9758  -  Run Bytes Sent By Job
	8930  -  Run Bytes Received By Job
	9758  -  Total Bytes Sent By Job
	8930  -  Total Bytes Received By Job
	Partitionable Resources :    Usage  Request Allocated
	   Cpus                 :                 1         1
	   Disk (KB)            :  6011212 10000000  13260280
	   Memory (MB)          :       71     2100      2100
...
000 (223226.000.000) 07/31 08:50:05 Job submitted from host: <131.225.189.232:9618?addrs=131.225.189.232-9618&noUDP&sock=8982_aaf4_3>
...
001 (223226.000.000) 07/31 08:51:29 Job executing on host: <131.225.204.60:38918?addrs=131.225.204.60-38918>
...
006 (223226.000.000) 07/31 08:51:38 Image size of job updated: 447524
	69  -  MemoryUsage of job (MB)
	70492  -  ResidentSetSize of job (KB)
...
006 (223226.000.000) 07/31 08:52:39 Image size of job updated: 447524
	69  -  MemoryUsage of job (MB)
	70568  -  ResidentSetSize of job (KB)
...
006 (223226.000.000) 07/31 08:55:32 Image size of job updated: 645288
	69  -  MemoryUsage of job (MB)
	70568  -  ResidentSetSize of job (KB)
...
005 (223226.000.000) 07/31 08:55:33 Job terminated.
	(1) Normal termination (return value 65)
		Usr 0 00:00:08, Sys 0 00:00:17  -  Run Remote Usage
		Usr 0 00:00:00, Sys 0 00:00:00  -  Run Local Usage
		Usr 0 00:00:08, Sys 0 00:00:17  -  Total Remote Usage
		Usr 0 00:00:00, Sys 0 00:00:00  -  Total Local Usage
	21945  -  Run Bytes Sent By Job
	44439  -  Run Bytes Received By Job
	21945  -  Total Bytes Sent By Job
	44439  -  Total Bytes Received By Job
	Partitionable Resources :    Usage  Request Allocated
	   Cpus                 :                 1         1
	   Disk (KB)            :  4634803 10000000  10450461
	   Memory (MB)          :       69     2100      2100
...
000 (223781.000.000) 07/31 09:06:32 Job submitted from host: <131.225.189.232:9618?addrs=131.225.189.232-9618&noUDP&sock=8982_aaf4_3>
...
