000 (220866.000.000) 07/31 06:49:26 Job submitted from host: <131.225.189.232:9618?addrs=131.225.189.232-9618&noUDP&sock=8982_aaf4_3>
...
001 (220866.000.000) 07/31 06:49:48 Job executing on host: <131.225.205.172:20375?addrs=131.225.205.172-20375>
...
006 (220866.000.000) 07/31 06:49:57 Image size of job updated: 447524
	23  -  MemoryUsage of job (MB)
	22944  -  ResidentSetSize of job (KB)
...
006 (220866.000.000) 07/31 06:50:57 Image size of job updated: 447524
	70  -  MemoryUsage of job (MB)
	71140  -  ResidentSetSize of job (KB)
...
005 (220866.000.000) 07/31 06:53:18 Job terminated.
	(1) Normal termination (return value 90)
		Usr 0 00:00:00, Sys 0 00:00:23  -  Run Remote Usage
		Usr 0 00:00:00, Sys 0 00:00:00  -  Run Local Usage
		Usr 0 00:00:00, Sys 0 00:00:23  -  Total Remote Usage
		Usr 0 00:00:00, Sys 0 00:00:00  -  Total Local Usage
	12435  -  Run Bytes Sent By Job
	8930  -  Run Bytes Received By Job
	12435  -  Total Bytes Sent By Job
	8930  -  Total Bytes Received By Job
	Partitionable Resources :    Usage  Request Allocated
	   Cpus                 :                 1         1
	   Disk (KB)            :  3542026 10000000  17001960
	   Memory (MB)          :       70     2100      2100
...
000 (221428.000.000) 07/31 07:07:53 Job submitted from host: <131.225.189.232:9618?addrs=131.225.189.232-9618&noUDP&sock=8982_aaf4_3>
...
001 (221428.000.000) 07/31 07:08:29 Job executing on host: <131.225.205.175:49102?addrs=131.225.205.175-49102>
...
006 (221428.000.000) 07/31 07:08:37 Image size of job updated: 447524
	71  -  MemoryUsage of job (MB)
	72348  -  ResidentSetSize of job (KB)
...
005 (221428.000.000) 07/31 07:10:23 Job terminated.
	(1) Normal termination (return value 90)
		Usr 0 00:00:00, Sys 0 00:00:15  -  Run Remote Usage
		Usr 0 00:00:00, Sys 0 00:00:00  -  Run Local Usage
		Usr 0 00:00:00, Sys 0 00:00:15  -  Total Remote Usage
		Usr 0 00:00:00, Sys 0 00:00:00  -  Total Local Usage
	9113  -  Run Bytes Sent By Job
	8930  -  Run Bytes Received By Job
	9113  -  Total Bytes Sent By Job
	8930  -  Total Bytes Received By Job
	Partitionable Resources :    Usage  Request Allocated
	   Cpus                 :                 1         1
	   Disk (KB)            :  5779561 10000000  17169422
	   Memory (MB)          :       71     2100      2100
...
000 (221983.000.000) 07/31 07:12:33 Job submitted from host: <131.225.189.232:9618?addrs=131.225.189.232-9618&noUDP&sock=8982_aaf4_3>
...
001 (221983.000.000) 07/31 07:13:55 Job executing on host: <131.225.207.189:33214?addrs=131.225.207.189-33214>
...
006 (221983.000.000) 07/31 07:14:04 Image size of job updated: 447524
	71  -  MemoryUsage of job (MB)
	72348  -  ResidentSetSize of job (KB)
...
006 (221983.000.000) 07/31 07:16:06 Image size of job updated: 499820
	167  -  MemoryUsage of job (MB)
	170528  -  ResidentSetSize of job (KB)
...
006 (221983.000.000) 07/31 07:16:42 Image size of job updated: 770992
	167  -  MemoryUsage of job (MB)
	170528  -  ResidentSetSize of job (KB)
...
005 (221983.000.000) 07/31 07:16:43 Job terminated.
	(1) Normal termination (return value 65)
		Usr 0 00:00:12, Sys 0 00:00:18  -  Run Remote Usage
		Usr 0 00:00:00, Sys 0 00:00:00  -  Run Local Usage
		Usr 0 00:00:12, Sys 0 00:00:18  -  Total Remote Usage
		Usr 0 00:00:00, Sys 0 00:00:00  -  Total Local Usage
	10043  -  Run Bytes Sent By Job
	8930  -  Run Bytes Received By Job
	10043  -  Total Bytes Sent By Job
	8930  -  Total Bytes Received By Job
	Partitionable Resources :    Usage  Request Allocated
	   Cpus                 :                 1         1
	   Disk (KB)            :  6649417 10000000  13293668
	   Memory (MB)          :      167     2100      2100
...
