000 (220805.000.000) 07/31 06:49:14 Job submitted from host: <131.225.189.232:9618?addrs=131.225.189.232-9618&noUDP&sock=8982_aaf4_3>
...
001 (220805.000.000) 07/31 06:49:35 Job executing on host: <131.225.207.141:2601?addrs=131.225.207.141-2601>
...
006 (220805.000.000) 07/31 06:49:44 Image size of job updated: 447524
	63  -  MemoryUsage of job (MB)
	63888  -  ResidentSetSize of job (KB)
...
006 (220805.000.000) 07/31 06:50:45 Image size of job updated: 447524
	69  -  MemoryUsage of job (MB)
	70332  -  ResidentSetSize of job (KB)
...
005 (220805.000.000) 07/31 06:54:11 Job terminated.
	(1) Normal termination (return value 90)
		Usr 0 00:00:01, Sys 0 00:00:20  -  Run Remote Usage
		Usr 0 00:00:00, Sys 0 00:00:00  -  Run Local Usage
		Usr 0 00:00:01, Sys 0 00:00:20  -  Total Remote Usage
		Usr 0 00:00:00, Sys 0 00:00:00  -  Total Local Usage
	25124  -  Run Bytes Sent By Job
	8930  -  Run Bytes Received By Job
	25124  -  Total Bytes Sent By Job
	8930  -  Total Bytes Received By Job
	Partitionable Resources :    Usage  Request Allocated
	   Cpus                 :                 1         1
	   Disk (KB)            :  6081561 10000000  10434474
	   Memory (MB)          :       69     2100      2100
...
000 (221367.000.000) 07/31 07:07:42 Job submitted from host: <131.225.189.232:9618?addrs=131.225.189.232-9618&noUDP&sock=8982_aaf4_3>
...
001 (221367.000.000) 07/31 07:08:18 Job executing on host: <131.225.204.118:52953?addrs=131.225.204.118-52953>
...
006 (221367.000.000) 07/31 07:08:27 Image size of job updated: 2
	3  -  MemoryUsage of job (MB)
	2424  -  ResidentSetSize of job (KB)
...
006 (221367.000.000) 07/31 07:09:28 Image size of job updated: 447524
	71  -  MemoryUsage of job (MB)
	72348  -  ResidentSetSize of job (KB)
...
000 (221922.000.000) 07/31 07:12:23 Job submitted from host: <131.225.189.232:9618?addrs=131.225.189.232-9618&noUDP&sock=8982_aaf4_3>
...
001 (221922.000.000) 07/31 07:13:02 Job executing on host: <131.225.207.41:50739?addrs=131.225.207.41-50739>
...
006 (221922.000.000) 07/31 07:13:11 Image size of job updated: 2
	3  -  MemoryUsage of job (MB)
	2424  -  ResidentSetSize of job (KB)
...
006 (221922.000.000) 07/31 07:14:12 Image size of job updated: 447524
	70  -  MemoryUsage of job (MB)
	71356  -  ResidentSetSize of job (KB)
...
006 (221922.000.000) 07/31 07:15:14 Image size of job updated: 447524
	202  -  MemoryUsage of job (MB)
	206768  -  ResidentSetSize of job (KB)
...
006 (221922.000.000) 07/31 07:15:24 Image size of job updated: 672428
	202  -  MemoryUsage of job (MB)
	206768  -  ResidentSetSize of job (KB)
...
005 (221922.000.000) 07/31 07:15:25 Job terminated.
	(1) Normal termination (return value 65)
		Usr 0 00:00:07, Sys 0 00:00:16  -  Run Remote Usage
		Usr 0 00:00:00, Sys 0 00:00:00  -  Run Local Usage
		Usr 0 00:00:07, Sys 0 00:00:16  -  Total Remote Usage
		Usr 0 00:00:00, Sys 0 00:00:00  -  Total Local Usage
	11002  -  Run Bytes Sent By Job
	8930  -  Run Bytes Received By Job
	11002  -  Total Bytes Sent By Job
	8930  -  Total Bytes Received By Job
	Partitionable Resources :    Usage  Request Allocated
	   Cpus                 :                 1         1
	   Disk (KB)            :  6712143 10000000  10515345
	   Memory (MB)          :      202     2100      2100
...
005 (221367.000.000) 07/31 07:16:15 Job terminated.
	(1) Normal termination (return value 90)
		Usr 0 00:00:02, Sys 0 00:00:27  -  Run Remote Usage
		Usr 0 00:00:00, Sys 0 00:00:00  -  Run Local Usage
		Usr 0 00:00:02, Sys 0 00:00:27  -  Total Remote Usage
		Usr 0 00:00:00, Sys 0 00:00:00  -  Total Local Usage
	35895  -  Run Bytes Sent By Job
	8930  -  Run Bytes Received By Job
	35895  -  Total Bytes Sent By Job
	8930  -  Total Bytes Received By Job
	Partitionable Resources :    Usage  Request Allocated
	   Cpus                 :                 1         1
	   Disk (KB)            :  6008961 10000000  10286760
	   Memory (MB)          :       71     2100      2100
...
000 (222484.000.000) 07/31 08:32:49 Job submitted from host: <131.225.189.232:9618?addrs=131.225.189.232-9618&noUDP&sock=8982_aaf4_3>
...
001 (222484.000.000) 07/31 08:33:46 Job executing on host: <131.225.204.103:41640?addrs=131.225.204.103-41640>
...
006 (222484.000.000) 07/31 08:33:58 Image size of job updated: 2
	3  -  MemoryUsage of job (MB)
	2420  -  ResidentSetSize of job (KB)
...
006 (222484.000.000) 07/31 08:34:56 Image size of job updated: 447524
	69  -  MemoryUsage of job (MB)
	70412  -  ResidentSetSize of job (KB)
...
006 (222484.000.000) 07/31 08:36:46 Image size of job updated: 588848
	69  -  MemoryUsage of job (MB)
	70412  -  ResidentSetSize of job (KB)
...
005 (222484.000.000) 07/31 08:36:47 Job terminated.
	(1) Normal termination (return value 65)
		Usr 0 00:00:06, Sys 0 00:00:16  -  Run Remote Usage
		Usr 0 00:00:00, Sys 0 00:00:00  -  Run Local Usage
		Usr 0 00:00:06, Sys 0 00:00:16  -  Total Remote Usage
		Usr 0 00:00:00, Sys 0 00:00:00  -  Total Local Usage
	12622  -  Run Bytes Sent By Job
	8930  -  Run Bytes Received By Job
	12622  -  Total Bytes Sent By Job
	8930  -  Total Bytes Received By Job
	Partitionable Resources :    Usage  Request Allocated
	   Cpus                 :                 1         1
	   Disk (KB)            :  5585229 10000000  10474173
	   Memory (MB)          :       69     2100      2100
...
000 (223039.000.000) 07/31 08:49:55 Job submitted from host: <131.225.189.232:9618?addrs=131.225.189.232-9618&noUDP&sock=8982_aaf4_3>
...
001 (223039.000.000) 07/31 08:50:52 Job executing on host: <131.225.207.109:41150?addrs=131.225.207.109-41150>
...
006 (223039.000.000) 07/31 08:51:01 Image size of job updated: 2
	3  -  MemoryUsage of job (MB)
	2424  -  ResidentSetSize of job (KB)
...
006 (223039.000.000) 07/31 08:52:02 Image size of job updated: 447524
	69  -  MemoryUsage of job (MB)
	70292  -  ResidentSetSize of job (KB)
...
006 (223039.000.000) 07/31 08:55:37 Image size of job updated: 772788
	69  -  MemoryUsage of job (MB)
	70292  -  ResidentSetSize of job (KB)
...
005 (223039.000.000) 07/31 08:55:37 Job terminated.
	(1) Normal termination (return value 65)
		Usr 0 00:00:13, Sys 0 00:00:19  -  Run Remote Usage
		Usr 0 00:00:00, Sys 0 00:00:00  -  Run Local Usage
		Usr 0 00:00:13, Sys 0 00:00:19  -  Total Remote Usage
		Usr 0 00:00:00, Sys 0 00:00:00  -  Total Local Usage
	25124  -  Run Bytes Sent By Job
	44439  -  Run Bytes Received By Job
	25124  -  Total Bytes Sent By Job
	44439  -  Total Bytes Received By Job
	Partitionable Resources :    Usage  Request Allocated
	   Cpus                 :                 1         1
	   Disk (KB)            :  6125752 10000000  10546296
	   Memory (MB)          :       69     2100      2100
...
000 (223594.000.000) 07/31 09:06:24 Job submitted from host: <131.225.189.232:9618?addrs=131.225.189.232-9618&noUDP&sock=8982_aaf4_3>
...
