000 (220976.000.000) 07/31 06:49:50 Job submitted from host: <131.225.189.232:9618?addrs=131.225.189.232-9618&noUDP&sock=8982_aaf4_3>
...
001 (220976.000.000) 07/31 06:50:55 Job executing on host: <131.225.206.230:48074?addrs=131.225.206.230-48074>
...
006 (220976.000.000) 07/31 06:51:03 Image size of job updated: 447532
	15  -  MemoryUsage of job (MB)
	15000  -  ResidentSetSize of job (KB)
...
006 (220976.000.000) 07/31 06:52:03 Image size of job updated: 447532
	71  -  MemoryUsage of job (MB)
	72344  -  ResidentSetSize of job (KB)
...
005 (220976.000.000) 07/31 06:55:47 Job terminated.
	(1) Normal termination (return value 90)
		Usr 0 00:00:01, Sys 0 00:00:18  -  Run Remote Usage
		Usr 0 00:00:00, Sys 0 00:00:00  -  Run Local Usage
		Usr 0 00:00:01, Sys 0 00:00:18  -  Total Remote Usage
		Usr 0 00:00:00, Sys 0 00:00:00  -  Total Local Usage
	26527  -  Run Bytes Sent By Job
	8930  -  Run Bytes Received By Job
	26527  -  Total Bytes Sent By Job
	8930  -  Total Bytes Received By Job
	Partitionable Resources :    Usage  Request Allocated
	   Cpus                 :                 1         1
	   Disk (KB)            :  4754457 10000000  11986536
	   Memory (MB)          :       71     2100      2100
...
000 (221538.000.000) 07/31 07:08:12 Job submitted from host: <131.225.189.232:9618?addrs=131.225.189.232-9618&noUDP&sock=8982_aaf4_3>
...
001 (221538.000.000) 07/31 07:09:13 Job executing on host: <131.225.204.44:36218?addrs=131.225.204.44-36218>
...
006 (221538.000.000) 07/31 07:09:21 Image size of job updated: 2
	3  -  MemoryUsage of job (MB)
	2428  -  ResidentSetSize of job (KB)
...
006 (221538.000.000) 07/31 07:10:21 Image size of job updated: 447524
	71  -  MemoryUsage of job (MB)
	72348  -  ResidentSetSize of job (KB)
...
005 (221538.000.000) 07/31 07:11:06 Job terminated.
	(1) Normal termination (return value 90)
		Usr 0 00:00:00, Sys 0 00:00:16  -  Run Remote Usage
		Usr 0 00:00:00, Sys 0 00:00:00  -  Run Local Usage
		Usr 0 00:00:00, Sys 0 00:00:16  -  Total Remote Usage
		Usr 0 00:00:00, Sys 0 00:00:00  -  Total Local Usage
	10446  -  Run Bytes Sent By Job
	8930  -  Run Bytes Received By Job
	10446  -  Total Bytes Sent By Job
	8930  -  Total Bytes Received By Job
	Partitionable Resources :    Usage  Request Allocated
	   Cpus                 :                 1         1
	   Disk (KB)            :  4141160 10000000  13309472
	   Memory (MB)          :       71     2100      2100
...
000 (222093.000.000) 07/31 07:12:52 Job submitted from host: <131.225.189.232:9618?addrs=131.225.189.232-9618&noUDP&sock=8982_aaf4_3>
...
001 (222093.000.000) 07/31 07:14:28 Job executing on host: <131.225.190.31:64999?addrs=131.225.190.31-64999>
...
006 (222093.000.000) 07/31 07:14:37 Image size of job updated: 447536
	18  -  MemoryUsage of job (MB)
	17996  -  ResidentSetSize of job (KB)
...
006 (222093.000.000) 07/31 07:15:38 Image size of job updated: 447536
	70  -  MemoryUsage of job (MB)
	71356  -  ResidentSetSize of job (KB)
...
006 (222093.000.000) 07/31 07:18:40 Image size of job updated: 498228
	202  -  MemoryUsage of job (MB)
	206432  -  ResidentSetSize of job (KB)
...
006 (222093.000.000) 07/31 07:18:57 Image size of job updated: 773044
	202  -  MemoryUsage of job (MB)
	206432  -  ResidentSetSize of job (KB)
...
005 (222093.000.000) 07/31 07:18:58 Job terminated.
	(1) Normal termination (return value 65)
		Usr 0 00:00:15, Sys 0 00:00:27  -  Run Remote Usage
		Usr 0 00:00:00, Sys 0 00:00:00  -  Run Local Usage
		Usr 0 00:00:15, Sys 0 00:00:27  -  Total Remote Usage
		Usr 0 00:00:00, Sys 0 00:00:00  -  Total Local Usage
	19400  -  Run Bytes Sent By Job
	8930  -  Run Bytes Received By Job
	19400  -  Total Bytes Sent By Job
	8930  -  Total Bytes Received By Job
	Partitionable Resources :    Usage  Request Allocated
	   Cpus                 :                 1         1
	   Disk (KB)            :  6642476 10000000  15418354
	   Memory (MB)          :      202     2100      2100
...
000 (222655.000.000) 07/31 08:33:02 Job submitted from host: <131.225.189.232:9618?addrs=131.225.189.232-9618&noUDP&sock=8982_aaf4_3>
...
001 (222655.000.000) 07/31 08:34:50 Job executing on host: <131.225.205.184:3858?addrs=131.225.205.184-3858>
...
006 (222655.000.000) 07/31 08:34:58 Image size of job updated: 447524
	51  -  MemoryUsage of job (MB)
	51988  -  ResidentSetSize of job (KB)
...
006 (222655.000.000) 07/31 08:35:58 Image size of job updated: 447524
	70  -  MemoryUsage of job (MB)
	71476  -  ResidentSetSize of job (KB)
...
006 (222655.000.000) 07/31 08:38:45 Image size of job updated: 772788
	70  -  MemoryUsage of job (MB)
	71476  -  ResidentSetSize of job (KB)
...
005 (222655.000.000) 07/31 08:38:46 Job terminated.
	(1) Normal termination (return value 65)
		Usr 0 00:00:18, Sys 0 00:00:27  -  Run Remote Usage
		Usr 0 00:00:00, Sys 0 00:00:00  -  Run Local Usage
		Usr 0 00:00:18, Sys 0 00:00:27  -  Total Remote Usage
		Usr 0 00:00:00, Sys 0 00:00:00  -  Total Local Usage
	19995  -  Run Bytes Sent By Job
	8930  -  Run Bytes Received By Job
	19995  -  Total Bytes Sent By Job
	8930  -  Total Bytes Received By Job
	Partitionable Resources :    Usage  Request Allocated
	   Cpus                 :                 1         1
	   Disk (KB)            :  6453590 10000000  17130110
	   Memory (MB)          :       70     2100      2100
...
