000 (220934.000.000) 07/31 06:49:41 Job submitted from host: <131.225.189.232:9618?addrs=131.225.189.232-9618&noUDP&sock=8982_aaf4_3>
...
001 (220934.000.000) 07/31 06:50:31 Job executing on host: <131.225.206.17:46936?addrs=131.225.206.17-46936>
...
006 (220934.000.000) 07/31 06:50:39 Image size of job updated: 2
	3  -  MemoryUsage of job (MB)
	2424  -  ResidentSetSize of job (KB)
...
006 (220934.000.000) 07/31 06:51:03 Image size of job updated: 447524
	3  -  MemoryUsage of job (MB)
	2424  -  ResidentSetSize of job (KB)
...
005 (220934.000.000) 07/31 06:51:04 Job terminated.
	(1) Normal termination (return value 90)
		Usr 0 00:00:00, Sys 0 00:00:07  -  Run Remote Usage
		Usr 0 00:00:00, Sys 0 00:00:00  -  Run Local Usage
		Usr 0 00:00:00, Sys 0 00:00:07  -  Total Remote Usage
		Usr 0 00:00:00, Sys 0 00:00:00  -  Total Local Usage
	5033  -  Run Bytes Sent By Job
	8930  -  Run Bytes Received By Job
	5033  -  Total Bytes Sent By Job
	8930  -  Total Bytes Received By Job
	Partitionable Resources :    Usage  Request Allocated
	   Cpus                 :                 1         1
	   Disk (KB)            :   560133 10000000  10167327
	   Memory (MB)          :        3     2100      2100
...
000 (221496.000.000) 07/31 07:08:05 Job submitted from host: <131.225.189.232:9618?addrs=131.225.189.232-9618&noUDP&sock=8982_aaf4_3>
...
001 (221496.000.000) 07/31 07:08:33 Job executing on host: <131.225.207.97:13418?addrs=131.225.207.97-13418>
...
006 (221496.000.000) 07/31 07:08:42 Image size of job updated: 447524
	71  -  MemoryUsage of job (MB)
	72344  -  ResidentSetSize of job (KB)
...
005 (221496.000.000) 07/31 07:09:34 Job terminated.
	(1) Normal termination (return value 90)
		Usr 0 00:00:00, Sys 0 00:00:03  -  Run Remote Usage
		Usr 0 00:00:00, Sys 0 00:00:00  -  Run Local Usage
		Usr 0 00:00:00, Sys 0 00:00:03  -  Total Remote Usage
		Usr 0 00:00:00, Sys 0 00:00:00  -  Total Local Usage
	5032  -  Run Bytes Sent By Job
	8930  -  Run Bytes Received By Job
	5032  -  Total Bytes Sent By Job
	8930  -  Total Bytes Received By Job
	Partitionable Resources :    Usage  Request Allocated
	   Cpus                 :                 1         1
	   Disk (KB)            :   454756 10000000  10120920
	   Memory (MB)          :       71     2100      2100
...
000 (222051.000.000) 07/31 07:12:45 Job submitted from host: <131.225.189.232:9618?addrs=131.225.189.232-9618&noUDP&sock=8982_aaf4_3>
...
001 (222051.000.000) 07/31 07:14:17 Job executing on host: <131.225.206.189:32833?addrs=131.225.206.189-32833>
...
006 (222051.000.000) 07/31 07:14:26 Image size of job updated: 2
	3  -  MemoryUsage of job (MB)
	2424  -  ResidentSetSize of job (KB)
...
006 (222051.000.000) 07/31 07:15:27 Image size of job updated: 447524
	69  -  MemoryUsage of job (MB)
	70408  -  ResidentSetSize of job (KB)
...
006 (222051.000.000) 07/31 07:17:20 Image size of job updated: 764592
	69  -  MemoryUsage of job (MB)
	70408  -  ResidentSetSize of job (KB)
...
005 (222051.000.000) 07/31 07:17:21 Job terminated.
	(1) Normal termination (return value 65)
		Usr 0 00:00:11, Sys 0 00:00:08  -  Run Remote Usage
		Usr 0 00:00:00, Sys 0 00:00:00  -  Run Local Usage
		Usr 0 00:00:11, Sys 0 00:00:08  -  Total Remote Usage
		Usr 0 00:00:00, Sys 0 00:00:00  -  Total Local Usage
	13900  -  Run Bytes Sent By Job
	8930  -  Run Bytes Received By Job
	13900  -  Total Bytes Sent By Job
	8930  -  Total Bytes Received By Job
	Partitionable Resources :    Usage  Request Allocated
	   Cpus                 :                 1         1
	   Disk (KB)            :  2403868 10000000  11649764
	   Memory (MB)          :       69     2100      2100
...
