000 (220704.000.000) 07/31 06:48:52 Job submitted from host: <131.225.189.232:9618?addrs=131.225.189.232-9618&noUDP&sock=8982_aaf4_3>
...
001 (220704.000.000) 07/31 06:49:14 Job executing on host: <131.225.207.82:34300?addrs=131.225.207.82-34300>
...
006 (220704.000.000) 07/31 06:49:23 Image size of job updated: 447524
	71  -  MemoryUsage of job (MB)
	72352  -  ResidentSetSize of job (KB)
...
005 (220704.000.000) 07/31 06:50:40 Job terminated.
	(1) Normal termination (return value 90)
		Usr 0 00:00:00, Sys 0 00:00:15  -  Run Remote Usage
		Usr 0 00:00:00, Sys 0 00:00:00  -  Run Local Usage
		Usr 0 00:00:00, Sys 0 00:00:15  -  Total Remote Usage
		Usr 0 00:00:00, Sys 0 00:00:00  -  Total Local Usage
	8501  -  Run Bytes Sent By Job
	8930  -  Run Bytes Received By Job
	8501  -  Total Bytes Sent By Job
	8930  -  Total Bytes Received By Job
	Partitionable Resources :    Usage  Request Allocated
	   Cpus                 :                 1         1
	   Disk (KB)            :  6358310 10000000  10531239
	   Memory (MB)          :       71     2100      2100
...
000 (221266.000.000) 07/31 07:07:24 Job submitted from host: <131.225.189.232:9618?addrs=131.225.189.232-9618&noUDP&sock=8982_aaf4_3>
...
001 (221266.000.000) 07/31 07:07:56 Job executing on host: <131.225.204.61:23766?addrs=131.225.204.61-23766>
...
006 (221266.000.000) 07/31 07:08:05 Image size of job updated: 2
	3  -  MemoryUsage of job (MB)
	2420  -  ResidentSetSize of job (KB)
...
006 (221266.000.000) 07/31 07:09:06 Image size of job updated: 447524
	69  -  MemoryUsage of job (MB)
	70324  -  ResidentSetSize of job (KB)
...
005 (221266.000.000) 07/31 07:09:28 Job terminated.
	(1) Normal termination (return value 90)
		Usr 0 00:00:00, Sys 0 00:00:16  -  Run Remote Usage
		Usr 0 00:00:00, Sys 0 00:00:00  -  Run Local Usage
		Usr 0 00:00:00, Sys 0 00:00:16  -  Total Remote Usage
		Usr 0 00:00:00, Sys 0 00:00:00  -  Total Local Usage
	10101  -  Run Bytes Sent By Job
	8930  -  Run Bytes Received By Job
	10101  -  Total Bytes Sent By Job
	8930  -  Total Bytes Received By Job
	Partitionable Resources :    Usage  Request Allocated
	   Cpus                 :                 1         1
	   Disk (KB)            :  4993129 10000000  10345611
	   Memory (MB)          :       69     2100      2100
...
000 (221821.000.000) 07/31 07:12:06 Job submitted from host: <131.225.189.232:9618?addrs=131.225.189.232-9618&noUDP&sock=8982_aaf4_3>
...
001 (221821.000.000) 07/31 07:12:16 Job executing on host: <131.225.204.69:34261?addrs=131.225.204.69-34261>
...
006 (221821.000.000) 07/31 07:12:24 Image size of job updated: 2
	3  -  MemoryUsage of job (MB)
	2420  -  ResidentSetSize of job (KB)
...
006 (221821.000.000) 07/31 07:13:24 Image size of job updated: 447524
	71  -  MemoryUsage of job (MB)
	72348  -  ResidentSetSize of job (KB)
...
006 (221821.000.000) 07/31 07:16:27 Image size of job updated: 493960
	261  -  MemoryUsage of job (MB)
	266676  -  ResidentSetSize of job (KB)
...
006 (221821.000.000) 07/31 07:16:34 Image size of job updated: 770220
	261  -  MemoryUsage of job (MB)
	266676  -  ResidentSetSize of job (KB)
...
005 (221821.000.000) 07/31 07:16:34 Job terminated.
	(1) Normal termination (return value 65)
		Usr 0 00:00:11, Sys 0 00:00:20  -  Run Remote Usage
		Usr 0 00:00:00, Sys 0 00:00:00  -  Run Local Usage
		Usr 0 00:00:11, Sys 0 00:00:20  -  Total Remote Usage
		Usr 0 00:00:00, Sys 0 00:00:00  -  Total Local Usage
	20627  -  Run Bytes Sent By Job
	8930  -  Run Bytes Received By Job
	20627  -  Total Bytes Sent By Job
	8930  -  Total Bytes Received By Job
	Partitionable Resources :    Usage  Request Allocated
	   Cpus                 :                 1         1
	   Disk (KB)            :  6379533 10000000  10378671
	   Memory (MB)          :      261     2100      2100
...
