000 (220807.000.000) 07/31 06:49:14 Job submitted from host: <131.225.189.232:9618?addrs=131.225.189.232-9618&noUDP&sock=8982_aaf4_3>
...
001 (220807.000.000) 07/31 06:49:36 Job executing on host: <131.225.191.77:32337?addrs=131.225.191.77-32337>
...
006 (220807.000.000) 07/31 06:49:45 Image size of job updated: 447524
	71  -  MemoryUsage of job (MB)
	72340  -  ResidentSetSize of job (KB)
...
005 (220807.000.000) 07/31 06:50:53 Job terminated.
	(1) Normal termination (return value 90)
		Usr 0 00:00:00, Sys 0 00:00:19  -  Run Remote Usage
		Usr 0 00:00:00, Sys 0 00:00:00  -  Run Local Usage
		Usr 0 00:00:00, Sys 0 00:00:19  -  Total Remote Usage
		Usr 0 00:00:00, Sys 0 00:00:00  -  Total Local Usage
	8761  -  Run Bytes Sent By Job
	8930  -  Run Bytes Received By Job
	8761  -  Total Bytes Sent By Job
	8930  -  Total Bytes Received By Job
	Partitionable Resources :    Usage  Request Allocated
	   Cpus                 :                 1         1
	   Disk (KB)            :  6425611 10000000  14919796
	   Memory (MB)          :       71     2100      2100
...
000 (221369.000.000) 07/31 07:07:42 Job submitted from host: <131.225.189.232:9618?addrs=131.225.189.232-9618&noUDP&sock=8982_aaf4_3>
...
001 (221369.000.000) 07/31 07:08:17 Job executing on host: <131.225.204.65:16439?addrs=131.225.204.65-16439>
...
006 (221369.000.000) 07/31 07:08:26 Image size of job updated: 447524
	27  -  MemoryUsage of job (MB)
	27336  -  ResidentSetSize of job (KB)
...
006 (221369.000.000) 07/31 07:09:27 Image size of job updated: 447524
	70  -  MemoryUsage of job (MB)
	71304  -  ResidentSetSize of job (KB)
...
006 (221369.000.000) 07/31 07:10:28 Image size of job updated: 447524
	70  -  MemoryUsage of job (MB)
	71400  -  ResidentSetSize of job (KB)
...
000 (221924.000.000) 07/31 07:12:24 Job submitted from host: <131.225.189.232:9618?addrs=131.225.189.232-9618&noUDP&sock=8982_aaf4_3>
...
001 (221924.000.000) 07/31 07:13:07 Job executing on host: <131.225.190.31:64999?addrs=131.225.190.31-64999>
...
006 (221924.000.000) 07/31 07:13:16 Image size of job updated: 447524
	23  -  MemoryUsage of job (MB)
	23212  -  ResidentSetSize of job (KB)
...
005 (221369.000.000) 07/31 07:13:45 Job terminated.
	(1) Normal termination (return value 90)
		Usr 0 00:00:02, Sys 0 00:00:24  -  Run Remote Usage
		Usr 0 00:00:00, Sys 0 00:00:00  -  Run Local Usage
		Usr 0 00:00:02, Sys 0 00:00:24  -  Total Remote Usage
		Usr 0 00:00:00, Sys 0 00:00:00  -  Total Local Usage
	29194  -  Run Bytes Sent By Job
	8930  -  Run Bytes Received By Job
	29194  -  Total Bytes Sent By Job
	8930  -  Total Bytes Received By Job
	Partitionable Resources :    Usage  Request Allocated
	   Cpus                 :                 1         1
	   Disk (KB)            :  6467708 10000000  10486305
	   Memory (MB)          :       70     2100      2100
...
006 (221924.000.000) 07/31 07:14:17 Image size of job updated: 447524
	69  -  MemoryUsage of job (MB)
	70296  -  ResidentSetSize of job (KB)
...
006 (221924.000.000) 07/31 07:17:20 Image size of job updated: 741040
	448  -  MemoryUsage of job (MB)
	458704  -  ResidentSetSize of job (KB)
...
006 (221924.000.000) 07/31 07:17:37 Image size of job updated: 772784
	448  -  MemoryUsage of job (MB)
	458704  -  ResidentSetSize of job (KB)
...
005 (221924.000.000) 07/31 07:17:37 Job terminated.
	(1) Normal termination (return value 65)
		Usr 0 00:00:18, Sys 0 00:00:27  -  Run Remote Usage
		Usr 0 00:00:00, Sys 0 00:00:00  -  Run Local Usage
		Usr 0 00:00:18, Sys 0 00:00:27  -  Total Remote Usage
		Usr 0 00:00:00, Sys 0 00:00:00  -  Total Local Usage
	19403  -  Run Bytes Sent By Job
	8930  -  Run Bytes Received By Job
	19403  -  Total Bytes Sent By Job
	8930  -  Total Bytes Received By Job
	Partitionable Resources :    Usage  Request Allocated
	   Cpus                 :                 1         1
	   Disk (KB)            :  6719100 10000000  15144610
	   Memory (MB)          :      448     2100      2100
...
000 (222486.000.000) 07/31 08:32:50 Job submitted from host: <131.225.189.232:9618?addrs=131.225.189.232-9618&noUDP&sock=8982_aaf4_3>
...
001 (222486.000.000) 07/31 08:33:43 Job executing on host: <131.225.206.55:9544?addrs=131.225.206.55-9544>
...
006 (222486.000.000) 07/31 08:33:51 Image size of job updated: 2
	3  -  MemoryUsage of job (MB)
	2424  -  ResidentSetSize of job (KB)
...
006 (222486.000.000) 07/31 08:34:51 Image size of job updated: 447524
	69  -  MemoryUsage of job (MB)
	70288  -  ResidentSetSize of job (KB)
...
006 (222486.000.000) 07/31 08:37:04 Image size of job updated: 447524
	143  -  MemoryUsage of job (MB)
	146316  -  ResidentSetSize of job (KB)
...
005 (222486.000.000) 07/31 08:37:25 Job terminated.
	(1) Normal termination (return value 65)
		Usr 0 00:00:01, Sys 0 00:00:18  -  Run Remote Usage
		Usr 0 00:00:00, Sys 0 00:00:00  -  Run Local Usage
		Usr 0 00:00:01, Sys 0 00:00:18  -  Total Remote Usage
		Usr 0 00:00:00, Sys 0 00:00:00  -  Total Local Usage
	14444  -  Run Bytes Sent By Job
	8930  -  Run Bytes Received By Job
	14444  -  Total Bytes Sent By Job
	8930  -  Total Bytes Received By Job
	Partitionable Resources :    Usage  Request Allocated
	   Cpus                 :                 1         1
	   Disk (KB)            :  6721961 10000000  10333542
	   Memory (MB)          :      143     2100      2100
...
000 (223041.000.000) 07/31 08:49:55 Job submitted from host: <131.225.189.232:9618?addrs=131.225.189.232-9618&noUDP&sock=8982_aaf4_3>
...
001 (223041.000.000) 07/31 08:50:54 Job executing on host: <131.225.191.155:28550?addrs=131.225.191.155-28550>
...
006 (223041.000.000) 07/31 08:51:02 Image size of job updated: 2
	3  -  MemoryUsage of job (MB)
	2424  -  ResidentSetSize of job (KB)
...
006 (223041.000.000) 07/31 08:52:02 Image size of job updated: 447524
	69  -  MemoryUsage of job (MB)
	70336  -  ResidentSetSize of job (KB)
...
006 (223041.000.000) 07/31 08:56:55 Image size of job updated: 715440
	69  -  MemoryUsage of job (MB)
	70336  -  ResidentSetSize of job (KB)
...
005 (223041.000.000) 07/31 08:57:24 Job terminated.
	(1) Normal termination (return value 65)
		Usr 0 00:00:11, Sys 0 00:00:15  -  Run Remote Usage
		Usr 0 00:00:00, Sys 0 00:00:00  -  Run Local Usage
		Usr 0 00:00:11, Sys 0 00:00:15  -  Total Remote Usage
		Usr 0 00:00:00, Sys 0 00:00:00  -  Total Local Usage
	29807  -  Run Bytes Sent By Job
	44439  -  Run Bytes Received By Job
	29807  -  Total Bytes Sent By Job
	44439  -  Total Bytes Received By Job
	Partitionable Resources :    Usage  Request Allocated
	   Cpus                 :                 1         1
	   Disk (KB)            :  5469139 10000000  12418820
	   Memory (MB)          :       69     2100      2100
...
000 (223596.000.000) 07/31 09:06:24 Job submitted from host: <131.225.189.232:9618?addrs=131.225.189.232-9618&noUDP&sock=8982_aaf4_3>
...
