000 (220887.000.000) 07/31 06:49:31 Job submitted from host: <131.225.189.232:9618?addrs=131.225.189.232-9618&noUDP&sock=8982_aaf4_3>
...
001 (220887.000.000) 07/31 06:49:51 Job executing on host: <131.225.191.223:52551?addrs=131.225.191.223-52551>
...
006 (220887.000.000) 07/31 06:50:00 Image size of job updated: 447524
	33  -  MemoryUsage of job (MB)
	32808  -  ResidentSetSize of job (KB)
...
006 (220887.000.000) 07/31 06:51:01 Image size of job updated: 447524
	69  -  MemoryUsage of job (MB)
	70408  -  ResidentSetSize of job (KB)
...
005 (220887.000.000) 07/31 06:55:13 Job terminated.
	(1) Normal termination (return value 90)
		Usr 0 00:00:02, Sys 0 00:00:26  -  Run Remote Usage
		Usr 0 00:00:00, Sys 0 00:00:00  -  Run Local Usage
		Usr 0 00:00:02, Sys 0 00:00:26  -  Total Remote Usage
		Usr 0 00:00:00, Sys 0 00:00:00  -  Total Local Usage
	28214  -  Run Bytes Sent By Job
	8930  -  Run Bytes Received By Job
	28214  -  Total Bytes Sent By Job
	8930  -  Total Bytes Received By Job
	Partitionable Resources :    Usage  Request Allocated
	   Cpus                 :                 1         1
	   Disk (KB)            :  6702541 10000000  15355820
	   Memory (MB)          :       69     2100      2100
...
000 (221449.000.000) 07/31 07:07:57 Job submitted from host: <131.225.189.232:9618?addrs=131.225.189.232-9618&noUDP&sock=8982_aaf4_3>
...
001 (221449.000.000) 07/31 07:08:32 Job executing on host: <131.225.207.111:17365?addrs=131.225.207.111-17365>
...
006 (221449.000.000) 07/31 07:08:41 Image size of job updated: 447524
	71  -  MemoryUsage of job (MB)
	72344  -  ResidentSetSize of job (KB)
...
005 (221449.000.000) 07/31 07:10:59 Job terminated.
	(1) Normal termination (return value 90)
		Usr 0 00:00:01, Sys 0 00:00:16  -  Run Remote Usage
		Usr 0 00:00:00, Sys 0 00:00:00  -  Run Local Usage
		Usr 0 00:00:01, Sys 0 00:00:16  -  Total Remote Usage
		Usr 0 00:00:00, Sys 0 00:00:00  -  Total Local Usage
	14708  -  Run Bytes Sent By Job
	8930  -  Run Bytes Received By Job
	14708  -  Total Bytes Sent By Job
	8930  -  Total Bytes Received By Job
	Partitionable Resources :    Usage  Request Allocated
	   Cpus                 :                 1         1
	   Disk (KB)            :  5566574 10000000  10682832
	   Memory (MB)          :       71     2100      2100
...
000 (222004.000.000) 07/31 07:12:37 Job submitted from host: <131.225.189.232:9618?addrs=131.225.189.232-9618&noUDP&sock=8982_aaf4_3>
...
001 (222004.000.000) 07/31 07:13:53 Job executing on host: <131.225.206.43:59052?addrs=131.225.206.43-59052>
...
006 (222004.000.000) 07/31 07:14:02 Image size of job updated: 447528
	9  -  MemoryUsage of job (MB)
	8860  -  ResidentSetSize of job (KB)
...
006 (222004.000.000) 07/31 07:15:03 Image size of job updated: 447528
	71  -  MemoryUsage of job (MB)
	72348  -  ResidentSetSize of job (KB)
...
006 (222004.000.000) 07/31 07:19:07 Image size of job updated: 447528
	96  -  MemoryUsage of job (MB)
	97976  -  ResidentSetSize of job (KB)
...
005 (222004.000.000) 07/31 07:19:15 Job terminated.
	(1) Normal termination (return value 65)
		Usr 0 00:00:01, Sys 0 00:00:19  -  Run Remote Usage
		Usr 0 00:00:00, Sys 0 00:00:00  -  Run Local Usage
		Usr 0 00:00:01, Sys 0 00:00:19  -  Total Remote Usage
		Usr 0 00:00:00, Sys 0 00:00:00  -  Total Local Usage
	27530  -  Run Bytes Sent By Job
	8930  -  Run Bytes Received By Job
	27530  -  Total Bytes Sent By Job
	8930  -  Total Bytes Received By Job
	Partitionable Resources :    Usage  Request Allocated
	   Cpus                 :                 1         1
	   Disk (KB)            :  6711258 10000000  10388694
	   Memory (MB)          :       96     2100      2100
...
