000 (220740.000.000) 07/31 06:48:59 Job submitted from host: <131.225.189.232:9618?addrs=131.225.189.232-9618&noUDP&sock=8982_aaf4_3>
...
001 (220740.000.000) 07/31 06:49:21 Job executing on host: <131.225.207.183:7093?addrs=131.225.207.183-7093>
...
006 (220740.000.000) 07/31 06:49:30 Image size of job updated: 447524
	71  -  MemoryUsage of job (MB)
	72344  -  ResidentSetSize of job (KB)
...
005 (220740.000.000) 07/31 06:55:12 Job terminated.
	(1) Normal termination (return value 90)
		Usr 0 00:00:02, Sys 0 00:00:20  -  Run Remote Usage
		Usr 0 00:00:00, Sys 0 00:00:00  -  Run Local Usage
		Usr 0 00:00:02, Sys 0 00:00:20  -  Total Remote Usage
		Usr 0 00:00:00, Sys 0 00:00:00  -  Total Local Usage
	25366  -  Run Bytes Sent By Job
	8930  -  Run Bytes Received By Job
	25366  -  Total Bytes Sent By Job
	8930  -  Total Bytes Received By Job
	Partitionable Resources :    Usage  Request Allocated
	   Cpus                 :                 1         1
	   Disk (KB)            :  5782317 10000000  10292016
	   Memory (MB)          :       71     2100      2100
...
000 (221302.000.000) 07/31 07:07:30 Job submitted from host: <131.225.189.232:9618?addrs=131.225.189.232-9618&noUDP&sock=8982_aaf4_3>
...
001 (221302.000.000) 07/31 07:08:04 Job executing on host: <131.225.207.139:60247?addrs=131.225.207.139-60247>
...
006 (221302.000.000) 07/31 07:08:13 Image size of job updated: 447532
	19  -  MemoryUsage of job (MB)
	19100  -  ResidentSetSize of job (KB)
...
006 (221302.000.000) 07/31 07:09:14 Image size of job updated: 447532
	69  -  MemoryUsage of job (MB)
	70292  -  ResidentSetSize of job (KB)
...
005 (221302.000.000) 07/31 07:11:41 Job terminated.
	(1) Normal termination (return value 90)
		Usr 0 00:00:01, Sys 0 00:00:22  -  Run Remote Usage
		Usr 0 00:00:00, Sys 0 00:00:00  -  Run Local Usage
		Usr 0 00:00:01, Sys 0 00:00:22  -  Total Remote Usage
		Usr 0 00:00:00, Sys 0 00:00:00  -  Total Local Usage
	21155  -  Run Bytes Sent By Job
	8930  -  Run Bytes Received By Job
	21155  -  Total Bytes Sent By Job
	8930  -  Total Bytes Received By Job
	Partitionable Resources :    Usage  Request Allocated
	   Cpus                 :                 1         1
	   Disk (KB)            :  5599348 10000000  10312917
	   Memory (MB)          :       69     2100      2100
...
000 (221857.000.000) 07/31 07:12:12 Job submitted from host: <131.225.189.232:9618?addrs=131.225.189.232-9618&noUDP&sock=8982_aaf4_3>
...
001 (221857.000.000) 07/31 07:12:36 Job executing on host: <131.225.190.36:65020?addrs=131.225.190.36-65020>
...
006 (221857.000.000) 07/31 07:12:45 Image size of job updated: 447524
	69  -  MemoryUsage of job (MB)
	70284  -  ResidentSetSize of job (KB)
...
006 (221857.000.000) 07/31 07:13:47 Image size of job updated: 447524
	69  -  MemoryUsage of job (MB)
	70412  -  ResidentSetSize of job (KB)
...
006 (221857.000.000) 07/31 07:15:47 Image size of job updated: 604744
	310  -  MemoryUsage of job (MB)
	317036  -  ResidentSetSize of job (KB)
...
006 (221857.000.000) 07/31 07:16:05 Image size of job updated: 772016
	310  -  MemoryUsage of job (MB)
	317036  -  ResidentSetSize of job (KB)
...
005 (221857.000.000) 07/31 07:16:06 Job terminated.
	(1) Normal termination (return value 65)
		Usr 0 00:00:15, Sys 0 00:00:36  -  Run Remote Usage
		Usr 0 00:00:00, Sys 0 00:00:00  -  Run Local Usage
		Usr 0 00:00:15, Sys 0 00:00:36  -  Total Remote Usage
		Usr 0 00:00:00, Sys 0 00:00:00  -  Total Local Usage
	14536  -  Run Bytes Sent By Job
	8930  -  Run Bytes Received By Job
	14536  -  Total Bytes Sent By Job
	8930  -  Total Bytes Received By Job
	Partitionable Resources :    Usage  Request Allocated
	   Cpus                 :                 1         1
	   Disk (KB)            :  6329150 10000000  14829478
	   Memory (MB)          :      310     2100      2100
...
000 (222419.000.000) 07/31 08:32:45 Job submitted from host: <131.225.189.232:9618?addrs=131.225.189.232-9618&noUDP&sock=8982_aaf4_3>
...
001 (222419.000.000) 07/31 08:33:31 Job executing on host: <131.225.206.42:17214?addrs=131.225.206.42-17214>
...
006 (222419.000.000) 07/31 08:33:39 Image size of job updated: 2
	3  -  MemoryUsage of job (MB)
	2424  -  ResidentSetSize of job (KB)
...
006 (222419.000.000) 07/31 08:34:39 Image size of job updated: 447524
	69  -  MemoryUsage of job (MB)
	70288  -  ResidentSetSize of job (KB)
...
006 (222419.000.000) 07/31 08:35:39 Image size of job updated: 447524
	69  -  MemoryUsage of job (MB)
	70316  -  ResidentSetSize of job (KB)
...
006 (222419.000.000) 07/31 08:37:34 Image size of job updated: 772016
	69  -  MemoryUsage of job (MB)
	70316  -  ResidentSetSize of job (KB)
...
005 (222419.000.000) 07/31 08:37:35 Job terminated.
	(1) Normal termination (return value 65)
		Usr 0 00:00:13, Sys 0 00:00:16  -  Run Remote Usage
		Usr 0 00:00:00, Sys 0 00:00:00  -  Run Local Usage
		Usr 0 00:00:13, Sys 0 00:00:16  -  Total Remote Usage
		Usr 0 00:00:00, Sys 0 00:00:00  -  Total Local Usage
	18495  -  Run Bytes Sent By Job
	8930  -  Run Bytes Received By Job
	18495  -  Total Bytes Sent By Job
	8930  -  Total Bytes Received By Job
	Partitionable Resources :    Usage  Request Allocated
	   Cpus                 :                 1         1
	   Disk (KB)            :  6184592 10000000  10584327
	   Memory (MB)          :       69     2100      2100
...
