000 (220692.000.000) 07/31 06:48:50 Job submitted from host: <131.225.189.232:9618?addrs=131.225.189.232-9618&noUDP&sock=8982_aaf4_3>
...
001 (220692.000.000) 07/31 06:49:19 Job executing on host: <131.225.206.2:4181?addrs=131.225.206.2-4181>
...
006 (220692.000.000) 07/31 06:49:28 Image size of job updated: 447524
	69  -  MemoryUsage of job (MB)
	70168  -  ResidentSetSize of job (KB)
...
006 (220692.000.000) 07/31 06:50:29 Image size of job updated: 447524
	69  -  MemoryUsage of job (MB)
	70400  -  ResidentSetSize of job (KB)
...
006 (220692.000.000) 07/31 06:51:29 Image size of job updated: 447524
	69  -  MemoryUsage of job (MB)
	70408  -  ResidentSetSize of job (KB)
...
005 (220692.000.000) 07/31 06:55:07 Job terminated.
	(1) Normal termination (return value 90)
		Usr 0 00:00:01, Sys 0 00:00:20  -  Run Remote Usage
		Usr 0 00:00:00, Sys 0 00:00:00  -  Run Local Usage
		Usr 0 00:00:01, Sys 0 00:00:20  -  Total Remote Usage
		Usr 0 00:00:00, Sys 0 00:00:00  -  Total Local Usage
	23266  -  Run Bytes Sent By Job
	8930  -  Run Bytes Received By Job
	23266  -  Total Bytes Sent By Job
	8930  -  Total Bytes Received By Job
	Partitionable Resources :    Usage  Request Allocated
	   Cpus                 :                 1         1
	   Disk (KB)            :  5073533 10000000  10534287
	   Memory (MB)          :       69     2100      2100
...
000 (221254.000.000) 07/31 07:07:22 Job submitted from host: <131.225.189.232:9618?addrs=131.225.189.232-9618&noUDP&sock=8982_aaf4_3>
...
001 (221254.000.000) 07/31 07:07:54 Job executing on host: <131.225.191.130:56709?addrs=131.225.191.130-56709>
...
006 (221254.000.000) 07/31 07:08:03 Image size of job updated: 2
	3  -  MemoryUsage of job (MB)
	2424  -  ResidentSetSize of job (KB)
...
006 (221254.000.000) 07/31 07:09:04 Image size of job updated: 447524
	69  -  MemoryUsage of job (MB)
	70284  -  ResidentSetSize of job (KB)
...
006 (221254.000.000) 07/31 07:10:04 Image size of job updated: 447524
	69  -  MemoryUsage of job (MB)
	70320  -  ResidentSetSize of job (KB)
...
000 (221809.000.000) 07/31 07:12:03 Job submitted from host: <131.225.189.232:9618?addrs=131.225.189.232-9618&noUDP&sock=8982_aaf4_3>
...
001 (221809.000.000) 07/31 07:12:23 Job executing on host: <131.225.191.222:13944?addrs=131.225.191.222-13944>
...
006 (221809.000.000) 07/31 07:12:32 Image size of job updated: 2
	3  -  MemoryUsage of job (MB)
	2428  -  ResidentSetSize of job (KB)
...
006 (221809.000.000) 07/31 07:13:33 Image size of job updated: 447524
	70  -  MemoryUsage of job (MB)
	71356  -  ResidentSetSize of job (KB)
...
006 (221809.000.000) 07/31 07:14:31 Image size of job updated: 754360
	70  -  MemoryUsage of job (MB)
	71356  -  ResidentSetSize of job (KB)
...
005 (221809.000.000) 07/31 07:14:32 Job terminated.
	(1) Normal termination (return value 65)
		Usr 0 00:00:13, Sys 0 00:00:15  -  Run Remote Usage
		Usr 0 00:00:00, Sys 0 00:00:00  -  Run Local Usage
		Usr 0 00:00:13, Sys 0 00:00:15  -  Total Remote Usage
		Usr 0 00:00:00, Sys 0 00:00:00  -  Total Local Usage
	9162  -  Run Bytes Sent By Job
	8930  -  Run Bytes Received By Job
	9162  -  Total Bytes Sent By Job
	8930  -  Total Bytes Received By Job
	Partitionable Resources :    Usage  Request Allocated
	   Cpus                 :                 1         1
	   Disk (KB)            :  5041687 10000000  15933774
	   Memory (MB)          :       70     2100      2100
...
005 (221254.000.000) 07/31 07:15:05 Job terminated.
	(1) Normal termination (return value 90)
		Usr 0 00:00:02, Sys 0 00:00:24  -  Run Remote Usage
		Usr 0 00:00:00, Sys 0 00:00:00  -  Run Local Usage
		Usr 0 00:00:02, Sys 0 00:00:24  -  Total Remote Usage
		Usr 0 00:00:00, Sys 0 00:00:00  -  Total Local Usage
	34311  -  Run Bytes Sent By Job
	8930  -  Run Bytes Received By Job
	34311  -  Total Bytes Sent By Job
	8930  -  Total Bytes Received By Job
	Partitionable Resources :    Usage  Request Allocated
	   Cpus                 :                 1         1
	   Disk (KB)            :  5648510 10000000  11639284
	   Memory (MB)          :       69     2100      2100
...
