000 (220850.000.000) 07/31 06:49:23 Job submitted from host: <131.225.189.232:9618?addrs=131.225.189.232-9618&noUDP&sock=8982_aaf4_3>
...
001 (220850.000.000) 07/31 06:49:44 Job executing on host: <131.225.207.174:4725?addrs=131.225.207.174-4725>
...
006 (220850.000.000) 07/31 06:49:53 Image size of job updated: 447524
	71  -  MemoryUsage of job (MB)
	72348  -  ResidentSetSize of job (KB)
...
005 (220850.000.000) 07/31 06:54:20 Job terminated.
	(1) Normal termination (return value 90)
		Usr 0 00:00:01, Sys 0 00:00:22  -  Run Remote Usage
		Usr 0 00:00:00, Sys 0 00:00:00  -  Run Local Usage
		Usr 0 00:00:01, Sys 0 00:00:22  -  Total Remote Usage
		Usr 0 00:00:00, Sys 0 00:00:00  -  Total Local Usage
	22553  -  Run Bytes Sent By Job
	8930  -  Run Bytes Received By Job
	22553  -  Total Bytes Sent By Job
	8930  -  Total Bytes Received By Job
	Partitionable Resources :    Usage  Request Allocated
	   Cpus                 :                 1         1
	   Disk (KB)            :  4852756 10000000  10473507
	   Memory (MB)          :       71     2100      2100
...
000 (221412.000.000) 07/31 07:07:50 Job submitted from host: <131.225.189.232:9618?addrs=131.225.189.232-9618&noUDP&sock=8982_aaf4_3>
...
001 (221412.000.000) 07/31 07:09:02 Job executing on host: <131.225.191.224:27141?addrs=131.225.191.224-27141>
...
006 (221412.000.000) 07/31 07:09:11 Image size of job updated: 102484
	3  -  MemoryUsage of job (MB)
	2480  -  ResidentSetSize of job (KB)
...
006 (221412.000.000) 07/31 07:10:12 Image size of job updated: 447524
	70  -  MemoryUsage of job (MB)
	71352  -  ResidentSetSize of job (KB)
...
000 (221967.000.000) 07/31 07:12:31 Job submitted from host: <131.225.189.232:9618?addrs=131.225.189.232-9618&noUDP&sock=8982_aaf4_3>
...
001 (221967.000.000) 07/31 07:13:34 Job executing on host: <131.225.207.140:22743?addrs=131.225.207.140-22743>
...
006 (221967.000.000) 07/31 07:13:42 Image size of job updated: 2
	3  -  MemoryUsage of job (MB)
	2424  -  ResidentSetSize of job (KB)
...
005 (221412.000.000) 07/31 07:14:01 Job terminated.
	(1) Normal termination (return value 90)
		Usr 0 00:00:01, Sys 0 00:00:27  -  Run Remote Usage
		Usr 0 00:00:00, Sys 0 00:00:00  -  Run Local Usage
		Usr 0 00:00:01, Sys 0 00:00:27  -  Total Remote Usage
		Usr 0 00:00:00, Sys 0 00:00:00  -  Total Local Usage
	22299  -  Run Bytes Sent By Job
	8930  -  Run Bytes Received By Job
	22299  -  Total Bytes Sent By Job
	8930  -  Total Bytes Received By Job
	Partitionable Resources :    Usage  Request Allocated
	   Cpus                 :                 1         1
	   Disk (KB)            :  6069753 10000000  15347584
	   Memory (MB)          :       70     2100      2100
...
006 (221967.000.000) 07/31 07:14:43 Image size of job updated: 447524
	71  -  MemoryUsage of job (MB)
	72344  -  ResidentSetSize of job (KB)
...
006 (221967.000.000) 07/31 07:15:44 Image size of job updated: 447524
	212  -  MemoryUsage of job (MB)
	216608  -  ResidentSetSize of job (KB)
...
006 (221967.000.000) 07/31 07:16:05 Image size of job updated: 718252
	212  -  MemoryUsage of job (MB)
	216608  -  ResidentSetSize of job (KB)
...
005 (221967.000.000) 07/31 07:16:06 Job terminated.
	(1) Normal termination (return value 65)
		Usr 0 00:00:09, Sys 0 00:00:16  -  Run Remote Usage
		Usr 0 00:00:00, Sys 0 00:00:00  -  Run Local Usage
		Usr 0 00:00:09, Sys 0 00:00:16  -  Total Remote Usage
		Usr 0 00:00:00, Sys 0 00:00:00  -  Total Local Usage
	10739  -  Run Bytes Sent By Job
	8930  -  Run Bytes Received By Job
	10739  -  Total Bytes Sent By Job
	8930  -  Total Bytes Received By Job
	Partitionable Resources :    Usage  Request Allocated
	   Cpus                 :                 1         1
	   Disk (KB)            :  6639423 10000000  10512414
	   Memory (MB)          :      212     2100      2100
...
000 (222529.000.000) 07/31 08:32:52 Job submitted from host: <131.225.189.232:9618?addrs=131.225.189.232-9618&noUDP&sock=8982_aaf4_3>
...
001 (222529.000.000) 07/31 08:33:57 Job executing on host: <131.225.205.175:49102?addrs=131.225.205.175-49102>
...
006 (222529.000.000) 07/31 08:34:05 Image size of job updated: 447524
	44  -  MemoryUsage of job (MB)
	44176  -  ResidentSetSize of job (KB)
...
006 (222529.000.000) 07/31 08:35:05 Image size of job updated: 447524
	70  -  MemoryUsage of job (MB)
	71352  -  ResidentSetSize of job (KB)
...
006 (222529.000.000) 07/31 08:36:06 Image size of job updated: 486528
	253  -  MemoryUsage of job (MB)
	258456  -  ResidentSetSize of job (KB)
...
006 (222529.000.000) 07/31 08:36:20 Image size of job updated: 772792
	253  -  MemoryUsage of job (MB)
	258456  -  ResidentSetSize of job (KB)
...
005 (222529.000.000) 07/31 08:36:21 Job terminated.
	(1) Normal termination (return value 65)
		Usr 0 00:00:16, Sys 0 00:00:17  -  Run Remote Usage
		Usr 0 00:00:00, Sys 0 00:00:00  -  Run Local Usage
		Usr 0 00:00:16, Sys 0 00:00:17  -  Total Remote Usage
		Usr 0 00:00:00, Sys 0 00:00:00  -  Total Local Usage
	12314  -  Run Bytes Sent By Job
	8930  -  Run Bytes Received By Job
	12314  -  Total Bytes Sent By Job
	8930  -  Total Bytes Received By Job
	Partitionable Resources :    Usage  Request Allocated
	   Cpus                 :                 1         1
	   Disk (KB)            :  6642292 10000000  17174545
	   Memory (MB)          :      253     2100      2100
...
000 (223084.000.000) 07/31 08:49:57 Job submitted from host: <131.225.189.232:9618?addrs=131.225.189.232-9618&noUDP&sock=8982_aaf4_3>
...
001 (223084.000.000) 07/31 08:51:02 Job executing on host: <131.225.205.179:41504?addrs=131.225.205.179-41504>
...
006 (223084.000.000) 07/31 08:51:11 Image size of job updated: 447524
	70  -  MemoryUsage of job (MB)
	71264  -  ResidentSetSize of job (KB)
...
006 (223084.000.000) 07/31 08:54:13 Image size of job updated: 672428
	347  -  MemoryUsage of job (MB)
	355144  -  ResidentSetSize of job (KB)
...
006 (223084.000.000) 07/31 08:54:25 Image size of job updated: 773812
	347  -  MemoryUsage of job (MB)
	355144  -  ResidentSetSize of job (KB)
...
005 (223084.000.000) 07/31 08:54:26 Job terminated.
	(1) Normal termination (return value 65)
		Usr 0 00:00:20, Sys 0 00:00:20  -  Run Remote Usage
		Usr 0 00:00:00, Sys 0 00:00:00  -  Run Local Usage
		Usr 0 00:00:20, Sys 0 00:00:20  -  Total Remote Usage
		Usr 0 00:00:00, Sys 0 00:00:00  -  Total Local Usage
	17324  -  Run Bytes Sent By Job
	44439  -  Run Bytes Received By Job
	17324  -  Total Bytes Sent By Job
	44439  -  Total Bytes Received By Job
	Partitionable Resources :    Usage  Request Allocated
	   Cpus                 :                 1         1
	   Disk (KB)            :  6642136 10000000  17156535
	   Memory (MB)          :      347     2100      2100
...
000 (223639.000.000) 07/31 09:06:26 Job submitted from host: <131.225.189.232:9618?addrs=131.225.189.232-9618&noUDP&sock=8982_aaf4_3>
...
