000 (220956.000.000) 07/31 06:49:45 Job submitted from host: <131.225.189.232:9618?addrs=131.225.189.232-9618&noUDP&sock=8982_aaf4_3>
...
001 (220956.000.000) 07/31 06:50:43 Job executing on host: <131.225.204.59:17004?addrs=131.225.204.59-17004>
...
006 (220956.000.000) 07/31 06:50:51 Image size of job updated: 447524
	71  -  MemoryUsage of job (MB)
	72348  -  ResidentSetSize of job (KB)
...
005 (220956.000.000) 07/31 06:52:41 Job terminated.
	(1) Normal termination (return value 90)
		Usr 0 00:00:00, Sys 0 00:00:20  -  Run Remote Usage
		Usr 0 00:00:00, Sys 0 00:00:00  -  Run Local Usage
		Usr 0 00:00:00, Sys 0 00:00:20  -  Total Remote Usage
		Usr 0 00:00:00, Sys 0 00:00:00  -  Total Local Usage
	8414  -  Run Bytes Sent By Job
	8930  -  Run Bytes Received By Job
	8414  -  Total Bytes Sent By Job
	8930  -  Total Bytes Received By Job
	Partitionable Resources :    Usage  Request Allocated
	   Cpus                 :                 1         1
	   Disk (KB)            :  4312073 10000000  10156572
	   Memory (MB)          :       71     2100      2100
...
000 (221518.000.000) 07/31 07:08:08 Job submitted from host: <131.225.189.232:9618?addrs=131.225.189.232-9618&noUDP&sock=8982_aaf4_3>
...
001 (221518.000.000) 07/31 07:09:02 Job executing on host: <131.225.206.94:64699?addrs=131.225.206.94-64699>
...
006 (221518.000.000) 07/31 07:09:12 Image size of job updated: 349148
	9  -  MemoryUsage of job (MB)
	8788  -  ResidentSetSize of job (KB)
...
006 (221518.000.000) 07/31 07:10:12 Image size of job updated: 447524
	71  -  MemoryUsage of job (MB)
	72344  -  ResidentSetSize of job (KB)
...
005 (221518.000.000) 07/31 07:11:05 Job terminated.
	(1) Normal termination (return value 90)
		Usr 0 00:00:00, Sys 0 00:00:18  -  Run Remote Usage
		Usr 0 00:00:00, Sys 0 00:00:00  -  Run Local Usage
		Usr 0 00:00:00, Sys 0 00:00:18  -  Total Remote Usage
		Usr 0 00:00:00, Sys 0 00:00:00  -  Total Local Usage
	8924  -  Run Bytes Sent By Job
	8930  -  Run Bytes Received By Job
	8924  -  Total Bytes Sent By Job
	8930  -  Total Bytes Received By Job
	Partitionable Resources :    Usage  Request Allocated
	   Cpus                 :                 1         1
	   Disk (KB)            :  5927017 10000000  10344189
	   Memory (MB)          :       71     2100      2100
...
000 (222073.000.000) 07/31 07:12:48 Job submitted from host: <131.225.189.232:9618?addrs=131.225.189.232-9618&noUDP&sock=8982_aaf4_3>
...
001 (222073.000.000) 07/31 07:14:17 Job executing on host: <131.225.190.29:47208?addrs=131.225.190.29-47208>
...
006 (222073.000.000) 07/31 07:14:37 Image size of job updated: 110944
	23  -  MemoryUsage of job (MB)
	23544  -  ResidentSetSize of job (KB)
...
006 (222073.000.000) 07/31 07:16:17 Image size of job updated: 447524
	69  -  MemoryUsage of job (MB)
	70448  -  ResidentSetSize of job (KB)
...
006 (222073.000.000) 07/31 07:17:26 Image size of job updated: 772780
	479  -  MemoryUsage of job (MB)
	489720  -  ResidentSetSize of job (KB)
...
005 (222073.000.000) 07/31 07:17:30 Job terminated.
	(1) Normal termination (return value 65)
		Usr 0 00:00:15, Sys 0 00:00:23  -  Run Remote Usage
		Usr 0 00:00:00, Sys 0 00:00:00  -  Run Local Usage
		Usr 0 00:00:15, Sys 0 00:00:23  -  Total Remote Usage
		Usr 0 00:00:00, Sys 0 00:00:00  -  Total Local Usage
	13748  -  Run Bytes Sent By Job
	8930  -  Run Bytes Received By Job
	13748  -  Total Bytes Sent By Job
	8930  -  Total Bytes Received By Job
	Partitionable Resources :    Usage  Request Allocated
	   Cpus                 :                 1         1
	   Disk (KB)            :  6646253 10000000  15846654
	   Memory (MB)          :      479     2100      2100
...
000 (222635.000.000) 07/31 08:33:00 Job submitted from host: <131.225.189.232:9618?addrs=131.225.189.232-9618&noUDP&sock=8982_aaf4_3>
...
001 (222635.000.000) 07/31 08:34:14 Job executing on host: <131.225.205.196:48973?addrs=131.225.205.196-48973>
...
006 (222635.000.000) 07/31 08:34:23 Image size of job updated: 447524
	71  -  MemoryUsage of job (MB)
	72348  -  ResidentSetSize of job (KB)
...
006 (222635.000.000) 07/31 08:37:20 Image size of job updated: 615496
	71  -  MemoryUsage of job (MB)
	72348  -  ResidentSetSize of job (KB)
...
005 (222635.000.000) 07/31 08:37:21 Job terminated.
	(1) Normal termination (return value 65)
		Usr 0 00:00:10, Sys 0 00:00:23  -  Run Remote Usage
		Usr 0 00:00:00, Sys 0 00:00:00  -  Run Local Usage
		Usr 0 00:00:10, Sys 0 00:00:23  -  Total Remote Usage
		Usr 0 00:00:00, Sys 0 00:00:00  -  Total Local Usage
	16560  -  Run Bytes Sent By Job
	8930  -  Run Bytes Received By Job
	16560  -  Total Bytes Sent By Job
	8930  -  Total Bytes Received By Job
	Partitionable Resources :    Usage  Request Allocated
	   Cpus                 :                 1         1
	   Disk (KB)            :  5568849 10000000  17098769
	   Memory (MB)          :       71     2100      2100
...
000 (223190.000.000) 07/31 08:50:03 Job submitted from host: <131.225.189.232:9618?addrs=131.225.189.232-9618&noUDP&sock=8982_aaf4_3>
...
001 (223190.000.000) 07/31 08:51:24 Job executing on host: <131.225.205.183:11118?addrs=131.225.205.183-11118>
...
006 (223190.000.000) 07/31 08:51:33 Image size of job updated: 447524
	70  -  MemoryUsage of job (MB)
	71352  -  ResidentSetSize of job (KB)
...
006 (223190.000.000) 07/31 08:54:34 Image size of job updated: 772792
	440  -  MemoryUsage of job (MB)
	450204  -  ResidentSetSize of job (KB)
...
005 (223190.000.000) 07/31 08:54:37 Job terminated.
	(1) Normal termination (return value 65)
		Usr 0 00:00:18, Sys 0 00:00:22  -  Run Remote Usage
		Usr 0 00:00:00, Sys 0 00:00:00  -  Run Local Usage
		Usr 0 00:00:18, Sys 0 00:00:22  -  Total Remote Usage
		Usr 0 00:00:00, Sys 0 00:00:00  -  Total Local Usage
	17172  -  Run Bytes Sent By Job
	44439  -  Run Bytes Received By Job
	17172  -  Total Bytes Sent By Job
	44439  -  Total Bytes Received By Job
	Partitionable Resources :    Usage  Request Allocated
	   Cpus                 :                 1         1
	   Disk (KB)            :  6648962 10000000  17097024
	   Memory (MB)          :      440     2100      2100
...
000 (223745.000.000) 07/31 09:06:31 Job submitted from host: <131.225.189.232:9618?addrs=131.225.189.232-9618&noUDP&sock=8982_aaf4_3>
...
