000 (220751.000.000) 07/31 06:49:02 Job submitted from host: <131.225.189.232:9618?addrs=131.225.189.232-9618&noUDP&sock=8982_aaf4_3>
...
001 (220751.000.000) 07/31 06:49:23 Job executing on host: <131.225.206.155:62837?addrs=131.225.206.155-62837>
...
006 (220751.000.000) 07/31 06:49:32 Image size of job updated: 381924
	15  -  MemoryUsage of job (MB)
	14940  -  ResidentSetSize of job (KB)
...
006 (220751.000.000) 07/31 06:50:33 Image size of job updated: 447524
	71  -  MemoryUsage of job (MB)
	72348  -  ResidentSetSize of job (KB)
...
005 (220751.000.000) 07/31 06:52:27 Job terminated.
	(1) Normal termination (return value 90)
		Usr 0 00:00:01, Sys 0 00:00:11  -  Run Remote Usage
		Usr 0 00:00:00, Sys 0 00:00:00  -  Run Local Usage
		Usr 0 00:00:01, Sys 0 00:00:11  -  Total Remote Usage
		Usr 0 00:00:00, Sys 0 00:00:00  -  Total Local Usage
	18012  -  Run Bytes Sent By Job
	8930  -  Run Bytes Received By Job
	18012  -  Total Bytes Sent By Job
	8930  -  Total Bytes Received By Job
	Partitionable Resources :    Usage  Request Allocated
	   Cpus                 :                 1         1
	   Disk (KB)            :  2968591 10000000  10688589
	   Memory (MB)          :       71     2100      2100
...
000 (221313.000.000) 07/31 07:07:32 Job submitted from host: <131.225.189.232:9618?addrs=131.225.189.232-9618&noUDP&sock=8982_aaf4_3>
...
001 (221313.000.000) 07/31 07:08:06 Job executing on host: <131.225.206.160:29187?addrs=131.225.206.160-29187>
...
006 (221313.000.000) 07/31 07:08:15 Image size of job updated: 447532
	11  -  MemoryUsage of job (MB)
	10904  -  ResidentSetSize of job (KB)
...
006 (221313.000.000) 07/31 07:09:16 Image size of job updated: 447532
	69  -  MemoryUsage of job (MB)
	70400  -  ResidentSetSize of job (KB)
...
006 (221313.000.000) 07/31 07:10:17 Image size of job updated: 447532
	69  -  MemoryUsage of job (MB)
	70408  -  ResidentSetSize of job (KB)
...
005 (221313.000.000) 07/31 07:12:03 Job terminated.
	(1) Normal termination (return value 90)
		Usr 0 00:00:01, Sys 0 00:00:12  -  Run Remote Usage
		Usr 0 00:00:00, Sys 0 00:00:00  -  Run Local Usage
		Usr 0 00:00:01, Sys 0 00:00:12  -  Total Remote Usage
		Usr 0 00:00:00, Sys 0 00:00:00  -  Total Local Usage
	20671  -  Run Bytes Sent By Job
	8930  -  Run Bytes Received By Job
	20671  -  Total Bytes Sent By Job
	8930  -  Total Bytes Received By Job
	Partitionable Resources :    Usage  Request Allocated
	   Cpus                 :                 1         1
	   Disk (KB)            :  3207282 10000000  12105108
	   Memory (MB)          :       69     2100      2100
...
000 (221868.000.000) 07/31 07:12:14 Job submitted from host: <131.225.189.232:9618?addrs=131.225.189.232-9618&noUDP&sock=8982_aaf4_3>
...
001 (221868.000.000) 07/31 07:12:32 Job executing on host: <131.225.205.163:4274?addrs=131.225.205.163-4274>
...
006 (221868.000.000) 07/31 07:12:41 Image size of job updated: 2
	3  -  MemoryUsage of job (MB)
	2420  -  ResidentSetSize of job (KB)
...
006 (221868.000.000) 07/31 07:13:42 Image size of job updated: 447524
	28  -  MemoryUsage of job (MB)
	28536  -  ResidentSetSize of job (KB)
...
006 (221868.000.000) 07/31 07:14:10 Image size of job updated: 620964
	28  -  MemoryUsage of job (MB)
	28536  -  ResidentSetSize of job (KB)
...
005 (221868.000.000) 07/31 07:14:11 Job terminated.
	(1) Normal termination (return value 65)
		Usr 0 00:00:09, Sys 0 00:00:09  -  Run Remote Usage
		Usr 0 00:00:00, Sys 0 00:00:00  -  Run Local Usage
		Usr 0 00:00:09, Sys 0 00:00:09  -  Total Remote Usage
		Usr 0 00:00:00, Sys 0 00:00:00  -  Total Local Usage
	7291  -  Run Bytes Sent By Job
	8930  -  Run Bytes Received By Job
	7291  -  Total Bytes Sent By Job
	8930  -  Total Bytes Received By Job
	Partitionable Resources :    Usage  Request Allocated
	   Cpus                 :                 1         1
	   Disk (KB)            :  3897081 10000000  17170129
	   Memory (MB)          :       28     2100      2100
...
000 (222430.000.000) 07/31 08:32:46 Job submitted from host: <131.225.189.232:9618?addrs=131.225.189.232-9618&noUDP&sock=8982_aaf4_3>
...
001 (222430.000.000) 07/31 08:33:31 Job executing on host: <131.225.204.54:51967?addrs=131.225.204.54-51967>
...
006 (222430.000.000) 07/31 08:33:39 Image size of job updated: 447524
	71  -  MemoryUsage of job (MB)
	72348  -  ResidentSetSize of job (KB)
...
006 (222430.000.000) 07/31 08:36:18 Image size of job updated: 640684
	71  -  MemoryUsage of job (MB)
	72348  -  ResidentSetSize of job (KB)
...
005 (222430.000.000) 07/31 08:36:18 Job terminated.
	(1) Normal termination (return value 65)
		Usr 0 00:00:08, Sys 0 00:00:07  -  Run Remote Usage
		Usr 0 00:00:00, Sys 0 00:00:00  -  Run Local Usage
		Usr 0 00:00:08, Sys 0 00:00:07  -  Total Remote Usage
		Usr 0 00:00:00, Sys 0 00:00:00  -  Total Local Usage
	15745  -  Run Bytes Sent By Job
	8930  -  Run Bytes Received By Job
	15745  -  Total Bytes Sent By Job
	8930  -  Total Bytes Received By Job
	Partitionable Resources :    Usage  Request Allocated
	   Cpus                 :                 1         1
	   Disk (KB)            :  3389776 10000000  10673025
	   Memory (MB)          :       71     2100      2100
...
