000 (220644.000.000) 07/31 06:48:40 Job submitted from host: <131.225.189.232:9618?addrs=131.225.189.232-9618&noUDP&sock=8982_aaf4_3>
...
001 (220644.000.000) 07/31 06:49:22 Job executing on host: <131.225.191.148:28057?addrs=131.225.191.148-28057>
...
006 (220644.000.000) 07/31 06:49:31 Image size of job updated: 111052
	2  -  MemoryUsage of job (MB)
	1768  -  ResidentSetSize of job (KB)
...
006 (220644.000.000) 07/31 06:50:32 Image size of job updated: 447524
	71  -  MemoryUsage of job (MB)
	72344  -  ResidentSetSize of job (KB)
...
005 (220644.000.000) 07/31 06:54:51 Job terminated.
	(1) Normal termination (return value 90)
		Usr 0 00:00:00, Sys 0 00:00:19  -  Run Remote Usage
		Usr 0 00:00:00, Sys 0 00:00:00  -  Run Local Usage
		Usr 0 00:00:00, Sys 0 00:00:19  -  Total Remote Usage
		Usr 0 00:00:00, Sys 0 00:00:00  -  Total Local Usage
	16993  -  Run Bytes Sent By Job
	8930  -  Run Bytes Received By Job
	16993  -  Total Bytes Sent By Job
	8930  -  Total Bytes Received By Job
	Partitionable Resources :    Usage  Request Allocated
	   Cpus                 :                 1         1
	   Disk (KB)            :  5002924 10000000  11260828
	   Memory (MB)          :       71     2100      2100
...
000 (221206.000.000) 07/31 07:07:14 Job submitted from host: <131.225.189.232:9618?addrs=131.225.189.232-9618&noUDP&sock=8982_aaf4_3>
...
001 (221206.000.000) 07/31 07:07:44 Job executing on host: <131.225.204.104:14817?addrs=131.225.204.104-14817>
...
006 (221206.000.000) 07/31 07:07:53 Image size of job updated: 2
	3  -  MemoryUsage of job (MB)
	2420  -  ResidentSetSize of job (KB)
...
006 (221206.000.000) 07/31 07:08:54 Image size of job updated: 447524
	70  -  MemoryUsage of job (MB)
	71348  -  ResidentSetSize of job (KB)
...
005 (221206.000.000) 07/31 07:09:37 Job terminated.
	(1) Normal termination (return value 90)
		Usr 0 00:00:00, Sys 0 00:00:14  -  Run Remote Usage
		Usr 0 00:00:00, Sys 0 00:00:00  -  Run Local Usage
		Usr 0 00:00:00, Sys 0 00:00:14  -  Total Remote Usage
		Usr 0 00:00:00, Sys 0 00:00:00  -  Total Local Usage
	11506  -  Run Bytes Sent By Job
	8930  -  Run Bytes Received By Job
	11506  -  Total Bytes Sent By Job
	8930  -  Total Bytes Received By Job
	Partitionable Resources :    Usage  Request Allocated
	   Cpus                 :                 1         1
	   Disk (KB)            :  4288617 10000000  10374408
	   Memory (MB)          :       70     2100      2100
...
000 (221761.000.000) 07/31 07:11:55 Job submitted from host: <131.225.189.232:9618?addrs=131.225.189.232-9618&noUDP&sock=8982_aaf4_3>
...
001 (221761.000.000) 07/31 07:12:22 Job executing on host: <131.225.206.51:32535?addrs=131.225.206.51-32535>
...
006 (221761.000.000) 07/31 07:12:31 Image size of job updated: 447524
	35  -  MemoryUsage of job (MB)
	35380  -  ResidentSetSize of job (KB)
...
006 (221761.000.000) 07/31 07:13:32 Image size of job updated: 447524
	71  -  MemoryUsage of job (MB)
	72348  -  ResidentSetSize of job (KB)
...
006 (221761.000.000) 07/31 07:14:33 Image size of job updated: 714160
	430  -  MemoryUsage of job (MB)
	439556  -  ResidentSetSize of job (KB)
...
005 (221761.000.000) 07/31 07:14:43 Job terminated.
	(1) Normal termination (return value 65)
		Usr 0 00:00:09, Sys 0 00:00:17  -  Run Remote Usage
		Usr 0 00:00:00, Sys 0 00:00:00  -  Run Local Usage
		Usr 0 00:00:09, Sys 0 00:00:17  -  Total Remote Usage
		Usr 0 00:00:00, Sys 0 00:00:00  -  Total Local Usage
	9247  -  Run Bytes Sent By Job
	8930  -  Run Bytes Received By Job
	9247  -  Total Bytes Sent By Job
	8930  -  Total Bytes Received By Job
	Partitionable Resources :    Usage  Request Allocated
	   Cpus                 :                 1         1
	   Disk (KB)            :  6143386 10000000  10484400
	   Memory (MB)          :      430     2100      2100
...
