000 (220827.000.000) 07/31 06:49:18 Job submitted from host: <131.225.189.232:9618?addrs=131.225.189.232-9618&noUDP&sock=8982_aaf4_3>
...
001 (220827.000.000) 07/31 06:49:40 Job executing on host: <131.225.191.253:34683?addrs=131.225.191.253-34683>
...
006 (220827.000.000) 07/31 06:49:49 Image size of job updated: 447524
	71  -  MemoryUsage of job (MB)
	72348  -  ResidentSetSize of job (KB)
...
005 (220827.000.000) 07/31 06:52:52 Job terminated.
	(1) Normal termination (return value 90)
		Usr 0 00:00:03, Sys 0 00:00:32  -  Run Remote Usage
		Usr 0 00:00:00, Sys 0 00:00:00  -  Run Local Usage
		Usr 0 00:00:03, Sys 0 00:00:32  -  Total Remote Usage
		Usr 0 00:00:00, Sys 0 00:00:00  -  Total Local Usage
	19036  -  Run Bytes Sent By Job
	8930  -  Run Bytes Received By Job
	19036  -  Total Bytes Sent By Job
	8930  -  Total Bytes Received By Job
	Partitionable Resources :    Usage  Request Allocated
	   Cpus                 :                 1         1
	   Disk (KB)            :  6620731 10000000  15885780
	   Memory (MB)          :       71     2100      2100
...
000 (221389.000.000) 07/31 07:07:46 Job submitted from host: <131.225.189.232:9618?addrs=131.225.189.232-9618&noUDP&sock=8982_aaf4_3>
...
001 (221389.000.000) 07/31 07:08:28 Job executing on host: <131.225.189.73:27200?addrs=131.225.189.73-27200>
...
006 (221389.000.000) 07/31 07:08:37 Image size of job updated: 447524
	71  -  MemoryUsage of job (MB)
	72352  -  ResidentSetSize of job (KB)
...
005 (221389.000.000) 07/31 07:10:27 Job terminated.
	(1) Normal termination (return value 90)
		Usr 0 00:00:02, Sys 0 00:00:26  -  Run Remote Usage
		Usr 0 00:00:00, Sys 0 00:00:00  -  Run Local Usage
		Usr 0 00:00:02, Sys 0 00:00:26  -  Total Remote Usage
		Usr 0 00:00:00, Sys 0 00:00:00  -  Total Local Usage
	12377  -  Run Bytes Sent By Job
	8930  -  Run Bytes Received By Job
	12377  -  Total Bytes Sent By Job
	8930  -  Total Bytes Received By Job
	Partitionable Resources :    Usage  Request Allocated
	   Cpus                 :                 1         1
	   Disk (KB)            :  4124778 10000000  15560628
	   Memory (MB)          :       71     2100      2100
...
000 (221944.000.000) 07/31 07:12:27 Job submitted from host: <131.225.189.232:9618?addrs=131.225.189.232-9618&noUDP&sock=8982_aaf4_3>
...
001 (221944.000.000) 07/31 07:13:17 Job executing on host: <131.225.204.66:53648?addrs=131.225.204.66-53648>
...
006 (221944.000.000) 07/31 07:13:26 Image size of job updated: 2
	3  -  MemoryUsage of job (MB)
	2420  -  ResidentSetSize of job (KB)
...
006 (221944.000.000) 07/31 07:14:27 Image size of job updated: 447524
	71  -  MemoryUsage of job (MB)
	72352  -  ResidentSetSize of job (KB)
...
006 (221944.000.000) 07/31 07:18:21 Image size of job updated: 769968
	71  -  MemoryUsage of job (MB)
	72352  -  ResidentSetSize of job (KB)
...
005 (221944.000.000) 07/31 07:18:22 Job terminated.
	(1) Normal termination (return value 65)
		Usr 0 00:00:12, Sys 0 00:00:16  -  Run Remote Usage
		Usr 0 00:00:00, Sys 0 00:00:00  -  Run Local Usage
		Usr 0 00:00:12, Sys 0 00:00:16  -  Total Remote Usage
		Usr 0 00:00:00, Sys 0 00:00:00  -  Total Local Usage
	22297  -  Run Bytes Sent By Job
	8930  -  Run Bytes Received By Job
	22297  -  Total Bytes Sent By Job
	8930  -  Total Bytes Received By Job
	Partitionable Resources :    Usage  Request Allocated
	   Cpus                 :                 1         1
	   Disk (KB)            :  4763171 10000000  10270839
	   Memory (MB)          :       71     2100      2100
...
000 (222506.000.000) 07/31 08:32:51 Job submitted from host: <131.225.189.232:9618?addrs=131.225.189.232-9618&noUDP&sock=8982_aaf4_3>
...
001 (222506.000.000) 07/31 08:33:50 Job executing on host: <131.225.205.153:56309?addrs=131.225.205.153-56309>
...
006 (222506.000.000) 07/31 08:34:00 Image size of job updated: 447524
	71  -  MemoryUsage of job (MB)
	72352  -  ResidentSetSize of job (KB)
...
006 (222506.000.000) 07/31 08:36:00 Image size of job updated: 447524
	206  -  MemoryUsage of job (MB)
	210872  -  ResidentSetSize of job (KB)
...
006 (222506.000.000) 07/31 08:36:32 Image size of job updated: 686004
	206  -  MemoryUsage of job (MB)
	210872  -  ResidentSetSize of job (KB)
...
005 (222506.000.000) 07/31 08:36:33 Job terminated.
	(1) Normal termination (return value 65)
		Usr 0 00:00:12, Sys 0 00:00:21  -  Run Remote Usage
		Usr 0 00:00:00, Sys 0 00:00:00  -  Run Local Usage
		Usr 0 00:00:12, Sys 0 00:00:21  -  Total Remote Usage
		Usr 0 00:00:00, Sys 0 00:00:00  -  Total Local Usage
	12949  -  Run Bytes Sent By Job
	8930  -  Run Bytes Received By Job
	12949  -  Total Bytes Sent By Job
	8930  -  Total Bytes Received By Job
	Partitionable Resources :    Usage  Request Allocated
	   Cpus                 :                 1         1
	   Disk (KB)            :  6634786 10000000  17186472
	   Memory (MB)          :      206     2100      2100
...
