000 (220761.000.000) 07/31 06:49:04 Job submitted from host: <131.225.189.232:9618?addrs=131.225.189.232-9618&noUDP&sock=8982_aaf4_3>
...
001 (220761.000.000) 07/31 06:49:25 Job executing on host: <131.225.204.110:49889?addrs=131.225.204.110-49889>
...
006 (220761.000.000) 07/31 06:49:34 Image size of job updated: 447524
	71  -  MemoryUsage of job (MB)
	72348  -  ResidentSetSize of job (KB)
...
005 (220761.000.000) 07/31 06:53:49 Job terminated.
	(1) Normal termination (return value 90)
		Usr 0 00:00:01, Sys 0 00:00:18  -  Run Remote Usage
		Usr 0 00:00:00, Sys 0 00:00:00  -  Run Local Usage
		Usr 0 00:00:01, Sys 0 00:00:18  -  Total Remote Usage
		Usr 0 00:00:00, Sys 0 00:00:00  -  Total Local Usage
	22289  -  Run Bytes Sent By Job
	8930  -  Run Bytes Received By Job
	22289  -  Total Bytes Sent By Job
	8930  -  Total Bytes Received By Job
	Partitionable Resources :    Usage  Request Allocated
	   Cpus                 :                 1         1
	   Disk (KB)            :  6088439 10000000  10455078
	   Memory (MB)          :       71     2100      2100
...
000 (221323.000.000) 07/31 07:07:35 Job submitted from host: <131.225.189.232:9618?addrs=131.225.189.232-9618&noUDP&sock=8982_aaf4_3>
...
001 (221323.000.000) 07/31 07:08:08 Job executing on host: <131.225.207.90:23606?addrs=131.225.207.90-23606>
...
006 (221323.000.000) 07/31 07:08:17 Image size of job updated: 2
	3  -  MemoryUsage of job (MB)
	2428  -  ResidentSetSize of job (KB)
...
006 (221323.000.000) 07/31 07:09:18 Image size of job updated: 447524
	71  -  MemoryUsage of job (MB)
	72344  -  ResidentSetSize of job (KB)
...
000 (221878.000.000) 07/31 07:12:16 Job submitted from host: <131.225.189.232:9618?addrs=131.225.189.232-9618&noUDP&sock=8982_aaf4_3>
...
001 (221878.000.000) 07/31 07:12:34 Job executing on host: <131.225.205.170:50631?addrs=131.225.205.170-50631>
...
006 (221878.000.000) 07/31 07:12:43 Image size of job updated: 447524
	71  -  MemoryUsage of job (MB)
	72344  -  ResidentSetSize of job (KB)
...
005 (221323.000.000) 07/31 07:13:14 Job terminated.
	(1) Normal termination (return value 90)
		Usr 0 00:00:01, Sys 0 00:00:23  -  Run Remote Usage
		Usr 0 00:00:00, Sys 0 00:00:00  -  Run Local Usage
		Usr 0 00:00:01, Sys 0 00:00:23  -  Total Remote Usage
		Usr 0 00:00:00, Sys 0 00:00:00  -  Total Local Usage
	27565  -  Run Bytes Sent By Job
	8930  -  Run Bytes Received By Job
	27565  -  Total Bytes Sent By Job
	8930  -  Total Bytes Received By Job
	Partitionable Resources :    Usage  Request Allocated
	   Cpus                 :                 1         1
	   Disk (KB)            :  5566584 10000000  10255134
	   Memory (MB)          :       71     2100      2100
...
006 (221878.000.000) 07/31 07:14:45 Image size of job updated: 675248
	390  -  MemoryUsage of job (MB)
	399100  -  ResidentSetSize of job (KB)
...
005 (221878.000.000) 07/31 07:14:52 Job terminated.
	(1) Normal termination (return value 65)
		Usr 0 00:00:11, Sys 0 00:00:15  -  Run Remote Usage
		Usr 0 00:00:00, Sys 0 00:00:00  -  Run Local Usage
		Usr 0 00:00:11, Sys 0 00:00:15  -  Total Remote Usage
		Usr 0 00:00:00, Sys 0 00:00:00  -  Total Local Usage
	8800  -  Run Bytes Sent By Job
	8930  -  Run Bytes Received By Job
	8800  -  Total Bytes Sent By Job
	8930  -  Total Bytes Received By Job
	Partitionable Resources :    Usage  Request Allocated
	   Cpus                 :                 1         1
	   Disk (KB)            :  6476295 10000000  17136162
	   Memory (MB)          :      390     2100      2100
...
