000 (221008.000.000) 07/31 06:49:58 Job submitted from host: <131.225.189.232:9618?addrs=131.225.189.232-9618&noUDP&sock=8982_aaf4_3>
...
001 (221008.000.000) 07/31 06:51:06 Job executing on host: <131.225.206.238:55117?addrs=131.225.206.238-55117>
...
006 (221008.000.000) 07/31 06:51:16 Image size of job updated: 2
	3  -  MemoryUsage of job (MB)
	2428  -  ResidentSetSize of job (KB)
...
006 (221008.000.000) 07/31 06:52:16 Image size of job updated: 447524
	70  -  MemoryUsage of job (MB)
	71356  -  ResidentSetSize of job (KB)
...
005 (221008.000.000) 07/31 06:52:23 Job terminated.
	(1) Normal termination (return value 90)
		Usr 0 00:00:00, Sys 0 00:00:17  -  Run Remote Usage
		Usr 0 00:00:00, Sys 0 00:00:00  -  Run Local Usage
		Usr 0 00:00:00, Sys 0 00:00:17  -  Total Remote Usage
		Usr 0 00:00:00, Sys 0 00:00:00  -  Total Local Usage
	8924  -  Run Bytes Sent By Job
	8930  -  Run Bytes Received By Job
	8924  -  Total Bytes Sent By Job
	8930  -  Total Bytes Received By Job
	Partitionable Resources :    Usage  Request Allocated
	   Cpus                 :                 1         1
	   Disk (KB)            :  6081547 10000000  11861500
	   Memory (MB)          :       70     2100      2100
...
000 (221570.000.000) 07/31 07:08:17 Job submitted from host: <131.225.189.232:9618?addrs=131.225.189.232-9618&noUDP&sock=8982_aaf4_3>
...
001 (221570.000.000) 07/31 07:09:26 Job executing on host: <131.225.205.153:56309?addrs=131.225.205.153-56309>
...
006 (221570.000.000) 07/31 07:09:35 Image size of job updated: 40612
	2  -  MemoryUsage of job (MB)
	1612  -  ResidentSetSize of job (KB)
...
006 (221570.000.000) 07/31 07:10:36 Image size of job updated: 447524
	69  -  MemoryUsage of job (MB)
	70356  -  ResidentSetSize of job (KB)
...
006 (221570.000.000) 07/31 07:11:36 Image size of job updated: 447524
	69  -  MemoryUsage of job (MB)
	70364  -  ResidentSetSize of job (KB)
...
000 (222125.000.000) 07/31 07:12:57 Job submitted from host: <131.225.189.232:9618?addrs=131.225.189.232-9618&noUDP&sock=8982_aaf4_3>
...
005 (221570.000.000) 07/31 07:13:45 Job terminated.
	(1) Normal termination (return value 90)
		Usr 0 00:00:01, Sys 0 00:00:26  -  Run Remote Usage
		Usr 0 00:00:00, Sys 0 00:00:00  -  Run Local Usage
		Usr 0 00:00:01, Sys 0 00:00:26  -  Total Remote Usage
		Usr 0 00:00:00, Sys 0 00:00:00  -  Total Local Usage
	24497  -  Run Bytes Sent By Job
	8930  -  Run Bytes Received By Job
	24497  -  Total Bytes Sent By Job
	8930  -  Total Bytes Received By Job
	Partitionable Resources :    Usage  Request Allocated
	   Cpus                 :                 1         1
	   Disk (KB)            :  6434937 10000000  17133562
	   Memory (MB)          :       69     2100      2100
...
001 (222125.000.000) 07/31 07:14:45 Job executing on host: <131.225.205.158:33719?addrs=131.225.205.158-33719>
...
006 (222125.000.000) 07/31 07:14:54 Image size of job updated: 14176
	2  -  MemoryUsage of job (MB)
	1604  -  ResidentSetSize of job (KB)
...
006 (222125.000.000) 07/31 07:15:55 Image size of job updated: 447524
	69  -  MemoryUsage of job (MB)
	70436  -  ResidentSetSize of job (KB)
...
006 (222125.000.000) 07/31 07:18:56 Image size of job updated: 493964
	206  -  MemoryUsage of job (MB)
	210148  -  ResidentSetSize of job (KB)
...
006 (222125.000.000) 07/31 07:19:13 Image size of job updated: 702896
	206  -  MemoryUsage of job (MB)
	210148  -  ResidentSetSize of job (KB)
...
005 (222125.000.000) 07/31 07:19:15 Job terminated.
	(1) Normal termination (return value 65)
		Usr 0 00:00:13, Sys 0 00:00:28  -  Run Remote Usage
		Usr 0 00:00:00, Sys 0 00:00:00  -  Run Local Usage
		Usr 0 00:00:13, Sys 0 00:00:28  -  Total Remote Usage
		Usr 0 00:00:00, Sys 0 00:00:00  -  Total Local Usage
	22965  -  Run Bytes Sent By Job
	8930  -  Run Bytes Received By Job
	22965  -  Total Bytes Sent By Job
	8930  -  Total Bytes Received By Job
	Partitionable Resources :    Usage  Request Allocated
	   Cpus                 :                 1         1
	   Disk (KB)            :  6673969 10000000  17100843
	   Memory (MB)          :      206     2100      2100
...
000 (222687.000.000) 07/31 08:33:04 Job submitted from host: <131.225.189.232:9618?addrs=131.225.189.232-9618&noUDP&sock=8982_aaf4_3>
...
001 (222687.000.000) 07/31 08:35:15 Job executing on host: <131.225.204.108:37618?addrs=131.225.204.108-37618>
...
006 (222687.000.000) 07/31 08:35:24 Image size of job updated: 102480
	3  -  MemoryUsage of job (MB)
	2468  -  ResidentSetSize of job (KB)
...
006 (222687.000.000) 07/31 08:36:25 Image size of job updated: 447524
	71  -  MemoryUsage of job (MB)
	72344  -  ResidentSetSize of job (KB)
...
006 (222687.000.000) 07/31 08:37:12 Image size of job updated: 672428
	71  -  MemoryUsage of job (MB)
	72344  -  ResidentSetSize of job (KB)
...
005 (222687.000.000) 07/31 08:37:14 Job terminated.
	(1) Normal termination (return value 65)
		Usr 0 00:00:07, Sys 0 00:00:17  -  Run Remote Usage
		Usr 0 00:00:00, Sys 0 00:00:00  -  Run Local Usage
		Usr 0 00:00:07, Sys 0 00:00:17  -  Total Remote Usage
		Usr 0 00:00:00, Sys 0 00:00:00  -  Total Local Usage
	10458  -  Run Bytes Sent By Job
	8930  -  Run Bytes Received By Job
	10458  -  Total Bytes Sent By Job
	8930  -  Total Bytes Received By Job
	Partitionable Resources :    Usage  Request Allocated
	   Cpus                 :                 1         1
	   Disk (KB)            :  5601612 10000000  10176558
	   Memory (MB)          :       71     2100      2100
...
000 (223242.000.000) 07/31 08:50:06 Job submitted from host: <131.225.189.232:9618?addrs=131.225.189.232-9618&noUDP&sock=8982_aaf4_3>
...
001 (223242.000.000) 07/31 08:51:33 Job executing on host: <131.225.205.187:52979?addrs=131.225.205.187-52979>
...
006 (223242.000.000) 07/31 08:51:42 Image size of job updated: 2
	3  -  MemoryUsage of job (MB)
	2424  -  ResidentSetSize of job (KB)
...
006 (223242.000.000) 07/31 08:52:43 Image size of job updated: 447524
	70  -  MemoryUsage of job (MB)
	71356  -  ResidentSetSize of job (KB)
...
006 (223242.000.000) 07/31 08:55:45 Image size of job updated: 743604
	417  -  MemoryUsage of job (MB)
	426440  -  ResidentSetSize of job (KB)
...
006 (223242.000.000) 07/31 08:55:56 Image size of job updated: 772788
	417  -  MemoryUsage of job (MB)
	426440  -  ResidentSetSize of job (KB)
...
005 (223242.000.000) 07/31 08:55:57 Job terminated.
	(1) Normal termination (return value 65)
		Usr 0 00:00:17, Sys 0 00:00:29  -  Run Remote Usage
		Usr 0 00:00:00, Sys 0 00:00:00  -  Run Local Usage
		Usr 0 00:00:17, Sys 0 00:00:29  -  Total Remote Usage
		Usr 0 00:00:00, Sys 0 00:00:00  -  Total Local Usage
	21964  -  Run Bytes Sent By Job
	44439  -  Run Bytes Received By Job
	21964  -  Total Bytes Sent By Job
	44439  -  Total Bytes Received By Job
	Partitionable Resources :    Usage  Request Allocated
	   Cpus                 :                 1         1
	   Disk (KB)            :  6676674 10000000  17167859
	   Memory (MB)          :      417     2100      2100
...
000 (223797.000.000) 07/31 09:06:33 Job submitted from host: <131.225.189.232:9618?addrs=131.225.189.232-9618&noUDP&sock=8982_aaf4_3>
...
