000 (220601.000.000) 07/31 06:48:31 Job submitted from host: <131.225.189.232:9618?addrs=131.225.189.232-9618&noUDP&sock=8982_aaf4_3>
...
001 (220601.000.000) 07/31 06:48:53 Job executing on host: <131.225.206.222:59732?addrs=131.225.206.222-59732>
...
006 (220601.000.000) 07/31 06:49:02 Image size of job updated: 447532
	17  -  MemoryUsage of job (MB)
	17048  -  ResidentSetSize of job (KB)
...
006 (220601.000.000) 07/31 06:50:03 Image size of job updated: 447532
	71  -  MemoryUsage of job (MB)
	72344  -  ResidentSetSize of job (KB)
...
005 (220601.000.000) 07/31 06:54:36 Job terminated.
	(1) Normal termination (return value 90)
		Usr 0 00:00:02, Sys 0 00:00:23  -  Run Remote Usage
		Usr 0 00:00:00, Sys 0 00:00:00  -  Run Local Usage
		Usr 0 00:00:02, Sys 0 00:00:23  -  Total Remote Usage
		Usr 0 00:00:00, Sys 0 00:00:00  -  Total Local Usage
	28343  -  Run Bytes Sent By Job
	8930  -  Run Bytes Received By Job
	28343  -  Total Bytes Sent By Job
	8930  -  Total Bytes Received By Job
	Partitionable Resources :    Usage  Request Allocated
	   Cpus                 :                 1         1
	   Disk (KB)            :  5622812 10000000  11908684
	   Memory (MB)          :       71     2100      2100
...
000 (221163.000.000) 07/31 07:07:06 Job submitted from host: <131.225.189.232:9618?addrs=131.225.189.232-9618&noUDP&sock=8982_aaf4_3>
...
001 (221163.000.000) 07/31 07:07:36 Job executing on host: <131.225.207.66:14919?addrs=131.225.207.66-14919>
...
006 (221163.000.000) 07/31 07:07:45 Image size of job updated: 2
	3  -  MemoryUsage of job (MB)
	2424  -  ResidentSetSize of job (KB)
...
006 (221163.000.000) 07/31 07:08:46 Image size of job updated: 447524
	69  -  MemoryUsage of job (MB)
	70288  -  ResidentSetSize of job (KB)
...
005 (221163.000.000) 07/31 07:09:06 Job terminated.
	(1) Normal termination (return value 90)
		Usr 0 00:00:01, Sys 0 00:00:13  -  Run Remote Usage
		Usr 0 00:00:00, Sys 0 00:00:00  -  Run Local Usage
		Usr 0 00:00:01, Sys 0 00:00:13  -  Total Remote Usage
		Usr 0 00:00:00, Sys 0 00:00:00  -  Total Local Usage
	10264  -  Run Bytes Sent By Job
	8930  -  Run Bytes Received By Job
	10264  -  Total Bytes Sent By Job
	8930  -  Total Bytes Received By Job
	Partitionable Resources :    Usage  Request Allocated
	   Cpus                 :                 1         1
	   Disk (KB)            :  4845673 10000000  10223571
	   Memory (MB)          :       69     2100      2100
...
000 (221718.000.000) 07/31 07:11:48 Job submitted from host: <131.225.189.232:9618?addrs=131.225.189.232-9618&noUDP&sock=8982_aaf4_3>
...
001 (221718.000.000) 07/31 07:12:06 Job executing on host: <131.225.207.180:5355?addrs=131.225.207.180-5355>
...
006 (221718.000.000) 07/31 07:12:15 Image size of job updated: 447532
	71  -  MemoryUsage of job (MB)
	72352  -  ResidentSetSize of job (KB)
...
006 (221718.000.000) 07/31 07:14:17 Image size of job updated: 447620
	221  -  MemoryUsage of job (MB)
	225828  -  ResidentSetSize of job (KB)
...
006 (221718.000.000) 07/31 07:15:00 Image size of job updated: 760752
	221  -  MemoryUsage of job (MB)
	225828  -  ResidentSetSize of job (KB)
...
005 (221718.000.000) 07/31 07:15:00 Job terminated.
	(1) Normal termination (return value 65)
		Usr 0 00:00:11, Sys 0 00:00:15  -  Run Remote Usage
		Usr 0 00:00:00, Sys 0 00:00:00  -  Run Local Usage
		Usr 0 00:00:11, Sys 0 00:00:15  -  Total Remote Usage
		Usr 0 00:00:00, Sys 0 00:00:00  -  Total Local Usage
	10129  -  Run Bytes Sent By Job
	8930  -  Run Bytes Received By Job
	10129  -  Total Bytes Sent By Job
	8930  -  Total Bytes Received By Job
	Partitionable Resources :    Usage  Request Allocated
	   Cpus                 :                 1         1
	   Disk (KB)            :  6162267 10000000  13247696
	   Memory (MB)          :      221     2100      2100
...
000 (222280.000.000) 07/31 08:32:34 Job submitted from host: <131.225.189.232:9618?addrs=131.225.189.232-9618&noUDP&sock=8982_aaf4_3>
...
001 (222280.000.000) 07/31 08:32:59 Job executing on host: <131.225.204.111:64921?addrs=131.225.204.111-64921>
...
006 (222280.000.000) 07/31 08:33:08 Image size of job updated: 2
	3  -  MemoryUsage of job (MB)
	2424  -  ResidentSetSize of job (KB)
...
006 (222280.000.000) 07/31 08:34:09 Image size of job updated: 447524
	71  -  MemoryUsage of job (MB)
	72344  -  ResidentSetSize of job (KB)
...
006 (222280.000.000) 07/31 08:36:58 Image size of job updated: 493964
	71  -  MemoryUsage of job (MB)
	72344  -  ResidentSetSize of job (KB)
...
005 (222280.000.000) 07/31 08:36:59 Job terminated.
	(1) Normal termination (return value 65)
		Usr 0 00:00:04, Sys 0 00:00:17  -  Run Remote Usage
		Usr 0 00:00:00, Sys 0 00:00:00  -  Run Local Usage
		Usr 0 00:00:04, Sys 0 00:00:17  -  Total Remote Usage
		Usr 0 00:00:00, Sys 0 00:00:00  -  Total Local Usage
	20223  -  Run Bytes Sent By Job
	8930  -  Run Bytes Received By Job
	20223  -  Total Bytes Sent By Job
	8930  -  Total Bytes Received By Job
	Partitionable Resources :    Usage  Request Allocated
	   Cpus                 :                 1         1
	   Disk (KB)            :  5880149 10000000  10536732
	   Memory (MB)          :       71     2100      2100
...
