000 (220554.000.000) 07/31 06:48:20 Job submitted from host: <131.225.189.232:9618?addrs=131.225.189.232-9618&noUDP&sock=8982_aaf4_3>
...
001 (220554.000.000) 07/31 06:48:35 Job executing on host: <131.225.206.85:57633?addrs=131.225.206.85-57633>
...
006 (220554.000.000) 07/31 06:48:44 Image size of job updated: 447524
	71  -  MemoryUsage of job (MB)
	72348  -  ResidentSetSize of job (KB)
...
005 (220554.000.000) 07/31 06:51:32 Job terminated.
	(1) Normal termination (return value 90)
		Usr 0 00:00:01, Sys 0 00:00:21  -  Run Remote Usage
		Usr 0 00:00:00, Sys 0 00:00:00  -  Run Local Usage
		Usr 0 00:00:01, Sys 0 00:00:21  -  Total Remote Usage
		Usr 0 00:00:00, Sys 0 00:00:00  -  Total Local Usage
	17624  -  Run Bytes Sent By Job
	8930  -  Run Bytes Received By Job
	17624  -  Total Bytes Sent By Job
	8930  -  Total Bytes Received By Job
	Partitionable Resources :    Usage  Request Allocated
	   Cpus                 :                 1         1
	   Disk (KB)            :  5262351 10000000  13291484
	   Memory (MB)          :       71     2100      2100
...
000 (221116.000.000) 07/31 07:06:58 Job submitted from host: <131.225.189.232:9618?addrs=131.225.189.232-9618&noUDP&sock=8982_aaf4_3>
...
001 (221116.000.000) 07/31 07:07:17 Job executing on host: <131.225.206.177:16856?addrs=131.225.206.177-16856>
...
006 (221116.000.000) 07/31 07:07:26 Image size of job updated: 447524
	71  -  MemoryUsage of job (MB)
	72344  -  ResidentSetSize of job (KB)
...
005 (221116.000.000) 07/31 07:09:10 Job terminated.
	(1) Normal termination (return value 90)
		Usr 0 00:00:01, Sys 0 00:00:17  -  Run Remote Usage
		Usr 0 00:00:00, Sys 0 00:00:00  -  Run Local Usage
		Usr 0 00:00:01, Sys 0 00:00:17  -  Total Remote Usage
		Usr 0 00:00:00, Sys 0 00:00:00  -  Total Local Usage
	10968  -  Run Bytes Sent By Job
	8930  -  Run Bytes Received By Job
	10968  -  Total Bytes Sent By Job
	8930  -  Total Bytes Received By Job
	Partitionable Resources :    Usage  Request Allocated
	   Cpus                 :                 1         1
	   Disk (KB)            :  4436073 10000000  10095747
	   Memory (MB)          :       71     2100      2100
...
000 (221671.000.000) 07/31 07:11:40 Job submitted from host: <131.225.189.232:9618?addrs=131.225.189.232-9618&noUDP&sock=8982_aaf4_3>
...
001 (221671.000.000) 07/31 07:11:54 Job executing on host: <131.225.206.230:48074?addrs=131.225.206.230-48074>
...
006 (221671.000.000) 07/31 07:12:03 Image size of job updated: 381924
	27  -  MemoryUsage of job (MB)
	27228  -  ResidentSetSize of job (KB)
...
006 (221671.000.000) 07/31 07:13:04 Image size of job updated: 447524
	69  -  MemoryUsage of job (MB)
	70324  -  ResidentSetSize of job (KB)
...
006 (221671.000.000) 07/31 07:18:52 Image size of job updated: 769972
	69  -  MemoryUsage of job (MB)
	70324  -  ResidentSetSize of job (KB)
...
005 (221671.000.000) 07/31 07:18:52 Job terminated.
	(1) Normal termination (return value 65)
		Usr 0 00:00:13, Sys 0 00:00:22  -  Run Remote Usage
		Usr 0 00:00:00, Sys 0 00:00:00  -  Run Local Usage
		Usr 0 00:00:13, Sys 0 00:00:22  -  Total Remote Usage
		Usr 0 00:00:00, Sys 0 00:00:00  -  Total Local Usage
	30592  -  Run Bytes Sent By Job
	8930  -  Run Bytes Received By Job
	30592  -  Total Bytes Sent By Job
	8930  -  Total Bytes Received By Job
	Partitionable Resources :    Usage  Request Allocated
	   Cpus                 :                 1         1
	   Disk (KB)            :  5729835 10000000  11888520
	   Memory (MB)          :       69     2100      2100
...
